[2023-11-17 16:52:08] [info]  [38624] Commons Daemon procrun (1.0.15.0 64-bit) started
[2023-11-17 16:52:09] [info]  [38624] Running 'SEMS3_MOBILE' Service...
[2023-11-17 16:52:09] [info]  [29980] Starting service...
[2023-11-17 16:52:12] [info]  [29980] Service started in 2690 ms.
[2023-11-17 17:19:47] [info]  [50292] Stopping service...
[2023-11-17 17:19:49] [info]  [50292] Service stop thread completed.
[2023-11-17 17:19:49] [info]  [38624] Run service finished.
[2023-11-17 17:19:49] [info]  [38624] Commons Daemon procrun finished
[2023-11-17 17:19:49] [info]  [27788] Commons Daemon procrun (1.0.15.0 64-bit) started
[2023-11-17 17:19:50] [info]  [27788] Running 'SEMS3_MOBILE' Service...
[2023-11-17 17:19:50] [info]  [57964] Starting service...
[2023-11-17 17:19:51] [info]  [57964] Service started in 1251 ms.
[2023-11-17 17:23:46] [info]  [21308] Stopping service...
[2023-11-17 17:23:47] [info]  [21308] Service stop thread completed.
[2023-11-17 17:23:47] [info]  [27788] Run service finished.
[2023-11-17 17:23:47] [info]  [27788] Commons Daemon procrun finished
[2023-11-17 17:23:48] [info]  [70768] Commons Daemon procrun (1.0.15.0 64-bit) started
[2023-11-17 17:23:48] [info]  [70768] Running 'SEMS3_MOBILE' Service...
[2023-11-17 17:23:48] [info]  [78816] Starting service...
[2023-11-17 17:23:50] [info]  [78816] Service started in 1249 ms.
[2023-11-17 17:35:40] [info]  [38980] Stopping service...
[2023-11-17 17:35:41] [info]  [38980] Service stop thread completed.
[2023-11-17 17:35:41] [info]  [70768] Run service finished.
[2023-11-17 17:35:41] [info]  [70768] Commons Daemon procrun finished
[2023-11-17 17:35:42] [info]  [39168] Commons Daemon procrun (1.0.15.0 64-bit) started
[2023-11-17 17:35:42] [info]  [39168] Running 'SEMS3_MOBILE' Service...
[2023-11-17 17:35:42] [info]  [12876] Starting service...
[2023-11-17 17:35:44] [info]  [12876] Service started in 1250 ms.
[2023-11-17 17:50:36] [info]  [57024] Stopping service...
[2023-11-17 17:50:37] [info]  [57024] Service stop thread completed.
[2023-11-17 17:50:38] [info]  [39168] Run service finished.
[2023-11-17 17:50:38] [info]  [39168] Commons Daemon procrun finished
[2023-11-17 17:50:38] [info]  [74032] Commons Daemon procrun (1.0.15.0 64-bit) started
[2023-11-17 17:50:39] [info]  [74032] Running 'SEMS3_MOBILE' Service...
[2023-11-17 17:50:39] [info]  [25656] Starting service...
[2023-11-17 17:50:40] [info]  [25656] Service started in 1248 ms.
[2023-11-17 17:52:12] [info]  [66880] Stopping service...
[2023-11-17 17:52:14] [info]  [66880] Service stop thread completed.
[2023-11-17 17:52:14] [info]  [74032] Run service finished.
[2023-11-17 17:52:14] [info]  [74032] Commons Daemon procrun finished
[2023-11-17 17:52:14] [info]  [77796] Commons Daemon procrun (1.0.15.0 64-bit) started
[2023-11-17 17:52:15] [info]  [77796] Running 'SEMS3_MOBILE' Service...
[2023-11-17 17:52:15] [info]  [61092] Starting service...
[2023-11-17 17:52:16] [info]  [61092] Service started in 1254 ms.
[2023-11-20 11:00:38] [info]  [49644] Stopping service...
[2023-11-20 11:00:39] [info]  [49644] Service stop thread completed.
[2023-11-20 11:00:40] [info]  [77796] Run service finished.
[2023-11-20 11:00:40] [info]  [77796] Commons Daemon procrun finished
