[2024-04-04 18:29:31] [info]  [76528] Commons Daemon procrun (1.0.15.0 64-bit) started
[2024-04-04 18:29:32] [info]  [76528] Running 'SEMS3_MOBILE' Service...
[2024-04-04 18:29:32] [info]  [25824] Starting service...
[2024-04-04 18:29:33] [info]  [25824] Service started in 1281 ms.
[2024-04-04 18:29:46] [info]  [40240] Stopping service...
[2024-04-04 18:29:47] [info]  [40240] Service stop thread completed.
[2024-04-04 18:29:48] [info]  [76528] Run service finished.
[2024-04-04 18:29:48] [info]  [76528] Commons Daemon procrun finished
[2024-04-04 18:36:43] [info]  [89040] Commons Daemon procrun (1.0.15.0 64-bit) started
[2024-04-04 18:36:43] [info]  [89040] Running 'SEMS3_MOBILE' Service...
[2024-04-04 18:36:43] [info]  [46292] Starting service...
[2024-04-04 18:36:45] [info]  [46292] Service started in 1249 ms.
[2024-04-04 19:02:06] [info]  [84600] Stopping service...
[2024-04-04 19:02:07] [info]  [84600] Service stop thread completed.
[2024-04-04 19:02:07] [info]  [89040] Run service finished.
[2024-04-04 19:02:07] [info]  [89040] Commons Daemon procrun finished
[2024-04-04 19:02:08] [info]  [69756] Commons Daemon procrun (1.0.15.0 64-bit) started
[2024-04-04 19:02:08] [info]  [69756] Running 'SEMS3_MOBILE' Service...
[2024-04-04 19:02:08] [info]  [39776] Starting service...
[2024-04-04 19:02:10] [info]  [39776] Service started in 1265 ms.
[2024-04-09 15:38:08] [info]  [18704] Stopping service...
[2024-04-09 15:38:09] [info]  [18704] Service stop thread completed.
[2024-04-09 15:38:10] [info]  [69756] Run service finished.
[2024-04-09 15:38:10] [info]  [69756] Commons Daemon procrun finished
