[2024-02-20 11:37:47] [info]  [56216] Commons Daemon procrun (1.0.15.0 64-bit) started
[2024-02-20 11:37:48] [info]  [56216] Running 'SEMS3_MOBILE' Service...
[2024-02-20 11:37:48] [info]  [62608] Starting service...
[2024-02-20 11:37:50] [info]  [62608] Service started in 1741 ms.
[2024-02-20 13:49:59] [info]  [20664] Stopping service...
[2024-02-20 13:50:18] [info]  [20664] Service stop thread completed.
[2024-02-20 13:50:18] [info]  [56216] Run service finished.
[2024-02-20 13:50:18] [info]  [56216] Commons Daemon procrun finished
[2024-02-20 13:50:19] [info]  [41060] Commons Daemon procrun (1.0.15.0 64-bit) started
[2024-02-20 13:50:19] [info]  [41060] Running 'SEMS3_MOBILE' Service...
[2024-02-20 13:50:19] [info]  [ 9948] Starting service...
[2024-02-20 13:50:21] [info]  [ 9948] Service started in 1246 ms.
[2024-02-20 14:42:01] [info]  [72296] Stopping service...
[2024-02-20 14:42:19] [info]  [72296] Service stop thread completed.
[2024-02-20 14:42:19] [info]  [41060] Run service finished.
[2024-02-20 14:42:20] [info]  [41060] Commons Daemon procrun finished
[2024-02-20 14:42:21] [info]  [51264] Commons Daemon procrun (1.0.15.0 64-bit) started
[2024-02-20 14:42:21] [info]  [51264] Running 'SEMS3_MOBILE' Service...
[2024-02-20 14:42:21] [info]  [30608] Starting service...
[2024-02-20 14:42:23] [info]  [30608] Service started in 1247 ms.
[2024-02-20 15:57:02] [info]  [79600] Stopping service...
[2024-02-20 15:57:03] [info]  [79600] Service stop thread completed.
[2024-02-20 15:57:03] [info]  [51264] Run service finished.
[2024-02-20 15:57:03] [info]  [51264] Commons Daemon procrun finished
[2024-02-20 15:57:04] [info]  [ 1400] Commons Daemon procrun (1.0.15.0 64-bit) started
[2024-02-20 15:57:04] [info]  [ 1400] Running 'SEMS3_MOBILE' Service...
[2024-02-20 15:57:04] [info]  [34012] Starting service...
[2024-02-20 15:57:06] [info]  [34012] Service started in 1244 ms.
[2024-02-20 16:32:24] [info]  [69016] Stopping service...
[2024-02-20 16:32:46] [info]  [69016] Service stop thread completed.
[2024-02-20 16:32:46] [info]  [ 1400] Run service finished.
[2024-02-20 16:32:46] [info]  [ 1400] Commons Daemon procrun finished
[2024-02-20 16:32:53] [info]  [65652] Commons Daemon procrun (1.0.15.0 64-bit) started
[2024-02-20 16:32:53] [info]  [65652] Running 'SEMS3_MOBILE' Service...
[2024-02-20 16:32:53] [info]  [46612] Starting service...
[2024-02-20 16:32:55] [info]  [46612] Service started in 1249 ms.
[2024-02-20 16:35:22] [info]  [64600] Stopping service...
[2024-02-20 16:35:24] [info]  [64600] Service stop thread completed.
[2024-02-20 16:35:24] [info]  [65652] Run service finished.
[2024-02-20 16:35:24] [info]  [65652] Commons Daemon procrun finished
[2024-02-20 16:35:24] [info]  [41836] Commons Daemon procrun (1.0.15.0 64-bit) started
[2024-02-20 16:35:25] [info]  [41836] Running 'SEMS3_MOBILE' Service...
[2024-02-20 16:35:25] [info]  [59616] Starting service...
[2024-02-20 16:35:26] [info]  [59616] Service started in 1248 ms.
[2024-02-22 13:54:31] [info]  [76832] Stopping service...
[2024-02-22 13:54:32] [info]  [76832] Service stop thread completed.
[2024-02-22 13:54:32] [info]  [41836] Run service finished.
[2024-02-22 13:54:32] [info]  [41836] Commons Daemon procrun finished
