[2023-06-19 15:37:27] [info]  [54336] Commons Daemon procrun (1.0.15.0 64-bit) started
[2023-06-19 15:37:28] [info]  [54336] Running 'SEMS3_MOBILE' Service...
[2023-06-19 15:37:28] [info]  [69792] Starting service...
[2023-06-19 15:37:29] [info]  [69792] Service started in 1247 ms.
[2023-06-19 15:40:03] [info]  [ 4240] Stopping service...
[2023-06-19 15:40:26] [info]  [23580] Commons Daemon procrun (1.0.15.0 64-bit) started
[2023-06-19 15:40:26] [info]  [23580] Running 'SEMS3_MOBILE' Service...
[2023-06-19 15:40:27] [info]  [12824] Starting service...
[2023-06-19 15:40:28] [info]  [12824] Service started in 1249 ms.
[2023-06-19 15:41:06] [info]  [ 8380] Stopping service...
[2023-06-19 15:41:08] [info]  [ 8380] Service stop thread completed.
[2023-06-19 15:41:08] [info]  [23580] Run service finished.
[2023-06-19 15:41:08] [info]  [23580] Commons Daemon procrun finished
[2023-06-19 15:41:08] [info]  [34928] Commons Daemon procrun (1.0.15.0 64-bit) started
[2023-06-19 15:41:09] [info]  [34928] Running 'SEMS3_MOBILE' Service...
[2023-06-19 15:41:09] [info]  [58240] Starting service...
[2023-06-19 15:41:10] [info]  [58240] Service started in 1248 ms.
[2023-06-20 11:53:07] [info]  [69624] Stopping service...
[2023-06-20 11:53:08] [info]  [69624] Service stop thread completed.
[2023-06-20 11:53:08] [info]  [34928] Run service finished.
[2023-06-20 11:53:08] [info]  [34928] Commons Daemon procrun finished
