[2024-06-03 12:15:33] [info]  [ 9028] Commons Daemon procrun (1.0.15.0 64-bit) started
[2024-06-03 12:15:33] [info]  [ 9028] Running 'SEMS_MOBILE' Service...
[2024-06-03 12:15:33] [info]  [ 6600] Starting service...
[2024-06-03 12:15:35] [info]  [ 6600] Service started in 1875 ms.
[2024-06-03 12:23:57] [info]  [ 8128] Stopping service...
[2024-06-03 12:24:06] [info]  [ 8128] Service stop thread completed.
[2024-06-03 12:24:07] [info]  [ 9028] Run service finished.
[2024-06-03 12:24:07] [info]  [ 9028] Commons Daemon procrun finished
[2024-06-03 12:24:07] [info]  [ 4524] Commons Daemon procrun (1.0.15.0 64-bit) started
[2024-06-03 12:24:07] [info]  [ 4524] Running 'SEMS_MOBILE' Service...
[2024-06-03 12:24:07] [info]  [ 1760] Starting service...
[2024-06-03 12:24:08] [info]  [ 1760] Service started in 1125 ms.
[2024-06-03 12:33:54] [info]  [ 1936] Stopping service...
[2024-06-03 12:33:55] [info]  [ 1936] Service stop thread completed.
[2024-06-03 12:33:55] [info]  [ 4524] Run service finished.
[2024-06-03 12:33:55] [info]  [ 4524] Commons Daemon procrun finished
[2024-06-03 12:33:56] [info]  [ 5772] Commons Daemon procrun (1.0.15.0 64-bit) started
[2024-06-03 12:33:56] [info]  [ 5772] Running 'SEMS_MOBILE' Service...
[2024-06-03 12:33:56] [info]  [ 8364] Starting service...
[2024-06-03 12:33:58] [info]  [ 8364] Service started in 1140 ms.
[2024-06-28 11:05:02] [info]  [ 7060] Stopping service...
[2024-06-28 11:05:03] [info]  [ 7060] Service stop thread completed.
[2024-06-28 11:05:03] [info]  [ 5772] Run service finished.
[2024-06-28 11:05:03] [info]  [ 5772] Commons Daemon procrun finished
