[2024-02-15 12:02:01] [info]  [73760] Commons Daemon procrun (1.0.15.0 64-bit) started
[2024-02-15 12:02:01] [info]  [73760] Running 'SEMS3_MOBILE' Service...
[2024-02-15 12:02:01] [info]  [64812] Starting service...
[2024-02-15 12:02:03] [info]  [64812] Service started in 1246 ms.
[2024-02-15 12:03:12] [info]  [ 3392] Stopping service...
[2024-02-15 12:03:13] [info]  [ 3392] Service stop thread completed.
[2024-02-15 12:03:13] [info]  [73760] Run service finished.
[2024-02-15 12:03:14] [info]  [73760] Commons Daemon procrun finished
[2024-02-15 12:03:14] [info]  [22884] Commons Daemon procrun (1.0.15.0 64-bit) started
[2024-02-15 12:03:14] [info]  [22884] Running 'SEMS3_MOBILE' Service...
[2024-02-15 12:03:14] [info]  [16580] Starting service...
[2024-02-15 12:03:15] [info]  [16580] Service started in 1246 ms.
[2024-02-15 12:04:19] [info]  [80556] Stopping service...
[2024-02-15 12:04:21] [info]  [80556] Service stop thread completed.
[2024-02-15 12:04:21] [info]  [22884] Run service finished.
[2024-02-15 12:04:21] [info]  [22884] Commons Daemon procrun finished
[2024-02-15 12:04:22] [info]  [30100] Commons Daemon procrun (1.0.15.0 64-bit) started
[2024-02-15 12:04:22] [info]  [30100] Running 'SEMS3_MOBILE' Service...
[2024-02-15 12:04:22] [info]  [ 7516] Starting service...
[2024-02-15 12:04:23] [info]  [ 7516] Service started in 1245 ms.
[2024-02-15 12:07:10] [info]  [72960] Stopping service...
[2024-02-15 12:07:11] [info]  [72960] Service stop thread completed.
[2024-02-15 12:07:11] [info]  [30100] Run service finished.
[2024-02-15 12:07:12] [info]  [30100] Commons Daemon procrun finished
[2024-02-15 12:07:12] [info]  [79884] Commons Daemon procrun (1.0.15.0 64-bit) started
[2024-02-15 12:07:12] [info]  [79884] Running 'SEMS3_MOBILE' Service...
[2024-02-15 12:07:12] [info]  [31688] Starting service...
[2024-02-15 12:07:14] [info]  [31688] Service started in 1248 ms.
[2024-02-15 16:02:50] [info]  [83636] Stopping service...
[2024-02-15 16:02:52] [info]  [83636] Service stop thread completed.
[2024-02-15 16:02:52] [info]  [79884] Run service finished.
[2024-02-15 16:02:52] [info]  [79884] Commons Daemon procrun finished
[2024-02-15 16:02:52] [info]  [72180] Commons Daemon procrun (1.0.15.0 64-bit) started
[2024-02-15 16:02:53] [info]  [72180] Running 'SEMS3_MOBILE' Service...
[2024-02-15 16:02:53] [info]  [34200] Starting service...
[2024-02-15 16:02:54] [info]  [34200] Service started in 1249 ms.
[2024-02-20 11:37:18] [info]  [31076] Stopping service...
[2024-02-20 11:37:41] [info]  [31076] Service stop thread completed.
[2024-02-20 11:37:42] [info]  [72180] Run service finished.
[2024-02-20 11:37:42] [info]  [72180] Commons Daemon procrun finished
