[2023-08-07 12:16:54] [info]  [65344] Commons Daemon procrun (1.0.15.0 64-bit) started
[2023-08-07 12:16:55] [info]  [65344] Running 'SEMS3_MOBILE' Service...
[2023-08-07 12:16:55] [info]  [75668] Starting service...
[2023-08-07 12:16:56] [info]  [75668] Service started in 1246 ms.
[2023-08-07 12:18:08] [info]  [ 6868] Stopping service...
[2023-08-07 12:18:09] [info]  [ 6868] Service stop thread completed.
[2023-08-07 12:18:09] [info]  [65344] Run service finished.
[2023-08-07 12:18:10] [info]  [65344] Commons Daemon procrun finished
[2023-08-07 12:18:10] [info]  [16032] Commons Daemon procrun (1.0.15.0 64-bit) started
[2023-08-07 12:18:10] [info]  [16032] Running 'SEMS3_MOBILE' Service...
[2023-08-07 12:18:10] [info]  [23300] Starting service...
[2023-08-07 12:18:12] [info]  [23300] Service started in 1247 ms.
[2023-08-07 14:09:22] [info]  [71996] Stopping service...
[2023-08-07 14:09:23] [info]  [71996] Service stop thread completed.
[2023-08-07 14:09:27] [info]  [16032] Run service finished.
[2023-08-07 14:09:27] [info]  [16032] Commons Daemon procrun finished
[2023-08-07 14:09:28] [info]  [13604] Commons Daemon procrun (1.0.15.0 64-bit) started
[2023-08-07 14:09:28] [info]  [13604] Running 'SEMS3_MOBILE' Service...
[2023-08-07 14:09:29] [info]  [31100] Starting service...
[2023-08-07 14:09:30] [info]  [31100] Service started in 1247 ms.
[2023-08-07 15:18:12] [info]  [24748] Stopping service...
[2023-08-07 15:18:13] [info]  [24748] Service stop thread completed.
[2023-08-07 15:18:13] [info]  [13604] Run service finished.
[2023-08-07 15:18:13] [info]  [13604] Commons Daemon procrun finished
[2023-08-07 15:18:14] [info]  [14864] Commons Daemon procrun (1.0.15.0 64-bit) started
[2023-08-07 15:18:14] [info]  [14864] Running 'SEMS3_MOBILE' Service...
[2023-08-07 15:18:14] [info]  [82712] Starting service...
[2023-08-07 15:18:16] [info]  [82712] Service started in 1245 ms.
[2023-08-07 15:33:03] [info]  [15764] Stopping service...
[2023-08-07 15:33:04] [info]  [15764] Service stop thread completed.
[2023-08-07 15:33:05] [info]  [14864] Run service finished.
[2023-08-07 15:33:05] [info]  [14864] Commons Daemon procrun finished
[2023-08-07 15:33:05] [info]  [ 2228] Commons Daemon procrun (1.0.15.0 64-bit) started
[2023-08-07 15:33:05] [info]  [ 2228] Running 'SEMS3_MOBILE' Service...
[2023-08-07 15:33:06] [info]  [55052] Starting service...
[2023-08-07 15:33:07] [info]  [55052] Service started in 1246 ms.
[2023-08-07 15:35:59] [info]  [66792] Stopping service...
[2023-08-07 15:36:00] [info]  [66792] Service stop thread completed.
[2023-08-07 15:36:00] [info]  [ 2228] Run service finished.
[2023-08-07 15:36:00] [info]  [ 2228] Commons Daemon procrun finished
[2023-08-07 15:36:01] [info]  [40740] Commons Daemon procrun (1.0.15.0 64-bit) started
[2023-08-07 15:36:01] [info]  [40740] Running 'SEMS3_MOBILE' Service...
[2023-08-07 15:36:01] [info]  [ 4772] Starting service...
[2023-08-07 15:36:02] [info]  [ 4772] Service started in 1247 ms.
[2023-08-07 15:46:59] [info]  [48872] Stopping service...
[2023-08-07 15:47:00] [info]  [48872] Service stop thread completed.
[2023-08-07 15:47:00] [info]  [40740] Run service finished.
[2023-08-07 15:47:00] [info]  [40740] Commons Daemon procrun finished
[2023-08-07 15:47:01] [info]  [25472] Commons Daemon procrun (1.0.15.0 64-bit) started
[2023-08-07 15:47:01] [info]  [25472] Running 'SEMS3_MOBILE' Service...
[2023-08-07 15:47:01] [info]  [21792] Starting service...
[2023-08-07 15:47:03] [info]  [21792] Service started in 1245 ms.
[2023-08-07 15:58:19] [info]  [ 3512] Stopping service...
[2023-08-07 15:58:20] [info]  [ 3512] Service stop thread completed.
[2023-08-07 15:58:21] [info]  [25472] Run service finished.
[2023-08-07 15:58:21] [info]  [25472] Commons Daemon procrun finished
[2023-08-07 15:58:21] [info]  [23876] Commons Daemon procrun (1.0.15.0 64-bit) started
[2023-08-07 15:58:21] [info]  [23876] Running 'SEMS3_MOBILE' Service...
[2023-08-07 15:58:22] [info]  [55036] Starting service...
[2023-08-07 15:58:23] [info]  [55036] Service started in 1246 ms.
[2023-08-07 15:58:32] [info]  [28652] Stopping service...
[2023-08-07 15:58:36] [info]  [28652] Service stop thread completed.
[2023-08-07 15:58:36] [info]  [23876] Run service finished.
[2023-08-07 15:58:36] [info]  [23876] Commons Daemon procrun finished
[2023-08-07 15:58:36] [info]  [37832] Commons Daemon procrun (1.0.15.0 64-bit) started
[2023-08-07 15:58:37] [info]  [37832] Running 'SEMS3_MOBILE' Service...
[2023-08-07 15:58:37] [info]  [36416] Starting service...
[2023-08-07 15:58:38] [info]  [36416] Service started in 1249 ms.
[2023-08-07 16:01:12] [info]  [26844] Stopping service...
[2023-08-07 16:01:13] [info]  [26844] Service stop thread completed.
[2023-08-07 16:01:13] [info]  [37832] Run service finished.
[2023-08-07 16:01:14] [info]  [37832] Commons Daemon procrun finished
[2023-08-07 16:01:14] [info]  [56780] Commons Daemon procrun (1.0.15.0 64-bit) started
[2023-08-07 16:01:14] [info]  [56780] Running 'SEMS3_MOBILE' Service...
[2023-08-07 16:01:14] [info]  [12488] Starting service...
[2023-08-07 16:01:16] [info]  [12488] Service started in 1248 ms.
[2023-08-07 16:02:36] [info]  [30792] Stopping service...
[2023-08-07 16:02:38] [info]  [30792] Service stop thread completed.
[2023-08-07 16:02:38] [info]  [56780] Run service finished.
[2023-08-07 16:02:38] [info]  [56780] Commons Daemon procrun finished
[2023-08-07 16:02:38] [info]  [40180] Commons Daemon procrun (1.0.15.0 64-bit) started
[2023-08-07 16:02:39] [info]  [40180] Running 'SEMS3_MOBILE' Service...
[2023-08-07 16:02:39] [info]  [19440] Starting service...
[2023-08-07 16:02:40] [info]  [19440] Service started in 1247 ms.
[2023-08-07 16:06:05] [info]  [70692] Stopping service...
[2023-08-07 16:06:06] [info]  [70692] Service stop thread completed.
[2023-08-07 16:06:06] [info]  [40180] Run service finished.
[2023-08-07 16:06:06] [info]  [40180] Commons Daemon procrun finished
[2023-08-07 16:06:07] [info]  [49960] Commons Daemon procrun (1.0.15.0 64-bit) started
[2023-08-07 16:06:07] [info]  [49960] Running 'SEMS3_MOBILE' Service...
[2023-08-07 16:06:07] [info]  [48328] Starting service...
[2023-08-07 16:06:08] [info]  [48328] Service started in 1247 ms.
[2023-08-07 16:26:45] [info]  [33852] Stopping service...
[2023-08-07 16:26:47] [info]  [33852] Service stop thread completed.
[2023-08-07 16:26:47] [info]  [49960] Run service finished.
[2023-08-07 16:26:47] [info]  [49960] Commons Daemon procrun finished
[2023-08-07 16:26:47] [info]  [20124] Commons Daemon procrun (1.0.15.0 64-bit) started
[2023-08-07 16:26:48] [info]  [20124] Running 'SEMS3_MOBILE' Service...
[2023-08-07 16:26:48] [info]  [18120] Starting service...
[2023-08-07 16:26:49] [info]  [18120] Service started in 1245 ms.
[2023-08-07 16:34:07] [info]  [49692] Stopping service...
[2023-08-07 16:34:08] [info]  [49692] Service stop thread completed.
[2023-08-07 16:34:09] [info]  [20124] Run service finished.
[2023-08-07 16:34:09] [info]  [20124] Commons Daemon procrun finished
[2023-08-07 16:34:09] [info]  [71100] Commons Daemon procrun (1.0.15.0 64-bit) started
[2023-08-07 16:34:10] [info]  [71100] Running 'SEMS3_MOBILE' Service...
[2023-08-07 16:34:10] [info]  [58184] Starting service...
[2023-08-07 16:34:11] [info]  [58184] Service started in 1246 ms.
[2023-08-07 16:49:30] [info]  [13760] Stopping service...
[2023-08-07 16:49:32] [info]  [13760] Service stop thread completed.
[2023-08-07 16:49:32] [info]  [71100] Run service finished.
[2023-08-07 16:49:32] [info]  [71100] Commons Daemon procrun finished
[2023-08-07 16:49:32] [info]  [82676] Commons Daemon procrun (1.0.15.0 64-bit) started
[2023-08-07 16:49:33] [info]  [82676] Running 'SEMS3_MOBILE' Service...
[2023-08-07 16:49:33] [info]  [49012] Starting service...
[2023-08-07 16:49:34] [info]  [49012] Service started in 1246 ms.
[2023-08-07 17:21:11] [info]  [61260] Stopping service...
[2023-08-07 17:21:12] [info]  [61260] Service stop thread completed.
[2023-08-07 17:21:12] [info]  [82676] Run service finished.
[2023-08-07 17:21:12] [info]  [82676] Commons Daemon procrun finished
[2023-08-07 17:21:13] [info]  [38076] Commons Daemon procrun (1.0.15.0 64-bit) started
[2023-08-07 17:21:13] [info]  [38076] Running 'SEMS3_MOBILE' Service...
[2023-08-07 17:21:13] [info]  [36336] Starting service...
[2023-08-07 17:21:14] [info]  [36336] Service started in 1246 ms.
[2023-08-07 17:23:05] [info]  [83728] Stopping service...
[2023-08-07 17:23:06] [info]  [83728] Service stop thread completed.
[2023-08-07 17:23:07] [info]  [38076] Run service finished.
[2023-08-07 17:23:07] [info]  [38076] Commons Daemon procrun finished
[2023-08-07 17:23:07] [info]  [46060] Commons Daemon procrun (1.0.15.0 64-bit) started
[2023-08-07 17:23:07] [info]  [46060] Running 'SEMS3_MOBILE' Service...
[2023-08-07 17:23:08] [info]  [44920] Starting service...
[2023-08-07 17:23:09] [info]  [44920] Service started in 1247 ms.
[2023-08-07 17:25:28] [info]  [31020] Stopping service...
[2023-08-07 17:25:29] [info]  [31020] Service stop thread completed.
[2023-08-07 17:25:30] [info]  [46060] Run service finished.
[2023-08-07 17:25:30] [info]  [46060] Commons Daemon procrun finished
[2023-08-07 17:25:30] [info]  [82968] Commons Daemon procrun (1.0.15.0 64-bit) started
[2023-08-07 17:25:30] [info]  [82968] Running 'SEMS3_MOBILE' Service...
[2023-08-07 17:25:31] [info]  [35976] Starting service...
[2023-08-07 17:25:32] [info]  [35976] Service started in 1246 ms.
[2023-08-08 15:49:08] [info]  [68896] Stopping service...
[2023-08-08 15:49:10] [info]  [68896] Service stop thread completed.
[2023-08-08 15:49:10] [info]  [82968] Run service finished.
[2023-08-08 15:49:10] [info]  [82968] Commons Daemon procrun finished
