[2023-08-08 15:49:10] [info]  [11504] Commons Daemon procrun (1.0.15.0 64-bit) started
[2023-08-08 15:49:11] [info]  [11504] Running 'SEMS3_MOBILE' Service...
[2023-08-08 15:49:11] [info]  [60268] Starting service...
[2023-08-08 15:49:12] [info]  [60268] Service started in 1246 ms.
[2023-08-08 16:25:35] [info]  [32568] Stopping service...
[2023-08-08 16:25:37] [info]  [32568] Service stop thread completed.
[2023-08-08 16:25:37] [info]  [11504] Run service finished.
[2023-08-08 16:25:37] [info]  [11504] Commons Daemon procrun finished
[2023-08-08 16:26:27] [info]  [76048] Commons Daemon procrun (1.0.15.0 64-bit) started
[2023-08-08 16:26:27] [info]  [76048] Running 'SEMS3_MOBILE' Service...
[2023-08-08 16:26:28] [info]  [80732] Starting service...
[2023-08-08 16:26:29] [info]  [80732] Service started in 1246 ms.
[2023-08-08 16:45:34] [info]  [24672] Stopping service...
[2023-08-08 16:45:35] [info]  [24672] Service stop thread completed.
[2023-08-08 16:45:35] [info]  [76048] Run service finished.
[2023-08-08 16:45:36] [info]  [76048] Commons Daemon procrun finished
[2023-08-08 16:46:05] [info]  [69328] Commons Daemon procrun (1.0.15.0 64-bit) started
[2023-08-08 16:46:05] [info]  [69328] Running 'SEMS3_MOBILE' Service...
[2023-08-08 16:46:05] [info]  [ 6588] Starting service...
[2023-08-08 16:46:07] [info]  [ 6588] Service started in 1248 ms.
[2023-08-08 16:52:23] [info]  [16820] Stopping service...
[2023-08-08 16:52:24] [info]  [16820] Service stop thread completed.
[2023-08-08 16:52:25] [info]  [69328] Run service finished.
[2023-08-08 16:52:25] [info]  [69328] Commons Daemon procrun finished
[2023-08-08 16:52:49] [info]  [66244] Commons Daemon procrun (1.0.15.0 64-bit) started
[2023-08-08 16:52:50] [info]  [66244] Running 'SEMS3_MOBILE' Service...
[2023-08-08 16:52:50] [info]  [59316] Starting service...
[2023-08-08 16:52:51] [info]  [59316] Service started in 1246 ms.
[2023-08-09 11:08:54] [info]  [36644] Stopping service...
[2023-08-09 11:08:55] [info]  [36644] Service stop thread completed.
[2023-08-09 11:08:56] [info]  [66244] Run service finished.
[2023-08-09 11:08:56] [info]  [66244] Commons Daemon procrun finished
