[2024-06-28 11:05:04] [info]  [ 7740] Commons Daemon procrun (1.0.15.0 64-bit) started
[2024-06-28 11:05:04] [info]  [ 7740] Running 'SEMS_MOBILE' Service...
[2024-06-28 11:05:04] [info]  [ 7220] Starting service...
[2024-06-28 11:05:08] [info]  [ 7220] Service started in 3797 ms.
[2024-06-28 11:05:11] [info]  [10188] Stopping service...
[2024-06-28 11:05:32] [info]  [10188] Service stop thread completed.
[2024-06-28 11:05:32] [info]  [ 7740] Run service finished.
[2024-06-28 11:05:32] [info]  [ 7740] Commons Daemon procrun finished
[2024-06-28 11:06:15] [info]  [ 9972] Commons Daemon procrun (1.0.15.0 64-bit) started
[2024-06-28 11:06:16] [info]  [ 9972] Running 'SEMS_MOBILE' Service...
[2024-06-28 11:06:16] [info]  [ 9472] Starting service...
[2024-06-28 11:06:17] [info]  [ 9472] Service started in 1156 ms.
[2024-06-28 11:09:20] [info]  [10744] Stopping service...
[2024-06-28 11:09:21] [info]  [10744] Service stop thread completed.
[2024-06-28 11:09:21] [info]  [ 9972] Run service finished.
[2024-06-28 11:09:21] [info]  [ 9972] Commons Daemon procrun finished
[2024-06-28 11:09:22] [info]  [10700] Commons Daemon procrun (1.0.15.0 64-bit) started
[2024-06-28 11:09:22] [info]  [10700] Running 'SEMS_MOBILE' Service...
[2024-06-28 11:09:22] [info]  [10900] Starting service...
[2024-06-28 11:09:23] [info]  [10900] Service started in 1140 ms.
[2024-06-28 11:22:03] [info]  [10772] Stopping service...
[2024-06-28 11:22:04] [info]  [10772] Service stop thread completed.
[2024-06-28 11:22:04] [info]  [10700] Run service finished.
[2024-06-28 11:22:04] [info]  [10700] Commons Daemon procrun finished
[2024-06-28 11:22:05] [info]  [11152] Commons Daemon procrun (1.0.15.0 64-bit) started
[2024-06-28 11:22:05] [info]  [11152] Running 'SEMS_MOBILE' Service...
[2024-06-28 11:22:05] [info]  [ 9908] Starting service...
[2024-06-28 11:22:06] [info]  [ 9908] Service started in 1171 ms.
[2024-06-28 11:23:28] [info]  [ 9820] Stopping service...
[2024-06-28 11:23:29] [info]  [ 9820] Service stop thread completed.
[2024-06-28 11:23:29] [info]  [11152] Run service finished.
[2024-06-28 11:23:29] [info]  [11152] Commons Daemon procrun finished
[2024-06-28 11:23:31] [info]  [ 9680] Commons Daemon procrun (1.0.15.0 64-bit) started
[2024-06-28 11:23:31] [info]  [ 9680] Running 'SEMS_MOBILE' Service...
[2024-06-28 11:23:31] [info]  [10492] Starting service...
[2024-06-28 11:23:32] [info]  [10492] Service started in 1140 ms.
[2024-06-28 11:34:47] [info]  [10244] Stopping service...
[2024-06-28 11:34:48] [info]  [10244] Service stop thread completed.
[2024-06-28 11:34:48] [info]  [ 9680] Run service finished.
[2024-06-28 11:34:48] [info]  [ 9680] Commons Daemon procrun finished
[2024-06-28 11:34:49] [info]  [ 9396] Commons Daemon procrun (1.0.15.0 64-bit) started
[2024-06-28 11:34:49] [info]  [ 9396] Running 'SEMS_MOBILE' Service...
[2024-06-28 11:34:49] [info]  [ 9576] Starting service...
[2024-06-28 11:34:50] [info]  [ 9576] Service started in 1140 ms.
