[2023-08-03 16:13:11] [info]  [12680] Commons Daemon procrun (1.0.15.0 64-bit) started
[2023-08-03 16:13:11] [info]  [12680] Running 'SEMS3_MOBILE' Service...
[2023-08-03 16:13:11] [info]  [ 9504] Starting service...
[2023-08-03 16:13:13] [info]  [ 9504] Service started in 1247 ms.
[2023-08-03 16:20:44] [info]  [78448] Stopping service...
[2023-08-03 16:20:45] [info]  [78448] Service stop thread completed.
[2023-08-03 16:20:45] [info]  [12680] Run service finished.
[2023-08-03 16:20:46] [info]  [12680] Commons Daemon procrun finished
[2023-08-03 16:20:46] [info]  [25516] Commons Daemon procrun (1.0.15.0 64-bit) started
[2023-08-03 16:20:46] [info]  [25516] Running 'SEMS3_MOBILE' Service...
[2023-08-03 16:20:46] [info]  [ 7696] Starting service...
[2023-08-03 16:20:48] [info]  [ 7696] Service started in 1246 ms.
[2023-08-03 16:31:00] [info]  [66096] Stopping service...
[2023-08-03 16:31:15] [info]  [66096] Service stop thread completed.
[2023-08-03 16:31:15] [info]  [25516] Run service finished.
[2023-08-03 16:31:15] [info]  [25516] Commons Daemon procrun finished
[2023-08-03 16:31:16] [info]  [63092] Commons Daemon procrun (1.0.15.0 64-bit) started
[2023-08-03 16:31:16] [info]  [63092] Running 'SEMS3_MOBILE' Service...
[2023-08-03 16:31:16] [info]  [43304] Starting service...
[2023-08-03 16:31:17] [info]  [43304] Service started in 1246 ms.
[2023-08-03 16:44:21] [info]  [66328] Stopping service...
[2023-08-03 16:44:22] [info]  [66328] Service stop thread completed.
[2023-08-03 16:44:22] [info]  [63092] Run service finished.
[2023-08-03 16:44:22] [info]  [63092] Commons Daemon procrun finished
[2023-08-03 16:44:23] [info]  [42768] Commons Daemon procrun (1.0.15.0 64-bit) started
[2023-08-03 16:44:23] [info]  [42768] Running 'SEMS3_MOBILE' Service...
[2023-08-03 16:44:23] [info]  [81100] Starting service...
[2023-08-03 16:44:24] [info]  [81100] Service started in 1248 ms.
[2023-08-03 16:55:24] [info]  [22656] Stopping service...
[2023-08-03 16:55:25] [info]  [22656] Service stop thread completed.
[2023-08-03 16:55:25] [info]  [42768] Run service finished.
[2023-08-03 16:55:26] [info]  [42768] Commons Daemon procrun finished
[2023-08-03 16:55:26] [info]  [56992] Commons Daemon procrun (1.0.15.0 64-bit) started
[2023-08-03 16:55:26] [info]  [56992] Running 'SEMS3_MOBILE' Service...
[2023-08-03 16:55:26] [info]  [ 9244] Starting service...
[2023-08-03 16:55:28] [info]  [ 9244] Service started in 1247 ms.
[2023-08-03 16:57:54] [info]  [27728] Stopping service...
[2023-08-03 16:57:55] [info]  [27728] Service stop thread completed.
[2023-08-03 16:57:56] [info]  [56992] Run service finished.
[2023-08-03 16:57:56] [info]  [56992] Commons Daemon procrun finished
[2023-08-03 16:57:56] [info]  [46928] Commons Daemon procrun (1.0.15.0 64-bit) started
[2023-08-03 16:57:57] [info]  [46928] Running 'SEMS3_MOBILE' Service...
[2023-08-03 16:57:57] [info]  [35132] Starting service...
[2023-08-03 16:57:58] [info]  [35132] Service started in 1248 ms.
[2023-08-03 17:06:18] [info]  [43520] Stopping service...
[2023-08-03 17:06:19] [info]  [43520] Service stop thread completed.
[2023-08-03 17:06:19] [info]  [46928] Run service finished.
[2023-08-03 17:06:19] [info]  [46928] Commons Daemon procrun finished
[2023-08-03 17:06:20] [info]  [82240] Commons Daemon procrun (1.0.15.0 64-bit) started
[2023-08-03 17:06:20] [info]  [82240] Running 'SEMS3_MOBILE' Service...
[2023-08-03 17:06:20] [info]  [72880] Starting service...
[2023-08-03 17:06:21] [info]  [72880] Service started in 1246 ms.
[2023-08-03 17:10:57] [info]  [27488] Stopping service...
[2023-08-03 17:10:58] [info]  [27488] Service stop thread completed.
[2023-08-03 17:10:58] [info]  [82240] Run service finished.
[2023-08-03 17:10:58] [info]  [82240] Commons Daemon procrun finished
[2023-08-03 17:10:59] [info]  [16684] Commons Daemon procrun (1.0.15.0 64-bit) started
[2023-08-03 17:10:59] [info]  [16684] Running 'SEMS3_MOBILE' Service...
[2023-08-03 17:10:59] [info]  [58092] Starting service...
[2023-08-03 17:11:01] [info]  [58092] Service started in 1243 ms.
[2023-08-04 11:17:16] [info]  [69748] Stopping service...
[2023-08-04 11:17:17] [info]  [69748] Service stop thread completed.
[2023-08-04 11:17:17] [info]  [16684] Run service finished.
[2023-08-04 11:17:17] [info]  [16684] Commons Daemon procrun finished
