[2024-03-08 11:23:19] [info]  [69736] Commons Daemon procrun (1.0.15.0 64-bit) started
[2024-03-08 11:23:19] [info]  [69736] Running 'SEMS3_MOBILE' Service...
[2024-03-08 11:23:20] [info]  [62004] Starting service...
[2024-03-08 11:23:21] [info]  [62004] Service started in 1247 ms.
[2024-03-08 11:23:47] [info]  [28256] Stopping service...
[2024-03-08 11:23:49] [info]  [28256] Service stop thread completed.
[2024-03-08 11:23:49] [info]  [69736] Run service finished.
[2024-03-08 11:23:49] [info]  [69736] Commons Daemon procrun finished
[2024-03-08 11:23:49] [info]  [38684] Commons Daemon procrun (1.0.15.0 64-bit) started
[2024-03-08 11:23:50] [info]  [38684] Running 'SEMS3_MOBILE' Service...
[2024-03-08 11:23:50] [info]  [45924] Starting service...
[2024-03-08 11:23:51] [info]  [45924] Service started in 1246 ms.
[2024-03-08 14:57:20] [info]  [58540] Stopping service...
[2024-03-08 14:57:24] [info]  [58540] Service stop thread completed.
[2024-03-08 14:57:24] [info]  [38684] Run service finished.
[2024-03-08 14:57:24] [info]  [38684] Commons Daemon procrun finished
[2024-03-08 14:57:24] [info]  [38116] Commons Daemon procrun (1.0.15.0 64-bit) started
[2024-03-08 14:57:25] [info]  [38116] Running 'SEMS3_MOBILE' Service...
[2024-03-08 14:57:25] [info]  [77532] Starting service...
[2024-03-08 14:57:26] [info]  [77532] Service started in 1247 ms.
[2024-03-08 15:14:43] [info]  [76724] Stopping service...
[2024-03-08 15:14:55] [info]  [76724] Service stop thread completed.
[2024-03-08 15:14:55] [info]  [38116] Run service finished.
[2024-03-08 15:14:55] [info]  [38116] Commons Daemon procrun finished
[2024-03-08 15:14:57] [info]  [29996] Commons Daemon procrun (1.0.15.0 64-bit) started
[2024-03-08 15:14:57] [info]  [29996] Running 'SEMS3_MOBILE' Service...
[2024-03-08 15:14:57] [info]  [60704] Starting service...
[2024-03-08 15:14:59] [info]  [60704] Service started in 1248 ms.
[2024-03-08 15:37:19] [info]  [74844] Stopping service...
[2024-03-08 15:37:22] [info]  [74844] Service stop thread completed.
[2024-03-08 15:37:23] [info]  [29996] Run service finished.
[2024-03-08 15:37:23] [info]  [29996] Commons Daemon procrun finished
[2024-03-08 15:37:23] [info]  [45320] Commons Daemon procrun (1.0.15.0 64-bit) started
[2024-03-08 15:37:24] [info]  [45320] Running 'SEMS3_MOBILE' Service...
[2024-03-08 15:37:24] [info]  [51396] Starting service...
[2024-03-08 15:37:25] [info]  [51396] Service started in 1263 ms.
[2024-03-08 15:42:56] [info]  [44944] Stopping service...
[2024-03-08 15:42:58] [info]  [44944] Service stop thread completed.
[2024-03-08 15:42:59] [info]  [45320] Run service finished.
[2024-03-08 15:42:59] [info]  [45320] Commons Daemon procrun finished
[2024-03-08 15:43:00] [info]  [13732] Commons Daemon procrun (1.0.15.0 64-bit) started
[2024-03-08 15:43:00] [info]  [13732] Running 'SEMS3_MOBILE' Service...
[2024-03-08 15:43:00] [info]  [ 2896] Starting service...
[2024-03-08 15:43:01] [info]  [ 2896] Service started in 1256 ms.
[2024-03-08 15:44:53] [info]  [71464] Stopping service...
[2024-03-08 15:44:55] [info]  [71464] Service stop thread completed.
[2024-03-08 15:44:55] [info]  [13732] Run service finished.
[2024-03-08 15:44:55] [info]  [13732] Commons Daemon procrun finished
[2024-03-08 15:44:55] [info]  [52752] Commons Daemon procrun (1.0.15.0 64-bit) started
[2024-03-08 15:44:56] [info]  [52752] Running 'SEMS3_MOBILE' Service...
[2024-03-08 15:44:56] [info]  [53888] Starting service...
[2024-03-08 15:44:57] [info]  [53888] Service started in 1255 ms.
[2024-03-11 12:18:48] [info]  [17980] Stopping service...
[2024-03-11 12:19:04] [info]  [17980] Service stop thread completed.
[2024-03-11 12:19:05] [info]  [52752] Run service finished.
[2024-03-11 12:19:05] [info]  [52752] Commons Daemon procrun finished
