[2024-03-14 10:06:40] [info]  [ 2864] Commons Daemon procrun (1.0.15.0 64-bit) started
[2024-03-14 10:06:49] [info]  [ 2864] Running 'SEMS3_MOBILE' Service...
[2024-03-14 10:06:54] [info]  [ 2680] Starting service...
[2024-03-14 10:07:04] [info]  [ 2680] Service started in 2015 ms.
[2024-03-14 11:41:13] [info]  [19980] Stopping service...
[2024-03-14 11:41:15] [info]  [19980] Service stop thread completed.
[2024-03-14 11:41:16] [info]  [ 2864] Run service finished.
[2024-03-14 11:41:17] [info]  [ 2864] Commons Daemon procrun finished
[2024-03-14 11:41:17] [info]  [20008] Commons Daemon procrun (1.0.15.0 64-bit) started
[2024-03-14 11:41:17] [info]  [20008] Running 'SEMS3_MOBILE' Service...
[2024-03-14 11:41:17] [info]  [19324] Starting service...
[2024-03-14 11:41:19] [info]  [19324] Service started in 1281 ms.
[2024-03-14 19:51:52] [info]  [88972] Stopping service...
[2024-03-14 19:51:58] [info]  [88972] Service stop thread completed.
[2024-03-14 19:51:58] [info]  [20008] Run service finished.
[2024-03-14 19:51:58] [info]  [20008] Commons Daemon procrun finished
[2024-03-14 19:52:00] [info]  [86264] Commons Daemon procrun (1.0.15.0 64-bit) started
[2024-03-14 19:52:01] [info]  [86264] Running 'SEMS3_MOBILE' Service...
[2024-03-14 19:52:01] [info]  [87856] Starting service...
[2024-03-14 19:52:03] [info]  [87856] Service started in 1328 ms.
[2024-03-14 20:17:35] [info]  [87472] Stopping service...
[2024-03-14 20:17:37] [info]  [87472] Service stop thread completed.
[2024-03-14 20:17:37] [info]  [86264] Run service finished.
[2024-03-14 20:17:37] [info]  [86264] Commons Daemon procrun finished
[2024-03-14 20:17:37] [info]  [91652] Commons Daemon procrun (1.0.15.0 64-bit) started
[2024-03-14 20:17:38] [info]  [91652] Running 'SEMS3_MOBILE' Service...
[2024-03-14 20:17:38] [info]  [91492] Starting service...
[2024-03-14 20:17:39] [info]  [91492] Service started in 1265 ms.
[2024-03-14 20:29:22] [info]  [92708] Stopping service...
[2024-03-14 20:29:23] [info]  [92708] Service stop thread completed.
[2024-03-14 20:29:24] [info]  [91652] Run service finished.
[2024-03-14 20:29:24] [info]  [91652] Commons Daemon procrun finished
[2024-03-14 20:29:26] [info]  [94188] Commons Daemon procrun (1.0.15.0 64-bit) started
[2024-03-14 20:29:26] [info]  [94188] Running 'SEMS3_MOBILE' Service...
[2024-03-14 20:29:26] [info]  [93172] Starting service...
[2024-03-14 20:29:27] [info]  [93172] Service started in 1265 ms.
[2024-03-14 20:31:56] [info]  [93196] Stopping service...
[2024-03-14 20:32:01] [info]  [93196] Service stop thread completed.
[2024-03-14 20:32:02] [info]  [94188] Run service finished.
[2024-03-14 20:32:02] [info]  [94188] Commons Daemon procrun finished
[2024-03-14 20:32:02] [info]  [94036] Commons Daemon procrun (1.0.15.0 64-bit) started
[2024-03-14 20:32:02] [info]  [94036] Running 'SEMS3_MOBILE' Service...
[2024-03-14 20:32:02] [info]  [88428] Starting service...
[2024-03-14 20:32:04] [info]  [88428] Service started in 1265 ms.
[2024-03-14 20:45:25] [info]  [95620] Stopping service...
[2024-03-14 20:45:26] [info]  [95620] Service stop thread completed.
[2024-03-14 20:45:28] [info]  [94036] Run service finished.
[2024-03-14 20:45:28] [info]  [94036] Commons Daemon procrun finished
[2024-03-14 20:45:32] [info]  [95812] Commons Daemon procrun (1.0.15.0 64-bit) started
[2024-03-14 20:45:32] [info]  [95812] Running 'SEMS3_MOBILE' Service...
[2024-03-14 20:45:32] [info]  [92836] Starting service...
[2024-03-14 20:45:33] [info]  [92836] Service started in 1265 ms.
[2024-03-20 12:54:44] [info]  [19688] Console SHUTDOWN event signaled
[2024-03-20 12:54:47] [info]  [19688] Stopping service...
[2024-03-20 12:55:00] [info]  [95812] Service SHUTDOWN signaled
[2024-03-20 12:55:03] [info]  [15168] Stopping service...
[2024-03-20 12:55:41] [info]  [19688] Service stop thread completed.
[2024-03-20 12:55:46] [info]  [15168] Service stop thread completed.
[2024-03-20 12:55:50] [info]  [95812] Run service finished.
[2024-03-20 12:55:53] [info]  [95812] Commons Daemon procrun finished
