[2024-04-02 17:39:42] [info]  [88448] Commons Daemon procrun (1.0.15.0 64-bit) started
[2024-04-02 17:39:42] [info]  [88448] Running 'SEMS3_MOBILE' Service...
[2024-04-02 17:39:42] [info]  [48400] Starting service...
[2024-04-02 17:39:44] [info]  [48400] Service started in 1265 ms.
[2024-04-02 18:36:03] [info]  [59984] Stopping service...
[2024-04-02 18:36:04] [info]  [59984] Service stop thread completed.
[2024-04-02 18:36:04] [info]  [88448] Run service finished.
[2024-04-02 18:36:04] [info]  [88448] Commons Daemon procrun finished
[2024-04-02 18:36:05] [info]  [16568] Commons Daemon procrun (1.0.15.0 64-bit) started
[2024-04-02 18:36:05] [info]  [16568] Running 'SEMS3_MOBILE' Service...
[2024-04-02 18:36:05] [info]  [38332] Starting service...
[2024-04-02 18:36:07] [info]  [38332] Service started in 1250 ms.
[2024-04-02 18:39:14] [info]  [46036] Stopping service...
[2024-04-02 18:39:33] [info]  [46036] Service stop thread completed.
[2024-04-02 18:39:33] [info]  [16568] Run service finished.
[2024-04-02 18:39:33] [info]  [16568] Commons Daemon procrun finished
[2024-04-02 18:39:34] [info]  [48440] Commons Daemon procrun (1.0.15.0 64-bit) started
[2024-04-02 18:39:34] [info]  [48440] Running 'SEMS3_MOBILE' Service...
[2024-04-02 18:39:34] [info]  [17556] Starting service...
[2024-04-02 18:39:36] [info]  [17556] Service started in 1249 ms.
[2024-04-04 18:28:23] [info]  [15760] Stopping service...
[2024-04-04 18:28:25] [info]  [15760] Service stop thread completed.
[2024-04-04 18:28:25] [info]  [48440] Run service finished.
[2024-04-04 18:28:25] [info]  [48440] Commons Daemon procrun finished
