[2023-05-08 10:27:10] [info]  [68756] Commons Daemon procrun (1.0.15.0 64-bit) started
[2023-05-08 10:27:10] [info]  [68756] Running 'SEMS3_MOBILE' Service...
[2023-05-08 10:27:10] [info]  [37716] Starting service...
[2023-05-08 10:27:11] [info]  [37716] Service started in 1246 ms.
[2023-05-08 10:31:51] [info]  [74124] Stopping service...
[2023-05-08 10:31:52] [info]  [74124] Service stop thread completed.
[2023-05-08 10:31:53] [info]  [68756] Run service finished.
[2023-05-08 10:31:53] [info]  [68756] Commons Daemon procrun finished
[2023-05-08 10:31:53] [info]  [57756] Commons Daemon procrun (1.0.15.0 64-bit) started
[2023-05-08 10:31:53] [info]  [57756] Running 'SEMS3_MOBILE' Service...
[2023-05-08 10:31:54] [info]  [49760] Starting service...
[2023-05-08 10:31:55] [info]  [49760] Service started in 1246 ms.
[2023-05-08 10:33:18] [info]  [66952] Stopping service...
[2023-05-08 10:33:19] [info]  [66952] Service stop thread completed.
[2023-05-08 10:33:19] [info]  [57756] Run service finished.
[2023-05-08 10:33:19] [info]  [57756] Commons Daemon procrun finished
[2023-05-08 10:33:20] [info]  [51328] Commons Daemon procrun (1.0.15.0 64-bit) started
[2023-05-08 10:33:20] [info]  [51328] Running 'SEMS3_MOBILE' Service...
[2023-05-08 10:33:20] [info]  [67364] Starting service...
[2023-05-08 10:33:21] [info]  [67364] Service started in 1244 ms.
[2023-05-08 10:35:24] [info]  [40248] Stopping service...
[2023-05-08 10:35:26] [info]  [40248] Service stop thread completed.
[2023-05-08 10:35:26] [info]  [51328] Run service finished.
[2023-05-08 10:35:26] [info]  [51328] Commons Daemon procrun finished
[2023-05-08 10:35:26] [info]  [67524] Commons Daemon procrun (1.0.15.0 64-bit) started
[2023-05-08 10:35:27] [info]  [67524] Running 'SEMS3_MOBILE' Service...
[2023-05-08 10:35:27] [info]  [60544] Starting service...
[2023-05-08 10:35:28] [info]  [60544] Service started in 1246 ms.
[2023-05-08 10:36:03] [info]  [ 9940] Stopping service...
[2023-05-08 10:36:04] [info]  [ 9940] Service stop thread completed.
[2023-05-08 10:36:05] [info]  [67524] Run service finished.
[2023-05-08 10:36:05] [info]  [67524] Commons Daemon procrun finished
[2023-05-08 10:36:05] [info]  [67580] Commons Daemon procrun (1.0.15.0 64-bit) started
[2023-05-08 10:36:05] [info]  [67580] Running 'SEMS3_MOBILE' Service...
[2023-05-08 10:36:06] [info]  [39712] Starting service...
[2023-05-08 10:36:07] [info]  [39712] Service started in 1245 ms.
[2023-05-08 10:43:30] [info]  [41424] Stopping service...
[2023-05-08 10:43:31] [info]  [41424] Service stop thread completed.
[2023-05-08 10:43:31] [info]  [67580] Run service finished.
[2023-05-08 10:43:31] [info]  [67580] Commons Daemon procrun finished
[2023-05-08 10:43:32] [info]  [48840] Commons Daemon procrun (1.0.15.0 64-bit) started
[2023-05-08 10:43:32] [info]  [48840] Running 'SEMS3_MOBILE' Service...
[2023-05-08 10:43:32] [info]  [13764] Starting service...
[2023-05-08 10:43:33] [info]  [13764] Service started in 1245 ms.
[2023-05-08 10:45:18] [info]  [76788] Stopping service...
[2023-05-08 10:45:19] [info]  [76788] Service stop thread completed.
[2023-05-08 10:45:19] [info]  [48840] Run service finished.
[2023-05-08 10:45:19] [info]  [48840] Commons Daemon procrun finished
[2023-05-08 10:45:20] [info]  [57376] Commons Daemon procrun (1.0.15.0 64-bit) started
[2023-05-08 10:45:20] [info]  [57376] Running 'SEMS3_MOBILE' Service...
[2023-05-08 10:45:20] [info]  [58892] Starting service...
[2023-05-08 10:45:21] [info]  [58892] Service started in 1247 ms.
[2023-05-08 10:54:59] [info]  [49832] Stopping service...
[2023-05-08 10:55:01] [info]  [49832] Service stop thread completed.
[2023-05-08 10:55:26] [info]  [45184] Commons Daemon procrun (1.0.15.0 64-bit) started
[2023-05-08 10:55:27] [info]  [45184] Running 'SEMS3_MOBILE' Service...
[2023-05-08 10:55:27] [info]  [45916] Starting service...
[2023-05-08 10:55:28] [info]  [45916] Service started in 1246 ms.
[2023-05-08 11:02:02] [info]  [80684] Stopping service...
[2023-05-08 11:02:03] [info]  [80684] Service stop thread completed.
[2023-05-08 11:02:03] [info]  [45184] Run service finished.
[2023-05-08 11:02:03] [info]  [45184] Commons Daemon procrun finished
[2023-05-08 11:02:04] [info]  [61916] Commons Daemon procrun (1.0.15.0 64-bit) started
[2023-05-08 11:02:04] [info]  [61916] Running 'SEMS3_MOBILE' Service...
[2023-05-08 11:02:04] [info]  [65652] Starting service...
[2023-05-08 11:02:06] [info]  [65652] Service started in 1248 ms.
[2023-05-08 11:04:49] [info]  [60956] Stopping service...
[2023-05-08 11:04:50] [info]  [60956] Service stop thread completed.
[2023-05-08 11:04:51] [info]  [61916] Run service finished.
[2023-05-08 11:04:51] [info]  [61916] Commons Daemon procrun finished
[2023-05-08 11:04:51] [info]  [43876] Commons Daemon procrun (1.0.15.0 64-bit) started
[2023-05-08 11:04:51] [info]  [43876] Running 'SEMS3_MOBILE' Service...
[2023-05-08 11:04:51] [info]  [57220] Starting service...
[2023-05-08 11:04:53] [info]  [57220] Service started in 1247 ms.
[2023-05-08 11:40:18] [info]  [77948] Stopping service...
[2023-05-08 11:40:19] [info]  [77948] Service stop thread completed.
[2023-05-08 11:40:19] [info]  [43876] Run service finished.
[2023-05-08 11:40:19] [info]  [43876] Commons Daemon procrun finished
[2023-05-08 11:40:20] [info]  [33592] Commons Daemon procrun (1.0.15.0 64-bit) started
[2023-05-08 11:40:20] [info]  [33592] Running 'SEMS3_MOBILE' Service...
[2023-05-08 11:40:21] [info]  [65828] Starting service...
[2023-05-08 11:40:22] [info]  [65828] Service started in 1248 ms.
[2023-05-08 11:42:08] [info]  [ 2364] Stopping service...
[2023-05-08 11:42:09] [info]  [ 2364] Service stop thread completed.
[2023-05-08 11:42:10] [info]  [33592] Run service finished.
[2023-05-08 11:42:10] [info]  [33592] Commons Daemon procrun finished
[2023-05-08 11:42:10] [info]  [59064] Commons Daemon procrun (1.0.15.0 64-bit) started
[2023-05-08 11:42:10] [info]  [59064] Running 'SEMS3_MOBILE' Service...
[2023-05-08 11:42:10] [info]  [71620] Starting service...
[2023-05-08 11:42:12] [info]  [71620] Service started in 1248 ms.
[2023-05-08 13:48:22] [info]  [47904] Stopping service...
[2023-05-08 13:48:23] [info]  [47904] Service stop thread completed.
[2023-05-08 13:48:23] [info]  [59064] Run service finished.
[2023-05-08 13:48:24] [info]  [59064] Commons Daemon procrun finished
[2023-05-08 13:48:30] [info]  [52584] Commons Daemon procrun (1.0.15.0 64-bit) started
[2023-05-08 13:48:31] [info]  [52584] Running 'SEMS3_MOBILE' Service...
[2023-05-08 13:48:31] [info]  [ 5308] Starting service...
[2023-05-08 13:48:32] [info]  [ 5308] Service started in 1248 ms.
[2023-05-08 13:59:43] [info]  [39228] Stopping service...
[2023-05-08 13:59:44] [info]  [39228] Service stop thread completed.
[2023-05-08 13:59:44] [info]  [52584] Run service finished.
[2023-05-08 13:59:44] [info]  [52584] Commons Daemon procrun finished
[2023-05-08 13:59:46] [info]  [83296] Commons Daemon procrun (1.0.15.0 64-bit) started
[2023-05-08 13:59:46] [info]  [83296] Running 'SEMS3_MOBILE' Service...
[2023-05-08 13:59:47] [info]  [25228] Starting service...
[2023-05-08 13:59:48] [info]  [25228] Service started in 1246 ms.
[2023-05-08 14:01:46] [info]  [27836] Stopping service...
[2023-05-08 14:01:51] [info]  [27836] Service stop thread completed.
[2023-05-08 14:01:52] [info]  [83296] Run service finished.
[2023-05-08 14:01:52] [info]  [83296] Commons Daemon procrun finished
[2023-05-08 14:01:52] [info]  [56216] Commons Daemon procrun (1.0.15.0 64-bit) started
[2023-05-08 14:01:52] [info]  [56216] Running 'SEMS3_MOBILE' Service...
[2023-05-08 14:01:52] [info]  [ 3548] Starting service...
[2023-05-08 14:01:54] [info]  [ 3548] Service started in 1248 ms.
[2023-05-08 15:51:28] [info]  [21924] Stopping service...
[2023-05-08 15:51:30] [info]  [21924] Service stop thread completed.
[2023-05-08 15:51:30] [info]  [56216] Run service finished.
[2023-05-08 15:51:30] [info]  [56216] Commons Daemon procrun finished
[2023-05-08 15:51:30] [info]  [21180] Commons Daemon procrun (1.0.15.0 64-bit) started
[2023-05-08 15:51:31] [info]  [21180] Running 'SEMS3_MOBILE' Service...
[2023-05-08 15:51:31] [info]  [16404] Starting service...
[2023-05-08 15:51:32] [info]  [16404] Service started in 1246 ms.
[2023-05-08 15:52:53] [info]  [21052] Stopping service...
[2023-05-08 15:52:54] [info]  [21052] Service stop thread completed.
[2023-05-08 15:52:54] [info]  [21180] Run service finished.
[2023-05-08 15:52:54] [info]  [21180] Commons Daemon procrun finished
[2023-05-08 15:52:55] [info]  [52972] Commons Daemon procrun (1.0.15.0 64-bit) started
[2023-05-08 15:52:55] [info]  [52972] Running 'SEMS3_MOBILE' Service...
[2023-05-08 15:52:55] [info]  [27304] Starting service...
[2023-05-08 15:52:56] [info]  [27304] Service started in 1247 ms.
[2023-05-08 15:59:06] [info]  [12932] Stopping service...
[2023-05-08 15:59:07] [info]  [12932] Service stop thread completed.
[2023-05-08 15:59:07] [info]  [52972] Run service finished.
[2023-05-08 15:59:07] [info]  [52972] Commons Daemon procrun finished
[2023-05-08 15:59:09] [info]  [23932] Commons Daemon procrun (1.0.15.0 64-bit) started
[2023-05-08 15:59:09] [info]  [23932] Running 'SEMS3_MOBILE' Service...
[2023-05-08 15:59:10] [info]  [36748] Starting service...
[2023-05-08 15:59:11] [info]  [36748] Service started in 1246 ms.
[2023-05-08 16:01:52] [info]  [32488] Stopping service...
[2023-05-08 16:01:53] [info]  [32488] Service stop thread completed.
[2023-05-08 16:01:53] [info]  [23932] Run service finished.
[2023-05-08 16:01:53] [info]  [23932] Commons Daemon procrun finished
[2023-05-08 16:02:08] [info]  [50292] Commons Daemon procrun (1.0.15.0 64-bit) started
[2023-05-08 16:02:08] [info]  [50292] Running 'SEMS3_MOBILE' Service...
[2023-05-08 16:02:08] [info]  [17720] Starting service...
[2023-05-08 16:02:10] [info]  [17720] Service started in 1276 ms.
[2023-05-08 16:09:48] [info]  [25032] Stopping service...
[2023-05-08 16:09:49] [info]  [25032] Service stop thread completed.
[2023-05-08 16:09:49] [info]  [50292] Run service finished.
[2023-05-08 16:09:49] [info]  [50292] Commons Daemon procrun finished
[2023-05-08 16:09:50] [info]  [16488] Commons Daemon procrun (1.0.15.0 64-bit) started
[2023-05-08 16:09:50] [info]  [16488] Running 'SEMS3_MOBILE' Service...
[2023-05-08 16:09:50] [info]  [31024] Starting service...
[2023-05-08 16:09:52] [info]  [31024] Service started in 1248 ms.
[2023-05-08 16:14:12] [info]  [29396] Stopping service...
[2023-05-08 16:14:13] [info]  [29396] Service stop thread completed.
[2023-05-08 16:14:34] [info]  [28108] Commons Daemon procrun (1.0.15.0 64-bit) started
[2023-05-08 16:14:34] [info]  [28108] Running 'SEMS3_MOBILE' Service...
[2023-05-08 16:14:35] [info]  [26716] Starting service...
[2023-05-08 16:14:36] [info]  [26716] Service started in 1245 ms.
[2023-05-08 16:15:54] [info]  [21072] Stopping service...
[2023-05-08 16:15:55] [info]  [21072] Service stop thread completed.
[2023-05-08 16:16:18] [info]  [21632] Commons Daemon procrun (1.0.15.0 64-bit) started
[2023-05-08 16:16:18] [info]  [21632] Running 'SEMS3_MOBILE' Service...
[2023-05-08 16:16:18] [info]  [19968] Starting service...
[2023-05-08 16:16:19] [info]  [19968] Service started in 1247 ms.
[2023-05-08 16:41:54] [info]  [54860] Stopping service...
[2023-05-08 16:41:55] [info]  [54860] Service stop thread completed.
[2023-05-08 16:41:55] [info]  [21632] Run service finished.
[2023-05-08 16:41:55] [info]  [21632] Commons Daemon procrun finished
[2023-05-08 16:41:57] [info]  [43600] Commons Daemon procrun (1.0.15.0 64-bit) started
[2023-05-08 16:41:58] [info]  [43600] Running 'SEMS3_MOBILE' Service...
[2023-05-08 16:41:58] [info]  [45588] Starting service...
[2023-05-08 16:41:59] [info]  [45588] Service started in 1248 ms.
[2023-05-08 16:43:36] [info]  [68232] Stopping service...
[2023-05-08 16:43:37] [info]  [68232] Service stop thread completed.
[2023-05-08 16:43:38] [info]  [43600] Run service finished.
[2023-05-08 16:43:38] [info]  [43600] Commons Daemon procrun finished
[2023-05-08 16:43:51] [info]  [68364] Commons Daemon procrun (1.0.15.0 64-bit) started
[2023-05-08 16:43:51] [info]  [68364] Running 'SEMS3_MOBILE' Service...
[2023-05-08 16:43:52] [info]  [64176] Starting service...
[2023-05-08 16:43:53] [info]  [64176] Service started in 1250 ms.
[2023-05-18 15:43:07] [info]  [56460] Stopping service...
[2023-05-18 15:43:08] [info]  [56460] Service stop thread completed.
[2023-05-18 15:43:08] [info]  [68364] Run service finished.
[2023-05-18 15:43:08] [info]  [68364] Commons Daemon procrun finished
