[2024-03-12 12:03:29] [info]  [44448] Commons Daemon procrun (1.0.15.0 64-bit) started
[2024-03-12 12:03:30] [info]  [44448] Running 'SEMS3_MOBILE' Service...
[2024-03-12 12:03:30] [info]  [19324] Starting service...
[2024-03-12 12:03:31] [info]  [19324] Service started in 1266 ms.
[2024-03-12 13:32:15] [info]  [23288] Stopping service...
[2024-03-12 13:32:29] [info]  [23288] Service stop thread completed.
[2024-03-12 13:32:29] [info]  [44448] Run service finished.
[2024-03-12 13:32:30] [info]  [44448] Commons Daemon procrun finished
[2024-03-12 13:32:31] [info]  [47220] Commons Daemon procrun (1.0.15.0 64-bit) started
[2024-03-12 13:32:31] [info]  [47220] Running 'SEMS3_MOBILE' Service...
[2024-03-12 13:32:32] [info]  [56516] Starting service...
[2024-03-12 13:32:33] [info]  [56516] Service started in 1249 ms.
[2024-03-12 14:20:42] [info]  [39864] Stopping service...
[2024-03-12 14:20:43] [info]  [39864] Service stop thread completed.
[2024-03-12 14:20:43] [info]  [47220] Run service finished.
[2024-03-12 14:20:43] [info]  [47220] Commons Daemon procrun finished
[2024-03-12 14:20:44] [info]  [38812] Commons Daemon procrun (1.0.15.0 64-bit) started
[2024-03-12 14:20:44] [info]  [38812] Running 'SEMS3_MOBILE' Service...
[2024-03-12 14:20:44] [info]  [37740] Starting service...
[2024-03-12 14:20:46] [info]  [37740] Service started in 1247 ms.
[2024-03-12 15:51:59] [info]  [78724] Stopping service...
[2024-03-12 15:52:14] [info]  [78724] Service stop thread completed.
[2024-03-12 15:52:14] [info]  [38812] Run service finished.
[2024-03-12 15:52:14] [info]  [38812] Commons Daemon procrun finished
[2024-03-12 15:52:15] [info]  [62200] Commons Daemon procrun (1.0.15.0 64-bit) started
[2024-03-12 15:52:15] [info]  [62200] Running 'SEMS3_MOBILE' Service...
[2024-03-12 15:52:15] [info]  [67100] Starting service...
[2024-03-12 15:52:17] [info]  [67100] Service started in 1248 ms.
[2024-03-12 16:14:55] [info]  [ 4700] Stopping service...
[2024-03-12 16:15:12] [info]  [ 4700] Service stop thread completed.
[2024-03-12 16:15:13] [info]  [62200] Run service finished.
[2024-03-12 16:15:13] [info]  [62200] Commons Daemon procrun finished
[2024-03-12 16:15:15] [info]  [66968] Commons Daemon procrun (1.0.15.0 64-bit) started
[2024-03-12 16:15:15] [info]  [66968] Running 'SEMS3_MOBILE' Service...
[2024-03-12 16:15:15] [info]  [28904] Starting service...
[2024-03-12 16:15:16] [info]  [28904] Service started in 1246 ms.
[2024-03-13 11:38:16] [info]  [54888] Stopping service...
[2024-03-13 11:38:17] [info]  [54888] Service stop thread completed.
[2024-03-13 11:38:17] [info]  [66968] Run service finished.
[2024-03-13 11:38:17] [info]  [66968] Commons Daemon procrun finished
