[2023-10-30 11:11:58] [info]  [34500] Commons Daemon procrun (1.0.15.0 64-bit) started
[2023-10-30 11:11:58] [info]  [34500] Running 'SEMS3_MOBILE' Service...
[2023-10-30 11:11:58] [info]  [43780] Starting service...
[2023-10-30 11:12:00] [info]  [43780] Service started in 1774 ms.
[2023-10-30 11:17:05] [info]  [ 9944] Stopping service...
[2023-10-30 11:17:06] [info]  [ 9944] Service stop thread completed.
[2023-10-30 11:17:07] [info]  [34500] Run service finished.
[2023-10-30 11:17:07] [info]  [34500] Commons Daemon procrun finished
[2023-10-30 11:17:07] [info]  [16984] Commons Daemon procrun (1.0.15.0 64-bit) started
[2023-10-30 11:17:07] [info]  [16984] Running 'SEMS3_MOBILE' Service...
[2023-10-30 11:17:07] [info]  [43124] Starting service...
[2023-10-30 11:17:09] [info]  [43124] Service started in 1254 ms.
[2023-10-30 14:53:23] [info]  [23472] Stopping service...
[2023-10-30 14:53:24] [info]  [23472] Service stop thread completed.
[2023-10-30 14:53:24] [info]  [16984] Run service finished.
[2023-10-30 14:53:25] [info]  [16984] Commons Daemon procrun finished
[2023-10-30 14:53:25] [info]  [59836] Commons Daemon procrun (1.0.15.0 64-bit) started
[2023-10-30 14:53:25] [info]  [59836] Running 'SEMS3_MOBILE' Service...
[2023-10-30 14:53:25] [info]  [10892] Starting service...
[2023-10-30 14:53:27] [info]  [10892] Service started in 1248 ms.
[2023-10-30 14:57:02] [info]  [62616] Stopping service...
[2023-10-30 14:57:03] [info]  [62616] Service stop thread completed.
[2023-10-30 14:57:03] [info]  [59836] Run service finished.
[2023-10-30 14:57:03] [info]  [59836] Commons Daemon procrun finished
[2023-10-30 14:57:04] [info]  [37072] Commons Daemon procrun (1.0.15.0 64-bit) started
[2023-10-30 14:57:04] [info]  [37072] Running 'SEMS3_MOBILE' Service...
[2023-10-30 14:57:04] [info]  [13384] Starting service...
[2023-10-30 14:57:06] [info]  [13384] Service started in 1249 ms.
[2023-11-17 16:52:00] [info]  [31760] Stopping service...
[2023-11-17 16:52:01] [info]  [31760] Service stop thread completed.
[2023-11-17 16:52:01] [info]  [37072] Run service finished.
[2023-11-17 16:52:02] [info]  [37072] Commons Daemon procrun finished
