[2023-07-17 16:11:15] [info]  [23420] Commons Daemon procrun (1.0.15.0 64-bit) started
[2023-07-17 16:11:16] [info]  [23420] Running 'SEMS3_MOBILE' Service...
[2023-07-17 16:11:16] [info]  [47096] Starting service...
[2023-07-17 16:11:17] [info]  [47096] Service started in 1269 ms.
[2023-07-17 16:14:53] [info]  [11328] Stopping service...
[2023-07-17 16:14:54] [info]  [11328] Service stop thread completed.
[2023-07-17 16:14:55] [info]  [23420] Run service finished.
[2023-07-17 16:14:55] [info]  [23420] Commons Daemon procrun finished
[2023-07-17 16:14:55] [info]  [69132] Commons Daemon procrun (1.0.15.0 64-bit) started
[2023-07-17 16:14:56] [info]  [69132] Running 'SEMS3_MOBILE' Service...
[2023-07-17 16:14:56] [info]  [12804] Starting service...
[2023-07-17 16:14:57] [info]  [12804] Service started in 1245 ms.
[2023-07-17 16:17:47] [info]  [27028] Stopping service...
[2023-07-17 16:17:50] [info]  [27028] Service stop thread completed.
[2023-07-17 16:17:50] [info]  [69132] Run service finished.
[2023-07-17 16:17:51] [info]  [69132] Commons Daemon procrun finished
[2023-07-17 16:17:51] [info]  [80812] Commons Daemon procrun (1.0.15.0 64-bit) started
[2023-07-17 16:17:52] [info]  [80812] Running 'SEMS3_MOBILE' Service...
[2023-07-17 16:17:52] [info]  [77380] Starting service...
[2023-07-17 16:17:53] [info]  [77380] Service started in 1250 ms.
[2023-07-18 11:26:11] [info]  [82708] Stopping service...
[2023-07-18 11:26:12] [info]  [82708] Service stop thread completed.
[2023-07-18 11:26:13] [info]  [80812] Run service finished.
[2023-07-18 11:26:13] [info]  [80812] Commons Daemon procrun finished
