[2024-03-13 11:38:18] [info]  [28604] Commons Daemon procrun (1.0.15.0 64-bit) started
[2024-03-13 11:38:18] [info]  [28604] Running 'SEMS3_MOBILE' Service...
[2024-03-13 11:38:18] [info]  [18792] Starting service...
[2024-03-13 11:38:20] [info]  [18792] Service started in 1246 ms.
[2024-03-13 12:01:42] [info]  [ 1216] Stopping service...
[2024-03-13 12:01:44] [info]  [ 1216] Service stop thread completed.
[2024-03-13 12:01:44] [info]  [28604] Run service finished.
[2024-03-13 12:01:44] [info]  [28604] Commons Daemon procrun finished
[2024-03-13 12:01:44] [info]  [82896] Commons Daemon procrun (1.0.15.0 64-bit) started
[2024-03-13 12:01:45] [info]  [82896] Running 'SEMS3_MOBILE' Service...
[2024-03-13 12:01:45] [info]  [16048] Starting service...
[2024-03-13 12:01:46] [info]  [16048] Service started in 1245 ms.
[2024-03-13 12:05:21] [info]  [62820] Stopping service...
[2024-03-13 12:05:39] [info]  [62820] Service stop thread completed.
[2024-03-13 12:05:39] [info]  [82896] Run service finished.
[2024-03-13 12:05:39] [info]  [82896] Commons Daemon procrun finished
[2024-03-13 12:05:41] [info]  [47716] Commons Daemon procrun (1.0.15.0 64-bit) started
[2024-03-13 12:05:41] [info]  [47716] Running 'SEMS3_MOBILE' Service...
[2024-03-13 12:05:41] [info]  [32504] Starting service...
[2024-03-13 12:05:43] [info]  [32504] Service started in 1245 ms.
[2024-03-13 16:19:09] [info]  [67688] Stopping service...
[2024-03-13 16:19:11] [info]  [67688] Service stop thread completed.
[2024-03-13 16:19:11] [info]  [47716] Run service finished.
[2024-03-13 16:19:11] [info]  [47716] Commons Daemon procrun finished
[2024-03-13 16:19:11] [info]  [73304] Commons Daemon procrun (1.0.15.0 64-bit) started
[2024-03-13 16:19:12] [info]  [73304] Running 'SEMS3_MOBILE' Service...
[2024-03-13 16:19:12] [info]  [10404] Starting service...
[2024-03-13 16:19:13] [info]  [10404] Service started in 1252 ms.
[2024-03-13 17:53:38] [info]  [17192] Stopping service...
[2024-03-13 17:53:39] [info]  [17192] Service stop thread completed.
[2024-03-13 17:53:39] [info]  [73304] Run service finished.
[2024-03-13 17:53:39] [info]  [73304] Commons Daemon procrun finished
[2024-03-13 17:53:40] [info]  [48232] Commons Daemon procrun (1.0.15.0 64-bit) started
[2024-03-13 17:53:40] [info]  [48232] Running 'SEMS3_MOBILE' Service...
[2024-03-13 17:53:40] [info]  [80996] Starting service...
[2024-03-13 17:53:41] [info]  [80996] Service started in 1247 ms.
[2024-03-13 18:34:29] [info]  [65596] Stopping service...
[2024-03-13 18:34:30] [info]  [65596] Service stop thread completed.
[2024-03-13 18:34:30] [info]  [48232] Run service finished.
[2024-03-13 18:34:31] [info]  [48232] Commons Daemon procrun finished
[2024-03-13 18:34:31] [info]  [33864] Commons Daemon procrun (1.0.15.0 64-bit) started
[2024-03-13 18:34:31] [info]  [33864] Running 'SEMS3_MOBILE' Service...
[2024-03-13 18:34:31] [info]  [22628] Starting service...
[2024-03-13 18:34:33] [info]  [22628] Service started in 1246 ms.
