[2023-11-20 11:01:29] [info]  [ 8988] Commons Daemon procrun (1.0.15.0 64-bit) started
[2023-11-20 11:01:29] [info]  [ 8988] Running 'SEMS3_MOBILE' Service...
[2023-11-20 11:01:29] [info]  [71808] Starting service...
[2023-11-20 11:01:31] [info]  [71808] Service started in 1858 ms.
[2023-11-20 11:01:39] [info]  [42868] Stopping service...
[2023-11-20 11:01:40] [info]  [42868] Service stop thread completed.
[2023-11-20 11:01:41] [info]  [ 8988] Run service finished.
[2023-11-20 11:01:41] [info]  [ 8988] Commons Daemon procrun finished
[2023-11-20 11:03:05] [info]  [66864] Commons Daemon procrun (1.0.15.0 64-bit) started
[2023-11-20 11:03:05] [info]  [66864] Running 'SEMS3_MOBILE' Service...
[2023-11-20 11:03:05] [info]  [76848] Starting service...
[2023-11-20 11:03:07] [info]  [76848] Service started in 1251 ms.
[2023-11-20 17:21:58] [info]  [70744] Stopping service...
[2023-11-20 17:21:59] [info]  [70744] Service stop thread completed.
[2023-11-20 17:21:59] [info]  [66864] Run service finished.
[2023-11-20 17:22:00] [info]  [66864] Commons Daemon procrun finished
[2023-11-20 17:26:48] [info]  [ 1644] Commons Daemon procrun (1.0.15.0 64-bit) started
[2023-11-20 17:26:48] [info]  [ 1644] Running 'SEMS3_MOBILE' Service...
[2023-11-20 17:26:48] [info]  [14188] Starting service...
[2023-11-20 17:26:50] [info]  [14188] Service started in 1889 ms.
[2023-11-20 17:36:10] [info]  [62072] Stopping service...
[2023-11-20 17:36:11] [info]  [62072] Service stop thread completed.
[2023-11-20 17:36:11] [info]  [ 1644] Run service finished.
[2023-11-20 17:36:11] [info]  [ 1644] Commons Daemon procrun finished
[2023-11-20 17:36:12] [info]  [64768] Commons Daemon procrun (1.0.15.0 64-bit) started
[2023-11-20 17:36:12] [info]  [64768] Running 'SEMS3_MOBILE' Service...
[2023-11-20 17:36:12] [info]  [71100] Starting service...
[2023-11-20 17:36:14] [info]  [71100] Service started in 1249 ms.
[2023-11-27 19:30:56] [info]  [59140] Stopping service...
[2023-11-27 19:31:00] [info]  [59140] Service stop thread completed.
[2023-11-27 19:31:00] [info]  [64768] Run service finished.
[2023-11-27 19:31:01] [info]  [64768] Commons Daemon procrun finished
