[2023-08-09 11:08:56] [info]  [65888] Commons Daemon procrun (1.0.15.0 64-bit) started
[2023-08-09 11:08:56] [info]  [65888] Running 'SEMS3_MOBILE' Service...
[2023-08-09 11:08:57] [info]  [36340] Starting service...
[2023-08-09 11:08:58] [info]  [36340] Service started in 1247 ms.
[2023-08-09 11:30:18] [info]  [63368] Stopping service...
[2023-08-09 11:30:19] [info]  [63368] Service stop thread completed.
[2023-08-09 11:30:20] [info]  [65888] Run service finished.
[2023-08-09 11:30:20] [info]  [65888] Commons Daemon procrun finished
[2023-08-09 11:30:20] [info]  [61040] Commons Daemon procrun (1.0.15.0 64-bit) started
[2023-08-09 11:30:21] [info]  [61040] Running 'SEMS3_MOBILE' Service...
[2023-08-09 11:30:21] [info]  [53508] Starting service...
[2023-08-09 11:30:22] [info]  [53508] Service started in 1247 ms.
[2023-08-09 11:32:51] [info]  [80076] Stopping service...
[2023-08-09 11:32:52] [info]  [80076] Service stop thread completed.
[2023-08-09 11:32:53] [info]  [61040] Run service finished.
[2023-08-09 11:32:53] [info]  [61040] Commons Daemon procrun finished
[2023-08-09 11:32:53] [info]  [29928] Commons Daemon procrun (1.0.15.0 64-bit) started
[2023-08-09 11:32:53] [info]  [29928] Running 'SEMS3_MOBILE' Service...
[2023-08-09 11:32:54] [info]  [19916] Starting service...
[2023-08-09 11:32:55] [info]  [19916] Service started in 1248 ms.
[2023-08-09 11:51:11] [info]  [ 7908] Stopping service...
[2023-08-09 11:51:12] [info]  [ 7908] Service stop thread completed.
[2023-08-09 11:51:13] [info]  [29928] Run service finished.
[2023-08-09 11:51:13] [info]  [29928] Commons Daemon procrun finished
[2023-08-09 11:51:13] [info]  [46528] Commons Daemon procrun (1.0.15.0 64-bit) started
[2023-08-09 11:51:13] [info]  [46528] Running 'SEMS3_MOBILE' Service...
[2023-08-09 11:51:13] [info]  [48556] Starting service...
[2023-08-09 11:51:15] [info]  [48556] Service started in 1247 ms.
[2023-08-09 13:34:50] [info]  [47044] Stopping service...
[2023-08-09 13:35:03] [info]  [47044] Service stop thread completed.
[2023-08-09 13:35:03] [info]  [46528] Run service finished.
[2023-08-09 13:35:03] [info]  [46528] Commons Daemon procrun finished
[2023-08-09 13:35:04] [info]  [29856] Commons Daemon procrun (1.0.15.0 64-bit) started
[2023-08-09 13:35:04] [info]  [29856] Running 'SEMS3_MOBILE' Service...
[2023-08-09 13:35:04] [info]  [54204] Starting service...
[2023-08-09 13:35:06] [info]  [54204] Service started in 1245 ms.
[2023-08-18 14:12:56] [info]  [42060] Stopping service...
[2023-08-18 14:13:11] [info]  [42060] Service stop thread completed.
[2023-08-18 14:13:11] [info]  [29856] Run service finished.
[2023-08-18 14:13:11] [info]  [29856] Commons Daemon procrun finished
