[2024-03-04 16:36:30] [info]  [20028] Commons Daemon procrun (1.0.15.0 64-bit) started
[2024-03-04 16:36:30] [info]  [20028] Running 'SEMS3_MOBILE' Service...
[2024-03-04 16:36:31] [info]  [37788] Starting service...
[2024-03-04 16:36:32] [info]  [37788] Service started in 1261 ms.
[2024-03-04 17:12:28] [info]  [69732] Stopping service...
[2024-03-04 17:12:44] [info]  [69732] Service stop thread completed.
[2024-03-04 17:12:45] [info]  [20028] Run service finished.
[2024-03-04 17:12:46] [info]  [20028] Commons Daemon procrun finished
[2024-03-04 17:12:46] [info]  [36720] Commons Daemon procrun (1.0.15.0 64-bit) started
[2024-03-04 17:12:46] [info]  [36720] Running 'SEMS3_MOBILE' Service...
[2024-03-04 17:12:46] [info]  [60628] Starting service...
[2024-03-04 17:12:48] [info]  [60628] Service started in 1249 ms.
[2024-03-04 17:16:57] [info]  [ 7664] Stopping service...
[2024-03-04 17:17:14] [info]  [ 7664] Service stop thread completed.
[2024-03-04 17:17:15] [info]  [36720] Run service finished.
[2024-03-04 17:17:15] [info]  [36720] Commons Daemon procrun finished
[2024-03-04 17:17:15] [info]  [64964] Commons Daemon procrun (1.0.15.0 64-bit) started
[2024-03-04 17:17:15] [info]  [64964] Running 'SEMS3_MOBILE' Service...
[2024-03-04 17:17:16] [info]  [26208] Starting service...
[2024-03-04 17:17:17] [info]  [26208] Service started in 1247 ms.
[2024-03-07 16:20:28] [info]  [74076] Stopping service...
[2024-03-07 16:20:45] [info]  [74076] Service stop thread completed.
[2024-03-07 16:20:45] [info]  [64964] Run service finished.
[2024-03-07 16:20:46] [info]  [64964] Commons Daemon procrun finished
