[2024-03-28 10:45:19] [info]  [413480] Commons Daemon procrun (1.0.15.0 64-bit) started
[2024-03-28 10:45:19] [info]  [413480] Running 'SEMS3_MOBILE' Service...
[2024-03-28 10:45:19] [info]  [412808] Starting service...
[2024-03-28 10:45:21] [info]  [412808] Service started in 1328 ms.
[2024-03-28 18:06:22] [info]  [428516] Console SHUTDOWN event signaled
[2024-03-28 18:06:23] [info]  [428516] Stopping service...
[2024-03-28 18:06:25] [info]  [428516] Service stop thread completed.
[2024-03-28 18:06:29] [info]  [413480] Run service finished.
[2024-03-28 18:06:43] [info]  [413480] Commons Daemon procrun finished
[2024-03-28 18:09:10] [info]  [ 2796] Commons Daemon procrun (1.0.15.0 64-bit) started
[2024-03-28 18:09:13] [info]  [ 2796] Running 'SEMS3_MOBILE' Service...
[2024-03-28 18:09:14] [info]  [ 1332] Starting service...
[2024-03-28 18:09:19] [info]  [ 1332] Service started in 3078 ms.
[2024-03-28 18:55:53] [info]  [  300] Stopping service...
[2024-03-28 18:55:55] [info]  [  300] Service stop thread completed.
[2024-03-28 18:55:57] [info]  [ 2796] Run service finished.
[2024-03-28 18:55:58] [info]  [ 2796] Commons Daemon procrun finished
[2024-03-28 18:56:01] [info]  [ 4920] Commons Daemon procrun (1.0.15.0 64-bit) started
[2024-03-28 18:56:01] [info]  [ 4920] Running 'SEMS3_MOBILE' Service...
[2024-03-28 18:56:02] [info]  [ 5564] Starting service...
[2024-03-28 18:56:03] [info]  [ 5564] Service started in 1281 ms.
[2024-03-29 15:48:09] [info]  [97108] Stopping service...
[2024-03-29 15:48:12] [info]  [97108] Service stop thread completed.
[2024-03-29 15:48:12] [info]  [ 4920] Run service finished.
[2024-03-29 15:48:12] [info]  [ 4920] Commons Daemon procrun finished
