[2024-02-22 13:54:33] [info]  [37796] Commons Daemon procrun (1.0.15.0 64-bit) started
[2024-02-22 13:54:33] [info]  [37796] Running 'SEMS3_MOBILE' Service...
[2024-02-22 13:54:33] [info]  [78608] Starting service...
[2024-02-22 13:54:35] [info]  [78608] Service started in 1269 ms.
[2024-02-22 13:55:09] [info]  [80540] Stopping service...
[2024-02-22 13:55:10] [info]  [80540] Service stop thread completed.
[2024-02-22 13:55:10] [info]  [37796] Run service finished.
[2024-02-22 13:55:10] [info]  [37796] Commons Daemon procrun finished
[2024-02-22 13:55:11] [info]  [24060] Commons Daemon procrun (1.0.15.0 64-bit) started
[2024-02-22 13:55:11] [info]  [24060] Running 'SEMS3_MOBILE' Service...
[2024-02-22 13:55:11] [info]  [35624] Starting service...
[2024-02-22 13:55:12] [info]  [35624] Service started in 1249 ms.
[2024-02-22 13:57:03] [info]  [48740] Stopping service...
[2024-02-22 13:57:04] [info]  [48740] Service stop thread completed.
[2024-02-22 13:57:04] [info]  [24060] Run service finished.
[2024-02-22 13:57:04] [info]  [24060] Commons Daemon procrun finished
[2024-02-22 13:57:05] [info]  [63340] Commons Daemon procrun (1.0.15.0 64-bit) started
[2024-02-22 13:57:05] [info]  [63340] Running 'SEMS3_MOBILE' Service...
[2024-02-22 13:57:05] [info]  [80004] Starting service...
[2024-02-22 13:57:07] [info]  [80004] Service started in 1247 ms.
[2024-02-22 13:59:46] [info]  [59236] Stopping service...
[2024-02-22 13:59:47] [info]  [59236] Service stop thread completed.
[2024-02-22 13:59:47] [info]  [63340] Run service finished.
[2024-02-22 13:59:47] [info]  [63340] Commons Daemon procrun finished
[2024-02-22 14:03:00] [info]  [66360] Commons Daemon procrun (1.0.15.0 64-bit) started
[2024-02-22 14:03:00] [info]  [66360] Running 'SEMS3_MOBILE' Service...
[2024-02-22 14:03:00] [info]  [55124] Starting service...
[2024-02-22 14:03:02] [info]  [55124] Service started in 1260 ms.
[2024-02-22 14:06:01] [info]  [24456] Stopping service...
[2024-02-22 14:06:03] [info]  [24456] Service stop thread completed.
[2024-02-22 14:06:03] [info]  [66360] Run service finished.
[2024-02-22 14:06:03] [info]  [66360] Commons Daemon procrun finished
[2024-02-22 14:06:03] [info]  [ 9788] Commons Daemon procrun (1.0.15.0 64-bit) started
[2024-02-22 14:06:04] [info]  [ 9788] Running 'SEMS3_MOBILE' Service...
[2024-02-22 14:06:04] [info]  [59652] Starting service...
[2024-02-22 14:06:05] [info]  [59652] Service started in 1249 ms.
[2024-02-22 14:06:45] [info]  [28028] Stopping service...
[2024-02-22 14:06:46] [info]  [28028] Service stop thread completed.
[2024-02-22 14:06:46] [info]  [ 9788] Run service finished.
[2024-02-22 14:06:46] [info]  [ 9788] Commons Daemon procrun finished
[2024-02-22 14:06:47] [info]  [80208] Commons Daemon procrun (1.0.15.0 64-bit) started
[2024-02-22 14:06:47] [info]  [80208] Running 'SEMS3_MOBILE' Service...
[2024-02-22 14:06:47] [info]  [69020] Starting service...
[2024-02-22 14:06:49] [info]  [69020] Service started in 1249 ms.
[2024-02-22 14:21:14] [info]  [66428] Stopping service...
[2024-02-22 14:21:15] [info]  [66428] Service stop thread completed.
[2024-02-22 14:21:15] [info]  [80208] Run service finished.
[2024-02-22 14:21:16] [info]  [80208] Commons Daemon procrun finished
[2024-02-22 14:21:32] [info]  [64876] Commons Daemon procrun (1.0.15.0 64-bit) started
[2024-02-22 14:21:33] [info]  [64876] Running 'SEMS3_MOBILE' Service...
[2024-02-22 14:21:33] [info]  [23380] Starting service...
[2024-02-22 14:21:34] [info]  [23380] Service started in 1252 ms.
[2024-02-22 14:28:21] [info]  [22584] Stopping service...
[2024-02-22 14:28:22] [info]  [22584] Service stop thread completed.
[2024-02-22 14:28:22] [info]  [64876] Run service finished.
[2024-02-22 14:28:22] [info]  [64876] Commons Daemon procrun finished
[2024-02-22 14:28:23] [info]  [54408] Commons Daemon procrun (1.0.15.0 64-bit) started
[2024-02-22 14:28:23] [info]  [54408] Running 'SEMS3_MOBILE' Service...
[2024-02-22 14:28:23] [info]  [64516] Starting service...
[2024-02-22 14:28:24] [info]  [64516] Service started in 1250 ms.
[2024-02-22 14:28:48] [info]  [ 1220] Stopping service...
[2024-02-22 14:28:49] [info]  [ 1220] Service stop thread completed.
[2024-02-22 14:28:49] [info]  [54408] Run service finished.
[2024-02-22 14:28:49] [info]  [54408] Commons Daemon procrun finished
[2024-02-22 14:28:50] [info]  [ 3080] Commons Daemon procrun (1.0.15.0 64-bit) started
[2024-02-22 14:28:50] [info]  [ 3080] Running 'SEMS3_MOBILE' Service...
[2024-02-22 14:28:50] [info]  [ 5544] Starting service...
[2024-02-22 14:28:52] [info]  [ 5544] Service started in 1249 ms.
[2024-02-22 14:31:02] [info]  [20008] Stopping service...
[2024-02-22 14:31:03] [info]  [20008] Service stop thread completed.
[2024-02-22 14:31:04] [info]  [ 3080] Run service finished.
[2024-02-22 14:31:04] [info]  [ 3080] Commons Daemon procrun finished
[2024-02-22 14:31:04] [info]  [52472] Commons Daemon procrun (1.0.15.0 64-bit) started
[2024-02-22 14:31:04] [info]  [52472] Running 'SEMS3_MOBILE' Service...
[2024-02-22 14:31:04] [info]  [57604] Starting service...
[2024-02-22 14:31:06] [info]  [57604] Service started in 1250 ms.
[2024-02-22 14:33:00] [info]  [11464] Stopping service...
[2024-02-22 14:33:01] [info]  [11464] Service stop thread completed.
[2024-02-22 14:33:01] [info]  [52472] Run service finished.
[2024-02-22 14:33:01] [info]  [52472] Commons Daemon procrun finished
[2024-02-22 14:33:02] [info]  [67764] Commons Daemon procrun (1.0.15.0 64-bit) started
[2024-02-22 14:33:02] [info]  [67764] Running 'SEMS3_MOBILE' Service...
[2024-02-22 14:33:02] [info]  [74156] Starting service...
[2024-02-22 14:33:04] [info]  [74156] Service started in 1258 ms.
[2024-02-22 14:41:10] [info]  [24156] Stopping service...
[2024-02-22 14:41:11] [info]  [24156] Service stop thread completed.
[2024-02-22 14:41:11] [info]  [67764] Run service finished.
[2024-02-22 14:41:11] [info]  [67764] Commons Daemon procrun finished
[2024-02-22 14:45:59] [info]  [62528] Commons Daemon procrun (1.0.15.0 64-bit) started
[2024-02-22 14:45:59] [info]  [62528] Running 'SEMS3_MOBILE' Service...
[2024-02-22 14:45:59] [info]  [74240] Starting service...
[2024-02-22 14:46:00] [info]  [74240] Service started in 1249 ms.
[2024-02-22 14:50:01] [info]  [63656] Stopping service...
[2024-02-22 14:50:02] [info]  [63656] Service stop thread completed.
[2024-02-22 14:50:02] [info]  [62528] Run service finished.
[2024-02-22 14:50:02] [info]  [62528] Commons Daemon procrun finished
[2024-02-22 14:50:03] [info]  [79796] Commons Daemon procrun (1.0.15.0 64-bit) started
[2024-02-22 14:50:03] [info]  [79796] Running 'SEMS3_MOBILE' Service...
[2024-02-22 14:50:03] [info]  [78232] Starting service...
[2024-02-22 14:50:04] [info]  [78232] Service started in 1254 ms.
[2024-02-22 14:54:48] [info]  [78248] Stopping service...
[2024-02-22 14:54:50] [info]  [78248] Service stop thread completed.
[2024-02-22 14:54:50] [info]  [79796] Run service finished.
[2024-02-22 14:54:50] [info]  [79796] Commons Daemon procrun finished
[2024-02-22 14:54:50] [info]  [81564] Commons Daemon procrun (1.0.15.0 64-bit) started
[2024-02-22 14:54:51] [info]  [81564] Running 'SEMS3_MOBILE' Service...
[2024-02-22 14:54:51] [info]  [29772] Starting service...
[2024-02-22 14:54:52] [info]  [29772] Service started in 1247 ms.
[2024-02-22 14:56:02] [info]  [16988] Stopping service...
[2024-02-22 14:56:03] [info]  [16988] Service stop thread completed.
[2024-02-22 14:56:04] [info]  [81564] Run service finished.
[2024-02-22 14:56:04] [info]  [81564] Commons Daemon procrun finished
[2024-02-22 14:58:55] [info]  [77676] Commons Daemon procrun (1.0.15.0 64-bit) started
[2024-02-22 14:58:55] [info]  [77676] Running 'SEMS3_MOBILE' Service...
[2024-02-22 14:58:55] [info]  [24120] Starting service...
[2024-02-22 14:58:56] [info]  [24120] Service started in 1246 ms.
[2024-02-22 15:07:14] [info]  [68740] Stopping service...
[2024-02-22 15:07:16] [info]  [68740] Service stop thread completed.
[2024-02-22 15:07:16] [info]  [77676] Run service finished.
[2024-02-22 15:07:16] [info]  [77676] Commons Daemon procrun finished
[2024-02-22 15:07:16] [info]  [20660] Commons Daemon procrun (1.0.15.0 64-bit) started
[2024-02-22 15:07:17] [info]  [20660] Running 'SEMS3_MOBILE' Service...
[2024-02-22 15:07:17] [info]  [83016] Starting service...
[2024-02-22 15:07:18] [info]  [83016] Service started in 1249 ms.
[2024-02-22 15:11:56] [info]  [44328] Stopping service...
[2024-02-22 15:11:57] [info]  [44328] Service stop thread completed.
[2024-02-22 15:11:57] [info]  [20660] Run service finished.
[2024-02-22 15:11:57] [info]  [20660] Commons Daemon procrun finished
[2024-02-22 15:11:58] [info]  [81832] Commons Daemon procrun (1.0.15.0 64-bit) started
[2024-02-22 15:11:58] [info]  [81832] Running 'SEMS3_MOBILE' Service...
[2024-02-22 15:11:58] [info]  [37424] Starting service...
[2024-02-22 15:11:59] [info]  [37424] Service started in 1247 ms.
[2024-02-22 15:34:19] [info]  [24236] Stopping service...
[2024-02-22 15:34:20] [info]  [24236] Service stop thread completed.
[2024-02-22 15:34:21] [info]  [81832] Run service finished.
[2024-02-22 15:34:21] [info]  [81832] Commons Daemon procrun finished
[2024-02-22 15:34:21] [info]  [30384] Commons Daemon procrun (1.0.15.0 64-bit) started
[2024-02-22 15:34:21] [info]  [30384] Running 'SEMS3_MOBILE' Service...
[2024-02-22 15:34:22] [info]  [44568] Starting service...
[2024-02-22 15:34:23] [info]  [44568] Service started in 1250 ms.
[2024-02-22 15:37:06] [info]  [82200] Stopping service...
[2024-02-22 15:37:07] [info]  [82200] Service stop thread completed.
[2024-02-22 15:37:07] [info]  [30384] Run service finished.
[2024-02-22 15:37:08] [info]  [30384] Commons Daemon procrun finished
[2024-02-22 15:37:08] [info]  [56692] Commons Daemon procrun (1.0.15.0 64-bit) started
[2024-02-22 15:37:08] [info]  [56692] Running 'SEMS3_MOBILE' Service...
[2024-02-22 15:37:09] [info]  [ 4800] Starting service...
[2024-02-22 15:37:10] [info]  [ 4800] Service started in 1250 ms.
[2024-02-22 15:38:14] [info]  [79876] Stopping service...
[2024-02-22 15:38:15] [info]  [79876] Service stop thread completed.
[2024-02-22 15:38:15] [info]  [56692] Run service finished.
[2024-02-22 15:38:16] [info]  [56692] Commons Daemon procrun finished
[2024-02-22 15:38:16] [info]  [44472] Commons Daemon procrun (1.0.15.0 64-bit) started
[2024-02-22 15:38:16] [info]  [44472] Running 'SEMS3_MOBILE' Service...
[2024-02-22 15:38:16] [info]  [18516] Starting service...
[2024-02-22 15:38:18] [info]  [18516] Service started in 1246 ms.
[2024-02-22 15:39:29] [info]  [35080] Stopping service...
[2024-02-22 15:39:31] [info]  [35080] Service stop thread completed.
[2024-02-22 15:39:31] [info]  [44472] Run service finished.
[2024-02-22 15:39:31] [info]  [44472] Commons Daemon procrun finished
[2024-02-22 15:39:31] [info]  [34804] Commons Daemon procrun (1.0.15.0 64-bit) started
[2024-02-22 15:39:32] [info]  [34804] Running 'SEMS3_MOBILE' Service...
[2024-02-22 15:39:32] [info]  [40580] Starting service...
[2024-02-22 15:39:33] [info]  [40580] Service started in 1247 ms.
[2024-02-22 15:41:35] [info]  [24016] Stopping service...
[2024-02-22 15:41:37] [info]  [24016] Service stop thread completed.
[2024-02-22 15:41:37] [info]  [34804] Run service finished.
[2024-02-22 15:41:37] [info]  [34804] Commons Daemon procrun finished
[2024-02-22 15:41:37] [info]  [58820] Commons Daemon procrun (1.0.15.0 64-bit) started
[2024-02-22 15:41:38] [info]  [58820] Running 'SEMS3_MOBILE' Service...
[2024-02-22 15:41:38] [info]  [51112] Starting service...
[2024-02-22 15:41:39] [info]  [51112] Service started in 1255 ms.
[2024-02-22 15:42:38] [info]  [62828] Stopping service...
[2024-02-22 15:42:39] [info]  [62828] Service stop thread completed.
[2024-02-22 15:42:39] [info]  [58820] Run service finished.
[2024-02-22 15:42:39] [info]  [58820] Commons Daemon procrun finished
[2024-02-22 15:42:40] [info]  [ 9904] Commons Daemon procrun (1.0.15.0 64-bit) started
[2024-02-22 15:42:40] [info]  [ 9904] Running 'SEMS3_MOBILE' Service...
[2024-02-22 15:42:40] [info]  [44736] Starting service...
[2024-02-22 15:42:41] [info]  [44736] Service started in 1248 ms.
[2024-02-22 15:51:25] [info]  [74060] Stopping service...
[2024-02-22 15:51:26] [info]  [74060] Service stop thread completed.
[2024-02-22 15:51:26] [info]  [ 9904] Run service finished.
[2024-02-22 15:51:26] [info]  [ 9904] Commons Daemon procrun finished
[2024-02-22 15:51:27] [info]  [33652] Commons Daemon procrun (1.0.15.0 64-bit) started
[2024-02-22 15:51:27] [info]  [33652] Running 'SEMS3_MOBILE' Service...
[2024-02-22 15:51:27] [info]  [29916] Starting service...
[2024-02-22 15:51:28] [info]  [29916] Service started in 1247 ms.
[2024-02-22 15:55:32] [info]  [71648] Stopping service...
[2024-02-22 15:55:33] [info]  [71648] Service stop thread completed.
[2024-02-22 15:55:33] [info]  [33652] Run service finished.
[2024-02-22 15:55:33] [info]  [33652] Commons Daemon procrun finished
[2024-02-22 15:55:34] [info]  [38776] Commons Daemon procrun (1.0.15.0 64-bit) started
[2024-02-22 15:55:34] [info]  [38776] Running 'SEMS3_MOBILE' Service...
[2024-02-22 15:55:34] [info]  [14688] Starting service...
[2024-02-22 15:55:35] [info]  [14688] Service started in 1247 ms.
[2024-02-22 15:59:14] [info]  [   88] Stopping service...
[2024-02-22 15:59:15] [info]  [   88] Service stop thread completed.
[2024-02-22 15:59:15] [info]  [38776] Run service finished.
[2024-02-22 15:59:16] [info]  [38776] Commons Daemon procrun finished
[2024-02-22 15:59:16] [info]  [ 4148] Commons Daemon procrun (1.0.15.0 64-bit) started
[2024-02-22 15:59:16] [info]  [ 4148] Running 'SEMS3_MOBILE' Service...
[2024-02-22 15:59:16] [info]  [31560] Starting service...
[2024-02-22 15:59:18] [info]  [31560] Service started in 1249 ms.
[2024-02-22 16:02:35] [info]  [42984] Stopping service...
[2024-02-22 16:02:36] [info]  [42984] Service stop thread completed.
[2024-02-22 16:02:36] [info]  [ 4148] Run service finished.
[2024-02-22 16:02:36] [info]  [ 4148] Commons Daemon procrun finished
[2024-02-22 16:02:37] [info]  [ 7264] Commons Daemon procrun (1.0.15.0 64-bit) started
[2024-02-22 16:02:37] [info]  [ 7264] Running 'SEMS3_MOBILE' Service...
[2024-02-22 16:02:37] [info]  [20600] Starting service...
[2024-02-22 16:02:39] [info]  [20600] Service started in 1249 ms.
[2024-02-22 16:05:28] [info]  [81436] Stopping service...
[2024-02-22 16:05:29] [info]  [81436] Service stop thread completed.
[2024-02-22 16:05:29] [info]  [ 7264] Run service finished.
[2024-02-22 16:05:29] [info]  [ 7264] Commons Daemon procrun finished
[2024-02-22 16:05:30] [info]  [53024] Commons Daemon procrun (1.0.15.0 64-bit) started
[2024-02-22 16:05:30] [info]  [53024] Running 'SEMS3_MOBILE' Service...
[2024-02-22 16:05:30] [info]  [73612] Starting service...
[2024-02-22 16:05:32] [info]  [73612] Service started in 1249 ms.
[2024-02-22 16:07:09] [info]  [22316] Stopping service...
[2024-02-22 16:07:10] [info]  [22316] Service stop thread completed.
[2024-02-22 16:07:10] [info]  [53024] Run service finished.
[2024-02-22 16:07:10] [info]  [53024] Commons Daemon procrun finished
[2024-02-22 16:07:11] [info]  [53972] Commons Daemon procrun (1.0.15.0 64-bit) started
[2024-02-22 16:07:11] [info]  [53972] Running 'SEMS3_MOBILE' Service...
[2024-02-22 16:07:11] [info]  [34748] Starting service...
[2024-02-22 16:07:13] [info]  [34748] Service started in 1248 ms.
[2024-02-22 16:08:54] [info]  [26368] Stopping service...
[2024-02-22 16:08:55] [info]  [26368] Service stop thread completed.
[2024-02-22 16:08:55] [info]  [53972] Run service finished.
[2024-02-22 16:08:55] [info]  [53972] Commons Daemon procrun finished
[2024-02-22 16:08:56] [info]  [24168] Commons Daemon procrun (1.0.15.0 64-bit) started
[2024-02-22 16:08:56] [info]  [24168] Running 'SEMS3_MOBILE' Service...
[2024-02-22 16:08:56] [info]  [72884] Starting service...
[2024-02-22 16:08:57] [info]  [72884] Service started in 1249 ms.
[2024-02-22 16:11:13] [info]  [42392] Stopping service...
[2024-02-22 16:11:14] [info]  [42392] Service stop thread completed.
[2024-02-22 16:11:14] [info]  [24168] Run service finished.
[2024-02-22 16:11:14] [info]  [24168] Commons Daemon procrun finished
[2024-02-22 16:11:15] [info]  [68876] Commons Daemon procrun (1.0.15.0 64-bit) started
[2024-02-22 16:11:15] [info]  [68876] Running 'SEMS3_MOBILE' Service...
[2024-02-22 16:11:15] [info]  [31652] Starting service...
[2024-02-22 16:11:17] [info]  [31652] Service started in 1248 ms.
[2024-02-22 16:11:57] [info]  [16332] Stopping service...
[2024-02-22 16:11:58] [info]  [16332] Service stop thread completed.
[2024-02-22 16:11:58] [info]  [68876] Run service finished.
[2024-02-22 16:11:58] [info]  [68876] Commons Daemon procrun finished
[2024-02-22 16:11:59] [info]  [ 8724] Commons Daemon procrun (1.0.15.0 64-bit) started
[2024-02-22 16:11:59] [info]  [ 8724] Running 'SEMS3_MOBILE' Service...
[2024-02-22 16:11:59] [info]  [76340] Starting service...
[2024-02-22 16:12:01] [info]  [76340] Service started in 1248 ms.
[2024-02-22 16:22:51] [info]  [10672] Stopping service...
[2024-02-22 16:22:52] [info]  [10672] Service stop thread completed.
[2024-02-22 16:22:53] [info]  [ 8724] Run service finished.
[2024-02-22 16:22:53] [info]  [ 8724] Commons Daemon procrun finished
[2024-02-22 16:22:53] [info]  [15808] Commons Daemon procrun (1.0.15.0 64-bit) started
[2024-02-22 16:22:53] [info]  [15808] Running 'SEMS3_MOBILE' Service...
[2024-02-22 16:22:54] [info]  [12128] Starting service...
[2024-02-22 16:22:55] [info]  [12128] Service started in 1247 ms.
[2024-02-22 16:22:58] [info]  [72228] Stopping service...
[2024-02-22 16:23:09] [info]  [72228] Service stop thread completed.
[2024-02-22 16:23:09] [info]  [15808] Run service finished.
[2024-02-22 16:23:09] [info]  [15808] Commons Daemon procrun finished
[2024-02-22 16:23:11] [info]  [77544] Commons Daemon procrun (1.0.15.0 64-bit) started
[2024-02-22 16:23:11] [info]  [77544] Running 'SEMS3_MOBILE' Service...
[2024-02-22 16:23:11] [info]  [60356] Starting service...
[2024-02-22 16:23:12] [info]  [60356] Service started in 1248 ms.
[2024-02-22 16:25:02] [info]  [34144] Stopping service...
[2024-02-22 16:25:03] [info]  [34144] Service stop thread completed.
[2024-02-22 16:25:03] [info]  [77544] Run service finished.
[2024-02-22 16:25:04] [info]  [77544] Commons Daemon procrun finished
[2024-02-22 16:25:04] [info]  [51768] Commons Daemon procrun (1.0.15.0 64-bit) started
[2024-02-22 16:25:04] [info]  [51768] Running 'SEMS3_MOBILE' Service...
[2024-02-22 16:25:04] [info]  [75308] Starting service...
[2024-02-22 16:25:06] [info]  [75308] Service started in 1249 ms.
[2024-02-22 16:26:25] [info]  [49416] Stopping service...
[2024-02-22 16:26:27] [info]  [49416] Service stop thread completed.
[2024-02-22 16:26:27] [info]  [51768] Run service finished.
[2024-02-22 16:26:27] [info]  [51768] Commons Daemon procrun finished
[2024-02-22 16:26:27] [info]  [71716] Commons Daemon procrun (1.0.15.0 64-bit) started
[2024-02-22 16:26:28] [info]  [71716] Running 'SEMS3_MOBILE' Service...
[2024-02-22 16:26:28] [info]  [17884] Starting service...
[2024-02-22 16:26:29] [info]  [17884] Service started in 1252 ms.
[2024-02-22 16:27:57] [info]  [43620] Stopping service...
[2024-02-22 16:27:58] [info]  [43620] Service stop thread completed.
[2024-02-22 16:27:58] [info]  [71716] Run service finished.
[2024-02-22 16:27:58] [info]  [71716] Commons Daemon procrun finished
[2024-02-22 16:27:59] [info]  [79892] Commons Daemon procrun (1.0.15.0 64-bit) started
[2024-02-22 16:27:59] [info]  [79892] Running 'SEMS3_MOBILE' Service...
[2024-02-22 16:27:59] [info]  [20156] Starting service...
[2024-02-22 16:28:01] [info]  [20156] Service started in 1261 ms.
[2024-02-22 16:29:06] [info]  [57512] Stopping service...
[2024-02-22 16:29:07] [info]  [57512] Service stop thread completed.
[2024-02-22 16:29:08] [info]  [79892] Run service finished.
[2024-02-22 16:29:08] [info]  [79892] Commons Daemon procrun finished
[2024-02-22 16:29:08] [info]  [76892] Commons Daemon procrun (1.0.15.0 64-bit) started
[2024-02-22 16:29:08] [info]  [76892] Running 'SEMS3_MOBILE' Service...
[2024-02-22 16:29:09] [info]  [63176] Starting service...
[2024-02-22 16:29:10] [info]  [63176] Service started in 1249 ms.
[2024-02-22 16:36:11] [info]  [37976] Stopping service...
[2024-02-22 16:36:13] [info]  [37976] Service stop thread completed.
[2024-02-22 16:36:13] [info]  [76892] Run service finished.
[2024-02-22 16:36:13] [info]  [76892] Commons Daemon procrun finished
[2024-02-22 16:36:13] [info]  [42324] Commons Daemon procrun (1.0.15.0 64-bit) started
[2024-02-22 16:36:14] [info]  [42324] Running 'SEMS3_MOBILE' Service...
[2024-02-22 16:36:14] [info]  [72980] Starting service...
[2024-02-22 16:36:15] [info]  [72980] Service started in 1248 ms.
[2024-02-22 16:37:47] [info]  [43500] Stopping service...
[2024-02-22 16:37:48] [info]  [43500] Service stop thread completed.
[2024-02-22 16:37:48] [info]  [42324] Run service finished.
[2024-02-22 16:37:49] [info]  [42324] Commons Daemon procrun finished
[2024-02-22 16:37:49] [info]  [67192] Commons Daemon procrun (1.0.15.0 64-bit) started
[2024-02-22 16:37:49] [info]  [67192] Running 'SEMS3_MOBILE' Service...
[2024-02-22 16:37:49] [info]  [33884] Starting service...
[2024-02-22 16:37:51] [info]  [33884] Service started in 1250 ms.
[2024-02-22 16:41:29] [info]  [75444] Stopping service...
[2024-02-22 16:41:30] [info]  [75444] Service stop thread completed.
[2024-02-22 16:41:30] [info]  [67192] Run service finished.
[2024-02-22 16:41:30] [info]  [67192] Commons Daemon procrun finished
[2024-02-22 16:41:31] [info]  [43648] Commons Daemon procrun (1.0.15.0 64-bit) started
[2024-02-22 16:41:31] [info]  [43648] Running 'SEMS3_MOBILE' Service...
[2024-02-22 16:41:31] [info]  [83084] Starting service...
[2024-02-22 16:41:33] [info]  [83084] Service started in 1249 ms.
[2024-02-22 16:42:45] [info]  [49964] Stopping service...
[2024-02-22 16:42:46] [info]  [49964] Service stop thread completed.
[2024-02-22 16:42:47] [info]  [43648] Run service finished.
[2024-02-22 16:42:47] [info]  [43648] Commons Daemon procrun finished
[2024-02-22 16:42:47] [info]  [79460] Commons Daemon procrun (1.0.15.0 64-bit) started
[2024-02-22 16:42:48] [info]  [79460] Running 'SEMS3_MOBILE' Service...
[2024-02-22 16:42:48] [info]  [34452] Starting service...
[2024-02-22 16:42:49] [info]  [34452] Service started in 1247 ms.
[2024-02-22 16:43:51] [info]  [68724] Stopping service...
[2024-02-22 16:43:52] [info]  [68724] Service stop thread completed.
[2024-02-22 16:43:52] [info]  [79460] Run service finished.
[2024-02-22 16:43:52] [info]  [79460] Commons Daemon procrun finished
[2024-02-22 16:43:53] [info]  [41456] Commons Daemon procrun (1.0.15.0 64-bit) started
[2024-02-22 16:43:53] [info]  [41456] Running 'SEMS3_MOBILE' Service...
[2024-02-22 16:43:53] [info]  [57776] Starting service...
[2024-02-22 16:43:55] [info]  [57776] Service started in 1248 ms.
[2024-02-22 16:49:19] [info]  [71948] Stopping service...
[2024-02-22 16:49:20] [info]  [71948] Service stop thread completed.
[2024-02-22 16:49:20] [info]  [41456] Run service finished.
[2024-02-22 16:49:21] [info]  [41456] Commons Daemon procrun finished
[2024-02-22 16:49:21] [info]  [ 7756] Commons Daemon procrun (1.0.15.0 64-bit) started
[2024-02-22 16:49:21] [info]  [ 7756] Running 'SEMS3_MOBILE' Service...
[2024-02-22 16:49:21] [info]  [ 5332] Starting service...
[2024-02-22 16:49:23] [info]  [ 5332] Service started in 1250 ms.
[2024-02-22 16:55:01] [info]  [77040] Stopping service...
[2024-02-22 16:55:02] [info]  [77040] Service stop thread completed.
[2024-02-22 16:55:03] [info]  [ 7756] Run service finished.
[2024-02-22 16:55:03] [info]  [ 7756] Commons Daemon procrun finished
[2024-02-22 16:55:03] [info]  [74968] Commons Daemon procrun (1.0.15.0 64-bit) started
[2024-02-22 16:55:03] [info]  [74968] Running 'SEMS3_MOBILE' Service...
[2024-02-22 16:55:03] [info]  [71960] Starting service...
[2024-02-22 16:55:05] [info]  [71960] Service started in 1255 ms.
[2024-02-22 17:13:40] [info]  [56176] Stopping service...
[2024-02-22 17:13:41] [info]  [56176] Service stop thread completed.
[2024-02-22 17:13:41] [info]  [74968] Run service finished.
[2024-02-22 17:13:41] [info]  [74968] Commons Daemon procrun finished
[2024-02-22 17:13:42] [info]  [70212] Commons Daemon procrun (1.0.15.0 64-bit) started
[2024-02-22 17:13:42] [info]  [70212] Running 'SEMS3_MOBILE' Service...
[2024-02-22 17:13:42] [info]  [45172] Starting service...
[2024-02-22 17:13:44] [info]  [45172] Service started in 1249 ms.
[2024-02-22 17:14:48] [info]  [12388] Stopping service...
[2024-02-22 17:14:49] [info]  [12388] Service stop thread completed.
[2024-02-22 17:14:49] [info]  [70212] Run service finished.
[2024-02-22 17:14:50] [info]  [70212] Commons Daemon procrun finished
[2024-02-22 17:14:50] [info]  [19128] Commons Daemon procrun (1.0.15.0 64-bit) started
[2024-02-22 17:14:50] [info]  [19128] Running 'SEMS3_MOBILE' Service...
[2024-02-22 17:14:50] [info]  [50876] Starting service...
[2024-02-22 17:14:52] [info]  [50876] Service started in 1249 ms.
[2024-02-22 17:24:49] [info]  [52796] Stopping service...
[2024-02-22 17:24:50] [info]  [52796] Service stop thread completed.
[2024-02-22 17:24:51] [info]  [19128] Run service finished.
[2024-02-22 17:24:51] [info]  [19128] Commons Daemon procrun finished
[2024-02-22 17:24:51] [info]  [51736] Commons Daemon procrun (1.0.15.0 64-bit) started
[2024-02-22 17:24:52] [info]  [51736] Running 'SEMS3_MOBILE' Service...
[2024-02-22 17:24:52] [info]  [21648] Starting service...
[2024-02-22 17:24:53] [info]  [21648] Service started in 1250 ms.
[2024-02-22 18:03:04] [info]  [16228] Stopping service...
[2024-02-22 18:03:05] [info]  [16228] Service stop thread completed.
[2024-02-22 18:03:05] [info]  [51736] Run service finished.
[2024-02-22 18:03:05] [info]  [51736] Commons Daemon procrun finished
[2024-02-22 18:03:06] [info]  [49016] Commons Daemon procrun (1.0.15.0 64-bit) started
[2024-02-22 18:03:06] [info]  [49016] Running 'SEMS3_MOBILE' Service...
[2024-02-22 18:03:06] [info]  [41628] Starting service...
[2024-02-22 18:03:08] [info]  [41628] Service started in 1247 ms.
[2024-02-22 18:17:37] [info]  [75876] Stopping service...
[2024-02-22 18:17:38] [info]  [75876] Service stop thread completed.
[2024-02-22 18:17:39] [info]  [49016] Run service finished.
[2024-02-22 18:17:39] [info]  [49016] Commons Daemon procrun finished
[2024-02-22 18:17:41] [info]  [83576] Commons Daemon procrun (1.0.15.0 64-bit) started
[2024-02-22 18:17:41] [info]  [83576] Running 'SEMS3_MOBILE' Service...
[2024-02-22 18:17:41] [info]  [19708] Starting service...
[2024-02-22 18:17:43] [info]  [19708] Service started in 1250 ms.
[2024-02-22 18:21:08] [info]  [28804] Stopping service...
[2024-02-22 18:21:09] [info]  [28804] Service stop thread completed.
[2024-02-22 18:21:10] [info]  [83576] Run service finished.
[2024-02-22 18:21:10] [info]  [83576] Commons Daemon procrun finished
[2024-02-22 18:21:10] [info]  [48224] Commons Daemon procrun (1.0.15.0 64-bit) started
[2024-02-22 18:21:10] [info]  [48224] Running 'SEMS3_MOBILE' Service...
[2024-02-22 18:21:10] [info]  [23396] Starting service...
[2024-02-22 18:21:12] [info]  [23396] Service started in 1252 ms.
[2024-02-22 18:22:51] [info]  [57400] Stopping service...
[2024-02-22 18:22:52] [info]  [57400] Service stop thread completed.
[2024-02-22 18:22:52] [info]  [48224] Run service finished.
[2024-02-22 18:22:52] [info]  [48224] Commons Daemon procrun finished
[2024-02-22 18:22:54] [info]  [46584] Commons Daemon procrun (1.0.15.0 64-bit) started
[2024-02-22 18:22:54] [info]  [46584] Running 'SEMS3_MOBILE' Service...
[2024-02-22 18:22:54] [info]  [80208] Starting service...
[2024-02-22 18:22:56] [info]  [80208] Service started in 1248 ms.
[2024-02-22 19:01:10] [info]  [23028] Stopping service...
[2024-02-22 19:01:11] [info]  [23028] Service stop thread completed.
[2024-02-22 19:01:11] [info]  [46584] Run service finished.
[2024-02-22 19:01:11] [info]  [46584] Commons Daemon procrun finished
[2024-02-22 19:01:12] [info]  [44052] Commons Daemon procrun (1.0.15.0 64-bit) started
[2024-02-22 19:01:12] [info]  [44052] Running 'SEMS3_MOBILE' Service...
[2024-02-22 19:01:13] [info]  [69524] Starting service...
[2024-02-22 19:01:14] [info]  [69524] Service started in 1249 ms.
[2024-02-28 13:55:45] [info]  [81244] Stopping service...
[2024-02-28 13:55:46] [info]  [81244] Service stop thread completed.
[2024-02-28 13:55:46] [info]  [44052] Run service finished.
[2024-02-28 13:55:47] [info]  [44052] Commons Daemon procrun finished
