[2023-07-18 11:26:13] [info]  [59272] Commons Daemon procrun (1.0.15.0 64-bit) started
[2023-07-18 11:26:14] [info]  [59272] Running 'SEMS3_MOBILE' Service...
[2023-07-18 11:26:14] [info]  [83600] Starting service...
[2023-07-18 11:26:15] [info]  [83600] Service started in 1245 ms.
[2023-07-18 11:31:39] [info]  [61460] Stopping service...
[2023-07-18 11:31:40] [info]  [61460] Service stop thread completed.
[2023-07-18 11:31:40] [info]  [59272] Run service finished.
[2023-07-18 11:31:41] [info]  [59272] Commons Daemon procrun finished
[2023-07-18 11:31:41] [info]  [ 7932] Commons Daemon procrun (1.0.15.0 64-bit) started
[2023-07-18 11:31:41] [info]  [ 7932] Running 'SEMS3_MOBILE' Service...
[2023-07-18 11:31:41] [info]  [27292] Starting service...
[2023-07-18 11:31:43] [info]  [27292] Service started in 1246 ms.
[2023-07-18 11:53:18] [info]  [41140] Stopping service...
[2023-07-18 11:53:19] [info]  [41140] Service stop thread completed.
[2023-07-18 11:53:19] [info]  [ 7932] Run service finished.
[2023-07-18 11:53:20] [info]  [ 7932] Commons Daemon procrun finished
[2023-07-18 11:53:20] [info]  [30264] Commons Daemon procrun (1.0.15.0 64-bit) started
[2023-07-18 11:53:20] [info]  [30264] Running 'SEMS3_MOBILE' Service...
[2023-07-18 11:53:20] [info]  [77224] Starting service...
[2023-07-18 11:53:21] [info]  [77224] Service started in 1247 ms.
[2023-07-18 11:55:13] [info]  [82268] Stopping service...
[2023-07-18 11:55:14] [info]  [82268] Service stop thread completed.
[2023-07-18 11:55:15] [info]  [30264] Run service finished.
[2023-07-18 11:55:15] [info]  [30264] Commons Daemon procrun finished
[2023-07-18 11:55:15] [info]  [13344] Commons Daemon procrun (1.0.15.0 64-bit) started
[2023-07-18 11:55:15] [info]  [13344] Running 'SEMS3_MOBILE' Service...
[2023-07-18 11:55:15] [info]  [41516] Starting service...
[2023-07-18 11:55:17] [info]  [41516] Service started in 1251 ms.
[2023-07-18 11:59:28] [info]  [33880] Stopping service...
[2023-07-18 11:59:29] [info]  [33880] Service stop thread completed.
[2023-07-18 11:59:29] [info]  [13344] Run service finished.
[2023-07-18 11:59:29] [info]  [13344] Commons Daemon procrun finished
[2023-07-18 11:59:30] [info]  [43228] Commons Daemon procrun (1.0.15.0 64-bit) started
[2023-07-18 11:59:30] [info]  [43228] Running 'SEMS3_MOBILE' Service...
[2023-07-18 11:59:30] [info]  [ 8892] Starting service...
[2023-07-18 11:59:32] [info]  [ 8892] Service started in 1249 ms.
[2023-07-18 13:54:00] [info]  [46488] Stopping service...
[2023-07-18 13:54:01] [info]  [46488] Service stop thread completed.
[2023-07-18 13:54:01] [info]  [43228] Run service finished.
[2023-07-18 13:54:01] [info]  [43228] Commons Daemon procrun finished
[2023-07-18 13:54:02] [info]  [67296] Commons Daemon procrun (1.0.15.0 64-bit) started
[2023-07-18 13:54:02] [info]  [67296] Running 'SEMS3_MOBILE' Service...
[2023-07-18 13:54:02] [info]  [78020] Starting service...
[2023-07-18 13:54:03] [info]  [78020] Service started in 1249 ms.
[2023-07-18 14:59:35] [info]  [22064] Stopping service...
[2023-07-18 14:59:36] [info]  [22064] Service stop thread completed.
[2023-07-18 14:59:36] [info]  [67296] Run service finished.
[2023-07-18 14:59:37] [info]  [67296] Commons Daemon procrun finished
[2023-07-18 14:59:37] [info]  [41000] Commons Daemon procrun (1.0.15.0 64-bit) started
[2023-07-18 14:59:37] [info]  [41000] Running 'SEMS3_MOBILE' Service...
[2023-07-18 14:59:37] [info]  [53712] Starting service...
[2023-07-18 14:59:39] [info]  [53712] Service started in 1247 ms.
[2023-07-18 15:01:46] [info]  [58864] Stopping service...
[2023-07-18 15:01:47] [info]  [58864] Service stop thread completed.
[2023-07-18 15:01:47] [info]  [41000] Run service finished.
[2023-07-18 15:01:48] [info]  [41000] Commons Daemon procrun finished
[2023-07-18 15:01:48] [info]  [27656] Commons Daemon procrun (1.0.15.0 64-bit) started
[2023-07-18 15:01:48] [info]  [27656] Running 'SEMS3_MOBILE' Service...
[2023-07-18 15:01:48] [info]  [29300] Starting service...
[2023-07-18 15:01:50] [info]  [29300] Service started in 1252 ms.
[2023-07-18 15:05:36] [info]  [67760] Stopping service...
[2023-07-18 15:05:37] [info]  [67760] Service stop thread completed.
[2023-07-18 15:05:37] [info]  [27656] Run service finished.
[2023-07-18 15:05:38] [info]  [27656] Commons Daemon procrun finished
[2023-07-18 15:05:38] [info]  [74152] Commons Daemon procrun (1.0.15.0 64-bit) started
[2023-07-18 15:05:38] [info]  [74152] Running 'SEMS3_MOBILE' Service...
[2023-07-18 15:05:38] [info]  [50816] Starting service...
[2023-07-18 15:05:40] [info]  [50816] Service started in 1248 ms.
[2023-07-18 15:08:44] [info]  [20828] Stopping service...
[2023-07-18 15:08:45] [info]  [20828] Service stop thread completed.
[2023-07-18 15:08:45] [info]  [74152] Run service finished.
[2023-07-18 15:08:45] [info]  [74152] Commons Daemon procrun finished
[2023-07-18 15:08:46] [info]  [38324] Commons Daemon procrun (1.0.15.0 64-bit) started
[2023-07-18 15:08:46] [info]  [38324] Running 'SEMS3_MOBILE' Service...
[2023-07-18 15:08:46] [info]  [49740] Starting service...
[2023-07-18 15:08:48] [info]  [49740] Service started in 1246 ms.
[2023-07-18 15:11:31] [info]  [ 1524] Stopping service...
[2023-07-18 15:11:33] [info]  [ 1524] Service stop thread completed.
[2023-07-18 15:11:33] [info]  [38324] Run service finished.
[2023-07-18 15:11:33] [info]  [38324] Commons Daemon procrun finished
[2023-07-18 15:11:33] [info]  [43968] Commons Daemon procrun (1.0.15.0 64-bit) started
[2023-07-18 15:11:34] [info]  [43968] Running 'SEMS3_MOBILE' Service...
[2023-07-18 15:11:34] [info]  [ 9700] Starting service...
[2023-07-18 15:11:35] [info]  [ 9700] Service started in 1245 ms.
[2023-07-21 14:15:32] [info]  [19900] Stopping service...
[2023-07-21 14:15:33] [info]  [19900] Service stop thread completed.
[2023-07-21 14:15:33] [info]  [43968] Run service finished.
[2023-07-21 14:15:33] [info]  [43968] Commons Daemon procrun finished
