
2024-02-15 12:02:01 Commons Daemon procrun stdout initialized

2024-02-15 12:03:14 Commons Daemon procrun stdout initialized

2024-02-15 12:04:22 Commons Daemon procrun stdout initialized

2024-02-15 12:07:12 Commons Daemon procrun stdout initialized
##########Session ID 413ED87794D85E3B9DF386F8546413D6 created at Thu Feb 15 12:45:45 KST 2024 Session Counts: 3
ERROR 12:45:45.231 [http-bio-8443-exec-1] sems.cm.ctrl.HttpSessionCheckingListener[sessionCreated:24] - ##########Session ID 413ED87794D85E3B9DF386F8546413D6 created at Thu Feb 15 12:45:45 KST 2024 3
##########Session ID 38E6FCA7768E8A50A9D128116FFCB06F created at Thu Feb 15 12:45:45 KST 2024 Session Counts: 4
ERROR 12:45:45.839 [http-bio-8443-exec-6] sems.cm.ctrl.HttpSessionCheckingListener[sessionCreated:24] - ##########Session ID 38E6FCA7768E8A50A9D128116FFCB06F created at Thu Feb 15 12:45:45 KST 2024 4
##########Session ID 1066BCB90C9B1EB200B3778F095A1C17 destroyed at Thu Feb 15 15:01:32 KST 2024 Session Counts:  4
ERROR 15:01:32.297 [ContainerBackgroundProcessor[StandardEngine[Catalina]]] sems.cm.ctrl.HttpSessionCheckingListener[sessionDestroyed:31] - ##########Session ID 1066BCB90C9B1EB200B3778F095A1C17 destroyed at Thu Feb 15 15:01:32 KST 2024 4
##########Session ID B05CFED3708EDCC269D5B9B8878CB2D7 destroyed at Thu Feb 15 15:02:32 KST 2024 Session Counts:  3
ERROR 15:02:32.326 [ContainerBackgroundProcessor[StandardEngine[Catalina]]] sems.cm.ctrl.HttpSessionCheckingListener[sessionDestroyed:31] - ##########Session ID B05CFED3708EDCC269D5B9B8878CB2D7 destroyed at Thu Feb 15 15:02:32 KST 2024 3
##########Session ID 6E480E2905426CEC22BCE19C5C895BA2 destroyed at Thu Feb 15 15:08:32 KST 2024 Session Counts:  2
ERROR 15:08:32.498 [ContainerBackgroundProcessor[StandardEngine[Catalina]]] sems.cm.ctrl.HttpSessionCheckingListener[sessionDestroyed:31] - ##########Session ID 6E480E2905426CEC22BCE19C5C895BA2 destroyed at Thu Feb 15 15:08:32 KST 2024 2
##########Session ID BE272D19B8D4DBE0AD4EE540BC79251C destroyed at Thu Feb 15 15:18:32 KST 2024 Session Counts:  1
ERROR 15:18:32.785 [ContainerBackgroundProcessor[StandardEngine[Catalina]]] sems.cm.ctrl.HttpSessionCheckingListener[sessionDestroyed:31] - ##########Session ID BE272D19B8D4DBE0AD4EE540BC79251C destroyed at Thu Feb 15 15:18:32 KST 2024 1
##########Session ID 4146961B19B3F03CBFC814F76B1D7A5A destroyed at Thu Feb 15 15:28:33 KST 2024 Session Counts:  0
ERROR 15:28:33.069 [ContainerBackgroundProcessor[StandardEngine[Catalina]]] sems.cm.ctrl.HttpSessionCheckingListener[sessionDestroyed:31] - ##########Session ID 4146961B19B3F03CBFC814F76B1D7A5A destroyed at Thu Feb 15 15:28:33 KST 2024 0
##########Session ID 7E4AEA40034FEAF34F9475E218BEC759 destroyed at Thu Feb 15 15:46:33 KST 2024 Session Counts:  0
ERROR 15:46:33.580 [ContainerBackgroundProcessor[StandardEngine[Catalina]]] sems.cm.ctrl.HttpSessionCheckingListener[sessionDestroyed:31] - ##########Session ID 7E4AEA40034FEAF34F9475E218BEC759 destroyed at Thu Feb 15 15:46:33 KST 2024 0
##########Session ID 413ED87794D85E3B9DF386F8546413D6 destroyed at Thu Feb 15 15:46:33 KST 2024 Session Counts:  -1
ERROR 15:46:33.581 [ContainerBackgroundProcessor[StandardEngine[Catalina]]] sems.cm.ctrl.HttpSessionCheckingListener[sessionDestroyed:31] - ##########Session ID 413ED87794D85E3B9DF386F8546413D6 destroyed at Thu Feb 15 15:46:33 KST 2024 -1
##########Session ID 38E6FCA7768E8A50A9D128116FFCB06F destroyed at Thu Feb 15 15:46:33 KST 2024 Session Counts:  -2
ERROR 15:46:33.581 [ContainerBackgroundProcessor[StandardEngine[Catalina]]] sems.cm.ctrl.HttpSessionCheckingListener[sessionDestroyed:31] - ##########Session ID 38E6FCA7768E8A50A9D128116FFCB06F destroyed at Thu Feb 15 15:46:33 KST 2024 -2
##########Session ID 5842B5A0A5F9C86C6375D53E3F1FA7A5 destroyed at Thu Feb 15 15:56:48 KST 2024 Session Counts:  1
ERROR 15:56:48.574 [ContainerBackgroundProcessor[StandardEngine[Catalina]]] sems.cm.ctrl.HttpSessionCheckingListener[sessionDestroyed:32] - ##########Session ID 5842B5A0A5F9C86C6375D53E3F1FA7A5 destroyed at Thu Feb 15 15:56:48 KST 2024 1
##########Session ID 1EF7FB30589FD4EBED7D0F3CC84BAD60 destroyed at Thu Feb 15 15:56:48 KST 2024 Session Counts:  0
ERROR 15:56:48.575 [ContainerBackgroundProcessor[StandardEngine[Catalina]]] sems.cm.ctrl.HttpSessionCheckingListener[sessionDestroyed:32] - ##########Session ID 1EF7FB30589FD4EBED7D0F3CC84BAD60 destroyed at Thu Feb 15 15:56:48 KST 2024 0

2024-02-15 16:02:53 Commons Daemon procrun stdout initialized
##########Session ID CEFC036EBB76A89292E7CA0159153E23 destroyed at Thu Feb 15 16:11:07 KST 2024 Session Counts:  2
ERROR 16:11:07.938 [ContainerBackgroundProcessor[StandardEngine[Catalina]]] sems.cm.ctrl.HttpSessionCheckingListener[sessionDestroyed:32] - ##########Session ID CEFC036EBB76A89292E7CA0159153E23 destroyed at Thu Feb 15 16:11:07 KST 2024 2
##########Session ID C3019096C2F817C0D3434B06833DD7A1 destroyed at Thu Feb 15 16:12:07 KST 2024 Session Counts:  1
ERROR 16:12:07.974 [ContainerBackgroundProcessor[StandardEngine[Catalina]]] sems.cm.ctrl.HttpSessionCheckingListener[sessionDestroyed:32] - ##########Session ID C3019096C2F817C0D3434B06833DD7A1 destroyed at Thu Feb 15 16:12:07 KST 2024 1
##########Session ID 5396546B0998DCDD571B97B22B0A1AAA destroyed at Thu Feb 15 16:12:07 KST 2024 Session Counts:  0
ERROR 16:12:07.975 [ContainerBackgroundProcessor[StandardEngine[Catalina]]] sems.cm.ctrl.HttpSessionCheckingListener[sessionDestroyed:32] - ##########Session ID 5396546B0998DCDD571B97B22B0A1AAA destroyed at Thu Feb 15 16:12:07 KST 2024 0
##########Session ID F4913C6A24D4C9996AC37EBA8AA012AC destroyed at Thu Feb 15 16:15:08 KST 2024 Session Counts:  -1
ERROR 16:15:08.075 [ContainerBackgroundProcessor[StandardEngine[Catalina]]] sems.cm.ctrl.HttpSessionCheckingListener[sessionDestroyed:32] - ##########Session ID F4913C6A24D4C9996AC37EBA8AA012AC destroyed at Thu Feb 15 16:15:08 KST 2024 -1
##########Session ID 1DD71C430F7887C0F679D4354590BF46 destroyed at Thu Feb 15 16:31:16 KST 2024 Session Counts:  1
ERROR 16:31:16.480 [ContainerBackgroundProcessor[StandardEngine[Catalina]]] sems.cm.ctrl.HttpSessionCheckingListener[sessionDestroyed:32] - ##########Session ID 1DD71C430F7887C0F679D4354590BF46 destroyed at Thu Feb 15 16:31:16 KST 2024 1
##########Session ID 39FD08C6EDB8750A9CE3CEB3C39EC268 destroyed at Thu Feb 15 16:31:16 KST 2024 Session Counts:  0
ERROR 16:31:16.481 [ContainerBackgroundProcessor[StandardEngine[Catalina]]] sems.cm.ctrl.HttpSessionCheckingListener[sessionDestroyed:32] - ##########Session ID 39FD08C6EDB8750A9CE3CEB3C39EC268 destroyed at Thu Feb 15 16:31:16 KST 2024 0
##########Session ID 725C3C8952242D9EF5AC1ED4EF0E6CCE destroyed at Thu Feb 15 16:43:16 KST 2024 Session Counts:  0
ERROR 16:43:16.851 [ContainerBackgroundProcessor[StandardEngine[Catalina]]] sems.cm.ctrl.HttpSessionCheckingListener[sessionDestroyed:32] - ##########Session ID 725C3C8952242D9EF5AC1ED4EF0E6CCE destroyed at Thu Feb 15 16:43:16 KST 2024 0
##########Session ID FB96F84A5F520C5998D21C9000F2D3E5 destroyed at Thu Feb 15 16:53:17 KST 2024 Session Counts:  1
ERROR 16:53:17.153 [ContainerBackgroundProcessor[StandardEngine[Catalina]]] sems.cm.ctrl.HttpSessionCheckingListener[sessionDestroyed:32] - ##########Session ID FB96F84A5F520C5998D21C9000F2D3E5 destroyed at Thu Feb 15 16:53:17 KST 2024 1
##########Session ID 2BF41C694189AB2901C4560ACEBAD0EE destroyed at Thu Feb 15 16:55:17 KST 2024 Session Counts:  0
ERROR 16:55:17.214 [ContainerBackgroundProcessor[StandardEngine[Catalina]]] sems.cm.ctrl.HttpSessionCheckingListener[sessionDestroyed:32] - ##########Session ID 2BF41C694189AB2901C4560ACEBAD0EE destroyed at Thu Feb 15 16:55:17 KST 2024 0
##########Session ID E601C54E4DB3EB1665EE67A7F886354E created at Thu Feb 15 17:11:30 KST 2024 Session Counts: 4
ERROR 17:11:30.090 [http-bio-8443-exec-31] sems.cm.ctrl.HttpSessionCheckingListener[sessionCreated:25] - ##########Session ID E601C54E4DB3EB1665EE67A7F886354E created at Thu Feb 15 17:11:30 KST 2024 4
##########Session ID 30F2F7F918E08FE9F098D7206250D82F destroyed at Thu Feb 15 17:16:17 KST 2024 Session Counts:  3
ERROR 17:16:17.839 [ContainerBackgroundProcessor[StandardEngine[Catalina]]] sems.cm.ctrl.HttpSessionCheckingListener[sessionDestroyed:32] - ##########Session ID 30F2F7F918E08FE9F098D7206250D82F destroyed at Thu Feb 15 17:16:17 KST 2024 3
##########Session ID 9A2D1F4C1C92CF3D4B0D5B402394824F destroyed at Thu Feb 15 17:17:17 KST 2024 Session Counts:  2
ERROR 17:17:17.869 [ContainerBackgroundProcessor[StandardEngine[Catalina]]] sems.cm.ctrl.HttpSessionCheckingListener[sessionDestroyed:32] - ##########Session ID 9A2D1F4C1C92CF3D4B0D5B402394824F destroyed at Thu Feb 15 17:17:17 KST 2024 2
##########Session ID A1374F8A5D30295ED077C3B69E25D816 destroyed at Thu Feb 15 17:17:17 KST 2024 Session Counts:  1
ERROR 17:17:17.869 [ContainerBackgroundProcessor[StandardEngine[Catalina]]] sems.cm.ctrl.HttpSessionCheckingListener[sessionDestroyed:32] - ##########Session ID A1374F8A5D30295ED077C3B69E25D816 destroyed at Thu Feb 15 17:17:17 KST 2024 1
##########Session ID E74E6ACC962ABBB85646CBBE811315CF created at Thu Feb 15 17:51:32 KST 2024 Session Counts: 3
ERROR 17:51:32.024 [http-bio-8443-exec-34] sems.cm.ctrl.HttpSessionCheckingListener[sessionCreated:24] - ##########Session ID E74E6ACC962ABBB85646CBBE811315CF created at Thu Feb 15 17:51:32 KST 2024 3
##########Session ID 744276AFB435BCE2ADF607A44278C9FB created at Thu Feb 15 19:29:10 KST 2024 Session Counts: 5
ERROR 19:29:10.547 [http-bio-8443-exec-35] sems.cm.ctrl.HttpSessionCheckingListener[sessionCreated:24] - ##########Session ID 744276AFB435BCE2ADF607A44278C9FB created at Thu Feb 15 19:29:10 KST 2024 5
##########Session ID 1C760637AE66562477B6CB70BE5B4776 destroyed at Thu Feb 15 20:41:09 KST 2024 Session Counts:  4
ERROR 20:41:09.002 [ContainerBackgroundProcessor[StandardEngine[Catalina]]] sems.cm.ctrl.HttpSessionCheckingListener[sessionDestroyed:31] - ##########Session ID 1C760637AE66562477B6CB70BE5B4776 destroyed at Thu Feb 15 20:41:09 KST 2024 4
##########Session ID 7EC5C987BE037AF2B020AA9F18671B7C destroyed at Thu Feb 15 20:42:09 KST 2024 Session Counts:  3
ERROR 20:42:09.034 [ContainerBackgroundProcessor[StandardEngine[Catalina]]] sems.cm.ctrl.HttpSessionCheckingListener[sessionDestroyed:31] - ##########Session ID 7EC5C987BE037AF2B020AA9F18671B7C destroyed at Thu Feb 15 20:42:09 KST 2024 3
##########Session ID E74E6ACC962ABBB85646CBBE811315CF destroyed at Thu Feb 15 20:52:09 KST 2024 Session Counts:  2
ERROR 20:52:09.322 [ContainerBackgroundProcessor[StandardEngine[Catalina]]] sems.cm.ctrl.HttpSessionCheckingListener[sessionDestroyed:31] - ##########Session ID E74E6ACC962ABBB85646CBBE811315CF destroyed at Thu Feb 15 20:52:09 KST 2024 2
##########Session ID 8EE7ABC59D3BDA33D2B53E8582EB18FD destroyed at Thu Feb 15 22:01:11 KST 2024 Session Counts:  1
ERROR 22:01:11.355 [ContainerBackgroundProcessor[StandardEngine[Catalina]]] sems.cm.ctrl.HttpSessionCheckingListener[sessionDestroyed:31] - ##########Session ID 8EE7ABC59D3BDA33D2B53E8582EB18FD destroyed at Thu Feb 15 22:01:11 KST 2024 1
##########Session ID 744276AFB435BCE2ADF607A44278C9FB destroyed at Thu Feb 15 22:29:12 KST 2024 Session Counts:  0
ERROR 22:29:12.160 [ContainerBackgroundProcessor[StandardEngine[Catalina]]] sems.cm.ctrl.HttpSessionCheckingListener[sessionDestroyed:31] - ##########Session ID 744276AFB435BCE2ADF607A44278C9FB destroyed at Thu Feb 15 22:29:12 KST 2024 0
##########Session ID 4E9A963D303DD842655A92274C46B3FF destroyed at Fri Feb 16 07:18:27 KST 2024 Session Counts:  0
ERROR 07:18:27.662 [ContainerBackgroundProcessor[StandardEngine[Catalina]]] sems.cm.ctrl.HttpSessionCheckingListener[sessionDestroyed:31] - ##########Session ID 4E9A963D303DD842655A92274C46B3FF destroyed at Fri Feb 16 07:18:27 KST 2024 0
##########Session ID A1FFD78C2BC7CEC2F3AD5D654E9FEDB8 destroyed at Fri Feb 16 14:04:39 KST 2024 Session Counts:  1
ERROR 14:04:39.630 [ContainerBackgroundProcessor[StandardEngine[Catalina]]] sems.cm.ctrl.HttpSessionCheckingListener[sessionDestroyed:31] - ##########Session ID A1FFD78C2BC7CEC2F3AD5D654E9FEDB8 destroyed at Fri Feb 16 14:04:39 KST 2024 1
##########Session ID 0816AD6F60BE9F003D71409A04BE3A8B destroyed at Fri Feb 16 14:41:40 KST 2024 Session Counts:  0
ERROR 14:41:40.734 [ContainerBackgroundProcessor[StandardEngine[Catalina]]] sems.cm.ctrl.HttpSessionCheckingListener[sessionDestroyed:31] - ##########Session ID 0816AD6F60BE9F003D71409A04BE3A8B destroyed at Fri Feb 16 14:41:40 KST 2024 0
##########Session ID 233184978658BF8251F452854C83209C created at Fri Feb 16 22:24:08 KST 2024 Session Counts: 2
ERROR 22:24:08.329 [http-bio-8443-exec-36] sems.cm.ctrl.HttpSessionCheckingListener[sessionCreated:24] - ##########Session ID 233184978658BF8251F452854C83209C created at Fri Feb 16 22:24:08 KST 2024 2
##########Session ID D78ABC0F61BEB3A8097DD59571AB2021 destroyed at Sat Feb 17 00:57:58 KST 2024 Session Counts:  1
ERROR 00:57:58.710 [ContainerBackgroundProcessor[StandardEngine[Catalina]]] sems.cm.ctrl.HttpSessionCheckingListener[sessionDestroyed:31] - ##########Session ID D78ABC0F61BEB3A8097DD59571AB2021 destroyed at Sat Feb 17 00:57:58 KST 2024 1
##########Session ID 233184978658BF8251F452854C83209C destroyed at Sat Feb 17 01:24:59 KST 2024 Session Counts:  0
ERROR 01:24:59.506 [ContainerBackgroundProcessor[StandardEngine[Catalina]]] sems.cm.ctrl.HttpSessionCheckingListener[sessionDestroyed:31] - ##########Session ID 233184978658BF8251F452854C83209C destroyed at Sat Feb 17 01:24:59 KST 2024 0
##########Session ID 9D2E34200E22A432554E6390A0B7752C destroyed at Sat Feb 17 06:12:07 KST 2024 Session Counts:  0
ERROR 06:12:07.911 [ContainerBackgroundProcessor[StandardEngine[Catalina]]] sems.cm.ctrl.HttpSessionCheckingListener[sessionDestroyed:31] - ##########Session ID 9D2E34200E22A432554E6390A0B7752C destroyed at Sat Feb 17 06:12:07 KST 2024 0
##########Session ID 42D841B6E083C4522FF2EF8D7244DC0C created at Sat Feb 17 08:37:05 KST 2024 Session Counts: 1
ERROR 08:37:05.182 [http-bio-8443-exec-33] sems.cm.ctrl.HttpSessionCheckingListener[sessionCreated:24] - ##########Session ID 42D841B6E083C4522FF2EF8D7244DC0C created at Sat Feb 17 08:37:05 KST 2024 1
##########Session ID 42D841B6E083C4522FF2EF8D7244DC0C destroyed at Sat Feb 17 11:37:17 KST 2024 Session Counts:  0
ERROR 11:37:17.382 [ContainerBackgroundProcessor[StandardEngine[Catalina]]] sems.cm.ctrl.HttpSessionCheckingListener[sessionDestroyed:31] - ##########Session ID 42D841B6E083C4522FF2EF8D7244DC0C destroyed at Sat Feb 17 11:37:17 KST 2024 0
##########Session ID 8E5D1E477F490E99116CE89C89AFCE89 created at Sat Feb 17 18:07:14 KST 2024 Session Counts: 1
ERROR 18:07:14.017 [http-bio-8443-exec-34] sems.cm.ctrl.HttpSessionCheckingListener[sessionCreated:24] - ##########Session ID 8E5D1E477F490E99116CE89C89AFCE89 created at Sat Feb 17 18:07:14 KST 2024 1
##########Session ID 8E5D1E477F490E99116CE89C89AFCE89 destroyed at Sat Feb 17 21:07:34 KST 2024 Session Counts:  2
ERROR 21:07:34.143 [ContainerBackgroundProcessor[StandardEngine[Catalina]]] sems.cm.ctrl.HttpSessionCheckingListener[sessionDestroyed:31] - ##########Session ID 8E5D1E477F490E99116CE89C89AFCE89 destroyed at Sat Feb 17 21:07:34 KST 2024 2
##########Session ID E3AA3B651DE6AB43C3CA2FF4BCF4EA88 destroyed at Sat Feb 17 21:08:34 KST 2024 Session Counts:  1
ERROR 21:08:34.172 [ContainerBackgroundProcessor[StandardEngine[Catalina]]] sems.cm.ctrl.HttpSessionCheckingListener[sessionDestroyed:31] - ##########Session ID E3AA3B651DE6AB43C3CA2FF4BCF4EA88 destroyed at Sat Feb 17 21:08:34 KST 2024 1
##########Session ID 3ECAA040205A253E7DD4FC33EB6746B6 destroyed at Sat Feb 17 21:18:34 KST 2024 Session Counts:  0
ERROR 21:18:34.474 [ContainerBackgroundProcessor[StandardEngine[Catalina]]] sems.cm.ctrl.HttpSessionCheckingListener[sessionDestroyed:31] - ##########Session ID 3ECAA040205A253E7DD4FC33EB6746B6 destroyed at Sat Feb 17 21:18:34 KST 2024 0
##########Session ID 87F0155A3FAAC1375CD0D8355A99C0AD destroyed at Sun Feb 18 04:13:46 KST 2024 Session Counts:  0
ERROR 04:13:46.535 [ContainerBackgroundProcessor[StandardEngine[Catalina]]] sems.cm.ctrl.HttpSessionCheckingListener[sessionDestroyed:31] - ##########Session ID 87F0155A3FAAC1375CD0D8355A99C0AD destroyed at Sun Feb 18 04:13:46 KST 2024 0
##########Session ID EAF1D16A4B3DFE87B2330DAA49086015 created at Sun Feb 18 07:33:32 KST 2024 Session Counts: 1
ERROR 07:33:32.996 [http-bio-8443-exec-38] sems.cm.ctrl.HttpSessionCheckingListener[sessionCreated:24] - ##########Session ID EAF1D16A4B3DFE87B2330DAA49086015 created at Sun Feb 18 07:33:32 KST 2024 1
##########Session ID AB50C395FD58A28160CDD9C31373199A created at Sun Feb 18 09:32:05 KST 2024 Session Counts: 3
ERROR 09:32:05.265 [http-bio-8443-exec-41] sems.cm.ctrl.HttpSessionCheckingListener[sessionCreated:24] - ##########Session ID AB50C395FD58A28160CDD9C31373199A created at Sun Feb 18 09:32:05 KST 2024 3
##########Session ID EAF1D16A4B3DFE87B2330DAA49086015 destroyed at Sun Feb 18 10:33:57 KST 2024 Session Counts:  2
ERROR 10:33:57.614 [ContainerBackgroundProcessor[StandardEngine[Catalina]]] sems.cm.ctrl.HttpSessionCheckingListener[sessionDestroyed:31] - ##########Session ID EAF1D16A4B3DFE87B2330DAA49086015 destroyed at Sun Feb 18 10:33:57 KST 2024 2
##########Session ID 3DD82FE5C20A19306C040624338916D3 created at Sun Feb 18 11:06:35 KST 2024 Session Counts: 4
ERROR 11:06:35.360 [http-bio-8443-exec-33] sems.cm.ctrl.HttpSessionCheckingListener[sessionCreated:24] - ##########Session ID 3DD82FE5C20A19306C040624338916D3 created at Sun Feb 18 11:06:35 KST 2024 4
##########Session ID 454AD9BF26153FA0B073FC600B935494 created at Sun Feb 18 11:06:36 KST 2024 Session Counts: 5
ERROR 11:06:36.459 [http-bio-8443-exec-35] sems.cm.ctrl.HttpSessionCheckingListener[sessionCreated:24] - ##########Session ID 454AD9BF26153FA0B073FC600B935494 created at Sun Feb 18 11:06:36 KST 2024 5
##########Session ID 1DB95B14EA5A6CEA7857903CFEFC1CD9 created at Sun Feb 18 11:06:37 KST 2024 Session Counts: 6
ERROR 11:06:37.819 [http-bio-8443-exec-37] sems.cm.ctrl.HttpSessionCheckingListener[sessionCreated:24] - ##########Session ID 1DB95B14EA5A6CEA7857903CFEFC1CD9 created at Sun Feb 18 11:06:37 KST 2024 6
##########Session ID 2E4DB48824A5E7B5845C3E6F4300D7B1 created at Sun Feb 18 11:06:39 KST 2024 Session Counts: 7
ERROR 11:06:39.239 [http-bio-8443-exec-41] sems.cm.ctrl.HttpSessionCheckingListener[sessionCreated:24] - ##########Session ID 2E4DB48824A5E7B5845C3E6F4300D7B1 created at Sun Feb 18 11:06:39 KST 2024 7
##########Session ID 9400AA680BDC5F460BE8FDD43D3AB947 destroyed at Sun Feb 18 11:23:59 KST 2024 Session Counts:  6
ERROR 11:23:59.110 [ContainerBackgroundProcessor[StandardEngine[Catalina]]] sems.cm.ctrl.HttpSessionCheckingListener[sessionDestroyed:31] - ##########Session ID 9400AA680BDC5F460BE8FDD43D3AB947 destroyed at Sun Feb 18 11:23:59 KST 2024 6
##########Session ID AB50C395FD58A28160CDD9C31373199A destroyed at Sun Feb 18 12:33:01 KST 2024 Session Counts:  5
ERROR 12:33:01.149 [ContainerBackgroundProcessor[StandardEngine[Catalina]]] sems.cm.ctrl.HttpSessionCheckingListener[sessionDestroyed:31] - ##########Session ID AB50C395FD58A28160CDD9C31373199A destroyed at Sun Feb 18 12:33:01 KST 2024 5
##########Session ID 3F45E585CC176A23729F6A39D3FCE617 destroyed at Sun Feb 18 14:07:03 KST 2024 Session Counts:  4
ERROR 14:07:03.930 [ContainerBackgroundProcessor[StandardEngine[Catalina]]] sems.cm.ctrl.HttpSessionCheckingListener[sessionDestroyed:31] - ##########Session ID 3F45E585CC176A23729F6A39D3FCE617 destroyed at Sun Feb 18 14:07:03 KST 2024 4
##########Session ID 1DB95B14EA5A6CEA7857903CFEFC1CD9 destroyed at Sun Feb 18 14:07:03 KST 2024 Session Counts:  3
ERROR 14:07:03.930 [ContainerBackgroundProcessor[StandardEngine[Catalina]]] sems.cm.ctrl.HttpSessionCheckingListener[sessionDestroyed:31] - ##########Session ID 1DB95B14EA5A6CEA7857903CFEFC1CD9 destroyed at Sun Feb 18 14:07:03 KST 2024 3
##########Session ID 454AD9BF26153FA0B073FC600B935494 destroyed at Sun Feb 18 14:07:03 KST 2024 Session Counts:  2
ERROR 14:07:03.931 [ContainerBackgroundProcessor[StandardEngine[Catalina]]] sems.cm.ctrl.HttpSessionCheckingListener[sessionDestroyed:31] - ##########Session ID 454AD9BF26153FA0B073FC600B935494 destroyed at Sun Feb 18 14:07:03 KST 2024 2
##########Session ID 2E4DB48824A5E7B5845C3E6F4300D7B1 destroyed at Sun Feb 18 14:07:03 KST 2024 Session Counts:  1
ERROR 14:07:03.931 [ContainerBackgroundProcessor[StandardEngine[Catalina]]] sems.cm.ctrl.HttpSessionCheckingListener[sessionDestroyed:31] - ##########Session ID 2E4DB48824A5E7B5845C3E6F4300D7B1 destroyed at Sun Feb 18 14:07:03 KST 2024 1
##########Session ID 3DD82FE5C20A19306C040624338916D3 destroyed at Sun Feb 18 14:07:03 KST 2024 Session Counts:  0
ERROR 14:07:03.931 [ContainerBackgroundProcessor[StandardEngine[Catalina]]] sems.cm.ctrl.HttpSessionCheckingListener[sessionDestroyed:31] - ##########Session ID 3DD82FE5C20A19306C040624338916D3 destroyed at Sun Feb 18 14:07:03 KST 2024 0
##########Session ID EDB62FB89EBD25FB6A337B50C7BC3E31 created at Mon Feb 19 07:59:44 KST 2024 Session Counts: 5
ERROR 07:59:44.431 [http-bio-8443-exec-39] sems.cm.ctrl.HttpSessionCheckingListener[sessionCreated:24] - ##########Session ID EDB62FB89EBD25FB6A337B50C7BC3E31 created at Mon Feb 19 07:59:44 KST 2024 5
##########Session ID 33DDD0B62E91311B1FB761109F75E4A0 created at Mon Feb 19 08:12:26 KST 2024 Session Counts: 6
ERROR 08:12:26.383 [http-bio-8443-exec-36] sems.cm.ctrl.HttpSessionCheckingListener[sessionCreated:24] - ##########Session ID 33DDD0B62E91311B1FB761109F75E4A0 created at Mon Feb 19 08:12:26 KST 2024 6
##########Session ID 1F36869D379D125D8AE03F1F1E5CBA0F destroyed at Mon Feb 19 08:23:36 KST 2024 Session Counts:  5
ERROR 08:23:36.240 [ContainerBackgroundProcessor[StandardEngine[Catalina]]] sems.cm.ctrl.HttpSessionCheckingListener[sessionDestroyed:31] - ##########Session ID 1F36869D379D125D8AE03F1F1E5CBA0F destroyed at Mon Feb 19 08:23:36 KST 2024 5
##########Session ID B357161972700CEF88F2825E5FC7247B destroyed at Mon Feb 19 09:50:38 KST 2024 Session Counts:  5
ERROR 09:50:38.815 [ContainerBackgroundProcessor[StandardEngine[Catalina]]] sems.cm.ctrl.HttpSessionCheckingListener[sessionDestroyed:31] - ##########Session ID B357161972700CEF88F2825E5FC7247B destroyed at Mon Feb 19 09:50:38 KST 2024 5
##########Session ID 9ABFB40E096607905BFA830E8B50F846 destroyed at Mon Feb 19 10:01:39 KST 2024 Session Counts:  4
ERROR 10:01:39.137 [ContainerBackgroundProcessor[StandardEngine[Catalina]]] sems.cm.ctrl.HttpSessionCheckingListener[sessionDestroyed:31] - ##########Session ID 9ABFB40E096607905BFA830E8B50F846 destroyed at Mon Feb 19 10:01:39 KST 2024 4
##########Session ID 6EF992FC2E73144EEAC7518EB5F55A7B destroyed at Mon Feb 19 10:36:40 KST 2024 Session Counts:  3
ERROR 10:36:40.166 [ContainerBackgroundProcessor[StandardEngine[Catalina]]] sems.cm.ctrl.HttpSessionCheckingListener[sessionDestroyed:31] - ##########Session ID 6EF992FC2E73144EEAC7518EB5F55A7B destroyed at Mon Feb 19 10:36:40 KST 2024 3
##########Session ID EDB62FB89EBD25FB6A337B50C7BC3E31 destroyed at Mon Feb 19 11:00:40 KST 2024 Session Counts:  2
ERROR 11:00:40.878 [ContainerBackgroundProcessor[StandardEngine[Catalina]]] sems.cm.ctrl.HttpSessionCheckingListener[sessionDestroyed:31] - ##########Session ID EDB62FB89EBD25FB6A337B50C7BC3E31 destroyed at Mon Feb 19 11:00:40 KST 2024 2
##########Session ID 33DDD0B62E91311B1FB761109F75E4A0 destroyed at Mon Feb 19 11:12:41 KST 2024 Session Counts:  1
ERROR 11:12:41.230 [ContainerBackgroundProcessor[StandardEngine[Catalina]]] sems.cm.ctrl.HttpSessionCheckingListener[sessionDestroyed:31] - ##########Session ID 33DDD0B62E91311B1FB761109F75E4A0 destroyed at Mon Feb 19 11:12:41 KST 2024 1
##########Session ID 548C40398FA36BC513352133DB6CC2DD created at Mon Feb 19 11:34:26 KST 2024 Session Counts: 3
ERROR 11:34:26.916 [http-bio-8443-exec-36] sems.cm.ctrl.HttpSessionCheckingListener[sessionCreated:24] - ##########Session ID 548C40398FA36BC513352133DB6CC2DD created at Mon Feb 19 11:34:26 KST 2024 3
##########Session ID DA6714671780D63ED9D0CFF5B971453C created at Mon Feb 19 12:44:11 KST 2024 Session Counts: 6
ERROR 12:44:11.760 [http-bio-8443-exec-34] sems.cm.ctrl.HttpSessionCheckingListener[sessionCreated:24] - ##########Session ID DA6714671780D63ED9D0CFF5B971453C created at Mon Feb 19 12:44:11 KST 2024 6
##########Session ID C5CF85E5B9F6687E0FF0D88734683A5E created at Mon Feb 19 12:44:13 KST 2024 Session Counts: 7
ERROR 12:44:13.259 [http-bio-8443-exec-38] sems.cm.ctrl.HttpSessionCheckingListener[sessionCreated:24] - ##########Session ID C5CF85E5B9F6687E0FF0D88734683A5E created at Mon Feb 19 12:44:13 KST 2024 7
##########Session ID DF975F448DEDD6ECF0CA4C6C7647D1FE created at Mon Feb 19 12:44:15 KST 2024 Session Counts: 8
ERROR 12:44:15.378 [http-bio-8443-exec-33] sems.cm.ctrl.HttpSessionCheckingListener[sessionCreated:24] - ##########Session ID DF975F448DEDD6ECF0CA4C6C7647D1FE created at Mon Feb 19 12:44:15 KST 2024 8
##########Session ID 7E2F56B7DF7C4B4C7708C97C1C604B31 destroyed at Mon Feb 19 12:48:44 KST 2024 Session Counts:  7
ERROR 12:48:44.041 [ContainerBackgroundProcessor[StandardEngine[Catalina]]] sems.cm.ctrl.HttpSessionCheckingListener[sessionDestroyed:31] - ##########Session ID 7E2F56B7DF7C4B4C7708C97C1C604B31 destroyed at Mon Feb 19 12:48:44 KST 2024 7
##########Session ID 5153CD54179E9A6B1848ECAC5AEA6764 destroyed at Mon Feb 19 14:24:46 KST 2024 Session Counts:  6
ERROR 14:24:46.843 [ContainerBackgroundProcessor[StandardEngine[Catalina]]] sems.cm.ctrl.HttpSessionCheckingListener[sessionDestroyed:31] - ##########Session ID 5153CD54179E9A6B1848ECAC5AEA6764 destroyed at Mon Feb 19 14:24:46 KST 2024 6
##########Session ID 548C40398FA36BC513352133DB6CC2DD destroyed at Mon Feb 19 14:34:47 KST 2024 Session Counts:  5
ERROR 14:34:47.135 [ContainerBackgroundProcessor[StandardEngine[Catalina]]] sems.cm.ctrl.HttpSessionCheckingListener[sessionDestroyed:31] - ##########Session ID 548C40398FA36BC513352133DB6CC2DD destroyed at Mon Feb 19 14:34:47 KST 2024 5
##########Session ID 4EA5C54114ABE7204A7832982AE1F047 destroyed at Mon Feb 19 14:52:47 KST 2024 Session Counts:  4
ERROR 14:52:47.658 [ContainerBackgroundProcessor[StandardEngine[Catalina]]] sems.cm.ctrl.HttpSessionCheckingListener[sessionDestroyed:31] - ##########Session ID 4EA5C54114ABE7204A7832982AE1F047 destroyed at Mon Feb 19 14:52:47 KST 2024 4
##########Session ID C5CF85E5B9F6687E0FF0D88734683A5E destroyed at Mon Feb 19 15:44:49 KST 2024 Session Counts:  3
ERROR 15:44:49.180 [ContainerBackgroundProcessor[StandardEngine[Catalina]]] sems.cm.ctrl.HttpSessionCheckingListener[sessionDestroyed:31] - ##########Session ID C5CF85E5B9F6687E0FF0D88734683A5E destroyed at Mon Feb 19 15:44:49 KST 2024 3
##########Session ID F4F06C1D0F41983E841C58F3C4CC76B7 destroyed at Mon Feb 19 15:44:49 KST 2024 Session Counts:  2
ERROR 15:44:49.180 [ContainerBackgroundProcessor[StandardEngine[Catalina]]] sems.cm.ctrl.HttpSessionCheckingListener[sessionDestroyed:31] - ##########Session ID F4F06C1D0F41983E841C58F3C4CC76B7 destroyed at Mon Feb 19 15:44:49 KST 2024 2
##########Session ID DA6714671780D63ED9D0CFF5B971453C destroyed at Mon Feb 19 15:44:49 KST 2024 Session Counts:  1
ERROR 15:44:49.180 [ContainerBackgroundProcessor[StandardEngine[Catalina]]] sems.cm.ctrl.HttpSessionCheckingListener[sessionDestroyed:31] - ##########Session ID DA6714671780D63ED9D0CFF5B971453C destroyed at Mon Feb 19 15:44:49 KST 2024 1
##########Session ID DF975F448DEDD6ECF0CA4C6C7647D1FE destroyed at Mon Feb 19 15:44:49 KST 2024 Session Counts:  0
ERROR 15:44:49.181 [ContainerBackgroundProcessor[StandardEngine[Catalina]]] sems.cm.ctrl.HttpSessionCheckingListener[sessionDestroyed:31] - ##########Session ID DF975F448DEDD6ECF0CA4C6C7647D1FE destroyed at Mon Feb 19 15:44:49 KST 2024 0
##########Session ID EAB164E97BED24DF351FC033EB8485A3 created at Mon Feb 19 17:37:35 KST 2024 Session Counts: 1
ERROR 17:37:35.362 [http-bio-8443-exec-40] sems.cm.ctrl.HttpSessionCheckingListener[sessionCreated:24] - ##########Session ID EAB164E97BED24DF351FC033EB8485A3 created at Mon Feb 19 17:37:35 KST 2024 1
##########Session ID EAB164E97BED24DF351FC033EB8485A3 destroyed at Mon Feb 19 20:37:57 KST 2024 Session Counts:  0
ERROR 20:37:57.765 [ContainerBackgroundProcessor[StandardEngine[Catalina]]] sems.cm.ctrl.HttpSessionCheckingListener[sessionDestroyed:31] - ##########Session ID EAB164E97BED24DF351FC033EB8485A3 destroyed at Mon Feb 19 20:37:57 KST 2024 0
##########Session ID D84066144E77460F43A526C4F1BB97A3 destroyed at Mon Feb 19 23:58:03 KST 2024 Session Counts:  0
ERROR 23:58:03.703 [ContainerBackgroundProcessor[StandardEngine[Catalina]]] sems.cm.ctrl.HttpSessionCheckingListener[sessionDestroyed:31] - ##########Session ID D84066144E77460F43A526C4F1BB97A3 destroyed at Mon Feb 19 23:58:03 KST 2024 0
##########Session ID 6E55C9AC2B7D22969C92271B99A1A484 created at Tue Feb 20 01:54:19 KST 2024 Session Counts: 1
ERROR 01:54:19.268 [http-bio-8443-exec-40] sems.cm.ctrl.HttpSessionCheckingListener[sessionCreated:24] - ##########Session ID 6E55C9AC2B7D22969C92271B99A1A484 created at Tue Feb 20 01:54:19 KST 2024 1
##########Session ID 6E55C9AC2B7D22969C92271B99A1A484 destroyed at Tue Feb 20 04:55:12 KST 2024 Session Counts:  0
ERROR 04:55:12.482 [ContainerBackgroundProcessor[StandardEngine[Catalina]]] sems.cm.ctrl.HttpSessionCheckingListener[sessionDestroyed:31] - ##########Session ID 6E55C9AC2B7D22969C92271B99A1A484 destroyed at Tue Feb 20 04:55:12 KST 2024 0
##########Session ID E4144D9EF9105747A7999EFBBC976CFB created at Tue Feb 20 07:47:36 KST 2024 Session Counts: 1
ERROR 07:47:36.427 [http-bio-8443-exec-42] sems.cm.ctrl.HttpSessionCheckingListener[sessionCreated:24] - ##########Session ID E4144D9EF9105747A7999EFBBC976CFB created at Tue Feb 20 07:47:36 KST 2024 1
##########Session ID DB8C5CF520F87FCFDC95FE569EFFE807 created at Tue Feb 20 08:01:08 KST 2024 Session Counts: 2
ERROR 08:01:08.250 [http-bio-8443-exec-35] sems.cm.ctrl.HttpSessionCheckingListener[sessionCreated:24] - ##########Session ID DB8C5CF520F87FCFDC95FE569EFFE807 created at Tue Feb 20 08:01:08 KST 2024 2
##########Session ID 0A52957A48841E581E6EA72902AD97FD created at Tue Feb 20 09:58:13 KST 2024 Session Counts: 4
ERROR 09:58:13.476 [http-bio-8443-exec-36] sems.cm.ctrl.HttpSessionCheckingListener[sessionCreated:24] - ##########Session ID 0A52957A48841E581E6EA72902AD97FD created at Tue Feb 20 09:58:13 KST 2024 4
##########Session ID E4144D9EF9105747A7999EFBBC976CFB destroyed at Tue Feb 20 10:48:22 KST 2024 Session Counts:  3
ERROR 10:48:22.845 [ContainerBackgroundProcessor[StandardEngine[Catalina]]] sems.cm.ctrl.HttpSessionCheckingListener[sessionDestroyed:31] - ##########Session ID E4144D9EF9105747A7999EFBBC976CFB destroyed at Tue Feb 20 10:48:22 KST 2024 3
##########Session ID DB8C5CF520F87FCFDC95FE569EFFE807 destroyed at Tue Feb 20 11:01:23 KST 2024 Session Counts:  2
ERROR 11:01:23.253 [ContainerBackgroundProcessor[StandardEngine[Catalina]]] sems.cm.ctrl.HttpSessionCheckingListener[sessionDestroyed:31] - ##########Session ID DB8C5CF520F87FCFDC95FE569EFFE807 destroyed at Tue Feb 20 11:01:23 KST 2024 2
