
2023-08-07 12:16:55 Commons Daemon procrun stdout initialized

2023-08-07 12:18:10 Commons Daemon procrun stdout initialized

2023-08-07 14:09:28 Commons Daemon procrun stdout initialized
##########Session ID 076734C7912F201760AC30FBE6F3C7DC created at Mon Aug 07 14:51:14 KST 2023

2023-08-07 15:18:14 Commons Daemon procrun stdout initialized
##########Session ID 07BC2E3AEFA931D55B2DF7B9A7ACCFAD created at Mon Aug 07 15:26:56 KST 2023

2023-08-07 15:33:05 Commons Daemon procrun stdout initialized

2023-08-07 15:36:01 Commons Daemon procrun stdout initialized

2023-08-07 15:47:01 Commons Daemon procrun stdout initialized

2023-08-07 15:58:21 Commons Daemon procrun stdout initialized

2023-08-07 15:58:37 Commons Daemon procrun stdout initialized

2023-08-07 16:01:14 Commons Daemon procrun stdout initialized

2023-08-07 16:02:39 Commons Daemon procrun stdout initialized

2023-08-07 16:06:07 Commons Daemon procrun stdout initialized

2023-08-07 16:26:48 Commons Daemon procrun stdout initialized

2023-08-07 16:34:10 Commons Daemon procrun stdout initialized

2023-08-07 16:49:33 Commons Daemon procrun stdout initialized
##########Session ID DFF4F7C718FEFB3B491C30D365A966A2 created at Mon Aug 07 17:17:52 KST 2023

2023-08-07 17:21:13 Commons Daemon procrun stdout initialized

2023-08-07 17:23:07 Commons Daemon procrun stdout initialized

2023-08-07 17:25:30 Commons Daemon procrun stdout initialized
##########Session ID 2D4EC6BCD3B3FA6D8CE419A658EE511C created at Tue Aug 08 11:25:34 KST 2023
