
2024-03-07 16:20:46 Commons Daemon procrun stdout initialized
##########Session ID 37D185002A101D0E424783BEFEF3AEF0 created at Thu Mar 07 16:28:39 KST 2024 Session Counts: 5
ERROR 16:28:39.816 [http-bio-12443-exec-3] sems.cm.ctrl.HttpSessionCheckingListener[sessionCreated:24] - ##########Session ID 37D185002A101D0E424783BEFEF3AEF0 created at Thu Mar 07 16:28:39 KST 2024 5
##########Session ID 11D8715896AF1BA8D6D00DB0BD9F6A7A destroyed at Thu Mar 07 19:26:06 KST 2024 Session Counts:  19
ERROR 19:26:06.240 [ContainerBackgroundProcessor[StandardEngine[Catalina]]] sems.cm.ctrl.HttpSessionCheckingListener[sessionDestroyed:31] - ##########Session ID 11D8715896AF1BA8D6D00DB0BD9F6A7A destroyed at Thu Mar 07 19:26:06 KST 2024 19
##########Session ID A5FAB38A90964C2F995DE47C3A868E1A destroyed at Thu Mar 07 19:26:06 KST 2024 Session Counts:  18
ERROR 19:26:06.241 [ContainerBackgroundProcessor[StandardEngine[Catalina]]] sems.cm.ctrl.HttpSessionCheckingListener[sessionDestroyed:31] - ##########Session ID A5FAB38A90964C2F995DE47C3A868E1A destroyed at Thu Mar 07 19:26:06 KST 2024 18
##########Session ID F4CD771C5EA31F466F8EB65D8320AB28 destroyed at Thu Mar 07 19:29:06 KST 2024 Session Counts:  17
ERROR 19:29:06.319 [ContainerBackgroundProcessor[StandardEngine[Catalina]]] sems.cm.ctrl.HttpSessionCheckingListener[sessionDestroyed:31] - ##########Session ID F4CD771C5EA31F466F8EB65D8320AB28 destroyed at Thu Mar 07 19:29:06 KST 2024 17
##########Session ID 1FF2366F83246C45B329D4DD2F3D0F26 destroyed at Thu Mar 07 19:30:06 KST 2024 Session Counts:  16
ERROR 19:30:06.347 [ContainerBackgroundProcessor[StandardEngine[Catalina]]] sems.cm.ctrl.HttpSessionCheckingListener[sessionDestroyed:31] - ##########Session ID 1FF2366F83246C45B329D4DD2F3D0F26 destroyed at Thu Mar 07 19:30:06 KST 2024 16
##########Session ID E02A779947EE231B2FDDCD148DAF1530 destroyed at Thu Mar 07 19:35:06 KST 2024 Session Counts:  15
ERROR 19:35:06.480 [ContainerBackgroundProcessor[StandardEngine[Catalina]]] sems.cm.ctrl.HttpSessionCheckingListener[sessionDestroyed:31] - ##########Session ID E02A779947EE231B2FDDCD148DAF1530 destroyed at Thu Mar 07 19:35:06 KST 2024 15
##########Session ID 5C4003BEAA9D8377987DE6703E645327 destroyed at Thu Mar 07 19:38:06 KST 2024 Session Counts:  14
ERROR 19:38:06.561 [ContainerBackgroundProcessor[StandardEngine[Catalina]]] sems.cm.ctrl.HttpSessionCheckingListener[sessionDestroyed:31] - ##########Session ID 5C4003BEAA9D8377987DE6703E645327 destroyed at Thu Mar 07 19:38:06 KST 2024 14
##########Session ID 54704193851CEA9B9708A3FEFA039D91 destroyed at Thu Mar 07 19:38:06 KST 2024 Session Counts:  13
ERROR 19:38:06.561 [ContainerBackgroundProcessor[StandardEngine[Catalina]]] sems.cm.ctrl.HttpSessionCheckingListener[sessionDestroyed:31] - ##########Session ID 54704193851CEA9B9708A3FEFA039D91 destroyed at Thu Mar 07 19:38:06 KST 2024 13
##########Session ID F81006F2D2F08B9859464CC314C7A3C0 destroyed at Thu Mar 07 19:43:06 KST 2024 Session Counts:  12
ERROR 19:43:06.694 [ContainerBackgroundProcessor[StandardEngine[Catalina]]] sems.cm.ctrl.HttpSessionCheckingListener[sessionDestroyed:31] - ##########Session ID F81006F2D2F08B9859464CC314C7A3C0 destroyed at Thu Mar 07 19:43:06 KST 2024 12
##########Session ID E3D398FE0597A302E398738433D31E20 destroyed at Thu Mar 07 19:43:06 KST 2024 Session Counts:  11
ERROR 19:43:06.694 [ContainerBackgroundProcessor[StandardEngine[Catalina]]] sems.cm.ctrl.HttpSessionCheckingListener[sessionDestroyed:31] - ##########Session ID E3D398FE0597A302E398738433D31E20 destroyed at Thu Mar 07 19:43:06 KST 2024 11
##########Session ID CD10246D79EB302DAA74B7ACBDF2E460 destroyed at Thu Mar 07 19:43:06 KST 2024 Session Counts:  10
ERROR 19:43:06.695 [ContainerBackgroundProcessor[StandardEngine[Catalina]]] sems.cm.ctrl.HttpSessionCheckingListener[sessionDestroyed:31] - ##########Session ID CD10246D79EB302DAA74B7ACBDF2E460 destroyed at Thu Mar 07 19:43:06 KST 2024 10
##########Session ID 7FBB324C86E8E96A278EA590344E2D66 destroyed at Thu Mar 07 19:44:06 KST 2024 Session Counts:  9
ERROR 19:44:06.722 [ContainerBackgroundProcessor[StandardEngine[Catalina]]] sems.cm.ctrl.HttpSessionCheckingListener[sessionDestroyed:31] - ##########Session ID 7FBB324C86E8E96A278EA590344E2D66 destroyed at Thu Mar 07 19:44:06 KST 2024 9
##########Session ID 47ABC4CA16D67837FB54AF3D7C1D643E destroyed at Thu Mar 07 19:44:06 KST 2024 Session Counts:  8
ERROR 19:44:06.722 [ContainerBackgroundProcessor[StandardEngine[Catalina]]] sems.cm.ctrl.HttpSessionCheckingListener[sessionDestroyed:31] - ##########Session ID 47ABC4CA16D67837FB54AF3D7C1D643E destroyed at Thu Mar 07 19:44:06 KST 2024 8
##########Session ID 57A29227293BF6BFB2C32EE50A882B00 destroyed at Thu Mar 07 19:44:06 KST 2024 Session Counts:  7
ERROR 19:44:06.723 [ContainerBackgroundProcessor[StandardEngine[Catalina]]] sems.cm.ctrl.HttpSessionCheckingListener[sessionDestroyed:31] - ##########Session ID 57A29227293BF6BFB2C32EE50A882B00 destroyed at Thu Mar 07 19:44:06 KST 2024 7
##########Session ID 4356E859247FC1F707B160DE91906C74 destroyed at Thu Mar 07 20:15:07 KST 2024 Session Counts:  6
ERROR 20:15:07.547 [ContainerBackgroundProcessor[StandardEngine[Catalina]]] sems.cm.ctrl.HttpSessionCheckingListener[sessionDestroyed:31] - ##########Session ID 4356E859247FC1F707B160DE91906C74 destroyed at Thu Mar 07 20:15:07 KST 2024 6
##########Session ID 123F3C7EDFCFF1A0D667904D6E2415BC destroyed at Thu Mar 07 20:23:07 KST 2024 Session Counts:  5
ERROR 20:23:07.763 [ContainerBackgroundProcessor[StandardEngine[Catalina]]] sems.cm.ctrl.HttpSessionCheckingListener[sessionDestroyed:31] - ##########Session ID 123F3C7EDFCFF1A0D667904D6E2415BC destroyed at Thu Mar 07 20:23:07 KST 2024 5
##########Session ID 9775B1B1FF7BD66CBCCB980F8C6FB443 destroyed at Thu Mar 07 20:28:07 KST 2024 Session Counts:  4
ERROR 20:28:07.897 [ContainerBackgroundProcessor[StandardEngine[Catalina]]] sems.cm.ctrl.HttpSessionCheckingListener[sessionDestroyed:31] - ##########Session ID 9775B1B1FF7BD66CBCCB980F8C6FB443 destroyed at Thu Mar 07 20:28:07 KST 2024 4
##########Session ID 0549366A1646A290CED91003E70A4DC1 destroyed at Thu Mar 07 20:29:07 KST 2024 Session Counts:  3
ERROR 20:29:07.925 [ContainerBackgroundProcessor[StandardEngine[Catalina]]] sems.cm.ctrl.HttpSessionCheckingListener[sessionDestroyed:31] - ##########Session ID 0549366A1646A290CED91003E70A4DC1 destroyed at Thu Mar 07 20:29:07 KST 2024 3
##########Session ID 6042849ACEEF1B781F4F278364FF2D4A destroyed at Thu Mar 07 20:29:07 KST 2024 Session Counts:  2
ERROR 20:29:07.926 [ContainerBackgroundProcessor[StandardEngine[Catalina]]] sems.cm.ctrl.HttpSessionCheckingListener[sessionDestroyed:31] - ##########Session ID 6042849ACEEF1B781F4F278364FF2D4A destroyed at Thu Mar 07 20:29:07 KST 2024 2
##########Session ID 03301115F5139A31F8F73144E80C63F1 destroyed at Thu Mar 07 21:00:08 KST 2024 Session Counts:  1
ERROR 21:00:08.749 [ContainerBackgroundProcessor[StandardEngine[Catalina]]] sems.cm.ctrl.HttpSessionCheckingListener[sessionDestroyed:31] - ##########Session ID 03301115F5139A31F8F73144E80C63F1 destroyed at Thu Mar 07 21:00:08 KST 2024 1
##########Session ID EF983B9C90BAEA72ECFF677E84720C6B destroyed at Thu Mar 07 21:26:09 KST 2024 Session Counts:  0
ERROR 21:26:09.434 [ContainerBackgroundProcessor[StandardEngine[Catalina]]] sems.cm.ctrl.HttpSessionCheckingListener[sessionDestroyed:31] - ##########Session ID EF983B9C90BAEA72ECFF677E84720C6B destroyed at Thu Mar 07 21:26:09 KST 2024 0
##########Session ID 7CA58563E5D151BE096F0C2BBB458D36 destroyed at Fri Mar 08 01:26:15 KST 2024 Session Counts:  3
ERROR 01:26:15.806 [ContainerBackgroundProcessor[StandardEngine[Catalina]]] sems.cm.ctrl.HttpSessionCheckingListener[sessionDestroyed:31] - ##########Session ID 7CA58563E5D151BE096F0C2BBB458D36 destroyed at Fri Mar 08 01:26:15 KST 2024 3
##########Session ID 655D533D42EBE94580CC27C8624943AE destroyed at Fri Mar 08 02:12:17 KST 2024 Session Counts:  2
ERROR 02:12:17.041 [ContainerBackgroundProcessor[StandardEngine[Catalina]]] sems.cm.ctrl.HttpSessionCheckingListener[sessionDestroyed:31] - ##########Session ID 655D533D42EBE94580CC27C8624943AE destroyed at Fri Mar 08 02:12:17 KST 2024 2
##########Session ID 231C376E12DD813A00AE7C7DE8B802BA destroyed at Fri Mar 08 02:19:17 KST 2024 Session Counts:  1
ERROR 02:19:17.230 [ContainerBackgroundProcessor[StandardEngine[Catalina]]] sems.cm.ctrl.HttpSessionCheckingListener[sessionDestroyed:31] - ##########Session ID 231C376E12DD813A00AE7C7DE8B802BA destroyed at Fri Mar 08 02:19:17 KST 2024 1
##########Session ID F5A3E61C9B04676512A6743CF8242E36 destroyed at Fri Mar 08 03:11:18 KST 2024 Session Counts:  0
ERROR 03:11:18.614 [ContainerBackgroundProcessor[StandardEngine[Catalina]]] sems.cm.ctrl.HttpSessionCheckingListener[sessionDestroyed:31] - ##########Session ID F5A3E61C9B04676512A6743CF8242E36 destroyed at Fri Mar 08 03:11:18 KST 2024 0
##########Session ID FB7AABFCBE41D7DF92265620DD8A3182 created at Fri Mar 08 09:48:21 KST 2024 Session Counts: 2
ERROR 09:48:21.904 [http-bio-12443-exec-2] sems.cm.ctrl.HttpSessionCheckingListener[sessionCreated:24] - ##########Session ID FB7AABFCBE41D7DF92265620DD8A3182 created at Fri Mar 08 09:48:21 KST 2024 2
##########Session ID 65AC15D5FD9F4EE1A5EF6D3C4D0AC3C2 created at Fri Mar 08 09:49:50 KST 2024 Session Counts: 6
ERROR 09:49:50.523 [http-bio-12443-exec-3] sems.cm.ctrl.HttpSessionCheckingListener[sessionCreated:24] - ##########Session ID 65AC15D5FD9F4EE1A5EF6D3C4D0AC3C2 created at Fri Mar 08 09:49:50 KST 2024 6
##########Session ID 6E6CA9E5F319C1F429A9285EAEA076E7 created at Fri Mar 08 10:22:05 KST 2024 Session Counts: 16
ERROR 10:22:05.110 [http-bio-12443-exec-4] sems.cm.ctrl.HttpSessionCheckingListener[sessionCreated:24] - ##########Session ID 6E6CA9E5F319C1F429A9285EAEA076E7 created at Fri Mar 08 10:22:05 KST 2024 16
##########Session ID E29526DF3834093F42BBE67F148AC847 created at Fri Mar 08 10:22:50 KST 2024 Session Counts: 19
ERROR 10:22:50.119 [http-bio-12443-exec-5] sems.cm.ctrl.HttpSessionCheckingListener[sessionCreated:24] - ##########Session ID E29526DF3834093F42BBE67F148AC847 created at Fri Mar 08 10:22:50 KST 2024 19
##########Session ID 92663539C13C04B266AF32972C2C92BE created at Fri Mar 08 10:29:48 KST 2024 Session Counts: 24
ERROR 10:29:48.097 [http-bio-12443-exec-6] sems.cm.ctrl.HttpSessionCheckingListener[sessionCreated:24] - ##########Session ID 92663539C13C04B266AF32972C2C92BE created at Fri Mar 08 10:29:48 KST 2024 24
