
2024-06-03 12:15:33 Commons Daemon procrun stderr initialized
Jun 03, 2024 12:15:35 PM org.apache.catalina.startup.VersionLoggerListener log
INFO: Server version:        Apache Tomcat/7.0.69
Jun 03, 2024 12:15:35 PM org.apache.catalina.startup.VersionLoggerListener log
INFO: Server built:          Apr 11 2016 07:57:09 UTC
Jun 03, 2024 12:15:35 PM org.apache.catalina.startup.VersionLoggerListener log
INFO: Server number:         7.0.69.0
Jun 03, 2024 12:15:35 PM org.apache.catalina.startup.VersionLoggerListener log
INFO: OS Name:               Windows Server 2012 R2
Jun 03, 2024 12:15:35 PM org.apache.catalina.startup.VersionLoggerListener log
INFO: OS Version:            6.3
Jun 03, 2024 12:15:35 PM org.apache.catalina.startup.VersionLoggerListener log
INFO: Architecture:          amd64
Jun 03, 2024 12:15:35 PM org.apache.catalina.startup.VersionLoggerListener log
INFO: Java Home:             C:\Program Files\Java\jdk1.8.0_181\jre
Jun 03, 2024 12:15:35 PM org.apache.catalina.startup.VersionLoggerListener log
INFO: JVM Version:           1.8.0_181-b13
Jun 03, 2024 12:15:35 PM org.apache.catalina.startup.VersionLoggerListener log
INFO: JVM Vendor:            Oracle Corporation
Jun 03, 2024 12:15:35 PM org.apache.catalina.startup.VersionLoggerListener log
INFO: CATALINA_BASE:         C:\WAS\SEMS_MOBILE
Jun 03, 2024 12:15:35 PM org.apache.catalina.startup.VersionLoggerListener log
INFO: CATALINA_HOME:         C:\WAS\SEMS_MOBILE
Jun 03, 2024 12:15:35 PM org.apache.catalina.startup.VersionLoggerListener log
INFO: Command line argument: -Dcatalina.home=C:\WAS\SEMS_MOBILE
Jun 03, 2024 12:15:35 PM org.apache.catalina.startup.VersionLoggerListener log
INFO: Command line argument: -Dcatalina.base=C:\WAS\SEMS_MOBILE
Jun 03, 2024 12:15:35 PM org.apache.catalina.startup.VersionLoggerListener log
INFO: Command line argument: -Djava.endorsed.dirs=C:\WAS\SEMS_MOBILE\endorsed
Jun 03, 2024 12:15:35 PM org.apache.catalina.startup.VersionLoggerListener log
INFO: Command line argument: -Djava.io.tmpdir=C:\WAS\SEMS_MOBILE\temp
Jun 03, 2024 12:15:35 PM org.apache.catalina.startup.VersionLoggerListener log
INFO: Command line argument: -Djava.util.logging.manager=org.apache.juli.ClassLoaderLogManager
Jun 03, 2024 12:15:35 PM org.apache.catalina.startup.VersionLoggerListener log
INFO: Command line argument: -Djava.util.logging.config.file=C:\WAS\SEMS_MOBILE\conf\logging.properties
Jun 03, 2024 12:15:35 PM org.apache.catalina.startup.VersionLoggerListener log
INFO: Command line argument: exit
Jun 03, 2024 12:15:35 PM org.apache.catalina.startup.VersionLoggerListener log
INFO: Command line argument: -Xms128m
Jun 03, 2024 12:15:35 PM org.apache.catalina.startup.VersionLoggerListener log
INFO: Command line argument: -Xmx256m
Jun 03, 2024 12:15:35 PM org.apache.catalina.core.AprLifecycleListener lifecycleEvent
INFO: Loaded APR based Apache Tomcat Native library 1.1.33 using APR version 1.5.1.
Jun 03, 2024 12:15:35 PM org.apache.catalina.core.AprLifecycleListener lifecycleEvent
INFO: APR capabilities: IPv6 [true], sendfile [true], accept filters [false], random [true].
Jun 03, 2024 12:15:36 PM org.apache.catalina.core.AprLifecycleListener initializeSSL
INFO: OpenSSL successfully initialized (OpenSSL 1.0.1m 19 Mar 2015)
Jun 03, 2024 12:15:36 PM org.apache.coyote.AbstractProtocol init
INFO: Initializing ProtocolHandler ["http-apr-9092"]
Jun 03, 2024 12:15:36 PM org.apache.coyote.AbstractProtocol init
INFO: Initializing ProtocolHandler ["http-bio-8443"]
Jun 03, 2024 12:15:37 PM org.apache.coyote.AbstractProtocol init
INFO: Initializing ProtocolHandler ["ajp-apr-9100"]
Jun 03, 2024 12:15:37 PM org.apache.catalina.startup.Catalina load
INFO: Initialization processed in 3477 ms
Jun 03, 2024 12:15:37 PM org.apache.catalina.core.StandardService startInternal
INFO: Starting service Catalina
Jun 03, 2024 12:15:37 PM org.apache.catalina.core.StandardEngine startInternal
INFO: Starting Servlet Engine: Apache Tomcat/7.0.69
Jun 03, 2024 12:15:37 PM org.apache.catalina.startup.HostConfig deployWAR
INFO: Deploying web application archive C:\WAS\SEMS_MOBILE\webapps\ROOT.war
Jun 03, 2024 12:15:49 PM org.apache.catalina.startup.HostConfig deployWAR
INFO: Deployment of web application archive C:\WAS\SEMS_MOBILE\webapps\ROOT.war has finished in 11,876 ms
Jun 03, 2024 12:15:49 PM org.apache.catalina.startup.HostConfig deployDirectory
INFO: Deploying web application directory C:\WAS\SEMS_MOBILE\webapps\240522
Jun 03, 2024 12:15:49 PM org.apache.catalina.startup.HostConfig deployDirectory
INFO: Deployment of web application directory C:\WAS\SEMS_MOBILE\webapps\240522 has finished in 63 ms
Jun 03, 2024 12:15:49 PM org.apache.catalina.startup.HostConfig deployDirectory
INFO: Deploying web application directory C:\WAS\SEMS_MOBILE\webapps\240522-1
Jun 03, 2024 12:15:49 PM org.apache.catalina.startup.HostConfig deployDirectory
INFO: Deployment of web application directory C:\WAS\SEMS_MOBILE\webapps\240522-1 has finished in 31 ms
Jun 03, 2024 12:15:49 PM org.apache.catalina.startup.HostConfig deployDirectory
INFO: Deploying web application directory C:\WAS\SEMS_MOBILE\webapps\240522-2
Jun 03, 2024 12:15:49 PM org.apache.catalina.startup.HostConfig deployDirectory
INFO: Deployment of web application directory C:\WAS\SEMS_MOBILE\webapps\240522-2 has finished in 47 ms
Jun 03, 2024 12:15:49 PM org.apache.catalina.startup.HostConfig deployDirectory
INFO: Deploying web application directory C:\WAS\SEMS_MOBILE\webapps\240523
Jun 03, 2024 12:15:50 PM org.apache.catalina.startup.HostConfig deployDirectory
INFO: Deployment of web application directory C:\WAS\SEMS_MOBILE\webapps\240523 has finished in 31 ms
Jun 03, 2024 12:15:50 PM org.apache.catalina.startup.HostConfig deployDirectory
INFO: Deploying web application directory C:\WAS\SEMS_MOBILE\webapps\240603
Jun 03, 2024 12:15:50 PM org.apache.catalina.startup.HostConfig deployDirectory
INFO: Deployment of web application directory C:\WAS\SEMS_MOBILE\webapps\240603 has finished in 47 ms
Jun 03, 2024 12:15:50 PM org.apache.catalina.startup.HostConfig deployDirectory
INFO: Deploying web application directory C:\WAS\SEMS_MOBILE\webapps\docs
Jun 03, 2024 12:15:50 PM org.apache.catalina.startup.HostConfig deployDirectory
INFO: Deployment of web application directory C:\WAS\SEMS_MOBILE\webapps\docs has finished in 140 ms
Jun 03, 2024 12:15:50 PM org.apache.catalina.startup.HostConfig deployDirectory
INFO: Deploying web application directory C:\WAS\SEMS_MOBILE\webapps\examples
Jun 03, 2024 12:15:50 PM org.apache.catalina.startup.HostConfig deployDirectory
INFO: Deployment of web application directory C:\WAS\SEMS_MOBILE\webapps\examples has finished in 766 ms
Jun 03, 2024 12:15:50 PM org.apache.catalina.startup.HostConfig deployDirectory
INFO: Deploying web application directory C:\WAS\SEMS_MOBILE\webapps\host-manager
Jun 03, 2024 12:15:51 PM org.apache.catalina.startup.HostConfig deployDirectory
INFO: Deployment of web application directory C:\WAS\SEMS_MOBILE\webapps\host-manager has finished in 125 ms
Jun 03, 2024 12:15:51 PM org.apache.catalina.startup.HostConfig deployDirectory
INFO: Deploying web application directory C:\WAS\SEMS_MOBILE\webapps\manager
Jun 03, 2024 12:15:51 PM org.apache.catalina.startup.HostConfig deployDirectory
INFO: Deployment of web application directory C:\WAS\SEMS_MOBILE\webapps\manager has finished in 78 ms
Jun 03, 2024 12:15:51 PM org.apache.coyote.AbstractProtocol start
INFO: Starting ProtocolHandler ["http-apr-9092"]
Jun 03, 2024 12:15:51 PM org.apache.coyote.AbstractProtocol start
INFO: Starting ProtocolHandler ["http-bio-8443"]
Jun 03, 2024 12:15:51 PM org.apache.coyote.AbstractProtocol start
INFO: Starting ProtocolHandler ["ajp-apr-9100"]
Jun 03, 2024 12:15:51 PM org.apache.catalina.startup.Catalina start
INFO: Server startup in 13314 ms
Jun 03, 2024 12:22:43 PM org.apache.catalina.startup.HostConfig undeploy
INFO: Undeploying context []
Jun 03, 2024 12:22:43 PM org.apache.catalina.loader.WebappClassLoaderBase clearReferencesJdbc
SEVERE: The web application [] registered the JDBC driver [org.mariadb.jdbc.Driver] but failed to unregister it when the web application was stopped. To prevent a memory leak, the JDBC Driver has been forcibly unregistered.
Jun 03, 2024 12:22:43 PM org.apache.catalina.loader.WebappClassLoaderBase clearReferencesJdbc
SEVERE: The web application [] registered the JDBC driver [net.sf.log4jdbc.DriverSpy] but failed to unregister it when the web application was stopped. To prevent a memory leak, the JDBC Driver has been forcibly unregistered.
Jun 03, 2024 12:22:43 PM org.apache.catalina.loader.WebappClassLoaderBase clearReferencesThreads
SEVERE: The web application [] appears to have started a thread named [rollbar-buffered_sender] but has failed to stop it. This is very likely to create a memory leak.
Jun 03, 2024 12:22:54 PM org.apache.catalina.startup.HostConfig deployWAR
INFO: Deploying web application archive C:\WAS\SEMS_MOBILE\webapps\ROOT.war
Jun 03, 2024 12:22:54 PM org.apache.catalina.startup.ContextConfig beforeStart
SEVERE: Exception fixing docBase for context []
java.util.zip.ZipException: error in opening zip file
	at java.util.zip.ZipFile.open(Native Method)
	at java.util.zip.ZipFile.<init>(ZipFile.java:225)
	at java.util.zip.ZipFile.<init>(ZipFile.java:155)
	at java.util.jar.JarFile.<init>(JarFile.java:166)
	at java.util.jar.JarFile.<init>(JarFile.java:103)
	at sun.net.www.protocol.jar.URLJarFile.<init>(URLJarFile.java:93)
	at sun.net.www.protocol.jar.URLJarFile.getJarFile(URLJarFile.java:69)
	at sun.net.www.protocol.jar.JarFileFactory.get(JarFileFactory.java:109)
	at sun.net.www.protocol.jar.JarURLConnection.connect(JarURLConnection.java:122)
	at sun.net.www.protocol.jar.JarURLConnection.getJarFile(JarURLConnection.java:89)
	at org.apache.catalina.startup.ExpandWar.expand(ExpandWar.java:111)
	at org.apache.catalina.startup.ContextConfig.fixDocBase(ContextConfig.java:736)
	at org.apache.catalina.startup.ContextConfig.beforeStart(ContextConfig.java:861)
	at org.apache.catalina.startup.ContextConfig.lifecycleEvent(ContextConfig.java:389)
	at org.apache.catalina.util.LifecycleSupport.fireLifecycleEvent(LifecycleSupport.java:117)
	at org.apache.catalina.util.LifecycleBase.fireLifecycleEvent(LifecycleBase.java:90)
	at org.apache.catalina.util.LifecycleBase.setStateInternal(LifecycleBase.java:394)
	at org.apache.catalina.util.LifecycleBase.start(LifecycleBase.java:144)
	at org.apache.catalina.core.ContainerBase.addChildInternal(ContainerBase.java:899)
	at org.apache.catalina.core.ContainerBase.addChild(ContainerBase.java:875)
	at org.apache.catalina.core.StandardHost.addChild(StandardHost.java:652)
	at org.apache.catalina.startup.HostConfig.deployWAR(HostConfig.java:1092)
	at org.apache.catalina.startup.HostConfig$DeployWar.run(HostConfig.java:1984)
	at java.util.concurrent.Executors$RunnableAdapter.call(Executors.java:511)
	at java.util.concurrent.FutureTask.run(FutureTask.java:266)
	at java.util.concurrent.ThreadPoolExecutor.runWorker(ThreadPoolExecutor.java:1149)
	at java.util.concurrent.ThreadPoolExecutor$Worker.run(ThreadPoolExecutor.java:624)
	at java.lang.Thread.run(Thread.java:748)

Jun 03, 2024 12:22:54 PM org.apache.catalina.core.StandardContext resourcesStart
SEVERE: Error starting static Resources
java.lang.IllegalArgumentException: Invalid or unreadable WAR file : error in opening zip file
	at org.apache.naming.resources.WARDirContext.setDocBase(WARDirContext.java:136)
	at org.apache.catalina.core.StandardContext.resourcesStart(StandardContext.java:5197)
	at org.apache.catalina.core.StandardContext.startInternal(StandardContext.java:5386)
	at org.apache.catalina.util.LifecycleBase.start(LifecycleBase.java:147)
	at org.apache.catalina.core.ContainerBase.addChildInternal(ContainerBase.java:899)
	at org.apache.catalina.core.ContainerBase.addChild(ContainerBase.java:875)
	at org.apache.catalina.core.StandardHost.addChild(StandardHost.java:652)
	at org.apache.catalina.startup.HostConfig.deployWAR(HostConfig.java:1092)
	at org.apache.catalina.startup.HostConfig$DeployWar.run(HostConfig.java:1984)
	at java.util.concurrent.Executors$RunnableAdapter.call(Executors.java:511)
	at java.util.concurrent.FutureTask.run(FutureTask.java:266)
	at java.util.concurrent.ThreadPoolExecutor.runWorker(ThreadPoolExecutor.java:1149)
	at java.util.concurrent.ThreadPoolExecutor$Worker.run(ThreadPoolExecutor.java:624)
	at java.lang.Thread.run(Thread.java:748)

Jun 03, 2024 12:22:54 PM org.apache.catalina.core.ContainerBase addChildInternal
SEVERE: ContainerBase.addChild: start: 
org.apache.catalina.LifecycleException: Failed to start component [StandardEngine[Catalina].StandardHost[localhost].StandardContext[]]
	at org.apache.catalina.util.LifecycleBase.start(LifecycleBase.java:153)
	at org.apache.catalina.core.ContainerBase.addChildInternal(ContainerBase.java:899)
	at org.apache.catalina.core.ContainerBase.addChild(ContainerBase.java:875)
	at org.apache.catalina.core.StandardHost.addChild(StandardHost.java:652)
	at org.apache.catalina.startup.HostConfig.deployWAR(HostConfig.java:1092)
	at org.apache.catalina.startup.HostConfig$DeployWar.run(HostConfig.java:1984)
	at java.util.concurrent.Executors$RunnableAdapter.call(Executors.java:511)
	at java.util.concurrent.FutureTask.run(FutureTask.java:266)
	at java.util.concurrent.ThreadPoolExecutor.runWorker(ThreadPoolExecutor.java:1149)
	at java.util.concurrent.ThreadPoolExecutor$Worker.run(ThreadPoolExecutor.java:624)
	at java.lang.Thread.run(Thread.java:748)
Caused by: org.apache.catalina.LifecycleException: Error in resourceStart()
	at org.apache.catalina.core.StandardContext.startInternal(StandardContext.java:5387)
	at org.apache.catalina.util.LifecycleBase.start(LifecycleBase.java:147)
	... 10 more

Jun 03, 2024 12:22:54 PM org.apache.catalina.startup.HostConfig deployWAR
SEVERE: Error deploying web application archive C:\WAS\SEMS_MOBILE\webapps\ROOT.war
java.lang.IllegalStateException: ContainerBase.addChild: start: org.apache.catalina.LifecycleException: Failed to start component [StandardEngine[Catalina].StandardHost[localhost].StandardContext[]]
	at org.apache.catalina.core.ContainerBase.addChildInternal(ContainerBase.java:903)
	at org.apache.catalina.core.ContainerBase.addChild(ContainerBase.java:875)
	at org.apache.catalina.core.StandardHost.addChild(StandardHost.java:652)
	at org.apache.catalina.startup.HostConfig.deployWAR(HostConfig.java:1092)
	at org.apache.catalina.startup.HostConfig$DeployWar.run(HostConfig.java:1984)
	at java.util.concurrent.Executors$RunnableAdapter.call(Executors.java:511)
	at java.util.concurrent.FutureTask.run(FutureTask.java:266)
	at java.util.concurrent.ThreadPoolExecutor.runWorker(ThreadPoolExecutor.java:1149)
	at java.util.concurrent.ThreadPoolExecutor$Worker.run(ThreadPoolExecutor.java:624)
	at java.lang.Thread.run(Thread.java:748)

Jun 03, 2024 12:22:54 PM org.apache.catalina.startup.HostConfig deployWAR
INFO: Deployment of web application archive C:\WAS\SEMS_MOBILE\webapps\ROOT.war has finished in 31 ms
Jun 03, 2024 12:23:04 PM org.apache.catalina.startup.HostConfig undeploy
INFO: Undeploying context []
Jun 03, 2024 12:23:04 PM org.apache.catalina.startup.HostConfig deployWAR
INFO: Deploying web application archive C:\WAS\SEMS_MOBILE\webapps\ROOT.war
Jun 03, 2024 12:23:14 PM org.apache.catalina.startup.HostConfig deployWAR
INFO: Deployment of web application archive C:\WAS\SEMS_MOBILE\webapps\ROOT.war has finished in 10,688 ms
Jun 03, 2024 12:23:35 PM org.apache.catalina.startup.HostConfig undeploy
INFO: Undeploying context []
Jun 03, 2024 12:23:35 PM org.apache.catalina.loader.WebappClassLoaderBase clearReferencesThreads
SEVERE: The web application [] appears to have started a thread named [rollbar-buffered_sender] but has failed to stop it. This is very likely to create a memory leak.
Jun 03, 2024 12:23:46 PM org.apache.catalina.startup.HostConfig deployWAR
INFO: Deploying web application archive C:\WAS\SEMS_MOBILE\webapps\ROOT.war
Jun 03, 2024 12:23:46 PM org.apache.catalina.startup.ContextConfig beforeStart
SEVERE: Exception fixing docBase for context []
java.util.zip.ZipException: error in opening zip file
	at java.util.zip.ZipFile.open(Native Method)
	at java.util.zip.ZipFile.<init>(ZipFile.java:225)
	at java.util.zip.ZipFile.<init>(ZipFile.java:155)
	at java.util.jar.JarFile.<init>(JarFile.java:166)
	at java.util.jar.JarFile.<init>(JarFile.java:103)
	at sun.net.www.protocol.jar.URLJarFile.<init>(URLJarFile.java:93)
	at sun.net.www.protocol.jar.URLJarFile.getJarFile(URLJarFile.java:69)
	at sun.net.www.protocol.jar.JarFileFactory.get(JarFileFactory.java:109)
	at sun.net.www.protocol.jar.JarURLConnection.connect(JarURLConnection.java:122)
	at sun.net.www.protocol.jar.JarURLConnection.getJarFile(JarURLConnection.java:89)
	at org.apache.catalina.startup.ExpandWar.expand(ExpandWar.java:111)
	at org.apache.catalina.startup.ContextConfig.fixDocBase(ContextConfig.java:736)
	at org.apache.catalina.startup.ContextConfig.beforeStart(ContextConfig.java:861)
	at org.apache.catalina.startup.ContextConfig.lifecycleEvent(ContextConfig.java:389)
	at org.apache.catalina.util.LifecycleSupport.fireLifecycleEvent(LifecycleSupport.java:117)
	at org.apache.catalina.util.LifecycleBase.fireLifecycleEvent(LifecycleBase.java:90)
	at org.apache.catalina.util.LifecycleBase.setStateInternal(LifecycleBase.java:394)
	at org.apache.catalina.util.LifecycleBase.start(LifecycleBase.java:144)
	at org.apache.catalina.core.ContainerBase.addChildInternal(ContainerBase.java:899)
	at org.apache.catalina.core.ContainerBase.addChild(ContainerBase.java:875)
	at org.apache.catalina.core.StandardHost.addChild(StandardHost.java:652)
	at org.apache.catalina.startup.HostConfig.deployWAR(HostConfig.java:1092)
	at org.apache.catalina.startup.HostConfig$DeployWar.run(HostConfig.java:1984)
	at java.util.concurrent.Executors$RunnableAdapter.call(Executors.java:511)
	at java.util.concurrent.FutureTask.run(FutureTask.java:266)
	at java.util.concurrent.ThreadPoolExecutor.runWorker(ThreadPoolExecutor.java:1149)
	at java.util.concurrent.ThreadPoolExecutor$Worker.run(ThreadPoolExecutor.java:624)
	at java.lang.Thread.run(Thread.java:748)

Jun 03, 2024 12:23:46 PM org.apache.catalina.core.StandardContext resourcesStart
SEVERE: Error starting static Resources
java.lang.IllegalArgumentException: Invalid or unreadable WAR file : error in opening zip file
	at org.apache.naming.resources.WARDirContext.setDocBase(WARDirContext.java:136)
	at org.apache.catalina.core.StandardContext.resourcesStart(StandardContext.java:5197)
	at org.apache.catalina.core.StandardContext.startInternal(StandardContext.java:5386)
	at org.apache.catalina.util.LifecycleBase.start(LifecycleBase.java:147)
	at org.apache.catalina.core.ContainerBase.addChildInternal(ContainerBase.java:899)
	at org.apache.catalina.core.ContainerBase.addChild(ContainerBase.java:875)
	at org.apache.catalina.core.StandardHost.addChild(StandardHost.java:652)
	at org.apache.catalina.startup.HostConfig.deployWAR(HostConfig.java:1092)
	at org.apache.catalina.startup.HostConfig$DeployWar.run(HostConfig.java:1984)
	at java.util.concurrent.Executors$RunnableAdapter.call(Executors.java:511)
	at java.util.concurrent.FutureTask.run(FutureTask.java:266)
	at java.util.concurrent.ThreadPoolExecutor.runWorker(ThreadPoolExecutor.java:1149)
	at java.util.concurrent.ThreadPoolExecutor$Worker.run(ThreadPoolExecutor.java:624)
	at java.lang.Thread.run(Thread.java:748)

Jun 03, 2024 12:23:46 PM org.apache.catalina.core.ContainerBase addChildInternal
SEVERE: ContainerBase.addChild: start: 
org.apache.catalina.LifecycleException: Failed to start component [StandardEngine[Catalina].StandardHost[localhost].StandardContext[]]
	at org.apache.catalina.util.LifecycleBase.start(LifecycleBase.java:153)
	at org.apache.catalina.core.ContainerBase.addChildInternal(ContainerBase.java:899)
	at org.apache.catalina.core.ContainerBase.addChild(ContainerBase.java:875)
	at org.apache.catalina.core.StandardHost.addChild(StandardHost.java:652)
	at org.apache.catalina.startup.HostConfig.deployWAR(HostConfig.java:1092)
	at org.apache.catalina.startup.HostConfig$DeployWar.run(HostConfig.java:1984)
	at java.util.concurrent.Executors$RunnableAdapter.call(Executors.java:511)
	at java.util.concurrent.FutureTask.run(FutureTask.java:266)
	at java.util.concurrent.ThreadPoolExecutor.runWorker(ThreadPoolExecutor.java:1149)
	at java.util.concurrent.ThreadPoolExecutor$Worker.run(ThreadPoolExecutor.java:624)
	at java.lang.Thread.run(Thread.java:748)
Caused by: org.apache.catalina.LifecycleException: Error in resourceStart()
	at org.apache.catalina.core.StandardContext.startInternal(StandardContext.java:5387)
	at org.apache.catalina.util.LifecycleBase.start(LifecycleBase.java:147)
	... 10 more

Jun 03, 2024 12:23:46 PM org.apache.catalina.startup.HostConfig deployWAR
SEVERE: Error deploying web application archive C:\WAS\SEMS_MOBILE\webapps\ROOT.war
java.lang.IllegalStateException: ContainerBase.addChild: start: org.apache.catalina.LifecycleException: Failed to start component [StandardEngine[Catalina].StandardHost[localhost].StandardContext[]]
	at org.apache.catalina.core.ContainerBase.addChildInternal(ContainerBase.java:903)
	at org.apache.catalina.core.ContainerBase.addChild(ContainerBase.java:875)
	at org.apache.catalina.core.StandardHost.addChild(StandardHost.java:652)
	at org.apache.catalina.startup.HostConfig.deployWAR(HostConfig.java:1092)
	at org.apache.catalina.startup.HostConfig$DeployWar.run(HostConfig.java:1984)
	at java.util.concurrent.Executors$RunnableAdapter.call(Executors.java:511)
	at java.util.concurrent.FutureTask.run(FutureTask.java:266)
	at java.util.concurrent.ThreadPoolExecutor.runWorker(ThreadPoolExecutor.java:1149)
	at java.util.concurrent.ThreadPoolExecutor$Worker.run(ThreadPoolExecutor.java:624)
	at java.lang.Thread.run(Thread.java:748)

Jun 03, 2024 12:23:46 PM org.apache.catalina.startup.HostConfig deployWAR
INFO: Deployment of web application archive C:\WAS\SEMS_MOBILE\webapps\ROOT.war has finished in 15 ms
Jun 03, 2024 12:23:56 PM org.apache.catalina.startup.HostConfig undeploy
INFO: Undeploying context []
Jun 03, 2024 12:23:56 PM org.apache.catalina.startup.HostConfig deployWAR
INFO: Deploying web application archive C:\WAS\SEMS_MOBILE\webapps\ROOT.war
Jun 03, 2024 12:23:57 PM org.apache.coyote.AbstractProtocol pause
INFO: Pausing ProtocolHandler ["http-apr-9092"]
Jun 03, 2024 12:23:57 PM org.apache.coyote.AbstractProtocol pause
INFO: Pausing ProtocolHandler ["http-bio-8443"]
Jun 03, 2024 12:23:57 PM org.apache.coyote.AbstractProtocol pause
INFO: Pausing ProtocolHandler ["ajp-apr-9100"]
Jun 03, 2024 12:23:57 PM org.apache.catalina.core.StandardService stopInternal
INFO: Stopping service Catalina
Jun 03, 2024 12:23:57 PM org.apache.catalina.startup.HostConfig deployWARs
SEVERE: Error waiting for multi-thread deployment of WAR files to complete
java.lang.InterruptedException
	at java.util.concurrent.FutureTask.awaitDone(FutureTask.java:404)
	at java.util.concurrent.FutureTask.get(FutureTask.java:191)
	at org.apache.catalina.startup.HostConfig.deployWARs(HostConfig.java:832)
	at org.apache.catalina.startup.HostConfig.deployApps(HostConfig.java:495)
	at org.apache.catalina.startup.HostConfig.check(HostConfig.java:1757)
	at org.apache.catalina.startup.HostConfig.lifecycleEvent(HostConfig.java:333)
	at org.apache.catalina.util.LifecycleSupport.fireLifecycleEvent(LifecycleSupport.java:117)
	at org.apache.catalina.util.LifecycleBase.fireLifecycleEvent(LifecycleBase.java:90)
	at org.apache.catalina.core.ContainerBase.backgroundProcess(ContainerBase.java:1371)
	at org.apache.catalina.core.ContainerBase$ContainerBackgroundProcessor.processChildren(ContainerBase.java:1543)
	at org.apache.catalina.core.ContainerBase$ContainerBackgroundProcessor.processChildren(ContainerBase.java:1553)
	at org.apache.catalina.core.ContainerBase$ContainerBackgroundProcessor.run(ContainerBase.java:1521)
	at java.lang.Thread.run(Thread.java:748)

Jun 03, 2024 12:24:06 PM org.apache.catalina.startup.HostConfig deployWAR
INFO: Deployment of web application archive C:\WAS\SEMS_MOBILE\webapps\ROOT.war has finished in 10,438 ms
Jun 03, 2024 12:24:06 PM org.apache.catalina.loader.WebappClassLoaderBase clearReferencesThreads
SEVERE: The web application [] appears to have started a thread named [rollbar-buffered_sender] but has failed to stop it. This is very likely to create a memory leak.
Jun 03, 2024 12:24:06 PM org.apache.coyote.AbstractProtocol stop
INFO: Stopping ProtocolHandler ["http-apr-9092"]
Jun 03, 2024 12:24:06 PM org.apache.coyote.AbstractProtocol stop
INFO: Stopping ProtocolHandler ["http-bio-8443"]
Jun 03, 2024 12:24:06 PM org.apache.coyote.AbstractProtocol stop
INFO: Stopping ProtocolHandler ["ajp-apr-9100"]

2024-06-03 12:24:07 Commons Daemon procrun stderr initialized
Jun 03, 2024 12:24:08 PM org.apache.catalina.startup.VersionLoggerListener log
INFO: Server version:        Apache Tomcat/7.0.69
Jun 03, 2024 12:24:08 PM org.apache.catalina.startup.VersionLoggerListener log
INFO: Server built:          Apr 11 2016 07:57:09 UTC
Jun 03, 2024 12:24:08 PM org.apache.catalina.startup.VersionLoggerListener log
INFO: Server number:         7.0.69.0
Jun 03, 2024 12:24:08 PM org.apache.catalina.startup.VersionLoggerListener log
INFO: OS Name:               Windows Server 2012 R2
Jun 03, 2024 12:24:08 PM org.apache.catalina.startup.VersionLoggerListener log
INFO: OS Version:            6.3
Jun 03, 2024 12:24:08 PM org.apache.catalina.startup.VersionLoggerListener log
INFO: Architecture:          amd64
Jun 03, 2024 12:24:08 PM org.apache.catalina.startup.VersionLoggerListener log
INFO: Java Home:             C:\Program Files\Java\jdk1.8.0_181\jre
Jun 03, 2024 12:24:08 PM org.apache.catalina.startup.VersionLoggerListener log
INFO: JVM Version:           1.8.0_181-b13
Jun 03, 2024 12:24:08 PM org.apache.catalina.startup.VersionLoggerListener log
INFO: JVM Vendor:            Oracle Corporation
Jun 03, 2024 12:24:08 PM org.apache.catalina.startup.VersionLoggerListener log
INFO: CATALINA_BASE:         C:\WAS\SEMS_MOBILE
Jun 03, 2024 12:24:08 PM org.apache.catalina.startup.VersionLoggerListener log
INFO: CATALINA_HOME:         C:\WAS\SEMS_MOBILE
Jun 03, 2024 12:24:08 PM org.apache.catalina.startup.VersionLoggerListener log
INFO: Command line argument: -Dcatalina.home=C:\WAS\SEMS_MOBILE
Jun 03, 2024 12:24:08 PM org.apache.catalina.startup.VersionLoggerListener log
INFO: Command line argument: -Dcatalina.base=C:\WAS\SEMS_MOBILE
Jun 03, 2024 12:24:08 PM org.apache.catalina.startup.VersionLoggerListener log
INFO: Command line argument: -Djava.endorsed.dirs=C:\WAS\SEMS_MOBILE\endorsed
Jun 03, 2024 12:24:08 PM org.apache.catalina.startup.VersionLoggerListener log
INFO: Command line argument: -Djava.io.tmpdir=C:\WAS\SEMS_MOBILE\temp
Jun 03, 2024 12:24:08 PM org.apache.catalina.startup.VersionLoggerListener log
INFO: Command line argument: -Djava.util.logging.manager=org.apache.juli.ClassLoaderLogManager
Jun 03, 2024 12:24:08 PM org.apache.catalina.startup.VersionLoggerListener log
INFO: Command line argument: -Djava.util.logging.config.file=C:\WAS\SEMS_MOBILE\conf\logging.properties
Jun 03, 2024 12:24:08 PM org.apache.catalina.startup.VersionLoggerListener log
INFO: Command line argument: exit
Jun 03, 2024 12:24:08 PM org.apache.catalina.startup.VersionLoggerListener log
INFO: Command line argument: -Xms128m
Jun 03, 2024 12:24:08 PM org.apache.catalina.startup.VersionLoggerListener log
INFO: Command line argument: -Xmx256m
Jun 03, 2024 12:24:08 PM org.apache.catalina.core.AprLifecycleListener lifecycleEvent
INFO: Loaded APR based Apache Tomcat Native library 1.1.33 using APR version 1.5.1.
Jun 03, 2024 12:24:08 PM org.apache.catalina.core.AprLifecycleListener lifecycleEvent
INFO: APR capabilities: IPv6 [true], sendfile [true], accept filters [false], random [true].
Jun 03, 2024 12:24:09 PM org.apache.catalina.core.AprLifecycleListener initializeSSL
INFO: OpenSSL successfully initialized (OpenSSL 1.0.1m 19 Mar 2015)
Jun 03, 2024 12:24:09 PM org.apache.coyote.AbstractProtocol init
INFO: Initializing ProtocolHandler ["http-apr-9092"]
Jun 03, 2024 12:24:09 PM org.apache.coyote.AbstractProtocol init
INFO: Initializing ProtocolHandler ["http-bio-8443"]
Jun 03, 2024 12:24:09 PM org.apache.coyote.AbstractProtocol init
INFO: Initializing ProtocolHandler ["ajp-apr-9100"]
Jun 03, 2024 12:24:09 PM org.apache.catalina.startup.Catalina load
INFO: Initialization processed in 1913 ms
Jun 03, 2024 12:24:09 PM org.apache.catalina.core.StandardService startInternal
INFO: Starting service Catalina
Jun 03, 2024 12:24:09 PM org.apache.catalina.core.StandardEngine startInternal
INFO: Starting Servlet Engine: Apache Tomcat/7.0.69
Jun 03, 2024 12:24:09 PM org.apache.catalina.startup.HostConfig deployWAR
INFO: Deploying web application archive C:\WAS\SEMS_MOBILE\webapps\ROOT.war
Jun 03, 2024 12:24:20 PM org.apache.catalina.startup.HostConfig deployWAR
INFO: Deployment of web application archive C:\WAS\SEMS_MOBILE\webapps\ROOT.war has finished in 10,892 ms
Jun 03, 2024 12:24:20 PM org.apache.catalina.startup.HostConfig deployDirectory
INFO: Deploying web application directory C:\WAS\SEMS_MOBILE\webapps\240522
Jun 03, 2024 12:24:20 PM org.apache.catalina.startup.HostConfig deployDirectory
INFO: Deployment of web application directory C:\WAS\SEMS_MOBILE\webapps\240522 has finished in 46 ms
Jun 03, 2024 12:24:20 PM org.apache.catalina.startup.HostConfig deployDirectory
INFO: Deploying web application directory C:\WAS\SEMS_MOBILE\webapps\240522-1
Jun 03, 2024 12:24:20 PM org.apache.catalina.startup.HostConfig deployDirectory
INFO: Deployment of web application directory C:\WAS\SEMS_MOBILE\webapps\240522-1 has finished in 47 ms
Jun 03, 2024 12:24:20 PM org.apache.catalina.startup.HostConfig deployDirectory
INFO: Deploying web application directory C:\WAS\SEMS_MOBILE\webapps\240522-2
Jun 03, 2024 12:24:21 PM org.apache.catalina.startup.HostConfig deployDirectory
INFO: Deployment of web application directory C:\WAS\SEMS_MOBILE\webapps\240522-2 has finished in 110 ms
Jun 03, 2024 12:24:21 PM org.apache.catalina.startup.HostConfig deployDirectory
INFO: Deploying web application directory C:\WAS\SEMS_MOBILE\webapps\240523
Jun 03, 2024 12:24:21 PM org.apache.catalina.startup.HostConfig deployDirectory
INFO: Deployment of web application directory C:\WAS\SEMS_MOBILE\webapps\240523 has finished in 31 ms
Jun 03, 2024 12:24:21 PM org.apache.catalina.startup.HostConfig deployDirectory
INFO: Deploying web application directory C:\WAS\SEMS_MOBILE\webapps\240603
Jun 03, 2024 12:24:21 PM org.apache.catalina.startup.HostConfig deployDirectory
INFO: Deployment of web application directory C:\WAS\SEMS_MOBILE\webapps\240603 has finished in 94 ms
Jun 03, 2024 12:24:21 PM org.apache.catalina.startup.HostConfig deployDirectory
INFO: Deploying web application directory C:\WAS\SEMS_MOBILE\webapps\docs
Jun 03, 2024 12:24:21 PM org.apache.catalina.startup.HostConfig deployDirectory
INFO: Deployment of web application directory C:\WAS\SEMS_MOBILE\webapps\docs has finished in 31 ms
Jun 03, 2024 12:24:21 PM org.apache.catalina.startup.HostConfig deployDirectory
INFO: Deploying web application directory C:\WAS\SEMS_MOBILE\webapps\examples
Jun 03, 2024 12:24:21 PM org.apache.catalina.startup.HostConfig deployDirectory
INFO: Deployment of web application directory C:\WAS\SEMS_MOBILE\webapps\examples has finished in 234 ms
Jun 03, 2024 12:24:21 PM org.apache.catalina.startup.HostConfig deployDirectory
INFO: Deploying web application directory C:\WAS\SEMS_MOBILE\webapps\host-manager
Jun 03, 2024 12:24:21 PM org.apache.catalina.startup.HostConfig deployDirectory
INFO: Deployment of web application directory C:\WAS\SEMS_MOBILE\webapps\host-manager has finished in 32 ms
Jun 03, 2024 12:24:21 PM org.apache.catalina.startup.HostConfig deployDirectory
INFO: Deploying web application directory C:\WAS\SEMS_MOBILE\webapps\manager
Jun 03, 2024 12:24:21 PM org.apache.catalina.startup.HostConfig deployDirectory
INFO: Deployment of web application directory C:\WAS\SEMS_MOBILE\webapps\manager has finished in 47 ms
Jun 03, 2024 12:24:21 PM org.apache.coyote.AbstractProtocol start
INFO: Starting ProtocolHandler ["http-apr-9092"]
Jun 03, 2024 12:24:21 PM org.apache.coyote.AbstractProtocol start
INFO: Starting ProtocolHandler ["http-bio-8443"]
Jun 03, 2024 12:24:21 PM org.apache.coyote.AbstractProtocol start
INFO: Starting ProtocolHandler ["ajp-apr-9100"]
Jun 03, 2024 12:24:21 PM org.apache.catalina.startup.Catalina start
INFO: Server startup in 11771 ms
Jun 03, 2024 12:32:42 PM org.apache.catalina.startup.HostConfig undeploy
INFO: Undeploying context []
Jun 03, 2024 12:32:42 PM org.apache.catalina.loader.WebappClassLoaderBase clearReferencesJdbc
SEVERE: The web application [] registered the JDBC driver [org.mariadb.jdbc.Driver] but failed to unregister it when the web application was stopped. To prevent a memory leak, the JDBC Driver has been forcibly unregistered.
Jun 03, 2024 12:32:42 PM org.apache.catalina.loader.WebappClassLoaderBase clearReferencesThreads
SEVERE: The web application [] appears to have started a thread named [rollbar-buffered_sender] but has failed to stop it. This is very likely to create a memory leak.
Jun 03, 2024 12:32:53 PM org.apache.catalina.startup.HostConfig deployWAR
INFO: Deploying web application archive C:\WAS\SEMS_MOBILE\webapps\ROOT.war
Jun 03, 2024 12:32:53 PM org.apache.catalina.startup.ContextConfig beforeStart
SEVERE: Exception fixing docBase for context []
java.util.zip.ZipException: error in opening zip file
	at java.util.zip.ZipFile.open(Native Method)
	at java.util.zip.ZipFile.<init>(ZipFile.java:225)
	at java.util.zip.ZipFile.<init>(ZipFile.java:155)
	at java.util.jar.JarFile.<init>(JarFile.java:166)
	at java.util.jar.JarFile.<init>(JarFile.java:103)
	at sun.net.www.protocol.jar.URLJarFile.<init>(URLJarFile.java:93)
	at sun.net.www.protocol.jar.URLJarFile.getJarFile(URLJarFile.java:69)
	at sun.net.www.protocol.jar.JarFileFactory.get(JarFileFactory.java:109)
	at sun.net.www.protocol.jar.JarURLConnection.connect(JarURLConnection.java:122)
	at sun.net.www.protocol.jar.JarURLConnection.getJarFile(JarURLConnection.java:89)
	at org.apache.catalina.startup.ExpandWar.expand(ExpandWar.java:111)
	at org.apache.catalina.startup.ContextConfig.fixDocBase(ContextConfig.java:736)
	at org.apache.catalina.startup.ContextConfig.beforeStart(ContextConfig.java:861)
	at org.apache.catalina.startup.ContextConfig.lifecycleEvent(ContextConfig.java:389)
	at org.apache.catalina.util.LifecycleSupport.fireLifecycleEvent(LifecycleSupport.java:117)
	at org.apache.catalina.util.LifecycleBase.fireLifecycleEvent(LifecycleBase.java:90)
	at org.apache.catalina.util.LifecycleBase.setStateInternal(LifecycleBase.java:394)
	at org.apache.catalina.util.LifecycleBase.start(LifecycleBase.java:144)
	at org.apache.catalina.core.ContainerBase.addChildInternal(ContainerBase.java:899)
	at org.apache.catalina.core.ContainerBase.addChild(ContainerBase.java:875)
	at org.apache.catalina.core.StandardHost.addChild(StandardHost.java:652)
	at org.apache.catalina.startup.HostConfig.deployWAR(HostConfig.java:1092)
	at org.apache.catalina.startup.HostConfig$DeployWar.run(HostConfig.java:1984)
	at java.util.concurrent.Executors$RunnableAdapter.call(Executors.java:511)
	at java.util.concurrent.FutureTask.run(FutureTask.java:266)
	at java.util.concurrent.ThreadPoolExecutor.runWorker(ThreadPoolExecutor.java:1149)
	at java.util.concurrent.ThreadPoolExecutor$Worker.run(ThreadPoolExecutor.java:624)
	at java.lang.Thread.run(Thread.java:748)

Jun 03, 2024 12:32:53 PM org.apache.catalina.core.StandardContext resourcesStart
SEVERE: Error starting static Resources
java.lang.IllegalArgumentException: Invalid or unreadable WAR file : error in opening zip file
	at org.apache.naming.resources.WARDirContext.setDocBase(WARDirContext.java:136)
	at org.apache.catalina.core.StandardContext.resourcesStart(StandardContext.java:5197)
	at org.apache.catalina.core.StandardContext.startInternal(StandardContext.java:5386)
	at org.apache.catalina.util.LifecycleBase.start(LifecycleBase.java:147)
	at org.apache.catalina.core.ContainerBase.addChildInternal(ContainerBase.java:899)
	at org.apache.catalina.core.ContainerBase.addChild(ContainerBase.java:875)
	at org.apache.catalina.core.StandardHost.addChild(StandardHost.java:652)
	at org.apache.catalina.startup.HostConfig.deployWAR(HostConfig.java:1092)
	at org.apache.catalina.startup.HostConfig$DeployWar.run(HostConfig.java:1984)
	at java.util.concurrent.Executors$RunnableAdapter.call(Executors.java:511)
	at java.util.concurrent.FutureTask.run(FutureTask.java:266)
	at java.util.concurrent.ThreadPoolExecutor.runWorker(ThreadPoolExecutor.java:1149)
	at java.util.concurrent.ThreadPoolExecutor$Worker.run(ThreadPoolExecutor.java:624)
	at java.lang.Thread.run(Thread.java:748)

Jun 03, 2024 12:32:53 PM org.apache.catalina.core.ContainerBase addChildInternal
SEVERE: ContainerBase.addChild: start: 
org.apache.catalina.LifecycleException: Failed to start component [StandardEngine[Catalina].StandardHost[localhost].StandardContext[]]
	at org.apache.catalina.util.LifecycleBase.start(LifecycleBase.java:153)
	at org.apache.catalina.core.ContainerBase.addChildInternal(ContainerBase.java:899)
	at org.apache.catalina.core.ContainerBase.addChild(ContainerBase.java:875)
	at org.apache.catalina.core.StandardHost.addChild(StandardHost.java:652)
	at org.apache.catalina.startup.HostConfig.deployWAR(HostConfig.java:1092)
	at org.apache.catalina.startup.HostConfig$DeployWar.run(HostConfig.java:1984)
	at java.util.concurrent.Executors$RunnableAdapter.call(Executors.java:511)
	at java.util.concurrent.FutureTask.run(FutureTask.java:266)
	at java.util.concurrent.ThreadPoolExecutor.runWorker(ThreadPoolExecutor.java:1149)
	at java.util.concurrent.ThreadPoolExecutor$Worker.run(ThreadPoolExecutor.java:624)
	at java.lang.Thread.run(Thread.java:748)
Caused by: org.apache.catalina.LifecycleException: Error in resourceStart()
	at org.apache.catalina.core.StandardContext.startInternal(StandardContext.java:5387)
	at org.apache.catalina.util.LifecycleBase.start(LifecycleBase.java:147)
	... 10 more

Jun 03, 2024 12:32:53 PM org.apache.catalina.startup.HostConfig deployWAR
SEVERE: Error deploying web application archive C:\WAS\SEMS_MOBILE\webapps\ROOT.war
java.lang.IllegalStateException: ContainerBase.addChild: start: org.apache.catalina.LifecycleException: Failed to start component [StandardEngine[Catalina].StandardHost[localhost].StandardContext[]]
	at org.apache.catalina.core.ContainerBase.addChildInternal(ContainerBase.java:903)
	at org.apache.catalina.core.ContainerBase.addChild(ContainerBase.java:875)
	at org.apache.catalina.core.StandardHost.addChild(StandardHost.java:652)
	at org.apache.catalina.startup.HostConfig.deployWAR(HostConfig.java:1092)
	at org.apache.catalina.startup.HostConfig$DeployWar.run(HostConfig.java:1984)
	at java.util.concurrent.Executors$RunnableAdapter.call(Executors.java:511)
	at java.util.concurrent.FutureTask.run(FutureTask.java:266)
	at java.util.concurrent.ThreadPoolExecutor.runWorker(ThreadPoolExecutor.java:1149)
	at java.util.concurrent.ThreadPoolExecutor$Worker.run(ThreadPoolExecutor.java:624)
	at java.lang.Thread.run(Thread.java:748)

Jun 03, 2024 12:32:53 PM org.apache.catalina.startup.HostConfig deployWAR
INFO: Deployment of web application archive C:\WAS\SEMS_MOBILE\webapps\ROOT.war has finished in 31 ms
Jun 03, 2024 12:33:03 PM org.apache.catalina.startup.HostConfig undeploy
INFO: Undeploying context []
Jun 03, 2024 12:33:03 PM org.apache.catalina.startup.HostConfig deployWAR
INFO: Deploying web application archive C:\WAS\SEMS_MOBILE\webapps\ROOT.war
Jun 03, 2024 12:33:14 PM org.apache.catalina.startup.HostConfig deployWAR
INFO: Deployment of web application archive C:\WAS\SEMS_MOBILE\webapps\ROOT.war has finished in 11,266 ms
Jun 03, 2024 12:33:54 PM org.apache.coyote.AbstractProtocol pause
INFO: Pausing ProtocolHandler ["http-apr-9092"]
Jun 03, 2024 12:33:54 PM org.apache.coyote.AbstractProtocol pause
INFO: Pausing ProtocolHandler ["http-bio-8443"]
Jun 03, 2024 12:33:54 PM org.apache.coyote.AbstractProtocol pause
INFO: Pausing ProtocolHandler ["ajp-apr-9100"]
Jun 03, 2024 12:33:55 PM org.apache.catalina.core.StandardService stopInternal
INFO: Stopping service Catalina
Jun 03, 2024 12:33:55 PM org.apache.catalina.loader.WebappClassLoaderBase clearReferencesThreads
SEVERE: The web application [] appears to have started a thread named [rollbar-buffered_sender] but has failed to stop it. This is very likely to create a memory leak.
Jun 03, 2024 12:33:55 PM org.apache.coyote.AbstractProtocol stop
INFO: Stopping ProtocolHandler ["http-apr-9092"]
Jun 03, 2024 12:33:55 PM org.apache.coyote.AbstractProtocol stop
INFO: Stopping ProtocolHandler ["http-bio-8443"]
Jun 03, 2024 12:33:55 PM org.apache.coyote.AbstractProtocol stop
INFO: Stopping ProtocolHandler ["ajp-apr-9100"]

2024-06-03 12:33:56 Commons Daemon procrun stderr initialized
Jun 03, 2024 12:33:57 PM org.apache.catalina.startup.VersionLoggerListener log
INFO: Server version:        Apache Tomcat/7.0.69
Jun 03, 2024 12:33:57 PM org.apache.catalina.startup.VersionLoggerListener log
INFO: Server built:          Apr 11 2016 07:57:09 UTC
Jun 03, 2024 12:33:57 PM org.apache.catalina.startup.VersionLoggerListener log
INFO: Server number:         7.0.69.0
Jun 03, 2024 12:33:57 PM org.apache.catalina.startup.VersionLoggerListener log
INFO: OS Name:               Windows Server 2012 R2
Jun 03, 2024 12:33:57 PM org.apache.catalina.startup.VersionLoggerListener log
INFO: OS Version:            6.3
Jun 03, 2024 12:33:57 PM org.apache.catalina.startup.VersionLoggerListener log
INFO: Architecture:          amd64
Jun 03, 2024 12:33:57 PM org.apache.catalina.startup.VersionLoggerListener log
INFO: Java Home:             C:\Program Files\Java\jdk1.8.0_181\jre
Jun 03, 2024 12:33:57 PM org.apache.catalina.startup.VersionLoggerListener log
INFO: JVM Version:           1.8.0_181-b13
Jun 03, 2024 12:33:57 PM org.apache.catalina.startup.VersionLoggerListener log
INFO: JVM Vendor:            Oracle Corporation
Jun 03, 2024 12:33:57 PM org.apache.catalina.startup.VersionLoggerListener log
INFO: CATALINA_BASE:         C:\WAS\SEMS_MOBILE
Jun 03, 2024 12:33:57 PM org.apache.catalina.startup.VersionLoggerListener log
INFO: CATALINA_HOME:         C:\WAS\SEMS_MOBILE
Jun 03, 2024 12:33:57 PM org.apache.catalina.startup.VersionLoggerListener log
INFO: Command line argument: -Dcatalina.home=C:\WAS\SEMS_MOBILE
Jun 03, 2024 12:33:57 PM org.apache.catalina.startup.VersionLoggerListener log
INFO: Command line argument: -Dcatalina.base=C:\WAS\SEMS_MOBILE
Jun 03, 2024 12:33:57 PM org.apache.catalina.startup.VersionLoggerListener log
INFO: Command line argument: -Djava.endorsed.dirs=C:\WAS\SEMS_MOBILE\endorsed
Jun 03, 2024 12:33:57 PM org.apache.catalina.startup.VersionLoggerListener log
INFO: Command line argument: -Djava.io.tmpdir=C:\WAS\SEMS_MOBILE\temp
Jun 03, 2024 12:33:57 PM org.apache.catalina.startup.VersionLoggerListener log
INFO: Command line argument: -Djava.util.logging.manager=org.apache.juli.ClassLoaderLogManager
Jun 03, 2024 12:33:57 PM org.apache.catalina.startup.VersionLoggerListener log
INFO: Command line argument: -Djava.util.logging.config.file=C:\WAS\SEMS_MOBILE\conf\logging.properties
Jun 03, 2024 12:33:57 PM org.apache.catalina.startup.VersionLoggerListener log
INFO: Command line argument: exit
Jun 03, 2024 12:33:57 PM org.apache.catalina.startup.VersionLoggerListener log
INFO: Command line argument: -Xms128m
Jun 03, 2024 12:33:57 PM org.apache.catalina.startup.VersionLoggerListener log
INFO: Command line argument: -Xmx256m
Jun 03, 2024 12:33:57 PM org.apache.catalina.core.AprLifecycleListener lifecycleEvent
INFO: Loaded APR based Apache Tomcat Native library 1.1.33 using APR version 1.5.1.
Jun 03, 2024 12:33:57 PM org.apache.catalina.core.AprLifecycleListener lifecycleEvent
INFO: APR capabilities: IPv6 [true], sendfile [true], accept filters [false], random [true].
Jun 03, 2024 12:33:58 PM org.apache.catalina.core.AprLifecycleListener initializeSSL
INFO: OpenSSL successfully initialized (OpenSSL 1.0.1m 19 Mar 2015)
Jun 03, 2024 12:33:59 PM org.apache.coyote.AbstractProtocol init
INFO: Initializing ProtocolHandler ["http-apr-9092"]
Jun 03, 2024 12:33:59 PM org.apache.coyote.AbstractProtocol init
INFO: Initializing ProtocolHandler ["http-bio-8443"]
Jun 03, 2024 12:33:59 PM org.apache.coyote.AbstractProtocol init
INFO: Initializing ProtocolHandler ["ajp-apr-9100"]
Jun 03, 2024 12:34:00 PM org.apache.catalina.startup.Catalina load
INFO: Initialization processed in 2903 ms
Jun 03, 2024 12:34:00 PM org.apache.catalina.core.StandardService startInternal
INFO: Starting service Catalina
Jun 03, 2024 12:34:00 PM org.apache.catalina.core.StandardEngine startInternal
INFO: Starting Servlet Engine: Apache Tomcat/7.0.69
Jun 03, 2024 12:34:00 PM org.apache.catalina.startup.HostConfig deployWAR
INFO: Deploying web application archive C:\WAS\SEMS_MOBILE\webapps\ROOT.war
Jun 03, 2024 12:34:15 PM org.apache.catalina.startup.HostConfig deployWAR
INFO: Deployment of web application archive C:\WAS\SEMS_MOBILE\webapps\ROOT.war has finished in 15,407 ms
Jun 03, 2024 12:34:15 PM org.apache.catalina.startup.HostConfig deployDirectory
INFO: Deploying web application directory C:\WAS\SEMS_MOBILE\webapps\240522
Jun 03, 2024 12:34:15 PM org.apache.catalina.startup.HostConfig deployDirectory
INFO: Deployment of web application directory C:\WAS\SEMS_MOBILE\webapps\240522 has finished in 140 ms
Jun 03, 2024 12:34:15 PM org.apache.catalina.startup.HostConfig deployDirectory
INFO: Deploying web application directory C:\WAS\SEMS_MOBILE\webapps\240522-1
Jun 03, 2024 12:34:15 PM org.apache.catalina.startup.HostConfig deployDirectory
INFO: Deployment of web application directory C:\WAS\SEMS_MOBILE\webapps\240522-1 has finished in 47 ms
Jun 03, 2024 12:34:15 PM org.apache.catalina.startup.HostConfig deployDirectory
INFO: Deploying web application directory C:\WAS\SEMS_MOBILE\webapps\240522-2
Jun 03, 2024 12:34:15 PM org.apache.catalina.startup.HostConfig deployDirectory
INFO: Deployment of web application directory C:\WAS\SEMS_MOBILE\webapps\240522-2 has finished in 47 ms
Jun 03, 2024 12:34:15 PM org.apache.catalina.startup.HostConfig deployDirectory
INFO: Deploying web application directory C:\WAS\SEMS_MOBILE\webapps\240523
Jun 03, 2024 12:34:16 PM org.apache.catalina.startup.HostConfig deployDirectory
INFO: Deployment of web application directory C:\WAS\SEMS_MOBILE\webapps\240523 has finished in 203 ms
Jun 03, 2024 12:34:16 PM org.apache.catalina.startup.HostConfig deployDirectory
INFO: Deploying web application directory C:\WAS\SEMS_MOBILE\webapps\240603
Jun 03, 2024 12:34:16 PM org.apache.catalina.startup.HostConfig deployDirectory
INFO: Deployment of web application directory C:\WAS\SEMS_MOBILE\webapps\240603 has finished in 47 ms
Jun 03, 2024 12:34:16 PM org.apache.catalina.startup.HostConfig deployDirectory
INFO: Deploying web application directory C:\WAS\SEMS_MOBILE\webapps\docs
Jun 03, 2024 12:34:16 PM org.apache.catalina.startup.HostConfig deployDirectory
INFO: Deployment of web application directory C:\WAS\SEMS_MOBILE\webapps\docs has finished in 47 ms
Jun 03, 2024 12:34:16 PM org.apache.catalina.startup.HostConfig deployDirectory
INFO: Deploying web application directory C:\WAS\SEMS_MOBILE\webapps\examples
Jun 03, 2024 12:34:16 PM org.apache.catalina.startup.HostConfig deployDirectory
INFO: Deployment of web application directory C:\WAS\SEMS_MOBILE\webapps\examples has finished in 172 ms
Jun 03, 2024 12:34:16 PM org.apache.catalina.startup.HostConfig deployDirectory
INFO: Deploying web application directory C:\WAS\SEMS_MOBILE\webapps\host-manager
Jun 03, 2024 12:34:16 PM org.apache.catalina.startup.HostConfig deployDirectory
INFO: Deployment of web application directory C:\WAS\SEMS_MOBILE\webapps\host-manager has finished in 328 ms
Jun 03, 2024 12:34:16 PM org.apache.catalina.startup.HostConfig deployDirectory
INFO: Deploying web application directory C:\WAS\SEMS_MOBILE\webapps\manager
Jun 03, 2024 12:34:16 PM org.apache.catalina.startup.HostConfig deployDirectory
INFO: Deployment of web application directory C:\WAS\SEMS_MOBILE\webapps\manager has finished in 125 ms
Jun 03, 2024 12:34:16 PM org.apache.coyote.AbstractProtocol start
INFO: Starting ProtocolHandler ["http-apr-9092"]
Jun 03, 2024 12:34:17 PM org.apache.coyote.AbstractProtocol start
INFO: Starting ProtocolHandler ["http-bio-8443"]
Jun 03, 2024 12:34:17 PM org.apache.coyote.AbstractProtocol start
INFO: Starting ProtocolHandler ["ajp-apr-9100"]
Jun 03, 2024 12:34:17 PM org.apache.catalina.startup.Catalina start
INFO: Server startup in 17447 ms
Jun 07, 2024 2:39:13 AM org.apache.coyote.http11.AbstractHttp11Processor process
INFO: Error parsing HTTP request header
 Note: further occurrences of HTTP header parsing errors will be logged at DEBUG level.
java.lang.IllegalArgumentException: Invalid character (CR or LF) found in method name
	at org.apache.coyote.http11.InternalInputBuffer.parseRequestLine(InternalInputBuffer.java:131)
	at org.apache.coyote.http11.AbstractHttp11Processor.process(AbstractHttp11Processor.java:992)
	at org.apache.coyote.AbstractProtocol$AbstractConnectionHandler.process(AbstractProtocol.java:625)
	at org.apache.tomcat.util.net.JIoEndpoint$SocketProcessor.run(JIoEndpoint.java:316)
	at java.util.concurrent.ThreadPoolExecutor.runWorker(ThreadPoolExecutor.java:1149)
	at java.util.concurrent.ThreadPoolExecutor$Worker.run(ThreadPoolExecutor.java:624)
	at org.apache.tomcat.util.threads.TaskThread$WrappingRunnable.run(TaskThread.java:61)
	at java.lang.Thread.run(Thread.java:748)

Jun 07, 2024 2:39:14 AM org.apache.coyote.http11.AbstractHttp11Processor process
INFO: Error parsing HTTP request header
 Note: further occurrences of HTTP header parsing errors will be logged at DEBUG level.
java.lang.IllegalArgumentException: Invalid character (CR or LF) found in method name
	at org.apache.coyote.http11.InternalInputBuffer.parseRequestLine(InternalInputBuffer.java:131)
	at org.apache.coyote.http11.AbstractHttp11Processor.process(AbstractHttp11Processor.java:992)
	at org.apache.coyote.AbstractProtocol$AbstractConnectionHandler.process(AbstractProtocol.java:625)
	at org.apache.tomcat.util.net.JIoEndpoint$SocketProcessor.run(JIoEndpoint.java:316)
	at java.util.concurrent.ThreadPoolExecutor.runWorker(ThreadPoolExecutor.java:1149)
	at java.util.concurrent.ThreadPoolExecutor$Worker.run(ThreadPoolExecutor.java:624)
	at org.apache.tomcat.util.threads.TaskThread$WrappingRunnable.run(TaskThread.java:61)
	at java.lang.Thread.run(Thread.java:748)

Jun 07, 2024 2:39:32 AM org.apache.coyote.http11.AbstractHttp11Processor process
INFO: Error parsing HTTP request header
 Note: further occurrences of HTTP header parsing errors will be logged at DEBUG level.
java.lang.IllegalArgumentException: Invalid character (CR or LF) found in method name
	at org.apache.coyote.http11.InternalInputBuffer.parseRequestLine(InternalInputBuffer.java:131)
	at org.apache.coyote.http11.AbstractHttp11Processor.process(AbstractHttp11Processor.java:992)
	at org.apache.coyote.AbstractProtocol$AbstractConnectionHandler.process(AbstractProtocol.java:625)
	at org.apache.tomcat.util.net.JIoEndpoint$SocketProcessor.run(JIoEndpoint.java:316)
	at java.util.concurrent.ThreadPoolExecutor.runWorker(ThreadPoolExecutor.java:1149)
	at java.util.concurrent.ThreadPoolExecutor$Worker.run(ThreadPoolExecutor.java:624)
	at org.apache.tomcat.util.threads.TaskThread$WrappingRunnable.run(TaskThread.java:61)
	at java.lang.Thread.run(Thread.java:748)

Jun 15, 2024 6:47:00 PM org.apache.coyote.http11.AbstractHttp11Processor process
INFO: Error parsing HTTP request header
 Note: further occurrences of HTTP header parsing errors will be logged at DEBUG level.
java.lang.IllegalArgumentException: Invalid character (CR or LF) found in method name
	at org.apache.coyote.http11.InternalInputBuffer.parseRequestLine(InternalInputBuffer.java:131)
	at org.apache.coyote.http11.AbstractHttp11Processor.process(AbstractHttp11Processor.java:992)
	at org.apache.coyote.AbstractProtocol$AbstractConnectionHandler.process(AbstractProtocol.java:625)
	at org.apache.tomcat.util.net.JIoEndpoint$SocketProcessor.run(JIoEndpoint.java:316)
	at java.util.concurrent.ThreadPoolExecutor.runWorker(ThreadPoolExecutor.java:1149)
	at java.util.concurrent.ThreadPoolExecutor$Worker.run(ThreadPoolExecutor.java:624)
	at org.apache.tomcat.util.threads.TaskThread$WrappingRunnable.run(TaskThread.java:61)
	at java.lang.Thread.run(Thread.java:748)

Jun 15, 2024 6:47:01 PM org.apache.coyote.http11.AbstractHttp11Processor process
INFO: Error parsing HTTP request header
 Note: further occurrences of HTTP header parsing errors will be logged at DEBUG level.
java.lang.IllegalArgumentException: Invalid character (CR or LF) found in method name
	at org.apache.coyote.http11.InternalInputBuffer.parseRequestLine(InternalInputBuffer.java:131)
	at org.apache.coyote.http11.AbstractHttp11Processor.process(AbstractHttp11Processor.java:992)
	at org.apache.coyote.AbstractProtocol$AbstractConnectionHandler.process(AbstractProtocol.java:625)
	at org.apache.tomcat.util.net.JIoEndpoint$SocketProcessor.run(JIoEndpoint.java:316)
	at java.util.concurrent.ThreadPoolExecutor.runWorker(ThreadPoolExecutor.java:1149)
	at java.util.concurrent.ThreadPoolExecutor$Worker.run(ThreadPoolExecutor.java:624)
	at org.apache.tomcat.util.threads.TaskThread$WrappingRunnable.run(TaskThread.java:61)
	at java.lang.Thread.run(Thread.java:748)

Jun 15, 2024 6:47:19 PM org.apache.coyote.http11.AbstractHttp11Processor process
INFO: Error parsing HTTP request header
 Note: further occurrences of HTTP header parsing errors will be logged at DEBUG level.
java.lang.IllegalArgumentException: Invalid character (CR or LF) found in method name
	at org.apache.coyote.http11.InternalInputBuffer.parseRequestLine(InternalInputBuffer.java:131)
	at org.apache.coyote.http11.AbstractHttp11Processor.process(AbstractHttp11Processor.java:992)
	at org.apache.coyote.AbstractProtocol$AbstractConnectionHandler.process(AbstractProtocol.java:625)
	at org.apache.tomcat.util.net.JIoEndpoint$SocketProcessor.run(JIoEndpoint.java:316)
	at java.util.concurrent.ThreadPoolExecutor.runWorker(ThreadPoolExecutor.java:1149)
	at java.util.concurrent.ThreadPoolExecutor$Worker.run(ThreadPoolExecutor.java:624)
	at org.apache.tomcat.util.threads.TaskThread$WrappingRunnable.run(TaskThread.java:61)
	at java.lang.Thread.run(Thread.java:748)

Jun 27, 2024 9:08:57 AM org.apache.coyote.http11.AbstractHttp11Processor process
INFO: Error parsing HTTP request header
 Note: further occurrences of HTTP header parsing errors will be logged at DEBUG level.
java.lang.IllegalArgumentException: Invalid character (CR or LF) found in method name
	at org.apache.coyote.http11.InternalInputBuffer.parseRequestLine(InternalInputBuffer.java:131)
	at org.apache.coyote.http11.AbstractHttp11Processor.process(AbstractHttp11Processor.java:992)
	at org.apache.coyote.AbstractProtocol$AbstractConnectionHandler.process(AbstractProtocol.java:625)
	at org.apache.tomcat.util.net.JIoEndpoint$SocketProcessor.run(JIoEndpoint.java:316)
	at java.util.concurrent.ThreadPoolExecutor.runWorker(ThreadPoolExecutor.java:1149)
	at java.util.concurrent.ThreadPoolExecutor$Worker.run(ThreadPoolExecutor.java:624)
	at org.apache.tomcat.util.threads.TaskThread$WrappingRunnable.run(TaskThread.java:61)
	at java.lang.Thread.run(Thread.java:748)

Jun 28, 2024 11:05:02 AM org.apache.coyote.AbstractProtocol pause
INFO: Pausing ProtocolHandler ["http-apr-9092"]
Jun 28, 2024 11:05:02 AM org.apache.coyote.AbstractProtocol pause
INFO: Pausing ProtocolHandler ["http-bio-8443"]
Jun 28, 2024 11:05:02 AM org.apache.coyote.AbstractProtocol pause
INFO: Pausing ProtocolHandler ["ajp-apr-9100"]
Jun 28, 2024 11:05:02 AM org.apache.catalina.core.StandardService stopInternal
INFO: Stopping service Catalina
Jun 28, 2024 11:05:03 AM org.apache.catalina.loader.WebappClassLoaderBase clearReferencesJdbc
SEVERE: The web application [] registered the JDBC driver [org.mariadb.jdbc.Driver] but failed to unregister it when the web application was stopped. To prevent a memory leak, the JDBC Driver has been forcibly unregistered.
Jun 28, 2024 11:05:03 AM org.apache.catalina.loader.WebappClassLoaderBase clearReferencesJdbc
SEVERE: The web application [] registered the JDBC driver [net.sf.log4jdbc.DriverSpy] but failed to unregister it when the web application was stopped. To prevent a memory leak, the JDBC Driver has been forcibly unregistered.
Jun 28, 2024 11:05:03 AM org.apache.catalina.loader.WebappClassLoaderBase clearReferencesThreads
SEVERE: The web application [] appears to have started a thread named [rollbar-buffered_sender] but has failed to stop it. This is very likely to create a memory leak.
Jun 28, 2024 11:05:03 AM org.apache.coyote.AbstractProtocol stop
INFO: Stopping ProtocolHandler ["http-apr-9092"]
Jun 28, 2024 11:05:03 AM org.apache.coyote.AbstractProtocol stop
INFO: Stopping ProtocolHandler ["http-bio-8443"]
Jun 28, 2024 11:05:03 AM org.apache.coyote.AbstractProtocol stop
INFO: Stopping ProtocolHandler ["ajp-apr-9100"]
