
2024-02-14 10:48:51 Commons Daemon procrun stdout initialized

2024-02-14 10:51:56 Commons Daemon procrun stdout initialized
##########Session ID E1FA3032AB0291166CA8710267473788 created at Wed Feb 14 11:39:42 KST 2024 Session Counts: 8
ERROR 11:39:42.781 [http-bio-8443-exec-1] sems.cm.ctrl.HttpSessionCheckingListener[sessionCreated:24] - ##########Session ID E1FA3032AB0291166CA8710267473788 created at Wed Feb 14 11:39:42 KST 2024 8
##########Session ID 599A8450B3CF0E31B85E53B7078A1B36 created at Wed Feb 14 12:16:58 KST 2024 Session Counts: 14
ERROR 12:16:58.521 [http-bio-8443-exec-6] sems.cm.ctrl.HttpSessionCheckingListener[sessionCreated:24] - ##########Session ID 599A8450B3CF0E31B85E53B7078A1B36 created at Wed Feb 14 12:16:58 KST 2024 14
##########Session ID 2B2868D29AF607FE7E8BE34C610A114F created at Wed Feb 14 12:46:31 KST 2024 Session Counts: 2
ERROR 12:46:31.515 [http-bio-8443-exec-33] sems.cm.ctrl.HttpSessionCheckingListener[sessionCreated:24] - ##########Session ID 2B2868D29AF607FE7E8BE34C610A114F created at Wed Feb 14 12:46:31 KST 2024 2
##########Session ID BA4C07DD5EAC1EC39EBA07345A7404BF created at Wed Feb 14 15:05:14 KST 2024 Session Counts: 6
ERROR 15:05:14.273 [http-bio-8443-exec-27] sems.cm.ctrl.HttpSessionCheckingListener[sessionCreated:24] - ##########Session ID BA4C07DD5EAC1EC39EBA07345A7404BF created at Wed Feb 14 15:05:14 KST 2024 6
##########Session ID 2B2868D29AF607FE7E8BE34C610A114F destroyed at Wed Feb 14 15:46:51 KST 2024 Session Counts:  5
ERROR 15:46:51.459 [ContainerBackgroundProcessor[StandardEngine[Catalina]]] sems.cm.ctrl.HttpSessionCheckingListener[sessionDestroyed:31] - ##########Session ID 2B2868D29AF607FE7E8BE34C610A114F destroyed at Wed Feb 14 15:46:51 KST 2024 5
##########Session ID 778097682C4C0747BBA54950551232FB destroyed at Wed Feb 14 16:17:52 KST 2024 Session Counts:  4
ERROR 16:17:52.350 [ContainerBackgroundProcessor[StandardEngine[Catalina]]] sems.cm.ctrl.HttpSessionCheckingListener[sessionDestroyed:31] - ##########Session ID 778097682C4C0747BBA54950551232FB destroyed at Wed Feb 14 16:17:52 KST 2024 4
##########Session ID 854D871F40646E4DA5F20FBB3ABABC4C destroyed at Wed Feb 14 17:38:54 KST 2024 Session Counts:  5
ERROR 17:38:54.656 [ContainerBackgroundProcessor[StandardEngine[Catalina]]] sems.cm.ctrl.HttpSessionCheckingListener[sessionDestroyed:31] - ##########Session ID 854D871F40646E4DA5F20FBB3ABABC4C destroyed at Wed Feb 14 17:38:54 KST 2024 5
##########Session ID BA4C07DD5EAC1EC39EBA07345A7404BF destroyed at Wed Feb 14 18:05:55 KST 2024 Session Counts:  5
ERROR 18:05:55.413 [ContainerBackgroundProcessor[StandardEngine[Catalina]]] sems.cm.ctrl.HttpSessionCheckingListener[sessionDestroyed:31] - ##########Session ID BA4C07DD5EAC1EC39EBA07345A7404BF destroyed at Wed Feb 14 18:05:55 KST 2024 5
##########Session ID BF90868053B122476EF047AFBA24912B created at Wed Feb 14 18:09:30 KST 2024 Session Counts: 6
ERROR 18:09:30.954 [http-bio-8443-exec-30] sems.cm.ctrl.HttpSessionCheckingListener[sessionCreated:24] - ##########Session ID BF90868053B122476EF047AFBA24912B created at Wed Feb 14 18:09:30 KST 2024 6
##########Session ID 4DD89EFC9F9E9977819BEDCAAF115675 destroyed at Wed Feb 14 19:22:57 KST 2024 Session Counts:  7
ERROR 19:22:57.586 [ContainerBackgroundProcessor[StandardEngine[Catalina]]] sems.cm.ctrl.HttpSessionCheckingListener[sessionDestroyed:31] - ##########Session ID 4DD89EFC9F9E9977819BEDCAAF115675 destroyed at Wed Feb 14 19:22:57 KST 2024 7
##########Session ID 67D79C2FAE65F3CA4F431B8C97DC4DF6 destroyed at Wed Feb 14 20:19:59 KST 2024 Session Counts:  6
ERROR 20:19:59.215 [ContainerBackgroundProcessor[StandardEngine[Catalina]]] sems.cm.ctrl.HttpSessionCheckingListener[sessionDestroyed:31] - ##########Session ID 67D79C2FAE65F3CA4F431B8C97DC4DF6 destroyed at Wed Feb 14 20:19:59 KST 2024 6
##########Session ID AAF535841827157E941B5C46A6E5A9CA destroyed at Wed Feb 14 20:19:59 KST 2024 Session Counts:  5
ERROR 20:19:59.215 [ContainerBackgroundProcessor[StandardEngine[Catalina]]] sems.cm.ctrl.HttpSessionCheckingListener[sessionDestroyed:31] - ##########Session ID AAF535841827157E941B5C46A6E5A9CA destroyed at Wed Feb 14 20:19:59 KST 2024 5
##########Session ID 9CF5BB04965D71261DBBD342760D294F destroyed at Wed Feb 14 20:54:00 KST 2024 Session Counts:  4
ERROR 20:54:00.180 [ContainerBackgroundProcessor[StandardEngine[Catalina]]] sems.cm.ctrl.HttpSessionCheckingListener[sessionDestroyed:31] - ##########Session ID 9CF5BB04965D71261DBBD342760D294F destroyed at Wed Feb 14 20:54:00 KST 2024 4
##########Session ID 2C4B9F1E52C3C9D9D1B48C41892FD69B destroyed at Wed Feb 14 21:10:00 KST 2024 Session Counts:  3
ERROR 21:10:00.634 [ContainerBackgroundProcessor[StandardEngine[Catalina]]] sems.cm.ctrl.HttpSessionCheckingListener[sessionDestroyed:31] - ##########Session ID 2C4B9F1E52C3C9D9D1B48C41892FD69B destroyed at Wed Feb 14 21:10:00 KST 2024 3
##########Session ID 310192B2BBC4C65E7B7ABF23AFE3C86A destroyed at Wed Feb 14 21:11:00 KST 2024 Session Counts:  2
ERROR 21:11:00.663 [ContainerBackgroundProcessor[StandardEngine[Catalina]]] sems.cm.ctrl.HttpSessionCheckingListener[sessionDestroyed:31] - ##########Session ID 310192B2BBC4C65E7B7ABF23AFE3C86A destroyed at Wed Feb 14 21:11:00 KST 2024 2
##########Session ID B5D43204BC50C83968339A60DCACE8DD destroyed at Wed Feb 14 21:34:01 KST 2024 Session Counts:  1
ERROR 21:34:01.308 [ContainerBackgroundProcessor[StandardEngine[Catalina]]] sems.cm.ctrl.HttpSessionCheckingListener[sessionDestroyed:31] - ##########Session ID B5D43204BC50C83968339A60DCACE8DD destroyed at Wed Feb 14 21:34:01 KST 2024 1
##########Session ID 9319CC68B3251EF196D83E137BAD2903 destroyed at Wed Feb 14 22:05:02 KST 2024 Session Counts:  0
ERROR 22:05:02.177 [ContainerBackgroundProcessor[StandardEngine[Catalina]]] sems.cm.ctrl.HttpSessionCheckingListener[sessionDestroyed:31] - ##########Session ID 9319CC68B3251EF196D83E137BAD2903 destroyed at Wed Feb 14 22:05:02 KST 2024 0
##########Session ID A05CA1D8FD2BD120B560FFE959F54C6A destroyed at Thu Feb 15 06:40:16 KST 2024 Session Counts:  0
ERROR 06:40:16.768 [ContainerBackgroundProcessor[StandardEngine[Catalina]]] sems.cm.ctrl.HttpSessionCheckingListener[sessionDestroyed:31] - ##########Session ID A05CA1D8FD2BD120B560FFE959F54C6A destroyed at Thu Feb 15 06:40:16 KST 2024 0
##########Session ID 7E0C4463766DD9A1771FEFB086A93087 created at Thu Feb 15 12:01:05 KST 2024 Session Counts: 3
ERROR 12:01:05.734 [http-bio-8443-exec-36] sems.cm.ctrl.HttpSessionCheckingListener[sessionCreated:24] - ##########Session ID 7E0C4463766DD9A1771FEFB086A93087 created at Thu Feb 15 12:01:05 KST 2024 3
