
2023-11-27 19:31:02 Commons Daemon procrun stderr initialized
11월 27, 2023 7:31:04 오후 org.apache.catalina.startup.VersionLoggerListener log
정보: Server version:        Apache Tomcat/7.0.69
11월 27, 2023 7:31:04 오후 org.apache.catalina.startup.VersionLoggerListener log
정보: Server built:          Apr 11 2016 07:57:09 UTC
11월 27, 2023 7:31:04 오후 org.apache.catalina.startup.VersionLoggerListener log
정보: Server number:         7.0.69.0
11월 27, 2023 7:31:04 오후 org.apache.catalina.startup.VersionLoggerListener log
정보: OS Name:               Windows Server 2012 R2
11월 27, 2023 7:31:04 오후 org.apache.catalina.startup.VersionLoggerListener log
정보: OS Version:            6.3
11월 27, 2023 7:31:04 오후 org.apache.catalina.startup.VersionLoggerListener log
정보: Architecture:          amd64
11월 27, 2023 7:31:04 오후 org.apache.catalina.startup.VersionLoggerListener log
정보: Java Home:             C:\Program Files\Java\openjdk-1.8.0\jre
11월 27, 2023 7:31:04 오후 org.apache.catalina.startup.VersionLoggerListener log
정보: JVM Version:           1.8.0_201-1-ojdkbuild-b09
11월 27, 2023 7:31:04 오후 org.apache.catalina.startup.VersionLoggerListener log
정보: JVM Vendor:            Oracle Corporation
11월 27, 2023 7:31:04 오후 org.apache.catalina.startup.VersionLoggerListener log
정보: CATALINA_BASE:         C:\WAS\SEMS_MOBILE
11월 27, 2023 7:31:04 오후 org.apache.catalina.startup.VersionLoggerListener log
정보: CATALINA_HOME:         C:\WAS\SEMS_MOBILE
11월 27, 2023 7:31:04 오후 org.apache.catalina.startup.VersionLoggerListener log
정보: Command line argument: -Dcatalina.home=C:\WAS\SEMS_MOBILE
11월 27, 2023 7:31:04 오후 org.apache.catalina.startup.VersionLoggerListener log
정보: Command line argument: -Dcatalina.base=C:\WAS\SEMS_MOBILE
11월 27, 2023 7:31:04 오후 org.apache.catalina.startup.VersionLoggerListener log
정보: Command line argument: -Djava.endorsed.dirs=C:\WAS\SEMS_MOBILE\endorsed
11월 27, 2023 7:31:04 오후 org.apache.catalina.startup.VersionLoggerListener log
정보: Command line argument: -Djava.io.tmpdir=C:\WAS\SEMS_MOBILE\temp
11월 27, 2023 7:31:04 오후 org.apache.catalina.startup.VersionLoggerListener log
정보: Command line argument: -Djava.util.logging.manager=org.apache.juli.ClassLoaderLogManager
11월 27, 2023 7:31:04 오후 org.apache.catalina.startup.VersionLoggerListener log
정보: Command line argument: -Djava.util.logging.config.file=C:\WAS\SEMS_MOBILE\conf\logging.properties
11월 27, 2023 7:31:04 오후 org.apache.catalina.startup.VersionLoggerListener log
정보: Command line argument: exit
11월 27, 2023 7:31:04 오후 org.apache.catalina.startup.VersionLoggerListener log
정보: Command line argument: -Xms128m
11월 27, 2023 7:31:04 오후 org.apache.catalina.startup.VersionLoggerListener log
정보: Command line argument: -Xmx256m
11월 27, 2023 7:31:04 오후 org.apache.catalina.core.AprLifecycleListener lifecycleEvent
정보: Loaded APR based Apache Tomcat Native library 1.1.33 using APR version 1.5.1.
11월 27, 2023 7:31:04 오후 org.apache.catalina.core.AprLifecycleListener lifecycleEvent
정보: APR capabilities: IPv6 [true], sendfile [true], accept filters [false], random [true].
11월 27, 2023 7:31:05 오후 org.apache.catalina.core.AprLifecycleListener initializeSSL
정보: OpenSSL successfully initialized (OpenSSL 1.0.1m 19 Mar 2015)
11월 27, 2023 7:31:05 오후 org.apache.coyote.AbstractProtocol init
정보: Initializing ProtocolHandler ["http-apr-9092"]
11월 27, 2023 7:31:05 오후 org.apache.coyote.AbstractProtocol init
정보: Initializing ProtocolHandler ["http-bio-8443"]
11월 27, 2023 7:31:06 오후 org.apache.coyote.AbstractProtocol init
정보: Initializing ProtocolHandler ["ajp-apr-9100"]
11월 27, 2023 7:31:06 오후 org.apache.catalina.startup.Catalina load
정보: Initialization processed in 2751 ms
11월 27, 2023 7:31:06 오후 org.apache.catalina.core.StandardService startInternal
정보: Starting service Catalina
11월 27, 2023 7:31:06 오후 org.apache.catalina.core.StandardEngine startInternal
정보: Starting Servlet Engine: Apache Tomcat/7.0.69
11월 27, 2023 7:31:06 오후 org.apache.catalina.startup.HostConfig deployWAR
정보: Deploying web application archive C:\WAS\SEMS_MOBILE\webapps\ROOT.war
11월 27, 2023 7:31:12 오후 org.apache.catalina.startup.TldConfig execute
정보: At least one JAR was scanned for TLDs yet contained no TLDs. Enable debug logging for this logger for a complete list of JARs that were scanned but no TLDs were found in them. Skipping unneeded JARs during scanning can improve startup time and JSP compilation time.
11월 27, 2023 7:31:19 오후 org.apache.catalina.startup.HostConfig deployWAR
정보: Deployment of web application archive C:\WAS\SEMS_MOBILE\webapps\ROOT.war has finished in 13,618 ms
11월 27, 2023 7:31:19 오후 org.apache.catalina.startup.HostConfig deployDirectory
정보: Deploying web application directory C:\WAS\SEMS_MOBILE\webapps\231108
11월 27, 2023 7:31:19 오후 org.apache.catalina.startup.HostConfig deployDirectory
정보: Deployment of web application directory C:\WAS\SEMS_MOBILE\webapps\231108 has finished in 72 ms
11월 27, 2023 7:31:19 오후 org.apache.catalina.startup.HostConfig deployDirectory
정보: Deploying web application directory C:\WAS\SEMS_MOBILE\webapps\231113
11월 27, 2023 7:31:19 오후 org.apache.catalina.startup.HostConfig deployDirectory
정보: Deployment of web application directory C:\WAS\SEMS_MOBILE\webapps\231113 has finished in 51 ms
11월 27, 2023 7:31:19 오후 org.apache.catalina.startup.HostConfig deployDirectory
정보: Deploying web application directory C:\WAS\SEMS_MOBILE\webapps\231117
11월 27, 2023 7:31:20 오후 org.apache.catalina.startup.HostConfig deployDirectory
정보: Deployment of web application directory C:\WAS\SEMS_MOBILE\webapps\231117 has finished in 48 ms
11월 27, 2023 7:31:20 오후 org.apache.catalina.startup.HostConfig deployDirectory
정보: Deploying web application directory C:\WAS\SEMS_MOBILE\webapps\231120
11월 27, 2023 7:31:20 오후 org.apache.catalina.startup.HostConfig deployDirectory
정보: Deployment of web application directory C:\WAS\SEMS_MOBILE\webapps\231120 has finished in 43 ms
11월 27, 2023 7:31:20 오후 org.apache.catalina.startup.HostConfig deployDirectory
정보: Deploying web application directory C:\WAS\SEMS_MOBILE\webapps\231127
11월 27, 2023 7:31:20 오후 org.apache.catalina.startup.HostConfig deployDirectory
정보: Deployment of web application directory C:\WAS\SEMS_MOBILE\webapps\231127 has finished in 41 ms
11월 27, 2023 7:31:20 오후 org.apache.catalina.startup.HostConfig deployDirectory
정보: Deploying web application directory C:\WAS\SEMS_MOBILE\webapps\docs
11월 27, 2023 7:31:20 오후 org.apache.catalina.startup.HostConfig deployDirectory
정보: Deployment of web application directory C:\WAS\SEMS_MOBILE\webapps\docs has finished in 44 ms
11월 27, 2023 7:31:20 오후 org.apache.catalina.startup.HostConfig deployDirectory
정보: Deploying web application directory C:\WAS\SEMS_MOBILE\webapps\examples
11월 27, 2023 7:31:21 오후 org.apache.catalina.startup.HostConfig deployDirectory
정보: Deployment of web application directory C:\WAS\SEMS_MOBILE\webapps\examples has finished in 1,358 ms
11월 27, 2023 7:31:21 오후 org.apache.catalina.startup.HostConfig deployDirectory
정보: Deploying web application directory C:\WAS\SEMS_MOBILE\webapps\host-manager
11월 27, 2023 7:31:21 오후 org.apache.catalina.startup.HostConfig deployDirectory
정보: Deployment of web application directory C:\WAS\SEMS_MOBILE\webapps\host-manager has finished in 75 ms
11월 27, 2023 7:31:21 오후 org.apache.catalina.startup.HostConfig deployDirectory
정보: Deploying web application directory C:\WAS\SEMS_MOBILE\webapps\manager
11월 27, 2023 7:31:21 오후 org.apache.catalina.startup.HostConfig deployDirectory
정보: Deployment of web application directory C:\WAS\SEMS_MOBILE\webapps\manager has finished in 75 ms
11월 27, 2023 7:31:21 오후 org.apache.coyote.AbstractProtocol start
정보: Starting ProtocolHandler ["http-apr-9092"]
11월 27, 2023 7:31:21 오후 org.apache.coyote.AbstractProtocol start
정보: Starting ProtocolHandler ["http-bio-8443"]
11월 27, 2023 7:31:21 오후 org.apache.coyote.AbstractProtocol start
정보: Starting ProtocolHandler ["ajp-apr-9100"]
11월 27, 2023 7:31:21 오후 org.apache.catalina.startup.Catalina start
정보: Server startup in 15567 ms
11월 27, 2023 8:02:33 오후 org.apache.catalina.startup.HostConfig undeploy
정보: Undeploying context []
11월 27, 2023 8:02:33 오후 org.apache.catalina.loader.WebappClassLoaderBase clearReferencesJdbc
심각: The web application [] registered the JDBC driver [org.mariadb.jdbc.Driver] but failed to unregister it when the web application was stopped. To prevent a memory leak, the JDBC Driver has been forcibly unregistered.
11월 27, 2023 8:02:33 오후 org.apache.catalina.loader.WebappClassLoaderBase clearReferencesJdbc
심각: The web application [] registered the JDBC driver [net.sf.log4jdbc.DriverSpy] but failed to unregister it when the web application was stopped. To prevent a memory leak, the JDBC Driver has been forcibly unregistered.
11월 27, 2023 8:02:33 오후 org.apache.catalina.loader.WebappClassLoaderBase clearReferencesThreads
심각: The web application [] appears to have started a thread named [java-sdk-http-connection-reaper] but has failed to stop it. This is very likely to create a memory leak.
11월 27, 2023 8:02:33 오후 org.apache.catalina.startup.ExpandWar deleteDir
심각: [C:\WAS\SEMS_MOBILE\webapps\ROOT\WEB-INF\classes\sems] could not be completely deleted. The presence of the remaining files may cause problems
11월 27, 2023 8:02:33 오후 org.apache.catalina.startup.ExpandWar deleteDir
심각: [C:\WAS\SEMS_MOBILE\webapps\ROOT\WEB-INF\classes] could not be completely deleted. The presence of the remaining files may cause problems
11월 27, 2023 8:02:34 오후 org.apache.catalina.startup.ExpandWar deleteDir
심각: [C:\WAS\SEMS_MOBILE\webapps\ROOT\WEB-INF] could not be completely deleted. The presence of the remaining files may cause problems
11월 27, 2023 8:02:34 오후 org.apache.catalina.startup.ExpandWar deleteDir
심각: [C:\WAS\SEMS_MOBILE\webapps\ROOT] could not be completely deleted. The presence of the remaining files may cause problems
11월 27, 2023 8:02:34 오후 org.apache.catalina.startup.ExpandWar delete
심각: [C:\WAS\SEMS_MOBILE\webapps\ROOT] could not be completely deleted. The presence of the remaining files may cause problems
11월 27, 2023 8:02:34 오후 org.apache.catalina.startup.HostConfig deployDirectory
정보: Deploying web application directory C:\WAS\SEMS_MOBILE\webapps\ROOT
11월 27, 2023 8:02:34 오후 org.apache.catalina.startup.HostConfig deployDirectory
정보: Deployment of web application directory C:\WAS\SEMS_MOBILE\webapps\ROOT has finished in 74 ms
11월 27, 2023 8:02:58 오후 org.apache.coyote.AbstractProtocol pause
정보: Pausing ProtocolHandler ["http-apr-9092"]
11월 27, 2023 8:02:58 오후 org.apache.coyote.AbstractProtocol pause
정보: Pausing ProtocolHandler ["http-bio-8443"]
11월 27, 2023 8:02:58 오후 org.apache.coyote.AbstractProtocol pause
정보: Pausing ProtocolHandler ["ajp-apr-9100"]
11월 27, 2023 8:02:58 오후 org.apache.catalina.core.StandardService stopInternal
정보: Stopping service Catalina
11월 27, 2023 8:02:58 오후 org.apache.coyote.AbstractProtocol stop
정보: Stopping ProtocolHandler ["http-apr-9092"]
11월 27, 2023 8:02:58 오후 org.apache.coyote.AbstractProtocol stop
정보: Stopping ProtocolHandler ["http-bio-8443"]
11월 27, 2023 8:02:58 오후 org.apache.coyote.AbstractProtocol stop
정보: Stopping ProtocolHandler ["ajp-apr-9100"]

2023-11-27 20:06:48 Commons Daemon procrun stderr initialized
11월 27, 2023 8:06:50 오후 org.apache.catalina.startup.VersionLoggerListener log
정보: Server version:        Apache Tomcat/7.0.69
11월 27, 2023 8:06:50 오후 org.apache.catalina.startup.VersionLoggerListener log
정보: Server built:          Apr 11 2016 07:57:09 UTC
11월 27, 2023 8:06:50 오후 org.apache.catalina.startup.VersionLoggerListener log
정보: Server number:         7.0.69.0
11월 27, 2023 8:06:50 오후 org.apache.catalina.startup.VersionLoggerListener log
정보: OS Name:               Windows Server 2012 R2
11월 27, 2023 8:06:50 오후 org.apache.catalina.startup.VersionLoggerListener log
정보: OS Version:            6.3
11월 27, 2023 8:06:50 오후 org.apache.catalina.startup.VersionLoggerListener log
정보: Architecture:          amd64
11월 27, 2023 8:06:50 오후 org.apache.catalina.startup.VersionLoggerListener log
정보: Java Home:             C:\Program Files\Java\openjdk-1.8.0\jre
11월 27, 2023 8:06:50 오후 org.apache.catalina.startup.VersionLoggerListener log
정보: JVM Version:           1.8.0_201-1-ojdkbuild-b09
11월 27, 2023 8:06:50 오후 org.apache.catalina.startup.VersionLoggerListener log
정보: JVM Vendor:            Oracle Corporation
11월 27, 2023 8:06:50 오후 org.apache.catalina.startup.VersionLoggerListener log
정보: CATALINA_BASE:         C:\WAS\SEMS_MOBILE
11월 27, 2023 8:06:50 오후 org.apache.catalina.startup.VersionLoggerListener log
정보: CATALINA_HOME:         C:\WAS\SEMS_MOBILE
11월 27, 2023 8:06:50 오후 org.apache.catalina.startup.VersionLoggerListener log
정보: Command line argument: -Dcatalina.home=C:\WAS\SEMS_MOBILE
11월 27, 2023 8:06:50 오후 org.apache.catalina.startup.VersionLoggerListener log
정보: Command line argument: -Dcatalina.base=C:\WAS\SEMS_MOBILE
11월 27, 2023 8:06:50 오후 org.apache.catalina.startup.VersionLoggerListener log
정보: Command line argument: -Djava.endorsed.dirs=C:\WAS\SEMS_MOBILE\endorsed
11월 27, 2023 8:06:50 오후 org.apache.catalina.startup.VersionLoggerListener log
정보: Command line argument: -Djava.io.tmpdir=C:\WAS\SEMS_MOBILE\temp
11월 27, 2023 8:06:50 오후 org.apache.catalina.startup.VersionLoggerListener log
정보: Command line argument: -Djava.util.logging.manager=org.apache.juli.ClassLoaderLogManager
11월 27, 2023 8:06:50 오후 org.apache.catalina.startup.VersionLoggerListener log
정보: Command line argument: -Djava.util.logging.config.file=C:\WAS\SEMS_MOBILE\conf\logging.properties
11월 27, 2023 8:06:50 오후 org.apache.catalina.startup.VersionLoggerListener log
정보: Command line argument: exit
11월 27, 2023 8:06:50 오후 org.apache.catalina.startup.VersionLoggerListener log
정보: Command line argument: -Xms128m
11월 27, 2023 8:06:50 오후 org.apache.catalina.startup.VersionLoggerListener log
정보: Command line argument: -Xmx256m
11월 27, 2023 8:06:50 오후 org.apache.catalina.core.AprLifecycleListener lifecycleEvent
정보: Loaded APR based Apache Tomcat Native library 1.1.33 using APR version 1.5.1.
11월 27, 2023 8:06:50 오후 org.apache.catalina.core.AprLifecycleListener lifecycleEvent
정보: APR capabilities: IPv6 [true], sendfile [true], accept filters [false], random [true].
11월 27, 2023 8:06:51 오후 org.apache.catalina.core.AprLifecycleListener initializeSSL
정보: OpenSSL successfully initialized (OpenSSL 1.0.1m 19 Mar 2015)
11월 27, 2023 8:06:51 오후 org.apache.coyote.AbstractProtocol init
정보: Initializing ProtocolHandler ["http-apr-9092"]
11월 27, 2023 8:06:51 오후 org.apache.coyote.AbstractProtocol init
정보: Initializing ProtocolHandler ["http-bio-8443"]
11월 27, 2023 8:06:52 오후 org.apache.coyote.AbstractProtocol init
정보: Initializing ProtocolHandler ["ajp-apr-9100"]
11월 27, 2023 8:06:52 오후 org.apache.catalina.startup.Catalina load
정보: Initialization processed in 2457 ms
11월 27, 2023 8:06:52 오후 org.apache.catalina.core.StandardService startInternal
정보: Starting service Catalina
11월 27, 2023 8:06:52 오후 org.apache.catalina.core.StandardEngine startInternal
정보: Starting Servlet Engine: Apache Tomcat/7.0.69
11월 27, 2023 8:06:52 오후 org.apache.catalina.startup.HostConfig deployWAR
정보: Deploying web application archive C:\WAS\SEMS_MOBILE\webapps\ROOT.war
11월 27, 2023 8:07:10 오후 org.apache.catalina.startup.TldConfig execute
정보: At least one JAR was scanned for TLDs yet contained no TLDs. Enable debug logging for this logger for a complete list of JARs that were scanned but no TLDs were found in them. Skipping unneeded JARs during scanning can improve startup time and JSP compilation time.
11월 27, 2023 8:07:16 오후 org.apache.catalina.startup.HostConfig deployWAR
정보: Deployment of web application archive C:\WAS\SEMS_MOBILE\webapps\ROOT.war has finished in 24,493 ms
11월 27, 2023 8:07:16 오후 org.apache.catalina.startup.HostConfig deployDirectory
정보: Deploying web application directory C:\WAS\SEMS_MOBILE\webapps\231108
11월 27, 2023 8:07:16 오후 org.apache.catalina.startup.HostConfig deployDirectory
정보: Deployment of web application directory C:\WAS\SEMS_MOBILE\webapps\231108 has finished in 48 ms
11월 27, 2023 8:07:16 오후 org.apache.catalina.startup.HostConfig deployDirectory
정보: Deploying web application directory C:\WAS\SEMS_MOBILE\webapps\231113
11월 27, 2023 8:07:16 오후 org.apache.catalina.startup.HostConfig deployDirectory
정보: Deployment of web application directory C:\WAS\SEMS_MOBILE\webapps\231113 has finished in 76 ms
11월 27, 2023 8:07:16 오후 org.apache.catalina.startup.HostConfig deployDirectory
정보: Deploying web application directory C:\WAS\SEMS_MOBILE\webapps\231117
11월 27, 2023 8:07:16 오후 org.apache.catalina.startup.HostConfig deployDirectory
정보: Deployment of web application directory C:\WAS\SEMS_MOBILE\webapps\231117 has finished in 47 ms
11월 27, 2023 8:07:16 오후 org.apache.catalina.startup.HostConfig deployDirectory
정보: Deploying web application directory C:\WAS\SEMS_MOBILE\webapps\231120
11월 27, 2023 8:07:16 오후 org.apache.catalina.startup.HostConfig deployDirectory
정보: Deployment of web application directory C:\WAS\SEMS_MOBILE\webapps\231120 has finished in 44 ms
11월 27, 2023 8:07:16 오후 org.apache.catalina.startup.HostConfig deployDirectory
정보: Deploying web application directory C:\WAS\SEMS_MOBILE\webapps\231127
11월 27, 2023 8:07:16 오후 org.apache.catalina.startup.HostConfig deployDirectory
정보: Deployment of web application directory C:\WAS\SEMS_MOBILE\webapps\231127 has finished in 42 ms
11월 27, 2023 8:07:16 오후 org.apache.catalina.startup.HostConfig deployDirectory
정보: Deploying web application directory C:\WAS\SEMS_MOBILE\webapps\docs
11월 27, 2023 8:07:16 오후 org.apache.catalina.startup.HostConfig deployDirectory
정보: Deployment of web application directory C:\WAS\SEMS_MOBILE\webapps\docs has finished in 49 ms
11월 27, 2023 8:07:16 오후 org.apache.catalina.startup.HostConfig deployDirectory
정보: Deploying web application directory C:\WAS\SEMS_MOBILE\webapps\examples
11월 27, 2023 8:07:17 오후 org.apache.catalina.startup.HostConfig deployDirectory
정보: Deployment of web application directory C:\WAS\SEMS_MOBILE\webapps\examples has finished in 234 ms
11월 27, 2023 8:07:17 오후 org.apache.catalina.startup.HostConfig deployDirectory
정보: Deploying web application directory C:\WAS\SEMS_MOBILE\webapps\host-manager
11월 27, 2023 8:07:17 오후 org.apache.catalina.startup.HostConfig deployDirectory
정보: Deployment of web application directory C:\WAS\SEMS_MOBILE\webapps\host-manager has finished in 76 ms
11월 27, 2023 8:07:17 오후 org.apache.catalina.startup.HostConfig deployDirectory
정보: Deploying web application directory C:\WAS\SEMS_MOBILE\webapps\manager
11월 27, 2023 8:07:17 오후 org.apache.catalina.startup.HostConfig deployDirectory
정보: Deployment of web application directory C:\WAS\SEMS_MOBILE\webapps\manager has finished in 55 ms
11월 27, 2023 8:07:17 오후 org.apache.coyote.AbstractProtocol start
정보: Starting ProtocolHandler ["http-apr-9092"]
11월 27, 2023 8:07:17 오후 org.apache.coyote.AbstractProtocol start
정보: Starting ProtocolHandler ["http-bio-8443"]
11월 27, 2023 8:07:17 오후 org.apache.coyote.AbstractProtocol start
정보: Starting ProtocolHandler ["ajp-apr-9100"]
11월 27, 2023 8:07:17 오후 org.apache.catalina.startup.Catalina start
정보: Server startup in 25308 ms
11월 28, 2023 3:54:31 오후 org.apache.catalina.realm.LockOutRealm authenticate
경고: An attempt was made to authenticate the locked user "admin"
11월 28, 2023 3:54:31 오후 org.apache.catalina.realm.LockOutRealm authenticate
경고: An attempt was made to authenticate the locked user "admin"
11월 28, 2023 3:54:32 오후 org.apache.catalina.realm.LockOutRealm authenticate
경고: An attempt was made to authenticate the locked user "admin"
11월 28, 2023 3:54:33 오후 org.apache.catalina.realm.LockOutRealm authenticate
경고: An attempt was made to authenticate the locked user "tomcat"
11월 28, 2023 3:54:33 오후 org.apache.catalina.realm.LockOutRealm authenticate
경고: An attempt was made to authenticate the locked user "tomcat"
11월 29, 2023 11:37:06 오전 org.apache.catalina.startup.HostConfig deployDirectory
정보: Deploying web application directory C:\WAS\SEMS_MOBILE\webapps\새 폴더
11월 29, 2023 11:37:06 오전 org.apache.catalina.startup.HostConfig deployDirectory
정보: Deployment of web application directory C:\WAS\SEMS_MOBILE\webapps\새 폴더 has finished in 429 ms
11월 29, 2023 11:37:17 오전 org.apache.catalina.startup.HostConfig undeploy
정보: Undeploying context []
11월 29, 2023 11:37:17 오전 org.apache.catalina.loader.WebappClassLoaderBase clearReferencesJdbc
심각: The web application [] registered the JDBC driver [org.mariadb.jdbc.Driver] but failed to unregister it when the web application was stopped. To prevent a memory leak, the JDBC Driver has been forcibly unregistered.
11월 29, 2023 11:37:17 오전 org.apache.catalina.loader.WebappClassLoaderBase clearReferencesJdbc
심각: The web application [] registered the JDBC driver [net.sf.log4jdbc.DriverSpy] but failed to unregister it when the web application was stopped. To prevent a memory leak, the JDBC Driver has been forcibly unregistered.
11월 29, 2023 11:37:19 오전 org.apache.catalina.startup.HostConfig undeploy
정보: Undeploying context [/새 폴더]
11월 29, 2023 11:37:19 오전 org.apache.catalina.startup.HostConfig deployDirectory
정보: Deploying web application directory C:\WAS\SEMS_MOBILE\webapps\231129
11월 29, 2023 11:37:19 오전 org.apache.catalina.startup.HostConfig deployDirectory
정보: Deployment of web application directory C:\WAS\SEMS_MOBILE\webapps\231129 has finished in 66 ms
11월 29, 2023 11:37:29 오전 org.apache.catalina.startup.HostConfig deployWAR
정보: Deploying web application archive C:\WAS\SEMS_MOBILE\webapps\ROOT.war
11월 29, 2023 11:37:47 오전 org.apache.catalina.startup.TldConfig execute
정보: At least one JAR was scanned for TLDs yet contained no TLDs. Enable debug logging for this logger for a complete list of JARs that were scanned but no TLDs were found in them. Skipping unneeded JARs during scanning can improve startup time and JSP compilation time.
11월 29, 2023 11:37:54 오전 org.apache.catalina.startup.HostConfig deployWAR
정보: Deployment of web application archive C:\WAS\SEMS_MOBILE\webapps\ROOT.war has finished in 25,088 ms
11월 30, 2023 7:08:29 오전 org.apache.catalina.realm.LockOutRealm authenticate
경고: An attempt was made to authenticate the locked user "root"
11월 30, 2023 2:39:58 오후 org.apache.catalina.startup.HostConfig deployDirectory
정보: Deploying web application directory C:\WAS\SEMS_MOBILE\webapps\211130
11월 30, 2023 2:39:58 오후 org.apache.catalina.startup.HostConfig deployDirectory
정보: Deployment of web application directory C:\WAS\SEMS_MOBILE\webapps\211130 has finished in 53 ms
11월 30, 2023 2:40:08 오후 org.apache.catalina.startup.HostConfig undeploy
정보: Undeploying context []
11월 30, 2023 2:40:09 오후 org.apache.catalina.loader.WebappClassLoaderBase clearReferencesJdbc
심각: The web application [] registered the JDBC driver [org.mariadb.jdbc.Driver] but failed to unregister it when the web application was stopped. To prevent a memory leak, the JDBC Driver has been forcibly unregistered.
11월 30, 2023 2:40:09 오후 org.apache.catalina.loader.WebappClassLoaderBase clearReferencesJdbc
심각: The web application [] registered the JDBC driver [net.sf.log4jdbc.DriverSpy] but failed to unregister it when the web application was stopped. To prevent a memory leak, the JDBC Driver has been forcibly unregistered.
11월 30, 2023 2:40:10 오후 org.apache.catalina.startup.HostConfig undeploy
정보: Undeploying context [/211130]
11월 30, 2023 2:40:10 오후 org.apache.catalina.startup.HostConfig deployDirectory
정보: Deploying web application directory C:\WAS\SEMS_MOBILE\webapps\231130
11월 30, 2023 2:40:10 오후 org.apache.catalina.startup.HostConfig deployDirectory
정보: Deployment of web application directory C:\WAS\SEMS_MOBILE\webapps\231130 has finished in 78 ms
11월 30, 2023 2:40:20 오후 org.apache.catalina.startup.HostConfig deployWAR
정보: Deploying web application archive C:\WAS\SEMS_MOBILE\webapps\ROOT.war
11월 30, 2023 2:40:20 오후 org.apache.catalina.startup.ContextConfig beforeStart
심각: Exception fixing docBase for context []
java.util.zip.ZipException: error in opening zip file
	at java.util.zip.ZipFile.open(Native Method)
	at java.util.zip.ZipFile.<init>(ZipFile.java:225)
	at java.util.zip.ZipFile.<init>(ZipFile.java:155)
	at java.util.jar.JarFile.<init>(JarFile.java:166)
	at java.util.jar.JarFile.<init>(JarFile.java:103)
	at sun.net.www.protocol.jar.URLJarFile.<init>(URLJarFile.java:93)
	at sun.net.www.protocol.jar.URLJarFile.getJarFile(URLJarFile.java:69)
	at sun.net.www.protocol.jar.JarFileFactory.get(JarFileFactory.java:109)
	at sun.net.www.protocol.jar.JarURLConnection.connect(JarURLConnection.java:122)
	at sun.net.www.protocol.jar.JarURLConnection.getJarFile(JarURLConnection.java:89)
	at org.apache.catalina.startup.ExpandWar.expand(ExpandWar.java:111)
	at org.apache.catalina.startup.ContextConfig.fixDocBase(ContextConfig.java:736)
	at org.apache.catalina.startup.ContextConfig.beforeStart(ContextConfig.java:861)
	at org.apache.catalina.startup.ContextConfig.lifecycleEvent(ContextConfig.java:389)
	at org.apache.catalina.util.LifecycleSupport.fireLifecycleEvent(LifecycleSupport.java:117)
	at org.apache.catalina.util.LifecycleBase.fireLifecycleEvent(LifecycleBase.java:90)
	at org.apache.catalina.util.LifecycleBase.setStateInternal(LifecycleBase.java:394)
	at org.apache.catalina.util.LifecycleBase.start(LifecycleBase.java:144)
	at org.apache.catalina.core.ContainerBase.addChildInternal(ContainerBase.java:899)
	at org.apache.catalina.core.ContainerBase.addChild(ContainerBase.java:875)
	at org.apache.catalina.core.StandardHost.addChild(StandardHost.java:652)
	at org.apache.catalina.startup.HostConfig.deployWAR(HostConfig.java:1092)
	at org.apache.catalina.startup.HostConfig$DeployWar.run(HostConfig.java:1984)
	at java.util.concurrent.Executors$RunnableAdapter.call(Executors.java:511)
	at java.util.concurrent.FutureTask.run(FutureTask.java:266)
	at java.util.concurrent.ThreadPoolExecutor.runWorker(ThreadPoolExecutor.java:1149)
	at java.util.concurrent.ThreadPoolExecutor$Worker.run(ThreadPoolExecutor.java:624)
	at java.lang.Thread.run(Thread.java:748)

11월 30, 2023 2:40:20 오후 org.apache.catalina.core.StandardContext resourcesStart
심각: Error starting static Resources
java.lang.IllegalArgumentException: Invalid or unreadable WAR file : error in opening zip file
	at org.apache.naming.resources.WARDirContext.setDocBase(WARDirContext.java:136)
	at org.apache.catalina.core.StandardContext.resourcesStart(StandardContext.java:5197)
	at org.apache.catalina.core.StandardContext.startInternal(StandardContext.java:5386)
	at org.apache.catalina.util.LifecycleBase.start(LifecycleBase.java:147)
	at org.apache.catalina.core.ContainerBase.addChildInternal(ContainerBase.java:899)
	at org.apache.catalina.core.ContainerBase.addChild(ContainerBase.java:875)
	at org.apache.catalina.core.StandardHost.addChild(StandardHost.java:652)
	at org.apache.catalina.startup.HostConfig.deployWAR(HostConfig.java:1092)
	at org.apache.catalina.startup.HostConfig$DeployWar.run(HostConfig.java:1984)
	at java.util.concurrent.Executors$RunnableAdapter.call(Executors.java:511)
	at java.util.concurrent.FutureTask.run(FutureTask.java:266)
	at java.util.concurrent.ThreadPoolExecutor.runWorker(ThreadPoolExecutor.java:1149)
	at java.util.concurrent.ThreadPoolExecutor$Worker.run(ThreadPoolExecutor.java:624)
	at java.lang.Thread.run(Thread.java:748)

11월 30, 2023 2:40:20 오후 org.apache.catalina.core.ContainerBase addChildInternal
심각: ContainerBase.addChild: start: 
org.apache.catalina.LifecycleException: Failed to start component [StandardEngine[Catalina].StandardHost[localhost].StandardContext[]]
	at org.apache.catalina.util.LifecycleBase.start(LifecycleBase.java:153)
	at org.apache.catalina.core.ContainerBase.addChildInternal(ContainerBase.java:899)
	at org.apache.catalina.core.ContainerBase.addChild(ContainerBase.java:875)
	at org.apache.catalina.core.StandardHost.addChild(StandardHost.java:652)
	at org.apache.catalina.startup.HostConfig.deployWAR(HostConfig.java:1092)
	at org.apache.catalina.startup.HostConfig$DeployWar.run(HostConfig.java:1984)
	at java.util.concurrent.Executors$RunnableAdapter.call(Executors.java:511)
	at java.util.concurrent.FutureTask.run(FutureTask.java:266)
	at java.util.concurrent.ThreadPoolExecutor.runWorker(ThreadPoolExecutor.java:1149)
	at java.util.concurrent.ThreadPoolExecutor$Worker.run(ThreadPoolExecutor.java:624)
	at java.lang.Thread.run(Thread.java:748)
Caused by: org.apache.catalina.LifecycleException: Error in resourceStart()
	at org.apache.catalina.core.StandardContext.startInternal(StandardContext.java:5387)
	at org.apache.catalina.util.LifecycleBase.start(LifecycleBase.java:147)
	... 10 more

11월 30, 2023 2:40:20 오후 org.apache.catalina.startup.HostConfig deployWAR
심각: Error deploying web application archive C:\WAS\SEMS_MOBILE\webapps\ROOT.war
java.lang.IllegalStateException: ContainerBase.addChild: start: org.apache.catalina.LifecycleException: Failed to start component [StandardEngine[Catalina].StandardHost[localhost].StandardContext[]]
	at org.apache.catalina.core.ContainerBase.addChildInternal(ContainerBase.java:903)
	at org.apache.catalina.core.ContainerBase.addChild(ContainerBase.java:875)
	at org.apache.catalina.core.StandardHost.addChild(StandardHost.java:652)
	at org.apache.catalina.startup.HostConfig.deployWAR(HostConfig.java:1092)
	at org.apache.catalina.startup.HostConfig$DeployWar.run(HostConfig.java:1984)
	at java.util.concurrent.Executors$RunnableAdapter.call(Executors.java:511)
	at java.util.concurrent.FutureTask.run(FutureTask.java:266)
	at java.util.concurrent.ThreadPoolExecutor.runWorker(ThreadPoolExecutor.java:1149)
	at java.util.concurrent.ThreadPoolExecutor$Worker.run(ThreadPoolExecutor.java:624)
	at java.lang.Thread.run(Thread.java:748)

11월 30, 2023 2:40:20 오후 org.apache.catalina.startup.HostConfig deployWAR
정보: Deployment of web application archive C:\WAS\SEMS_MOBILE\webapps\ROOT.war has finished in 15 ms
11월 30, 2023 2:40:30 오후 org.apache.catalina.startup.HostConfig undeploy
정보: Undeploying context []
11월 30, 2023 2:40:30 오후 org.apache.catalina.startup.HostConfig deployWAR
정보: Deploying web application archive C:\WAS\SEMS_MOBILE\webapps\ROOT.war
11월 30, 2023 2:40:46 오후 org.apache.catalina.startup.TldConfig execute
정보: At least one JAR was scanned for TLDs yet contained no TLDs. Enable debug logging for this logger for a complete list of JARs that were scanned but no TLDs were found in them. Skipping unneeded JARs during scanning can improve startup time and JSP compilation time.
11월 30, 2023 2:40:51 오후 org.apache.catalina.startup.HostConfig deployWAR
정보: Deployment of web application archive C:\WAS\SEMS_MOBILE\webapps\ROOT.war has finished in 21,209 ms
11월 30, 2023 3:00:12 오후 org.apache.catalina.startup.HostConfig undeploy
정보: Undeploying context []
11월 30, 2023 3:00:12 오후 org.apache.catalina.loader.WebappClassLoaderBase clearReferencesJdbc
심각: The web application [] registered the JDBC driver [org.mariadb.jdbc.Driver] but failed to unregister it when the web application was stopped. To prevent a memory leak, the JDBC Driver has been forcibly unregistered.
11월 30, 2023 3:00:12 오후 org.apache.catalina.loader.WebappClassLoaderBase clearReferencesJdbc
심각: The web application [] registered the JDBC driver [net.sf.log4jdbc.DriverSpy] but failed to unregister it when the web application was stopped. To prevent a memory leak, the JDBC Driver has been forcibly unregistered.
11월 30, 2023 3:00:12 오후 org.apache.catalina.loader.WebappClassLoaderBase clearReferencesThreads
심각: The web application [] appears to have started a thread named [java-sdk-http-connection-reaper] but has failed to stop it. This is very likely to create a memory leak.
11월 30, 2023 3:00:24 오후 org.apache.catalina.startup.HostConfig deployWAR
정보: Deploying web application archive C:\WAS\SEMS_MOBILE\webapps\ROOT.war
11월 30, 2023 3:00:39 오후 org.apache.catalina.startup.TldConfig execute
정보: At least one JAR was scanned for TLDs yet contained no TLDs. Enable debug logging for this logger for a complete list of JARs that were scanned but no TLDs were found in them. Skipping unneeded JARs during scanning can improve startup time and JSP compilation time.
11월 30, 2023 3:00:45 오후 org.apache.catalina.startup.HostConfig deployWAR
정보: Deployment of web application archive C:\WAS\SEMS_MOBILE\webapps\ROOT.war has finished in 21,045 ms
11월 30, 2023 3:26:56 오후 org.apache.catalina.startup.HostConfig undeploy
정보: Undeploying context []
11월 30, 2023 3:26:56 오후 org.apache.catalina.loader.WebappClassLoaderBase clearReferencesJdbc
심각: The web application [] registered the JDBC driver [org.mariadb.jdbc.Driver] but failed to unregister it when the web application was stopped. To prevent a memory leak, the JDBC Driver has been forcibly unregistered.
11월 30, 2023 3:26:56 오후 org.apache.catalina.loader.WebappClassLoaderBase clearReferencesJdbc
심각: The web application [] registered the JDBC driver [net.sf.log4jdbc.DriverSpy] but failed to unregister it when the web application was stopped. To prevent a memory leak, the JDBC Driver has been forcibly unregistered.
11월 30, 2023 3:26:56 오후 org.apache.catalina.loader.WebappClassLoaderBase clearReferencesThreads
심각: The web application [] appears to have started a thread named [java-sdk-http-connection-reaper] but has failed to stop it. This is very likely to create a memory leak.
11월 30, 2023 3:27:07 오후 org.apache.catalina.startup.HostConfig deployWAR
정보: Deploying web application archive C:\WAS\SEMS_MOBILE\webapps\ROOT.war
11월 30, 2023 3:27:22 오후 org.apache.catalina.startup.TldConfig execute
정보: At least one JAR was scanned for TLDs yet contained no TLDs. Enable debug logging for this logger for a complete list of JARs that were scanned but no TLDs were found in them. Skipping unneeded JARs during scanning can improve startup time and JSP compilation time.
11월 30, 2023 3:27:27 오후 org.apache.catalina.startup.HostConfig deployWAR
정보: Deployment of web application archive C:\WAS\SEMS_MOBILE\webapps\ROOT.war has finished in 20,598 ms
11월 30, 2023 5:26:53 오후 org.apache.catalina.startup.HostConfig undeploy
정보: Undeploying context []
11월 30, 2023 5:26:53 오후 org.apache.catalina.loader.WebappClassLoaderBase clearReferencesJdbc
심각: The web application [] registered the JDBC driver [org.mariadb.jdbc.Driver] but failed to unregister it when the web application was stopped. To prevent a memory leak, the JDBC Driver has been forcibly unregistered.
11월 30, 2023 5:26:53 오후 org.apache.catalina.loader.WebappClassLoaderBase clearReferencesJdbc
심각: The web application [] registered the JDBC driver [net.sf.log4jdbc.DriverSpy] but failed to unregister it when the web application was stopped. To prevent a memory leak, the JDBC Driver has been forcibly unregistered.
11월 30, 2023 5:26:53 오후 org.apache.catalina.loader.WebappClassLoaderBase clearReferencesThreads
심각: The web application [] appears to have started a thread named [java-sdk-http-connection-reaper] but has failed to stop it. This is very likely to create a memory leak.
11월 30, 2023 5:27:04 오후 org.apache.catalina.startup.HostConfig deployWAR
정보: Deploying web application archive C:\WAS\SEMS_MOBILE\webapps\ROOT.war
11월 30, 2023 5:27:04 오후 org.apache.catalina.startup.ContextConfig beforeStart
심각: Exception fixing docBase for context []
java.util.zip.ZipException: error in opening zip file
	at java.util.zip.ZipFile.open(Native Method)
	at java.util.zip.ZipFile.<init>(ZipFile.java:225)
	at java.util.zip.ZipFile.<init>(ZipFile.java:155)
	at java.util.jar.JarFile.<init>(JarFile.java:166)
	at java.util.jar.JarFile.<init>(JarFile.java:103)
	at sun.net.www.protocol.jar.URLJarFile.<init>(URLJarFile.java:93)
	at sun.net.www.protocol.jar.URLJarFile.getJarFile(URLJarFile.java:69)
	at sun.net.www.protocol.jar.JarFileFactory.get(JarFileFactory.java:109)
	at sun.net.www.protocol.jar.JarURLConnection.connect(JarURLConnection.java:122)
	at sun.net.www.protocol.jar.JarURLConnection.getJarFile(JarURLConnection.java:89)
	at org.apache.catalina.startup.ExpandWar.expand(ExpandWar.java:111)
	at org.apache.catalina.startup.ContextConfig.fixDocBase(ContextConfig.java:736)
	at org.apache.catalina.startup.ContextConfig.beforeStart(ContextConfig.java:861)
	at org.apache.catalina.startup.ContextConfig.lifecycleEvent(ContextConfig.java:389)
	at org.apache.catalina.util.LifecycleSupport.fireLifecycleEvent(LifecycleSupport.java:117)
	at org.apache.catalina.util.LifecycleBase.fireLifecycleEvent(LifecycleBase.java:90)
	at org.apache.catalina.util.LifecycleBase.setStateInternal(LifecycleBase.java:394)
	at org.apache.catalina.util.LifecycleBase.start(LifecycleBase.java:144)
	at org.apache.catalina.core.ContainerBase.addChildInternal(ContainerBase.java:899)
	at org.apache.catalina.core.ContainerBase.addChild(ContainerBase.java:875)
	at org.apache.catalina.core.StandardHost.addChild(StandardHost.java:652)
	at org.apache.catalina.startup.HostConfig.deployWAR(HostConfig.java:1092)
	at org.apache.catalina.startup.HostConfig$DeployWar.run(HostConfig.java:1984)
	at java.util.concurrent.Executors$RunnableAdapter.call(Executors.java:511)
	at java.util.concurrent.FutureTask.run(FutureTask.java:266)
	at java.util.concurrent.ThreadPoolExecutor.runWorker(ThreadPoolExecutor.java:1149)
	at java.util.concurrent.ThreadPoolExecutor$Worker.run(ThreadPoolExecutor.java:624)
	at java.lang.Thread.run(Thread.java:748)

11월 30, 2023 5:27:04 오후 org.apache.catalina.core.StandardContext resourcesStart
심각: Error starting static Resources
java.lang.IllegalArgumentException: Invalid or unreadable WAR file : error in opening zip file
	at org.apache.naming.resources.WARDirContext.setDocBase(WARDirContext.java:136)
	at org.apache.catalina.core.StandardContext.resourcesStart(StandardContext.java:5197)
	at org.apache.catalina.core.StandardContext.startInternal(StandardContext.java:5386)
	at org.apache.catalina.util.LifecycleBase.start(LifecycleBase.java:147)
	at org.apache.catalina.core.ContainerBase.addChildInternal(ContainerBase.java:899)
	at org.apache.catalina.core.ContainerBase.addChild(ContainerBase.java:875)
	at org.apache.catalina.core.StandardHost.addChild(StandardHost.java:652)
	at org.apache.catalina.startup.HostConfig.deployWAR(HostConfig.java:1092)
	at org.apache.catalina.startup.HostConfig$DeployWar.run(HostConfig.java:1984)
	at java.util.concurrent.Executors$RunnableAdapter.call(Executors.java:511)
	at java.util.concurrent.FutureTask.run(FutureTask.java:266)
	at java.util.concurrent.ThreadPoolExecutor.runWorker(ThreadPoolExecutor.java:1149)
	at java.util.concurrent.ThreadPoolExecutor$Worker.run(ThreadPoolExecutor.java:624)
	at java.lang.Thread.run(Thread.java:748)

11월 30, 2023 5:27:04 오후 org.apache.catalina.core.ContainerBase addChildInternal
심각: ContainerBase.addChild: start: 
org.apache.catalina.LifecycleException: Failed to start component [StandardEngine[Catalina].StandardHost[localhost].StandardContext[]]
	at org.apache.catalina.util.LifecycleBase.start(LifecycleBase.java:153)
	at org.apache.catalina.core.ContainerBase.addChildInternal(ContainerBase.java:899)
	at org.apache.catalina.core.ContainerBase.addChild(ContainerBase.java:875)
	at org.apache.catalina.core.StandardHost.addChild(StandardHost.java:652)
	at org.apache.catalina.startup.HostConfig.deployWAR(HostConfig.java:1092)
	at org.apache.catalina.startup.HostConfig$DeployWar.run(HostConfig.java:1984)
	at java.util.concurrent.Executors$RunnableAdapter.call(Executors.java:511)
	at java.util.concurrent.FutureTask.run(FutureTask.java:266)
	at java.util.concurrent.ThreadPoolExecutor.runWorker(ThreadPoolExecutor.java:1149)
	at java.util.concurrent.ThreadPoolExecutor$Worker.run(ThreadPoolExecutor.java:624)
	at java.lang.Thread.run(Thread.java:748)
Caused by: org.apache.catalina.LifecycleException: Error in resourceStart()
	at org.apache.catalina.core.StandardContext.startInternal(StandardContext.java:5387)
	at org.apache.catalina.util.LifecycleBase.start(LifecycleBase.java:147)
	... 10 more

11월 30, 2023 5:27:04 오후 org.apache.catalina.startup.HostConfig deployWAR
심각: Error deploying web application archive C:\WAS\SEMS_MOBILE\webapps\ROOT.war
java.lang.IllegalStateException: ContainerBase.addChild: start: org.apache.catalina.LifecycleException: Failed to start component [StandardEngine[Catalina].StandardHost[localhost].StandardContext[]]
	at org.apache.catalina.core.ContainerBase.addChildInternal(ContainerBase.java:903)
	at org.apache.catalina.core.ContainerBase.addChild(ContainerBase.java:875)
	at org.apache.catalina.core.StandardHost.addChild(StandardHost.java:652)
	at org.apache.catalina.startup.HostConfig.deployWAR(HostConfig.java:1092)
	at org.apache.catalina.startup.HostConfig$DeployWar.run(HostConfig.java:1984)
	at java.util.concurrent.Executors$RunnableAdapter.call(Executors.java:511)
	at java.util.concurrent.FutureTask.run(FutureTask.java:266)
	at java.util.concurrent.ThreadPoolExecutor.runWorker(ThreadPoolExecutor.java:1149)
	at java.util.concurrent.ThreadPoolExecutor$Worker.run(ThreadPoolExecutor.java:624)
	at java.lang.Thread.run(Thread.java:748)

11월 30, 2023 5:27:04 오후 org.apache.catalina.startup.HostConfig deployWAR
정보: Deployment of web application archive C:\WAS\SEMS_MOBILE\webapps\ROOT.war has finished in 12 ms
11월 30, 2023 5:27:14 오후 org.apache.catalina.startup.HostConfig undeploy
정보: Undeploying context []
11월 30, 2023 5:27:14 오후 org.apache.catalina.startup.HostConfig deployWAR
정보: Deploying web application archive C:\WAS\SEMS_MOBILE\webapps\ROOT.war
11월 30, 2023 5:27:24 오후 org.apache.catalina.startup.TldConfig execute
정보: At least one JAR was scanned for TLDs yet contained no TLDs. Enable debug logging for this logger for a complete list of JARs that were scanned but no TLDs were found in them. Skipping unneeded JARs during scanning can improve startup time and JSP compilation time.
11월 30, 2023 5:27:30 오후 org.apache.catalina.startup.HostConfig deployWAR
정보: Deployment of web application archive C:\WAS\SEMS_MOBILE\webapps\ROOT.war has finished in 16,218 ms
11월 30, 2023 5:40:31 오후 org.apache.catalina.startup.HostConfig undeploy
정보: Undeploying context []
11월 30, 2023 5:40:31 오후 org.apache.catalina.loader.WebappClassLoaderBase clearReferencesJdbc
심각: The web application [] registered the JDBC driver [org.mariadb.jdbc.Driver] but failed to unregister it when the web application was stopped. To prevent a memory leak, the JDBC Driver has been forcibly unregistered.
11월 30, 2023 5:40:31 오후 org.apache.catalina.loader.WebappClassLoaderBase clearReferencesJdbc
심각: The web application [] registered the JDBC driver [net.sf.log4jdbc.DriverSpy] but failed to unregister it when the web application was stopped. To prevent a memory leak, the JDBC Driver has been forcibly unregistered.
11월 30, 2023 5:40:31 오후 org.apache.catalina.loader.WebappClassLoaderBase clearReferencesThreads
심각: The web application [] appears to have started a thread named [java-sdk-http-connection-reaper] but has failed to stop it. This is very likely to create a memory leak.
11월 30, 2023 5:40:42 오후 org.apache.catalina.startup.HostConfig deployWAR
정보: Deploying web application archive C:\WAS\SEMS_MOBILE\webapps\ROOT.war
11월 30, 2023 5:40:55 오후 org.apache.catalina.startup.TldConfig execute
정보: At least one JAR was scanned for TLDs yet contained no TLDs. Enable debug logging for this logger for a complete list of JARs that were scanned but no TLDs were found in them. Skipping unneeded JARs during scanning can improve startup time and JSP compilation time.
11월 30, 2023 5:41:01 오후 org.apache.catalina.startup.HostConfig deployWAR
정보: Deployment of web application archive C:\WAS\SEMS_MOBILE\webapps\ROOT.war has finished in 18,767 ms
12월 01, 2023 12:21:23 오후 org.apache.catalina.startup.HostConfig deployDirectory
정보: Deploying web application directory C:\WAS\SEMS_MOBILE\webapps\새 폴더
12월 01, 2023 12:21:23 오후 org.apache.catalina.startup.HostConfig deployDirectory
정보: Deployment of web application directory C:\WAS\SEMS_MOBILE\webapps\새 폴더 has finished in 69 ms
12월 01, 2023 12:21:33 오후 org.apache.catalina.startup.HostConfig undeploy
정보: Undeploying context []
12월 01, 2023 12:21:33 오후 org.apache.catalina.loader.WebappClassLoaderBase clearReferencesJdbc
심각: The web application [] registered the JDBC driver [org.mariadb.jdbc.Driver] but failed to unregister it when the web application was stopped. To prevent a memory leak, the JDBC Driver has been forcibly unregistered.
12월 01, 2023 12:21:33 오후 org.apache.catalina.loader.WebappClassLoaderBase clearReferencesJdbc
심각: The web application [] registered the JDBC driver [net.sf.log4jdbc.DriverSpy] but failed to unregister it when the web application was stopped. To prevent a memory leak, the JDBC Driver has been forcibly unregistered.
12월 01, 2023 12:21:34 오후 org.apache.catalina.startup.HostConfig undeploy
정보: Undeploying context [/새 폴더]
12월 01, 2023 12:21:34 오후 org.apache.catalina.startup.HostConfig deployDirectory
정보: Deploying web application directory C:\WAS\SEMS_MOBILE\webapps\231201
12월 01, 2023 12:21:34 오후 org.apache.catalina.startup.HostConfig deployDirectory
정보: Deployment of web application directory C:\WAS\SEMS_MOBILE\webapps\231201 has finished in 71 ms
12월 01, 2023 12:21:44 오후 org.apache.catalina.startup.HostConfig deployWAR
정보: Deploying web application archive C:\WAS\SEMS_MOBILE\webapps\ROOT.war
12월 01, 2023 12:21:59 오후 org.apache.catalina.startup.TldConfig execute
정보: At least one JAR was scanned for TLDs yet contained no TLDs. Enable debug logging for this logger for a complete list of JARs that were scanned but no TLDs were found in them. Skipping unneeded JARs during scanning can improve startup time and JSP compilation time.
12월 01, 2023 12:22:05 오후 org.apache.catalina.startup.HostConfig deployWAR
정보: Deployment of web application archive C:\WAS\SEMS_MOBILE\webapps\ROOT.war has finished in 20,541 ms
12월 01, 2023 1:56:58 오후 org.apache.catalina.startup.HostConfig undeploy
정보: Undeploying context []
12월 01, 2023 1:56:58 오후 org.apache.catalina.loader.WebappClassLoaderBase clearReferencesJdbc
심각: The web application [] registered the JDBC driver [org.mariadb.jdbc.Driver] but failed to unregister it when the web application was stopped. To prevent a memory leak, the JDBC Driver has been forcibly unregistered.
12월 01, 2023 1:56:58 오후 org.apache.catalina.loader.WebappClassLoaderBase clearReferencesJdbc
심각: The web application [] registered the JDBC driver [net.sf.log4jdbc.DriverSpy] but failed to unregister it when the web application was stopped. To prevent a memory leak, the JDBC Driver has been forcibly unregistered.
12월 01, 2023 1:56:58 오후 org.apache.catalina.loader.WebappClassLoaderBase clearReferencesThreads
심각: The web application [] appears to have started a thread named [java-sdk-http-connection-reaper] but has failed to stop it. This is very likely to create a memory leak.
12월 01, 2023 1:57:09 오후 org.apache.catalina.startup.HostConfig deployWAR
정보: Deploying web application archive C:\WAS\SEMS_MOBILE\webapps\ROOT.war
12월 01, 2023 1:57:22 오후 org.apache.catalina.startup.TldConfig execute
정보: At least one JAR was scanned for TLDs yet contained no TLDs. Enable debug logging for this logger for a complete list of JARs that were scanned but no TLDs were found in them. Skipping unneeded JARs during scanning can improve startup time and JSP compilation time.
12월 01, 2023 1:57:28 오후 org.apache.catalina.startup.HostConfig deployWAR
정보: Deployment of web application archive C:\WAS\SEMS_MOBILE\webapps\ROOT.war has finished in 18,896 ms
12월 01, 2023 10:22:29 오후 org.apache.catalina.realm.LockOutRealm authenticate
경고: An attempt was made to authenticate the locked user "root"
12월 03, 2023 2:03:34 오후 org.apache.catalina.realm.LockOutRealm authenticate
경고: An attempt was made to authenticate the locked user "root"
12월 05, 2023 5:02:51 오전 org.apache.catalina.realm.LockOutRealm authenticate
경고: An attempt was made to authenticate the locked user "root"
12월 06, 2023 8:09:54 오후 org.apache.catalina.realm.LockOutRealm authenticate
경고: An attempt was made to authenticate the locked user "root"
12월 08, 2023 11:44:40 오전 org.apache.catalina.realm.LockOutRealm authenticate
경고: An attempt was made to authenticate the locked user "root"
12월 08, 2023 2:25:48 오후 org.apache.catalina.startup.HostConfig deployDirectory
정보: Deploying web application directory C:\WAS\SEMS_MOBILE\webapps\새 폴더
12월 08, 2023 2:25:49 오후 org.apache.catalina.startup.HostConfig deployDirectory
정보: Deployment of web application directory C:\WAS\SEMS_MOBILE\webapps\새 폴더 has finished in 118 ms
12월 08, 2023 2:25:59 오후 org.apache.catalina.startup.HostConfig undeploy
정보: Undeploying context []
12월 08, 2023 2:25:59 오후 org.apache.catalina.loader.WebappClassLoaderBase clearReferencesJdbc
심각: The web application [] registered the JDBC driver [org.mariadb.jdbc.Driver] but failed to unregister it when the web application was stopped. To prevent a memory leak, the JDBC Driver has been forcibly unregistered.
12월 08, 2023 2:25:59 오후 org.apache.catalina.loader.WebappClassLoaderBase clearReferencesJdbc
심각: The web application [] registered the JDBC driver [net.sf.log4jdbc.DriverSpy] but failed to unregister it when the web application was stopped. To prevent a memory leak, the JDBC Driver has been forcibly unregistered.
12월 08, 2023 2:26:01 오후 org.apache.catalina.startup.HostConfig undeploy
정보: Undeploying context [/새 폴더]
12월 08, 2023 2:26:01 오후 org.apache.catalina.startup.HostConfig deployDirectory
정보: Deploying web application directory C:\WAS\SEMS_MOBILE\webapps\231208
12월 08, 2023 2:26:01 오후 org.apache.catalina.startup.HostConfig deployDirectory
정보: Deployment of web application directory C:\WAS\SEMS_MOBILE\webapps\231208 has finished in 46 ms
12월 08, 2023 2:26:11 오후 org.apache.catalina.startup.HostConfig deployWAR
정보: Deploying web application archive C:\WAS\SEMS_MOBILE\webapps\ROOT.war
12월 08, 2023 2:26:27 오후 org.apache.catalina.startup.TldConfig execute
정보: At least one JAR was scanned for TLDs yet contained no TLDs. Enable debug logging for this logger for a complete list of JARs that were scanned but no TLDs were found in them. Skipping unneeded JARs during scanning can improve startup time and JSP compilation time.
12월 08, 2023 2:26:33 오후 org.apache.catalina.startup.HostConfig deployWAR
정보: Deployment of web application archive C:\WAS\SEMS_MOBILE\webapps\ROOT.war has finished in 22,004 ms
12월 08, 2023 2:32:13 오후 org.apache.coyote.AbstractProtocol pause
정보: Pausing ProtocolHandler ["http-apr-9092"]
12월 08, 2023 2:32:14 오후 org.apache.coyote.AbstractProtocol pause
정보: Pausing ProtocolHandler ["http-bio-8443"]
12월 08, 2023 2:32:14 오후 org.apache.coyote.AbstractProtocol pause
정보: Pausing ProtocolHandler ["ajp-apr-9100"]
12월 08, 2023 2:32:14 오후 org.apache.catalina.core.StandardService stopInternal
정보: Stopping service Catalina
12월 08, 2023 2:32:14 오후 org.apache.catalina.startup.HostConfig undeploy
정보: Undeploying context []
12월 08, 2023 2:32:14 오후 org.apache.catalina.loader.WebappClassLoaderBase clearReferencesJdbc
심각: The web application [] registered the JDBC driver [org.mariadb.jdbc.Driver] but failed to unregister it when the web application was stopped. To prevent a memory leak, the JDBC Driver has been forcibly unregistered.
12월 08, 2023 2:32:14 오후 org.apache.catalina.loader.WebappClassLoaderBase clearReferencesJdbc
심각: The web application [] registered the JDBC driver [net.sf.log4jdbc.DriverSpy] but failed to unregister it when the web application was stopped. To prevent a memory leak, the JDBC Driver has been forcibly unregistered.
12월 08, 2023 2:32:14 오후 org.apache.coyote.AbstractProtocol stop
정보: Stopping ProtocolHandler ["http-apr-9092"]
12월 08, 2023 2:32:15 오후 org.apache.coyote.AbstractProtocol stop
정보: Stopping ProtocolHandler ["http-bio-8443"]
12월 08, 2023 2:32:15 오후 org.apache.coyote.AbstractProtocol stop
정보: Stopping ProtocolHandler ["ajp-apr-9100"]
