
2024-03-12 12:03:30 Commons Daemon procrun stdout initialized

2024-03-12 13:32:31 Commons Daemon procrun stdout initialized
##########Session ID D0DFF79D1A00BB5D7D78C2EB3A7D1697 created at Tue Mar 12 13:38:38 KST 2024 Session Counts: 7
ERROR 13:38:38.456 [http-bio-12443-exec-4] sems.cm.ctrl.HttpSessionCheckingListener[sessionCreated:24] - ##########Session ID D0DFF79D1A00BB5D7D78C2EB3A7D1697 created at Tue Mar 12 13:38:38 KST 2024 7
##########Session ID 9BE94A99BB1970AF80107E23D4DCDC65 created at Tue Mar 12 13:43:56 KST 2024 Session Counts: 9
ERROR 13:43:56.293 [http-bio-12443-exec-10] sems.cm.ctrl.HttpSessionCheckingListener[sessionCreated:24] - ##########Session ID 9BE94A99BB1970AF80107E23D4DCDC65 created at Tue Mar 12 13:43:56 KST 2024 9
##########Session ID 6D2192FFB9FF6F2439425529C2665417 created at Tue Mar 12 13:47:29 KST 2024 Session Counts: 13
ERROR 13:47:29.188 [http-bio-12443-exec-2] sems.cm.ctrl.HttpSessionCheckingListener[sessionCreated:24] - ##########Session ID 6D2192FFB9FF6F2439425529C2665417 created at Tue Mar 12 13:47:29 KST 2024 13
##########Session ID B26F0F7274C91126CEF43EC9A2BA7474 created at Tue Mar 12 13:48:13 KST 2024 Session Counts: 16
ERROR 13:48:13.868 [http-bio-12443-exec-7] sems.cm.ctrl.HttpSessionCheckingListener[sessionCreated:24] - ##########Session ID B26F0F7274C91126CEF43EC9A2BA7474 created at Tue Mar 12 13:48:13 KST 2024 16
##########Session ID C09DB17D6F4F605B0C6788BDE29A93D0 created at Tue Mar 12 13:51:51 KST 2024 Session Counts: 20
ERROR 13:51:51.452 [http-bio-12443-exec-4] sems.cm.ctrl.HttpSessionCheckingListener[sessionCreated:24] - ##########Session ID C09DB17D6F4F605B0C6788BDE29A93D0 created at Tue Mar 12 13:51:51 KST 2024 20

2024-03-12 14:20:44 Commons Daemon procrun stdout initialized
##########Session ID E65AC7F7DF498A8243DB091E6E291A66 created at Tue Mar 12 14:24:46 KST 2024 Session Counts: 2
ERROR 14:24:46.007 [http-bio-12443-exec-10] sems.cm.ctrl.HttpSessionCheckingListener[sessionCreated:24] - ##########Session ID E65AC7F7DF498A8243DB091E6E291A66 created at Tue Mar 12 14:24:46 KST 2024 2
##########Session ID 06E18A12C1C2C6E627B9842B8E30E63D created at Tue Mar 12 14:52:27 KST 2024 Session Counts: 12
ERROR 14:52:27.796 [http-bio-12443-exec-10] sems.cm.ctrl.HttpSessionCheckingListener[sessionCreated:24] - ##########Session ID 06E18A12C1C2C6E627B9842B8E30E63D created at Tue Mar 12 14:52:27 KST 2024 12
##########Session ID C5F86B61196FDBE109D1FF3F86C890E0 created at Tue Mar 12 14:54:34 KST 2024 Session Counts: 13
ERROR 14:54:34.458 [http-bio-12443-exec-4] sems.cm.ctrl.HttpSessionCheckingListener[sessionCreated:24] - ##########Session ID C5F86B61196FDBE109D1FF3F86C890E0 created at Tue Mar 12 14:54:34 KST 2024 13
##########Session ID 5C6A9AD88122EFC57FFDD5F3E039CB9B created at Tue Mar 12 14:58:31 KST 2024 Session Counts: 16
ERROR 14:58:31.796 [http-bio-12443-exec-7] sems.cm.ctrl.HttpSessionCheckingListener[sessionCreated:24] - ##########Session ID 5C6A9AD88122EFC57FFDD5F3E039CB9B created at Tue Mar 12 14:58:31 KST 2024 16
##########Session ID D7290C67764C6B2CF497D6807E436DF1 created at Tue Mar 12 15:08:22 KST 2024 Session Counts: 20
ERROR 15:08:22.195 [http-bio-12443-exec-7] sems.cm.ctrl.HttpSessionCheckingListener[sessionCreated:24] - ##########Session ID D7290C67764C6B2CF497D6807E436DF1 created at Tue Mar 12 15:08:22 KST 2024 20
##########Session ID 3FF7DAAFABB3669BD6632F7BF746BE75 created at Tue Mar 12 15:24:51 KST 2024 Session Counts: 30
ERROR 15:24:51.380 [http-bio-12443-exec-2] sems.cm.ctrl.HttpSessionCheckingListener[sessionCreated:24] - ##########Session ID 3FF7DAAFABB3669BD6632F7BF746BE75 created at Tue Mar 12 15:24:51 KST 2024 30
##########Session ID 5CF319D9482CC733D1FA1422D9C961D5 created at Tue Mar 12 15:47:38 KST 2024 Session Counts: 37
ERROR 15:47:38.982 [http-bio-12443-exec-2] sems.cm.ctrl.HttpSessionCheckingListener[sessionCreated:24] - ##########Session ID 5CF319D9482CC733D1FA1422D9C961D5 created at Tue Mar 12 15:47:38 KST 2024 37

2024-03-12 15:52:15 Commons Daemon procrun stdout initialized
##########Session ID 4C7367D87ECC2CDCD75A62B3A44F6FD0 created at Tue Mar 12 16:01:17 KST 2024 Session Counts: 4
ERROR 16:01:17.743 [http-bio-12443-exec-8] sems.cm.ctrl.HttpSessionCheckingListener[sessionCreated:24] - ##########Session ID 4C7367D87ECC2CDCD75A62B3A44F6FD0 created at Tue Mar 12 16:01:17 KST 2024 4

2024-03-12 16:15:15 Commons Daemon procrun stdout initialized
##########Session ID B2054EE51AA93B73C438FFD02E12741D created at Tue Mar 12 16:22:43 KST 2024 Session Counts: 7
ERROR 16:22:43.920 [http-bio-12443-exec-5] sems.cm.ctrl.HttpSessionCheckingListener[sessionCreated:24] - ##########Session ID B2054EE51AA93B73C438FFD02E12741D created at Tue Mar 12 16:22:43 KST 2024 7
##########Session ID 9E1D4908B5C567CFA0D8E6820FA23AE2 created at Tue Mar 12 16:41:11 KST 2024 Session Counts: 18
ERROR 16:41:11.239 [http-bio-12443-exec-2] sems.cm.ctrl.HttpSessionCheckingListener[sessionCreated:24] - ##########Session ID 9E1D4908B5C567CFA0D8E6820FA23AE2 created at Tue Mar 12 16:41:11 KST 2024 18
##########Session ID 9FBD7416BE7115ECCAB899C0B3C57590 created at Tue Mar 12 16:42:18 KST 2024 Session Counts: 22
ERROR 16:42:18.373 [http-bio-12443-exec-14] sems.cm.ctrl.HttpSessionCheckingListener[sessionCreated:24] - ##########Session ID 9FBD7416BE7115ECCAB899C0B3C57590 created at Tue Mar 12 16:42:18 KST 2024 22
##########Session ID 66515920A8CBA97745E4DDC5A21FACC3 destroyed at Tue Mar 12 19:16:36 KST 2024 Session Counts:  61
ERROR 19:16:36.686 [ContainerBackgroundProcessor[StandardEngine[Catalina]]] sems.cm.ctrl.HttpSessionCheckingListener[sessionDestroyed:31] - ##########Session ID 66515920A8CBA97745E4DDC5A21FACC3 destroyed at Tue Mar 12 19:16:36 KST 2024 61
##########Session ID E989521383FBB8A71C96D0AAE743BF97 destroyed at Tue Mar 12 19:17:36 KST 2024 Session Counts:  60
ERROR 19:17:36.724 [ContainerBackgroundProcessor[StandardEngine[Catalina]]] sems.cm.ctrl.HttpSessionCheckingListener[sessionDestroyed:31] - ##########Session ID E989521383FBB8A71C96D0AAE743BF97 destroyed at Tue Mar 12 19:17:36 KST 2024 60
##########Session ID 5975F0ED080A5E689E2EE9B28C4D1006 destroyed at Tue Mar 12 19:20:36 KST 2024 Session Counts:  59
ERROR 19:20:36.840 [ContainerBackgroundProcessor[StandardEngine[Catalina]]] sems.cm.ctrl.HttpSessionCheckingListener[sessionDestroyed:31] - ##########Session ID 5975F0ED080A5E689E2EE9B28C4D1006 destroyed at Tue Mar 12 19:20:36 KST 2024 59
##########Session ID 906F5382421B854278DDA00ABB06ECAE destroyed at Tue Mar 12 19:21:36 KST 2024 Session Counts:  58
ERROR 19:21:36.881 [ContainerBackgroundProcessor[StandardEngine[Catalina]]] sems.cm.ctrl.HttpSessionCheckingListener[sessionDestroyed:31] - ##########Session ID 906F5382421B854278DDA00ABB06ECAE destroyed at Tue Mar 12 19:21:36 KST 2024 58
##########Session ID 094D9E8B3EE5FFC82A8228C2C5FA0061 destroyed at Tue Mar 12 19:21:36 KST 2024 Session Counts:  57
ERROR 19:21:36.881 [ContainerBackgroundProcessor[StandardEngine[Catalina]]] sems.cm.ctrl.HttpSessionCheckingListener[sessionDestroyed:31] - ##########Session ID 094D9E8B3EE5FFC82A8228C2C5FA0061 destroyed at Tue Mar 12 19:21:36 KST 2024 57
##########Session ID B2054EE51AA93B73C438FFD02E12741D destroyed at Tue Mar 12 19:23:36 KST 2024 Session Counts:  56
ERROR 19:23:36.956 [ContainerBackgroundProcessor[StandardEngine[Catalina]]] sems.cm.ctrl.HttpSessionCheckingListener[sessionDestroyed:31] - ##########Session ID B2054EE51AA93B73C438FFD02E12741D destroyed at Tue Mar 12 19:23:36 KST 2024 56
##########Session ID 84AFB9AB881E7AA5600EDF5A499E56D9 destroyed at Tue Mar 12 19:24:36 KST 2024 Session Counts:  55
ERROR 19:24:36.991 [ContainerBackgroundProcessor[StandardEngine[Catalina]]] sems.cm.ctrl.HttpSessionCheckingListener[sessionDestroyed:31] - ##########Session ID 84AFB9AB881E7AA5600EDF5A499E56D9 destroyed at Tue Mar 12 19:24:36 KST 2024 55
##########Session ID DF2F7E1292AB2CA807560CE804DA1F5B destroyed at Tue Mar 12 19:24:36 KST 2024 Session Counts:  54
ERROR 19:24:36.991 [ContainerBackgroundProcessor[StandardEngine[Catalina]]] sems.cm.ctrl.HttpSessionCheckingListener[sessionDestroyed:31] - ##########Session ID DF2F7E1292AB2CA807560CE804DA1F5B destroyed at Tue Mar 12 19:24:36 KST 2024 54
##########Session ID 4E0A03379C5EC732F4570920E690FE63 destroyed at Tue Mar 12 19:24:36 KST 2024 Session Counts:  53
ERROR 19:24:36.992 [ContainerBackgroundProcessor[StandardEngine[Catalina]]] sems.cm.ctrl.HttpSessionCheckingListener[sessionDestroyed:31] - ##########Session ID 4E0A03379C5EC732F4570920E690FE63 destroyed at Tue Mar 12 19:24:36 KST 2024 53
##########Session ID FDFE9F397C99571F337BCB2D099EEE14 destroyed at Tue Mar 12 19:28:37 KST 2024 Session Counts:  52
ERROR 19:28:37.143 [ContainerBackgroundProcessor[StandardEngine[Catalina]]] sems.cm.ctrl.HttpSessionCheckingListener[sessionDestroyed:31] - ##########Session ID FDFE9F397C99571F337BCB2D099EEE14 destroyed at Tue Mar 12 19:28:37 KST 2024 52
##########Session ID C9CA7889F45B8F34A84C2E8DED9EBE9B destroyed at Tue Mar 12 19:28:37 KST 2024 Session Counts:  51
ERROR 19:28:37.144 [ContainerBackgroundProcessor[StandardEngine[Catalina]]] sems.cm.ctrl.HttpSessionCheckingListener[sessionDestroyed:31] - ##########Session ID C9CA7889F45B8F34A84C2E8DED9EBE9B destroyed at Tue Mar 12 19:28:37 KST 2024 51
##########Session ID 4A872477E7C11E79DEC2BDE4D8F40423 destroyed at Tue Mar 12 19:30:37 KST 2024 Session Counts:  50
ERROR 19:30:37.220 [ContainerBackgroundProcessor[StandardEngine[Catalina]]] sems.cm.ctrl.HttpSessionCheckingListener[sessionDestroyed:31] - ##########Session ID 4A872477E7C11E79DEC2BDE4D8F40423 destroyed at Tue Mar 12 19:30:37 KST 2024 50
##########Session ID 8B9EA05871E316FF03DAD2083EC0764C destroyed at Tue Mar 12 19:33:37 KST 2024 Session Counts:  49
ERROR 19:33:37.328 [ContainerBackgroundProcessor[StandardEngine[Catalina]]] sems.cm.ctrl.HttpSessionCheckingListener[sessionDestroyed:31] - ##########Session ID 8B9EA05871E316FF03DAD2083EC0764C destroyed at Tue Mar 12 19:33:37 KST 2024 49
##########Session ID 5D37397F14B77D78AB91BCD5F8332647 destroyed at Tue Mar 12 19:34:37 KST 2024 Session Counts:  48
ERROR 19:34:37.365 [ContainerBackgroundProcessor[StandardEngine[Catalina]]] sems.cm.ctrl.HttpSessionCheckingListener[sessionDestroyed:31] - ##########Session ID 5D37397F14B77D78AB91BCD5F8332647 destroyed at Tue Mar 12 19:34:37 KST 2024 48
##########Session ID 48BFD41CBECC89218D36D4CB4263517D destroyed at Tue Mar 12 19:39:37 KST 2024 Session Counts:  47
ERROR 19:39:37.553 [ContainerBackgroundProcessor[StandardEngine[Catalina]]] sems.cm.ctrl.HttpSessionCheckingListener[sessionDestroyed:31] - ##########Session ID 48BFD41CBECC89218D36D4CB4263517D destroyed at Tue Mar 12 19:39:37 KST 2024 47
##########Session ID 1756F8DFE9F4B805DDF38470F926D836 destroyed at Tue Mar 12 19:40:37 KST 2024 Session Counts:  46
ERROR 19:40:37.595 [ContainerBackgroundProcessor[StandardEngine[Catalina]]] sems.cm.ctrl.HttpSessionCheckingListener[sessionDestroyed:31] - ##########Session ID 1756F8DFE9F4B805DDF38470F926D836 destroyed at Tue Mar 12 19:40:37 KST 2024 46
##########Session ID 24481254414F2605D09066345CDD5602 destroyed at Tue Mar 12 19:41:37 KST 2024 Session Counts:  45
ERROR 19:41:37.632 [ContainerBackgroundProcessor[StandardEngine[Catalina]]] sems.cm.ctrl.HttpSessionCheckingListener[sessionDestroyed:31] - ##########Session ID 24481254414F2605D09066345CDD5602 destroyed at Tue Mar 12 19:41:37 KST 2024 45
##########Session ID 9E1D4908B5C567CFA0D8E6820FA23AE2 destroyed at Tue Mar 12 19:41:37 KST 2024 Session Counts:  44
ERROR 19:41:37.633 [ContainerBackgroundProcessor[StandardEngine[Catalina]]] sems.cm.ctrl.HttpSessionCheckingListener[sessionDestroyed:31] - ##########Session ID 9E1D4908B5C567CFA0D8E6820FA23AE2 destroyed at Tue Mar 12 19:41:37 KST 2024 44
##########Session ID 2A1DB29D691C9C92FF88E4221D194726 destroyed at Tue Mar 12 19:42:37 KST 2024 Session Counts:  43
ERROR 19:42:37.672 [ContainerBackgroundProcessor[StandardEngine[Catalina]]] sems.cm.ctrl.HttpSessionCheckingListener[sessionDestroyed:31] - ##########Session ID 2A1DB29D691C9C92FF88E4221D194726 destroyed at Tue Mar 12 19:42:37 KST 2024 43
##########Session ID 9FBD7416BE7115ECCAB899C0B3C57590 destroyed at Tue Mar 12 19:42:37 KST 2024 Session Counts:  42
ERROR 19:42:37.673 [ContainerBackgroundProcessor[StandardEngine[Catalina]]] sems.cm.ctrl.HttpSessionCheckingListener[sessionDestroyed:31] - ##########Session ID 9FBD7416BE7115ECCAB899C0B3C57590 destroyed at Tue Mar 12 19:42:37 KST 2024 42
##########Session ID 58B6D07AEBE4CEB4ECBDD75B746E735B destroyed at Tue Mar 12 19:42:37 KST 2024 Session Counts:  41
ERROR 19:42:37.673 [ContainerBackgroundProcessor[StandardEngine[Catalina]]] sems.cm.ctrl.HttpSessionCheckingListener[sessionDestroyed:31] - ##########Session ID 58B6D07AEBE4CEB4ECBDD75B746E735B destroyed at Tue Mar 12 19:42:37 KST 2024 41
##########Session ID 0D2DCC16803142E81039160CC523DE9F destroyed at Tue Mar 12 19:42:37 KST 2024 Session Counts:  40
ERROR 19:42:37.673 [ContainerBackgroundProcessor[StandardEngine[Catalina]]] sems.cm.ctrl.HttpSessionCheckingListener[sessionDestroyed:31] - ##########Session ID 0D2DCC16803142E81039160CC523DE9F destroyed at Tue Mar 12 19:42:37 KST 2024 40
##########Session ID 37177387350C0147E4E094AC6D0E82AF destroyed at Tue Mar 12 19:55:38 KST 2024 Session Counts:  39
ERROR 19:55:38.151 [ContainerBackgroundProcessor[StandardEngine[Catalina]]] sems.cm.ctrl.HttpSessionCheckingListener[sessionDestroyed:31] - ##########Session ID 37177387350C0147E4E094AC6D0E82AF destroyed at Tue Mar 12 19:55:38 KST 2024 39
##########Session ID B26E9C5804F74956530A1B5C1AAE9B5D destroyed at Tue Mar 12 19:55:38 KST 2024 Session Counts:  38
ERROR 19:55:38.152 [ContainerBackgroundProcessor[StandardEngine[Catalina]]] sems.cm.ctrl.HttpSessionCheckingListener[sessionDestroyed:31] - ##########Session ID B26E9C5804F74956530A1B5C1AAE9B5D destroyed at Tue Mar 12 19:55:38 KST 2024 38
##########Session ID 72D2A28B670372F667DCCA40AFEEB9DB destroyed at Tue Mar 12 19:56:38 KST 2024 Session Counts:  37
ERROR 19:56:38.188 [ContainerBackgroundProcessor[StandardEngine[Catalina]]] sems.cm.ctrl.HttpSessionCheckingListener[sessionDestroyed:31] - ##########Session ID 72D2A28B670372F667DCCA40AFEEB9DB destroyed at Tue Mar 12 19:56:38 KST 2024 37
##########Session ID 24B2D865C04A33EC7BE24085948AB0DC destroyed at Tue Mar 12 19:57:38 KST 2024 Session Counts:  36
ERROR 19:57:38.225 [ContainerBackgroundProcessor[StandardEngine[Catalina]]] sems.cm.ctrl.HttpSessionCheckingListener[sessionDestroyed:31] - ##########Session ID 24B2D865C04A33EC7BE24085948AB0DC destroyed at Tue Mar 12 19:57:38 KST 2024 36
##########Session ID 0B2A5D8F5F82391B7DCE9D53543DAF56 destroyed at Tue Mar 12 19:58:38 KST 2024 Session Counts:  35
ERROR 19:58:38.261 [ContainerBackgroundProcessor[StandardEngine[Catalina]]] sems.cm.ctrl.HttpSessionCheckingListener[sessionDestroyed:31] - ##########Session ID 0B2A5D8F5F82391B7DCE9D53543DAF56 destroyed at Tue Mar 12 19:58:38 KST 2024 35
##########Session ID FA9604116598906BC215B2A12B84D72E destroyed at Tue Mar 12 20:03:38 KST 2024 Session Counts:  34
ERROR 20:03:38.445 [ContainerBackgroundProcessor[StandardEngine[Catalina]]] sems.cm.ctrl.HttpSessionCheckingListener[sessionDestroyed:31] - ##########Session ID FA9604116598906BC215B2A12B84D72E destroyed at Tue Mar 12 20:03:38 KST 2024 34
##########Session ID C12089DEDF5A6D7084CF5696D1E73AFE destroyed at Tue Mar 12 20:04:38 KST 2024 Session Counts:  33
ERROR 20:04:38.483 [ContainerBackgroundProcessor[StandardEngine[Catalina]]] sems.cm.ctrl.HttpSessionCheckingListener[sessionDestroyed:31] - ##########Session ID C12089DEDF5A6D7084CF5696D1E73AFE destroyed at Tue Mar 12 20:04:38 KST 2024 33
##########Session ID B364F5169A11E59D49ECB028573A2269 destroyed at Tue Mar 12 20:05:38 KST 2024 Session Counts:  32
ERROR 20:05:38.521 [ContainerBackgroundProcessor[StandardEngine[Catalina]]] sems.cm.ctrl.HttpSessionCheckingListener[sessionDestroyed:31] - ##########Session ID B364F5169A11E59D49ECB028573A2269 destroyed at Tue Mar 12 20:05:38 KST 2024 32
##########Session ID 032F1810759DB53F9B6982BE63C8D63B destroyed at Tue Mar 12 20:22:39 KST 2024 Session Counts:  31
ERROR 20:22:39.154 [ContainerBackgroundProcessor[StandardEngine[Catalina]]] sems.cm.ctrl.HttpSessionCheckingListener[sessionDestroyed:31] - ##########Session ID 032F1810759DB53F9B6982BE63C8D63B destroyed at Tue Mar 12 20:22:39 KST 2024 31
##########Session ID BB2213F76DF666FAA92953EA096AE547 destroyed at Tue Mar 12 20:22:39 KST 2024 Session Counts:  30
ERROR 20:22:39.154 [ContainerBackgroundProcessor[StandardEngine[Catalina]]] sems.cm.ctrl.HttpSessionCheckingListener[sessionDestroyed:31] - ##########Session ID BB2213F76DF666FAA92953EA096AE547 destroyed at Tue Mar 12 20:22:39 KST 2024 30
##########Session ID 9DDC2AA8C6A75150BBCA42E1ABE23E82 destroyed at Tue Mar 12 20:22:39 KST 2024 Session Counts:  29
ERROR 20:22:39.154 [ContainerBackgroundProcessor[StandardEngine[Catalina]]] sems.cm.ctrl.HttpSessionCheckingListener[sessionDestroyed:31] - ##########Session ID 9DDC2AA8C6A75150BBCA42E1ABE23E82 destroyed at Tue Mar 12 20:22:39 KST 2024 29
##########Session ID 8FD1227BD34F51BFFAD8628F7CDD19AA destroyed at Tue Mar 12 20:24:39 KST 2024 Session Counts:  28
ERROR 20:24:39.231 [ContainerBackgroundProcessor[StandardEngine[Catalina]]] sems.cm.ctrl.HttpSessionCheckingListener[sessionDestroyed:31] - ##########Session ID 8FD1227BD34F51BFFAD8628F7CDD19AA destroyed at Tue Mar 12 20:24:39 KST 2024 28
##########Session ID 2149A468BCF0B8DE200A1F47F1573A44 destroyed at Tue Mar 12 20:24:39 KST 2024 Session Counts:  27
ERROR 20:24:39.232 [ContainerBackgroundProcessor[StandardEngine[Catalina]]] sems.cm.ctrl.HttpSessionCheckingListener[sessionDestroyed:31] - ##########Session ID 2149A468BCF0B8DE200A1F47F1573A44 destroyed at Tue Mar 12 20:24:39 KST 2024 27
##########Session ID 67FEC9F0678115A52DABA7A7A1BF6E87 destroyed at Tue Mar 12 20:25:39 KST 2024 Session Counts:  26
ERROR 20:25:39.270 [ContainerBackgroundProcessor[StandardEngine[Catalina]]] sems.cm.ctrl.HttpSessionCheckingListener[sessionDestroyed:31] - ##########Session ID 67FEC9F0678115A52DABA7A7A1BF6E87 destroyed at Tue Mar 12 20:25:39 KST 2024 26
##########Session ID 7EC9D9987C1B0B004B3C1587E5C7F7F7 destroyed at Tue Mar 12 20:25:39 KST 2024 Session Counts:  25
ERROR 20:25:39.271 [ContainerBackgroundProcessor[StandardEngine[Catalina]]] sems.cm.ctrl.HttpSessionCheckingListener[sessionDestroyed:31] - ##########Session ID 7EC9D9987C1B0B004B3C1587E5C7F7F7 destroyed at Tue Mar 12 20:25:39 KST 2024 25
##########Session ID B56EFEBA8485F181F9F3EC04181ABD3C destroyed at Tue Mar 12 20:26:39 KST 2024 Session Counts:  24
ERROR 20:26:39.308 [ContainerBackgroundProcessor[StandardEngine[Catalina]]] sems.cm.ctrl.HttpSessionCheckingListener[sessionDestroyed:31] - ##########Session ID B56EFEBA8485F181F9F3EC04181ABD3C destroyed at Tue Mar 12 20:26:39 KST 2024 24
##########Session ID 8B7278A3B312F05BBCB34E55AD48EC70 destroyed at Tue Mar 12 20:26:39 KST 2024 Session Counts:  23
ERROR 20:26:39.308 [ContainerBackgroundProcessor[StandardEngine[Catalina]]] sems.cm.ctrl.HttpSessionCheckingListener[sessionDestroyed:31] - ##########Session ID 8B7278A3B312F05BBCB34E55AD48EC70 destroyed at Tue Mar 12 20:26:39 KST 2024 23
##########Session ID A05B208FE4E29350464028BDC8552FDA destroyed at Tue Mar 12 20:26:39 KST 2024 Session Counts:  22
ERROR 20:26:39.309 [ContainerBackgroundProcessor[StandardEngine[Catalina]]] sems.cm.ctrl.HttpSessionCheckingListener[sessionDestroyed:31] - ##########Session ID A05B208FE4E29350464028BDC8552FDA destroyed at Tue Mar 12 20:26:39 KST 2024 22
##########Session ID BE3FE14B91FD94A94F18A020CEA75AFC destroyed at Tue Mar 12 20:30:39 KST 2024 Session Counts:  21
ERROR 20:30:39.457 [ContainerBackgroundProcessor[StandardEngine[Catalina]]] sems.cm.ctrl.HttpSessionCheckingListener[sessionDestroyed:31] - ##########Session ID BE3FE14B91FD94A94F18A020CEA75AFC destroyed at Tue Mar 12 20:30:39 KST 2024 21
##########Session ID 18FCA91BCD6874E3FF2FE0C4CCB21FAE destroyed at Tue Mar 12 20:32:39 KST 2024 Session Counts:  20
ERROR 20:32:39.532 [ContainerBackgroundProcessor[StandardEngine[Catalina]]] sems.cm.ctrl.HttpSessionCheckingListener[sessionDestroyed:31] - ##########Session ID 18FCA91BCD6874E3FF2FE0C4CCB21FAE destroyed at Tue Mar 12 20:32:39 KST 2024 20
##########Session ID 88027B8B7FD43342CBF97523DEBFCE1F destroyed at Tue Mar 12 20:33:39 KST 2024 Session Counts:  19
ERROR 20:33:39.573 [ContainerBackgroundProcessor[StandardEngine[Catalina]]] sems.cm.ctrl.HttpSessionCheckingListener[sessionDestroyed:31] - ##########Session ID 88027B8B7FD43342CBF97523DEBFCE1F destroyed at Tue Mar 12 20:33:39 KST 2024 19
##########Session ID A713093A9549ED054E0DEB7141FC07D2 destroyed at Tue Mar 12 20:33:39 KST 2024 Session Counts:  18
ERROR 20:33:39.573 [ContainerBackgroundProcessor[StandardEngine[Catalina]]] sems.cm.ctrl.HttpSessionCheckingListener[sessionDestroyed:31] - ##########Session ID A713093A9549ED054E0DEB7141FC07D2 destroyed at Tue Mar 12 20:33:39 KST 2024 18
##########Session ID F8DDDE706FE83154852CBD0E37CD8FC1 destroyed at Tue Mar 12 20:33:39 KST 2024 Session Counts:  17
ERROR 20:33:39.574 [ContainerBackgroundProcessor[StandardEngine[Catalina]]] sems.cm.ctrl.HttpSessionCheckingListener[sessionDestroyed:31] - ##########Session ID F8DDDE706FE83154852CBD0E37CD8FC1 destroyed at Tue Mar 12 20:33:39 KST 2024 17
##########Session ID A27B8CBA91F5FC682BEA90A283A90338 destroyed at Tue Mar 12 20:33:39 KST 2024 Session Counts:  16
ERROR 20:33:39.574 [ContainerBackgroundProcessor[StandardEngine[Catalina]]] sems.cm.ctrl.HttpSessionCheckingListener[sessionDestroyed:31] - ##########Session ID A27B8CBA91F5FC682BEA90A283A90338 destroyed at Tue Mar 12 20:33:39 KST 2024 16
##########Session ID 8C5AA30B58BD5603F8DE7829D055ACE7 destroyed at Tue Mar 12 20:34:39 KST 2024 Session Counts:  15
ERROR 20:34:39.612 [ContainerBackgroundProcessor[StandardEngine[Catalina]]] sems.cm.ctrl.HttpSessionCheckingListener[sessionDestroyed:31] - ##########Session ID 8C5AA30B58BD5603F8DE7829D055ACE7 destroyed at Tue Mar 12 20:34:39 KST 2024 15
##########Session ID 3C2ED80E9D81D3BBA769DE863B8B5961 destroyed at Tue Mar 12 20:45:40 KST 2024 Session Counts:  14
ERROR 20:45:40.025 [ContainerBackgroundProcessor[StandardEngine[Catalina]]] sems.cm.ctrl.HttpSessionCheckingListener[sessionDestroyed:31] - ##########Session ID 3C2ED80E9D81D3BBA769DE863B8B5961 destroyed at Tue Mar 12 20:45:40 KST 2024 14
##########Session ID 82CE97F1B177662D4441AEC2AABE30CA destroyed at Tue Mar 12 20:46:40 KST 2024 Session Counts:  13
ERROR 20:46:40.063 [ContainerBackgroundProcessor[StandardEngine[Catalina]]] sems.cm.ctrl.HttpSessionCheckingListener[sessionDestroyed:31] - ##########Session ID 82CE97F1B177662D4441AEC2AABE30CA destroyed at Tue Mar 12 20:46:40 KST 2024 13
##########Session ID 853C27BDAC427E0A427EB7016D0EFAF7 destroyed at Tue Mar 12 20:47:40 KST 2024 Session Counts:  12
ERROR 20:47:40.103 [ContainerBackgroundProcessor[StandardEngine[Catalina]]] sems.cm.ctrl.HttpSessionCheckingListener[sessionDestroyed:31] - ##########Session ID 853C27BDAC427E0A427EB7016D0EFAF7 destroyed at Tue Mar 12 20:47:40 KST 2024 12
##########Session ID 4474F597DF56EF5ABAFAAD5E4E289980 destroyed at Tue Mar 12 20:48:40 KST 2024 Session Counts:  11
ERROR 20:48:40.143 [ContainerBackgroundProcessor[StandardEngine[Catalina]]] sems.cm.ctrl.HttpSessionCheckingListener[sessionDestroyed:31] - ##########Session ID 4474F597DF56EF5ABAFAAD5E4E289980 destroyed at Tue Mar 12 20:48:40 KST 2024 11
##########Session ID A02C3E8C4A345CEB106859A13B2C9026 destroyed at Tue Mar 12 20:48:40 KST 2024 Session Counts:  10
ERROR 20:48:40.144 [ContainerBackgroundProcessor[StandardEngine[Catalina]]] sems.cm.ctrl.HttpSessionCheckingListener[sessionDestroyed:31] - ##########Session ID A02C3E8C4A345CEB106859A13B2C9026 destroyed at Tue Mar 12 20:48:40 KST 2024 10
##########Session ID EA6BADC807076E492B6D898F0DEE8BC2 destroyed at Tue Mar 12 20:55:40 KST 2024 Session Counts:  9
ERROR 20:55:40.404 [ContainerBackgroundProcessor[StandardEngine[Catalina]]] sems.cm.ctrl.HttpSessionCheckingListener[sessionDestroyed:31] - ##########Session ID EA6BADC807076E492B6D898F0DEE8BC2 destroyed at Tue Mar 12 20:55:40 KST 2024 9
##########Session ID A7455D68BA3EBEEDD95B2F0772BFDC40 destroyed at Tue Mar 12 20:56:40 KST 2024 Session Counts:  8
ERROR 20:56:40.441 [ContainerBackgroundProcessor[StandardEngine[Catalina]]] sems.cm.ctrl.HttpSessionCheckingListener[sessionDestroyed:31] - ##########Session ID A7455D68BA3EBEEDD95B2F0772BFDC40 destroyed at Tue Mar 12 20:56:40 KST 2024 8
##########Session ID C62932D3B7837DB88A8E546023430BD1 destroyed at Tue Mar 12 20:57:40 KST 2024 Session Counts:  7
ERROR 20:57:40.480 [ContainerBackgroundProcessor[StandardEngine[Catalina]]] sems.cm.ctrl.HttpSessionCheckingListener[sessionDestroyed:31] - ##########Session ID C62932D3B7837DB88A8E546023430BD1 destroyed at Tue Mar 12 20:57:40 KST 2024 7
##########Session ID 3BC4DBB9DBCED75712B1F6959959EB01 destroyed at Tue Mar 12 20:58:40 KST 2024 Session Counts:  6
ERROR 20:58:40.515 [ContainerBackgroundProcessor[StandardEngine[Catalina]]] sems.cm.ctrl.HttpSessionCheckingListener[sessionDestroyed:31] - ##########Session ID 3BC4DBB9DBCED75712B1F6959959EB01 destroyed at Tue Mar 12 20:58:40 KST 2024 6
##########Session ID 042BA79F584822B52CB02AE22ADB1BA7 destroyed at Tue Mar 12 20:58:40 KST 2024 Session Counts:  5
ERROR 20:58:40.516 [ContainerBackgroundProcessor[StandardEngine[Catalina]]] sems.cm.ctrl.HttpSessionCheckingListener[sessionDestroyed:31] - ##########Session ID 042BA79F584822B52CB02AE22ADB1BA7 destroyed at Tue Mar 12 20:58:40 KST 2024 5
##########Session ID 7BD4C51814E0AE3E963FA7B79A12FE7E destroyed at Tue Mar 12 20:58:40 KST 2024 Session Counts:  4
ERROR 20:58:40.516 [ContainerBackgroundProcessor[StandardEngine[Catalina]]] sems.cm.ctrl.HttpSessionCheckingListener[sessionDestroyed:31] - ##########Session ID 7BD4C51814E0AE3E963FA7B79A12FE7E destroyed at Tue Mar 12 20:58:40 KST 2024 4
##########Session ID C8997CCFBD708F6A08B335174472418A destroyed at Tue Mar 12 20:58:40 KST 2024 Session Counts:  3
ERROR 20:58:40.516 [ContainerBackgroundProcessor[StandardEngine[Catalina]]] sems.cm.ctrl.HttpSessionCheckingListener[sessionDestroyed:31] - ##########Session ID C8997CCFBD708F6A08B335174472418A destroyed at Tue Mar 12 20:58:40 KST 2024 3
##########Session ID 695CCE635B94EB23494440D4E43775C2 destroyed at Tue Mar 12 20:59:40 KST 2024 Session Counts:  2
ERROR 20:59:40.555 [ContainerBackgroundProcessor[StandardEngine[Catalina]]] sems.cm.ctrl.HttpSessionCheckingListener[sessionDestroyed:31] - ##########Session ID 695CCE635B94EB23494440D4E43775C2 destroyed at Tue Mar 12 20:59:40 KST 2024 2
##########Session ID E83D8623077BAF17FDFAED7AD2870068 destroyed at Tue Mar 12 20:59:40 KST 2024 Session Counts:  1
ERROR 20:59:40.556 [ContainerBackgroundProcessor[StandardEngine[Catalina]]] sems.cm.ctrl.HttpSessionCheckingListener[sessionDestroyed:31] - ##########Session ID E83D8623077BAF17FDFAED7AD2870068 destroyed at Tue Mar 12 20:59:40 KST 2024 1
##########Session ID 12AA41FC885720B3B8B586838FD2CA73 destroyed at Tue Mar 12 22:07:43 KST 2024 Session Counts:  0
ERROR 22:07:43.215 [ContainerBackgroundProcessor[StandardEngine[Catalina]]] sems.cm.ctrl.HttpSessionCheckingListener[sessionDestroyed:31] - ##########Session ID 12AA41FC885720B3B8B586838FD2CA73 destroyed at Tue Mar 12 22:07:43 KST 2024 0
##########Session ID 500A860B95308BDCA35A94C07F2AB004 created at Wed Mar 13 10:30:48 KST 2024 Session Counts: 3
ERROR 10:30:48.547 [http-bio-12443-exec-11] sems.cm.ctrl.HttpSessionCheckingListener[sessionCreated:24] - ##########Session ID 500A860B95308BDCA35A94C07F2AB004 created at Wed Mar 13 10:30:48 KST 2024 3
##########Session ID E857831AE1CE3936A54B37C8E54A8646 created at Wed Mar 13 11:00:07 KST 2024 Session Counts: 13
ERROR 11:00:07.693 [http-bio-12443-exec-5] sems.cm.ctrl.HttpSessionCheckingListener[sessionCreated:24] - ##########Session ID E857831AE1CE3936A54B37C8E54A8646 created at Wed Mar 13 11:00:07 KST 2024 13
##########Session ID 1D2E192E5064DA33C0C11488CAFB8CE9 created at Wed Mar 13 11:25:50 KST 2024 Session Counts: 14
ERROR 11:25:50.088 [http-bio-12443-exec-16] sems.cm.ctrl.HttpSessionCheckingListener[sessionCreated:24] - ##########Session ID 1D2E192E5064DA33C0C11488CAFB8CE9 created at Wed Mar 13 11:25:50 KST 2024 14
##########Session ID 62026BA0E35707EEB2027600C4647F3F created at Wed Mar 13 11:32:25 KST 2024 Session Counts: 19
ERROR 11:32:25.722 [http-bio-12443-exec-14] sems.cm.ctrl.HttpSessionCheckingListener[sessionCreated:24] - ##########Session ID 62026BA0E35707EEB2027600C4647F3F created at Wed Mar 13 11:32:25 KST 2024 19
##########Session ID 6D16FF445B15399985EE56831E245E63 created at Wed Mar 13 11:34:25 KST 2024 Session Counts: 22
ERROR 11:34:25.979 [http-bio-12443-exec-2] sems.cm.ctrl.HttpSessionCheckingListener[sessionCreated:24] - ##########Session ID 6D16FF445B15399985EE56831E245E63 created at Wed Mar 13 11:34:25 KST 2024 22
##########Session ID FBE88BBB4A6BB0369C3E842B8545D5FA created at Wed Mar 13 11:35:23 KST 2024 Session Counts: 25
ERROR 11:35:23.042 [http-bio-12443-exec-16] sems.cm.ctrl.HttpSessionCheckingListener[sessionCreated:24] - ##########Session ID FBE88BBB4A6BB0369C3E842B8545D5FA created at Wed Mar 13 11:35:23 KST 2024 25
