
2023-07-18 11:26:14 Commons Daemon procrun stdout initialized

2023-07-18 11:31:41 Commons Daemon procrun stdout initialized

2023-07-18 11:53:20 Commons Daemon procrun stdout initialized

2023-07-18 11:55:15 Commons Daemon procrun stdout initialized

2023-07-18 11:59:30 Commons Daemon procrun stdout initialized
##########Session ID E8EF9CEDF38A149324510553A1EA1C5E destroyed at Tue Jul 18 12:16:45 KST 2023
##########Session ID 7E740B0CCE5178A4023B2948B7CF9EBC destroyed at Tue Jul 18 12:17:45 KST 2023
##########Session ID 07A14D75D60547259E297BB1818F7527 destroyed at Tue Jul 18 12:19:45 KST 2023
##########Session ID DBC642569817A14D2042252CAE347814 destroyed at Tue Jul 18 12:20:45 KST 2023
##########Session ID CD77E820E2D80DB52D56CCC29BBD8B4D destroyed at Tue Jul 18 12:21:45 KST 2023
##########Session ID 93605C5BB35E80CF18558B6A3FBB35E6 created at Tue Jul 18 13:13:38 KST 2023
##########Session ID 291919AF7F613BEBD98225D4D81F9028 created at Tue Jul 18 13:13:40 KST 2023
##########Session ID 00984FDC78FC5972FE8801FB91A7DD76 created at Tue Jul 18 13:13:51 KST 2023
##########Session ID 22965A22310AD1BEC1BCAAB8C89D87C9 created at Tue Jul 18 13:13:51 KST 2023
##########Session ID CEA97D425A0A546DEFB706E3E857D2A4 created at Tue Jul 18 13:13:52 KST 2023
##########Session ID 92176556B6F03112AF0AEE73162D1146 created at Tue Jul 18 13:13:54 KST 2023
##########Session ID 49EF58636BFAFE95FFEEF8EA719012B3 created at Tue Jul 18 13:13:56 KST 2023
##########Session ID AFB94118CD077CC1CF919AE35B12DE6E destroyed at Tue Jul 18 13:32:46 KST 2023
##########Session ID 3FE289CC564FD52401D5A8B85118D713 destroyed at Tue Jul 18 13:33:46 KST 2023

2023-07-18 13:54:02 Commons Daemon procrun stdout initialized

2023-07-18 14:59:37 Commons Daemon procrun stdout initialized

2023-07-18 15:01:48 Commons Daemon procrun stdout initialized

2023-07-18 15:05:38 Commons Daemon procrun stdout initialized

2023-07-18 15:08:46 Commons Daemon procrun stdout initialized

2023-07-18 15:11:34 Commons Daemon procrun stdout initialized
##########Session ID BD45B59DCF83D32A07419639337E560A created at Tue Jul 18 15:25:59 KST 2023
##########Session ID 8713B5E4C4AF58A9EFDC023853CD3AE2 created at Tue Jul 18 15:26:52 KST 2023
##########Session ID 9CC5FA99E9060F00E3CDB04FA0D8C224 created at Tue Jul 18 15:26:55 KST 2023
##########Session ID 54DE180B09AE5EC40291FD1536F92B20 destroyed at Tue Jul 18 16:19:49 KST 2023
##########Session ID 5C58FC17E5444809273F9DA580FCCF01 destroyed at Tue Jul 18 16:27:49 KST 2023
##########Session ID DA1D0691EFB6F8BE2AB86E9015A328CF destroyed at Tue Jul 18 16:34:49 KST 2023
##########Session ID 0590FBAE88B5889E4C90E655DEEE3CCF destroyed at Tue Jul 18 18:00:51 KST 2023
##########Session ID 1AC234D241D63622EE30BD0CC9CA66E0 destroyed at Tue Jul 18 18:36:52 KST 2023
##########Session ID 0A6592E106219BC9FC2AF5DFE6A31A55 destroyed at Tue Jul 18 18:36:52 KST 2023
##########Session ID 57C652673CA0E91000F46C92CB7ECE99 created at Tue Jul 18 21:15:04 KST 2023
##########Session ID A36CDA735E49EE699C56B999C539876F destroyed at Tue Jul 18 22:03:56 KST 2023
##########Session ID E59EA514E63933BDDBC6471405F0854D destroyed at Tue Jul 18 22:04:56 KST 2023
##########Session ID 88AD2C802CB7FB677896E915502D71EF destroyed at Tue Jul 18 22:04:56 KST 2023
##########Session ID 60FC266548B2AC63069B55D46A7BC09A destroyed at Tue Jul 18 22:04:56 KST 2023
##########Session ID 4A0F9B8DEBC885A55F1D1FD61DED6ED4 destroyed at Tue Jul 18 22:04:56 KST 2023
##########Session ID 2CAA5F9C941361C28BC58D16F9903AA6 destroyed at Wed Jul 19 01:05:00 KST 2023
##########Session ID FD9F30245240F3839DEFC3DC8E37B7F8 destroyed at Wed Jul 19 01:05:00 KST 2023
##########Session ID 497ABA4C1DB0F289432A2906F4B2D813 destroyed at Wed Jul 19 01:05:00 KST 2023
##########Session ID 216886162A61FBAD0A439A84F66BAF42 destroyed at Wed Jul 19 04:33:04 KST 2023
##########Session ID 6633E59F41B0CD2D469A4B626434D0E0 created at Wed Jul 19 04:57:26 KST 2023
##########Session ID 032DF6901B82962CDB00DE75BDDB94A5 destroyed at Wed Jul 19 09:36:10 KST 2023
##########Session ID 0BEBE8D4C5EDD16B8561B667DDB2C827 destroyed at Wed Jul 19 09:36:10 KST 2023
##########Session ID 10C6754C62B7E13A06071CF515F95628 destroyed at Wed Jul 19 09:36:10 KST 2023
##########Session ID 572BACA1CD2579CFCA00C5F6AF8FCFAC created at Wed Jul 19 09:40:09 KST 2023
##########Session ID 1714F8890C2597F8FFB43A0789CB54D7 destroyed at Wed Jul 19 10:02:11 KST 2023
##########Session ID 5A204364E434E1AA3EAD842E213290BA destroyed at Wed Jul 19 10:31:11 KST 2023
##########Session ID 568C4F02BDDBFA932B86CE9CA1768772 destroyed at Wed Jul 19 10:40:11 KST 2023
##########Session ID BEE28F245DCFE4F094AAFC947F571CDF destroyed at Wed Jul 19 11:09:12 KST 2023
##########Session ID 0240DC6BA88C1CA5D43197331170AA6D destroyed at Wed Jul 19 11:09:12 KST 2023
##########Session ID 4BD1659D831BC23B91611AE1D3DED670 destroyed at Wed Jul 19 11:51:13 KST 2023
##########Session ID 9B6554BCB715B5CF7EDA580395DE3CBD destroyed at Wed Jul 19 11:52:13 KST 2023
##########Session ID D1D587249D81CE22A49D06FD7EEE99F8 destroyed at Wed Jul 19 11:54:13 KST 2023
##########Session ID 1BF1DB68371AC78AFC2A6E2A11986FD0 destroyed at Wed Jul 19 11:55:13 KST 2023
##########Session ID 5A4AF15BDF0C15656F7DB40A4B9DA998 destroyed at Wed Jul 19 12:18:13 KST 2023
##########Session ID 4B9E7B05F7004706993E408D0039EDE0 destroyed at Wed Jul 19 13:12:15 KST 2023
##########Session ID 291919AF7F613BEBD98225D4D81F9028 destroyed at Wed Jul 19 13:14:15 KST 2023
##########Session ID B353372C292E95C3FDAE025F74306234 destroyed at Wed Jul 19 13:14:15 KST 2023
##########Session ID 06ACDFC55C8DDFBD756639DA241A1640 destroyed at Wed Jul 19 13:14:15 KST 2023
##########Session ID 4FE3DD8C2C37D719E1E8DA0776570D52 destroyed at Wed Jul 19 13:14:15 KST 2023
##########Session ID 93605C5BB35E80CF18558B6A3FBB35E6 destroyed at Wed Jul 19 13:14:15 KST 2023
##########Session ID 22965A22310AD1BEC1BCAAB8C89D87C9 destroyed at Wed Jul 19 13:14:15 KST 2023
##########Session ID CEA97D425A0A546DEFB706E3E857D2A4 destroyed at Wed Jul 19 13:14:15 KST 2023
##########Session ID F9C8EFBB3671AE4F9B15963022191AA3 destroyed at Wed Jul 19 13:14:15 KST 2023
##########Session ID 00984FDC78FC5972FE8801FB91A7DD76 destroyed at Wed Jul 19 13:14:15 KST 2023
##########Session ID CF6B6991FE5D4F6A0378D4C19F85A25A destroyed at Wed Jul 19 13:14:15 KST 2023
##########Session ID 086FA3007944F91AB91C5DA22EA86ACD destroyed at Wed Jul 19 13:14:15 KST 2023
##########Session ID 49EF58636BFAFE95FFEEF8EA719012B3 destroyed at Wed Jul 19 13:14:15 KST 2023
##########Session ID 92176556B6F03112AF0AEE73162D1146 destroyed at Wed Jul 19 13:14:15 KST 2023
##########Session ID 5B07256D2B293EA0FAB11D24EE943FD7 destroyed at Wed Jul 19 13:14:15 KST 2023
##########Session ID 964B66EE02B6E5DF64F1A4C834B87491 destroyed at Wed Jul 19 13:14:15 KST 2023
##########Session ID 5AAB836E6B342B5B416740C051209E21 destroyed at Wed Jul 19 13:14:15 KST 2023
##########Session ID 41FFD445933D896032D28F94F9AD6F27 destroyed at Wed Jul 19 13:14:15 KST 2023
##########Session ID 18CB1FEB5DDDD05B87ADC94F116898E2 destroyed at Wed Jul 19 13:38:15 KST 2023
##########Session ID 524595FCEB16E5DE7765C026D4213187 destroyed at Wed Jul 19 13:51:15 KST 2023
##########Session ID 604B43B0164BEDDFBBFD1035E8D3462E destroyed at Wed Jul 19 14:10:16 KST 2023
##########Session ID 4FE8BF79B8E8DB6D781CCB700D4DCEF5 destroyed at Wed Jul 19 14:44:16 KST 2023
##########Session ID F08B3D22BF6BAEBC18EEAEDAFFD1D904 destroyed at Wed Jul 19 14:55:17 KST 2023
##########Session ID CC8AA96045CE81DDA63D4F45D8E7B901 destroyed at Wed Jul 19 15:25:17 KST 2023
##########Session ID AD1388CF17C9BF8CBAC62E5F6544AB70 destroyed at Wed Jul 19 15:25:17 KST 2023
##########Session ID 1FF41E48B74094C602DA2083235E6D1F destroyed at Wed Jul 19 15:26:17 KST 2023
##########Session ID 8A0C87515E8C4AB6A3C259CC1DBDA131 destroyed at Wed Jul 19 15:26:17 KST 2023
##########Session ID 34E2F54FF3A6954DE69F2D60C06A9074 destroyed at Wed Jul 19 15:27:17 KST 2023
##########Session ID B49595781BA0BE561C56E6C19C0B64DC destroyed at Wed Jul 19 15:27:17 KST 2023
##########Session ID CDF03440792869076820536739399526 destroyed at Wed Jul 19 15:27:17 KST 2023
##########Session ID DC922D763669A922CBDA1AC629360606 destroyed at Wed Jul 19 15:27:17 KST 2023
##########Session ID CEA2131A4B09C3651AF27018163C5B0D destroyed at Wed Jul 19 15:27:17 KST 2023
##########Session ID 9CC5FA99E9060F00E3CDB04FA0D8C224 destroyed at Wed Jul 19 15:27:17 KST 2023
##########Session ID A3C3485A47E4FF408A4DB475793D0C94 created at Wed Jul 19 19:54:40 KST 2023
##########Session ID 57C652673CA0E91000F46C92CB7ECE99 destroyed at Wed Jul 19 21:15:23 KST 2023
##########Session ID 749C6ABF604A9B20FE238DAAD3B3D0FB created at Thu Jul 20 04:21:02 KST 2023
##########Session ID 6633E59F41B0CD2D469A4B626434D0E0 destroyed at Thu Jul 20 04:57:31 KST 2023
##########Session ID E6CF216A4645AE88C895EF92379E2DF4 created at Thu Jul 20 05:57:33 KST 2023
##########Session ID F1BA352FE0048573D8DE7C5C621F8E75 destroyed at Thu Jul 20 08:23:34 KST 2023
##########Session ID 9781512E02FE8C15BE2D3EF0EA006D2B destroyed at Thu Jul 20 09:36:35 KST 2023
##########Session ID 572BACA1CD2579CFCA00C5F6AF8FCFAC destroyed at Thu Jul 20 09:40:35 KST 2023
##########Session ID 22B5CC70D26E10D0B271BD3A31143BED destroyed at Thu Jul 20 10:01:36 KST 2023
##########Session ID 381BD5AB113E91C8A2C1A95A8F0EB5DA destroyed at Thu Jul 20 10:01:36 KST 2023
##########Session ID 5ED61179F3556B0507753402D4567126 destroyed at Thu Jul 20 10:02:36 KST 2023
##########Session ID AED10982562A9460D213BBD1A53585DD destroyed at Thu Jul 20 10:30:36 KST 2023
##########Session ID BC805FF0481A8182FD89A3F162D49254 destroyed at Thu Jul 20 10:33:36 KST 2023
##########Session ID 0DC1DB50951C000FBD2B2A7F02A57D37 destroyed at Thu Jul 20 10:38:36 KST 2023
##########Session ID 2FD576C6CD246A20D5B503478C85C515 destroyed at Thu Jul 20 10:40:36 KST 2023
##########Session ID ED6C09E9A330BA210A810382EED926B7 destroyed at Thu Jul 20 10:47:36 KST 2023
##########Session ID 39CD372BFDA00F32E4538202A788E719 destroyed at Thu Jul 20 11:04:37 KST 2023
##########Session ID 81C67B5AE7502055A9362D41ACEBFF67 created at Thu Jul 20 11:31:15 KST 2023
##########Session ID 3746BD88E17A7D1F997A054F4DDF847A destroyed at Thu Jul 20 11:48:37 KST 2023
##########Session ID 1C525A04F436623BA2F0E39A296506B6 created at Thu Jul 20 11:58:31 KST 2023
##########Session ID 3507BF672B3545912CDC12CC11BD5843 created at Thu Jul 20 11:58:31 KST 2023
##########Session ID 945F5D4FC003C1FB84025D17CE04D8D7 created at Thu Jul 20 11:58:31 KST 2023
##########Session ID F37B8CFA4D55F022929AF426C52E8E69 created at Thu Jul 20 11:58:31 KST 2023
##########Session ID 3F72F207D98999527268FBF8F83CB34B created at Thu Jul 20 11:58:31 KST 2023
##########Session ID EA6EAADF6B64926229EF72DCFF971D28 destroyed at Thu Jul 20 13:32:42 KST 2023
##########Session ID 29EBCA4025434F3DA2790306D8015D4E destroyed at Thu Jul 20 13:33:42 KST 2023
##########Session ID 86941609BA5D6BF037F41983BB8BC419 destroyed at Thu Jul 20 13:36:42 KST 2023
##########Session ID 46215DEACA5818FFA8501DBC4094CABB created at Thu Jul 20 13:36:45 KST 2023
##########Session ID 0FA1E9B8B36BF5BAD9096C34DD71C9CB destroyed at Thu Jul 20 14:10:43 KST 2023
##########Session ID 13950CFBF552BB5EA303C3D12AE809A0 destroyed at Thu Jul 20 15:37:44 KST 2023
##########Session ID ADF9E8AEE2143E501EF1A677F615F094 destroyed at Thu Jul 20 16:31:45 KST 2023
##########Session ID C41A9C23C12940FEC62FC2494D5BEB35 destroyed at Thu Jul 20 16:34:45 KST 2023
##########Session ID E01954F00EF3E403200083BC730070BD destroyed at Thu Jul 20 17:18:46 KST 2023
##########Session ID F2BC16AA22CA02D42AA657BEA2D0A0B6 destroyed at Thu Jul 20 17:18:46 KST 2023
##########Session ID 126F17F0B9DE028DE9E8994930F6C974 destroyed at Thu Jul 20 19:14:48 KST 2023
##########Session ID 2ED57DA300534EB1F76FB226BC70F95E destroyed at Thu Jul 20 19:14:48 KST 2023
##########Session ID A3C3485A47E4FF408A4DB475793D0C94 destroyed at Thu Jul 20 19:54:49 KST 2023
##########Session ID 749C6ABF604A9B20FE238DAAD3B3D0FB destroyed at Fri Jul 21 04:21:57 KST 2023
##########Session ID E6CF216A4645AE88C895EF92379E2DF4 destroyed at Fri Jul 21 05:57:59 KST 2023
##########Session ID 796AED215CAFAA25D215406D77AA9A20 destroyed at Fri Jul 21 06:09:59 KST 2023
##########Session ID 0243E718DF7BF729659A9650625980E1 destroyed at Fri Jul 21 06:09:59 KST 2023
##########Session ID F24FC772AD7A5D815731FE2301D860B6 created at Fri Jul 21 06:25:16 KST 2023
##########Session ID CF97179F07DE9C221FF15AEC431437C1 destroyed at Fri Jul 21 09:14:02 KST 2023
##########Session ID D2B00713D5636E18434F6D945C681282 destroyed at Fri Jul 21 09:14:02 KST 2023
##########Session ID 2EB9D17AC34102B38367079EE0C33DF9 created at Fri Jul 21 10:29:46 KST 2023
##########Session ID F6074912997AA901AE76625A72D2BAC5 created at Fri Jul 21 11:29:47 KST 2023
##########Session ID B4D3B593C7B3E841DFB69AF2C2E4A4B6 destroyed at Fri Jul 21 11:32:04 KST 2023
##########Session ID 945F5D4FC003C1FB84025D17CE04D8D7 destroyed at Fri Jul 21 11:59:04 KST 2023
##########Session ID 3F72F207D98999527268FBF8F83CB34B destroyed at Fri Jul 21 11:59:04 KST 2023
##########Session ID F37B8CFA4D55F022929AF426C52E8E69 destroyed at Fri Jul 21 11:59:04 KST 2023
##########Session ID 1C525A04F436623BA2F0E39A296506B6 destroyed at Fri Jul 21 11:59:04 KST 2023
##########Session ID D1920FE25A8FF36B0DC4C75A56450657 destroyed at Fri Jul 21 11:59:04 KST 2023
##########Session ID 3507BF672B3545912CDC12CC11BD5843 destroyed at Fri Jul 21 11:59:04 KST 2023
##########Session ID 74FC74A8CD9BD070C25B1F12406AE418 destroyed at Fri Jul 21 11:59:04 KST 2023
##########Session ID B6E5EF09035D26B79D8189A4B83859FC destroyed at Fri Jul 21 12:21:05 KST 2023
##########Session ID FBF5B2107184901FF8AC03732D332484 destroyed at Fri Jul 21 13:37:06 KST 2023
