
2023-06-20 11:53:09 Commons Daemon procrun stdout initialized
##########Session ID 5C0918EEEA1BD8F051B6545653E56AD0 created at Tue Jun 20 12:55:49 KST 2023
##########Session ID 473D9D9F49A0F9BA86DC6D2B64E103B2 created at Wed Jun 21 04:50:54 KST 2023
##########Session ID 2B6CBBAF2E1BC0BDFD1E83F6C7CBD035 destroyed at Wed Jun 21 11:50:45 KST 2023
##########Session ID C8BFA87A4F6A1034D9B6BAAB949F4C3E created at Wed Jun 21 12:47:52 KST 2023
##########Session ID 5C0918EEEA1BD8F051B6545653E56AD0 destroyed at Wed Jun 21 12:56:46 KST 2023
##########Session ID 195D11AD376C19CE7F2017900D32BB22 destroyed at Wed Jun 21 13:24:46 KST 2023
##########Session ID F5E1D90C2D9AD3BA426347A5CB774069 destroyed at Wed Jun 21 16:46:49 KST 2023
##########Session ID 70AEED4734DD6F2EF68DEB2AD289386B destroyed at Wed Jun 21 16:46:49 KST 2023
##########Session ID 5433A31407C27EEB686DFDD773EBD3D5 destroyed at Wed Jun 21 21:12:53 KST 2023
##########Session ID 09F842A6789E51853E2B03090FFED30E created at Thu Jun 22 02:19:29 KST 2023
##########Session ID 1E8E4CDF70589241FDE192B051144284 created at Thu Jun 22 02:44:54 KST 2023
##########Session ID 473D9D9F49A0F9BA86DC6D2B64E103B2 destroyed at Thu Jun 22 04:51:00 KST 2023
##########Session ID FA0957696998E484725A9EE63B49BA7B created at Thu Jun 22 07:00:12 KST 2023
##########Session ID 1D6FB29CE8422A9508B15891E9430AE3 created at Thu Jun 22 07:00:16 KST 2023
##########Session ID 8064753170E9129D89F2B02AEE74BB5F destroyed at Thu Jun 22 09:00:04 KST 2023
##########Session ID 349B751C1B098D12805B6D9CE4745527 destroyed at Thu Jun 22 09:00:04 KST 2023
##########Session ID 4F1EBA8FD900952AECA17B63EF0A4054 created at Thu Jun 22 09:37:37 KST 2023
##########Session ID 18B46E9AC4552A9121A5CC3BED56DB4F destroyed at Thu Jun 22 10:09:05 KST 2023
##########Session ID 0A480AABFDA81A45148C1AC68EE3369D destroyed at Thu Jun 22 10:17:05 KST 2023
##########Session ID F24855561DA7A07CA8867D7B3DB5F4B4 destroyed at Thu Jun 22 10:17:05 KST 2023
##########Session ID C8BFA87A4F6A1034D9B6BAAB949F4C3E destroyed at Thu Jun 22 12:48:10 KST 2023
##########Session ID 09F842A6789E51853E2B03090FFED30E destroyed at Fri Jun 23 02:20:23 KST 2023
##########Session ID 1E8E4CDF70589241FDE192B051144284 destroyed at Fri Jun 23 02:45:23 KST 2023
##########Session ID FED9C579021EE17BB559CB7F6914C057 created at Fri Jun 23 05:26:40 KST 2023
##########Session ID 1D6FB29CE8422A9508B15891E9430AE3 destroyed at Fri Jun 23 07:00:27 KST 2023
##########Session ID 49385989F1D13AF108975FAB20613889 destroyed at Fri Jun 23 07:00:27 KST 2023
##########Session ID FA0957696998E484725A9EE63B49BA7B destroyed at Fri Jun 23 07:00:27 KST 2023
##########Session ID B21AE38294D83EE65E40847712C39007 destroyed at Fri Jun 23 09:38:30 KST 2023
##########Session ID C87C37340738CD630200312B76808044 destroyed at Fri Jun 23 09:38:30 KST 2023
##########Session ID B100C61E5C0915C7B46A6A8B7D4E3E1D destroyed at Fri Jun 23 09:38:30 KST 2023
##########Session ID 1746E19A2BBE6703C80BD8DE24B1FF4D destroyed at Fri Jun 23 09:39:30 KST 2023
##########Session ID 60C2BAC292E30669646BB44D0A8B87F6 destroyed at Fri Jun 23 09:54:30 KST 2023
##########Session ID 99BFEBFD64066BA55942682548A1F03D destroyed at Fri Jun 23 10:06:30 KST 2023
##########Session ID BA5925F740C9C57DC2C1A8F5869AE1AF destroyed at Fri Jun 23 19:06:38 KST 2023
##########Session ID EB5F93AE8D20D709E0521EB20DD6F0E5 destroyed at Fri Jun 23 19:06:38 KST 2023
##########Session ID 61403A37F7F3F005132D1005B4D8DB42 created at Sat Jun 24 02:12:29 KST 2023
##########Session ID FED9C579021EE17BB559CB7F6914C057 destroyed at Sat Jun 24 05:26:48 KST 2023
##########Session ID E66151694F598C6E2B9237E47F3FF1A8 created at Sat Jun 24 09:53:06 KST 2023
##########Session ID D392AEC46C2ACA354453F2AF691EFBA0 destroyed at Sat Jun 24 11:11:53 KST 2023
##########Session ID 6FB390380CD1F9525A555C4A6ECEDF43 destroyed at Sat Jun 24 11:21:53 KST 2023
##########Session ID DE6127872EA6A1EEFD704F0B76BC99BF destroyed at Sat Jun 24 11:21:53 KST 2023
##########Session ID BC934F04E31EE69366CB7B7B418277F4 created at Sat Jun 24 11:52:45 KST 2023
##########Session ID DA4978E2A4235563B229CCAA388ACD4A destroyed at Sat Jun 24 14:38:56 KST 2023
##########Session ID 71448A9EC5E7E97A588CCFFDD2A98FFC destroyed at Sat Jun 24 16:30:58 KST 2023
##########Session ID 1A0D48FDDE285B99139E76F8595699DE created at Sat Jun 24 18:28:39 KST 2023
##########Session ID D6080B09332714AAFCD91D7969CE4456 destroyed at Sun Jun 25 01:36:06 KST 2023
##########Session ID 61403A37F7F3F005132D1005B4D8DB42 destroyed at Sun Jun 25 02:13:07 KST 2023
##########Session ID E75CDCEFBA3C17D1E9BFC629FE7D3AAB created at Sun Jun 25 04:13:35 KST 2023
##########Session ID E66151694F598C6E2B9237E47F3FF1A8 destroyed at Sun Jun 25 09:53:14 KST 2023
##########Session ID BC934F04E31EE69366CB7B7B418277F4 destroyed at Sun Jun 25 11:53:16 KST 2023
##########Session ID 4CBEE4B8FBC83A695B61490363BEB462 created at Sun Jun 25 17:32:41 KST 2023
##########Session ID 5424651F16FF6FE71860EBCD500BB284 destroyed at Sun Jun 25 17:39:21 KST 2023
##########Session ID 91325399F8DAFED4041221F6E3EE194D destroyed at Sun Jun 25 17:39:21 KST 2023
##########Session ID 1A0D48FDDE285B99139E76F8595699DE destroyed at Sun Jun 25 18:29:22 KST 2023
##########Session ID D91A19F9E80929043A2B95B218C27A95 created at Mon Jun 26 02:44:09 KST 2023
##########Session ID 1E8E811BDBFBB8EC0F8DF348E42091D0 created at Mon Jun 26 02:44:26 KST 2023
##########Session ID 0F4C5BE35F598A01C8D8D7A444FEC8AE created at Mon Jun 26 02:46:14 KST 2023
##########Session ID E75CDCEFBA3C17D1E9BFC629FE7D3AAB destroyed at Mon Jun 26 04:14:31 KST 2023
##########Session ID F9E8D0E3EF67E54B1541A0B846C1BF6A destroyed at Mon Jun 26 05:20:32 KST 2023
##########Session ID F1B3FED81F6FCD2BC3780BDA79F3ED87 destroyed at Mon Jun 26 05:20:32 KST 2023
##########Session ID 38C8CC546EB837E87069B65B375706FA destroyed at Mon Jun 26 14:34:40 KST 2023
##########Session ID BE5FC417CAF6C83155DE4F02D73744E7 destroyed at Mon Jun 26 14:34:40 KST 2023
##########Session ID C64C89C63C08FAAFA920FAB9DC629850 destroyed at Mon Jun 26 17:25:43 KST 2023
##########Session ID 94D185EF1CC4F07F044E0789D8E57781 destroyed at Mon Jun 26 17:25:43 KST 2023
##########Session ID 4CBEE4B8FBC83A695B61490363BEB462 destroyed at Mon Jun 26 17:32:43 KST 2023
##########Session ID A110E88523C4CE12444CB9C4AA87610F destroyed at Tue Jun 27 02:43:51 KST 2023
##########Session ID 045174B3C366CCD1812AD7D5E86BFC64 destroyed at Tue Jun 27 02:44:51 KST 2023
##########Session ID 4EAD92F8F5222823398EEBB6708F787B destroyed at Tue Jun 27 02:44:51 KST 2023
##########Session ID D91A19F9E80929043A2B95B218C27A95 destroyed at Tue Jun 27 02:44:51 KST 2023
##########Session ID F99962F750E14B0BD236BEC012EC97F3 destroyed at Tue Jun 27 02:44:51 KST 2023
##########Session ID 8D229E7D2F493447A9ED0B92F62C9BA1 destroyed at Tue Jun 27 02:44:51 KST 2023
##########Session ID 1E8E811BDBFBB8EC0F8DF348E42091D0 destroyed at Tue Jun 27 02:44:51 KST 2023
##########Session ID 0F4C5BE35F598A01C8D8D7A444FEC8AE destroyed at Tue Jun 27 02:46:51 KST 2023
##########Session ID F0C55F3DB0531D9EF5FE997F3271530C created at Tue Jun 27 04:57:08 KST 2023
##########Session ID 52053CA4BA88FEFE38CEF2DA5AC0AB2C destroyed at Tue Jun 27 07:44:56 KST 2023
##########Session ID 7CCD7E905F26817E7C0C37DCEA31F8C6 destroyed at Tue Jun 27 07:44:56 KST 2023
##########Session ID 62A3E60A23B3428EBFD79B87B200F880 destroyed at Tue Jun 27 10:20:58 KST 2023
##########Session ID 0A2FA57AD6010865E15D28DBA0F05427 destroyed at Tue Jun 27 11:15:59 KST 2023
##########Session ID 98C866483EE234E73D14292575D3F56A destroyed at Tue Jun 27 11:45:59 KST 2023
##########Session ID 7829072CE6F36A985301A891278F0EFF destroyed at Tue Jun 27 13:39:01 KST 2023
##########Session ID 1E43D229E4763630A7A34E35EC365B0F destroyed at Tue Jun 27 22:12:09 KST 2023
##########Session ID F0C55F3DB0531D9EF5FE997F3271530C destroyed at Wed Jun 28 04:57:15 KST 2023
##########Session ID CC2ACF4D29F0EE419B9CD777CEFD08B8 created at Wed Jun 28 05:53:20 KST 2023
##########Session ID A27660A86F51BFAE0C081F1543EEECD3 created at Wed Jun 28 09:45:59 KST 2023
##########Session ID FFD1B59F505A921E556A87E2247A48AC destroyed at Wed Jun 28 10:36:20 KST 2023
##########Session ID 51E2ECCE63C0511C5532CAD89B7585CF destroyed at Wed Jun 28 17:46:27 KST 2023
##########Session ID 460BA30AFEF7BDF75021A4C1034F0F11 destroyed at Wed Jun 28 17:46:27 KST 2023
##########Session ID 04217A9F1D0577CC0425EB650F1F9CBA destroyed at Wed Jun 28 18:06:27 KST 2023
##########Session ID E36D21515DE3AF9CEB0390AAEE3FFB97 created at Thu Jun 29 04:08:22 KST 2023
##########Session ID CC2ACF4D29F0EE419B9CD777CEFD08B8 destroyed at Thu Jun 29 05:53:38 KST 2023
##########Session ID B1E22E604C8673E6F6F3BEE7265973B8 destroyed at Thu Jun 29 07:05:39 KST 2023
##########Session ID A27660A86F51BFAE0C081F1543EEECD3 destroyed at Thu Jun 29 09:46:41 KST 2023
##########Session ID 224CD86518A905A38EA8C04D91DD41A9 created at Fri Jun 30 02:23:48 KST 2023
##########Session ID 678CC89AE3EFB7352791EC97BC5F2EE8 destroyed at Fri Jun 30 14:05:14 KST 2023
##########Session ID FB7D43F11FFCEDCFDBD16F755E6D460C created at Fri Jun 30 15:14:15 KST 2023
##########Session ID 38B371DEE4F73176C155170A6D522E66 created at Fri Jun 30 15:53:22 KST 2023
##########Session ID 7AADB1F210A8E28093B9CD4B7FAD9ED9 created at Fri Jun 30 15:53:37 KST 2023
##########Session ID 86CE2A2555D150A87285235530F26084 created at Fri Jun 30 15:53:41 KST 2023
##########Session ID 65C2912C87C9CD4F71CC819877D9F32A created at Fri Jun 30 15:53:50 KST 2023
##########Session ID 7815712B48D1772A9E8B40B0847D75EA created at Fri Jun 30 15:54:01 KST 2023
##########Session ID 8DBBD28A965B489063474C206901B31E destroyed at Fri Jun 30 17:40:18 KST 2023
##########Session ID 2670A4982C78D84982ED429475CCC76E destroyed at Fri Jun 30 17:40:18 KST 2023
##########Session ID 0B8D4136A8BC82228FD6D0270AE772C2 destroyed at Fri Jun 30 17:52:18 KST 2023
##########Session ID 11D3A05B6E9F491505ADEE554C22D966 created at Fri Jun 30 19:41:05 KST 2023
##########Session ID C03273ABD198E4101DCAFBAB9E662AF3 created at Sat Jul 01 02:04:37 KST 2023
##########Session ID 224CD86518A905A38EA8C04D91DD41A9 destroyed at Sat Jul 01 02:24:27 KST 2023
##########Session ID F66A43090FA9BFBE7E0E793574C0F9EF destroyed at Sat Jul 01 05:35:30 KST 2023
##########Session ID FDBEF989115C97A7CF9808272A1A6E4C destroyed at Sat Jul 01 05:35:30 KST 2023
##########Session ID 1851DE09CD1EA272B4D6E18DBACB2F46 destroyed at Sat Jul 01 10:05:34 KST 2023
##########Session ID FB7D43F11FFCEDCFDBD16F755E6D460C destroyed at Sat Jul 01 15:14:40 KST 2023
##########Session ID 7A2C81C8A54F9487EEB2FD841BBF36F4 destroyed at Sat Jul 01 15:53:40 KST 2023
##########Session ID 0D9D83A76775166F6901B45849A2F67A destroyed at Sat Jul 01 15:53:40 KST 2023
##########Session ID 2D4B1FA79264460231CEE7A1D0F6281C destroyed at Sat Jul 01 15:54:40 KST 2023
##########Session ID 434A21B7517C994E19BBC6C9159F0F1A destroyed at Sat Jul 01 15:54:40 KST 2023
##########Session ID 7815712B48D1772A9E8B40B0847D75EA destroyed at Sat Jul 01 15:54:40 KST 2023
##########Session ID 6B80A00ABDE4F561D5B7DA70579F85F0 destroyed at Sat Jul 01 15:54:40 KST 2023
##########Session ID 65C2912C87C9CD4F71CC819877D9F32A destroyed at Sat Jul 01 15:54:40 KST 2023
##########Session ID 007F32205B6F79FBDD65C7B20D8AC765 destroyed at Sat Jul 01 15:54:40 KST 2023
##########Session ID E76A79A06EB9A7D21A1B57126CFFEFA7 destroyed at Sat Jul 01 15:55:40 KST 2023
##########Session ID BE01B954AECEADE79DED322CD0F0DA4E destroyed at Sat Jul 01 15:55:40 KST 2023
##########Session ID 363ADD74DAFCAE365BF323FCF96CB7E3 destroyed at Sat Jul 01 17:46:42 KST 2023
##########Session ID 11D3A05B6E9F491505ADEE554C22D966 destroyed at Sat Jul 01 19:41:44 KST 2023
##########Session ID B2A7B90787B4B43A2190DEC035FA6A6C destroyed at Sat Jul 01 20:21:45 KST 2023
##########Session ID 6EF2FF4210C92D82D0EAABEBEB666D7F destroyed at Sat Jul 01 20:21:45 KST 2023
##########Session ID 14F3CF2032457DE22ED046C0449D77A7 destroyed at Sat Jul 01 22:12:47 KST 2023
##########Session ID 1D94EB3B9ACAA7926D2FF85F70D115AD destroyed at Sat Jul 01 22:12:47 KST 2023
##########Session ID C03273ABD198E4101DCAFBAB9E662AF3 destroyed at Sun Jul 02 02:04:51 KST 2023
##########Session ID 4B0D4EE4CEA0D17A2BC252C6B2362992 destroyed at Sun Jul 02 02:18:51 KST 2023
##########Session ID 353E75AB58E0EB49BF849C251FAF7A29 destroyed at Sun Jul 02 02:18:51 KST 2023
##########Session ID BCDC4761D5A6D37698D48824CD928378 destroyed at Sun Jul 02 05:02:54 KST 2023
##########Session ID EB531E1EF0D53FFF4ADB55B388597C73 destroyed at Sun Jul 02 05:02:54 KST 2023
##########Session ID 9EA88DA946814E2E1D8241A6DB650B52 created at Sun Jul 02 07:32:26 KST 2023
##########Session ID 41F22AD2EF6FCD8CD1F3ECC38F8097F8 created at Sun Jul 02 12:27:27 KST 2023
##########Session ID 646A2E466B2697C4C465A7A2D609AADE created at Sun Jul 02 12:27:27 KST 2023
##########Session ID 536315982D9C88F1AD5B4BBDA6B5455D created at Sun Jul 02 12:27:27 KST 2023
##########Session ID 0CC8A9EF459CDF9C142B689D3BC3A293 created at Sun Jul 02 12:27:27 KST 2023
##########Session ID D60985E788FF549270AD80EAED1F675F created at Sun Jul 02 12:27:27 KST 2023
##########Session ID 89308F385739B4C33C01420C0718904D created at Sun Jul 02 12:27:28 KST 2023
##########Session ID 68EE01844C76601EDD9BD8BA47E46E0F created at Sun Jul 02 12:27:28 KST 2023
##########Session ID 8B36FCE6021CF2B822FDD1F39E0EA1BD created at Sun Jul 02 12:27:28 KST 2023
##########Session ID 90D47973DF874FC90B00EB7327C5288A destroyed at Sun Jul 02 23:18:13 KST 2023
##########Session ID B29DCCA94513F0342879FEC4EAD67715 created at Mon Jul 03 02:19:26 KST 2023
##########Session ID 2B278D232AC6CE233EC1D361A96E2A73 destroyed at Mon Jul 03 03:38:17 KST 2023
##########Session ID 9EA88DA946814E2E1D8241A6DB650B52 destroyed at Mon Jul 03 07:33:21 KST 2023
##########Session ID FA4697F482723E9FC9EBDC79D9FA03BA destroyed at Mon Jul 03 12:27:26 KST 2023
##########Session ID 536315982D9C88F1AD5B4BBDA6B5455D destroyed at Mon Jul 03 12:28:26 KST 2023
##########Session ID 646A2E466B2697C4C465A7A2D609AADE destroyed at Mon Jul 03 12:28:26 KST 2023
##########Session ID 0CC8A9EF459CDF9C142B689D3BC3A293 destroyed at Mon Jul 03 12:28:26 KST 2023
##########Session ID D60985E788FF549270AD80EAED1F675F destroyed at Mon Jul 03 12:28:26 KST 2023
##########Session ID 8B36FCE6021CF2B822FDD1F39E0EA1BD destroyed at Mon Jul 03 12:28:26 KST 2023
##########Session ID 89308F385739B4C33C01420C0718904D destroyed at Mon Jul 03 12:28:26 KST 2023
##########Session ID 41F22AD2EF6FCD8CD1F3ECC38F8097F8 destroyed at Mon Jul 03 12:28:26 KST 2023
##########Session ID 68EE01844C76601EDD9BD8BA47E46E0F destroyed at Mon Jul 03 12:28:26 KST 2023
##########Session ID 9CC3C8A0E465AC03DDAE44A54ECBE4CC destroyed at Mon Jul 03 12:28:26 KST 2023
##########Session ID C944D07CD8B5E83708C5ED0B58D28FD9 created at Mon Jul 03 14:35:12 KST 2023
##########Session ID C546394E98CA457A592B33FEE9B9FD15 destroyed at Mon Jul 03 15:59:30 KST 2023
##########Session ID 03302C0A4A40984017B56A7C0105FCA3 destroyed at Mon Jul 03 15:59:30 KST 2023
##########Session ID C1EA4AD300DFFA1F78D895572B489073 destroyed at Mon Jul 03 21:36:35 KST 2023
##########Session ID 82BE900F00EA36329B338B0BCA2EE863 destroyed at Mon Jul 03 21:36:35 KST 2023
##########Session ID B29DCCA94513F0342879FEC4EAD67715 destroyed at Tue Jul 04 02:19:40 KST 2023
##########Session ID 366A7FCCDFEFEE66935DD2C354803900 created at Tue Jul 04 05:44:52 KST 2023
##########Session ID 9DE2BB072508DC59FBEEF1C952B1DE71 destroyed at Tue Jul 04 09:09:47 KST 2023
##########Session ID BF6E61CB9A6EF96C3FF2AF648AD16048 destroyed at Tue Jul 04 09:09:47 KST 2023
##########Session ID 2317AFCD61E8B0BF6F6752018D178DA6 destroyed at Tue Jul 04 11:44:50 KST 2023
##########Session ID 087CCA04A55973B8BE99A0E0539E4A0D destroyed at Tue Jul 04 14:35:53 KST 2023
##########Session ID C944D07CD8B5E83708C5ED0B58D28FD9 destroyed at Tue Jul 04 14:35:53 KST 2023
##########Session ID 3DF02D357E9A5CE9523171BF72389D39 destroyed at Tue Jul 04 15:05:53 KST 2023
##########Session ID DF3AEE3D2AD004864F7BC1F2166B9BD6 created at Tue Jul 04 18:16:51 KST 2023
##########Session ID B9158DB7B8371D2E0BD0DB0FB391BEA3 destroyed at Tue Jul 04 19:56:58 KST 2023
##########Session ID 4459F0EE9A5926135F6E5FB11E90474E created at Wed Jul 05 02:34:49 KST 2023
##########Session ID C7D12CD5EEF05ED2AEC138DB653C9155 created at Wed Jul 05 03:31:16 KST 2023
##########Session ID CB5E85F699DA746DD2BBBDC8C5120273 destroyed at Wed Jul 05 04:55:08 KST 2023
##########Session ID 366A7FCCDFEFEE66935DD2C354803900 destroyed at Wed Jul 05 05:45:08 KST 2023
##########Session ID 0337EA2CFE2BAF72A3F92F646D7DB4DA destroyed at Wed Jul 05 08:53:12 KST 2023
##########Session ID 14E371B6EB2A17A8A1D3801CE5031D55 destroyed at Wed Jul 05 08:56:12 KST 2023
##########Session ID E1A6CFBD6C6A9E3CE11EF4726EE93839 destroyed at Wed Jul 05 08:56:12 KST 2023
##########Session ID 4C2AD8DF2D56F4264B4F979D92F6862D destroyed at Wed Jul 05 11:57:15 KST 2023
##########Session ID 0C648B43283F0F69E5F6AAE393FFD8D2 destroyed at Wed Jul 05 11:57:15 KST 2023
##########Session ID 5E222538E251A10CA7FAA3AF1F409ABE destroyed at Wed Jul 05 13:36:17 KST 2023
##########Session ID A6B7DB9E5D334FF0B69AB5BB0BEFEC09 created at Wed Jul 05 15:03:55 KST 2023
##########Session ID 6957BF58110EE83EA0414447CF3571F5 created at Wed Jul 05 15:04:10 KST 2023
##########Session ID 8917B819EA39DD0F2A8E3DAAEA197CB0 created at Wed Jul 05 15:04:28 KST 2023
##########Session ID 9E4B3B1EAD5517E626333F269FC92E9E created at Wed Jul 05 15:04:47 KST 2023
##########Session ID 74041DF74F054A39349797A4CBF2357C created at Wed Jul 05 16:07:31 KST 2023
##########Session ID D7DCF7F319D37F1F92265390C8444C70 created at Wed Jul 05 16:07:41 KST 2023
##########Session ID 2F34238A2623D1317182CB7F7740BB9D destroyed at Wed Jul 05 16:45:20 KST 2023
##########Session ID AD2085BB4331C46EAC92FC289F077775 destroyed at Wed Jul 05 16:45:20 KST 2023
##########Session ID E4ED9BD8E968115D0A5E881CBA18C608 created at Wed Jul 05 16:54:54 KST 2023
##########Session ID 28970D46185744CBF6738B9AE1664401 created at Wed Jul 05 16:54:56 KST 2023
##########Session ID 31A915B88B66BDDED9F809C7E1A5A140 created at Wed Jul 05 16:54:58 KST 2023
##########Session ID 1D504CBC3A058BE6EA173A9446DD557C created at Wed Jul 05 16:55:01 KST 2023
##########Session ID 601155CF47C4814F08ECBEE46169F416 created at Wed Jul 05 16:55:03 KST 2023
##########Session ID E399BF56DA367152470B127609824CD6 created at Wed Jul 05 16:55:04 KST 2023
##########Session ID BA2C71D5B42BEEDBBCC261DE6FB92D10 created at Wed Jul 05 16:55:06 KST 2023
##########Session ID B28A1807EBEC6986832F0313CE41C8FF created at Wed Jul 05 16:55:08 KST 2023
##########Session ID 37AEE2645B0597CD2B503869F9846463 created at Wed Jul 05 16:55:09 KST 2023
##########Session ID C9DED396DC0C261FBF00CA7B96E99EFA created at Wed Jul 05 16:55:11 KST 2023
##########Session ID 77DE04097FC289559E91108E4C48530A created at Wed Jul 05 16:55:13 KST 2023
##########Session ID DBAE5BA2060969FBE04D0E233FA1F4EE created at Wed Jul 05 16:55:15 KST 2023
##########Session ID 491992B99B6A63B8D5051118D5440DE6 created at Wed Jul 05 16:55:16 KST 2023
##########Session ID DF3AEE3D2AD004864F7BC1F2166B9BD6 destroyed at Wed Jul 05 18:17:21 KST 2023
##########Session ID 9A6E45E3C905A07FFBC1925479B94228 destroyed at Wed Jul 05 18:17:21 KST 2023
##########Session ID 4172E055BF873129A7741A6A6CC1E448 destroyed at Wed Jul 05 18:17:21 KST 2023
##########Session ID 53DBED10A0B2D783D5BCD1E7776B3754 destroyed at Wed Jul 05 18:17:21 KST 2023
##########Session ID C86DCDFF2695E5EA932D8AD5B3F7D1B1 destroyed at Wed Jul 05 19:00:22 KST 2023
##########Session ID 43AF0E3B174967E69CF40A2561AFDE4D destroyed at Wed Jul 05 19:00:22 KST 2023
##########Session ID 8D9FA6B304F0E7110BC1410B47EEC178 destroyed at Wed Jul 05 21:47:25 KST 2023
##########Session ID F81C90A113EE0DBE628DB5D9CE1A6E71 created at Thu Jul 06 02:06:45 KST 2023
##########Session ID 4459F0EE9A5926135F6E5FB11E90474E destroyed at Thu Jul 06 02:35:30 KST 2023
##########Session ID C7D12CD5EEF05ED2AEC138DB653C9155 destroyed at Thu Jul 06 03:31:31 KST 2023
##########Session ID E61F0BB04C06040EB31F8630DDC250DE destroyed at Thu Jul 06 07:47:35 KST 2023
##########Session ID 5AA93CEF2E7267ADD5FF215498C55322 destroyed at Thu Jul 06 07:47:35 KST 2023
##########Session ID 8AB6798AB1053C10D58F8BD6E82B1A0A destroyed at Thu Jul 06 11:28:39 KST 2023
##########Session ID 151E7F3282DB67F2F521A37DEEA9CB6F destroyed at Thu Jul 06 15:03:43 KST 2023
##########Session ID F422A34ACBDCEB86B2705658B0780AA9 destroyed at Thu Jul 06 15:03:43 KST 2023
##########Session ID 1888DEB05752839A71DE3702111E6AE1 destroyed at Thu Jul 06 15:03:43 KST 2023
##########Session ID 062FE2D2D0CE0B5E3502403376428372 destroyed at Thu Jul 06 15:03:43 KST 2023
##########Session ID 284D4D43D755FE0D44DED5382BE371A9 destroyed at Thu Jul 06 15:03:43 KST 2023
##########Session ID 950A5757099D382BD9C70A59344B98DE destroyed at Thu Jul 06 15:04:43 KST 2023
##########Session ID A6B7DB9E5D334FF0B69AB5BB0BEFEC09 destroyed at Thu Jul 06 15:04:43 KST 2023
##########Session ID 49D68E07789316D629CC93CF8FFFB760 destroyed at Thu Jul 06 15:04:43 KST 2023
##########Session ID 6957BF58110EE83EA0414447CF3571F5 destroyed at Thu Jul 06 15:04:43 KST 2023
##########Session ID 8917B819EA39DD0F2A8E3DAAEA197CB0 destroyed at Thu Jul 06 15:04:43 KST 2023
##########Session ID 9E4B3B1EAD5517E626333F269FC92E9E destroyed at Thu Jul 06 15:05:43 KST 2023
##########Session ID 1AF0AC761BF970F4A7ED9DF0E4CE4C15 destroyed at Thu Jul 06 15:46:43 KST 2023
##########Session ID D7DCF7F319D37F1F92265390C8444C70 destroyed at Thu Jul 06 16:07:44 KST 2023
##########Session ID 74041DF74F054A39349797A4CBF2357C destroyed at Thu Jul 06 16:07:44 KST 2023
##########Session ID B28A1807EBEC6986832F0313CE41C8FF destroyed at Thu Jul 06 16:55:44 KST 2023
##########Session ID 1D504CBC3A058BE6EA173A9446DD557C destroyed at Thu Jul 06 16:55:44 KST 2023
##########Session ID 31A915B88B66BDDED9F809C7E1A5A140 destroyed at Thu Jul 06 16:55:44 KST 2023
##########Session ID DBAE5BA2060969FBE04D0E233FA1F4EE destroyed at Thu Jul 06 16:55:44 KST 2023
##########Session ID BA2C71D5B42BEEDBBCC261DE6FB92D10 destroyed at Thu Jul 06 16:55:44 KST 2023
##########Session ID C9DED396DC0C261FBF00CA7B96E99EFA destroyed at Thu Jul 06 16:55:44 KST 2023
##########Session ID 37AEE2645B0597CD2B503869F9846463 destroyed at Thu Jul 06 16:55:44 KST 2023
##########Session ID E4ED9BD8E968115D0A5E881CBA18C608 destroyed at Thu Jul 06 16:55:44 KST 2023
##########Session ID E399BF56DA367152470B127609824CD6 destroyed at Thu Jul 06 16:55:44 KST 2023
##########Session ID 28970D46185744CBF6738B9AE1664401 destroyed at Thu Jul 06 16:55:44 KST 2023
##########Session ID 77DE04097FC289559E91108E4C48530A destroyed at Thu Jul 06 16:55:44 KST 2023
##########Session ID 491992B99B6A63B8D5051118D5440DE6 destroyed at Thu Jul 06 16:55:44 KST 2023
##########Session ID 601155CF47C4814F08ECBEE46169F416 destroyed at Thu Jul 06 16:55:44 KST 2023
##########Session ID 2AFE8A2818ADF4662417676BF835397F created at Fri Jul 07 02:05:48 KST 2023
##########Session ID F81C90A113EE0DBE628DB5D9CE1A6E71 destroyed at Fri Jul 07 02:06:54 KST 2023
##########Session ID 0EAF0555789838998BBB9CCEAD640FEA destroyed at Fri Jul 07 10:22:02 KST 2023
##########Session ID D7A8B32C5F2D775204E0A58FBAB0BA19 destroyed at Fri Jul 07 12:32:04 KST 2023
##########Session ID E9CFB28103F471B91D9748B2CAE5116D destroyed at Fri Jul 07 13:38:06 KST 2023
##########Session ID 0BC1481C20C78FCD80C9F7A78F36E5C2 destroyed at Fri Jul 07 15:03:07 KST 2023
##########Session ID 00EBBB5476121B06A364A14102C1E755 destroyed at Fri Jul 07 15:03:07 KST 2023
##########Session ID 22B751CE845A8188C89A57BDE749ADAC destroyed at Fri Jul 07 15:11:07 KST 2023
##########Session ID D44A4DC2355C5FD6A242A6B70D063268 destroyed at Fri Jul 07 15:11:07 KST 2023
##########Session ID 1B50B6084794D3FBF9528BF5B0DF3651 created at Sat Jul 08 01:21:24 KST 2023
##########Session ID 2AFE8A2818ADF4662417676BF835397F destroyed at Sat Jul 08 02:06:18 KST 2023
##########Session ID F45D57B5A12986F2554A5822D1AE560A destroyed at Sat Jul 08 07:48:24 KST 2023
##########Session ID 9A2FE3298DA8A06033C9DF9303C43ABF destroyed at Sat Jul 08 07:48:24 KST 2023
##########Session ID D2FC9CBE8198429CAF37F423BD9A619D destroyed at Sat Jul 08 11:16:28 KST 2023
##########Session ID 7F05111381E687D474743AB844B2F277 destroyed at Sat Jul 08 12:34:29 KST 2023
##########Session ID BFAEA807807435AB0A924A99CCBD4E24 destroyed at Sat Jul 08 15:36:32 KST 2023
##########Session ID 1B50B6084794D3FBF9528BF5B0DF3651 destroyed at Sun Jul 09 01:21:42 KST 2023
##########Session ID 177FE0304EAE327B37465256319E5AB3 destroyed at Sun Jul 09 02:39:43 KST 2023
##########Session ID 9EC124BA95DCE30C4A18B79EA073249A created at Sun Jul 09 03:06:17 KST 2023
##########Session ID 3D56C9EDEEBDAFD1414C80D566CF88A6 destroyed at Sun Jul 09 15:33:57 KST 2023
##########Session ID F64C50A3FBF433951EEE3D0703E29E3E destroyed at Sun Jul 09 15:33:57 KST 2023
##########Session ID 9EC124BA95DCE30C4A18B79EA073249A destroyed at Mon Jul 10 03:07:08 KST 2023
##########Session ID 63DEB3FBAB82777E646B6E5EFDCD0A43 created at Mon Jul 10 06:29:43 KST 2023
##########Session ID 10E2EBACCC7A65833B1E2BDA13116A8C created at Mon Jul 10 10:14:22 KST 2023
##########Session ID FB3C1E41A622E8D1EFC0D681A706FB95 created at Mon Jul 10 15:40:53 KST 2023
##########Session ID 9CFCC5551E56517CEAB6E9ED891D2267 created at Mon Jul 10 17:24:34 KST 2023
##########Session ID 4CEDD055A89B01F108106F5781ADF996 destroyed at Mon Jul 10 19:09:25 KST 2023
##########Session ID 4336C9385EEF66ED2C7638ED587DCFA7 destroyed at Mon Jul 10 19:09:25 KST 2023
##########Session ID F683AA405848A73DCB2B7569E7F29739 created at Tue Jul 11 03:38:07 KST 2023
##########Session ID 63DEB3FBAB82777E646B6E5EFDCD0A43 destroyed at Tue Jul 11 06:30:36 KST 2023
##########Session ID 8ACE1300505CB6B71F6A73221A574430 destroyed at Tue Jul 11 09:28:39 KST 2023
##########Session ID 092C93883CBF5DCBE6556012FA170BF3 destroyed at Tue Jul 11 09:28:39 KST 2023
##########Session ID 10E2EBACCC7A65833B1E2BDA13116A8C destroyed at Tue Jul 11 10:14:40 KST 2023
##########Session ID C0B6EABA3EB47D25C7DF2C469210E797 destroyed at Tue Jul 11 10:14:40 KST 2023
##########Session ID 208A0C793289F5CCA2916853D2F16F87 created at Tue Jul 11 11:40:28 KST 2023
##########Session ID 59E28A24EB3DF6502D4E130753D25308 created at Tue Jul 11 11:45:16 KST 2023
##########Session ID B873DFC5C41555FD845D111A6B018D82 destroyed at Tue Jul 11 14:53:45 KST 2023
##########Session ID 885721CA49540C46FE21CA88E9CEF3F4 destroyed at Tue Jul 11 15:03:45 KST 2023
##########Session ID 036973ED6EEC8132CFDBE69EAFD56C31 destroyed at Tue Jul 11 15:09:45 KST 2023
##########Session ID 531C2D385D4F45DA62A17E0D08C5EF88 destroyed at Tue Jul 11 15:33:46 KST 2023
##########Session ID EDF83CA45DCE7B8EE3421D3A53171783 destroyed at Tue Jul 11 15:33:46 KST 2023
##########Session ID FB3C1E41A622E8D1EFC0D681A706FB95 destroyed at Tue Jul 11 15:41:46 KST 2023
##########Session ID 79D3E2415C870CD47A55DF0946ECF746 destroyed at Tue Jul 11 15:46:46 KST 2023
##########Session ID 93572335AAAC34A0DCF22C6BA97D2FCD destroyed at Tue Jul 11 15:46:46 KST 2023
##########Session ID 0441C6ADF85CB85C654AF5143918B5F0 destroyed at Tue Jul 11 15:47:46 KST 2023
##########Session ID E540BB762BBD2794FD630B3F325B285C destroyed at Tue Jul 11 15:48:46 KST 2023
##########Session ID 706DC077BDD64423751DE1CD8935CBCF destroyed at Tue Jul 11 16:46:47 KST 2023
##########Session ID A363A02119DF2A3DD19FC7A6277C8901 destroyed at Tue Jul 11 17:24:47 KST 2023
##########Session ID D94569B0BA1E0E0337E215E2FC6BE263 destroyed at Tue Jul 11 17:28:48 KST 2023
##########Session ID 09F1E259E95E55AD1B3476CF22D653EC destroyed at Tue Jul 11 22:03:52 KST 2023
##########Session ID 939786AC9DFE8CFF8CDD7CEE383411F4 created at Tue Jul 11 23:58:36 KST 2023
##########Session ID F683AA405848A73DCB2B7569E7F29739 destroyed at Wed Jul 12 03:38:58 KST 2023
##########Session ID 208A0C793289F5CCA2916853D2F16F87 destroyed at Wed Jul 12 11:41:06 KST 2023
##########Session ID 59E28A24EB3DF6502D4E130753D25308 destroyed at Wed Jul 12 11:46:06 KST 2023
##########Session ID 3DACAF6022DA5CB482C105E7AEE0B5B7 destroyed at Wed Jul 12 11:46:06 KST 2023
##########Session ID 0BA21131340845B75C609A6B8B69C4EC destroyed at Wed Jul 12 11:47:06 KST 2023
##########Session ID 299A521871623EC8B5E7C9F189531F36 created at Wed Jul 12 12:01:55 KST 2023
##########Session ID 0EBCF1364FAECFBC46C37BA734B02A04 created at Wed Jul 12 14:28:26 KST 2023
##########Session ID 757418B604C9D19841F9E01891C9A49D destroyed at Wed Jul 12 14:52:09 KST 2023
##########Session ID A4A1A7125D29C6E831626D8337BE3F83 destroyed at Wed Jul 12 14:52:09 KST 2023
##########Session ID 3FE13890C724492489BD937C8DA9B215 destroyed at Wed Jul 12 15:18:10 KST 2023
##########Session ID 939786AC9DFE8CFF8CDD7CEE383411F4 destroyed at Wed Jul 12 23:59:19 KST 2023
##########Session ID AF345DCBB46EB1CC9F5EB197416B0002 created at Thu Jul 13 00:57:02 KST 2023
##########Session ID 1BDB327C85AA56C1EC03FE00A28E1429 destroyed at Thu Jul 13 04:23:23 KST 2023
##########Session ID 09C6F2CBD544294E59AB0BBB52AE2DDF destroyed at Thu Jul 13 04:23:23 KST 2023
##########Session ID F2DA0CCAFA5BD381BA6F84EA63B82B32 created at Thu Jul 13 05:15:51 KST 2023
##########Session ID 4D4BCB52B1518C520ECAAB0309F39E31 destroyed at Thu Jul 13 10:15:29 KST 2023
##########Session ID F2EBADB8672314992AE9523A5EC1D853 destroyed at Thu Jul 13 11:03:30 KST 2023
##########Session ID B175F8E6D6C7EBB030320C3E125C0773 destroyed at Thu Jul 13 11:17:30 KST 2023
##########Session ID 4412552B061824B5AA3964C5DC510E97 destroyed at Thu Jul 13 12:00:31 KST 2023
##########Session ID 9FCCBBE93A6C453AFA03BFED4FE77737 destroyed at Thu Jul 13 12:02:31 KST 2023
##########Session ID 299A521871623EC8B5E7C9F189531F36 destroyed at Thu Jul 13 12:02:31 KST 2023
##########Session ID 370A270DC3FC0E3C60C1946735FEDFFC created at Thu Jul 13 12:48:06 KST 2023
##########Session ID 23C439CB44C6BAB98355E397DDCBF54E created at Thu Jul 13 12:48:30 KST 2023
##########Session ID 027D1CCC084845D14936D47C0781726D created at Thu Jul 13 12:48:42 KST 2023
##########Session ID D41C08FB268763ABAD174A1A9A66B80A created at Thu Jul 13 12:49:07 KST 2023
##########Session ID 0EBCF1364FAECFBC46C37BA734B02A04 destroyed at Thu Jul 13 14:28:40 KST 2023
##########Session ID 8C7B1A9A0D0935B920EF27E8ADE45D97 destroyed at Thu Jul 13 17:50:44 KST 2023
##########Session ID 56DB3CE9C803ECFD630D4FF748ECF926 destroyed at Thu Jul 13 17:50:44 KST 2023
##########Session ID AF345DCBB46EB1CC9F5EB197416B0002 destroyed at Fri Jul 14 00:57:53 KST 2023
##########Session ID 980D5A38CD2F77BC6F41851695E8FB8C destroyed at Fri Jul 14 01:09:53 KST 2023
##########Session ID 36653BB6B48AB4CB60C79733FD7BA21C destroyed at Fri Jul 14 01:09:53 KST 2023
##########Session ID F2DA0CCAFA5BD381BA6F84EA63B82B32 destroyed at Fri Jul 14 05:15:58 KST 2023
##########Session ID 9205BAB7CF0FF34271B05428E6D8137F created at Fri Jul 14 06:13:16 KST 2023
##########Session ID E4AA54FF62C34EFE8B6A3F2314677AB8 destroyed at Fri Jul 14 07:49:01 KST 2023
##########Session ID B5C7E9207E2134F8AA8528821B9E0019 destroyed at Fri Jul 14 11:30:06 KST 2023
##########Session ID 5C3D863866C0CBEC30AA3D1008778BC4 destroyed at Fri Jul 14 12:29:07 KST 2023
##########Session ID 49BDC1C10B38FCBC393A8D3C3484F9BF destroyed at Fri Jul 14 12:48:07 KST 2023
##########Session ID 370A270DC3FC0E3C60C1946735FEDFFC destroyed at Fri Jul 14 12:48:07 KST 2023
##########Session ID A1CCAB1469C96CF674A649BFE5884E9E destroyed at Fri Jul 14 12:48:07 KST 2023
##########Session ID 063600129A63973DCBF17970047037EF destroyed at Fri Jul 14 12:48:07 KST 2023
##########Session ID E218E675F760677E917B6A26C414EFF4 destroyed at Fri Jul 14 12:48:07 KST 2023
##########Session ID 8C8ED6423FFA286640B4287CEDF1ED12 destroyed at Fri Jul 14 12:48:07 KST 2023
##########Session ID D41C08FB268763ABAD174A1A9A66B80A destroyed at Fri Jul 14 12:49:07 KST 2023
##########Session ID 027D1CCC084845D14936D47C0781726D destroyed at Fri Jul 14 12:49:07 KST 2023
##########Session ID 23C439CB44C6BAB98355E397DDCBF54E destroyed at Fri Jul 14 12:49:07 KST 2023
##########Session ID E05A225CD646F0148E2E4FF78C3EE53A destroyed at Fri Jul 14 12:49:07 KST 2023
##########Session ID 10D921D27E37759446C90EF59712E42B destroyed at Fri Jul 14 12:49:07 KST 2023
##########Session ID 25BA14A922F88E261C4BB4A9A3220746 destroyed at Fri Jul 14 15:50:11 KST 2023
##########Session ID B5B43853F74C9B34EA07B52B52D32192 destroyed at Fri Jul 14 15:50:11 KST 2023
##########Session ID 593372D0342A5B2AD3CC4BDAC5709113 destroyed at Fri Jul 14 16:14:12 KST 2023
##########Session ID 1B635A4DFF52C2F9D2B431F9260166FF destroyed at Fri Jul 14 18:17:14 KST 2023
##########Session ID 05A41935CB47281F4581E3CDD0A9CB1C destroyed at Fri Jul 14 18:17:14 KST 2023
##########Session ID 2D226A800F80FC8DCDC815A9295FCA07 destroyed at Fri Jul 14 22:20:19 KST 2023
##########Session ID F38647B7F8043D1C64E59BD084734159 created at Sat Jul 15 01:24:44 KST 2023
##########Session ID AF8681FEE4B0319E2AD90D44DA46EC65 created at Sat Jul 15 01:33:32 KST 2023
##########Session ID CB10BBF0DA828C97E032B8C7CDC4D005 created at Sat Jul 15 02:32:00 KST 2023
##########Session ID 5F58108471B7C48E4D1EEA70D6C615BA created at Sat Jul 15 02:32:17 KST 2023
##########Session ID 9205BAB7CF0FF34271B05428E6D8137F destroyed at Sat Jul 15 06:13:29 KST 2023
##########Session ID 08958BA98303182300A64C281F5D795E destroyed at Sat Jul 15 12:18:36 KST 2023
##########Session ID 0358D8907A72D1EA058FD42E34A443FD destroyed at Sat Jul 15 12:18:36 KST 2023
##########Session ID 460F393DCEE8F92578060AAF8E4A1487 destroyed at Sat Jul 15 17:00:42 KST 2023
##########Session ID C3C5BD5BC4113A325FF7628814B1A3FB created at Sat Jul 15 19:27:40 KST 2023
##########Session ID A2ED5EF55191D9A10DC167D38378FC80 destroyed at Sat Jul 15 23:21:49 KST 2023
##########Session ID C1B80CCAEA31170F87DF89E5FD17E4FA created at Sat Jul 15 23:26:26 KST 2023
##########Session ID F38647B7F8043D1C64E59BD084734159 destroyed at Sun Jul 16 01:24:52 KST 2023
##########Session ID AF8681FEE4B0319E2AD90D44DA46EC65 destroyed at Sun Jul 16 01:33:52 KST 2023
##########Session ID 7B0B60358A0459CCB45D058C0A72E5C3 destroyed at Sun Jul 16 02:32:53 KST 2023
##########Session ID CB10BBF0DA828C97E032B8C7CDC4D005 destroyed at Sun Jul 16 02:32:53 KST 2023
##########Session ID 5F58108471B7C48E4D1EEA70D6C615BA destroyed at Sun Jul 16 02:32:53 KST 2023
##########Session ID ACB6ECCD6AAAA044A0FA3C2C697E157A created at Sun Jul 16 03:37:53 KST 2023
##########Session ID BCE6D92CB282727375A5AD2C15E2D395 created at Sun Jul 16 05:59:10 KST 2023
##########Session ID CC41A9EBB44D9B1EE1539AD66BF8CBE9 destroyed at Sun Jul 16 06:22:58 KST 2023
##########Session ID 5419B5D9DC1DD96BBF8A232EA546CB36 destroyed at Sun Jul 16 08:12:00 KST 2023
##########Session ID 8CD20C26FF874CE353375ED0EF98B41D destroyed at Sun Jul 16 08:54:01 KST 2023
##########Session ID 1FB35F8F315F986829868041457C6953 created at Sun Jul 16 11:42:31 KST 2023
##########Session ID 53E50F3593CFCB8EABCF84C81B71431A destroyed at Sun Jul 16 13:15:06 KST 2023
##########Session ID 75EEA5AA7D6A595DAE45012F83CBC144 destroyed at Sun Jul 16 13:15:06 KST 2023
##########Session ID 92458078CEF33DC14A52BC0C51319281 created at Sun Jul 16 15:08:46 KST 2023
##########Session ID 98623C3A158C5757A2EB5AC5EB15DEDE created at Sun Jul 16 15:08:48 KST 2023
##########Session ID 1DB15F396249A2D461CA6352DC1B104D created at Sun Jul 16 15:08:49 KST 2023
##########Session ID FD2286D71C6CB18852592971FF1F5207 created at Sun Jul 16 15:08:54 KST 2023
##########Session ID C3C5BD5BC4113A325FF7628814B1A3FB destroyed at Sun Jul 16 19:28:14 KST 2023
##########Session ID 25396DC21F15F570DBA90BAE852D6239 destroyed at Sun Jul 16 19:28:14 KST 2023
##########Session ID 3FF4239A4466421AC5AB31FD10278510 destroyed at Sun Jul 16 19:28:14 KST 2023
##########Session ID 5490E68EEB5D88F7E607E92E16386EC7 destroyed at Sun Jul 16 23:24:19 KST 2023
##########Session ID AA65960A6A5D0DC7A975CE68B0608759 destroyed at Sun Jul 16 23:27:19 KST 2023
##########Session ID B5300543E3DE45F8BE33C7DBAD285C9D destroyed at Sun Jul 16 23:27:19 KST 2023
##########Session ID C1B80CCAEA31170F87DF89E5FD17E4FA destroyed at Sun Jul 16 23:27:19 KST 2023
##########Session ID ACB6ECCD6AAAA044A0FA3C2C697E157A destroyed at Mon Jul 17 03:38:24 KST 2023
##########Session ID FD5D7C636DEBBE0C703DA274CDC81BB1 destroyed at Mon Jul 17 05:33:26 KST 2023
##########Session ID 4F0B9587D74A647D2AEDD93D1D619910 destroyed at Mon Jul 17 05:33:26 KST 2023
##########Session ID 793944F9A3D3F65BC2D5A4E918CDB29C created at Mon Jul 17 05:54:13 KST 2023
##########Session ID BCE6D92CB282727375A5AD2C15E2D395 destroyed at Mon Jul 17 05:59:27 KST 2023
##########Session ID FED6C107B0B6A2A2C5D294AF2DF2DD12 created at Mon Jul 17 12:08:34 KST 2023
