
2024-03-28 10:45:19 Commons Daemon procrun stdout initialized
##########Session ID D16C9FB757E1A32CDAE96843648C467A destroyed at Thu Mar 28 13:46:38 KST 2024 Session Counts:  6
ERROR 13:46:38.202 [ContainerBackgroundProcessor[StandardEngine[Catalina]]] sems.cm.ctrl.HttpSessionCheckingListener[sessionDestroyed:31] - ##########Session ID D16C9FB757E1A32CDAE96843648C467A destroyed at Thu Mar 28 13:46:38 KST 2024 6
##########Session ID 9D1F55BCD1C1832A2858B95E58102392 destroyed at Thu Mar 28 13:49:38 KST 2024 Session Counts:  5
ERROR 13:49:38.203 [ContainerBackgroundProcessor[StandardEngine[Catalina]]] sems.cm.ctrl.HttpSessionCheckingListener[sessionDestroyed:31] - ##########Session ID 9D1F55BCD1C1832A2858B95E58102392 destroyed at Thu Mar 28 13:49:38 KST 2024 5
##########Session ID 9A0DD6C9F5C9A7B75A9DE44A8CE4C8DD destroyed at Thu Mar 28 13:50:38 KST 2024 Session Counts:  4
ERROR 13:50:38.204 [ContainerBackgroundProcessor[StandardEngine[Catalina]]] sems.cm.ctrl.HttpSessionCheckingListener[sessionDestroyed:31] - ##########Session ID 9A0DD6C9F5C9A7B75A9DE44A8CE4C8DD destroyed at Thu Mar 28 13:50:38 KST 2024 4
##########Session ID 01D47EE359224DBE4F18880AF18D02EB destroyed at Thu Mar 28 14:47:38 KST 2024 Session Counts:  3
ERROR 14:47:38.706 [ContainerBackgroundProcessor[StandardEngine[Catalina]]] sems.cm.ctrl.HttpSessionCheckingListener[sessionDestroyed:31] - ##########Session ID 01D47EE359224DBE4F18880AF18D02EB destroyed at Thu Mar 28 14:47:38 KST 2024 3
##########Session ID 72F8B919F6C04EAD109B33C9CCC6899D destroyed at Thu Mar 28 14:55:38 KST 2024 Session Counts:  2
ERROR 14:55:38.767 [ContainerBackgroundProcessor[StandardEngine[Catalina]]] sems.cm.ctrl.HttpSessionCheckingListener[sessionDestroyed:31] - ##########Session ID 72F8B919F6C04EAD109B33C9CCC6899D destroyed at Thu Mar 28 14:55:38 KST 2024 2
##########Session ID F1871F907F97BB6BCE3C488ABF779D91 destroyed at Thu Mar 28 15:32:39 KST 2024 Session Counts:  1
ERROR 15:32:39.103 [ContainerBackgroundProcessor[StandardEngine[Catalina]]] sems.cm.ctrl.HttpSessionCheckingListener[sessionDestroyed:31] - ##########Session ID F1871F907F97BB6BCE3C488ABF779D91 destroyed at Thu Mar 28 15:32:39 KST 2024 1
##########Session ID AB0A4ACE6FDE35CA272F9436DF0CC631 created at Thu Mar 28 16:15:12 KST 2024 Session Counts: 6
##########Session ID 31229F09D4C464003650443D050892CC created at Thu Mar 28 16:15:12 KST 2024 Session Counts: 7
ERROR 16:15:12.971 [http-bio-12443-exec-1] sems.cm.ctrl.HttpSessionCheckingListener[sessionCreated:24] - ##########Session ID AB0A4ACE6FDE35CA272F9436DF0CC631 created at Thu Mar 28 16:15:12 KST 2024 7
ERROR 16:15:12.971 [http-bio-12443-exec-9] sems.cm.ctrl.HttpSessionCheckingListener[sessionCreated:24] - ##########Session ID 31229F09D4C464003650443D050892CC created at Thu Mar 28 16:15:12 KST 2024 7
##########Session ID 3161A829511D350CB2B463C9A4B7DFCD destroyed at Thu Mar 28 16:34:39 KST 2024 Session Counts:  8
ERROR 16:34:39.823 [ContainerBackgroundProcessor[StandardEngine[Catalina]]] sems.cm.ctrl.HttpSessionCheckingListener[sessionDestroyed:31] - ##########Session ID 3161A829511D350CB2B463C9A4B7DFCD destroyed at Thu Mar 28 16:34:39 KST 2024 8

2024-03-28 18:09:13 Commons Daemon procrun stdout initialized
##########Session ID 7E1DD0EE290EDFAC971407619B217ECC created at Thu Mar 28 18:15:13 KST 2024 Session Counts: 1
ERROR 18:15:13.411 [http-bio-12443-exec-4] sems.cm.ctrl.HttpSessionCheckingListener[sessionCreated:24] - ##########Session ID 7E1DD0EE290EDFAC971407619B217ECC created at Thu Mar 28 18:15:13 KST 2024 1

2024-03-28 18:56:01 Commons Daemon procrun stdout initialized
##########Session ID B43C12BDE86550BD132D03554F5136D7 created at Thu Mar 28 20:25:19 KST 2024 Session Counts: 3
ERROR 20:25:19.526 [http-bio-12443-exec-3] sems.cm.ctrl.HttpSessionCheckingListener[sessionCreated:24] - ##########Session ID B43C12BDE86550BD132D03554F5136D7 created at Thu Mar 28 20:25:19 KST 2024 3
##########Session ID CDFD76B1C2D061CFD0F5680851EA5DAF destroyed at Thu Mar 28 23:23:33 KST 2024 Session Counts:  2
ERROR 23:23:33.893 [ContainerBackgroundProcessor[StandardEngine[Catalina]]] sems.cm.ctrl.HttpSessionCheckingListener[sessionDestroyed:31] - ##########Session ID CDFD76B1C2D061CFD0F5680851EA5DAF destroyed at Thu Mar 28 23:23:33 KST 2024 2
##########Session ID B43C12BDE86550BD132D03554F5136D7 destroyed at Thu Mar 28 23:25:33 KST 2024 Session Counts:  1
ERROR 23:25:33.895 [ContainerBackgroundProcessor[StandardEngine[Catalina]]] sems.cm.ctrl.HttpSessionCheckingListener[sessionDestroyed:31] - ##########Session ID B43C12BDE86550BD132D03554F5136D7 destroyed at Thu Mar 28 23:25:33 KST 2024 1
##########Session ID BE601616864349BF16FEE262FD98ABB8 destroyed at Thu Mar 28 23:28:33 KST 2024 Session Counts:  0
ERROR 23:28:33.953 [ContainerBackgroundProcessor[StandardEngine[Catalina]]] sems.cm.ctrl.HttpSessionCheckingListener[sessionDestroyed:31] - ##########Session ID BE601616864349BF16FEE262FD98ABB8 destroyed at Thu Mar 28 23:28:33 KST 2024 0
