
2024-02-28 13:55:47 Commons Daemon procrun stdout initialized
##########Session ID EDF606DE8928E084EC448DF753F4048A destroyed at Wed Feb 28 15:30:11 KST 2024 Session Counts:  2
ERROR 15:30:11.720 [ContainerBackgroundProcessor[StandardEngine[Catalina]]] sems.cm.ctrl.HttpSessionCheckingListener[sessionDestroyed:31] - ##########Session ID EDF606DE8928E084EC448DF753F4048A destroyed at Wed Feb 28 15:30:11 KST 2024 2
##########Session ID 877D761D13C36D0FCA693BEA9C46E34D destroyed at Wed Feb 28 15:31:11 KST 2024 Session Counts:  1
ERROR 15:31:11.745 [ContainerBackgroundProcessor[StandardEngine[Catalina]]] sems.cm.ctrl.HttpSessionCheckingListener[sessionDestroyed:31] - ##########Session ID 877D761D13C36D0FCA693BEA9C46E34D destroyed at Wed Feb 28 15:31:11 KST 2024 1
##########Session ID 6894CCF6951582B548DAE13498B6C9C5 created at Wed Feb 28 16:32:37 KST 2024 Session Counts: 3
ERROR 16:32:37.822 [http-bio-12443-exec-6] sems.cm.ctrl.HttpSessionCheckingListener[sessionCreated:24] - ##########Session ID 6894CCF6951582B548DAE13498B6C9C5 created at Wed Feb 28 16:32:37 KST 2024 3
##########Session ID 8FAD9AF36158BABEDE95343FE7B0703B destroyed at Wed Feb 28 18:02:15 KST 2024 Session Counts:  2
ERROR 18:02:15.166 [ContainerBackgroundProcessor[StandardEngine[Catalina]]] sems.cm.ctrl.HttpSessionCheckingListener[sessionDestroyed:31] - ##########Session ID 8FAD9AF36158BABEDE95343FE7B0703B destroyed at Wed Feb 28 18:02:15 KST 2024 2
##########Session ID 66C22479EBAA6B1A500EFE33FE856A1A destroyed at Wed Feb 28 18:03:15 KST 2024 Session Counts:  1
ERROR 18:03:15.190 [ContainerBackgroundProcessor[StandardEngine[Catalina]]] sems.cm.ctrl.HttpSessionCheckingListener[sessionDestroyed:31] - ##########Session ID 66C22479EBAA6B1A500EFE33FE856A1A destroyed at Wed Feb 28 18:03:15 KST 2024 1
##########Session ID A4E0C1E1084774B4EC646B4FCE6AC0F3 destroyed at Wed Feb 28 19:33:17 KST 2024 Session Counts:  0
ERROR 19:33:17.209 [ContainerBackgroundProcessor[StandardEngine[Catalina]]] sems.cm.ctrl.HttpSessionCheckingListener[sessionDestroyed:31] - ##########Session ID A4E0C1E1084774B4EC646B4FCE6AC0F3 destroyed at Wed Feb 28 19:33:17 KST 2024 0
##########Session ID 6894CCF6951582B548DAE13498B6C9C5 destroyed at Wed Feb 28 19:33:17 KST 2024 Session Counts:  -1
ERROR 19:33:17.211 [ContainerBackgroundProcessor[StandardEngine[Catalina]]] sems.cm.ctrl.HttpSessionCheckingListener[sessionDestroyed:31] - ##########Session ID 6894CCF6951582B548DAE13498B6C9C5 destroyed at Wed Feb 28 19:33:17 KST 2024 -1
##########Session ID 9C3E1EC9AE5E0B63C47AD100E25EFA99 destroyed at Wed Feb 28 20:35:18 KST 2024 Session Counts:  -1
ERROR 20:35:18.598 [ContainerBackgroundProcessor[StandardEngine[Catalina]]] sems.cm.ctrl.HttpSessionCheckingListener[sessionDestroyed:31] - ##########Session ID 9C3E1EC9AE5E0B63C47AD100E25EFA99 destroyed at Wed Feb 28 20:35:18 KST 2024 -1
##########Session ID A33C7525DD6B38080BD28A5D1B62CA6D destroyed at Thu Feb 29 00:22:23 KST 2024 Session Counts:  0
ERROR 00:22:23.665 [ContainerBackgroundProcessor[StandardEngine[Catalina]]] sems.cm.ctrl.HttpSessionCheckingListener[sessionDestroyed:31] - ##########Session ID A33C7525DD6B38080BD28A5D1B62CA6D destroyed at Thu Feb 29 00:22:23 KST 2024 0
##########Session ID BDB2DC02C0CB432F66385C8214F3D410 destroyed at Thu Feb 29 00:45:24 KST 2024 Session Counts:  -1
ERROR 00:45:24.177 [ContainerBackgroundProcessor[StandardEngine[Catalina]]] sems.cm.ctrl.HttpSessionCheckingListener[sessionDestroyed:31] - ##########Session ID BDB2DC02C0CB432F66385C8214F3D410 destroyed at Thu Feb 29 00:45:24 KST 2024 -1
##########Session ID B057007615C111AD7076FA95974C9A0B destroyed at Thu Feb 29 03:16:27 KST 2024 Session Counts:  -2
ERROR 03:16:27.762 [ContainerBackgroundProcessor[StandardEngine[Catalina]]] sems.cm.ctrl.HttpSessionCheckingListener[sessionDestroyed:31] - ##########Session ID B057007615C111AD7076FA95974C9A0B destroyed at Thu Feb 29 03:16:27 KST 2024 -2
##########Session ID 38FD0B2AA1F5998225D00F3815A47B6C created at Thu Feb 29 13:40:39 KST 2024 Session Counts: 5
ERROR 13:40:39.308 [http-bio-12443-exec-4] sems.cm.ctrl.HttpSessionCheckingListener[sessionCreated:24] - ##########Session ID 38FD0B2AA1F5998225D00F3815A47B6C created at Thu Feb 29 13:40:39 KST 2024 5
##########Session ID 6568EA0BB8A5B9C0DC64A2D2589FE1E2 destroyed at Thu Feb 29 13:55:42 KST 2024 Session Counts:  5
ERROR 13:55:42.886 [ContainerBackgroundProcessor[StandardEngine[Catalina]]] sems.cm.ctrl.HttpSessionCheckingListener[sessionDestroyed:31] - ##########Session ID 6568EA0BB8A5B9C0DC64A2D2589FE1E2 destroyed at Thu Feb 29 13:55:42 KST 2024 5
##########Session ID 07D4A5B7236AFD42500506C683A8804E destroyed at Thu Feb 29 14:40:43 KST 2024 Session Counts:  5
ERROR 14:40:43.974 [ContainerBackgroundProcessor[StandardEngine[Catalina]]] sems.cm.ctrl.HttpSessionCheckingListener[sessionDestroyed:31] - ##########Session ID 07D4A5B7236AFD42500506C683A8804E destroyed at Thu Feb 29 14:40:43 KST 2024 5
##########Session ID 53FCC36B8795283CD2644DADB6B614B1 created at Thu Feb 29 14:55:26 KST 2024 Session Counts: 6
ERROR 14:55:26.952 [http-bio-12443-exec-12] sems.cm.ctrl.HttpSessionCheckingListener[sessionCreated:24] - ##########Session ID 53FCC36B8795283CD2644DADB6B614B1 created at Thu Feb 29 14:55:26 KST 2024 6
##########Session ID 0E5ED28325F764D33E6DD0D22E7DED34 created at Thu Feb 29 15:57:43 KST 2024 Session Counts: 18
ERROR 15:57:43.749 [http-bio-12443-exec-13] sems.cm.ctrl.HttpSessionCheckingListener[sessionCreated:24] - ##########Session ID 0E5ED28325F764D33E6DD0D22E7DED34 created at Thu Feb 29 15:57:43 KST 2024 18
##########Session ID DF3A375793C8C0C6A23AE99742554629 created at Thu Feb 29 16:01:54 KST 2024 Session Counts: 21
ERROR 16:01:54.305 [http-bio-12443-exec-9] sems.cm.ctrl.HttpSessionCheckingListener[sessionCreated:24] - ##########Session ID DF3A375793C8C0C6A23AE99742554629 created at Thu Feb 29 16:01:54 KST 2024 21
##########Session ID 2185F9BFA38FCA62F9BBC50BEC94CDF9 destroyed at Thu Feb 29 16:15:46 KST 2024 Session Counts:  27
ERROR 16:15:46.273 [ContainerBackgroundProcessor[StandardEngine[Catalina]]] sems.cm.ctrl.HttpSessionCheckingListener[sessionDestroyed:31] - ##########Session ID 2185F9BFA38FCA62F9BBC50BEC94CDF9 destroyed at Thu Feb 29 16:15:46 KST 2024 27
##########Session ID 00364BCDCCCCC1226DE1639D044823B3 destroyed at Thu Feb 29 16:37:46 KST 2024 Session Counts:  26
ERROR 16:37:46.818 [ContainerBackgroundProcessor[StandardEngine[Catalina]]] sems.cm.ctrl.HttpSessionCheckingListener[sessionDestroyed:31] - ##########Session ID 00364BCDCCCCC1226DE1639D044823B3 destroyed at Thu Feb 29 16:37:46 KST 2024 26
##########Session ID 0FFBD89BA89EBA0A8354D6F8CEC5C41D created at Thu Feb 29 16:39:52 KST 2024 Session Counts: 29
ERROR 16:39:52.784 [http-bio-12443-exec-11] sems.cm.ctrl.HttpSessionCheckingListener[sessionCreated:24] - ##########Session ID 0FFBD89BA89EBA0A8354D6F8CEC5C41D created at Thu Feb 29 16:39:52 KST 2024 29
##########Session ID E024522723E3FE0D9DA89C0F5832DFDB destroyed at Thu Feb 29 16:40:46 KST 2024 Session Counts:  29
ERROR 16:40:46.895 [ContainerBackgroundProcessor[StandardEngine[Catalina]]] sems.cm.ctrl.HttpSessionCheckingListener[sessionDestroyed:31] - ##########Session ID E024522723E3FE0D9DA89C0F5832DFDB destroyed at Thu Feb 29 16:40:46 KST 2024 29
##########Session ID C640EC0EDD078AD17B9ACDB94F6E4E75 destroyed at Thu Feb 29 16:40:46 KST 2024 Session Counts:  28
ERROR 16:40:46.896 [ContainerBackgroundProcessor[StandardEngine[Catalina]]] sems.cm.ctrl.HttpSessionCheckingListener[sessionDestroyed:31] - ##########Session ID C640EC0EDD078AD17B9ACDB94F6E4E75 destroyed at Thu Feb 29 16:40:46 KST 2024 28
##########Session ID FE2D8E8FB6F4059EDC7EA646FDC20783 destroyed at Thu Feb 29 16:41:46 KST 2024 Session Counts:  28
ERROR 16:41:46.919 [ContainerBackgroundProcessor[StandardEngine[Catalina]]] sems.cm.ctrl.HttpSessionCheckingListener[sessionDestroyed:31] - ##########Session ID FE2D8E8FB6F4059EDC7EA646FDC20783 destroyed at Thu Feb 29 16:41:46 KST 2024 28
##########Session ID E749B852E569F920A7C1F3B508F2768F created at Thu Feb 29 16:54:32 KST 2024 Session Counts: 30
ERROR 16:54:32.297 [http-bio-12443-exec-12] sems.cm.ctrl.HttpSessionCheckingListener[sessionCreated:24] - ##########Session ID E749B852E569F920A7C1F3B508F2768F created at Thu Feb 29 16:54:32 KST 2024 30
##########Session ID EB214674414FB26AB178DFDBBC695DAC destroyed at Thu Feb 29 17:00:47 KST 2024 Session Counts:  29
ERROR 17:00:47.370 [ContainerBackgroundProcessor[StandardEngine[Catalina]]] sems.cm.ctrl.HttpSessionCheckingListener[sessionDestroyed:31] - ##########Session ID EB214674414FB26AB178DFDBBC695DAC destroyed at Thu Feb 29 17:00:47 KST 2024 29
##########Session ID 53FCC36B8795283CD2644DADB6B614B1 destroyed at Thu Feb 29 17:55:50 KST 2024 Session Counts:  28
ERROR 17:55:50.943 [ContainerBackgroundProcessor[StandardEngine[Catalina]]] sems.cm.ctrl.HttpSessionCheckingListener[sessionDestroyed:31] - ##########Session ID 53FCC36B8795283CD2644DADB6B614B1 destroyed at Thu Feb 29 17:55:50 KST 2024 28
##########Session ID B06BCD02711CA25C406F3C75701F525A destroyed at Thu Feb 29 17:55:50 KST 2024 Session Counts:  27
ERROR 17:55:50.944 [ContainerBackgroundProcessor[StandardEngine[Catalina]]] sems.cm.ctrl.HttpSessionCheckingListener[sessionDestroyed:31] - ##########Session ID B06BCD02711CA25C406F3C75701F525A destroyed at Thu Feb 29 17:55:50 KST 2024 27
##########Session ID C5A5C2D9279095201D799B647F497E3C destroyed at Thu Feb 29 17:56:50 KST 2024 Session Counts:  26
ERROR 17:56:50.968 [ContainerBackgroundProcessor[StandardEngine[Catalina]]] sems.cm.ctrl.HttpSessionCheckingListener[sessionDestroyed:31] - ##########Session ID C5A5C2D9279095201D799B647F497E3C destroyed at Thu Feb 29 17:56:50 KST 2024 26
##########Session ID FFFFF4602A04F188C8E752DA798C63BA destroyed at Thu Feb 29 18:23:51 KST 2024 Session Counts:  25
ERROR 18:23:51.612 [ContainerBackgroundProcessor[StandardEngine[Catalina]]] sems.cm.ctrl.HttpSessionCheckingListener[sessionDestroyed:31] - ##########Session ID FFFFF4602A04F188C8E752DA798C63BA destroyed at Thu Feb 29 18:23:51 KST 2024 25
##########Session ID 0B6DC65A79E670F3822E9D1F3A294E5A destroyed at Thu Feb 29 18:23:51 KST 2024 Session Counts:  24
ERROR 18:23:51.612 [ContainerBackgroundProcessor[StandardEngine[Catalina]]] sems.cm.ctrl.HttpSessionCheckingListener[sessionDestroyed:31] - ##########Session ID 0B6DC65A79E670F3822E9D1F3A294E5A destroyed at Thu Feb 29 18:23:51 KST 2024 24
##########Session ID 5C40E57D8B2589F0173319F9C268C2AA destroyed at Thu Feb 29 18:23:51 KST 2024 Session Counts:  23
ERROR 18:23:51.612 [ContainerBackgroundProcessor[StandardEngine[Catalina]]] sems.cm.ctrl.HttpSessionCheckingListener[sessionDestroyed:31] - ##########Session ID 5C40E57D8B2589F0173319F9C268C2AA destroyed at Thu Feb 29 18:23:51 KST 2024 23
##########Session ID 95A0BA9A962847E5D4F79537318BD09E destroyed at Thu Feb 29 18:23:51 KST 2024 Session Counts:  22
ERROR 18:23:51.613 [ContainerBackgroundProcessor[StandardEngine[Catalina]]] sems.cm.ctrl.HttpSessionCheckingListener[sessionDestroyed:31] - ##########Session ID 95A0BA9A962847E5D4F79537318BD09E destroyed at Thu Feb 29 18:23:51 KST 2024 22
##########Session ID 6CC8B5804F0EA3E8103ECCD589613E7B destroyed at Thu Feb 29 18:24:51 KST 2024 Session Counts:  21
ERROR 18:24:51.635 [ContainerBackgroundProcessor[StandardEngine[Catalina]]] sems.cm.ctrl.HttpSessionCheckingListener[sessionDestroyed:31] - ##########Session ID 6CC8B5804F0EA3E8103ECCD589613E7B destroyed at Thu Feb 29 18:24:51 KST 2024 21
##########Session ID 080926BA725B3BB439F5400308710735 destroyed at Thu Feb 29 18:27:51 KST 2024 Session Counts:  20
ERROR 18:27:51.709 [ContainerBackgroundProcessor[StandardEngine[Catalina]]] sems.cm.ctrl.HttpSessionCheckingListener[sessionDestroyed:31] - ##########Session ID 080926BA725B3BB439F5400308710735 destroyed at Thu Feb 29 18:27:51 KST 2024 20
##########Session ID CD22F91B7672C6761630F2E41F0050B2 destroyed at Thu Feb 29 18:31:51 KST 2024 Session Counts:  19
ERROR 18:31:51.815 [ContainerBackgroundProcessor[StandardEngine[Catalina]]] sems.cm.ctrl.HttpSessionCheckingListener[sessionDestroyed:31] - ##########Session ID CD22F91B7672C6761630F2E41F0050B2 destroyed at Thu Feb 29 18:31:51 KST 2024 19
##########Session ID FF3FB66A6D4216920C804B3BAAD54D4B destroyed at Thu Feb 29 18:35:51 KST 2024 Session Counts:  18
ERROR 18:35:51.911 [ContainerBackgroundProcessor[StandardEngine[Catalina]]] sems.cm.ctrl.HttpSessionCheckingListener[sessionDestroyed:31] - ##########Session ID FF3FB66A6D4216920C804B3BAAD54D4B destroyed at Thu Feb 29 18:35:51 KST 2024 18
##########Session ID 8E893B6BFCEE3D10D74FB75F371FE07D destroyed at Thu Feb 29 18:35:51 KST 2024 Session Counts:  17
ERROR 18:35:51.911 [ContainerBackgroundProcessor[StandardEngine[Catalina]]] sems.cm.ctrl.HttpSessionCheckingListener[sessionDestroyed:31] - ##########Session ID 8E893B6BFCEE3D10D74FB75F371FE07D destroyed at Thu Feb 29 18:35:51 KST 2024 17
##########Session ID 9100ADCD5B72B0055BAC7083FE8594EA destroyed at Thu Feb 29 18:57:52 KST 2024 Session Counts:  16
ERROR 18:57:52.428 [ContainerBackgroundProcessor[StandardEngine[Catalina]]] sems.cm.ctrl.HttpSessionCheckingListener[sessionDestroyed:31] - ##########Session ID 9100ADCD5B72B0055BAC7083FE8594EA destroyed at Thu Feb 29 18:57:52 KST 2024 16
##########Session ID 0E5ED28325F764D33E6DD0D22E7DED34 destroyed at Thu Feb 29 18:59:52 KST 2024 Session Counts:  15
ERROR 18:59:52.478 [ContainerBackgroundProcessor[StandardEngine[Catalina]]] sems.cm.ctrl.HttpSessionCheckingListener[sessionDestroyed:31] - ##########Session ID 0E5ED28325F764D33E6DD0D22E7DED34 destroyed at Thu Feb 29 18:59:52 KST 2024 15
##########Session ID FC91574671C0B6B395BF04B08A2EE943 destroyed at Thu Feb 29 19:01:52 KST 2024 Session Counts:  14
ERROR 19:01:52.531 [ContainerBackgroundProcessor[StandardEngine[Catalina]]] sems.cm.ctrl.HttpSessionCheckingListener[sessionDestroyed:31] - ##########Session ID FC91574671C0B6B395BF04B08A2EE943 destroyed at Thu Feb 29 19:01:52 KST 2024 14
##########Session ID 4629E086632FE779553A8FCBE3BAC7F8 destroyed at Thu Feb 29 19:02:52 KST 2024 Session Counts:  13
ERROR 19:02:52.557 [ContainerBackgroundProcessor[StandardEngine[Catalina]]] sems.cm.ctrl.HttpSessionCheckingListener[sessionDestroyed:31] - ##########Session ID 4629E086632FE779553A8FCBE3BAC7F8 destroyed at Thu Feb 29 19:02:52 KST 2024 13
##########Session ID DF3A375793C8C0C6A23AE99742554629 destroyed at Thu Feb 29 19:02:52 KST 2024 Session Counts:  12
ERROR 19:02:52.558 [ContainerBackgroundProcessor[StandardEngine[Catalina]]] sems.cm.ctrl.HttpSessionCheckingListener[sessionDestroyed:31] - ##########Session ID DF3A375793C8C0C6A23AE99742554629 destroyed at Thu Feb 29 19:02:52 KST 2024 12
##########Session ID D142078420DBB782683D23B6298F4446 destroyed at Thu Feb 29 19:03:52 KST 2024 Session Counts:  11
ERROR 19:03:52.582 [ContainerBackgroundProcessor[StandardEngine[Catalina]]] sems.cm.ctrl.HttpSessionCheckingListener[sessionDestroyed:31] - ##########Session ID D142078420DBB782683D23B6298F4446 destroyed at Thu Feb 29 19:03:52 KST 2024 11
##########Session ID 58161E923336B8DE2D59D84578F62077 destroyed at Thu Feb 29 19:05:52 KST 2024 Session Counts:  10
ERROR 19:05:52.631 [ContainerBackgroundProcessor[StandardEngine[Catalina]]] sems.cm.ctrl.HttpSessionCheckingListener[sessionDestroyed:31] - ##########Session ID 58161E923336B8DE2D59D84578F62077 destroyed at Thu Feb 29 19:05:52 KST 2024 10
##########Session ID A1B36D8C9284448CBA2F343233F8E897 destroyed at Thu Feb 29 19:08:52 KST 2024 Session Counts:  9
ERROR 19:08:52.708 [ContainerBackgroundProcessor[StandardEngine[Catalina]]] sems.cm.ctrl.HttpSessionCheckingListener[sessionDestroyed:31] - ##########Session ID A1B36D8C9284448CBA2F343233F8E897 destroyed at Thu Feb 29 19:08:52 KST 2024 9
##########Session ID D494CB43A826987638813A192370D663 destroyed at Thu Feb 29 19:10:52 KST 2024 Session Counts:  8
ERROR 19:10:52.759 [ContainerBackgroundProcessor[StandardEngine[Catalina]]] sems.cm.ctrl.HttpSessionCheckingListener[sessionDestroyed:31] - ##########Session ID D494CB43A826987638813A192370D663 destroyed at Thu Feb 29 19:10:52 KST 2024 8
##########Session ID 32AA281D5733E9F35FB3457107F320B2 destroyed at Thu Feb 29 19:11:52 KST 2024 Session Counts:  7
ERROR 19:11:52.787 [ContainerBackgroundProcessor[StandardEngine[Catalina]]] sems.cm.ctrl.HttpSessionCheckingListener[sessionDestroyed:31] - ##########Session ID 32AA281D5733E9F35FB3457107F320B2 destroyed at Thu Feb 29 19:11:52 KST 2024 7
##########Session ID C84F429ACC700EEC5EBBF123860C7C03 destroyed at Thu Feb 29 19:20:53 KST 2024 Session Counts:  6
ERROR 19:20:53.003 [ContainerBackgroundProcessor[StandardEngine[Catalina]]] sems.cm.ctrl.HttpSessionCheckingListener[sessionDestroyed:31] - ##########Session ID C84F429ACC700EEC5EBBF123860C7C03 destroyed at Thu Feb 29 19:20:53 KST 2024 6
##########Session ID 51DA05BF84FAC075CA5B1C8F4A269D20 destroyed at Thu Feb 29 19:23:53 KST 2024 Session Counts:  5
ERROR 19:23:53.078 [ContainerBackgroundProcessor[StandardEngine[Catalina]]] sems.cm.ctrl.HttpSessionCheckingListener[sessionDestroyed:31] - ##########Session ID 51DA05BF84FAC075CA5B1C8F4A269D20 destroyed at Thu Feb 29 19:23:53 KST 2024 5
##########Session ID BE049FB6335C9D4AEC7DBE6731C27DD8 destroyed at Thu Feb 29 19:39:53 KST 2024 Session Counts:  4
ERROR 19:39:53.468 [ContainerBackgroundProcessor[StandardEngine[Catalina]]] sems.cm.ctrl.HttpSessionCheckingListener[sessionDestroyed:31] - ##########Session ID BE049FB6335C9D4AEC7DBE6731C27DD8 destroyed at Thu Feb 29 19:39:53 KST 2024 4
##########Session ID 0FFBD89BA89EBA0A8354D6F8CEC5C41D destroyed at Thu Feb 29 19:39:53 KST 2024 Session Counts:  3
ERROR 19:39:53.468 [ContainerBackgroundProcessor[StandardEngine[Catalina]]] sems.cm.ctrl.HttpSessionCheckingListener[sessionDestroyed:31] - ##########Session ID 0FFBD89BA89EBA0A8354D6F8CEC5C41D destroyed at Thu Feb 29 19:39:53 KST 2024 3
##########Session ID 4C64CA2902101884B76DFF130DD6816E destroyed at Thu Feb 29 19:40:53 KST 2024 Session Counts:  2
ERROR 19:40:53.495 [ContainerBackgroundProcessor[StandardEngine[Catalina]]] sems.cm.ctrl.HttpSessionCheckingListener[sessionDestroyed:31] - ##########Session ID 4C64CA2902101884B76DFF130DD6816E destroyed at Thu Feb 29 19:40:53 KST 2024 2
##########Session ID 57EC76721030F86A46E4FCC19CD32E42 destroyed at Thu Feb 29 19:40:53 KST 2024 Session Counts:  1
ERROR 19:40:53.496 [ContainerBackgroundProcessor[StandardEngine[Catalina]]] sems.cm.ctrl.HttpSessionCheckingListener[sessionDestroyed:31] - ##########Session ID 57EC76721030F86A46E4FCC19CD32E42 destroyed at Thu Feb 29 19:40:53 KST 2024 1
##########Session ID 155BD56C96865FB9ACB10F485A65A651 destroyed at Thu Feb 29 19:41:53 KST 2024 Session Counts:  0
ERROR 19:41:53.522 [ContainerBackgroundProcessor[StandardEngine[Catalina]]] sems.cm.ctrl.HttpSessionCheckingListener[sessionDestroyed:31] - ##########Session ID 155BD56C96865FB9ACB10F485A65A651 destroyed at Thu Feb 29 19:41:53 KST 2024 0
##########Session ID E749B852E569F920A7C1F3B508F2768F destroyed at Thu Feb 29 19:54:53 KST 2024 Session Counts:  -1
ERROR 19:54:53.845 [ContainerBackgroundProcessor[StandardEngine[Catalina]]] sems.cm.ctrl.HttpSessionCheckingListener[sessionDestroyed:31] - ##########Session ID E749B852E569F920A7C1F3B508F2768F destroyed at Thu Feb 29 19:54:53 KST 2024 -1
##########Session ID 4F38B0A0168D0802840A1226BE5F6E29 destroyed at Thu Feb 29 19:56:53 KST 2024 Session Counts:  -2
ERROR 19:56:53.895 [ContainerBackgroundProcessor[StandardEngine[Catalina]]] sems.cm.ctrl.HttpSessionCheckingListener[sessionDestroyed:31] - ##########Session ID 4F38B0A0168D0802840A1226BE5F6E29 destroyed at Thu Feb 29 19:56:53 KST 2024 -2
##########Session ID E42E68D5CB5EBEC60503FDEDAC4F1A29 destroyed at Fri Mar 01 18:06:25 KST 2024 Session Counts:  4
ERROR 18:06:25.963 [ContainerBackgroundProcessor[StandardEngine[Catalina]]] sems.cm.ctrl.HttpSessionCheckingListener[sessionDestroyed:31] - ##########Session ID E42E68D5CB5EBEC60503FDEDAC4F1A29 destroyed at Fri Mar 01 18:06:25 KST 2024 4
##########Session ID 50C3324C5289C05BDF2C389CE60922DA destroyed at Fri Mar 01 18:43:26 KST 2024 Session Counts:  3
ERROR 18:43:26.847 [ContainerBackgroundProcessor[StandardEngine[Catalina]]] sems.cm.ctrl.HttpSessionCheckingListener[sessionDestroyed:31] - ##########Session ID 50C3324C5289C05BDF2C389CE60922DA destroyed at Fri Mar 01 18:43:26 KST 2024 3
##########Session ID E32BED7B7703F99B95E03A476055AEA5 destroyed at Fri Mar 01 18:44:26 KST 2024 Session Counts:  2
ERROR 18:44:26.871 [ContainerBackgroundProcessor[StandardEngine[Catalina]]] sems.cm.ctrl.HttpSessionCheckingListener[sessionDestroyed:31] - ##########Session ID E32BED7B7703F99B95E03A476055AEA5 destroyed at Fri Mar 01 18:44:26 KST 2024 2
##########Session ID B0836A20ECF99F17161FFC098FA43506 destroyed at Fri Mar 01 18:45:26 KST 2024 Session Counts:  1
ERROR 18:45:26.896 [ContainerBackgroundProcessor[StandardEngine[Catalina]]] sems.cm.ctrl.HttpSessionCheckingListener[sessionDestroyed:31] - ##########Session ID B0836A20ECF99F17161FFC098FA43506 destroyed at Fri Mar 01 18:45:26 KST 2024 1
##########Session ID 012641858ED72FE164BF3E0771B7ACF4 destroyed at Fri Mar 01 18:46:26 KST 2024 Session Counts:  0
ERROR 18:46:26.920 [ContainerBackgroundProcessor[StandardEngine[Catalina]]] sems.cm.ctrl.HttpSessionCheckingListener[sessionDestroyed:31] - ##########Session ID 012641858ED72FE164BF3E0771B7ACF4 destroyed at Fri Mar 01 18:46:26 KST 2024 0
##########Session ID 6250DD9426D105425D6EC2070C724058 destroyed at Fri Mar 01 18:47:26 KST 2024 Session Counts:  -1
ERROR 18:47:26.944 [ContainerBackgroundProcessor[StandardEngine[Catalina]]] sems.cm.ctrl.HttpSessionCheckingListener[sessionDestroyed:31] - ##########Session ID 6250DD9426D105425D6EC2070C724058 destroyed at Fri Mar 01 18:47:26 KST 2024 -1
##########Session ID A180E78F23C0AD8DA82151EE47913445 destroyed at Fri Mar 01 19:00:27 KST 2024 Session Counts:  -2
ERROR 19:00:27.257 [ContainerBackgroundProcessor[StandardEngine[Catalina]]] sems.cm.ctrl.HttpSessionCheckingListener[sessionDestroyed:31] - ##########Session ID A180E78F23C0AD8DA82151EE47913445 destroyed at Fri Mar 01 19:00:27 KST 2024 -2
##########Session ID 87E0DA2321CD7C9B88E026820150A545 destroyed at Sun Mar 03 15:32:32 KST 2024 Session Counts:  7
ERROR 15:32:32.214 [ContainerBackgroundProcessor[StandardEngine[Catalina]]] sems.cm.ctrl.HttpSessionCheckingListener[sessionDestroyed:31] - ##########Session ID 87E0DA2321CD7C9B88E026820150A545 destroyed at Sun Mar 03 15:32:32 KST 2024 7
##########Session ID 436C8B2A5A605294B14BB150F1E9C63B destroyed at Sun Mar 03 15:47:32 KST 2024 Session Counts:  7
ERROR 15:47:32.609 [ContainerBackgroundProcessor[StandardEngine[Catalina]]] sems.cm.ctrl.HttpSessionCheckingListener[sessionDestroyed:31] - ##########Session ID 436C8B2A5A605294B14BB150F1E9C63B destroyed at Sun Mar 03 15:47:32 KST 2024 7
##########Session ID F532320C84CEA33ECE6C42647EF35100 destroyed at Sun Mar 03 15:48:32 KST 2024 Session Counts:  6
ERROR 15:48:32.635 [ContainerBackgroundProcessor[StandardEngine[Catalina]]] sems.cm.ctrl.HttpSessionCheckingListener[sessionDestroyed:31] - ##########Session ID F532320C84CEA33ECE6C42647EF35100 destroyed at Sun Mar 03 15:48:32 KST 2024 6
##########Session ID 00FA325A428B2E35D19EAA1A350E9833 destroyed at Sun Mar 03 15:49:32 KST 2024 Session Counts:  5
ERROR 15:49:32.662 [ContainerBackgroundProcessor[StandardEngine[Catalina]]] sems.cm.ctrl.HttpSessionCheckingListener[sessionDestroyed:31] - ##########Session ID 00FA325A428B2E35D19EAA1A350E9833 destroyed at Sun Mar 03 15:49:32 KST 2024 5
##########Session ID 925088E2D0C9B96C8004E50444BDD635 created at Sun Mar 03 15:56:23 KST 2024 Session Counts: 11
ERROR 15:56:23.538 [http-bio-12443-exec-6] sems.cm.ctrl.HttpSessionCheckingListener[sessionCreated:24] - ##########Session ID 925088E2D0C9B96C8004E50444BDD635 created at Sun Mar 03 15:56:23 KST 2024 11
##########Session ID 64B736DA138D24AF94F33618D9136A2B destroyed at Sun Mar 03 15:56:32 KST 2024 Session Counts:  10
ERROR 15:56:32.846 [ContainerBackgroundProcessor[StandardEngine[Catalina]]] sems.cm.ctrl.HttpSessionCheckingListener[sessionDestroyed:31] - ##########Session ID 64B736DA138D24AF94F33618D9136A2B destroyed at Sun Mar 03 15:56:32 KST 2024 10
##########Session ID 415E3443E718D30144E631AB8098D6BE destroyed at Sun Mar 03 15:59:32 KST 2024 Session Counts:  10
ERROR 15:59:32.925 [ContainerBackgroundProcessor[StandardEngine[Catalina]]] sems.cm.ctrl.HttpSessionCheckingListener[sessionDestroyed:31] - ##########Session ID 415E3443E718D30144E631AB8098D6BE destroyed at Sun Mar 03 15:59:32 KST 2024 10
##########Session ID D2D44C80EAC227A3C66F43078A7D9DB3 destroyed at Sun Mar 03 16:00:32 KST 2024 Session Counts:  10
ERROR 16:00:32.951 [ContainerBackgroundProcessor[StandardEngine[Catalina]]] sems.cm.ctrl.HttpSessionCheckingListener[sessionDestroyed:31] - ##########Session ID D2D44C80EAC227A3C66F43078A7D9DB3 destroyed at Sun Mar 03 16:00:32 KST 2024 10
##########Session ID D9AF0A453389E51A570EA5F90B853026 destroyed at Sun Mar 03 16:02:33 KST 2024 Session Counts:  11
ERROR 16:02:33.002 [ContainerBackgroundProcessor[StandardEngine[Catalina]]] sems.cm.ctrl.HttpSessionCheckingListener[sessionDestroyed:31] - ##########Session ID D9AF0A453389E51A570EA5F90B853026 destroyed at Sun Mar 03 16:02:33 KST 2024 11
##########Session ID 361EAA20937E408B2B3E0E455AB55391 destroyed at Sun Mar 03 16:04:33 KST 2024 Session Counts:  10
ERROR 16:04:33.056 [ContainerBackgroundProcessor[StandardEngine[Catalina]]] sems.cm.ctrl.HttpSessionCheckingListener[sessionDestroyed:31] - ##########Session ID 361EAA20937E408B2B3E0E455AB55391 destroyed at Sun Mar 03 16:04:33 KST 2024 10
##########Session ID D170F7E8769D84CF35DECE0601D8BC0F destroyed at Sun Mar 03 16:09:33 KST 2024 Session Counts:  10
ERROR 16:09:33.185 [ContainerBackgroundProcessor[StandardEngine[Catalina]]] sems.cm.ctrl.HttpSessionCheckingListener[sessionDestroyed:31] - ##########Session ID D170F7E8769D84CF35DECE0601D8BC0F destroyed at Sun Mar 03 16:09:33 KST 2024 10
##########Session ID BADCA0519D048352130629D5E0C9C148 destroyed at Sun Mar 03 18:42:37 KST 2024 Session Counts:  63
ERROR 18:42:37.225 [ContainerBackgroundProcessor[StandardEngine[Catalina]]] sems.cm.ctrl.HttpSessionCheckingListener[sessionDestroyed:31] - ##########Session ID BADCA0519D048352130629D5E0C9C148 destroyed at Sun Mar 03 18:42:37 KST 2024 63
##########Session ID 5A7589D5E3CA220B8C605BE12061C434 destroyed at Sun Mar 03 18:50:37 KST 2024 Session Counts:  62
ERROR 18:50:37.434 [ContainerBackgroundProcessor[StandardEngine[Catalina]]] sems.cm.ctrl.HttpSessionCheckingListener[sessionDestroyed:31] - ##########Session ID 5A7589D5E3CA220B8C605BE12061C434 destroyed at Sun Mar 03 18:50:37 KST 2024 62
##########Session ID 100CCB1F5A92341EEB15F6B679721766 destroyed at Sun Mar 03 18:50:37 KST 2024 Session Counts:  61
ERROR 18:50:37.435 [ContainerBackgroundProcessor[StandardEngine[Catalina]]] sems.cm.ctrl.HttpSessionCheckingListener[sessionDestroyed:31] - ##########Session ID 100CCB1F5A92341EEB15F6B679721766 destroyed at Sun Mar 03 18:50:37 KST 2024 61
##########Session ID 4DC2820FFB022AA009A29840E5677B62 destroyed at Sun Mar 03 18:53:37 KST 2024 Session Counts:  60
ERROR 18:53:37.515 [ContainerBackgroundProcessor[StandardEngine[Catalina]]] sems.cm.ctrl.HttpSessionCheckingListener[sessionDestroyed:31] - ##########Session ID 4DC2820FFB022AA009A29840E5677B62 destroyed at Sun Mar 03 18:53:37 KST 2024 60
##########Session ID 949874BBCC59024D3FFD4FE82F30F114 destroyed at Sun Mar 03 18:54:37 KST 2024 Session Counts:  59
ERROR 18:54:37.544 [ContainerBackgroundProcessor[StandardEngine[Catalina]]] sems.cm.ctrl.HttpSessionCheckingListener[sessionDestroyed:31] - ##########Session ID 949874BBCC59024D3FFD4FE82F30F114 destroyed at Sun Mar 03 18:54:37 KST 2024 59
##########Session ID 925088E2D0C9B96C8004E50444BDD635 destroyed at Sun Mar 03 18:56:37 KST 2024 Session Counts:  58
ERROR 18:56:37.594 [ContainerBackgroundProcessor[StandardEngine[Catalina]]] sems.cm.ctrl.HttpSessionCheckingListener[sessionDestroyed:31] - ##########Session ID 925088E2D0C9B96C8004E50444BDD635 destroyed at Sun Mar 03 18:56:37 KST 2024 58
##########Session ID 0D25CCE09ABD1BCD058E9515903BCD4D destroyed at Sun Mar 03 18:56:37 KST 2024 Session Counts:  57
ERROR 18:56:37.594 [ContainerBackgroundProcessor[StandardEngine[Catalina]]] sems.cm.ctrl.HttpSessionCheckingListener[sessionDestroyed:31] - ##########Session ID 0D25CCE09ABD1BCD058E9515903BCD4D destroyed at Sun Mar 03 18:56:37 KST 2024 57
##########Session ID BBAB0D7AEAC5237F6B00D2ECE0B3C247 destroyed at Sun Mar 03 18:57:37 KST 2024 Session Counts:  56
ERROR 18:57:37.622 [ContainerBackgroundProcessor[StandardEngine[Catalina]]] sems.cm.ctrl.HttpSessionCheckingListener[sessionDestroyed:31] - ##########Session ID BBAB0D7AEAC5237F6B00D2ECE0B3C247 destroyed at Sun Mar 03 18:57:37 KST 2024 56
##########Session ID 2A3AD99DB42915C2448738CD889F9785 destroyed at Sun Mar 03 19:00:37 KST 2024 Session Counts:  55
ERROR 19:00:37.702 [ContainerBackgroundProcessor[StandardEngine[Catalina]]] sems.cm.ctrl.HttpSessionCheckingListener[sessionDestroyed:31] - ##########Session ID 2A3AD99DB42915C2448738CD889F9785 destroyed at Sun Mar 03 19:00:37 KST 2024 55
##########Session ID 3A68130E970ABA9CFACC02BE722BF132 destroyed at Sun Mar 03 19:01:37 KST 2024 Session Counts:  54
ERROR 19:01:37.728 [ContainerBackgroundProcessor[StandardEngine[Catalina]]] sems.cm.ctrl.HttpSessionCheckingListener[sessionDestroyed:31] - ##########Session ID 3A68130E970ABA9CFACC02BE722BF132 destroyed at Sun Mar 03 19:01:37 KST 2024 54
##########Session ID 088B3E1476D66143F1D6FD4D4697661C destroyed at Sun Mar 03 19:01:37 KST 2024 Session Counts:  53
ERROR 19:01:37.729 [ContainerBackgroundProcessor[StandardEngine[Catalina]]] sems.cm.ctrl.HttpSessionCheckingListener[sessionDestroyed:31] - ##########Session ID 088B3E1476D66143F1D6FD4D4697661C destroyed at Sun Mar 03 19:01:37 KST 2024 53
##########Session ID 88A5DD10360177AF886B487CC53C4404 destroyed at Sun Mar 03 19:09:37 KST 2024 Session Counts:  52
ERROR 19:09:37.938 [ContainerBackgroundProcessor[StandardEngine[Catalina]]] sems.cm.ctrl.HttpSessionCheckingListener[sessionDestroyed:31] - ##########Session ID 88A5DD10360177AF886B487CC53C4404 destroyed at Sun Mar 03 19:09:37 KST 2024 52
##########Session ID 8927C04EBA693C10C616EBAE521C55AA destroyed at Sun Mar 03 19:11:37 KST 2024 Session Counts:  51
ERROR 19:11:37.991 [ContainerBackgroundProcessor[StandardEngine[Catalina]]] sems.cm.ctrl.HttpSessionCheckingListener[sessionDestroyed:31] - ##########Session ID 8927C04EBA693C10C616EBAE521C55AA destroyed at Sun Mar 03 19:11:37 KST 2024 51
##########Session ID 74EC3F4FCE14677D20FE67747F5D8244 destroyed at Sun Mar 03 19:13:38 KST 2024 Session Counts:  50
ERROR 19:13:38.043 [ContainerBackgroundProcessor[StandardEngine[Catalina]]] sems.cm.ctrl.HttpSessionCheckingListener[sessionDestroyed:31] - ##########Session ID 74EC3F4FCE14677D20FE67747F5D8244 destroyed at Sun Mar 03 19:13:38 KST 2024 50
##########Session ID 250EED29AB08ED105C797B6939B00687 destroyed at Sun Mar 03 19:14:38 KST 2024 Session Counts:  49
ERROR 19:14:38.068 [ContainerBackgroundProcessor[StandardEngine[Catalina]]] sems.cm.ctrl.HttpSessionCheckingListener[sessionDestroyed:31] - ##########Session ID 250EED29AB08ED105C797B6939B00687 destroyed at Sun Mar 03 19:14:38 KST 2024 49
##########Session ID 6B55010EB2243A291F2D3C5D3E5CA184 destroyed at Sun Mar 03 19:15:38 KST 2024 Session Counts:  48
ERROR 19:15:38.097 [ContainerBackgroundProcessor[StandardEngine[Catalina]]] sems.cm.ctrl.HttpSessionCheckingListener[sessionDestroyed:31] - ##########Session ID 6B55010EB2243A291F2D3C5D3E5CA184 destroyed at Sun Mar 03 19:15:38 KST 2024 48
##########Session ID BFF4D4365E9839EBB01E79CF602C03B4 destroyed at Sun Mar 03 19:21:38 KST 2024 Session Counts:  47
ERROR 19:21:38.255 [ContainerBackgroundProcessor[StandardEngine[Catalina]]] sems.cm.ctrl.HttpSessionCheckingListener[sessionDestroyed:31] - ##########Session ID BFF4D4365E9839EBB01E79CF602C03B4 destroyed at Sun Mar 03 19:21:38 KST 2024 47
##########Session ID FBE1D8E257E28805C1A9CCEA1F9FB58B destroyed at Sun Mar 03 19:23:38 KST 2024 Session Counts:  46
ERROR 19:23:38.310 [ContainerBackgroundProcessor[StandardEngine[Catalina]]] sems.cm.ctrl.HttpSessionCheckingListener[sessionDestroyed:31] - ##########Session ID FBE1D8E257E28805C1A9CCEA1F9FB58B destroyed at Sun Mar 03 19:23:38 KST 2024 46
##########Session ID D9773A6B23D1CD7B5DF1591724BF92BA destroyed at Sun Mar 03 19:23:38 KST 2024 Session Counts:  45
ERROR 19:23:38.310 [ContainerBackgroundProcessor[StandardEngine[Catalina]]] sems.cm.ctrl.HttpSessionCheckingListener[sessionDestroyed:31] - ##########Session ID D9773A6B23D1CD7B5DF1591724BF92BA destroyed at Sun Mar 03 19:23:38 KST 2024 45
##########Session ID 1311CE00F56E4B14869811523398034F destroyed at Sun Mar 03 19:31:38 KST 2024 Session Counts:  44
ERROR 19:31:38.520 [ContainerBackgroundProcessor[StandardEngine[Catalina]]] sems.cm.ctrl.HttpSessionCheckingListener[sessionDestroyed:31] - ##########Session ID 1311CE00F56E4B14869811523398034F destroyed at Sun Mar 03 19:31:38 KST 2024 44
##########Session ID C9C2388AFAA5D1CBA6CEBA275E350B61 destroyed at Sun Mar 03 19:31:38 KST 2024 Session Counts:  43
ERROR 19:31:38.521 [ContainerBackgroundProcessor[StandardEngine[Catalina]]] sems.cm.ctrl.HttpSessionCheckingListener[sessionDestroyed:31] - ##########Session ID C9C2388AFAA5D1CBA6CEBA275E350B61 destroyed at Sun Mar 03 19:31:38 KST 2024 43
##########Session ID 204C87F2AF7D50AA11E2ED3705BF1B29 destroyed at Sun Mar 03 19:32:38 KST 2024 Session Counts:  42
ERROR 19:32:38.547 [ContainerBackgroundProcessor[StandardEngine[Catalina]]] sems.cm.ctrl.HttpSessionCheckingListener[sessionDestroyed:31] - ##########Session ID 204C87F2AF7D50AA11E2ED3705BF1B29 destroyed at Sun Mar 03 19:32:38 KST 2024 42
##########Session ID 5F41F3DF7E49DEF01A32CD73C28B13EB destroyed at Sun Mar 03 19:32:38 KST 2024 Session Counts:  41
ERROR 19:32:38.547 [ContainerBackgroundProcessor[StandardEngine[Catalina]]] sems.cm.ctrl.HttpSessionCheckingListener[sessionDestroyed:31] - ##########Session ID 5F41F3DF7E49DEF01A32CD73C28B13EB destroyed at Sun Mar 03 19:32:38 KST 2024 41
##########Session ID 6E4019515E89FF511099279FB6F683BE destroyed at Sun Mar 03 19:33:38 KST 2024 Session Counts:  40
ERROR 19:33:38.575 [ContainerBackgroundProcessor[StandardEngine[Catalina]]] sems.cm.ctrl.HttpSessionCheckingListener[sessionDestroyed:31] - ##########Session ID 6E4019515E89FF511099279FB6F683BE destroyed at Sun Mar 03 19:33:38 KST 2024 40
##########Session ID 8169E058C3F7D2A7EFFE707775DA66B8 destroyed at Sun Mar 03 19:33:38 KST 2024 Session Counts:  39
ERROR 19:33:38.575 [ContainerBackgroundProcessor[StandardEngine[Catalina]]] sems.cm.ctrl.HttpSessionCheckingListener[sessionDestroyed:31] - ##########Session ID 8169E058C3F7D2A7EFFE707775DA66B8 destroyed at Sun Mar 03 19:33:38 KST 2024 39
##########Session ID F3F80990E6D8262509412CAE58B1487F destroyed at Sun Mar 03 19:33:38 KST 2024 Session Counts:  38
ERROR 19:33:38.575 [ContainerBackgroundProcessor[StandardEngine[Catalina]]] sems.cm.ctrl.HttpSessionCheckingListener[sessionDestroyed:31] - ##########Session ID F3F80990E6D8262509412CAE58B1487F destroyed at Sun Mar 03 19:33:38 KST 2024 38
##########Session ID BFE6EF47C3CED8B9F3AE352F87F5FDAE destroyed at Sun Mar 03 19:33:38 KST 2024 Session Counts:  37
ERROR 19:33:38.576 [ContainerBackgroundProcessor[StandardEngine[Catalina]]] sems.cm.ctrl.HttpSessionCheckingListener[sessionDestroyed:31] - ##########Session ID BFE6EF47C3CED8B9F3AE352F87F5FDAE destroyed at Sun Mar 03 19:33:38 KST 2024 37
##########Session ID 76EA6099525BFF3CD1BDDC1CAD1628BF destroyed at Sun Mar 03 19:35:38 KST 2024 Session Counts:  36
ERROR 19:35:38.627 [ContainerBackgroundProcessor[StandardEngine[Catalina]]] sems.cm.ctrl.HttpSessionCheckingListener[sessionDestroyed:31] - ##########Session ID 76EA6099525BFF3CD1BDDC1CAD1628BF destroyed at Sun Mar 03 19:35:38 KST 2024 36
##########Session ID 3202F2C680B67D95C0B24B2E7D211CD5 destroyed at Sun Mar 03 19:35:38 KST 2024 Session Counts:  35
ERROR 19:35:38.628 [ContainerBackgroundProcessor[StandardEngine[Catalina]]] sems.cm.ctrl.HttpSessionCheckingListener[sessionDestroyed:31] - ##########Session ID 3202F2C680B67D95C0B24B2E7D211CD5 destroyed at Sun Mar 03 19:35:38 KST 2024 35
##########Session ID DC1787D92DA76B73591A23E44A5AC9FF destroyed at Sun Mar 03 19:38:38 KST 2024 Session Counts:  34
ERROR 19:38:38.707 [ContainerBackgroundProcessor[StandardEngine[Catalina]]] sems.cm.ctrl.HttpSessionCheckingListener[sessionDestroyed:31] - ##########Session ID DC1787D92DA76B73591A23E44A5AC9FF destroyed at Sun Mar 03 19:38:38 KST 2024 34
##########Session ID 1A20E850A1055A3F61C8E08AC5705EFD destroyed at Sun Mar 03 19:38:38 KST 2024 Session Counts:  33
ERROR 19:38:38.707 [ContainerBackgroundProcessor[StandardEngine[Catalina]]] sems.cm.ctrl.HttpSessionCheckingListener[sessionDestroyed:31] - ##########Session ID 1A20E850A1055A3F61C8E08AC5705EFD destroyed at Sun Mar 03 19:38:38 KST 2024 33
##########Session ID 5B26D65692952D3E24D397BB55F9441D destroyed at Sun Mar 03 19:38:38 KST 2024 Session Counts:  32
ERROR 19:38:38.707 [ContainerBackgroundProcessor[StandardEngine[Catalina]]] sems.cm.ctrl.HttpSessionCheckingListener[sessionDestroyed:31] - ##########Session ID 5B26D65692952D3E24D397BB55F9441D destroyed at Sun Mar 03 19:38:38 KST 2024 32
##########Session ID 9067555CC41ECAC5D58DDF6A2C185A47 destroyed at Sun Mar 03 19:39:38 KST 2024 Session Counts:  31
ERROR 19:39:38.735 [ContainerBackgroundProcessor[StandardEngine[Catalina]]] sems.cm.ctrl.HttpSessionCheckingListener[sessionDestroyed:31] - ##########Session ID 9067555CC41ECAC5D58DDF6A2C185A47 destroyed at Sun Mar 03 19:39:38 KST 2024 31
##########Session ID 6F89D5FF549A17BE29DFAFD5D9EC7A29 destroyed at Sun Mar 03 19:39:38 KST 2024 Session Counts:  30
ERROR 19:39:38.735 [ContainerBackgroundProcessor[StandardEngine[Catalina]]] sems.cm.ctrl.HttpSessionCheckingListener[sessionDestroyed:31] - ##########Session ID 6F89D5FF549A17BE29DFAFD5D9EC7A29 destroyed at Sun Mar 03 19:39:38 KST 2024 30
##########Session ID 25961296C6D6E1626F360C28D9FEA4C4 destroyed at Sun Mar 03 19:39:38 KST 2024 Session Counts:  29
ERROR 19:39:38.735 [ContainerBackgroundProcessor[StandardEngine[Catalina]]] sems.cm.ctrl.HttpSessionCheckingListener[sessionDestroyed:31] - ##########Session ID 25961296C6D6E1626F360C28D9FEA4C4 destroyed at Sun Mar 03 19:39:38 KST 2024 29
##########Session ID E422C5EE5EBD8ED5236A2E7809104300 destroyed at Sun Mar 03 19:39:38 KST 2024 Session Counts:  28
ERROR 19:39:38.736 [ContainerBackgroundProcessor[StandardEngine[Catalina]]] sems.cm.ctrl.HttpSessionCheckingListener[sessionDestroyed:31] - ##########Session ID E422C5EE5EBD8ED5236A2E7809104300 destroyed at Sun Mar 03 19:39:38 KST 2024 28
##########Session ID 6C224A46874105A3983C8E39FA83AD15 destroyed at Sun Mar 03 19:43:38 KST 2024 Session Counts:  27
ERROR 19:43:38.842 [ContainerBackgroundProcessor[StandardEngine[Catalina]]] sems.cm.ctrl.HttpSessionCheckingListener[sessionDestroyed:31] - ##########Session ID 6C224A46874105A3983C8E39FA83AD15 destroyed at Sun Mar 03 19:43:38 KST 2024 27
##########Session ID C9F8DFAC68FFF974DBD9E36A96ECEC16 destroyed at Sun Mar 03 19:44:38 KST 2024 Session Counts:  26
ERROR 19:44:38.868 [ContainerBackgroundProcessor[StandardEngine[Catalina]]] sems.cm.ctrl.HttpSessionCheckingListener[sessionDestroyed:31] - ##########Session ID C9F8DFAC68FFF974DBD9E36A96ECEC16 destroyed at Sun Mar 03 19:44:38 KST 2024 26
##########Session ID 142F8BFF151436BAD00DB32C88C3C676 destroyed at Sun Mar 03 19:44:38 KST 2024 Session Counts:  25
ERROR 19:44:38.868 [ContainerBackgroundProcessor[StandardEngine[Catalina]]] sems.cm.ctrl.HttpSessionCheckingListener[sessionDestroyed:31] - ##########Session ID 142F8BFF151436BAD00DB32C88C3C676 destroyed at Sun Mar 03 19:44:38 KST 2024 25
##########Session ID D017D4310B70D21AD05FC7ECC43D0DA3 destroyed at Sun Mar 03 19:45:38 KST 2024 Session Counts:  24
ERROR 19:45:38.896 [ContainerBackgroundProcessor[StandardEngine[Catalina]]] sems.cm.ctrl.HttpSessionCheckingListener[sessionDestroyed:31] - ##########Session ID D017D4310B70D21AD05FC7ECC43D0DA3 destroyed at Sun Mar 03 19:45:38 KST 2024 24
##########Session ID 91164D7B1148E676135289C813D57349 destroyed at Sun Mar 03 19:45:38 KST 2024 Session Counts:  23
ERROR 19:45:38.896 [ContainerBackgroundProcessor[StandardEngine[Catalina]]] sems.cm.ctrl.HttpSessionCheckingListener[sessionDestroyed:31] - ##########Session ID 91164D7B1148E676135289C813D57349 destroyed at Sun Mar 03 19:45:38 KST 2024 23
##########Session ID 35AEF3C76A8CF2E294E02905E3F4832C destroyed at Sun Mar 03 19:53:39 KST 2024 Session Counts:  22
ERROR 19:53:39.104 [ContainerBackgroundProcessor[StandardEngine[Catalina]]] sems.cm.ctrl.HttpSessionCheckingListener[sessionDestroyed:31] - ##########Session ID 35AEF3C76A8CF2E294E02905E3F4832C destroyed at Sun Mar 03 19:53:39 KST 2024 22
##########Session ID 2EC2753D926A0A7DD9ABC59B5A1C2AD6 destroyed at Sun Mar 03 19:56:39 KST 2024 Session Counts:  21
ERROR 19:56:39.180 [ContainerBackgroundProcessor[StandardEngine[Catalina]]] sems.cm.ctrl.HttpSessionCheckingListener[sessionDestroyed:31] - ##########Session ID 2EC2753D926A0A7DD9ABC59B5A1C2AD6 destroyed at Sun Mar 03 19:56:39 KST 2024 21
##########Session ID B0D37EFF867C968B771139B5F9A1C712 destroyed at Sun Mar 03 20:09:39 KST 2024 Session Counts:  20
ERROR 20:09:39.519 [ContainerBackgroundProcessor[StandardEngine[Catalina]]] sems.cm.ctrl.HttpSessionCheckingListener[sessionDestroyed:31] - ##########Session ID B0D37EFF867C968B771139B5F9A1C712 destroyed at Sun Mar 03 20:09:39 KST 2024 20
##########Session ID 491CD20FE21426689F5ADC269F37DFC9 destroyed at Sun Mar 03 20:11:39 KST 2024 Session Counts:  19
ERROR 20:11:39.572 [ContainerBackgroundProcessor[StandardEngine[Catalina]]] sems.cm.ctrl.HttpSessionCheckingListener[sessionDestroyed:31] - ##########Session ID 491CD20FE21426689F5ADC269F37DFC9 destroyed at Sun Mar 03 20:11:39 KST 2024 19
##########Session ID EB68170721CA178F7AEB0AEC764A588D destroyed at Sun Mar 03 20:11:39 KST 2024 Session Counts:  18
ERROR 20:11:39.572 [ContainerBackgroundProcessor[StandardEngine[Catalina]]] sems.cm.ctrl.HttpSessionCheckingListener[sessionDestroyed:31] - ##########Session ID EB68170721CA178F7AEB0AEC764A588D destroyed at Sun Mar 03 20:11:39 KST 2024 18
##########Session ID 49858D6F464C7FADC09CA4C21E48FA7D destroyed at Sun Mar 03 20:12:39 KST 2024 Session Counts:  17
ERROR 20:12:39.598 [ContainerBackgroundProcessor[StandardEngine[Catalina]]] sems.cm.ctrl.HttpSessionCheckingListener[sessionDestroyed:31] - ##########Session ID 49858D6F464C7FADC09CA4C21E48FA7D destroyed at Sun Mar 03 20:12:39 KST 2024 17
##########Session ID 5BDAD9F015F8EED75491260E0ABB1646 destroyed at Sun Mar 03 20:14:39 KST 2024 Session Counts:  16
ERROR 20:14:39.651 [ContainerBackgroundProcessor[StandardEngine[Catalina]]] sems.cm.ctrl.HttpSessionCheckingListener[sessionDestroyed:31] - ##########Session ID 5BDAD9F015F8EED75491260E0ABB1646 destroyed at Sun Mar 03 20:14:39 KST 2024 16
##########Session ID 042355525AD8AFD3DC3B63B8578E7D41 destroyed at Sun Mar 03 20:18:39 KST 2024 Session Counts:  15
ERROR 20:18:39.758 [ContainerBackgroundProcessor[StandardEngine[Catalina]]] sems.cm.ctrl.HttpSessionCheckingListener[sessionDestroyed:31] - ##########Session ID 042355525AD8AFD3DC3B63B8578E7D41 destroyed at Sun Mar 03 20:18:39 KST 2024 15
##########Session ID F9EC7621584756DDE5A8E9175F4DBE7A destroyed at Sun Mar 03 20:18:39 KST 2024 Session Counts:  14
ERROR 20:18:39.758 [ContainerBackgroundProcessor[StandardEngine[Catalina]]] sems.cm.ctrl.HttpSessionCheckingListener[sessionDestroyed:31] - ##########Session ID F9EC7621584756DDE5A8E9175F4DBE7A destroyed at Sun Mar 03 20:18:39 KST 2024 14
##########Session ID B01F3773E242585959E84DF8037659B1 destroyed at Sun Mar 03 20:18:39 KST 2024 Session Counts:  13
ERROR 20:18:39.758 [ContainerBackgroundProcessor[StandardEngine[Catalina]]] sems.cm.ctrl.HttpSessionCheckingListener[sessionDestroyed:31] - ##########Session ID B01F3773E242585959E84DF8037659B1 destroyed at Sun Mar 03 20:18:39 KST 2024 13
##########Session ID 025A8038E62810C9DBD2BAC729300A38 destroyed at Sun Mar 03 20:18:39 KST 2024 Session Counts:  12
ERROR 20:18:39.759 [ContainerBackgroundProcessor[StandardEngine[Catalina]]] sems.cm.ctrl.HttpSessionCheckingListener[sessionDestroyed:31] - ##########Session ID 025A8038E62810C9DBD2BAC729300A38 destroyed at Sun Mar 03 20:18:39 KST 2024 12
##########Session ID DBE916B9C9A67DEAE72C017CC412CAB2 destroyed at Sun Mar 03 20:20:39 KST 2024 Session Counts:  11
ERROR 20:20:39.810 [ContainerBackgroundProcessor[StandardEngine[Catalina]]] sems.cm.ctrl.HttpSessionCheckingListener[sessionDestroyed:31] - ##########Session ID DBE916B9C9A67DEAE72C017CC412CAB2 destroyed at Sun Mar 03 20:20:39 KST 2024 11
##########Session ID F1DB25B7A2A7DA6A0ABD8DA32CA6CF6B destroyed at Sun Mar 03 20:20:39 KST 2024 Session Counts:  10
ERROR 20:20:39.810 [ContainerBackgroundProcessor[StandardEngine[Catalina]]] sems.cm.ctrl.HttpSessionCheckingListener[sessionDestroyed:31] - ##########Session ID F1DB25B7A2A7DA6A0ABD8DA32CA6CF6B destroyed at Sun Mar 03 20:20:39 KST 2024 10
##########Session ID AD198D2A86822BB8E47CE0A766064AA9 destroyed at Sun Mar 03 20:20:39 KST 2024 Session Counts:  9
ERROR 20:20:39.810 [ContainerBackgroundProcessor[StandardEngine[Catalina]]] sems.cm.ctrl.HttpSessionCheckingListener[sessionDestroyed:31] - ##########Session ID AD198D2A86822BB8E47CE0A766064AA9 destroyed at Sun Mar 03 20:20:39 KST 2024 9
##########Session ID 4646D9BCDD20FA5C9780DEBC03851E2C destroyed at Sun Mar 03 20:27:39 KST 2024 Session Counts:  8
ERROR 20:27:39.996 [ContainerBackgroundProcessor[StandardEngine[Catalina]]] sems.cm.ctrl.HttpSessionCheckingListener[sessionDestroyed:31] - ##########Session ID 4646D9BCDD20FA5C9780DEBC03851E2C destroyed at Sun Mar 03 20:27:39 KST 2024 8
##########Session ID 40651C53C5480D4F812E48D60E259247 destroyed at Sun Mar 03 20:31:40 KST 2024 Session Counts:  7
ERROR 20:31:40.102 [ContainerBackgroundProcessor[StandardEngine[Catalina]]] sems.cm.ctrl.HttpSessionCheckingListener[sessionDestroyed:31] - ##########Session ID 40651C53C5480D4F812E48D60E259247 destroyed at Sun Mar 03 20:31:40 KST 2024 7
##########Session ID 135C62E1108548529E0AB0C7422F0C4D destroyed at Sun Mar 03 20:31:40 KST 2024 Session Counts:  6
ERROR 20:31:40.103 [ContainerBackgroundProcessor[StandardEngine[Catalina]]] sems.cm.ctrl.HttpSessionCheckingListener[sessionDestroyed:31] - ##########Session ID 135C62E1108548529E0AB0C7422F0C4D destroyed at Sun Mar 03 20:31:40 KST 2024 6
##########Session ID 86F0DE6C95FF0FC441F509522ED631CC destroyed at Sun Mar 03 20:31:40 KST 2024 Session Counts:  5
ERROR 20:31:40.103 [ContainerBackgroundProcessor[StandardEngine[Catalina]]] sems.cm.ctrl.HttpSessionCheckingListener[sessionDestroyed:31] - ##########Session ID 86F0DE6C95FF0FC441F509522ED631CC destroyed at Sun Mar 03 20:31:40 KST 2024 5
##########Session ID E2662C1386D2575011C14185F79A312A destroyed at Sun Mar 03 20:31:40 KST 2024 Session Counts:  4
ERROR 20:31:40.103 [ContainerBackgroundProcessor[StandardEngine[Catalina]]] sems.cm.ctrl.HttpSessionCheckingListener[sessionDestroyed:31] - ##########Session ID E2662C1386D2575011C14185F79A312A destroyed at Sun Mar 03 20:31:40 KST 2024 4
##########Session ID EBF8B814BEA2B31B4FD6A92E3260800B destroyed at Sun Mar 03 20:32:40 KST 2024 Session Counts:  3
ERROR 20:32:40.131 [ContainerBackgroundProcessor[StandardEngine[Catalina]]] sems.cm.ctrl.HttpSessionCheckingListener[sessionDestroyed:31] - ##########Session ID EBF8B814BEA2B31B4FD6A92E3260800B destroyed at Sun Mar 03 20:32:40 KST 2024 3
##########Session ID 209346FE667419FF5CB12734480CB1AE destroyed at Sun Mar 03 20:32:40 KST 2024 Session Counts:  2
ERROR 20:32:40.131 [ContainerBackgroundProcessor[StandardEngine[Catalina]]] sems.cm.ctrl.HttpSessionCheckingListener[sessionDestroyed:31] - ##########Session ID 209346FE667419FF5CB12734480CB1AE destroyed at Sun Mar 03 20:32:40 KST 2024 2
##########Session ID CEF970E740E889A46A189DF7B7275A28 destroyed at Sun Mar 03 20:34:40 KST 2024 Session Counts:  1
ERROR 20:34:40.181 [ContainerBackgroundProcessor[StandardEngine[Catalina]]] sems.cm.ctrl.HttpSessionCheckingListener[sessionDestroyed:31] - ##########Session ID CEF970E740E889A46A189DF7B7275A28 destroyed at Sun Mar 03 20:34:40 KST 2024 1
##########Session ID 01220D37D799BC3AB309B1C7CADA4957 destroyed at Sun Mar 03 20:34:40 KST 2024 Session Counts:  0
ERROR 20:34:40.182 [ContainerBackgroundProcessor[StandardEngine[Catalina]]] sems.cm.ctrl.HttpSessionCheckingListener[sessionDestroyed:31] - ##########Session ID 01220D37D799BC3AB309B1C7CADA4957 destroyed at Sun Mar 03 20:34:40 KST 2024 0
##########Session ID CDC470A1871A7471DD5192BC2AA9FF33 destroyed at Sun Mar 03 20:35:40 KST 2024 Session Counts:  -1
ERROR 20:35:40.209 [ContainerBackgroundProcessor[StandardEngine[Catalina]]] sems.cm.ctrl.HttpSessionCheckingListener[sessionDestroyed:31] - ##########Session ID CDC470A1871A7471DD5192BC2AA9FF33 destroyed at Sun Mar 03 20:35:40 KST 2024 -1
##########Session ID 59E9C3D3B8A28B05C3252E0118E9B5F0 destroyed at Sun Mar 03 20:35:40 KST 2024 Session Counts:  -2
ERROR 20:35:40.209 [ContainerBackgroundProcessor[StandardEngine[Catalina]]] sems.cm.ctrl.HttpSessionCheckingListener[sessionDestroyed:31] - ##########Session ID 59E9C3D3B8A28B05C3252E0118E9B5F0 destroyed at Sun Mar 03 20:35:40 KST 2024 -2
##########Session ID 069B914BC76AC23D6DB687CBCA47CEB9 destroyed at Mon Mar 04 01:50:48 KST 2024 Session Counts:  -2
ERROR 01:50:48.467 [ContainerBackgroundProcessor[StandardEngine[Catalina]]] sems.cm.ctrl.HttpSessionCheckingListener[sessionDestroyed:31] - ##########Session ID 069B914BC76AC23D6DB687CBCA47CEB9 destroyed at Mon Mar 04 01:50:48 KST 2024 -2
##########Session ID 46B00E1D4176F928B64C48348DEAD23D created at Mon Mar 04 09:17:05 KST 2024 Session Counts: 0
ERROR 09:17:05.749 [http-bio-12443-exec-6] sems.cm.ctrl.HttpSessionCheckingListener[sessionCreated:24] - ##########Session ID 46B00E1D4176F928B64C48348DEAD23D created at Mon Mar 04 09:17:05 KST 2024 0
##########Session ID C8490B31A85C99F75686D4475C5F376C created at Mon Mar 04 10:17:59 KST 2024 Session Counts: 4
ERROR 10:17:59.165 [http-bio-12443-exec-4] sems.cm.ctrl.HttpSessionCheckingListener[sessionCreated:24] - ##########Session ID C8490B31A85C99F75686D4475C5F376C created at Mon Mar 04 10:17:59 KST 2024 4
##########Session ID 8C7FACB3B6420519F473237554550CCB created at Mon Mar 04 10:34:21 KST 2024 Session Counts: 6
ERROR 10:34:21.432 [http-bio-12443-exec-9] sems.cm.ctrl.HttpSessionCheckingListener[sessionCreated:24] - ##########Session ID 8C7FACB3B6420519F473237554550CCB created at Mon Mar 04 10:34:21 KST 2024 6
##########Session ID 46B00E1D4176F928B64C48348DEAD23D destroyed at Mon Mar 04 12:18:04 KST 2024 Session Counts:  6
ERROR 12:18:04.918 [ContainerBackgroundProcessor[StandardEngine[Catalina]]] sems.cm.ctrl.HttpSessionCheckingListener[sessionDestroyed:31] - ##########Session ID 46B00E1D4176F928B64C48348DEAD23D destroyed at Mon Mar 04 12:18:04 KST 2024 6
##########Session ID 3577D29B3C383E59C8EE1C2C5F663F5E destroyed at Mon Mar 04 12:18:04 KST 2024 Session Counts:  5
ERROR 12:18:04.918 [ContainerBackgroundProcessor[StandardEngine[Catalina]]] sems.cm.ctrl.HttpSessionCheckingListener[sessionDestroyed:31] - ##########Session ID 3577D29B3C383E59C8EE1C2C5F663F5E destroyed at Mon Mar 04 12:18:04 KST 2024 5
##########Session ID C8490B31A85C99F75686D4475C5F376C destroyed at Mon Mar 04 13:18:06 KST 2024 Session Counts:  4
ERROR 13:18:06.497 [ContainerBackgroundProcessor[StandardEngine[Catalina]]] sems.cm.ctrl.HttpSessionCheckingListener[sessionDestroyed:31] - ##########Session ID C8490B31A85C99F75686D4475C5F376C destroyed at Mon Mar 04 13:18:06 KST 2024 4
##########Session ID EB5B9928330B5CBC991523A547FA6CB5 destroyed at Mon Mar 04 13:27:06 KST 2024 Session Counts:  3
ERROR 13:27:06.735 [ContainerBackgroundProcessor[StandardEngine[Catalina]]] sems.cm.ctrl.HttpSessionCheckingListener[sessionDestroyed:31] - ##########Session ID EB5B9928330B5CBC991523A547FA6CB5 destroyed at Mon Mar 04 13:27:06 KST 2024 3
##########Session ID CFAA1CA789D69EA1231B957CDD850D9C destroyed at Mon Mar 04 13:28:06 KST 2024 Session Counts:  2
ERROR 13:28:06.760 [ContainerBackgroundProcessor[StandardEngine[Catalina]]] sems.cm.ctrl.HttpSessionCheckingListener[sessionDestroyed:31] - ##########Session ID CFAA1CA789D69EA1231B957CDD850D9C destroyed at Mon Mar 04 13:28:06 KST 2024 2
##########Session ID 8C7FACB3B6420519F473237554550CCB destroyed at Mon Mar 04 13:35:06 KST 2024 Session Counts:  1
ERROR 13:35:06.944 [ContainerBackgroundProcessor[StandardEngine[Catalina]]] sems.cm.ctrl.HttpSessionCheckingListener[sessionDestroyed:31] - ##########Session ID 8C7FACB3B6420519F473237554550CCB destroyed at Mon Mar 04 13:35:06 KST 2024 1
##########Session ID 49FAFDB3431C0333FF8690ADE9CEFF95 destroyed at Mon Mar 04 13:35:06 KST 2024 Session Counts:  0
ERROR 13:35:06.944 [ContainerBackgroundProcessor[StandardEngine[Catalina]]] sems.cm.ctrl.HttpSessionCheckingListener[sessionDestroyed:31] - ##########Session ID 49FAFDB3431C0333FF8690ADE9CEFF95 destroyed at Mon Mar 04 13:35:06 KST 2024 0
##########Session ID 43F97F20B9A53786625740F7ABE2EF74 destroyed at Mon Mar 04 14:00:07 KST 2024 Session Counts:  -1
ERROR 14:00:07.592 [ContainerBackgroundProcessor[StandardEngine[Catalina]]] sems.cm.ctrl.HttpSessionCheckingListener[sessionDestroyed:31] - ##########Session ID 43F97F20B9A53786625740F7ABE2EF74 destroyed at Mon Mar 04 14:00:07 KST 2024 -1
##########Session ID E93396EE5E8CF30E9450BE59C0A918CE destroyed at Mon Mar 04 14:20:08 KST 2024 Session Counts:  -2
ERROR 14:20:08.113 [ContainerBackgroundProcessor[StandardEngine[Catalina]]] sems.cm.ctrl.HttpSessionCheckingListener[sessionDestroyed:31] - ##########Session ID E93396EE5E8CF30E9450BE59C0A918CE destroyed at Mon Mar 04 14:20:08 KST 2024 -2
##########Session ID 8A0860C4DFCFF82AFC928E691251298E created at Mon Mar 04 16:10:39 KST 2024 Session Counts: 2
ERROR 16:10:39.998 [http-bio-12443-exec-9] sems.cm.ctrl.HttpSessionCheckingListener[sessionCreated:24] - ##########Session ID 8A0860C4DFCFF82AFC928E691251298E created at Mon Mar 04 16:10:39 KST 2024 2
##########Session ID 747AEEB4036302123219DC6F773669DD created at Mon Mar 04 16:12:33 KST 2024 Session Counts: 4
ERROR 16:12:33.664 [http-bio-12443-exec-1] sems.cm.ctrl.HttpSessionCheckingListener[sessionCreated:24] - ##########Session ID 747AEEB4036302123219DC6F773669DD created at Mon Mar 04 16:12:33 KST 2024 4
