
2024-03-11 12:19:06 Commons Daemon procrun stdout initialized
##########Session ID D3CD73AD8E7D4BCB68DDC60E18A95D33 destroyed at Mon Mar 11 15:25:27 KST 2024 Session Counts:  17
ERROR 15:25:27.905 [ContainerBackgroundProcessor[StandardEngine[Catalina]]] sems.cm.ctrl.HttpSessionCheckingListener[sessionDestroyed:31] - ##########Session ID D3CD73AD8E7D4BCB68DDC60E18A95D33 destroyed at Mon Mar 11 15:25:27 KST 2024 17
##########Session ID 1409D7EDF76A99ECA2E36C6523D72F85 destroyed at Mon Mar 11 15:38:28 KST 2024 Session Counts:  16
ERROR 15:38:28.336 [ContainerBackgroundProcessor[StandardEngine[Catalina]]] sems.cm.ctrl.HttpSessionCheckingListener[sessionDestroyed:31] - ##########Session ID 1409D7EDF76A99ECA2E36C6523D72F85 destroyed at Mon Mar 11 15:38:28 KST 2024 16
##########Session ID F820CA9C49B51AFB4EE12BD9B2AB1916 destroyed at Mon Mar 11 15:38:28 KST 2024 Session Counts:  15
ERROR 15:38:28.337 [ContainerBackgroundProcessor[StandardEngine[Catalina]]] sems.cm.ctrl.HttpSessionCheckingListener[sessionDestroyed:31] - ##########Session ID F820CA9C49B51AFB4EE12BD9B2AB1916 destroyed at Mon Mar 11 15:38:28 KST 2024 15
##########Session ID B7F77EE6CAC34E914EB14E7F83499EB1 destroyed at Mon Mar 11 16:35:30 KST 2024 Session Counts:  22
ERROR 16:35:30.210 [ContainerBackgroundProcessor[StandardEngine[Catalina]]] sems.cm.ctrl.HttpSessionCheckingListener[sessionDestroyed:31] - ##########Session ID B7F77EE6CAC34E914EB14E7F83499EB1 destroyed at Mon Mar 11 16:35:30 KST 2024 22
##########Session ID 882FF3E4970AAED0DB49E7E8ADEDE2DA destroyed at Mon Mar 11 16:35:30 KST 2024 Session Counts:  21
ERROR 16:35:30.210 [ContainerBackgroundProcessor[StandardEngine[Catalina]]] sems.cm.ctrl.HttpSessionCheckingListener[sessionDestroyed:31] - ##########Session ID 882FF3E4970AAED0DB49E7E8ADEDE2DA destroyed at Mon Mar 11 16:35:30 KST 2024 21
##########Session ID 1BA1810CCA9C997F299C7EF264AC92DD destroyed at Mon Mar 11 16:40:30 KST 2024 Session Counts:  22
ERROR 16:40:30.372 [ContainerBackgroundProcessor[StandardEngine[Catalina]]] sems.cm.ctrl.HttpSessionCheckingListener[sessionDestroyed:31] - ##########Session ID 1BA1810CCA9C997F299C7EF264AC92DD destroyed at Mon Mar 11 16:40:30 KST 2024 22
##########Session ID DEDB39182F9F6397F9AABA380E1F7479 destroyed at Mon Mar 11 18:00:33 KST 2024 Session Counts:  30
ERROR 18:00:33.005 [ContainerBackgroundProcessor[StandardEngine[Catalina]]] sems.cm.ctrl.HttpSessionCheckingListener[sessionDestroyed:31] - ##########Session ID DEDB39182F9F6397F9AABA380E1F7479 destroyed at Mon Mar 11 18:00:33 KST 2024 30
##########Session ID 116F1F36CA77238CBA4FD01C08DA0615 destroyed at Mon Mar 11 18:06:33 KST 2024 Session Counts:  29
ERROR 18:06:33.195 [ContainerBackgroundProcessor[StandardEngine[Catalina]]] sems.cm.ctrl.HttpSessionCheckingListener[sessionDestroyed:31] - ##########Session ID 116F1F36CA77238CBA4FD01C08DA0615 destroyed at Mon Mar 11 18:06:33 KST 2024 29
##########Session ID A4AEA003AFF29D270A3D88075E1A51F2 destroyed at Mon Mar 11 18:07:33 KST 2024 Session Counts:  28
ERROR 18:07:33.227 [ContainerBackgroundProcessor[StandardEngine[Catalina]]] sems.cm.ctrl.HttpSessionCheckingListener[sessionDestroyed:31] - ##########Session ID A4AEA003AFF29D270A3D88075E1A51F2 destroyed at Mon Mar 11 18:07:33 KST 2024 28
##########Session ID 4E5065BB776C312C5E752C25979FCD9E destroyed at Mon Mar 11 18:08:33 KST 2024 Session Counts:  27
ERROR 18:08:33.260 [ContainerBackgroundProcessor[StandardEngine[Catalina]]] sems.cm.ctrl.HttpSessionCheckingListener[sessionDestroyed:31] - ##########Session ID 4E5065BB776C312C5E752C25979FCD9E destroyed at Mon Mar 11 18:08:33 KST 2024 27
##########Session ID 1DEABF864F7A75392AA4FD631D0249A1 destroyed at Mon Mar 11 18:09:33 KST 2024 Session Counts:  26
ERROR 18:09:33.291 [ContainerBackgroundProcessor[StandardEngine[Catalina]]] sems.cm.ctrl.HttpSessionCheckingListener[sessionDestroyed:31] - ##########Session ID 1DEABF864F7A75392AA4FD631D0249A1 destroyed at Mon Mar 11 18:09:33 KST 2024 26
##########Session ID C483D07C8C2A9EB7A7595798F0B46A20 destroyed at Mon Mar 11 18:09:33 KST 2024 Session Counts:  25
ERROR 18:09:33.291 [ContainerBackgroundProcessor[StandardEngine[Catalina]]] sems.cm.ctrl.HttpSessionCheckingListener[sessionDestroyed:31] - ##########Session ID C483D07C8C2A9EB7A7595798F0B46A20 destroyed at Mon Mar 11 18:09:33 KST 2024 25
##########Session ID E068FDB8CF7A5427CF8FAD35FB6DAEE1 destroyed at Mon Mar 11 18:09:33 KST 2024 Session Counts:  24
ERROR 18:09:33.292 [ContainerBackgroundProcessor[StandardEngine[Catalina]]] sems.cm.ctrl.HttpSessionCheckingListener[sessionDestroyed:31] - ##########Session ID E068FDB8CF7A5427CF8FAD35FB6DAEE1 destroyed at Mon Mar 11 18:09:33 KST 2024 24
##########Session ID D1945824B20BED1B0DE24594B44DAFF6 destroyed at Mon Mar 11 18:10:33 KST 2024 Session Counts:  23
ERROR 18:10:33.326 [ContainerBackgroundProcessor[StandardEngine[Catalina]]] sems.cm.ctrl.HttpSessionCheckingListener[sessionDestroyed:31] - ##########Session ID D1945824B20BED1B0DE24594B44DAFF6 destroyed at Mon Mar 11 18:10:33 KST 2024 23
##########Session ID 3F1E4FC1A86169612DBC5B5C672B7AE0 destroyed at Mon Mar 11 18:19:33 KST 2024 Session Counts:  22
ERROR 18:19:33.626 [ContainerBackgroundProcessor[StandardEngine[Catalina]]] sems.cm.ctrl.HttpSessionCheckingListener[sessionDestroyed:31] - ##########Session ID 3F1E4FC1A86169612DBC5B5C672B7AE0 destroyed at Mon Mar 11 18:19:33 KST 2024 22
##########Session ID BE6825AEE16ECA46BB89C8EE3830513E destroyed at Mon Mar 11 18:20:33 KST 2024 Session Counts:  21
ERROR 18:20:33.660 [ContainerBackgroundProcessor[StandardEngine[Catalina]]] sems.cm.ctrl.HttpSessionCheckingListener[sessionDestroyed:31] - ##########Session ID BE6825AEE16ECA46BB89C8EE3830513E destroyed at Mon Mar 11 18:20:33 KST 2024 21
##########Session ID 60B9D87634560DCCFB23E7E148F07196 destroyed at Mon Mar 11 18:21:33 KST 2024 Session Counts:  20
ERROR 18:21:33.692 [ContainerBackgroundProcessor[StandardEngine[Catalina]]] sems.cm.ctrl.HttpSessionCheckingListener[sessionDestroyed:31] - ##########Session ID 60B9D87634560DCCFB23E7E148F07196 destroyed at Mon Mar 11 18:21:33 KST 2024 20
##########Session ID B20F977AFA9E436052EA4D4E9667665D destroyed at Mon Mar 11 18:22:33 KST 2024 Session Counts:  19
ERROR 18:22:33.726 [ContainerBackgroundProcessor[StandardEngine[Catalina]]] sems.cm.ctrl.HttpSessionCheckingListener[sessionDestroyed:31] - ##########Session ID B20F977AFA9E436052EA4D4E9667665D destroyed at Mon Mar 11 18:22:33 KST 2024 19
##########Session ID 738F419EDC78DBB0D064DE554507E221 destroyed at Mon Mar 11 19:13:35 KST 2024 Session Counts:  18
ERROR 19:13:35.383 [ContainerBackgroundProcessor[StandardEngine[Catalina]]] sems.cm.ctrl.HttpSessionCheckingListener[sessionDestroyed:31] - ##########Session ID 738F419EDC78DBB0D064DE554507E221 destroyed at Mon Mar 11 19:13:35 KST 2024 18
##########Session ID 2CD05D3D6A106E0BC3B7D3171DAD183B destroyed at Mon Mar 11 19:14:35 KST 2024 Session Counts:  17
ERROR 19:14:35.415 [ContainerBackgroundProcessor[StandardEngine[Catalina]]] sems.cm.ctrl.HttpSessionCheckingListener[sessionDestroyed:31] - ##########Session ID 2CD05D3D6A106E0BC3B7D3171DAD183B destroyed at Mon Mar 11 19:14:35 KST 2024 17
##########Session ID FA1CC5330CCB0F578A4D7241F3281332 destroyed at Mon Mar 11 19:16:35 KST 2024 Session Counts:  16
ERROR 19:16:35.481 [ContainerBackgroundProcessor[StandardEngine[Catalina]]] sems.cm.ctrl.HttpSessionCheckingListener[sessionDestroyed:31] - ##########Session ID FA1CC5330CCB0F578A4D7241F3281332 destroyed at Mon Mar 11 19:16:35 KST 2024 16
##########Session ID 58585DC50D4D5C78D5137A23DDDF4CBA destroyed at Mon Mar 11 19:17:35 KST 2024 Session Counts:  15
ERROR 19:17:35.513 [ContainerBackgroundProcessor[StandardEngine[Catalina]]] sems.cm.ctrl.HttpSessionCheckingListener[sessionDestroyed:31] - ##########Session ID 58585DC50D4D5C78D5137A23DDDF4CBA destroyed at Mon Mar 11 19:17:35 KST 2024 15
##########Session ID B6019A4CEC3CBA5EE6697851FD4C4984 destroyed at Mon Mar 11 19:21:35 KST 2024 Session Counts:  14
ERROR 19:21:35.645 [ContainerBackgroundProcessor[StandardEngine[Catalina]]] sems.cm.ctrl.HttpSessionCheckingListener[sessionDestroyed:31] - ##########Session ID B6019A4CEC3CBA5EE6697851FD4C4984 destroyed at Mon Mar 11 19:21:35 KST 2024 14
##########Session ID DD0A2008A5843AE1C16F3D8F4F27B6A1 destroyed at Mon Mar 11 19:22:35 KST 2024 Session Counts:  13
ERROR 19:22:35.678 [ContainerBackgroundProcessor[StandardEngine[Catalina]]] sems.cm.ctrl.HttpSessionCheckingListener[sessionDestroyed:31] - ##########Session ID DD0A2008A5843AE1C16F3D8F4F27B6A1 destroyed at Mon Mar 11 19:22:35 KST 2024 13
##########Session ID 75A2BBD19AB2E49F6B4C8688319FC296 destroyed at Mon Mar 11 19:32:35 KST 2024 Session Counts:  12
ERROR 19:32:35.995 [ContainerBackgroundProcessor[StandardEngine[Catalina]]] sems.cm.ctrl.HttpSessionCheckingListener[sessionDestroyed:31] - ##########Session ID 75A2BBD19AB2E49F6B4C8688319FC296 destroyed at Mon Mar 11 19:32:35 KST 2024 12
##########Session ID 2381B2F8AC3313CBBDB9335DEB2F3494 destroyed at Mon Mar 11 19:34:36 KST 2024 Session Counts:  11
ERROR 19:34:36.060 [ContainerBackgroundProcessor[StandardEngine[Catalina]]] sems.cm.ctrl.HttpSessionCheckingListener[sessionDestroyed:31] - ##########Session ID 2381B2F8AC3313CBBDB9335DEB2F3494 destroyed at Mon Mar 11 19:34:36 KST 2024 11
##########Session ID 2AAC3CA956751AF72722F7827C8DCE1E destroyed at Mon Mar 11 19:37:36 KST 2024 Session Counts:  10
ERROR 19:37:36.157 [ContainerBackgroundProcessor[StandardEngine[Catalina]]] sems.cm.ctrl.HttpSessionCheckingListener[sessionDestroyed:31] - ##########Session ID 2AAC3CA956751AF72722F7827C8DCE1E destroyed at Mon Mar 11 19:37:36 KST 2024 10
##########Session ID 43A44A362C278FFEF6424AAE9BDEC7E4 destroyed at Mon Mar 11 19:38:36 KST 2024 Session Counts:  9
ERROR 19:38:36.188 [ContainerBackgroundProcessor[StandardEngine[Catalina]]] sems.cm.ctrl.HttpSessionCheckingListener[sessionDestroyed:31] - ##########Session ID 43A44A362C278FFEF6424AAE9BDEC7E4 destroyed at Mon Mar 11 19:38:36 KST 2024 9
##########Session ID FA211BCF8B13110C6087135EA1478B16 destroyed at Mon Mar 11 19:48:36 KST 2024 Session Counts:  8
ERROR 19:48:36.514 [ContainerBackgroundProcessor[StandardEngine[Catalina]]] sems.cm.ctrl.HttpSessionCheckingListener[sessionDestroyed:31] - ##########Session ID FA211BCF8B13110C6087135EA1478B16 destroyed at Mon Mar 11 19:48:36 KST 2024 8
##########Session ID C4F5182ADC6EF82C8161765BE5D35873 destroyed at Mon Mar 11 19:49:36 KST 2024 Session Counts:  7
ERROR 19:49:36.546 [ContainerBackgroundProcessor[StandardEngine[Catalina]]] sems.cm.ctrl.HttpSessionCheckingListener[sessionDestroyed:31] - ##########Session ID C4F5182ADC6EF82C8161765BE5D35873 destroyed at Mon Mar 11 19:49:36 KST 2024 7
##########Session ID 7B2A2489C201961EE7C27A18EE600AEA destroyed at Mon Mar 11 20:26:37 KST 2024 Session Counts:  6
ERROR 20:26:37.755 [ContainerBackgroundProcessor[StandardEngine[Catalina]]] sems.cm.ctrl.HttpSessionCheckingListener[sessionDestroyed:31] - ##########Session ID 7B2A2489C201961EE7C27A18EE600AEA destroyed at Mon Mar 11 20:26:37 KST 2024 6
##########Session ID 5EC2AC4EE419579A0A6100122BE779FA destroyed at Mon Mar 11 20:28:37 KST 2024 Session Counts:  5
ERROR 20:28:37.820 [ContainerBackgroundProcessor[StandardEngine[Catalina]]] sems.cm.ctrl.HttpSessionCheckingListener[sessionDestroyed:31] - ##########Session ID 5EC2AC4EE419579A0A6100122BE779FA destroyed at Mon Mar 11 20:28:37 KST 2024 5
##########Session ID C7879FD6B0B2E9D4048751CCB6CF1619 destroyed at Mon Mar 11 20:29:37 KST 2024 Session Counts:  4
ERROR 20:29:37.852 [ContainerBackgroundProcessor[StandardEngine[Catalina]]] sems.cm.ctrl.HttpSessionCheckingListener[sessionDestroyed:31] - ##########Session ID C7879FD6B0B2E9D4048751CCB6CF1619 destroyed at Mon Mar 11 20:29:37 KST 2024 4
##########Session ID 70DAD02126682FA2E251F0CED027C8A7 destroyed at Mon Mar 11 20:36:38 KST 2024 Session Counts:  3
ERROR 20:36:38.078 [ContainerBackgroundProcessor[StandardEngine[Catalina]]] sems.cm.ctrl.HttpSessionCheckingListener[sessionDestroyed:31] - ##########Session ID 70DAD02126682FA2E251F0CED027C8A7 destroyed at Mon Mar 11 20:36:38 KST 2024 3
##########Session ID EA23532DA262AF3190D205E1D237F707 destroyed at Mon Mar 11 20:36:38 KST 2024 Session Counts:  2
ERROR 20:36:38.078 [ContainerBackgroundProcessor[StandardEngine[Catalina]]] sems.cm.ctrl.HttpSessionCheckingListener[sessionDestroyed:31] - ##########Session ID EA23532DA262AF3190D205E1D237F707 destroyed at Mon Mar 11 20:36:38 KST 2024 2
##########Session ID BF95363FCDCBF65B09E44A08C5099838 destroyed at Mon Mar 11 20:39:38 KST 2024 Session Counts:  1
ERROR 20:39:38.177 [ContainerBackgroundProcessor[StandardEngine[Catalina]]] sems.cm.ctrl.HttpSessionCheckingListener[sessionDestroyed:31] - ##########Session ID BF95363FCDCBF65B09E44A08C5099838 destroyed at Mon Mar 11 20:39:38 KST 2024 1
##########Session ID 539801C36453151180212ED40848BE87 destroyed at Mon Mar 11 20:40:38 KST 2024 Session Counts:  0
ERROR 20:40:38.209 [ContainerBackgroundProcessor[StandardEngine[Catalina]]] sems.cm.ctrl.HttpSessionCheckingListener[sessionDestroyed:31] - ##########Session ID 539801C36453151180212ED40848BE87 destroyed at Mon Mar 11 20:40:38 KST 2024 0
##########Session ID 4A8E4CA888E0FC788F030D4B3AD1603B destroyed at Tue Mar 12 02:23:49 KST 2024 Session Counts:  23
ERROR 02:23:49.322 [ContainerBackgroundProcessor[StandardEngine[Catalina]]] sems.cm.ctrl.HttpSessionCheckingListener[sessionDestroyed:31] - ##########Session ID 4A8E4CA888E0FC788F030D4B3AD1603B destroyed at Tue Mar 12 02:23:49 KST 2024 23
##########Session ID 74C957F29521278BB9AE048D7BACD4DB destroyed at Tue Mar 12 02:25:49 KST 2024 Session Counts:  22
ERROR 02:25:49.400 [ContainerBackgroundProcessor[StandardEngine[Catalina]]] sems.cm.ctrl.HttpSessionCheckingListener[sessionDestroyed:31] - ##########Session ID 74C957F29521278BB9AE048D7BACD4DB destroyed at Tue Mar 12 02:25:49 KST 2024 22
##########Session ID CA77704ECDB9C28836CDDF872612EEB8 destroyed at Tue Mar 12 02:26:49 KST 2024 Session Counts:  21
ERROR 02:26:49.433 [ContainerBackgroundProcessor[StandardEngine[Catalina]]] sems.cm.ctrl.HttpSessionCheckingListener[sessionDestroyed:31] - ##########Session ID CA77704ECDB9C28836CDDF872612EEB8 destroyed at Tue Mar 12 02:26:49 KST 2024 21
##########Session ID 2F41D843C77CB8664F12778644B499BE destroyed at Tue Mar 12 02:26:49 KST 2024 Session Counts:  20
ERROR 02:26:49.433 [ContainerBackgroundProcessor[StandardEngine[Catalina]]] sems.cm.ctrl.HttpSessionCheckingListener[sessionDestroyed:31] - ##########Session ID 2F41D843C77CB8664F12778644B499BE destroyed at Tue Mar 12 02:26:49 KST 2024 20
##########Session ID 972D381CC75CF72494F09E4A6F6FEAFE destroyed at Tue Mar 12 02:31:49 KST 2024 Session Counts:  19
ERROR 02:31:49.596 [ContainerBackgroundProcessor[StandardEngine[Catalina]]] sems.cm.ctrl.HttpSessionCheckingListener[sessionDestroyed:31] - ##########Session ID 972D381CC75CF72494F09E4A6F6FEAFE destroyed at Tue Mar 12 02:31:49 KST 2024 19
##########Session ID BF5B8405DDFB098BD53285FD7302A72C destroyed at Tue Mar 12 02:31:49 KST 2024 Session Counts:  18
ERROR 02:31:49.597 [ContainerBackgroundProcessor[StandardEngine[Catalina]]] sems.cm.ctrl.HttpSessionCheckingListener[sessionDestroyed:31] - ##########Session ID BF5B8405DDFB098BD53285FD7302A72C destroyed at Tue Mar 12 02:31:49 KST 2024 18
##########Session ID D2AB21018E6F2283346807BAC5EF79DF destroyed at Tue Mar 12 02:32:49 KST 2024 Session Counts:  17
ERROR 02:32:49.629 [ContainerBackgroundProcessor[StandardEngine[Catalina]]] sems.cm.ctrl.HttpSessionCheckingListener[sessionDestroyed:31] - ##########Session ID D2AB21018E6F2283346807BAC5EF79DF destroyed at Tue Mar 12 02:32:49 KST 2024 17
##########Session ID 25D2BEA5DD5AA1BFD140EF2B83207FB6 destroyed at Tue Mar 12 02:32:49 KST 2024 Session Counts:  16
ERROR 02:32:49.629 [ContainerBackgroundProcessor[StandardEngine[Catalina]]] sems.cm.ctrl.HttpSessionCheckingListener[sessionDestroyed:31] - ##########Session ID 25D2BEA5DD5AA1BFD140EF2B83207FB6 destroyed at Tue Mar 12 02:32:49 KST 2024 16
##########Session ID 1EB493DD2099A3E8E5585C4180EC52D3 destroyed at Tue Mar 12 02:34:49 KST 2024 Session Counts:  15
ERROR 02:34:49.700 [ContainerBackgroundProcessor[StandardEngine[Catalina]]] sems.cm.ctrl.HttpSessionCheckingListener[sessionDestroyed:31] - ##########Session ID 1EB493DD2099A3E8E5585C4180EC52D3 destroyed at Tue Mar 12 02:34:49 KST 2024 15
##########Session ID EC3E5835BFE84C68C60634F80B3AFCF1 destroyed at Tue Mar 12 02:34:49 KST 2024 Session Counts:  14
ERROR 02:34:49.701 [ContainerBackgroundProcessor[StandardEngine[Catalina]]] sems.cm.ctrl.HttpSessionCheckingListener[sessionDestroyed:31] - ##########Session ID EC3E5835BFE84C68C60634F80B3AFCF1 destroyed at Tue Mar 12 02:34:49 KST 2024 14
##########Session ID 0774CFBA6F40A675C55880AD92119F62 destroyed at Tue Mar 12 02:35:49 KST 2024 Session Counts:  13
ERROR 02:35:49.731 [ContainerBackgroundProcessor[StandardEngine[Catalina]]] sems.cm.ctrl.HttpSessionCheckingListener[sessionDestroyed:31] - ##########Session ID 0774CFBA6F40A675C55880AD92119F62 destroyed at Tue Mar 12 02:35:49 KST 2024 13
##########Session ID 4B351D4B6CAF48F776378BC0889ECEC6 destroyed at Tue Mar 12 02:36:49 KST 2024 Session Counts:  12
ERROR 02:36:49.765 [ContainerBackgroundProcessor[StandardEngine[Catalina]]] sems.cm.ctrl.HttpSessionCheckingListener[sessionDestroyed:31] - ##########Session ID 4B351D4B6CAF48F776378BC0889ECEC6 destroyed at Tue Mar 12 02:36:49 KST 2024 12
##########Session ID 035D363446B5C1F6C7F91619D5E0AABC destroyed at Tue Mar 12 02:44:50 KST 2024 Session Counts:  11
ERROR 02:44:50.023 [ContainerBackgroundProcessor[StandardEngine[Catalina]]] sems.cm.ctrl.HttpSessionCheckingListener[sessionDestroyed:31] - ##########Session ID 035D363446B5C1F6C7F91619D5E0AABC destroyed at Tue Mar 12 02:44:50 KST 2024 11
##########Session ID 1D78F883F3D4BC8C3772EA5BDE5ABC85 destroyed at Tue Mar 12 02:49:50 KST 2024 Session Counts:  10
ERROR 02:49:50.185 [ContainerBackgroundProcessor[StandardEngine[Catalina]]] sems.cm.ctrl.HttpSessionCheckingListener[sessionDestroyed:31] - ##########Session ID 1D78F883F3D4BC8C3772EA5BDE5ABC85 destroyed at Tue Mar 12 02:49:50 KST 2024 10
##########Session ID 7177477FEA5BBEA104208B78A61BED2E destroyed at Tue Mar 12 02:49:50 KST 2024 Session Counts:  9
ERROR 02:49:50.186 [ContainerBackgroundProcessor[StandardEngine[Catalina]]] sems.cm.ctrl.HttpSessionCheckingListener[sessionDestroyed:31] - ##########Session ID 7177477FEA5BBEA104208B78A61BED2E destroyed at Tue Mar 12 02:49:50 KST 2024 9
##########Session ID 018453E3375A95F784C5111B04C71C31 destroyed at Tue Mar 12 02:50:50 KST 2024 Session Counts:  8
ERROR 02:50:50.218 [ContainerBackgroundProcessor[StandardEngine[Catalina]]] sems.cm.ctrl.HttpSessionCheckingListener[sessionDestroyed:31] - ##########Session ID 018453E3375A95F784C5111B04C71C31 destroyed at Tue Mar 12 02:50:50 KST 2024 8
##########Session ID AAAAC9030E6A3D4746636192BC53411F destroyed at Tue Mar 12 02:51:50 KST 2024 Session Counts:  7
ERROR 02:51:50.248 [ContainerBackgroundProcessor[StandardEngine[Catalina]]] sems.cm.ctrl.HttpSessionCheckingListener[sessionDestroyed:31] - ##########Session ID AAAAC9030E6A3D4746636192BC53411F destroyed at Tue Mar 12 02:51:50 KST 2024 7
##########Session ID EB68B53A70CF7B8FDE4CA9C464ABC9C4 destroyed at Tue Mar 12 02:51:50 KST 2024 Session Counts:  6
ERROR 02:51:50.248 [ContainerBackgroundProcessor[StandardEngine[Catalina]]] sems.cm.ctrl.HttpSessionCheckingListener[sessionDestroyed:31] - ##########Session ID EB68B53A70CF7B8FDE4CA9C464ABC9C4 destroyed at Tue Mar 12 02:51:50 KST 2024 6
##########Session ID A87223AFF207B77BAF24E445547BBE2A destroyed at Tue Mar 12 02:51:50 KST 2024 Session Counts:  5
ERROR 02:51:50.249 [ContainerBackgroundProcessor[StandardEngine[Catalina]]] sems.cm.ctrl.HttpSessionCheckingListener[sessionDestroyed:31] - ##########Session ID A87223AFF207B77BAF24E445547BBE2A destroyed at Tue Mar 12 02:51:50 KST 2024 5
##########Session ID 8D8FA0D56E9E89D71432F49D44F798AA destroyed at Tue Mar 12 02:51:50 KST 2024 Session Counts:  4
ERROR 02:51:50.249 [ContainerBackgroundProcessor[StandardEngine[Catalina]]] sems.cm.ctrl.HttpSessionCheckingListener[sessionDestroyed:31] - ##########Session ID 8D8FA0D56E9E89D71432F49D44F798AA destroyed at Tue Mar 12 02:51:50 KST 2024 4
##########Session ID 15F06756345A0A18773CB3DF41363513 destroyed at Tue Mar 12 02:54:50 KST 2024 Session Counts:  3
ERROR 02:54:50.348 [ContainerBackgroundProcessor[StandardEngine[Catalina]]] sems.cm.ctrl.HttpSessionCheckingListener[sessionDestroyed:31] - ##########Session ID 15F06756345A0A18773CB3DF41363513 destroyed at Tue Mar 12 02:54:50 KST 2024 3
##########Session ID F5D1BE51D600263FC820247A7E227555 destroyed at Tue Mar 12 02:54:50 KST 2024 Session Counts:  2
ERROR 02:54:50.349 [ContainerBackgroundProcessor[StandardEngine[Catalina]]] sems.cm.ctrl.HttpSessionCheckingListener[sessionDestroyed:31] - ##########Session ID F5D1BE51D600263FC820247A7E227555 destroyed at Tue Mar 12 02:54:50 KST 2024 2
##########Session ID 7FB9788BD5B0DE0E55A8211AF3609557 destroyed at Tue Mar 12 02:55:50 KST 2024 Session Counts:  1
ERROR 02:55:50.383 [ContainerBackgroundProcessor[StandardEngine[Catalina]]] sems.cm.ctrl.HttpSessionCheckingListener[sessionDestroyed:31] - ##########Session ID 7FB9788BD5B0DE0E55A8211AF3609557 destroyed at Tue Mar 12 02:55:50 KST 2024 1
##########Session ID 2BF54F8305D002F5A7DC797631FEF4F7 destroyed at Tue Mar 12 02:59:50 KST 2024 Session Counts:  0
ERROR 02:59:50.518 [ContainerBackgroundProcessor[StandardEngine[Catalina]]] sems.cm.ctrl.HttpSessionCheckingListener[sessionDestroyed:31] - ##########Session ID 2BF54F8305D002F5A7DC797631FEF4F7 destroyed at Tue Mar 12 02:59:50 KST 2024 0
##########Session ID 85784E15D942D4747496C3C728122D05 created at Tue Mar 12 10:44:05 KST 2024 Session Counts: 1
ERROR 10:44:05.069 [http-bio-12443-exec-3] sems.cm.ctrl.HttpSessionCheckingListener[sessionCreated:24] - ##########Session ID 85784E15D942D4747496C3C728122D05 created at Tue Mar 12 10:44:05 KST 2024 1
##########Session ID A87BD187C46FB388E4930A2BD99C2F75 created at Tue Mar 12 11:09:10 KST 2024 Session Counts: 2
ERROR 11:09:10.776 [http-bio-12443-exec-7] sems.cm.ctrl.HttpSessionCheckingListener[sessionCreated:24] - ##########Session ID A87BD187C46FB388E4930A2BD99C2F75 created at Tue Mar 12 11:09:10 KST 2024 2
