
2023-07-21 14:15:34 Commons Daemon procrun stdout initialized
##########Session ID AC7257EA78263239AAF6D2660F39EF03 destroyed at Fri Jul 21 17:19:51 KST 2023
##########Session ID FFDBD60DA2E6B09E4D1163827A6C6B9D destroyed at Fri Jul 21 17:28:51 KST 2023
##########Session ID A3E48E8E2BCDFEBC18277E9BF00C3016 destroyed at Fri Jul 21 17:54:52 KST 2023
##########Session ID 75532A142F66F39A5DFD985ECF99821A destroyed at Fri Jul 21 17:54:52 KST 2023
##########Session ID 8297027A7C835BDCA8227D46B3B7BA93 destroyed at Fri Jul 21 17:57:52 KST 2023
##########Session ID CB351F4D1A9AE2CCE7174C38542DD8A9 destroyed at Fri Jul 21 18:09:52 KST 2023
##########Session ID 6750E553D4484D8F885FAED208029BAC created at Fri Jul 21 20:07:43 KST 2023
##########Session ID 67C7E1F8DC40B5BAAC790D13C2DC7A06 created at Fri Jul 21 20:07:44 KST 2023
##########Session ID D186691E915095C64087185E26AEF1ED destroyed at Sat Jul 22 02:33:00 KST 2023
##########Session ID 1168D0B719DF1C413E1991DE32FADCBA destroyed at Sat Jul 22 02:33:00 KST 2023
##########Session ID F24FC772AD7A5D815731FE2301D860B6 destroyed at Sat Jul 22 06:26:04 KST 2023
##########Session ID 4DAC9909784070EC8C3188099BE6933F created at Sat Jul 22 06:46:42 KST 2023
##########Session ID 2EB9D17AC34102B38367079EE0C33DF9 destroyed at Sat Jul 22 10:30:08 KST 2023
##########Session ID 26AD959B5CBC37AC011189EE6E7184A2 destroyed at Sat Jul 22 10:30:08 KST 2023
##########Session ID 4E0C0518F5814CCA40EFC0196B1FE00D destroyed at Sat Jul 22 10:32:08 KST 2023
##########Session ID 6D04BAD14EEE550F0E9BF025251382EA destroyed at Sat Jul 22 11:30:09 KST 2023
##########Session ID 286EA9C09D7D9D622914BA311BF07E2A destroyed at Sat Jul 22 11:30:09 KST 2023
##########Session ID E64FCACB5C1260A5C94E80A4F7F5BA80 destroyed at Sat Jul 22 11:31:09 KST 2023
##########Session ID 89F0651D8C5E26C8A345439ABEBD97ED destroyed at Sat Jul 22 11:35:10 KST 2023
##########Session ID C3C44C519A03A376AC3127DF4BC62B46 destroyed at Sat Jul 22 11:35:10 KST 2023
##########Session ID 714DA98435B1705D30197E850F75DF82 destroyed at Sat Jul 22 14:14:12 KST 2023
##########Session ID E3F80940EACC6A2708E9A383B04272E5 destroyed at Sat Jul 22 14:16:12 KST 2023
##########Session ID 47A6697B1FECF064F166754F8AE498E9 destroyed at Sat Jul 22 15:14:13 KST 2023
##########Session ID FA13736B874F7098227F8525BAA3A3FF created at Sat Jul 22 16:47:41 KST 2023
##########Session ID 11418148F362B71BEBEC882D7CD3B43E destroyed at Sat Jul 22 16:49:15 KST 2023
##########Session ID 6E9E0FBFA112DC244E23CE5335664BBE destroyed at Sat Jul 22 16:49:15 KST 2023
##########Session ID 6750E553D4484D8F885FAED208029BAC destroyed at Sat Jul 22 20:08:18 KST 2023
##########Session ID 67C7E1F8DC40B5BAAC790D13C2DC7A06 destroyed at Sat Jul 22 20:08:18 KST 2023
##########Session ID 9AAEF2BA88182696C1D3CCF4EBC67A92 created at Sun Jul 23 02:24:30 KST 2023
##########Session ID 4DAC9909784070EC8C3188099BE6933F destroyed at Sun Jul 23 06:47:29 KST 2023
##########Session ID 387A91F8A9096AE70AFAD5691EED495A destroyed at Sun Jul 23 12:47:35 KST 2023
##########Session ID 8E1052D009A7EA30B77C53C43E8008A0 destroyed at Sun Jul 23 12:47:35 KST 2023
##########Session ID FB787BFCBFF721D67EE5DD50664EA6D1 destroyed at Sun Jul 23 14:23:36 KST 2023
##########Session ID FA13736B874F7098227F8525BAA3A3FF destroyed at Sun Jul 23 16:48:39 KST 2023
##########Session ID BCBCD71C02416FE0749C3E877BC3BB83 destroyed at Sun Jul 23 20:04:42 KST 2023
##########Session ID 4CC1E84D016BFC20283312DA966A781C destroyed at Sun Jul 23 20:04:42 KST 2023
##########Session ID 8B918877784CFB6F7A38EAFB03067EB9 created at Mon Jul 24 02:12:03 KST 2023
##########Session ID 9AAEF2BA88182696C1D3CCF4EBC67A92 destroyed at Mon Jul 24 02:24:48 KST 2023
##########Session ID 8038F2B611F28F9A66BF8E1220ACEEF7 created at Mon Jul 24 04:42:39 KST 2023
##########Session ID 3269E554FED347F1E90D8D5C4622D32A created at Mon Jul 24 04:42:50 KST 2023
##########Session ID 0F77303F1D4964812FD0D0777A8A47F8 created at Mon Jul 24 09:36:42 KST 2023
