
2023-10-30 11:11:58 Commons Daemon procrun stderr initialized
10월 30, 2023 11:12:01 오전 org.apache.catalina.startup.VersionLoggerListener log
정보: Server version:        Apache Tomcat/7.0.69
10월 30, 2023 11:12:01 오전 org.apache.catalina.startup.VersionLoggerListener log
정보: Server built:          Apr 11 2016 07:57:09 UTC
10월 30, 2023 11:12:01 오전 org.apache.catalina.startup.VersionLoggerListener log
정보: Server number:         7.0.69.0
10월 30, 2023 11:12:01 오전 org.apache.catalina.startup.VersionLoggerListener log
정보: OS Name:               Windows Server 2012 R2
10월 30, 2023 11:12:01 오전 org.apache.catalina.startup.VersionLoggerListener log
정보: OS Version:            6.3
10월 30, 2023 11:12:01 오전 org.apache.catalina.startup.VersionLoggerListener log
정보: Architecture:          amd64
10월 30, 2023 11:12:01 오전 org.apache.catalina.startup.VersionLoggerListener log
정보: Java Home:             C:\Program Files\Java\openjdk-1.8.0\jre
10월 30, 2023 11:12:01 오전 org.apache.catalina.startup.VersionLoggerListener log
정보: JVM Version:           1.8.0_201-1-ojdkbuild-b09
10월 30, 2023 11:12:01 오전 org.apache.catalina.startup.VersionLoggerListener log
정보: JVM Vendor:            Oracle Corporation
10월 30, 2023 11:12:01 오전 org.apache.catalina.startup.VersionLoggerListener log
정보: CATALINA_BASE:         C:\WAS\SEMS_MOBILE
10월 30, 2023 11:12:01 오전 org.apache.catalina.startup.VersionLoggerListener log
정보: CATALINA_HOME:         C:\WAS\SEMS_MOBILE
10월 30, 2023 11:12:01 오전 org.apache.catalina.startup.VersionLoggerListener log
정보: Command line argument: -Dcatalina.home=C:\WAS\SEMS_MOBILE
10월 30, 2023 11:12:01 오전 org.apache.catalina.startup.VersionLoggerListener log
정보: Command line argument: -Dcatalina.base=C:\WAS\SEMS_MOBILE
10월 30, 2023 11:12:01 오전 org.apache.catalina.startup.VersionLoggerListener log
정보: Command line argument: -Djava.endorsed.dirs=C:\WAS\SEMS_MOBILE\endorsed
10월 30, 2023 11:12:01 오전 org.apache.catalina.startup.VersionLoggerListener log
정보: Command line argument: -Djava.io.tmpdir=C:\WAS\SEMS_MOBILE\temp
10월 30, 2023 11:12:01 오전 org.apache.catalina.startup.VersionLoggerListener log
정보: Command line argument: -Djava.util.logging.manager=org.apache.juli.ClassLoaderLogManager
10월 30, 2023 11:12:01 오전 org.apache.catalina.startup.VersionLoggerListener log
정보: Command line argument: -Djava.util.logging.config.file=C:\WAS\SEMS_MOBILE\conf\logging.properties
10월 30, 2023 11:12:01 오전 org.apache.catalina.startup.VersionLoggerListener log
정보: Command line argument: exit
10월 30, 2023 11:12:01 오전 org.apache.catalina.startup.VersionLoggerListener log
정보: Command line argument: -Xms128m
10월 30, 2023 11:12:01 오전 org.apache.catalina.startup.VersionLoggerListener log
정보: Command line argument: -Xmx256m
10월 30, 2023 11:12:01 오전 org.apache.catalina.core.AprLifecycleListener lifecycleEvent
정보: Loaded APR based Apache Tomcat Native library 1.1.33 using APR version 1.5.1.
10월 30, 2023 11:12:01 오전 org.apache.catalina.core.AprLifecycleListener lifecycleEvent
정보: APR capabilities: IPv6 [true], sendfile [true], accept filters [false], random [true].
10월 30, 2023 11:12:02 오전 org.apache.catalina.core.AprLifecycleListener initializeSSL
정보: OpenSSL successfully initialized (OpenSSL 1.0.1m 19 Mar 2015)
10월 30, 2023 11:12:03 오전 org.apache.coyote.AbstractProtocol init
정보: Initializing ProtocolHandler ["http-apr-9092"]
10월 30, 2023 11:12:03 오전 org.apache.coyote.AbstractProtocol init
정보: Initializing ProtocolHandler ["http-bio-8443"]
10월 30, 2023 11:12:03 오전 org.apache.coyote.AbstractProtocol init
정보: Initializing ProtocolHandler ["ajp-apr-9100"]
10월 30, 2023 11:12:03 오전 org.apache.catalina.startup.Catalina load
정보: Initialization processed in 3941 ms
10월 30, 2023 11:12:03 오전 org.apache.catalina.core.StandardService startInternal
정보: Starting service Catalina
10월 30, 2023 11:12:03 오전 org.apache.catalina.core.StandardEngine startInternal
정보: Starting Servlet Engine: Apache Tomcat/7.0.69
10월 30, 2023 11:12:03 오전 org.apache.catalina.startup.HostConfig deployWAR
정보: Deploying web application archive C:\WAS\SEMS_MOBILE\webapps\ROOT.war
10월 30, 2023 11:12:10 오전 org.apache.catalina.startup.TldConfig execute
정보: At least one JAR was scanned for TLDs yet contained no TLDs. Enable debug logging for this logger for a complete list of JARs that were scanned but no TLDs were found in them. Skipping unneeded JARs during scanning can improve startup time and JSP compilation time.
10월 30, 2023 11:12:17 오전 org.apache.catalina.startup.HostConfig deployWAR
정보: Deployment of web application archive C:\WAS\SEMS_MOBILE\webapps\ROOT.war has finished in 14,120 ms
10월 30, 2023 11:12:17 오전 org.apache.catalina.startup.HostConfig deployDirectory
정보: Deploying web application directory C:\WAS\SEMS_MOBILE\webapps\230906
10월 30, 2023 11:12:18 오전 org.apache.catalina.startup.HostConfig deployDirectory
정보: Deployment of web application directory C:\WAS\SEMS_MOBILE\webapps\230906 has finished in 49 ms
10월 30, 2023 11:12:18 오전 org.apache.catalina.startup.HostConfig deployDirectory
정보: Deploying web application directory C:\WAS\SEMS_MOBILE\webapps\231018
10월 30, 2023 11:12:18 오전 org.apache.catalina.startup.HostConfig deployDirectory
정보: Deployment of web application directory C:\WAS\SEMS_MOBILE\webapps\231018 has finished in 44 ms
10월 30, 2023 11:12:18 오전 org.apache.catalina.startup.HostConfig deployDirectory
정보: Deploying web application directory C:\WAS\SEMS_MOBILE\webapps\231018_2
10월 30, 2023 11:12:18 오전 org.apache.catalina.startup.HostConfig deployDirectory
정보: Deployment of web application directory C:\WAS\SEMS_MOBILE\webapps\231018_2 has finished in 48 ms
10월 30, 2023 11:12:18 오전 org.apache.catalina.startup.HostConfig deployDirectory
정보: Deploying web application directory C:\WAS\SEMS_MOBILE\webapps\231026
10월 30, 2023 11:12:18 오전 org.apache.catalina.startup.HostConfig deployDirectory
정보: Deployment of web application directory C:\WAS\SEMS_MOBILE\webapps\231026 has finished in 56 ms
10월 30, 2023 11:12:18 오전 org.apache.catalina.startup.HostConfig deployDirectory
정보: Deploying web application directory C:\WAS\SEMS_MOBILE\webapps\231026_2
10월 30, 2023 11:12:18 오전 org.apache.catalina.startup.HostConfig deployDirectory
정보: Deployment of web application directory C:\WAS\SEMS_MOBILE\webapps\231026_2 has finished in 42 ms
10월 30, 2023 11:12:18 오전 org.apache.catalina.startup.HostConfig deployDirectory
정보: Deploying web application directory C:\WAS\SEMS_MOBILE\webapps\docs
10월 30, 2023 11:12:18 오전 org.apache.catalina.startup.HostConfig deployDirectory
정보: Deployment of web application directory C:\WAS\SEMS_MOBILE\webapps\docs has finished in 47 ms
10월 30, 2023 11:12:18 오전 org.apache.catalina.startup.HostConfig deployDirectory
정보: Deploying web application directory C:\WAS\SEMS_MOBILE\webapps\examples
10월 30, 2023 11:12:19 오전 org.apache.catalina.startup.HostConfig deployDirectory
정보: Deployment of web application directory C:\WAS\SEMS_MOBILE\webapps\examples has finished in 1,370 ms
10월 30, 2023 11:12:19 오전 org.apache.catalina.startup.HostConfig deployDirectory
정보: Deploying web application directory C:\WAS\SEMS_MOBILE\webapps\host-manager
10월 30, 2023 11:12:19 오전 org.apache.catalina.startup.HostConfig deployDirectory
정보: Deployment of web application directory C:\WAS\SEMS_MOBILE\webapps\host-manager has finished in 79 ms
10월 30, 2023 11:12:19 오전 org.apache.catalina.startup.HostConfig deployDirectory
정보: Deploying web application directory C:\WAS\SEMS_MOBILE\webapps\manager
10월 30, 2023 11:12:19 오전 org.apache.catalina.startup.HostConfig deployDirectory
정보: Deployment of web application directory C:\WAS\SEMS_MOBILE\webapps\manager has finished in 153 ms
10월 30, 2023 11:12:19 오전 org.apache.coyote.AbstractProtocol start
정보: Starting ProtocolHandler ["http-apr-9092"]
10월 30, 2023 11:12:19 오전 org.apache.coyote.AbstractProtocol start
정보: Starting ProtocolHandler ["http-bio-8443"]
10월 30, 2023 11:12:19 오전 org.apache.coyote.AbstractProtocol start
정보: Starting ProtocolHandler ["ajp-apr-9100"]
10월 30, 2023 11:12:19 오전 org.apache.catalina.startup.Catalina start
정보: Server startup in 16188 ms
10월 30, 2023 11:14:20 오전 org.apache.catalina.startup.HostConfig undeploy
정보: Undeploying context [/230906]
10월 30, 2023 11:14:21 오전 org.apache.catalina.startup.HostConfig undeploy
정보: Undeploying context [/231018_2]
10월 30, 2023 11:14:21 오전 org.apache.catalina.startup.HostConfig undeploy
정보: Undeploying context [/231018]
10월 30, 2023 11:17:05 오전 org.apache.coyote.AbstractProtocol pause
정보: Pausing ProtocolHandler ["http-apr-9092"]
10월 30, 2023 11:17:05 오전 org.apache.coyote.AbstractProtocol pause
정보: Pausing ProtocolHandler ["http-bio-8443"]
10월 30, 2023 11:17:06 오전 org.apache.coyote.AbstractProtocol pause
정보: Pausing ProtocolHandler ["ajp-apr-9100"]
10월 30, 2023 11:17:06 오전 org.apache.catalina.core.StandardService stopInternal
정보: Stopping service Catalina
10월 30, 2023 11:17:06 오전 org.apache.catalina.loader.WebappClassLoaderBase clearReferencesJdbc
심각: The web application [] registered the JDBC driver [org.mariadb.jdbc.Driver] but failed to unregister it when the web application was stopped. To prevent a memory leak, the JDBC Driver has been forcibly unregistered.
10월 30, 2023 11:17:06 오전 org.apache.coyote.AbstractProtocol stop
정보: Stopping ProtocolHandler ["http-apr-9092"]
10월 30, 2023 11:17:06 오전 org.apache.coyote.AbstractProtocol stop
정보: Stopping ProtocolHandler ["http-bio-8443"]
10월 30, 2023 11:17:06 오전 org.apache.coyote.AbstractProtocol stop
정보: Stopping ProtocolHandler ["ajp-apr-9100"]

2023-10-30 11:17:07 Commons Daemon procrun stderr initialized
10월 30, 2023 11:17:09 오전 org.apache.catalina.startup.VersionLoggerListener log
정보: Server version:        Apache Tomcat/7.0.69
10월 30, 2023 11:17:09 오전 org.apache.catalina.startup.VersionLoggerListener log
정보: Server built:          Apr 11 2016 07:57:09 UTC
10월 30, 2023 11:17:09 오전 org.apache.catalina.startup.VersionLoggerListener log
정보: Server number:         7.0.69.0
10월 30, 2023 11:17:09 오전 org.apache.catalina.startup.VersionLoggerListener log
정보: OS Name:               Windows Server 2012 R2
10월 30, 2023 11:17:09 오전 org.apache.catalina.startup.VersionLoggerListener log
정보: OS Version:            6.3
10월 30, 2023 11:17:09 오전 org.apache.catalina.startup.VersionLoggerListener log
정보: Architecture:          amd64
10월 30, 2023 11:17:09 오전 org.apache.catalina.startup.VersionLoggerListener log
정보: Java Home:             C:\Program Files\Java\openjdk-1.8.0\jre
10월 30, 2023 11:17:09 오전 org.apache.catalina.startup.VersionLoggerListener log
정보: JVM Version:           1.8.0_201-1-ojdkbuild-b09
10월 30, 2023 11:17:09 오전 org.apache.catalina.startup.VersionLoggerListener log
정보: JVM Vendor:            Oracle Corporation
10월 30, 2023 11:17:09 오전 org.apache.catalina.startup.VersionLoggerListener log
정보: CATALINA_BASE:         C:\WAS\SEMS_MOBILE
10월 30, 2023 11:17:09 오전 org.apache.catalina.startup.VersionLoggerListener log
정보: CATALINA_HOME:         C:\WAS\SEMS_MOBILE
10월 30, 2023 11:17:09 오전 org.apache.catalina.startup.VersionLoggerListener log
정보: Command line argument: -Dcatalina.home=C:\WAS\SEMS_MOBILE
10월 30, 2023 11:17:09 오전 org.apache.catalina.startup.VersionLoggerListener log
정보: Command line argument: -Dcatalina.base=C:\WAS\SEMS_MOBILE
10월 30, 2023 11:17:09 오전 org.apache.catalina.startup.VersionLoggerListener log
정보: Command line argument: -Djava.endorsed.dirs=C:\WAS\SEMS_MOBILE\endorsed
10월 30, 2023 11:17:09 오전 org.apache.catalina.startup.VersionLoggerListener log
정보: Command line argument: -Djava.io.tmpdir=C:\WAS\SEMS_MOBILE\temp
10월 30, 2023 11:17:09 오전 org.apache.catalina.startup.VersionLoggerListener log
정보: Command line argument: -Djava.util.logging.manager=org.apache.juli.ClassLoaderLogManager
10월 30, 2023 11:17:09 오전 org.apache.catalina.startup.VersionLoggerListener log
정보: Command line argument: -Djava.util.logging.config.file=C:\WAS\SEMS_MOBILE\conf\logging.properties
10월 30, 2023 11:17:09 오전 org.apache.catalina.startup.VersionLoggerListener log
정보: Command line argument: exit
10월 30, 2023 11:17:09 오전 org.apache.catalina.startup.VersionLoggerListener log
정보: Command line argument: -Xms128m
10월 30, 2023 11:17:09 오전 org.apache.catalina.startup.VersionLoggerListener log
정보: Command line argument: -Xmx256m
10월 30, 2023 11:17:09 오전 org.apache.catalina.core.AprLifecycleListener lifecycleEvent
정보: Loaded APR based Apache Tomcat Native library 1.1.33 using APR version 1.5.1.
10월 30, 2023 11:17:09 오전 org.apache.catalina.core.AprLifecycleListener lifecycleEvent
정보: APR capabilities: IPv6 [true], sendfile [true], accept filters [false], random [true].
10월 30, 2023 11:17:10 오전 org.apache.catalina.core.AprLifecycleListener initializeSSL
정보: OpenSSL successfully initialized (OpenSSL 1.0.1m 19 Mar 2015)
10월 30, 2023 11:17:10 오전 org.apache.coyote.AbstractProtocol init
정보: Initializing ProtocolHandler ["http-apr-9092"]
10월 30, 2023 11:17:10 오전 org.apache.coyote.AbstractProtocol init
정보: Initializing ProtocolHandler ["http-bio-8443"]
10월 30, 2023 11:17:10 오전 org.apache.coyote.AbstractProtocol init
정보: Initializing ProtocolHandler ["ajp-apr-9100"]
10월 30, 2023 11:17:10 오전 org.apache.catalina.startup.Catalina load
정보: Initialization processed in 2542 ms
10월 30, 2023 11:17:11 오전 org.apache.catalina.core.StandardService startInternal
정보: Starting service Catalina
10월 30, 2023 11:17:11 오전 org.apache.catalina.core.StandardEngine startInternal
정보: Starting Servlet Engine: Apache Tomcat/7.0.69
10월 30, 2023 11:17:11 오전 org.apache.catalina.startup.HostConfig deployWAR
정보: Deploying web application archive C:\WAS\SEMS_MOBILE\webapps\ROOT.war
10월 30, 2023 11:17:14 오전 org.apache.catalina.startup.TldConfig execute
정보: At least one JAR was scanned for TLDs yet contained no TLDs. Enable debug logging for this logger for a complete list of JARs that were scanned but no TLDs were found in them. Skipping unneeded JARs during scanning can improve startup time and JSP compilation time.
10월 30, 2023 11:17:20 오전 org.apache.catalina.startup.HostConfig deployWAR
정보: Deployment of web application archive C:\WAS\SEMS_MOBILE\webapps\ROOT.war has finished in 9,575 ms
10월 30, 2023 11:17:20 오전 org.apache.catalina.startup.HostConfig deployDirectory
정보: Deploying web application directory C:\WAS\SEMS_MOBILE\webapps\231026
10월 30, 2023 11:17:20 오전 org.apache.catalina.startup.HostConfig deployDirectory
정보: Deployment of web application directory C:\WAS\SEMS_MOBILE\webapps\231026 has finished in 49 ms
10월 30, 2023 11:17:20 오전 org.apache.catalina.startup.HostConfig deployDirectory
정보: Deploying web application directory C:\WAS\SEMS_MOBILE\webapps\231026_2
10월 30, 2023 11:17:20 오전 org.apache.catalina.startup.HostConfig deployDirectory
정보: Deployment of web application directory C:\WAS\SEMS_MOBILE\webapps\231026_2 has finished in 70 ms
10월 30, 2023 11:17:20 오전 org.apache.catalina.startup.HostConfig deployDirectory
정보: Deploying web application directory C:\WAS\SEMS_MOBILE\webapps\docs
10월 30, 2023 11:17:20 오전 org.apache.catalina.startup.HostConfig deployDirectory
정보: Deployment of web application directory C:\WAS\SEMS_MOBILE\webapps\docs has finished in 43 ms
10월 30, 2023 11:17:20 오전 org.apache.catalina.startup.HostConfig deployDirectory
정보: Deploying web application directory C:\WAS\SEMS_MOBILE\webapps\examples
10월 30, 2023 11:17:21 오전 org.apache.catalina.startup.HostConfig deployDirectory
정보: Deployment of web application directory C:\WAS\SEMS_MOBILE\webapps\examples has finished in 229 ms
10월 30, 2023 11:17:21 오전 org.apache.catalina.startup.HostConfig deployDirectory
정보: Deploying web application directory C:\WAS\SEMS_MOBILE\webapps\host-manager
10월 30, 2023 11:17:21 오전 org.apache.catalina.startup.HostConfig deployDirectory
정보: Deployment of web application directory C:\WAS\SEMS_MOBILE\webapps\host-manager has finished in 48 ms
10월 30, 2023 11:17:21 오전 org.apache.catalina.startup.HostConfig deployDirectory
정보: Deploying web application directory C:\WAS\SEMS_MOBILE\webapps\manager
10월 30, 2023 11:17:21 오전 org.apache.catalina.startup.HostConfig deployDirectory
정보: Deployment of web application directory C:\WAS\SEMS_MOBILE\webapps\manager has finished in 47 ms
10월 30, 2023 11:17:21 오전 org.apache.coyote.AbstractProtocol start
정보: Starting ProtocolHandler ["http-apr-9092"]
10월 30, 2023 11:17:21 오전 org.apache.coyote.AbstractProtocol start
정보: Starting ProtocolHandler ["http-bio-8443"]
10월 30, 2023 11:17:21 오전 org.apache.coyote.AbstractProtocol start
정보: Starting ProtocolHandler ["ajp-apr-9100"]
10월 30, 2023 11:17:21 오전 org.apache.catalina.startup.Catalina start
정보: Server startup in 10165 ms
10월 30, 2023 11:39:22 오전 org.apache.catalina.startup.HostConfig undeploy
정보: Undeploying context []
10월 30, 2023 11:39:22 오전 org.apache.catalina.loader.WebappClassLoaderBase clearReferencesJdbc
심각: The web application [] registered the JDBC driver [org.mariadb.jdbc.Driver] but failed to unregister it when the web application was stopped. To prevent a memory leak, the JDBC Driver has been forcibly unregistered.
10월 30, 2023 11:39:33 오전 org.apache.catalina.startup.HostConfig deployWAR
정보: Deploying web application archive C:\WAS\SEMS_MOBILE\webapps\ROOT.war
10월 30, 2023 11:39:43 오전 org.apache.catalina.startup.TldConfig execute
정보: At least one JAR was scanned for TLDs yet contained no TLDs. Enable debug logging for this logger for a complete list of JARs that were scanned but no TLDs were found in them. Skipping unneeded JARs during scanning can improve startup time and JSP compilation time.
10월 30, 2023 11:39:49 오전 org.apache.catalina.startup.HostConfig deployWAR
정보: Deployment of web application archive C:\WAS\SEMS_MOBILE\webapps\ROOT.war has finished in 15,860 ms
10월 30, 2023 1:36:01 오후 org.apache.catalina.startup.HostConfig deployDirectory
정보: Deploying web application directory C:\WAS\SEMS_MOBILE\webapps\231030
10월 30, 2023 1:36:01 오후 org.apache.catalina.startup.HostConfig deployDirectory
정보: Deployment of web application directory C:\WAS\SEMS_MOBILE\webapps\231030 has finished in 596 ms
10월 30, 2023 1:37:32 오후 org.apache.catalina.startup.HostConfig undeploy
정보: Undeploying context []
10월 30, 2023 1:37:32 오후 org.apache.catalina.loader.WebappClassLoaderBase clearReferencesJdbc
심각: The web application [] registered the JDBC driver [org.mariadb.jdbc.Driver] but failed to unregister it when the web application was stopped. To prevent a memory leak, the JDBC Driver has been forcibly unregistered.
10월 30, 2023 1:37:32 오후 org.apache.catalina.loader.WebappClassLoaderBase clearReferencesJdbc
심각: The web application [] registered the JDBC driver [net.sf.log4jdbc.DriverSpy] but failed to unregister it when the web application was stopped. To prevent a memory leak, the JDBC Driver has been forcibly unregistered.
10월 30, 2023 1:37:43 오후 org.apache.catalina.startup.HostConfig deployWAR
정보: Deploying web application archive C:\WAS\SEMS_MOBILE\webapps\ROOT.war
10월 30, 2023 1:37:58 오후 org.apache.catalina.startup.TldConfig execute
정보: At least one JAR was scanned for TLDs yet contained no TLDs. Enable debug logging for this logger for a complete list of JARs that were scanned but no TLDs were found in them. Skipping unneeded JARs during scanning can improve startup time and JSP compilation time.
10월 30, 2023 1:38:03 오후 org.apache.catalina.startup.HostConfig deployWAR
정보: Deployment of web application archive C:\WAS\SEMS_MOBILE\webapps\ROOT.war has finished in 20,685 ms
10월 30, 2023 2:24:34 오후 org.apache.catalina.startup.HostConfig deployDirectory
정보: Deploying web application directory C:\WAS\SEMS_MOBILE\webapps\새 폴더
10월 30, 2023 2:24:34 오후 org.apache.catalina.startup.HostConfig deployDirectory
정보: Deployment of web application directory C:\WAS\SEMS_MOBILE\webapps\새 폴더 has finished in 48 ms
10월 30, 2023 2:24:45 오후 org.apache.catalina.startup.HostConfig undeploy
정보: Undeploying context [/새 폴더]
10월 30, 2023 2:24:45 오후 org.apache.catalina.startup.HostConfig deployDirectory
정보: Deploying web application directory C:\WAS\SEMS_MOBILE\webapps\231030_hyuk
10월 30, 2023 2:24:45 오후 org.apache.catalina.startup.HostConfig deployDirectory
정보: Deployment of web application directory C:\WAS\SEMS_MOBILE\webapps\231030_hyuk has finished in 45 ms
10월 30, 2023 2:25:45 오후 org.apache.catalina.startup.HostConfig undeploy
정보: Undeploying context [/231030]
10월 30, 2023 2:25:45 오후 org.apache.catalina.startup.HostConfig undeploy
정보: Undeploying context []
10월 30, 2023 2:25:45 오후 org.apache.catalina.loader.WebappClassLoaderBase clearReferencesJdbc
심각: The web application [] registered the JDBC driver [org.mariadb.jdbc.Driver] but failed to unregister it when the web application was stopped. To prevent a memory leak, the JDBC Driver has been forcibly unregistered.
10월 30, 2023 2:25:45 오후 org.apache.catalina.loader.WebappClassLoaderBase clearReferencesJdbc
심각: The web application [] registered the JDBC driver [net.sf.log4jdbc.DriverSpy] but failed to unregister it when the web application was stopped. To prevent a memory leak, the JDBC Driver has been forcibly unregistered.
10월 30, 2023 2:25:47 오후 org.apache.catalina.startup.HostConfig undeploy
정보: Undeploying context [/231030_hyuk]
10월 30, 2023 2:25:47 오후 org.apache.catalina.startup.HostConfig deployWAR
정보: Deploying web application archive C:\WAS\SEMS_MOBILE\webapps\ROOT.war
10월 30, 2023 2:26:04 오후 org.apache.catalina.startup.TldConfig execute
정보: At least one JAR was scanned for TLDs yet contained no TLDs. Enable debug logging for this logger for a complete list of JARs that were scanned but no TLDs were found in them. Skipping unneeded JARs during scanning can improve startup time and JSP compilation time.
10월 30, 2023 2:26:09 오후 org.apache.catalina.startup.HostConfig deployWAR
정보: Deployment of web application archive C:\WAS\SEMS_MOBILE\webapps\ROOT.war has finished in 21,898 ms
10월 30, 2023 2:49:59 오후 org.apache.catalina.startup.HostConfig deployDirectory
정보: Deploying web application directory C:\WAS\SEMS_MOBILE\webapps\새 폴더
10월 30, 2023 2:49:59 오후 org.apache.catalina.startup.HostConfig deployDirectory
정보: Deployment of web application directory C:\WAS\SEMS_MOBILE\webapps\새 폴더 has finished in 46 ms
10월 30, 2023 2:50:10 오후 org.apache.catalina.startup.HostConfig undeploy
정보: Undeploying context [/새 폴더]
10월 30, 2023 2:50:10 오후 org.apache.catalina.startup.HostConfig deployDirectory
정보: Deploying web application directory C:\WAS\SEMS_MOBILE\webapps\231030
10월 30, 2023 2:50:10 오후 org.apache.catalina.startup.HostConfig deployDirectory
정보: Deployment of web application directory C:\WAS\SEMS_MOBILE\webapps\231030 has finished in 44 ms
10월 30, 2023 2:50:31 오후 org.apache.catalina.startup.HostConfig undeploy
정보: Undeploying context []
10월 30, 2023 2:50:31 오후 org.apache.catalina.loader.WebappClassLoaderBase clearReferencesJdbc
심각: The web application [] registered the JDBC driver [org.mariadb.jdbc.Driver] but failed to unregister it when the web application was stopped. To prevent a memory leak, the JDBC Driver has been forcibly unregistered.
10월 30, 2023 2:50:31 오후 org.apache.catalina.loader.WebappClassLoaderBase clearReferencesJdbc
심각: The web application [] registered the JDBC driver [net.sf.log4jdbc.DriverSpy] but failed to unregister it when the web application was stopped. To prevent a memory leak, the JDBC Driver has been forcibly unregistered.
10월 30, 2023 2:50:41 오후 org.apache.catalina.startup.HostConfig deployWAR
정보: Deploying web application archive C:\WAS\SEMS_MOBILE\webapps\ROOT.war
10월 30, 2023 2:50:57 오후 org.apache.catalina.startup.TldConfig execute
정보: At least one JAR was scanned for TLDs yet contained no TLDs. Enable debug logging for this logger for a complete list of JARs that were scanned but no TLDs were found in them. Skipping unneeded JARs during scanning can improve startup time and JSP compilation time.
10월 30, 2023 2:51:03 오후 org.apache.catalina.startup.HostConfig deployWAR
정보: Deployment of web application archive C:\WAS\SEMS_MOBILE\webapps\ROOT.war has finished in 21,239 ms
10월 30, 2023 2:53:23 오후 org.apache.coyote.AbstractProtocol pause
정보: Pausing ProtocolHandler ["http-apr-9092"]
10월 30, 2023 2:53:23 오후 org.apache.coyote.AbstractProtocol pause
정보: Pausing ProtocolHandler ["http-bio-8443"]
10월 30, 2023 2:53:23 오후 org.apache.coyote.AbstractProtocol pause
정보: Pausing ProtocolHandler ["ajp-apr-9100"]
10월 30, 2023 2:53:23 오후 org.apache.catalina.core.StandardService stopInternal
정보: Stopping service Catalina
10월 30, 2023 2:53:24 오후 org.apache.coyote.AbstractProtocol stop
정보: Stopping ProtocolHandler ["http-apr-9092"]
10월 30, 2023 2:53:24 오후 org.apache.coyote.AbstractProtocol stop
정보: Stopping ProtocolHandler ["http-bio-8443"]
10월 30, 2023 2:53:24 오후 org.apache.coyote.AbstractProtocol stop
정보: Stopping ProtocolHandler ["ajp-apr-9100"]

2023-10-30 14:53:25 Commons Daemon procrun stderr initialized
10월 30, 2023 2:53:26 오후 org.apache.catalina.startup.VersionLoggerListener log
정보: Server version:        Apache Tomcat/7.0.69
10월 30, 2023 2:53:26 오후 org.apache.catalina.startup.VersionLoggerListener log
정보: Server built:          Apr 11 2016 07:57:09 UTC
10월 30, 2023 2:53:26 오후 org.apache.catalina.startup.VersionLoggerListener log
정보: Server number:         7.0.69.0
10월 30, 2023 2:53:26 오후 org.apache.catalina.startup.VersionLoggerListener log
정보: OS Name:               Windows Server 2012 R2
10월 30, 2023 2:53:26 오후 org.apache.catalina.startup.VersionLoggerListener log
정보: OS Version:            6.3
10월 30, 2023 2:53:26 오후 org.apache.catalina.startup.VersionLoggerListener log
정보: Architecture:          amd64
10월 30, 2023 2:53:26 오후 org.apache.catalina.startup.VersionLoggerListener log
정보: Java Home:             C:\Program Files\Java\openjdk-1.8.0\jre
10월 30, 2023 2:53:26 오후 org.apache.catalina.startup.VersionLoggerListener log
정보: JVM Version:           1.8.0_201-1-ojdkbuild-b09
10월 30, 2023 2:53:26 오후 org.apache.catalina.startup.VersionLoggerListener log
정보: JVM Vendor:            Oracle Corporation
10월 30, 2023 2:53:26 오후 org.apache.catalina.startup.VersionLoggerListener log
정보: CATALINA_BASE:         C:\WAS\SEMS_MOBILE
10월 30, 2023 2:53:26 오후 org.apache.catalina.startup.VersionLoggerListener log
정보: CATALINA_HOME:         C:\WAS\SEMS_MOBILE
10월 30, 2023 2:53:26 오후 org.apache.catalina.startup.VersionLoggerListener log
정보: Command line argument: -Dcatalina.home=C:\WAS\SEMS_MOBILE
10월 30, 2023 2:53:26 오후 org.apache.catalina.startup.VersionLoggerListener log
정보: Command line argument: -Dcatalina.base=C:\WAS\SEMS_MOBILE
10월 30, 2023 2:53:26 오후 org.apache.catalina.startup.VersionLoggerListener log
정보: Command line argument: -Djava.endorsed.dirs=C:\WAS\SEMS_MOBILE\endorsed
10월 30, 2023 2:53:26 오후 org.apache.catalina.startup.VersionLoggerListener log
정보: Command line argument: -Djava.io.tmpdir=C:\WAS\SEMS_MOBILE\temp
10월 30, 2023 2:53:26 오후 org.apache.catalina.startup.VersionLoggerListener log
정보: Command line argument: -Djava.util.logging.manager=org.apache.juli.ClassLoaderLogManager
10월 30, 2023 2:53:27 오후 org.apache.catalina.startup.VersionLoggerListener log
정보: Command line argument: -Djava.util.logging.config.file=C:\WAS\SEMS_MOBILE\conf\logging.properties
10월 30, 2023 2:53:27 오후 org.apache.catalina.startup.VersionLoggerListener log
정보: Command line argument: exit
10월 30, 2023 2:53:27 오후 org.apache.catalina.startup.VersionLoggerListener log
정보: Command line argument: -Xms128m
10월 30, 2023 2:53:27 오후 org.apache.catalina.startup.VersionLoggerListener log
정보: Command line argument: -Xmx256m
10월 30, 2023 2:53:27 오후 org.apache.catalina.core.AprLifecycleListener lifecycleEvent
정보: Loaded APR based Apache Tomcat Native library 1.1.33 using APR version 1.5.1.
10월 30, 2023 2:53:27 오후 org.apache.catalina.core.AprLifecycleListener lifecycleEvent
정보: APR capabilities: IPv6 [true], sendfile [true], accept filters [false], random [true].
10월 30, 2023 2:53:28 오후 org.apache.catalina.core.AprLifecycleListener initializeSSL
정보: OpenSSL successfully initialized (OpenSSL 1.0.1m 19 Mar 2015)
10월 30, 2023 2:53:28 오후 org.apache.coyote.AbstractProtocol init
정보: Initializing ProtocolHandler ["http-apr-9092"]
10월 30, 2023 2:53:28 오후 org.apache.coyote.AbstractProtocol init
정보: Initializing ProtocolHandler ["http-bio-8443"]
10월 30, 2023 2:53:28 오후 org.apache.coyote.AbstractProtocol init
정보: Initializing ProtocolHandler ["ajp-apr-9100"]
10월 30, 2023 2:53:28 오후 org.apache.catalina.startup.Catalina load
정보: Initialization processed in 2462 ms
10월 30, 2023 2:53:28 오후 org.apache.catalina.core.StandardService startInternal
정보: Starting service Catalina
10월 30, 2023 2:53:28 오후 org.apache.catalina.core.StandardEngine startInternal
정보: Starting Servlet Engine: Apache Tomcat/7.0.69
10월 30, 2023 2:53:28 오후 org.apache.catalina.startup.HostConfig deployWAR
정보: Deploying web application archive C:\WAS\SEMS_MOBILE\webapps\ROOT.war
10월 30, 2023 2:53:31 오후 org.apache.catalina.startup.TldConfig execute
정보: At least one JAR was scanned for TLDs yet contained no TLDs. Enable debug logging for this logger for a complete list of JARs that were scanned but no TLDs were found in them. Skipping unneeded JARs during scanning can improve startup time and JSP compilation time.
10월 30, 2023 2:53:38 오후 org.apache.catalina.startup.HostConfig deployWAR
정보: Deployment of web application archive C:\WAS\SEMS_MOBILE\webapps\ROOT.war has finished in 9,281 ms
10월 30, 2023 2:53:38 오후 org.apache.catalina.startup.HostConfig deployDirectory
정보: Deploying web application directory C:\WAS\SEMS_MOBILE\webapps\231026
10월 30, 2023 2:53:38 오후 org.apache.catalina.startup.HostConfig deployDirectory
정보: Deployment of web application directory C:\WAS\SEMS_MOBILE\webapps\231026 has finished in 46 ms
10월 30, 2023 2:53:38 오후 org.apache.catalina.startup.HostConfig deployDirectory
정보: Deploying web application directory C:\WAS\SEMS_MOBILE\webapps\231026_2
10월 30, 2023 2:53:38 오후 org.apache.catalina.startup.HostConfig deployDirectory
정보: Deployment of web application directory C:\WAS\SEMS_MOBILE\webapps\231026_2 has finished in 53 ms
10월 30, 2023 2:53:38 오후 org.apache.catalina.startup.HostConfig deployDirectory
정보: Deploying web application directory C:\WAS\SEMS_MOBILE\webapps\231030
10월 30, 2023 2:53:38 오후 org.apache.catalina.startup.HostConfig deployDirectory
정보: Deployment of web application directory C:\WAS\SEMS_MOBILE\webapps\231030 has finished in 45 ms
10월 30, 2023 2:53:38 오후 org.apache.catalina.startup.HostConfig deployDirectory
정보: Deploying web application directory C:\WAS\SEMS_MOBILE\webapps\docs
10월 30, 2023 2:53:38 오후 org.apache.catalina.startup.HostConfig deployDirectory
정보: Deployment of web application directory C:\WAS\SEMS_MOBILE\webapps\docs has finished in 42 ms
10월 30, 2023 2:53:38 오후 org.apache.catalina.startup.HostConfig deployDirectory
정보: Deploying web application directory C:\WAS\SEMS_MOBILE\webapps\examples
10월 30, 2023 2:53:38 오후 org.apache.catalina.startup.HostConfig deployDirectory
정보: Deployment of web application directory C:\WAS\SEMS_MOBILE\webapps\examples has finished in 248 ms
10월 30, 2023 2:53:38 오후 org.apache.catalina.startup.HostConfig deployDirectory
정보: Deploying web application directory C:\WAS\SEMS_MOBILE\webapps\host-manager
10월 30, 2023 2:53:38 오후 org.apache.catalina.startup.HostConfig deployDirectory
정보: Deployment of web application directory C:\WAS\SEMS_MOBILE\webapps\host-manager has finished in 50 ms
10월 30, 2023 2:53:38 오후 org.apache.catalina.startup.HostConfig deployDirectory
정보: Deploying web application directory C:\WAS\SEMS_MOBILE\webapps\manager
10월 30, 2023 2:53:38 오후 org.apache.catalina.startup.HostConfig deployDirectory
정보: Deployment of web application directory C:\WAS\SEMS_MOBILE\webapps\manager has finished in 71 ms
10월 30, 2023 2:53:38 오후 org.apache.coyote.AbstractProtocol start
정보: Starting ProtocolHandler ["http-apr-9092"]
10월 30, 2023 2:53:38 오후 org.apache.coyote.AbstractProtocol start
정보: Starting ProtocolHandler ["http-bio-8443"]
10월 30, 2023 2:53:38 오후 org.apache.coyote.AbstractProtocol start
정보: Starting ProtocolHandler ["ajp-apr-9100"]
10월 30, 2023 2:53:38 오후 org.apache.catalina.startup.Catalina start
정보: Server startup in 9928 ms
10월 30, 2023 2:57:02 오후 org.apache.coyote.AbstractProtocol pause
정보: Pausing ProtocolHandler ["http-apr-9092"]
10월 30, 2023 2:57:02 오후 org.apache.coyote.AbstractProtocol pause
정보: Pausing ProtocolHandler ["http-bio-8443"]
10월 30, 2023 2:57:02 오후 org.apache.coyote.AbstractProtocol pause
정보: Pausing ProtocolHandler ["ajp-apr-9100"]
10월 30, 2023 2:57:02 오후 org.apache.catalina.core.StandardService stopInternal
정보: Stopping service Catalina
10월 30, 2023 2:57:02 오후 org.apache.catalina.loader.WebappClassLoaderBase clearReferencesJdbc
심각: The web application [] registered the JDBC driver [org.mariadb.jdbc.Driver] but failed to unregister it when the web application was stopped. To prevent a memory leak, the JDBC Driver has been forcibly unregistered.
10월 30, 2023 2:57:02 오후 org.apache.catalina.loader.WebappClassLoaderBase clearReferencesJdbc
심각: The web application [] registered the JDBC driver [net.sf.log4jdbc.DriverSpy] but failed to unregister it when the web application was stopped. To prevent a memory leak, the JDBC Driver has been forcibly unregistered.
10월 30, 2023 2:57:02 오후 org.apache.coyote.AbstractProtocol stop
정보: Stopping ProtocolHandler ["http-apr-9092"]
10월 30, 2023 2:57:02 오후 org.apache.coyote.AbstractProtocol stop
정보: Stopping ProtocolHandler ["http-bio-8443"]
10월 30, 2023 2:57:02 오후 org.apache.coyote.AbstractProtocol stop
정보: Stopping ProtocolHandler ["ajp-apr-9100"]

2023-10-30 14:57:04 Commons Daemon procrun stderr initialized
10월 30, 2023 2:57:05 오후 org.apache.catalina.startup.VersionLoggerListener log
정보: Server version:        Apache Tomcat/7.0.69
10월 30, 2023 2:57:05 오후 org.apache.catalina.startup.VersionLoggerListener log
정보: Server built:          Apr 11 2016 07:57:09 UTC
10월 30, 2023 2:57:05 오후 org.apache.catalina.startup.VersionLoggerListener log
정보: Server number:         7.0.69.0
10월 30, 2023 2:57:05 오후 org.apache.catalina.startup.VersionLoggerListener log
정보: OS Name:               Windows Server 2012 R2
10월 30, 2023 2:57:05 오후 org.apache.catalina.startup.VersionLoggerListener log
정보: OS Version:            6.3
10월 30, 2023 2:57:05 오후 org.apache.catalina.startup.VersionLoggerListener log
정보: Architecture:          amd64
10월 30, 2023 2:57:05 오후 org.apache.catalina.startup.VersionLoggerListener log
정보: Java Home:             C:\Program Files\Java\openjdk-1.8.0\jre
10월 30, 2023 2:57:05 오후 org.apache.catalina.startup.VersionLoggerListener log
정보: JVM Version:           1.8.0_201-1-ojdkbuild-b09
10월 30, 2023 2:57:05 오후 org.apache.catalina.startup.VersionLoggerListener log
정보: JVM Vendor:            Oracle Corporation
10월 30, 2023 2:57:05 오후 org.apache.catalina.startup.VersionLoggerListener log
정보: CATALINA_BASE:         C:\WAS\SEMS_MOBILE
10월 30, 2023 2:57:05 오후 org.apache.catalina.startup.VersionLoggerListener log
정보: CATALINA_HOME:         C:\WAS\SEMS_MOBILE
10월 30, 2023 2:57:05 오후 org.apache.catalina.startup.VersionLoggerListener log
정보: Command line argument: -Dcatalina.home=C:\WAS\SEMS_MOBILE
10월 30, 2023 2:57:05 오후 org.apache.catalina.startup.VersionLoggerListener log
정보: Command line argument: -Dcatalina.base=C:\WAS\SEMS_MOBILE
10월 30, 2023 2:57:05 오후 org.apache.catalina.startup.VersionLoggerListener log
정보: Command line argument: -Djava.endorsed.dirs=C:\WAS\SEMS_MOBILE\endorsed
10월 30, 2023 2:57:05 오후 org.apache.catalina.startup.VersionLoggerListener log
정보: Command line argument: -Djava.io.tmpdir=C:\WAS\SEMS_MOBILE\temp
10월 30, 2023 2:57:05 오후 org.apache.catalina.startup.VersionLoggerListener log
정보: Command line argument: -Djava.util.logging.manager=org.apache.juli.ClassLoaderLogManager
10월 30, 2023 2:57:05 오후 org.apache.catalina.startup.VersionLoggerListener log
정보: Command line argument: -Djava.util.logging.config.file=C:\WAS\SEMS_MOBILE\conf\logging.properties
10월 30, 2023 2:57:05 오후 org.apache.catalina.startup.VersionLoggerListener log
정보: Command line argument: exit
10월 30, 2023 2:57:05 오후 org.apache.catalina.startup.VersionLoggerListener log
정보: Command line argument: -Xms128m
10월 30, 2023 2:57:05 오후 org.apache.catalina.startup.VersionLoggerListener log
정보: Command line argument: -Xmx256m
10월 30, 2023 2:57:05 오후 org.apache.catalina.core.AprLifecycleListener lifecycleEvent
정보: Loaded APR based Apache Tomcat Native library 1.1.33 using APR version 1.5.1.
10월 30, 2023 2:57:05 오후 org.apache.catalina.core.AprLifecycleListener lifecycleEvent
정보: APR capabilities: IPv6 [true], sendfile [true], accept filters [false], random [true].
10월 30, 2023 2:57:06 오후 org.apache.catalina.core.AprLifecycleListener initializeSSL
정보: OpenSSL successfully initialized (OpenSSL 1.0.1m 19 Mar 2015)
10월 30, 2023 2:57:07 오후 org.apache.coyote.AbstractProtocol init
정보: Initializing ProtocolHandler ["http-apr-9092"]
10월 30, 2023 2:57:07 오후 org.apache.coyote.AbstractProtocol init
정보: Initializing ProtocolHandler ["http-bio-8443"]
10월 30, 2023 2:57:07 오후 org.apache.coyote.AbstractProtocol init
정보: Initializing ProtocolHandler ["ajp-apr-9100"]
10월 30, 2023 2:57:07 오후 org.apache.catalina.startup.Catalina load
정보: Initialization processed in 2544 ms
10월 30, 2023 2:57:07 오후 org.apache.catalina.core.StandardService startInternal
정보: Starting service Catalina
10월 30, 2023 2:57:07 오후 org.apache.catalina.core.StandardEngine startInternal
정보: Starting Servlet Engine: Apache Tomcat/7.0.69
10월 30, 2023 2:57:07 오후 org.apache.catalina.startup.HostConfig deployWAR
정보: Deploying web application archive C:\WAS\SEMS_MOBILE\webapps\ROOT.war
10월 30, 2023 2:57:10 오후 org.apache.catalina.startup.TldConfig execute
정보: At least one JAR was scanned for TLDs yet contained no TLDs. Enable debug logging for this logger for a complete list of JARs that were scanned but no TLDs were found in them. Skipping unneeded JARs during scanning can improve startup time and JSP compilation time.
10월 30, 2023 2:57:17 오후 org.apache.catalina.startup.HostConfig deployWAR
정보: Deployment of web application archive C:\WAS\SEMS_MOBILE\webapps\ROOT.war has finished in 9,821 ms
10월 30, 2023 2:57:17 오후 org.apache.catalina.startup.HostConfig deployDirectory
정보: Deploying web application directory C:\WAS\SEMS_MOBILE\webapps\231026
10월 30, 2023 2:57:17 오후 org.apache.catalina.startup.HostConfig deployDirectory
정보: Deployment of web application directory C:\WAS\SEMS_MOBILE\webapps\231026 has finished in 44 ms
10월 30, 2023 2:57:17 오후 org.apache.catalina.startup.HostConfig deployDirectory
정보: Deploying web application directory C:\WAS\SEMS_MOBILE\webapps\231026_2
10월 30, 2023 2:57:17 오후 org.apache.catalina.startup.HostConfig deployDirectory
정보: Deployment of web application directory C:\WAS\SEMS_MOBILE\webapps\231026_2 has finished in 65 ms
10월 30, 2023 2:57:17 오후 org.apache.catalina.startup.HostConfig deployDirectory
정보: Deploying web application directory C:\WAS\SEMS_MOBILE\webapps\231030
10월 30, 2023 2:57:17 오후 org.apache.catalina.startup.HostConfig deployDirectory
정보: Deployment of web application directory C:\WAS\SEMS_MOBILE\webapps\231030 has finished in 44 ms
10월 30, 2023 2:57:17 오후 org.apache.catalina.startup.HostConfig deployDirectory
정보: Deploying web application directory C:\WAS\SEMS_MOBILE\webapps\docs
10월 30, 2023 2:57:17 오후 org.apache.catalina.startup.HostConfig deployDirectory
정보: Deployment of web application directory C:\WAS\SEMS_MOBILE\webapps\docs has finished in 45 ms
10월 30, 2023 2:57:17 오후 org.apache.catalina.startup.HostConfig deployDirectory
정보: Deploying web application directory C:\WAS\SEMS_MOBILE\webapps\examples
10월 30, 2023 2:57:17 오후 org.apache.catalina.startup.HostConfig deployDirectory
정보: Deployment of web application directory C:\WAS\SEMS_MOBILE\webapps\examples has finished in 209 ms
10월 30, 2023 2:57:17 오후 org.apache.catalina.startup.HostConfig deployDirectory
정보: Deploying web application directory C:\WAS\SEMS_MOBILE\webapps\host-manager
10월 30, 2023 2:57:18 오후 org.apache.catalina.startup.HostConfig deployDirectory
정보: Deployment of web application directory C:\WAS\SEMS_MOBILE\webapps\host-manager has finished in 62 ms
10월 30, 2023 2:57:18 오후 org.apache.catalina.startup.HostConfig deployDirectory
정보: Deploying web application directory C:\WAS\SEMS_MOBILE\webapps\manager
10월 30, 2023 2:57:18 오후 org.apache.catalina.startup.HostConfig deployDirectory
정보: Deployment of web application directory C:\WAS\SEMS_MOBILE\webapps\manager has finished in 78 ms
10월 30, 2023 2:57:18 오후 org.apache.coyote.AbstractProtocol start
정보: Starting ProtocolHandler ["http-apr-9092"]
10월 30, 2023 2:57:18 오후 org.apache.coyote.AbstractProtocol start
정보: Starting ProtocolHandler ["http-bio-8443"]
10월 30, 2023 2:57:18 오후 org.apache.coyote.AbstractProtocol start
정보: Starting ProtocolHandler ["ajp-apr-9100"]
10월 30, 2023 2:57:18 오후 org.apache.catalina.startup.Catalina start
정보: Server startup in 10470 ms
11월 03, 2023 2:51:20 오후 org.apache.catalina.startup.HostConfig deployDirectory
정보: Deploying web application directory C:\WAS\SEMS_MOBILE\webapps\새 폴더
11월 03, 2023 2:51:20 오후 org.apache.catalina.startup.HostConfig deployDirectory
정보: Deployment of web application directory C:\WAS\SEMS_MOBILE\webapps\새 폴더 has finished in 71 ms
11월 03, 2023 2:51:31 오후 org.apache.catalina.startup.HostConfig undeploy
정보: Undeploying context []
11월 03, 2023 2:51:31 오후 org.apache.catalina.loader.WebappClassLoaderBase clearReferencesJdbc
심각: The web application [] registered the JDBC driver [org.mariadb.jdbc.Driver] but failed to unregister it when the web application was stopped. To prevent a memory leak, the JDBC Driver has been forcibly unregistered.
11월 03, 2023 2:51:31 오후 org.apache.catalina.loader.WebappClassLoaderBase clearReferencesJdbc
심각: The web application [] registered the JDBC driver [net.sf.log4jdbc.DriverSpy] but failed to unregister it when the web application was stopped. To prevent a memory leak, the JDBC Driver has been forcibly unregistered.
11월 03, 2023 2:51:34 오후 org.apache.catalina.startup.HostConfig undeploy
정보: Undeploying context [/새 폴더]
11월 03, 2023 2:51:34 오후 org.apache.catalina.startup.HostConfig deployDirectory
정보: Deploying web application directory C:\WAS\SEMS_MOBILE\webapps\231103
11월 03, 2023 2:51:34 오후 org.apache.catalina.startup.HostConfig deployDirectory
정보: Deployment of web application directory C:\WAS\SEMS_MOBILE\webapps\231103 has finished in 55 ms
11월 03, 2023 2:51:44 오후 org.apache.catalina.startup.HostConfig deployWAR
정보: Deploying web application archive C:\WAS\SEMS_MOBILE\webapps\ROOT.war
11월 03, 2023 2:52:01 오후 org.apache.catalina.startup.TldConfig execute
정보: At least one JAR was scanned for TLDs yet contained no TLDs. Enable debug logging for this logger for a complete list of JARs that were scanned but no TLDs were found in them. Skipping unneeded JARs during scanning can improve startup time and JSP compilation time.
11월 03, 2023 2:52:07 오후 org.apache.catalina.startup.HostConfig deployWAR
정보: Deployment of web application archive C:\WAS\SEMS_MOBILE\webapps\ROOT.war has finished in 22,436 ms
11월 08, 2023 9:52:16 오전 org.apache.catalina.startup.HostConfig deployDirectory
정보: Deploying web application directory C:\WAS\SEMS_MOBILE\webapps\새 폴더
11월 08, 2023 9:52:16 오전 org.apache.catalina.startup.HostConfig deployDirectory
정보: Deployment of web application directory C:\WAS\SEMS_MOBILE\webapps\새 폴더 has finished in 310 ms
11월 08, 2023 9:52:27 오전 org.apache.catalina.startup.HostConfig undeploy
정보: Undeploying context []
11월 08, 2023 9:52:30 오전 org.apache.catalina.loader.WebappClassLoaderBase clearReferencesJdbc
심각: The web application [] registered the JDBC driver [org.mariadb.jdbc.Driver] but failed to unregister it when the web application was stopped. To prevent a memory leak, the JDBC Driver has been forcibly unregistered.
11월 08, 2023 9:52:30 오전 org.apache.catalina.loader.WebappClassLoaderBase clearReferencesJdbc
심각: The web application [] registered the JDBC driver [net.sf.log4jdbc.DriverSpy] but failed to unregister it when the web application was stopped. To prevent a memory leak, the JDBC Driver has been forcibly unregistered.
11월 08, 2023 9:52:30 오전 org.apache.catalina.loader.WebappClassLoaderBase clearReferencesThreads
심각: The web application [] appears to have started a thread named [java-sdk-http-connection-reaper] but has failed to stop it. This is very likely to create a memory leak.
11월 08, 2023 9:52:34 오전 org.apache.catalina.startup.HostConfig undeploy
정보: Undeploying context [/새 폴더]
11월 08, 2023 9:52:34 오전 org.apache.catalina.startup.HostConfig deployDirectory
정보: Deploying web application directory C:\WAS\SEMS_MOBILE\webapps\231108
11월 08, 2023 9:52:34 오전 org.apache.catalina.startup.HostConfig deployDirectory
정보: Deployment of web application directory C:\WAS\SEMS_MOBILE\webapps\231108 has finished in 49 ms
11월 08, 2023 9:52:44 오전 org.apache.catalina.startup.HostConfig deployWAR
정보: Deploying web application archive C:\WAS\SEMS_MOBILE\webapps\ROOT.war
11월 08, 2023 9:53:01 오전 org.apache.catalina.startup.TldConfig execute
정보: At least one JAR was scanned for TLDs yet contained no TLDs. Enable debug logging for this logger for a complete list of JARs that were scanned but no TLDs were found in them. Skipping unneeded JARs during scanning can improve startup time and JSP compilation time.
11월 08, 2023 9:53:07 오전 org.apache.catalina.startup.HostConfig deployWAR
정보: Deployment of web application archive C:\WAS\SEMS_MOBILE\webapps\ROOT.war has finished in 22,915 ms
11월 08, 2023 11:16:09 오전 org.apache.catalina.startup.HostConfig undeploy
정보: Undeploying context []
11월 08, 2023 11:16:09 오전 org.apache.catalina.loader.WebappClassLoaderBase clearReferencesJdbc
심각: The web application [] registered the JDBC driver [org.mariadb.jdbc.Driver] but failed to unregister it when the web application was stopped. To prevent a memory leak, the JDBC Driver has been forcibly unregistered.
11월 08, 2023 11:16:09 오전 org.apache.catalina.loader.WebappClassLoaderBase clearReferencesJdbc
심각: The web application [] registered the JDBC driver [net.sf.log4jdbc.DriverSpy] but failed to unregister it when the web application was stopped. To prevent a memory leak, the JDBC Driver has been forcibly unregistered.
11월 08, 2023 11:16:20 오전 org.apache.catalina.startup.HostConfig deployWAR
정보: Deploying web application archive C:\WAS\SEMS_MOBILE\webapps\ROOT.war
11월 08, 2023 11:16:31 오전 org.apache.catalina.startup.TldConfig execute
정보: At least one JAR was scanned for TLDs yet contained no TLDs. Enable debug logging for this logger for a complete list of JARs that were scanned but no TLDs were found in them. Skipping unneeded JARs during scanning can improve startup time and JSP compilation time.
11월 08, 2023 11:16:37 오전 org.apache.catalina.startup.HostConfig deployWAR
정보: Deployment of web application archive C:\WAS\SEMS_MOBILE\webapps\ROOT.war has finished in 16,745 ms
11월 09, 2023 12:59:46 오후 org.apache.coyote.http11.AbstractHttp11Processor process
정보: Error parsing HTTP request header
 Note: further occurrences of HTTP header parsing errors will be logged at DEBUG level.
java.lang.IllegalArgumentException: Invalid character (CR or LF) found in method name
	at org.apache.coyote.http11.InternalInputBuffer.parseRequestLine(InternalInputBuffer.java:131)
	at org.apache.coyote.http11.AbstractHttp11Processor.process(AbstractHttp11Processor.java:992)
	at org.apache.coyote.AbstractProtocol$AbstractConnectionHandler.process(AbstractProtocol.java:625)
	at org.apache.tomcat.util.net.JIoEndpoint$SocketProcessor.run(JIoEndpoint.java:316)
	at java.util.concurrent.ThreadPoolExecutor.runWorker(ThreadPoolExecutor.java:1149)
	at java.util.concurrent.ThreadPoolExecutor$Worker.run(ThreadPoolExecutor.java:624)
	at org.apache.tomcat.util.threads.TaskThread$WrappingRunnable.run(TaskThread.java:61)
	at java.lang.Thread.run(Thread.java:748)

11월 13, 2023 3:31:11 오후 org.apache.catalina.startup.HostConfig deployDirectory
정보: Deploying web application directory C:\WAS\SEMS_MOBILE\webapps\231113
11월 13, 2023 3:31:12 오후 org.apache.catalina.startup.HostConfig deployDirectory
정보: Deployment of web application directory C:\WAS\SEMS_MOBILE\webapps\231113 has finished in 254 ms
11월 13, 2023 3:31:22 오후 org.apache.catalina.startup.HostConfig undeploy
정보: Undeploying context []
11월 13, 2023 3:31:22 오후 org.apache.catalina.loader.WebappClassLoaderBase clearReferencesJdbc
심각: The web application [] registered the JDBC driver [org.mariadb.jdbc.Driver] but failed to unregister it when the web application was stopped. To prevent a memory leak, the JDBC Driver has been forcibly unregistered.
11월 13, 2023 3:31:22 오후 org.apache.catalina.loader.WebappClassLoaderBase clearReferencesJdbc
심각: The web application [] registered the JDBC driver [net.sf.log4jdbc.DriverSpy] but failed to unregister it when the web application was stopped. To prevent a memory leak, the JDBC Driver has been forcibly unregistered.
11월 13, 2023 3:31:22 오후 org.apache.catalina.loader.WebappClassLoaderBase clearReferencesThreads
심각: The web application [] appears to have started a thread named [java-sdk-http-connection-reaper] but has failed to stop it. This is very likely to create a memory leak.
11월 13, 2023 3:31:35 오후 org.apache.catalina.startup.HostConfig deployWAR
정보: Deploying web application archive C:\WAS\SEMS_MOBILE\webapps\ROOT.war
11월 13, 2023 3:31:52 오후 org.apache.catalina.startup.TldConfig execute
정보: At least one JAR was scanned for TLDs yet contained no TLDs. Enable debug logging for this logger for a complete list of JARs that were scanned but no TLDs were found in them. Skipping unneeded JARs during scanning can improve startup time and JSP compilation time.
11월 13, 2023 3:31:58 오후 org.apache.catalina.startup.HostConfig deployWAR
정보: Deployment of web application archive C:\WAS\SEMS_MOBILE\webapps\ROOT.war has finished in 23,548 ms
11월 13, 2023 5:01:31 오후 org.apache.catalina.startup.HostConfig undeploy
정보: Undeploying context []
11월 13, 2023 5:01:31 오후 org.apache.catalina.loader.WebappClassLoaderBase clearReferencesJdbc
심각: The web application [] registered the JDBC driver [org.mariadb.jdbc.Driver] but failed to unregister it when the web application was stopped. To prevent a memory leak, the JDBC Driver has been forcibly unregistered.
11월 13, 2023 5:01:31 오후 org.apache.catalina.loader.WebappClassLoaderBase clearReferencesJdbc
심각: The web application [] registered the JDBC driver [net.sf.log4jdbc.DriverSpy] but failed to unregister it when the web application was stopped. To prevent a memory leak, the JDBC Driver has been forcibly unregistered.
11월 13, 2023 5:01:42 오후 org.apache.catalina.startup.HostConfig deployWAR
정보: Deploying web application archive C:\WAS\SEMS_MOBILE\webapps\ROOT.war
11월 13, 2023 5:01:55 오후 org.apache.catalina.startup.TldConfig execute
정보: At least one JAR was scanned for TLDs yet contained no TLDs. Enable debug logging for this logger for a complete list of JARs that were scanned but no TLDs were found in them. Skipping unneeded JARs during scanning can improve startup time and JSP compilation time.
11월 13, 2023 5:02:01 오후 org.apache.catalina.startup.HostConfig deployWAR
정보: Deployment of web application archive C:\WAS\SEMS_MOBILE\webapps\ROOT.war has finished in 18,598 ms
11월 13, 2023 5:13:22 오후 org.apache.catalina.startup.HostConfig undeploy
정보: Undeploying context []
11월 13, 2023 5:13:22 오후 org.apache.catalina.loader.WebappClassLoaderBase clearReferencesJdbc
심각: The web application [] registered the JDBC driver [org.mariadb.jdbc.Driver] but failed to unregister it when the web application was stopped. To prevent a memory leak, the JDBC Driver has been forcibly unregistered.
11월 13, 2023 5:13:22 오후 org.apache.catalina.loader.WebappClassLoaderBase clearReferencesJdbc
심각: The web application [] registered the JDBC driver [net.sf.log4jdbc.DriverSpy] but failed to unregister it when the web application was stopped. To prevent a memory leak, the JDBC Driver has been forcibly unregistered.
11월 13, 2023 5:13:32 오후 org.apache.catalina.startup.HostConfig deployWAR
정보: Deploying web application archive C:\WAS\SEMS_MOBILE\webapps\ROOT.war
11월 13, 2023 5:13:47 오후 org.apache.catalina.startup.TldConfig execute
정보: At least one JAR was scanned for TLDs yet contained no TLDs. Enable debug logging for this logger for a complete list of JARs that were scanned but no TLDs were found in them. Skipping unneeded JARs during scanning can improve startup time and JSP compilation time.
11월 13, 2023 5:13:53 오후 org.apache.catalina.startup.HostConfig deployWAR
정보: Deployment of web application archive C:\WAS\SEMS_MOBILE\webapps\ROOT.war has finished in 20,360 ms
11월 13, 2023 5:19:14 오후 org.apache.catalina.startup.HostConfig undeploy
정보: Undeploying context []
11월 13, 2023 5:19:14 오후 org.apache.catalina.loader.WebappClassLoaderBase clearReferencesJdbc
심각: The web application [] registered the JDBC driver [org.mariadb.jdbc.Driver] but failed to unregister it when the web application was stopped. To prevent a memory leak, the JDBC Driver has been forcibly unregistered.
11월 13, 2023 5:19:14 오후 org.apache.catalina.loader.WebappClassLoaderBase clearReferencesJdbc
심각: The web application [] registered the JDBC driver [net.sf.log4jdbc.DriverSpy] but failed to unregister it when the web application was stopped. To prevent a memory leak, the JDBC Driver has been forcibly unregistered.
11월 13, 2023 5:19:14 오후 org.apache.catalina.loader.WebappClassLoaderBase clearReferencesThreads
심각: The web application [] appears to have started a thread named [java-sdk-http-connection-reaper] but has failed to stop it. This is very likely to create a memory leak.
11월 13, 2023 5:19:25 오후 org.apache.catalina.startup.HostConfig deployWAR
정보: Deploying web application archive C:\WAS\SEMS_MOBILE\webapps\ROOT.war
11월 13, 2023 5:19:39 오후 org.apache.catalina.startup.TldConfig execute
정보: At least one JAR was scanned for TLDs yet contained no TLDs. Enable debug logging for this logger for a complete list of JARs that were scanned but no TLDs were found in them. Skipping unneeded JARs during scanning can improve startup time and JSP compilation time.
11월 13, 2023 5:19:45 오후 org.apache.catalina.startup.HostConfig deployWAR
정보: Deployment of web application archive C:\WAS\SEMS_MOBILE\webapps\ROOT.war has finished in 19,889 ms
11월 13, 2023 6:10:37 오후 org.apache.catalina.startup.HostConfig undeploy
정보: Undeploying context []
11월 13, 2023 6:10:37 오후 org.apache.catalina.loader.WebappClassLoaderBase clearReferencesJdbc
심각: The web application [] registered the JDBC driver [org.mariadb.jdbc.Driver] but failed to unregister it when the web application was stopped. To prevent a memory leak, the JDBC Driver has been forcibly unregistered.
11월 13, 2023 6:10:37 오후 org.apache.catalina.loader.WebappClassLoaderBase clearReferencesJdbc
심각: The web application [] registered the JDBC driver [net.sf.log4jdbc.DriverSpy] but failed to unregister it when the web application was stopped. To prevent a memory leak, the JDBC Driver has been forcibly unregistered.
11월 13, 2023 6:10:37 오후 org.apache.catalina.loader.WebappClassLoaderBase clearReferencesThreads
심각: The web application [] appears to have started a thread named [java-sdk-http-connection-reaper] but has failed to stop it. This is very likely to create a memory leak.
11월 13, 2023 6:10:48 오후 org.apache.catalina.startup.HostConfig deployWAR
정보: Deploying web application archive C:\WAS\SEMS_MOBILE\webapps\ROOT.war
11월 13, 2023 6:11:04 오후 org.apache.catalina.startup.TldConfig execute
정보: At least one JAR was scanned for TLDs yet contained no TLDs. Enable debug logging for this logger for a complete list of JARs that were scanned but no TLDs were found in them. Skipping unneeded JARs during scanning can improve startup time and JSP compilation time.
11월 13, 2023 6:11:10 오후 org.apache.catalina.startup.HostConfig deployWAR
정보: Deployment of web application archive C:\WAS\SEMS_MOBILE\webapps\ROOT.war has finished in 22,242 ms
11월 16, 2023 3:48:17 오후 org.apache.catalina.startup.HostConfig undeploy
정보: Undeploying context [/231030]
11월 16, 2023 3:48:17 오후 org.apache.catalina.startup.HostConfig undeploy
정보: Undeploying context []
11월 16, 2023 3:48:17 오후 org.apache.catalina.loader.WebappClassLoaderBase clearReferencesJdbc
심각: The web application [] registered the JDBC driver [org.mariadb.jdbc.Driver] but failed to unregister it when the web application was stopped. To prevent a memory leak, the JDBC Driver has been forcibly unregistered.
11월 16, 2023 3:48:17 오후 org.apache.catalina.loader.WebappClassLoaderBase clearReferencesJdbc
심각: The web application [] registered the JDBC driver [net.sf.log4jdbc.DriverSpy] but failed to unregister it when the web application was stopped. To prevent a memory leak, the JDBC Driver has been forcibly unregistered.
11월 16, 2023 3:48:19 오후 org.apache.catalina.startup.HostConfig undeploy
정보: Undeploying context [/231026_2]
11월 16, 2023 3:48:19 오후 org.apache.catalina.startup.HostConfig undeploy
정보: Undeploying context [/231026]
11월 16, 2023 3:48:20 오후 org.apache.catalina.startup.HostConfig undeploy
정보: Undeploying context [/231103]
11월 16, 2023 3:51:50 오후 org.apache.catalina.startup.HostConfig deployWAR
정보: Deploying web application archive C:\WAS\SEMS_MOBILE\webapps\ROOT.war
11월 16, 2023 3:51:59 오후 org.apache.catalina.startup.TldConfig execute
정보: At least one JAR was scanned for TLDs yet contained no TLDs. Enable debug logging for this logger for a complete list of JARs that were scanned but no TLDs were found in them. Skipping unneeded JARs during scanning can improve startup time and JSP compilation time.
11월 16, 2023 3:52:05 오후 org.apache.catalina.startup.HostConfig deployWAR
정보: Deployment of web application archive C:\WAS\SEMS_MOBILE\webapps\ROOT.war has finished in 15,134 ms
11월 17, 2023 4:51:02 오후 org.apache.catalina.startup.HostConfig undeploy
정보: Undeploying context []
11월 17, 2023 4:51:02 오후 org.apache.catalina.loader.WebappClassLoaderBase clearReferencesJdbc
심각: The web application [] registered the JDBC driver [org.mariadb.jdbc.Driver] but failed to unregister it when the web application was stopped. To prevent a memory leak, the JDBC Driver has been forcibly unregistered.
11월 17, 2023 4:51:02 오후 org.apache.catalina.loader.WebappClassLoaderBase clearReferencesJdbc
심각: The web application [] registered the JDBC driver [net.sf.log4jdbc.DriverSpy] but failed to unregister it when the web application was stopped. To prevent a memory leak, the JDBC Driver has been forcibly unregistered.
11월 17, 2023 4:51:03 오후 org.apache.catalina.startup.ExpandWar deleteDir
심각: [C:\WAS\SEMS_MOBILE\webapps\ROOT\resources\common\lib] could not be completely deleted. The presence of the remaining files may cause problems
11월 17, 2023 4:51:03 오후 org.apache.catalina.startup.ExpandWar deleteDir
심각: [C:\WAS\SEMS_MOBILE\webapps\ROOT\resources\common] could not be completely deleted. The presence of the remaining files may cause problems
11월 17, 2023 4:51:03 오후 org.apache.catalina.startup.ExpandWar deleteDir
심각: [C:\WAS\SEMS_MOBILE\webapps\ROOT\resources] could not be completely deleted. The presence of the remaining files may cause problems
11월 17, 2023 4:51:03 오후 org.apache.catalina.startup.ExpandWar deleteDir
심각: [C:\WAS\SEMS_MOBILE\webapps\ROOT] could not be completely deleted. The presence of the remaining files may cause problems
11월 17, 2023 4:51:03 오후 org.apache.catalina.startup.ExpandWar delete
심각: [C:\WAS\SEMS_MOBILE\webapps\ROOT] could not be completely deleted. The presence of the remaining files may cause problems
11월 17, 2023 4:51:03 오후 org.apache.catalina.startup.HostConfig deployDirectory
정보: Deploying web application directory C:\WAS\SEMS_MOBILE\webapps\231117
11월 17, 2023 4:51:03 오후 org.apache.catalina.startup.HostConfig deployDirectory
정보: Deployment of web application directory C:\WAS\SEMS_MOBILE\webapps\231117 has finished in 59 ms
11월 17, 2023 4:51:03 오후 org.apache.catalina.startup.HostConfig deployDirectory
정보: Deploying web application directory C:\WAS\SEMS_MOBILE\webapps\ROOT
11월 17, 2023 4:51:03 오후 org.apache.catalina.startup.HostConfig deployDirectory
정보: Deployment of web application directory C:\WAS\SEMS_MOBILE\webapps\ROOT has finished in 39 ms
11월 17, 2023 4:52:00 오후 org.apache.coyote.AbstractProtocol pause
정보: Pausing ProtocolHandler ["http-apr-9092"]
11월 17, 2023 4:52:00 오후 org.apache.coyote.AbstractProtocol pause
정보: Pausing ProtocolHandler ["http-bio-8443"]
11월 17, 2023 4:52:00 오후 org.apache.coyote.AbstractProtocol pause
정보: Pausing ProtocolHandler ["ajp-apr-9100"]
11월 17, 2023 4:52:00 오후 org.apache.catalina.core.StandardService stopInternal
정보: Stopping service Catalina
11월 17, 2023 4:52:01 오후 org.apache.coyote.AbstractProtocol stop
정보: Stopping ProtocolHandler ["http-apr-9092"]
11월 17, 2023 4:52:01 오후 org.apache.coyote.AbstractProtocol stop
정보: Stopping ProtocolHandler ["http-bio-8443"]
11월 17, 2023 4:52:01 오후 org.apache.coyote.AbstractProtocol stop
정보: Stopping ProtocolHandler ["ajp-apr-9100"]
