
2023-07-24 16:40:45 Commons Daemon procrun stdout initialized
##########Session ID FF7BF59F58221A4D1CCE0A581C6F6F7A created at Tue Jul 25 00:45:00 KST 2023
##########Session ID 589D33C4D1E49CBEAA081A60BF03A782 created at Tue Jul 25 10:45:18 KST 2023
##########Session ID 9B743A10660D7363C5970E60B2547705 destroyed at Tue Jul 25 16:13:25 KST 2023
##########Session ID 25CCD870BDA6977900C79FFF747B4AC3 destroyed at Tue Jul 25 16:15:25 KST 2023
##########Session ID 8CC98EB6A8D14A5A2D34A6E3B5DCF5F1 destroyed at Tue Jul 25 16:16:25 KST 2023
##########Session ID 02AFCC4CFA3A02903F665C5BBB11D78C destroyed at Tue Jul 25 16:42:25 KST 2023
##########Session ID FF7BF59F58221A4D1CCE0A581C6F6F7A destroyed at Wed Jul 26 00:45:34 KST 2023
##########Session ID 5A01C9E871C54D3FF57F1BCE645A39D2 destroyed at Wed Jul 26 09:57:44 KST 2023
##########Session ID BBA1BF248942DE60E9430756611C1875 destroyed at Wed Jul 26 10:45:45 KST 2023
##########Session ID 77B21EA1E5D759981846C5822540EF1D destroyed at Wed Jul 26 11:15:45 KST 2023
##########Session ID 0554FC53CE1829C7BB8718C9E0365DAC destroyed at Wed Jul 26 11:15:45 KST 2023
##########Session ID 5CE469491696C65B365D8ECE4FBB88E0 destroyed at Wed Jul 26 11:22:45 KST 2023
##########Session ID 9F9D551D530351E4618F50C01334D89B destroyed at Wed Jul 26 11:23:45 KST 2023
##########Session ID C8F3A18A1BD33C1CD3CB3377B8D8B8BD destroyed at Wed Jul 26 11:26:45 KST 2023
##########Session ID 0DDE940F983908870BB1B5B633416DE4 destroyed at Wed Jul 26 15:31:50 KST 2023
##########Session ID 74CE4BCC3CDEC21E0560A12790013A5E destroyed at Wed Jul 26 15:31:50 KST 2023
##########Session ID 1EB8FCE8FAA44CE57B71811567E5D569 destroyed at Wed Jul 26 16:31:51 KST 2023
##########Session ID 891F643388287D5900F32542D182737C destroyed at Thu Jul 27 07:44:07 KST 2023
##########Session ID 9F604D86EE2ECC861DB6AA361EF20FC0 destroyed at Thu Jul 27 07:45:07 KST 2023
##########Session ID 78C0A4365937AB6527430470FFC5643B created at Thu Jul 27 09:07:45 KST 2023
##########Session ID 988705D2D9051BE1C0B8C0ED866F9949 created at Thu Jul 27 09:07:59 KST 2023
##########Session ID 1EAF2189375EFF8DFB2C32B9826FBED5 destroyed at Thu Jul 27 10:10:10 KST 2023
##########Session ID 711F2068BB4521EC8490200E7BD2FA9E destroyed at Thu Jul 27 10:10:10 KST 2023
##########Session ID F12E24D39DEFB7FDCC180C7956B2E16D destroyed at Thu Jul 27 10:59:10 KST 2023
##########Session ID 4C3D20C913CC6CD386754D7BF280E264 created at Thu Jul 27 11:49:46 KST 2023
##########Session ID FE5635BF6DF79FA2B0DEB5C3B206D79B created at Thu Jul 27 11:50:28 KST 2023
##########Session ID C3950854835E8D04F8388768C49FB636 destroyed at Thu Jul 27 13:58:17 KST 2023
##########Session ID 4D2177B8807D0A4B2890CFDA9E8F7792 created at Thu Jul 27 14:23:16 KST 2023
##########Session ID 4E0FC83BE7AFB9F23C1DEAAD39F34080 destroyed at Thu Jul 27 14:35:17 KST 2023
##########Session ID CFDC38BEAAC75B9CDAABC2447C739844 destroyed at Thu Jul 27 15:01:18 KST 2023
##########Session ID 4448E8B656AD76A59B0B39096DAC4AB0 created at Thu Jul 27 15:27:39 KST 2023
##########Session ID CB2BF0A60595E0F0FAE4208003D1F36F destroyed at Fri Jul 28 01:55:30 KST 2023
##########Session ID 56C03D31B4F089363AB49BBFEDEE150D destroyed at Fri Jul 28 01:55:30 KST 2023
##########Session ID 01A95B8754123045857831C8F69EF1DD created at Fri Jul 28 07:15:16 KST 2023
##########Session ID F116A0EE455FEC4C918CD81144D16BB6 destroyed at Fri Jul 28 09:08:38 KST 2023
##########Session ID 988705D2D9051BE1C0B8C0ED866F9949 destroyed at Fri Jul 28 09:08:38 KST 2023
##########Session ID 78C0A4365937AB6527430470FFC5643B destroyed at Fri Jul 28 09:08:38 KST 2023
##########Session ID 4C3D20C913CC6CD386754D7BF280E264 destroyed at Fri Jul 28 11:50:41 KST 2023
##########Session ID FE5635BF6DF79FA2B0DEB5C3B206D79B destroyed at Fri Jul 28 11:50:41 KST 2023
##########Session ID 7FACFDFB9ECD81E5B8C0AEA87BA0DBAE destroyed at Fri Jul 28 11:51:41 KST 2023
##########Session ID DFB59C30B81341A9BF46505EE277914D destroyed at Fri Jul 28 11:53:41 KST 2023
##########Session ID BB88EABCFAA7F35EDF48BDD06D2D3DFD created at Fri Jul 28 11:54:30 KST 2023
##########Session ID 935AB1E56C0B564BCBDF659DD01B5CA6 destroyed at Fri Jul 28 12:39:42 KST 2023
##########Session ID 89E82BC5BFF785264C0E055D04F46F3E destroyed at Fri Jul 28 12:39:42 KST 2023
##########Session ID 4D2177B8807D0A4B2890CFDA9E8F7792 destroyed at Fri Jul 28 14:23:44 KST 2023
##########Session ID 0DB7643CF0787D4DDFB62305BAA05CB7 destroyed at Fri Jul 28 15:21:45 KST 2023
##########Session ID 0403BFB714D93A50B23B58167375AD57 destroyed at Fri Jul 28 15:21:45 KST 2023
##########Session ID 4448E8B656AD76A59B0B39096DAC4AB0 destroyed at Fri Jul 28 15:27:45 KST 2023
##########Session ID 81FC1D29C1B78F12C63FEED6C6D84794 destroyed at Fri Jul 28 16:21:46 KST 2023
##########Session ID 1B664969E295259F8BEC95CE51CEE4AC destroyed at Fri Jul 28 16:56:47 KST 2023
