
2023-11-20 11:01:29 Commons Daemon procrun stdout initialized

2023-11-20 11:03:05 Commons Daemon procrun stdout initialized
##########Session ID 658A06A33F9D828527807157208F1564 created at Mon Nov 20 11:51:43 KST 2023 Session Counts: 3
ERROR 11:51:43.743 [http-bio-8443-exec-8] sems.cm.ctrl.HttpSessionCheckingListener[sessionCreated:24] - ##########Session ID 658A06A33F9D828527807157208F1564 created at Mon Nov 20 11:51:43 KST 2023 3
##########Session ID A1CDC1318FAEBAA0C7820C2BF0543714 destroyed at Mon Nov 20 14:52:38 KST 2023 Session Counts:  5
ERROR 14:52:38.278 [ContainerBackgroundProcessor[StandardEngine[Catalina]]] sems.cm.ctrl.HttpSessionCheckingListener[sessionDestroyed:31] - ##########Session ID A1CDC1318FAEBAA0C7820C2BF0543714 destroyed at Mon Nov 20 14:52:38 KST 2023 5
##########Session ID 20A9C12DCD060E1BE4DF5BE52DE73E64 destroyed at Mon Nov 20 15:04:38 KST 2023 Session Counts:  6
ERROR 15:04:38.590 [ContainerBackgroundProcessor[StandardEngine[Catalina]]] sems.cm.ctrl.HttpSessionCheckingListener[sessionDestroyed:31] - ##########Session ID 20A9C12DCD060E1BE4DF5BE52DE73E64 destroyed at Mon Nov 20 15:04:38 KST 2023 6
##########Session ID C0A8A9601C97D7BCDC02D597344401C2 destroyed at Mon Nov 20 15:08:38 KST 2023 Session Counts:  5
ERROR 15:08:38.691 [ContainerBackgroundProcessor[StandardEngine[Catalina]]] sems.cm.ctrl.HttpSessionCheckingListener[sessionDestroyed:31] - ##########Session ID C0A8A9601C97D7BCDC02D597344401C2 destroyed at Mon Nov 20 15:08:38 KST 2023 5
##########Session ID A4224758C64A5E03AE9543ACD17E79BE destroyed at Mon Nov 20 15:16:38 KST 2023 Session Counts:  6
ERROR 15:16:38.905 [ContainerBackgroundProcessor[StandardEngine[Catalina]]] sems.cm.ctrl.HttpSessionCheckingListener[sessionDestroyed:31] - ##########Session ID A4224758C64A5E03AE9543ACD17E79BE destroyed at Mon Nov 20 15:16:38 KST 2023 6

2023-11-20 17:26:48 Commons Daemon procrun stdout initialized

2023-11-20 17:36:12 Commons Daemon procrun stdout initialized
##########Session ID 1AFA705C59BA99692611CBB84FFED4CE destroyed at Mon Nov 20 21:52:23 KST 2023 Session Counts:  4
ERROR 21:52:23.523 [ContainerBackgroundProcessor[StandardEngine[Catalina]]] sems.cm.ctrl.HttpSessionCheckingListener[sessionDestroyed:31] - ##########Session ID 1AFA705C59BA99692611CBB84FFED4CE destroyed at Mon Nov 20 21:52:23 KST 2023 4
##########Session ID F5DF4782556FE18C9998CF2423722CDE destroyed at Mon Nov 20 21:56:23 KST 2023 Session Counts:  3
ERROR 21:56:23.610 [ContainerBackgroundProcessor[StandardEngine[Catalina]]] sems.cm.ctrl.HttpSessionCheckingListener[sessionDestroyed:31] - ##########Session ID F5DF4782556FE18C9998CF2423722CDE destroyed at Mon Nov 20 21:56:23 KST 2023 3
##########Session ID B7BB4F3A9C5E91B686F154EF54047928 destroyed at Mon Nov 20 21:58:23 KST 2023 Session Counts:  2
ERROR 21:58:23.654 [ContainerBackgroundProcessor[StandardEngine[Catalina]]] sems.cm.ctrl.HttpSessionCheckingListener[sessionDestroyed:31] - ##########Session ID B7BB4F3A9C5E91B686F154EF54047928 destroyed at Mon Nov 20 21:58:23 KST 2023 2
##########Session ID F2CEC284742BC9B35FE907CA5E3765AE created at Mon Nov 20 23:44:10 KST 2023 Session Counts: 4
ERROR 23:44:10.065 [http-bio-8443-exec-37] sems.cm.ctrl.HttpSessionCheckingListener[sessionCreated:24] - ##########Session ID F2CEC284742BC9B35FE907CA5E3765AE created at Mon Nov 20 23:44:10 KST 2023 4
##########Session ID D26B82C5AF4A166CA33375222E46D312 created at Mon Nov 20 23:44:11 KST 2023 Session Counts: 5
ERROR 23:44:11.297 [http-bio-8443-exec-38] sems.cm.ctrl.HttpSessionCheckingListener[sessionCreated:24] - ##########Session ID D26B82C5AF4A166CA33375222E46D312 created at Mon Nov 20 23:44:11 KST 2023 5
##########Session ID CE871DEE950885CB3527DFA591A5B45B created at Mon Nov 20 23:44:12 KST 2023 Session Counts: 6
ERROR 23:44:12.673 [http-bio-8443-exec-42] sems.cm.ctrl.HttpSessionCheckingListener[sessionCreated:24] - ##########Session ID CE871DEE950885CB3527DFA591A5B45B created at Mon Nov 20 23:44:12 KST 2023 6
##########Session ID 4E81EF1E7E125E019553D1EB9695C84B destroyed at Mon Nov 20 23:47:26 KST 2023 Session Counts:  5
ERROR 23:47:26.042 [ContainerBackgroundProcessor[StandardEngine[Catalina]]] sems.cm.ctrl.HttpSessionCheckingListener[sessionDestroyed:31] - ##########Session ID 4E81EF1E7E125E019553D1EB9695C84B destroyed at Mon Nov 20 23:47:26 KST 2023 5
##########Session ID 7D1388CD01D097619AEA4B30A24576D5 destroyed at Mon Nov 20 23:48:26 KST 2023 Session Counts:  4
ERROR 23:48:26.064 [ContainerBackgroundProcessor[StandardEngine[Catalina]]] sems.cm.ctrl.HttpSessionCheckingListener[sessionDestroyed:31] - ##########Session ID 7D1388CD01D097619AEA4B30A24576D5 destroyed at Mon Nov 20 23:48:26 KST 2023 4
##########Session ID 4B0D0CB859DF1E3A146EDA5B88045CF4 created at Tue Nov 21 01:08:30 KST 2023 Session Counts: 6
ERROR 01:08:30.049 [http-bio-8443-exec-45] sems.cm.ctrl.HttpSessionCheckingListener[sessionCreated:24] - ##########Session ID 4B0D0CB859DF1E3A146EDA5B88045CF4 created at Tue Nov 21 01:08:30 KST 2023 6
##########Session ID F2CEC284742BC9B35FE907CA5E3765AE destroyed at Tue Nov 21 02:44:29 KST 2023 Session Counts:  5
ERROR 02:44:29.937 [ContainerBackgroundProcessor[StandardEngine[Catalina]]] sems.cm.ctrl.HttpSessionCheckingListener[sessionDestroyed:31] - ##########Session ID F2CEC284742BC9B35FE907CA5E3765AE destroyed at Tue Nov 21 02:44:29 KST 2023 5
##########Session ID D26B82C5AF4A166CA33375222E46D312 destroyed at Tue Nov 21 02:44:29 KST 2023 Session Counts:  4
ERROR 02:44:29.938 [ContainerBackgroundProcessor[StandardEngine[Catalina]]] sems.cm.ctrl.HttpSessionCheckingListener[sessionDestroyed:31] - ##########Session ID D26B82C5AF4A166CA33375222E46D312 destroyed at Tue Nov 21 02:44:29 KST 2023 4
##########Session ID CE871DEE950885CB3527DFA591A5B45B destroyed at Tue Nov 21 02:44:29 KST 2023 Session Counts:  3
ERROR 02:44:29.939 [ContainerBackgroundProcessor[StandardEngine[Catalina]]] sems.cm.ctrl.HttpSessionCheckingListener[sessionDestroyed:31] - ##########Session ID CE871DEE950885CB3527DFA591A5B45B destroyed at Tue Nov 21 02:44:29 KST 2023 3
##########Session ID 02F8B2BC7877CB17F09B35671F3DAF1C destroyed at Tue Nov 21 02:44:29 KST 2023 Session Counts:  2
ERROR 02:44:29.939 [ContainerBackgroundProcessor[StandardEngine[Catalina]]] sems.cm.ctrl.HttpSessionCheckingListener[sessionDestroyed:31] - ##########Session ID 02F8B2BC7877CB17F09B35671F3DAF1C destroyed at Tue Nov 21 02:44:29 KST 2023 2
##########Session ID CC33392FCB1FF850D0DAD634EB181453 destroyed at Tue Nov 21 03:45:31 KST 2023 Session Counts:  1
ERROR 03:45:31.260 [ContainerBackgroundProcessor[StandardEngine[Catalina]]] sems.cm.ctrl.HttpSessionCheckingListener[sessionDestroyed:31] - ##########Session ID CC33392FCB1FF850D0DAD634EB181453 destroyed at Tue Nov 21 03:45:31 KST 2023 1
##########Session ID 4B0D0CB859DF1E3A146EDA5B88045CF4 destroyed at Tue Nov 21 04:08:31 KST 2023 Session Counts:  0
ERROR 04:08:31.757 [ContainerBackgroundProcessor[StandardEngine[Catalina]]] sems.cm.ctrl.HttpSessionCheckingListener[sessionDestroyed:31] - ##########Session ID 4B0D0CB859DF1E3A146EDA5B88045CF4 destroyed at Tue Nov 21 04:08:31 KST 2023 0
##########Session ID A3B14FEF44F3B0AAB381C249A5255A5C created at Tue Nov 21 08:12:13 KST 2023 Session Counts: 3
ERROR 08:12:13.845 [http-bio-8443-exec-39] sems.cm.ctrl.HttpSessionCheckingListener[sessionCreated:24] - ##########Session ID A3B14FEF44F3B0AAB381C249A5255A5C created at Tue Nov 21 08:12:13 KST 2023 3
##########Session ID D06863BB0A04A06B29F0AC335160FD98 destroyed at Tue Nov 21 09:08:38 KST 2023 Session Counts:  3
ERROR 09:08:38.293 [ContainerBackgroundProcessor[StandardEngine[Catalina]]] sems.cm.ctrl.HttpSessionCheckingListener[sessionDestroyed:31] - ##########Session ID D06863BB0A04A06B29F0AC335160FD98 destroyed at Tue Nov 21 09:08:38 KST 2023 3
##########Session ID A3B14FEF44F3B0AAB381C249A5255A5C destroyed at Tue Nov 21 11:12:40 KST 2023 Session Counts:  3
ERROR 11:12:40.970 [ContainerBackgroundProcessor[StandardEngine[Catalina]]] sems.cm.ctrl.HttpSessionCheckingListener[sessionDestroyed:31] - ##########Session ID A3B14FEF44F3B0AAB381C249A5255A5C destroyed at Tue Nov 21 11:12:40 KST 2023 3
##########Session ID A4BF65552AFDE609BF898818094B51E6 destroyed at Tue Nov 21 11:18:41 KST 2023 Session Counts:  2
ERROR 11:18:41.102 [ContainerBackgroundProcessor[StandardEngine[Catalina]]] sems.cm.ctrl.HttpSessionCheckingListener[sessionDestroyed:31] - ##########Session ID A4BF65552AFDE609BF898818094B51E6 destroyed at Tue Nov 21 11:18:41 KST 2023 2
##########Session ID 8C7C18D0409CD6E9965F9937EA3C7DD3 destroyed at Tue Nov 21 11:19:41 KST 2023 Session Counts:  1
ERROR 11:19:41.125 [ContainerBackgroundProcessor[StandardEngine[Catalina]]] sems.cm.ctrl.HttpSessionCheckingListener[sessionDestroyed:31] - ##########Session ID 8C7C18D0409CD6E9965F9937EA3C7DD3 destroyed at Tue Nov 21 11:19:41 KST 2023 1
##########Session ID 78DE5D590F2FD787EEAA7253D49F92E5 destroyed at Tue Nov 21 13:20:43 KST 2023 Session Counts:  8
ERROR 13:20:43.905 [ContainerBackgroundProcessor[StandardEngine[Catalina]]] sems.cm.ctrl.HttpSessionCheckingListener[sessionDestroyed:31] - ##########Session ID 78DE5D590F2FD787EEAA7253D49F92E5 destroyed at Tue Nov 21 13:20:43 KST 2023 8
##########Session ID BDED27F9CF565245EC01231A109E8C71 destroyed at Tue Nov 21 14:45:45 KST 2023 Session Counts:  11
ERROR 14:45:45.902 [ContainerBackgroundProcessor[StandardEngine[Catalina]]] sems.cm.ctrl.HttpSessionCheckingListener[sessionDestroyed:31] - ##########Session ID BDED27F9CF565245EC01231A109E8C71 destroyed at Tue Nov 21 14:45:45 KST 2023 11
##########Session ID 4A62D6F200C8F8CFB2A9E914F18B6128 destroyed at Tue Nov 21 14:46:45 KST 2023 Session Counts:  10
ERROR 14:46:45.925 [ContainerBackgroundProcessor[StandardEngine[Catalina]]] sems.cm.ctrl.HttpSessionCheckingListener[sessionDestroyed:31] - ##########Session ID 4A62D6F200C8F8CFB2A9E914F18B6128 destroyed at Tue Nov 21 14:46:45 KST 2023 10
##########Session ID A56389B172CE7C9BD87F01EBEAD0FAB1 destroyed at Tue Nov 21 14:47:45 KST 2023 Session Counts:  9
ERROR 14:47:45.950 [ContainerBackgroundProcessor[StandardEngine[Catalina]]] sems.cm.ctrl.HttpSessionCheckingListener[sessionDestroyed:31] - ##########Session ID A56389B172CE7C9BD87F01EBEAD0FAB1 destroyed at Tue Nov 21 14:47:45 KST 2023 9
##########Session ID 364C961C173CB45F059D13ACA2D69B4B destroyed at Tue Nov 21 14:47:45 KST 2023 Session Counts:  8
ERROR 14:47:45.950 [ContainerBackgroundProcessor[StandardEngine[Catalina]]] sems.cm.ctrl.HttpSessionCheckingListener[sessionDestroyed:31] - ##########Session ID 364C961C173CB45F059D13ACA2D69B4B destroyed at Tue Nov 21 14:47:45 KST 2023 8
##########Session ID 4889914CA1881468CDF9BD2A77EB8CFD destroyed at Tue Nov 21 14:57:46 KST 2023 Session Counts:  9
ERROR 14:57:46.188 [ContainerBackgroundProcessor[StandardEngine[Catalina]]] sems.cm.ctrl.HttpSessionCheckingListener[sessionDestroyed:31] - ##########Session ID 4889914CA1881468CDF9BD2A77EB8CFD destroyed at Tue Nov 21 14:57:46 KST 2023 9
##########Session ID F7F166711DD3817C37C70742040A1DEC destroyed at Tue Nov 21 14:58:46 KST 2023 Session Counts:  8
ERROR 14:58:46.211 [ContainerBackgroundProcessor[StandardEngine[Catalina]]] sems.cm.ctrl.HttpSessionCheckingListener[sessionDestroyed:31] - ##########Session ID F7F166711DD3817C37C70742040A1DEC destroyed at Tue Nov 21 14:58:46 KST 2023 8
##########Session ID A20BE91F38ADF141C85CF650DF2C88E7 destroyed at Tue Nov 21 14:58:46 KST 2023 Session Counts:  7
ERROR 14:58:46.212 [ContainerBackgroundProcessor[StandardEngine[Catalina]]] sems.cm.ctrl.HttpSessionCheckingListener[sessionDestroyed:31] - ##########Session ID A20BE91F38ADF141C85CF650DF2C88E7 destroyed at Tue Nov 21 14:58:46 KST 2023 7
##########Session ID F1BB940CC957250D169047DD056172CD destroyed at Tue Nov 21 15:15:46 KST 2023 Session Counts:  6
ERROR 15:15:46.614 [ContainerBackgroundProcessor[StandardEngine[Catalina]]] sems.cm.ctrl.HttpSessionCheckingListener[sessionDestroyed:31] - ##########Session ID F1BB940CC957250D169047DD056172CD destroyed at Tue Nov 21 15:15:46 KST 2023 6
##########Session ID 1D3E4A340A04F43AC62FF6997CA0411A destroyed at Tue Nov 21 17:00:49 KST 2023 Session Counts:  5
ERROR 17:00:49.058 [ContainerBackgroundProcessor[StandardEngine[Catalina]]] sems.cm.ctrl.HttpSessionCheckingListener[sessionDestroyed:31] - ##########Session ID 1D3E4A340A04F43AC62FF6997CA0411A destroyed at Tue Nov 21 17:00:49 KST 2023 5
##########Session ID 235CCCDF849C9CA60ED2E740DE6ABAB3 destroyed at Tue Nov 21 17:24:49 KST 2023 Session Counts:  4
ERROR 17:24:49.622 [ContainerBackgroundProcessor[StandardEngine[Catalina]]] sems.cm.ctrl.HttpSessionCheckingListener[sessionDestroyed:31] - ##########Session ID 235CCCDF849C9CA60ED2E740DE6ABAB3 destroyed at Tue Nov 21 17:24:49 KST 2023 4
##########Session ID 123A31A21067E08543291A4CEDA4BF41 destroyed at Tue Nov 21 17:55:50 KST 2023 Session Counts:  4
ERROR 17:55:50.342 [ContainerBackgroundProcessor[StandardEngine[Catalina]]] sems.cm.ctrl.HttpSessionCheckingListener[sessionDestroyed:31] - ##########Session ID 123A31A21067E08543291A4CEDA4BF41 destroyed at Tue Nov 21 17:55:50 KST 2023 4
##########Session ID 295B5DFD49DDB63A83601D85F9782580 destroyed at Tue Nov 21 17:56:50 KST 2023 Session Counts:  3
ERROR 17:56:50.373 [ContainerBackgroundProcessor[StandardEngine[Catalina]]] sems.cm.ctrl.HttpSessionCheckingListener[sessionDestroyed:31] - ##########Session ID 295B5DFD49DDB63A83601D85F9782580 destroyed at Tue Nov 21 17:56:50 KST 2023 3
##########Session ID 875ED623E0D239DF1203841A5DD4992C destroyed at Tue Nov 21 18:13:50 KST 2023 Session Counts:  2
ERROR 18:13:50.767 [ContainerBackgroundProcessor[StandardEngine[Catalina]]] sems.cm.ctrl.HttpSessionCheckingListener[sessionDestroyed:31] - ##########Session ID 875ED623E0D239DF1203841A5DD4992C destroyed at Tue Nov 21 18:13:50 KST 2023 2
##########Session ID 11743F0109EA3C176412BF0683B28FD3 destroyed at Tue Nov 21 18:43:51 KST 2023 Session Counts:  3
ERROR 18:43:51.463 [ContainerBackgroundProcessor[StandardEngine[Catalina]]] sems.cm.ctrl.HttpSessionCheckingListener[sessionDestroyed:31] - ##########Session ID 11743F0109EA3C176412BF0683B28FD3 destroyed at Tue Nov 21 18:43:51 KST 2023 3
##########Session ID 46633B5BFF64045D40E85B7F01060877 destroyed at Tue Nov 21 20:32:54 KST 2023 Session Counts:  2
ERROR 20:32:54.004 [ContainerBackgroundProcessor[StandardEngine[Catalina]]] sems.cm.ctrl.HttpSessionCheckingListener[sessionDestroyed:31] - ##########Session ID 46633B5BFF64045D40E85B7F01060877 destroyed at Tue Nov 21 20:32:54 KST 2023 2
##########Session ID F7DAF100B4853949FE445CF4E4C75221 destroyed at Tue Nov 21 21:27:55 KST 2023 Session Counts:  1
ERROR 21:27:55.278 [ContainerBackgroundProcessor[StandardEngine[Catalina]]] sems.cm.ctrl.HttpSessionCheckingListener[sessionDestroyed:31] - ##########Session ID F7DAF100B4853949FE445CF4E4C75221 destroyed at Tue Nov 21 21:27:55 KST 2023 1
##########Session ID 4784321F830A057CA4CA6B74C4131C04 destroyed at Tue Nov 21 21:32:55 KST 2023 Session Counts:  0
ERROR 21:32:55.394 [ContainerBackgroundProcessor[StandardEngine[Catalina]]] sems.cm.ctrl.HttpSessionCheckingListener[sessionDestroyed:31] - ##########Session ID 4784321F830A057CA4CA6B74C4131C04 destroyed at Tue Nov 21 21:32:55 KST 2023 0
##########Session ID 3C5E970D4C0C144E1D60669473A213C3 destroyed at Wed Nov 22 02:35:02 KST 2023 Session Counts:  0
ERROR 02:35:02.422 [ContainerBackgroundProcessor[StandardEngine[Catalina]]] sems.cm.ctrl.HttpSessionCheckingListener[sessionDestroyed:31] - ##########Session ID 3C5E970D4C0C144E1D60669473A213C3 destroyed at Wed Nov 22 02:35:02 KST 2023 0
##########Session ID 1E6E1B44CFB7EF15984F0F27ECB5931B created at Wed Nov 22 03:23:33 KST 2023 Session Counts: 2
ERROR 03:23:33.523 [http-bio-8443-exec-72] sems.cm.ctrl.HttpSessionCheckingListener[sessionCreated:24] - ##########Session ID 1E6E1B44CFB7EF15984F0F27ECB5931B created at Wed Nov 22 03:23:33 KST 2023 2
##########Session ID F10E159868FFAE3D1E396E8750BDA009 destroyed at Wed Nov 22 06:03:07 KST 2023 Session Counts:  1
ERROR 06:03:07.251 [ContainerBackgroundProcessor[StandardEngine[Catalina]]] sems.cm.ctrl.HttpSessionCheckingListener[sessionDestroyed:31] - ##########Session ID F10E159868FFAE3D1E396E8750BDA009 destroyed at Wed Nov 22 06:03:07 KST 2023 1
##########Session ID 1E6E1B44CFB7EF15984F0F27ECB5931B destroyed at Wed Nov 22 06:24:07 KST 2023 Session Counts:  1
ERROR 06:24:07.736 [ContainerBackgroundProcessor[StandardEngine[Catalina]]] sems.cm.ctrl.HttpSessionCheckingListener[sessionDestroyed:31] - ##########Session ID 1E6E1B44CFB7EF15984F0F27ECB5931B destroyed at Wed Nov 22 06:24:07 KST 2023 1
##########Session ID 9163F8995A4D56E121DCBB32CBC64FCF destroyed at Wed Nov 22 09:15:11 KST 2023 Session Counts:  1
ERROR 09:15:11.704 [ContainerBackgroundProcessor[StandardEngine[Catalina]]] sems.cm.ctrl.HttpSessionCheckingListener[sessionDestroyed:31] - ##########Session ID 9163F8995A4D56E121DCBB32CBC64FCF destroyed at Wed Nov 22 09:15:11 KST 2023 1
##########Session ID E0E2B1722E54BC0BC31C009E38731AA8 created at Wed Nov 22 09:46:10 KST 2023 Session Counts: 6
ERROR 09:46:10.063 [http-bio-8443-exec-50] sems.cm.ctrl.HttpSessionCheckingListener[sessionCreated:24] - ##########Session ID E0E2B1722E54BC0BC31C009E38731AA8 created at Wed Nov 22 09:46:10 KST 2023 6
##########Session ID 1F3D063ADAF4A87B583D78914E048587 destroyed at Wed Nov 22 11:23:14 KST 2023 Session Counts:  5
ERROR 11:23:14.691 [ContainerBackgroundProcessor[StandardEngine[Catalina]]] sems.cm.ctrl.HttpSessionCheckingListener[sessionDestroyed:31] - ##########Session ID 1F3D063ADAF4A87B583D78914E048587 destroyed at Wed Nov 22 11:23:14 KST 2023 5
##########Session ID 416CC75DA5F42F3B9A1531AED05B718E destroyed at Wed Nov 22 12:19:16 KST 2023 Session Counts:  4
ERROR 12:19:16.008 [ContainerBackgroundProcessor[StandardEngine[Catalina]]] sems.cm.ctrl.HttpSessionCheckingListener[sessionDestroyed:31] - ##########Session ID 416CC75DA5F42F3B9A1531AED05B718E destroyed at Wed Nov 22 12:19:16 KST 2023 4
##########Session ID 3503BEF1E179A8034B1B61E96A34CA04 destroyed at Wed Nov 22 12:42:16 KST 2023 Session Counts:  3
ERROR 12:42:16.550 [ContainerBackgroundProcessor[StandardEngine[Catalina]]] sems.cm.ctrl.HttpSessionCheckingListener[sessionDestroyed:31] - ##########Session ID 3503BEF1E179A8034B1B61E96A34CA04 destroyed at Wed Nov 22 12:42:16 KST 2023 3
##########Session ID 1320C735A0008CBDA5DCB633E33ABEB2 destroyed at Wed Nov 22 12:43:16 KST 2023 Session Counts:  2
ERROR 12:43:16.573 [ContainerBackgroundProcessor[StandardEngine[Catalina]]] sems.cm.ctrl.HttpSessionCheckingListener[sessionDestroyed:31] - ##########Session ID 1320C735A0008CBDA5DCB633E33ABEB2 destroyed at Wed Nov 22 12:43:16 KST 2023 2
##########Session ID E0E2B1722E54BC0BC31C009E38731AA8 destroyed at Wed Nov 22 12:46:16 KST 2023 Session Counts:  1
ERROR 12:46:16.643 [ContainerBackgroundProcessor[StandardEngine[Catalina]]] sems.cm.ctrl.HttpSessionCheckingListener[sessionDestroyed:31] - ##########Session ID E0E2B1722E54BC0BC31C009E38731AA8 destroyed at Wed Nov 22 12:46:16 KST 2023 1
##########Session ID DFEB3E0D8FF1B84A4EFAB134828D5459 destroyed at Wed Nov 22 12:54:16 KST 2023 Session Counts:  0
ERROR 12:54:16.831 [ContainerBackgroundProcessor[StandardEngine[Catalina]]] sems.cm.ctrl.HttpSessionCheckingListener[sessionDestroyed:31] - ##########Session ID DFEB3E0D8FF1B84A4EFAB134828D5459 destroyed at Wed Nov 22 12:54:16 KST 2023 0
##########Session ID E92F95DA81A60C747C625908622B77F2 destroyed at Wed Nov 22 18:20:24 KST 2023 Session Counts:  1
ERROR 18:20:24.378 [ContainerBackgroundProcessor[StandardEngine[Catalina]]] sems.cm.ctrl.HttpSessionCheckingListener[sessionDestroyed:31] - ##########Session ID E92F95DA81A60C747C625908622B77F2 destroyed at Wed Nov 22 18:20:24 KST 2023 1
##########Session ID 06155443F4D4F4523476829869D80D19 destroyed at Wed Nov 22 20:34:27 KST 2023 Session Counts:  0
ERROR 20:34:27.501 [ContainerBackgroundProcessor[StandardEngine[Catalina]]] sems.cm.ctrl.HttpSessionCheckingListener[sessionDestroyed:31] - ##########Session ID 06155443F4D4F4523476829869D80D19 destroyed at Wed Nov 22 20:34:27 KST 2023 0
##########Session ID 28253D1B63AE0B8DAA7AFE5E0F1A1352 destroyed at Thu Nov 23 09:01:44 KST 2023 Session Counts:  1
ERROR 09:01:44.759 [ContainerBackgroundProcessor[StandardEngine[Catalina]]] sems.cm.ctrl.HttpSessionCheckingListener[sessionDestroyed:31] - ##########Session ID 28253D1B63AE0B8DAA7AFE5E0F1A1352 destroyed at Thu Nov 23 09:01:44 KST 2023 1
##########Session ID 9C2C9583A1C9DFBFCC9000AC0C7AED29 destroyed at Thu Nov 23 11:38:48 KST 2023 Session Counts:  2
ERROR 11:38:48.399 [ContainerBackgroundProcessor[StandardEngine[Catalina]]] sems.cm.ctrl.HttpSessionCheckingListener[sessionDestroyed:31] - ##########Session ID 9C2C9583A1C9DFBFCC9000AC0C7AED29 destroyed at Thu Nov 23 11:38:48 KST 2023 2
##########Session ID EC6BD1BC4F17373BF560CD6792DFB70D destroyed at Thu Nov 23 13:15:50 KST 2023 Session Counts:  1
ERROR 13:15:50.658 [ContainerBackgroundProcessor[StandardEngine[Catalina]]] sems.cm.ctrl.HttpSessionCheckingListener[sessionDestroyed:31] - ##########Session ID EC6BD1BC4F17373BF560CD6792DFB70D destroyed at Thu Nov 23 13:15:50 KST 2023 1
##########Session ID 39242A39EBB914F4A2B0C33BEC55C0FD destroyed at Thu Nov 23 13:32:51 KST 2023 Session Counts:  0
ERROR 13:32:51.048 [ContainerBackgroundProcessor[StandardEngine[Catalina]]] sems.cm.ctrl.HttpSessionCheckingListener[sessionDestroyed:31] - ##########Session ID 39242A39EBB914F4A2B0C33BEC55C0FD destroyed at Thu Nov 23 13:32:51 KST 2023 0
##########Session ID 4D16F02BE095F10464B919CE6699952E created at Thu Nov 23 14:39:15 KST 2023 Session Counts: 2
ERROR 14:39:15.557 [http-bio-8443-exec-68] sems.cm.ctrl.HttpSessionCheckingListener[sessionCreated:24] - ##########Session ID 4D16F02BE095F10464B919CE6699952E created at Thu Nov 23 14:39:15 KST 2023 2
##########Session ID A270EF071D78F9CD764776310B6EB5E7 created at Thu Nov 23 14:39:19 KST 2023 Session Counts: 3
ERROR 14:39:19.256 [http-bio-8443-exec-68] sems.cm.ctrl.HttpSessionCheckingListener[sessionCreated:24] - ##########Session ID A270EF071D78F9CD764776310B6EB5E7 created at Thu Nov 23 14:39:19 KST 2023 3
##########Session ID 8DB4F6B534E5E743808DA94D49961551 created at Thu Nov 23 14:39:22 KST 2023 Session Counts: 4
ERROR 14:39:22.183 [http-bio-8443-exec-68] sems.cm.ctrl.HttpSessionCheckingListener[sessionCreated:24] - ##########Session ID 8DB4F6B534E5E743808DA94D49961551 created at Thu Nov 23 14:39:22 KST 2023 4
##########Session ID C5B1660D1551E2764D51CF0393ADBA5F destroyed at Thu Nov 23 17:39:59 KST 2023 Session Counts:  4
ERROR 17:39:59.461 [ContainerBackgroundProcessor[StandardEngine[Catalina]]] sems.cm.ctrl.HttpSessionCheckingListener[sessionDestroyed:31] - ##########Session ID C5B1660D1551E2764D51CF0393ADBA5F destroyed at Thu Nov 23 17:39:59 KST 2023 4
##########Session ID CEC0583CC3A9E97A78AFD7B233DE39A9 destroyed at Thu Nov 23 17:39:59 KST 2023 Session Counts:  3
ERROR 17:39:59.461 [ContainerBackgroundProcessor[StandardEngine[Catalina]]] sems.cm.ctrl.HttpSessionCheckingListener[sessionDestroyed:31] - ##########Session ID CEC0583CC3A9E97A78AFD7B233DE39A9 destroyed at Thu Nov 23 17:39:59 KST 2023 3
##########Session ID 2A3D210B18606D326E0696BA64EB72B7 destroyed at Thu Nov 23 17:39:59 KST 2023 Session Counts:  2
ERROR 17:39:59.462 [ContainerBackgroundProcessor[StandardEngine[Catalina]]] sems.cm.ctrl.HttpSessionCheckingListener[sessionDestroyed:31] - ##########Session ID 2A3D210B18606D326E0696BA64EB72B7 destroyed at Thu Nov 23 17:39:59 KST 2023 2
##########Session ID D2C64527FE852E91D377819F572D2F31 destroyed at Thu Nov 23 18:50:01 KST 2023 Session Counts:  1
ERROR 18:50:01.085 [ContainerBackgroundProcessor[StandardEngine[Catalina]]] sems.cm.ctrl.HttpSessionCheckingListener[sessionDestroyed:31] - ##########Session ID D2C64527FE852E91D377819F572D2F31 destroyed at Thu Nov 23 18:50:01 KST 2023 1
##########Session ID 049A86255EC718086FCD3C2E30F706BA created at Thu Nov 23 19:10:06 KST 2023 Session Counts: 3
ERROR 19:10:06.520 [http-bio-8443-exec-74] sems.cm.ctrl.HttpSessionCheckingListener[sessionCreated:24] - ##########Session ID 049A86255EC718086FCD3C2E30F706BA created at Thu Nov 23 19:10:06 KST 2023 3
##########Session ID 6AEFB9B9FF995B3FA76A39AB592A8436 destroyed at Thu Nov 23 19:11:01 KST 2023 Session Counts:  2
ERROR 19:11:01.568 [ContainerBackgroundProcessor[StandardEngine[Catalina]]] sems.cm.ctrl.HttpSessionCheckingListener[sessionDestroyed:31] - ##########Session ID 6AEFB9B9FF995B3FA76A39AB592A8436 destroyed at Thu Nov 23 19:11:01 KST 2023 2
##########Session ID 50ADA41329BB4508B30F80F4E513CBC7 destroyed at Thu Nov 23 21:51:05 KST 2023 Session Counts:  1
ERROR 21:51:05.266 [ContainerBackgroundProcessor[StandardEngine[Catalina]]] sems.cm.ctrl.HttpSessionCheckingListener[sessionDestroyed:31] - ##########Session ID 50ADA41329BB4508B30F80F4E513CBC7 destroyed at Thu Nov 23 21:51:05 KST 2023 1
##########Session ID 049A86255EC718086FCD3C2E30F706BA destroyed at Thu Nov 23 22:11:05 KST 2023 Session Counts:  0
ERROR 22:11:05.728 [ContainerBackgroundProcessor[StandardEngine[Catalina]]] sems.cm.ctrl.HttpSessionCheckingListener[sessionDestroyed:31] - ##########Session ID 049A86255EC718086FCD3C2E30F706BA destroyed at Thu Nov 23 22:11:05 KST 2023 0
##########Session ID 29E907921156814419A9D1059CC7BED7 destroyed at Fri Nov 24 05:16:15 KST 2023 Session Counts:  1
ERROR 05:16:15.573 [ContainerBackgroundProcessor[StandardEngine[Catalina]]] sems.cm.ctrl.HttpSessionCheckingListener[sessionDestroyed:31] - ##########Session ID 29E907921156814419A9D1059CC7BED7 destroyed at Fri Nov 24 05:16:15 KST 2023 1
##########Session ID 44394E43230DFB0A73AC97161FF33201 destroyed at Fri Nov 24 07:07:18 KST 2023 Session Counts:  0
ERROR 07:07:18.138 [ContainerBackgroundProcessor[StandardEngine[Catalina]]] sems.cm.ctrl.HttpSessionCheckingListener[sessionDestroyed:31] - ##########Session ID 44394E43230DFB0A73AC97161FF33201 destroyed at Fri Nov 24 07:07:18 KST 2023 0
##########Session ID A2B0F77D1E8C517CBA43FB9C5543B66E destroyed at Fri Nov 24 12:50:26 KST 2023 Session Counts:  2
ERROR 12:50:26.114 [ContainerBackgroundProcessor[StandardEngine[Catalina]]] sems.cm.ctrl.HttpSessionCheckingListener[sessionDestroyed:31] - ##########Session ID A2B0F77D1E8C517CBA43FB9C5543B66E destroyed at Fri Nov 24 12:50:26 KST 2023 2
##########Session ID 953B873810D841FD09022D569603F040 destroyed at Fri Nov 24 12:54:26 KST 2023 Session Counts:  1
ERROR 12:54:26.206 [ContainerBackgroundProcessor[StandardEngine[Catalina]]] sems.cm.ctrl.HttpSessionCheckingListener[sessionDestroyed:31] - ##########Session ID 953B873810D841FD09022D569603F040 destroyed at Fri Nov 24 12:54:26 KST 2023 1
##########Session ID 54D451F19F0526A25E61C935A7AA83B6 destroyed at Fri Nov 24 14:52:28 KST 2023 Session Counts:  0
ERROR 14:52:28.931 [ContainerBackgroundProcessor[StandardEngine[Catalina]]] sems.cm.ctrl.HttpSessionCheckingListener[sessionDestroyed:31] - ##########Session ID 54D451F19F0526A25E61C935A7AA83B6 destroyed at Fri Nov 24 14:52:28 KST 2023 0
##########Session ID D64CD0D0AA3FA6E6A7BE136A0C23452A created at Fri Nov 24 18:22:41 KST 2023 Session Counts: 6
ERROR 18:22:41.466 [http-bio-8443-exec-71] sems.cm.ctrl.HttpSessionCheckingListener[sessionCreated:24] - ##########Session ID D64CD0D0AA3FA6E6A7BE136A0C23452A created at Fri Nov 24 18:22:41 KST 2023 6
##########Session ID D0F7FB73CFD66961182E1539A930A977 destroyed at Fri Nov 24 19:45:35 KST 2023 Session Counts:  5
ERROR 19:45:35.709 [ContainerBackgroundProcessor[StandardEngine[Catalina]]] sems.cm.ctrl.HttpSessionCheckingListener[sessionDestroyed:31] - ##########Session ID D0F7FB73CFD66961182E1539A930A977 destroyed at Fri Nov 24 19:45:35 KST 2023 5
##########Session ID A4D92B21EA509F0025F230A0505568A6 created at Fri Nov 24 19:55:38 KST 2023 Session Counts: 8
ERROR 19:55:38.955 [http-bio-8443-exec-71] sems.cm.ctrl.HttpSessionCheckingListener[sessionCreated:24] - ##########Session ID A4D92B21EA509F0025F230A0505568A6 created at Fri Nov 24 19:55:38 KST 2023 8
##########Session ID 80DEDB28994DA515B1351FEA2F039C2F destroyed at Fri Nov 24 20:12:36 KST 2023 Session Counts:  7
ERROR 20:12:36.332 [ContainerBackgroundProcessor[StandardEngine[Catalina]]] sems.cm.ctrl.HttpSessionCheckingListener[sessionDestroyed:31] - ##########Session ID 80DEDB28994DA515B1351FEA2F039C2F destroyed at Fri Nov 24 20:12:36 KST 2023 7
##########Session ID 303E15A3BFFB37C6C8759A97D84A9EB5 destroyed at Fri Nov 24 20:54:37 KST 2023 Session Counts:  6
ERROR 20:54:37.301 [ContainerBackgroundProcessor[StandardEngine[Catalina]]] sems.cm.ctrl.HttpSessionCheckingListener[sessionDestroyed:31] - ##########Session ID 303E15A3BFFB37C6C8759A97D84A9EB5 destroyed at Fri Nov 24 20:54:37 KST 2023 6
##########Session ID 7F606D4CC1DAAC0AE8E9536CD8997C46 destroyed at Fri Nov 24 21:22:37 KST 2023 Session Counts:  5
ERROR 21:22:37.950 [ContainerBackgroundProcessor[StandardEngine[Catalina]]] sems.cm.ctrl.HttpSessionCheckingListener[sessionDestroyed:31] - ##########Session ID 7F606D4CC1DAAC0AE8E9536CD8997C46 destroyed at Fri Nov 24 21:22:37 KST 2023 5
##########Session ID B5E51E29C6696CB6762C3E1882B84DDC destroyed at Fri Nov 24 21:23:37 KST 2023 Session Counts:  4
ERROR 21:23:37.974 [ContainerBackgroundProcessor[StandardEngine[Catalina]]] sems.cm.ctrl.HttpSessionCheckingListener[sessionDestroyed:31] - ##########Session ID B5E51E29C6696CB6762C3E1882B84DDC destroyed at Fri Nov 24 21:23:37 KST 2023 4
##########Session ID 38497986A77A9C5682CFC7807B43D7A8 destroyed at Fri Nov 24 21:23:37 KST 2023 Session Counts:  3
ERROR 21:23:37.975 [ContainerBackgroundProcessor[StandardEngine[Catalina]]] sems.cm.ctrl.HttpSessionCheckingListener[sessionDestroyed:31] - ##########Session ID 38497986A77A9C5682CFC7807B43D7A8 destroyed at Fri Nov 24 21:23:37 KST 2023 3
##########Session ID CF878DC98F7608B6AEC8C02B4BC7B407 destroyed at Fri Nov 24 22:53:40 KST 2023 Session Counts:  2
ERROR 22:53:40.075 [ContainerBackgroundProcessor[StandardEngine[Catalina]]] sems.cm.ctrl.HttpSessionCheckingListener[sessionDestroyed:31] - ##########Session ID CF878DC98F7608B6AEC8C02B4BC7B407 destroyed at Fri Nov 24 22:53:40 KST 2023 2
##########Session ID 2B921887DE863AA4B95AA55061E34B6D destroyed at Fri Nov 24 22:55:40 KST 2023 Session Counts:  1
ERROR 22:55:40.124 [ContainerBackgroundProcessor[StandardEngine[Catalina]]] sems.cm.ctrl.HttpSessionCheckingListener[sessionDestroyed:31] - ##########Session ID 2B921887DE863AA4B95AA55061E34B6D destroyed at Fri Nov 24 22:55:40 KST 2023 1
##########Session ID E0A16C0AB8869EB23AA9A5F134030838 destroyed at Fri Nov 24 23:01:40 KST 2023 Session Counts:  0
ERROR 23:01:40.260 [ContainerBackgroundProcessor[StandardEngine[Catalina]]] sems.cm.ctrl.HttpSessionCheckingListener[sessionDestroyed:31] - ##########Session ID E0A16C0AB8869EB23AA9A5F134030838 destroyed at Fri Nov 24 23:01:40 KST 2023 0
##########Session ID C4701F3DC00C8B8125EC5ECEDB5439E8 created at Sat Nov 25 00:51:45 KST 2023 Session Counts: 2
ERROR 00:51:45.645 [http-bio-8443-exec-59] sems.cm.ctrl.HttpSessionCheckingListener[sessionCreated:24] - ##########Session ID C4701F3DC00C8B8125EC5ECEDB5439E8 created at Sat Nov 25 00:51:45 KST 2023 2
##########Session ID 2BFDC4D9ACF581ED9B4B25DFF4E562B9 destroyed at Sat Nov 25 03:27:46 KST 2023 Session Counts:  2
ERROR 03:27:46.402 [ContainerBackgroundProcessor[StandardEngine[Catalina]]] sems.cm.ctrl.HttpSessionCheckingListener[sessionDestroyed:31] - ##########Session ID 2BFDC4D9ACF581ED9B4B25DFF4E562B9 destroyed at Sat Nov 25 03:27:46 KST 2023 2
##########Session ID C4701F3DC00C8B8125EC5ECEDB5439E8 destroyed at Sat Nov 25 03:51:46 KST 2023 Session Counts:  1
ERROR 03:51:46.972 [ContainerBackgroundProcessor[StandardEngine[Catalina]]] sems.cm.ctrl.HttpSessionCheckingListener[sessionDestroyed:31] - ##########Session ID C4701F3DC00C8B8125EC5ECEDB5439E8 destroyed at Sat Nov 25 03:51:46 KST 2023 1
##########Session ID C748EB934C28BBCFD0FAAA02411472CE destroyed at Sat Nov 25 04:27:47 KST 2023 Session Counts:  0
ERROR 04:27:47.819 [ContainerBackgroundProcessor[StandardEngine[Catalina]]] sems.cm.ctrl.HttpSessionCheckingListener[sessionDestroyed:31] - ##########Session ID C748EB934C28BBCFD0FAAA02411472CE destroyed at Sat Nov 25 04:27:47 KST 2023 0
##########Session ID 9B6EACE8697235D75C712CB25450EC01 destroyed at Sat Nov 25 10:37:56 KST 2023 Session Counts:  0
ERROR 10:37:56.323 [ContainerBackgroundProcessor[StandardEngine[Catalina]]] sems.cm.ctrl.HttpSessionCheckingListener[sessionDestroyed:31] - ##########Session ID 9B6EACE8697235D75C712CB25450EC01 destroyed at Sat Nov 25 10:37:56 KST 2023 0
##########Session ID 146D79ED012053B9BC35FC237ED28016 destroyed at Sat Nov 25 19:58:09 KST 2023 Session Counts:  0
ERROR 19:58:09.270 [ContainerBackgroundProcessor[StandardEngine[Catalina]]] sems.cm.ctrl.HttpSessionCheckingListener[sessionDestroyed:31] - ##########Session ID 146D79ED012053B9BC35FC237ED28016 destroyed at Sat Nov 25 19:58:09 KST 2023 0
##########Session ID 8151854EB48A9A10FED4951F8067508D destroyed at Sat Nov 25 23:13:13 KST 2023 Session Counts:  0
ERROR 23:13:13.771 [ContainerBackgroundProcessor[StandardEngine[Catalina]]] sems.cm.ctrl.HttpSessionCheckingListener[sessionDestroyed:31] - ##########Session ID 8151854EB48A9A10FED4951F8067508D destroyed at Sat Nov 25 23:13:13 KST 2023 0
##########Session ID 05605D203897A00367C5F67671B473B9 created at Sun Nov 26 02:52:01 KST 2023 Session Counts: 1
ERROR 02:52:01.137 [http-bio-8443-exec-59] sems.cm.ctrl.HttpSessionCheckingListener[sessionCreated:24] - ##########Session ID 05605D203897A00367C5F67671B473B9 created at Sun Nov 26 02:52:01 KST 2023 1
##########Session ID 65108640CF0640832CFEC01705A31D52 created at Sun Nov 26 02:52:02 KST 2023 Session Counts: 2
ERROR 02:52:02.305 [http-bio-8443-exec-74] sems.cm.ctrl.HttpSessionCheckingListener[sessionCreated:24] - ##########Session ID 65108640CF0640832CFEC01705A31D52 created at Sun Nov 26 02:52:02 KST 2023 2
##########Session ID CAF67E83CDB225B2FE8E4C53F17CBF7C created at Sun Nov 26 02:54:01 KST 2023 Session Counts: 3
ERROR 02:54:01.903 [http-bio-8443-exec-42] sems.cm.ctrl.HttpSessionCheckingListener[sessionCreated:24] - ##########Session ID CAF67E83CDB225B2FE8E4C53F17CBF7C created at Sun Nov 26 02:54:01 KST 2023 3
##########Session ID 0295BF1D90FC4CE9FD87D2B019801B50 created at Sun Nov 26 02:54:04 KST 2023 Session Counts: 4
ERROR 02:54:04.088 [http-bio-8443-exec-71] sems.cm.ctrl.HttpSessionCheckingListener[sessionCreated:24] - ##########Session ID 0295BF1D90FC4CE9FD87D2B019801B50 created at Sun Nov 26 02:54:04 KST 2023 4
##########Session ID 05605D203897A00367C5F67671B473B9 destroyed at Sun Nov 26 05:52:22 KST 2023 Session Counts:  4
ERROR 05:52:22.999 [ContainerBackgroundProcessor[StandardEngine[Catalina]]] sems.cm.ctrl.HttpSessionCheckingListener[sessionDestroyed:31] - ##########Session ID 05605D203897A00367C5F67671B473B9 destroyed at Sun Nov 26 05:52:22 KST 2023 4
##########Session ID 65108640CF0640832CFEC01705A31D52 destroyed at Sun Nov 26 05:52:23 KST 2023 Session Counts:  3
ERROR 05:52:23.000 [ContainerBackgroundProcessor[StandardEngine[Catalina]]] sems.cm.ctrl.HttpSessionCheckingListener[sessionDestroyed:31] - ##########Session ID 65108640CF0640832CFEC01705A31D52 destroyed at Sun Nov 26 05:52:23 KST 2023 3
##########Session ID 0295BF1D90FC4CE9FD87D2B019801B50 destroyed at Sun Nov 26 05:54:23 KST 2023 Session Counts:  2
ERROR 05:54:23.046 [ContainerBackgroundProcessor[StandardEngine[Catalina]]] sems.cm.ctrl.HttpSessionCheckingListener[sessionDestroyed:31] - ##########Session ID 0295BF1D90FC4CE9FD87D2B019801B50 destroyed at Sun Nov 26 05:54:23 KST 2023 2
##########Session ID CAF67E83CDB225B2FE8E4C53F17CBF7C destroyed at Sun Nov 26 05:54:23 KST 2023 Session Counts:  1
ERROR 05:54:23.046 [ContainerBackgroundProcessor[StandardEngine[Catalina]]] sems.cm.ctrl.HttpSessionCheckingListener[sessionDestroyed:31] - ##########Session ID CAF67E83CDB225B2FE8E4C53F17CBF7C destroyed at Sun Nov 26 05:54:23 KST 2023 1
##########Session ID B1EEDD15C13B4EA799DB6583F8C09280 created at Sun Nov 26 06:04:35 KST 2023 Session Counts: 2
ERROR 06:04:35.426 [http-bio-8443-exec-71] sems.cm.ctrl.HttpSessionCheckingListener[sessionCreated:24] - ##########Session ID B1EEDD15C13B4EA799DB6583F8C09280 created at Sun Nov 26 06:04:35 KST 2023 2
##########Session ID 253C4D125C2429172DD045F9AA6940F3 destroyed at Sun Nov 26 08:41:26 KST 2023 Session Counts:  1
ERROR 08:41:26.897 [ContainerBackgroundProcessor[StandardEngine[Catalina]]] sems.cm.ctrl.HttpSessionCheckingListener[sessionDestroyed:31] - ##########Session ID 253C4D125C2429172DD045F9AA6940F3 destroyed at Sun Nov 26 08:41:26 KST 2023 1
##########Session ID B1EEDD15C13B4EA799DB6583F8C09280 destroyed at Sun Nov 26 09:05:27 KST 2023 Session Counts:  0
ERROR 09:05:27.465 [ContainerBackgroundProcessor[StandardEngine[Catalina]]] sems.cm.ctrl.HttpSessionCheckingListener[sessionDestroyed:31] - ##########Session ID B1EEDD15C13B4EA799DB6583F8C09280 destroyed at Sun Nov 26 09:05:27 KST 2023 0
##########Session ID 7E7C0942F543994F8B46FE8191BE449F created at Sun Nov 26 16:12:17 KST 2023 Session Counts: 2
ERROR 16:12:17.516 [http-bio-8443-exec-63] sems.cm.ctrl.HttpSessionCheckingListener[sessionCreated:24] - ##########Session ID 7E7C0942F543994F8B46FE8191BE449F created at Sun Nov 26 16:12:17 KST 2023 2
##########Session ID 458A7BF9BD9659AC470ACDEA0A26DD03 created at Sun Nov 26 16:12:19 KST 2023 Session Counts: 3
ERROR 16:12:19.187 [http-bio-8443-exec-42] sems.cm.ctrl.HttpSessionCheckingListener[sessionCreated:24] - ##########Session ID 458A7BF9BD9659AC470ACDEA0A26DD03 created at Sun Nov 26 16:12:19 KST 2023 3
##########Session ID FF72FE2F7ED12F9362F472F0F17754F8 destroyed at Sun Nov 26 18:07:40 KST 2023 Session Counts:  2
ERROR 18:07:40.067 [ContainerBackgroundProcessor[StandardEngine[Catalina]]] sems.cm.ctrl.HttpSessionCheckingListener[sessionDestroyed:31] - ##########Session ID FF72FE2F7ED12F9362F472F0F17754F8 destroyed at Sun Nov 26 18:07:40 KST 2023 2
##########Session ID 458A7BF9BD9659AC470ACDEA0A26DD03 destroyed at Sun Nov 26 19:12:41 KST 2023 Session Counts:  1
ERROR 19:12:41.572 [ContainerBackgroundProcessor[StandardEngine[Catalina]]] sems.cm.ctrl.HttpSessionCheckingListener[sessionDestroyed:31] - ##########Session ID 458A7BF9BD9659AC470ACDEA0A26DD03 destroyed at Sun Nov 26 19:12:41 KST 2023 1
##########Session ID 7E7C0942F543994F8B46FE8191BE449F destroyed at Sun Nov 26 19:12:41 KST 2023 Session Counts:  0
ERROR 19:12:41.573 [ContainerBackgroundProcessor[StandardEngine[Catalina]]] sems.cm.ctrl.HttpSessionCheckingListener[sessionDestroyed:31] - ##########Session ID 7E7C0942F543994F8B46FE8191BE449F destroyed at Sun Nov 26 19:12:41 KST 2023 0
##########Session ID B043F262CB630AA951668F7CEB8E9295 destroyed at Mon Nov 27 08:13:59 KST 2023 Session Counts:  2
ERROR 08:13:59.658 [ContainerBackgroundProcessor[StandardEngine[Catalina]]] sems.cm.ctrl.HttpSessionCheckingListener[sessionDestroyed:31] - ##########Session ID B043F262CB630AA951668F7CEB8E9295 destroyed at Mon Nov 27 08:13:59 KST 2023 2
##########Session ID 7C56CFB3CE12CA4E35A26CDDDE72A3A3 destroyed at Mon Nov 27 08:18:59 KST 2023 Session Counts:  1
ERROR 08:18:59.775 [ContainerBackgroundProcessor[StandardEngine[Catalina]]] sems.cm.ctrl.HttpSessionCheckingListener[sessionDestroyed:31] - ##########Session ID 7C56CFB3CE12CA4E35A26CDDDE72A3A3 destroyed at Mon Nov 27 08:18:59 KST 2023 1
##########Session ID 7DA99E82D322683B40DD0D8634C564C4 created at Mon Nov 27 08:31:53 KST 2023 Session Counts: 2
ERROR 08:31:53.336 [http-bio-8443-exec-74] sems.cm.ctrl.HttpSessionCheckingListener[sessionCreated:24] - ##########Session ID 7DA99E82D322683B40DD0D8634C564C4 created at Mon Nov 27 08:31:53 KST 2023 2
##########Session ID 964011D4D622946B93ED1CDE3CAC3BC6 created at Mon Nov 27 10:58:32 KST 2023 Session Counts: 2
ERROR 10:58:32.459 [http-bio-8443-exec-80] sems.cm.ctrl.HttpSessionCheckingListener[sessionCreated:24] - ##########Session ID 964011D4D622946B93ED1CDE3CAC3BC6 created at Mon Nov 27 10:58:32 KST 2023 2
##########Session ID 5BBE1264E55CB06E6350A37601E4AABE created at Mon Nov 27 13:04:29 KST 2023 Session Counts: 4
ERROR 13:04:29.822 [http-bio-8443-exec-122] sems.cm.ctrl.HttpSessionCheckingListener[sessionCreated:24] - ##########Session ID 5BBE1264E55CB06E6350A37601E4AABE created at Mon Nov 27 13:04:29 KST 2023 4
##########Session ID 0250F0B50F3B2F5AF5E60CDF79F650DC created at Mon Nov 27 13:04:31 KST 2023 Session Counts: 5
ERROR 13:04:31.817 [http-bio-8443-exec-119] sems.cm.ctrl.HttpSessionCheckingListener[sessionCreated:24] - ##########Session ID 0250F0B50F3B2F5AF5E60CDF79F650DC created at Mon Nov 27 13:04:31 KST 2023 5
##########Session ID 9151D017686802840FA4313F98900E48 created at Mon Nov 27 19:26:14 KST 2023 Session Counts: 5
ERROR 19:26:14.853 [http-bio-8443-exec-199] sems.cm.ctrl.HttpSessionCheckingListener[sessionCreated:24] - ##########Session ID 9151D017686802840FA4313F98900E48 created at Mon Nov 27 19:26:14 KST 2023 5
