
2024-03-08 11:23:19 Commons Daemon procrun stdout initialized

2024-03-08 11:23:50 Commons Daemon procrun stdout initialized
##########Session ID FB7AABFCBE41D7DF92265620DD8A3182 destroyed at Fri Mar 08 12:49:07 KST 2024 Session Counts:  -1
ERROR 12:49:07.314 [ContainerBackgroundProcessor[StandardEngine[Catalina]]] sems.cm.ctrl.HttpSessionCheckingListener[sessionDestroyed:31] - ##########Session ID FB7AABFCBE41D7DF92265620DD8A3182 destroyed at Fri Mar 08 12:49:07 KST 2024 -1
##########Session ID 3E479E58F77CF7287E56C3FC5D430BCA destroyed at Fri Mar 08 12:49:07 KST 2024 Session Counts:  -2
ERROR 12:49:07.322 [ContainerBackgroundProcessor[StandardEngine[Catalina]]] sems.cm.ctrl.HttpSessionCheckingListener[sessionDestroyed:31] - ##########Session ID 3E479E58F77CF7287E56C3FC5D430BCA destroyed at Fri Mar 08 12:49:07 KST 2024 -2
##########Session ID 44D1173E8F702B61DDB91E46F73F986E destroyed at Fri Mar 08 12:49:07 KST 2024 Session Counts:  -3
ERROR 12:49:07.323 [ContainerBackgroundProcessor[StandardEngine[Catalina]]] sems.cm.ctrl.HttpSessionCheckingListener[sessionDestroyed:31] - ##########Session ID 44D1173E8F702B61DDB91E46F73F986E destroyed at Fri Mar 08 12:49:07 KST 2024 -3
##########Session ID 8BE539317B6562C6B63498F13C784BDC destroyed at Fri Mar 08 12:50:07 KST 2024 Session Counts:  -4
ERROR 12:50:07.349 [ContainerBackgroundProcessor[StandardEngine[Catalina]]] sems.cm.ctrl.HttpSessionCheckingListener[sessionDestroyed:31] - ##########Session ID 8BE539317B6562C6B63498F13C784BDC destroyed at Fri Mar 08 12:50:07 KST 2024 -4
##########Session ID 65AC15D5FD9F4EE1A5EF6D3C4D0AC3C2 destroyed at Fri Mar 08 12:50:07 KST 2024 Session Counts:  -5
ERROR 12:50:07.350 [ContainerBackgroundProcessor[StandardEngine[Catalina]]] sems.cm.ctrl.HttpSessionCheckingListener[sessionDestroyed:31] - ##########Session ID 65AC15D5FD9F4EE1A5EF6D3C4D0AC3C2 destroyed at Fri Mar 08 12:50:07 KST 2024 -5
##########Session ID 8CEE046E6A3522007A234E1C67479AD4 destroyed at Fri Mar 08 12:51:07 KST 2024 Session Counts:  -6
ERROR 12:51:07.379 [ContainerBackgroundProcessor[StandardEngine[Catalina]]] sems.cm.ctrl.HttpSessionCheckingListener[sessionDestroyed:31] - ##########Session ID 8CEE046E6A3522007A234E1C67479AD4 destroyed at Fri Mar 08 12:51:07 KST 2024 -6
##########Session ID BA6CCC9F8F8D591C065973F54808438C destroyed at Fri Mar 08 12:51:07 KST 2024 Session Counts:  -7
ERROR 12:51:07.380 [ContainerBackgroundProcessor[StandardEngine[Catalina]]] sems.cm.ctrl.HttpSessionCheckingListener[sessionDestroyed:31] - ##########Session ID BA6CCC9F8F8D591C065973F54808438C destroyed at Fri Mar 08 12:51:07 KST 2024 -7
##########Session ID FB088549E4C78630F530F9C1AE11856F destroyed at Fri Mar 08 12:51:07 KST 2024 Session Counts:  -8
ERROR 12:51:07.381 [ContainerBackgroundProcessor[StandardEngine[Catalina]]] sems.cm.ctrl.HttpSessionCheckingListener[sessionDestroyed:31] - ##########Session ID FB088549E4C78630F530F9C1AE11856F destroyed at Fri Mar 08 12:51:07 KST 2024 -8
##########Session ID C2250EFD46B44281005B5510D53C8164 destroyed at Fri Mar 08 12:52:07 KST 2024 Session Counts:  -9
ERROR 12:52:07.410 [ContainerBackgroundProcessor[StandardEngine[Catalina]]] sems.cm.ctrl.HttpSessionCheckingListener[sessionDestroyed:31] - ##########Session ID C2250EFD46B44281005B5510D53C8164 destroyed at Fri Mar 08 12:52:07 KST 2024 -9
##########Session ID 683E55123E6272B6F05CA7FDB97D6B09 destroyed at Fri Mar 08 12:53:07 KST 2024 Session Counts:  -10
ERROR 12:53:07.437 [ContainerBackgroundProcessor[StandardEngine[Catalina]]] sems.cm.ctrl.HttpSessionCheckingListener[sessionDestroyed:31] - ##########Session ID 683E55123E6272B6F05CA7FDB97D6B09 destroyed at Fri Mar 08 12:53:07 KST 2024 -10
##########Session ID 6778F3897DC9A93DD7330716840EBEFC destroyed at Fri Mar 08 12:53:07 KST 2024 Session Counts:  -11
ERROR 12:53:07.438 [ContainerBackgroundProcessor[StandardEngine[Catalina]]] sems.cm.ctrl.HttpSessionCheckingListener[sessionDestroyed:31] - ##########Session ID 6778F3897DC9A93DD7330716840EBEFC destroyed at Fri Mar 08 12:53:07 KST 2024 -11
##########Session ID B89940086DDE224CB0D429222CEC55BB destroyed at Fri Mar 08 12:56:07 KST 2024 Session Counts:  -12
ERROR 12:56:07.521 [ContainerBackgroundProcessor[StandardEngine[Catalina]]] sems.cm.ctrl.HttpSessionCheckingListener[sessionDestroyed:31] - ##########Session ID B89940086DDE224CB0D429222CEC55BB destroyed at Fri Mar 08 12:56:07 KST 2024 -12
##########Session ID C78A0C45830D467AF32FB32A89B905F6 destroyed at Fri Mar 08 13:19:08 KST 2024 Session Counts:  -12
ERROR 13:19:08.158 [ContainerBackgroundProcessor[StandardEngine[Catalina]]] sems.cm.ctrl.HttpSessionCheckingListener[sessionDestroyed:31] - ##########Session ID C78A0C45830D467AF32FB32A89B905F6 destroyed at Fri Mar 08 13:19:08 KST 2024 -12
##########Session ID 6E6CA9E5F319C1F429A9285EAEA076E7 destroyed at Fri Mar 08 13:22:08 KST 2024 Session Counts:  -12
ERROR 13:22:08.241 [ContainerBackgroundProcessor[StandardEngine[Catalina]]] sems.cm.ctrl.HttpSessionCheckingListener[sessionDestroyed:31] - ##########Session ID 6E6CA9E5F319C1F429A9285EAEA076E7 destroyed at Fri Mar 08 13:22:08 KST 2024 -12
##########Session ID E29526DF3834093F42BBE67F148AC847 destroyed at Fri Mar 08 13:23:08 KST 2024 Session Counts:  -13
ERROR 13:23:08.270 [ContainerBackgroundProcessor[StandardEngine[Catalina]]] sems.cm.ctrl.HttpSessionCheckingListener[sessionDestroyed:31] - ##########Session ID E29526DF3834093F42BBE67F148AC847 destroyed at Fri Mar 08 13:23:08 KST 2024 -13
##########Session ID FF93E71E90D4A18BDB7DD027BDBA3340 destroyed at Fri Mar 08 13:23:08 KST 2024 Session Counts:  -14
ERROR 13:23:08.270 [ContainerBackgroundProcessor[StandardEngine[Catalina]]] sems.cm.ctrl.HttpSessionCheckingListener[sessionDestroyed:31] - ##########Session ID FF93E71E90D4A18BDB7DD027BDBA3340 destroyed at Fri Mar 08 13:23:08 KST 2024 -14
##########Session ID 2F762F15CD04CA0C097804303ED6C43F destroyed at Fri Mar 08 13:23:08 KST 2024 Session Counts:  -15
ERROR 13:23:08.271 [ContainerBackgroundProcessor[StandardEngine[Catalina]]] sems.cm.ctrl.HttpSessionCheckingListener[sessionDestroyed:31] - ##########Session ID 2F762F15CD04CA0C097804303ED6C43F destroyed at Fri Mar 08 13:23:08 KST 2024 -15
##########Session ID 83AB75D97B9A559B2565D4C231A010B5 destroyed at Fri Mar 08 13:24:08 KST 2024 Session Counts:  -16
ERROR 13:24:08.299 [ContainerBackgroundProcessor[StandardEngine[Catalina]]] sems.cm.ctrl.HttpSessionCheckingListener[sessionDestroyed:31] - ##########Session ID 83AB75D97B9A559B2565D4C231A010B5 destroyed at Fri Mar 08 13:24:08 KST 2024 -16
##########Session ID 08F8150449D05C4842DB458936B6C7DA destroyed at Fri Mar 08 13:25:08 KST 2024 Session Counts:  -17
ERROR 13:25:08.327 [ContainerBackgroundProcessor[StandardEngine[Catalina]]] sems.cm.ctrl.HttpSessionCheckingListener[sessionDestroyed:31] - ##########Session ID 08F8150449D05C4842DB458936B6C7DA destroyed at Fri Mar 08 13:25:08 KST 2024 -17
##########Session ID CA8AE86C71321AD27B4AA0174233D498 destroyed at Fri Mar 08 13:26:08 KST 2024 Session Counts:  -18
ERROR 13:26:08.353 [ContainerBackgroundProcessor[StandardEngine[Catalina]]] sems.cm.ctrl.HttpSessionCheckingListener[sessionDestroyed:31] - ##########Session ID CA8AE86C71321AD27B4AA0174233D498 destroyed at Fri Mar 08 13:26:08 KST 2024 -18
##########Session ID D494114F7A22EADAC5C0C8717FA36D6E destroyed at Fri Mar 08 13:28:08 KST 2024 Session Counts:  -19
ERROR 13:28:08.408 [ContainerBackgroundProcessor[StandardEngine[Catalina]]] sems.cm.ctrl.HttpSessionCheckingListener[sessionDestroyed:31] - ##########Session ID D494114F7A22EADAC5C0C8717FA36D6E destroyed at Fri Mar 08 13:28:08 KST 2024 -19
##########Session ID 92663539C13C04B266AF32972C2C92BE destroyed at Fri Mar 08 13:30:08 KST 2024 Session Counts:  -20
ERROR 13:30:08.465 [ContainerBackgroundProcessor[StandardEngine[Catalina]]] sems.cm.ctrl.HttpSessionCheckingListener[sessionDestroyed:31] - ##########Session ID 92663539C13C04B266AF32972C2C92BE destroyed at Fri Mar 08 13:30:08 KST 2024 -20
##########Session ID 1BFCCCC1068BD5187EE077743F2E4FF5 destroyed at Fri Mar 08 13:31:08 KST 2024 Session Counts:  -21
ERROR 13:31:08.494 [ContainerBackgroundProcessor[StandardEngine[Catalina]]] sems.cm.ctrl.HttpSessionCheckingListener[sessionDestroyed:31] - ##########Session ID 1BFCCCC1068BD5187EE077743F2E4FF5 destroyed at Fri Mar 08 13:31:08 KST 2024 -21
##########Session ID 214D6D86E4F45D2DB36BCBAC5D0ACE68 destroyed at Fri Mar 08 13:32:08 KST 2024 Session Counts:  -22
ERROR 13:32:08.523 [ContainerBackgroundProcessor[StandardEngine[Catalina]]] sems.cm.ctrl.HttpSessionCheckingListener[sessionDestroyed:31] - ##########Session ID 214D6D86E4F45D2DB36BCBAC5D0ACE68 destroyed at Fri Mar 08 13:32:08 KST 2024 -22
##########Session ID B3478C02F7608FEBDB3AF30C41D5449D destroyed at Fri Mar 08 13:35:08 KST 2024 Session Counts:  -23
ERROR 13:35:08.608 [ContainerBackgroundProcessor[StandardEngine[Catalina]]] sems.cm.ctrl.HttpSessionCheckingListener[sessionDestroyed:31] - ##########Session ID B3478C02F7608FEBDB3AF30C41D5449D destroyed at Fri Mar 08 13:35:08 KST 2024 -23
##########Session ID C26F4962B7D63D3CB83D35535E899948 destroyed at Fri Mar 08 13:39:08 KST 2024 Session Counts:  -24
ERROR 13:39:08.717 [ContainerBackgroundProcessor[StandardEngine[Catalina]]] sems.cm.ctrl.HttpSessionCheckingListener[sessionDestroyed:31] - ##########Session ID C26F4962B7D63D3CB83D35535E899948 destroyed at Fri Mar 08 13:39:08 KST 2024 -24
##########Session ID C72291C2ECEBF661386EE34028C24193 destroyed at Fri Mar 08 13:39:08 KST 2024 Session Counts:  -25
ERROR 13:39:08.718 [ContainerBackgroundProcessor[StandardEngine[Catalina]]] sems.cm.ctrl.HttpSessionCheckingListener[sessionDestroyed:31] - ##########Session ID C72291C2ECEBF661386EE34028C24193 destroyed at Fri Mar 08 13:39:08 KST 2024 -25
##########Session ID 533871FC526CF9265433B48709BD947C destroyed at Fri Mar 08 13:39:08 KST 2024 Session Counts:  -26
ERROR 13:39:08.718 [ContainerBackgroundProcessor[StandardEngine[Catalina]]] sems.cm.ctrl.HttpSessionCheckingListener[sessionDestroyed:31] - ##########Session ID 533871FC526CF9265433B48709BD947C destroyed at Fri Mar 08 13:39:08 KST 2024 -26
##########Session ID C0762FD04170DE5F87B3757CC56395A9 destroyed at Fri Mar 08 14:07:09 KST 2024 Session Counts:  -27
ERROR 14:07:09.478 [ContainerBackgroundProcessor[StandardEngine[Catalina]]] sems.cm.ctrl.HttpSessionCheckingListener[sessionDestroyed:31] - ##########Session ID C0762FD04170DE5F87B3757CC56395A9 destroyed at Fri Mar 08 14:07:09 KST 2024 -27
##########Session ID 4E1B6ECBD648F0917AC2E589A1E02FDE created at Fri Mar 08 14:33:49 KST 2024 Session Counts: 7
ERROR 14:33:49.698 [http-bio-12443-exec-18] sems.cm.ctrl.HttpSessionCheckingListener[sessionCreated:24] - ##########Session ID 4E1B6ECBD648F0917AC2E589A1E02FDE created at Fri Mar 08 14:33:49 KST 2024 7

2024-03-08 14:57:25 Commons Daemon procrun stdout initialized
##########Session ID AA36B9C64891A6BFDF03246649F53704 created at Fri Mar 08 15:02:38 KST 2024 Session Counts: 8
ERROR 15:02:38.896 [http-bio-12443-exec-7] sems.cm.ctrl.HttpSessionCheckingListener[sessionCreated:24] - ##########Session ID AA36B9C64891A6BFDF03246649F53704 created at Fri Mar 08 15:02:38 KST 2024 8

2024-03-08 15:14:57 Commons Daemon procrun stdout initialized

2024-03-08 15:37:24 Commons Daemon procrun stdout initialized

2024-03-08 15:43:00 Commons Daemon procrun stdout initialized

2024-03-08 15:44:56 Commons Daemon procrun stdout initialized
##########Session ID 87FC3E318BD056586999CD3659F916CD destroyed at Fri Mar 08 18:16:15 KST 2024 Session Counts:  41
ERROR 18:16:15.848 [ContainerBackgroundProcessor[StandardEngine[Catalina]]] sems.cm.ctrl.HttpSessionCheckingListener[sessionDestroyed:31] - ##########Session ID 87FC3E318BD056586999CD3659F916CD destroyed at Fri Mar 08 18:16:15 KST 2024 41
##########Session ID 670DE41468FFEB50E5B9A0D5CC56873E destroyed at Fri Mar 08 18:24:16 KST 2024 Session Counts:  40
ERROR 18:24:16.084 [ContainerBackgroundProcessor[StandardEngine[Catalina]]] sems.cm.ctrl.HttpSessionCheckingListener[sessionDestroyed:31] - ##########Session ID 670DE41468FFEB50E5B9A0D5CC56873E destroyed at Fri Mar 08 18:24:16 KST 2024 40
##########Session ID 8AA71FFA0D00D0D93C9A6D0AF6C954CC destroyed at Fri Mar 08 18:24:16 KST 2024 Session Counts:  39
ERROR 18:24:16.085 [ContainerBackgroundProcessor[StandardEngine[Catalina]]] sems.cm.ctrl.HttpSessionCheckingListener[sessionDestroyed:31] - ##########Session ID 8AA71FFA0D00D0D93C9A6D0AF6C954CC destroyed at Fri Mar 08 18:24:16 KST 2024 39
##########Session ID E7E56477584844A3458364339A70DD74 destroyed at Fri Mar 08 18:26:16 KST 2024 Session Counts:  38
ERROR 18:26:16.145 [ContainerBackgroundProcessor[StandardEngine[Catalina]]] sems.cm.ctrl.HttpSessionCheckingListener[sessionDestroyed:31] - ##########Session ID E7E56477584844A3458364339A70DD74 destroyed at Fri Mar 08 18:26:16 KST 2024 38
##########Session ID 80BB07890F5623E3990E1191911DDE89 destroyed at Fri Mar 08 18:27:16 KST 2024 Session Counts:  37
ERROR 18:27:16.176 [ContainerBackgroundProcessor[StandardEngine[Catalina]]] sems.cm.ctrl.HttpSessionCheckingListener[sessionDestroyed:31] - ##########Session ID 80BB07890F5623E3990E1191911DDE89 destroyed at Fri Mar 08 18:27:16 KST 2024 37
##########Session ID 0033BA37C770D4969DE190318D188102 destroyed at Fri Mar 08 18:29:16 KST 2024 Session Counts:  36
ERROR 18:29:16.236 [ContainerBackgroundProcessor[StandardEngine[Catalina]]] sems.cm.ctrl.HttpSessionCheckingListener[sessionDestroyed:31] - ##########Session ID 0033BA37C770D4969DE190318D188102 destroyed at Fri Mar 08 18:29:16 KST 2024 36
##########Session ID A0FF9203850EEBCEC8C327B96DE10905 destroyed at Fri Mar 08 18:29:16 KST 2024 Session Counts:  35
ERROR 18:29:16.237 [ContainerBackgroundProcessor[StandardEngine[Catalina]]] sems.cm.ctrl.HttpSessionCheckingListener[sessionDestroyed:31] - ##########Session ID A0FF9203850EEBCEC8C327B96DE10905 destroyed at Fri Mar 08 18:29:16 KST 2024 35
##########Session ID 3EFAB7925C3412F6A4C48F4C8AAE72FE destroyed at Fri Mar 08 18:34:16 KST 2024 Session Counts:  34
ERROR 18:34:16.388 [ContainerBackgroundProcessor[StandardEngine[Catalina]]] sems.cm.ctrl.HttpSessionCheckingListener[sessionDestroyed:31] - ##########Session ID 3EFAB7925C3412F6A4C48F4C8AAE72FE destroyed at Fri Mar 08 18:34:16 KST 2024 34
##########Session ID C45DB98768D47BDD2E5298629AACB617 destroyed at Fri Mar 08 18:38:16 KST 2024 Session Counts:  33
ERROR 18:38:16.505 [ContainerBackgroundProcessor[StandardEngine[Catalina]]] sems.cm.ctrl.HttpSessionCheckingListener[sessionDestroyed:31] - ##########Session ID C45DB98768D47BDD2E5298629AACB617 destroyed at Fri Mar 08 18:38:16 KST 2024 33
##########Session ID CDF2A132845FEA8D9A303E6B1CB10D20 destroyed at Fri Mar 08 18:41:16 KST 2024 Session Counts:  32
ERROR 18:41:16.598 [ContainerBackgroundProcessor[StandardEngine[Catalina]]] sems.cm.ctrl.HttpSessionCheckingListener[sessionDestroyed:31] - ##########Session ID CDF2A132845FEA8D9A303E6B1CB10D20 destroyed at Fri Mar 08 18:41:16 KST 2024 32
##########Session ID 56C326562FD933B3D7E3039CB8DFBCE5 destroyed at Fri Mar 08 18:43:16 KST 2024 Session Counts:  31
ERROR 18:43:16.664 [ContainerBackgroundProcessor[StandardEngine[Catalina]]] sems.cm.ctrl.HttpSessionCheckingListener[sessionDestroyed:31] - ##########Session ID 56C326562FD933B3D7E3039CB8DFBCE5 destroyed at Fri Mar 08 18:43:16 KST 2024 31
##########Session ID 39472C1126C8404543A3C9562F124530 destroyed at Fri Mar 08 18:44:16 KST 2024 Session Counts:  30
ERROR 18:44:16.697 [ContainerBackgroundProcessor[StandardEngine[Catalina]]] sems.cm.ctrl.HttpSessionCheckingListener[sessionDestroyed:31] - ##########Session ID 39472C1126C8404543A3C9562F124530 destroyed at Fri Mar 08 18:44:16 KST 2024 30
##########Session ID 230A8EA65F96C06190AB9F7286AAFD4D destroyed at Fri Mar 08 18:46:16 KST 2024 Session Counts:  29
ERROR 18:46:16.757 [ContainerBackgroundProcessor[StandardEngine[Catalina]]] sems.cm.ctrl.HttpSessionCheckingListener[sessionDestroyed:31] - ##########Session ID 230A8EA65F96C06190AB9F7286AAFD4D destroyed at Fri Mar 08 18:46:16 KST 2024 29
##########Session ID 934F4929BC3BF2A64FFDD29571CC8079 destroyed at Fri Mar 08 18:53:16 KST 2024 Session Counts:  28
ERROR 18:53:16.972 [ContainerBackgroundProcessor[StandardEngine[Catalina]]] sems.cm.ctrl.HttpSessionCheckingListener[sessionDestroyed:31] - ##########Session ID 934F4929BC3BF2A64FFDD29571CC8079 destroyed at Fri Mar 08 18:53:16 KST 2024 28
##########Session ID F099D1CB0442E330F541827061D91888 destroyed at Fri Mar 08 18:59:17 KST 2024 Session Counts:  27
ERROR 18:59:17.151 [ContainerBackgroundProcessor[StandardEngine[Catalina]]] sems.cm.ctrl.HttpSessionCheckingListener[sessionDestroyed:31] - ##########Session ID F099D1CB0442E330F541827061D91888 destroyed at Fri Mar 08 18:59:17 KST 2024 27
##########Session ID C33C8833F4FACDA03972D50963176AF4 destroyed at Fri Mar 08 18:59:17 KST 2024 Session Counts:  26
ERROR 18:59:17.151 [ContainerBackgroundProcessor[StandardEngine[Catalina]]] sems.cm.ctrl.HttpSessionCheckingListener[sessionDestroyed:31] - ##########Session ID C33C8833F4FACDA03972D50963176AF4 destroyed at Fri Mar 08 18:59:17 KST 2024 26
##########Session ID 3FF184F98BD8716E15587386A085268B destroyed at Fri Mar 08 19:00:17 KST 2024 Session Counts:  25
ERROR 19:00:17.181 [ContainerBackgroundProcessor[StandardEngine[Catalina]]] sems.cm.ctrl.HttpSessionCheckingListener[sessionDestroyed:31] - ##########Session ID 3FF184F98BD8716E15587386A085268B destroyed at Fri Mar 08 19:00:17 KST 2024 25
##########Session ID C8828278E1EBD4D0BD8AEFEFCC6A1F89 destroyed at Fri Mar 08 19:01:17 KST 2024 Session Counts:  24
ERROR 19:01:17.223 [ContainerBackgroundProcessor[StandardEngine[Catalina]]] sems.cm.ctrl.HttpSessionCheckingListener[sessionDestroyed:31] - ##########Session ID C8828278E1EBD4D0BD8AEFEFCC6A1F89 destroyed at Fri Mar 08 19:01:17 KST 2024 24
##########Session ID F2EE114EED9261F6DE699DE653DFA883 destroyed at Fri Mar 08 19:02:17 KST 2024 Session Counts:  23
ERROR 19:02:17.254 [ContainerBackgroundProcessor[StandardEngine[Catalina]]] sems.cm.ctrl.HttpSessionCheckingListener[sessionDestroyed:31] - ##########Session ID F2EE114EED9261F6DE699DE653DFA883 destroyed at Fri Mar 08 19:02:17 KST 2024 23
##########Session ID 558926812905B4961FA0C9591C62461F destroyed at Fri Mar 08 19:05:17 KST 2024 Session Counts:  22
ERROR 19:05:17.345 [ContainerBackgroundProcessor[StandardEngine[Catalina]]] sems.cm.ctrl.HttpSessionCheckingListener[sessionDestroyed:31] - ##########Session ID 558926812905B4961FA0C9591C62461F destroyed at Fri Mar 08 19:05:17 KST 2024 22
##########Session ID 16E912FD1B471558A384725AA46FB5D8 destroyed at Fri Mar 08 19:08:17 KST 2024 Session Counts:  21
ERROR 19:08:17.431 [ContainerBackgroundProcessor[StandardEngine[Catalina]]] sems.cm.ctrl.HttpSessionCheckingListener[sessionDestroyed:31] - ##########Session ID 16E912FD1B471558A384725AA46FB5D8 destroyed at Fri Mar 08 19:08:17 KST 2024 21
##########Session ID 6B8322E33E1E085E39A6E4725AB19472 destroyed at Fri Mar 08 19:17:17 KST 2024 Session Counts:  20
ERROR 19:17:17.696 [ContainerBackgroundProcessor[StandardEngine[Catalina]]] sems.cm.ctrl.HttpSessionCheckingListener[sessionDestroyed:31] - ##########Session ID 6B8322E33E1E085E39A6E4725AB19472 destroyed at Fri Mar 08 19:17:17 KST 2024 20
##########Session ID 70C2C0E7418E0C294EB7EA3B6A0AFF35 destroyed at Fri Mar 08 19:18:17 KST 2024 Session Counts:  19
ERROR 19:18:17.727 [ContainerBackgroundProcessor[StandardEngine[Catalina]]] sems.cm.ctrl.HttpSessionCheckingListener[sessionDestroyed:31] - ##########Session ID 70C2C0E7418E0C294EB7EA3B6A0AFF35 destroyed at Fri Mar 08 19:18:17 KST 2024 19
##########Session ID 0C15BCC7CEFC78D8746D28A47570A195 destroyed at Fri Mar 08 19:19:17 KST 2024 Session Counts:  18
ERROR 19:19:17.757 [ContainerBackgroundProcessor[StandardEngine[Catalina]]] sems.cm.ctrl.HttpSessionCheckingListener[sessionDestroyed:31] - ##########Session ID 0C15BCC7CEFC78D8746D28A47570A195 destroyed at Fri Mar 08 19:19:17 KST 2024 18
##########Session ID 17DCB52F522AF685FA29C789DF353571 destroyed at Fri Mar 08 19:19:17 KST 2024 Session Counts:  17
ERROR 19:19:17.758 [ContainerBackgroundProcessor[StandardEngine[Catalina]]] sems.cm.ctrl.HttpSessionCheckingListener[sessionDestroyed:31] - ##########Session ID 17DCB52F522AF685FA29C789DF353571 destroyed at Fri Mar 08 19:19:17 KST 2024 17
##########Session ID 56584A246657529F14589F593D224B13 destroyed at Fri Mar 08 19:19:17 KST 2024 Session Counts:  16
ERROR 19:19:17.758 [ContainerBackgroundProcessor[StandardEngine[Catalina]]] sems.cm.ctrl.HttpSessionCheckingListener[sessionDestroyed:31] - ##########Session ID 56584A246657529F14589F593D224B13 destroyed at Fri Mar 08 19:19:17 KST 2024 16
##########Session ID 6B9E676B9D2A4E65C54ED181F1A010AA destroyed at Fri Mar 08 19:20:17 KST 2024 Session Counts:  15
ERROR 19:20:17.792 [ContainerBackgroundProcessor[StandardEngine[Catalina]]] sems.cm.ctrl.HttpSessionCheckingListener[sessionDestroyed:31] - ##########Session ID 6B9E676B9D2A4E65C54ED181F1A010AA destroyed at Fri Mar 08 19:20:17 KST 2024 15
##########Session ID CF81FD05094B47973726A367AF6FFD04 destroyed at Fri Mar 08 19:20:17 KST 2024 Session Counts:  14
ERROR 19:20:17.793 [ContainerBackgroundProcessor[StandardEngine[Catalina]]] sems.cm.ctrl.HttpSessionCheckingListener[sessionDestroyed:31] - ##########Session ID CF81FD05094B47973726A367AF6FFD04 destroyed at Fri Mar 08 19:20:17 KST 2024 14
##########Session ID C075F89DE6AA82986574034558042968 destroyed at Fri Mar 08 19:26:17 KST 2024 Session Counts:  13
ERROR 19:26:17.966 [ContainerBackgroundProcessor[StandardEngine[Catalina]]] sems.cm.ctrl.HttpSessionCheckingListener[sessionDestroyed:31] - ##########Session ID C075F89DE6AA82986574034558042968 destroyed at Fri Mar 08 19:26:17 KST 2024 13
##########Session ID 6C9D56827A4E1B9085C50D734A7137C5 destroyed at Fri Mar 08 19:31:18 KST 2024 Session Counts:  12
ERROR 19:31:18.112 [ContainerBackgroundProcessor[StandardEngine[Catalina]]] sems.cm.ctrl.HttpSessionCheckingListener[sessionDestroyed:31] - ##########Session ID 6C9D56827A4E1B9085C50D734A7137C5 destroyed at Fri Mar 08 19:31:18 KST 2024 12
##########Session ID 67A65E4D805E3400945B4D7F448BDDB5 destroyed at Fri Mar 08 19:53:18 KST 2024 Session Counts:  11
ERROR 19:53:18.769 [ContainerBackgroundProcessor[StandardEngine[Catalina]]] sems.cm.ctrl.HttpSessionCheckingListener[sessionDestroyed:31] - ##########Session ID 67A65E4D805E3400945B4D7F448BDDB5 destroyed at Fri Mar 08 19:53:18 KST 2024 11
##########Session ID 7F85E33EDE83A495B34F7EC32C913D5A destroyed at Fri Mar 08 19:53:18 KST 2024 Session Counts:  10
ERROR 19:53:18.769 [ContainerBackgroundProcessor[StandardEngine[Catalina]]] sems.cm.ctrl.HttpSessionCheckingListener[sessionDestroyed:31] - ##########Session ID 7F85E33EDE83A495B34F7EC32C913D5A destroyed at Fri Mar 08 19:53:18 KST 2024 10
##########Session ID 414D10A90476191CB4464F4D4A5BAE59 destroyed at Fri Mar 08 19:54:18 KST 2024 Session Counts:  9
ERROR 19:54:18.800 [ContainerBackgroundProcessor[StandardEngine[Catalina]]] sems.cm.ctrl.HttpSessionCheckingListener[sessionDestroyed:31] - ##########Session ID 414D10A90476191CB4464F4D4A5BAE59 destroyed at Fri Mar 08 19:54:18 KST 2024 9
##########Session ID C03EA82C9442E7569C2266995C1DA1B3 destroyed at Fri Mar 08 19:55:18 KST 2024 Session Counts:  8
ERROR 19:55:18.831 [ContainerBackgroundProcessor[StandardEngine[Catalina]]] sems.cm.ctrl.HttpSessionCheckingListener[sessionDestroyed:31] - ##########Session ID C03EA82C9442E7569C2266995C1DA1B3 destroyed at Fri Mar 08 19:55:18 KST 2024 8
##########Session ID 25AC4CD4ECBA49A811C791948139C9A4 destroyed at Fri Mar 08 19:56:18 KST 2024 Session Counts:  7
ERROR 19:56:18.863 [ContainerBackgroundProcessor[StandardEngine[Catalina]]] sems.cm.ctrl.HttpSessionCheckingListener[sessionDestroyed:31] - ##########Session ID 25AC4CD4ECBA49A811C791948139C9A4 destroyed at Fri Mar 08 19:56:18 KST 2024 7
##########Session ID 642086DA7AD080F2E1E92B851A2B962C destroyed at Fri Mar 08 19:57:18 KST 2024 Session Counts:  6
ERROR 19:57:18.893 [ContainerBackgroundProcessor[StandardEngine[Catalina]]] sems.cm.ctrl.HttpSessionCheckingListener[sessionDestroyed:31] - ##########Session ID 642086DA7AD080F2E1E92B851A2B962C destroyed at Fri Mar 08 19:57:18 KST 2024 6
##########Session ID C1DB2F057C41B96517FE822041B9E660 destroyed at Fri Mar 08 19:57:18 KST 2024 Session Counts:  5
ERROR 19:57:18.894 [ContainerBackgroundProcessor[StandardEngine[Catalina]]] sems.cm.ctrl.HttpSessionCheckingListener[sessionDestroyed:31] - ##########Session ID C1DB2F057C41B96517FE822041B9E660 destroyed at Fri Mar 08 19:57:18 KST 2024 5
##########Session ID F897E02F0AB6F00310EA8F9B9494EABB destroyed at Fri Mar 08 19:58:18 KST 2024 Session Counts:  4
ERROR 19:58:18.926 [ContainerBackgroundProcessor[StandardEngine[Catalina]]] sems.cm.ctrl.HttpSessionCheckingListener[sessionDestroyed:31] - ##########Session ID F897E02F0AB6F00310EA8F9B9494EABB destroyed at Fri Mar 08 19:58:18 KST 2024 4
##########Session ID 01EBB24ADF78087E916DBEED169E8240 destroyed at Fri Mar 08 19:59:18 KST 2024 Session Counts:  3
ERROR 19:59:18.959 [ContainerBackgroundProcessor[StandardEngine[Catalina]]] sems.cm.ctrl.HttpSessionCheckingListener[sessionDestroyed:31] - ##########Session ID 01EBB24ADF78087E916DBEED169E8240 destroyed at Fri Mar 08 19:59:18 KST 2024 3
##########Session ID 9CA744E04FB562B70EB50CDCA4DB9C76 destroyed at Fri Mar 08 19:59:18 KST 2024 Session Counts:  2
ERROR 19:59:18.960 [ContainerBackgroundProcessor[StandardEngine[Catalina]]] sems.cm.ctrl.HttpSessionCheckingListener[sessionDestroyed:31] - ##########Session ID 9CA744E04FB562B70EB50CDCA4DB9C76 destroyed at Fri Mar 08 19:59:18 KST 2024 2
##########Session ID 4299E305F975C5091271BBBB06D75ED7 destroyed at Fri Mar 08 20:00:18 KST 2024 Session Counts:  1
ERROR 20:00:18.991 [ContainerBackgroundProcessor[StandardEngine[Catalina]]] sems.cm.ctrl.HttpSessionCheckingListener[sessionDestroyed:31] - ##########Session ID 4299E305F975C5091271BBBB06D75ED7 destroyed at Fri Mar 08 20:00:18 KST 2024 1
##########Session ID B141C8A5A30297696B52F45E103425A6 destroyed at Fri Mar 08 20:02:19 KST 2024 Session Counts:  0
ERROR 20:02:19.050 [ContainerBackgroundProcessor[StandardEngine[Catalina]]] sems.cm.ctrl.HttpSessionCheckingListener[sessionDestroyed:31] - ##########Session ID B141C8A5A30297696B52F45E103425A6 destroyed at Fri Mar 08 20:02:19 KST 2024 0
##########Session ID 423422A53A21E2909D0BD03B1BDFF4AF destroyed at Fri Mar 08 20:02:19 KST 2024 Session Counts:  -1
ERROR 20:02:19.051 [ContainerBackgroundProcessor[StandardEngine[Catalina]]] sems.cm.ctrl.HttpSessionCheckingListener[sessionDestroyed:31] - ##########Session ID 423422A53A21E2909D0BD03B1BDFF4AF destroyed at Fri Mar 08 20:02:19 KST 2024 -1
##########Session ID DAD502BD00BEEBA7E94BA4994C857372 destroyed at Fri Mar 08 20:03:19 KST 2024 Session Counts:  -2
ERROR 20:03:19.085 [ContainerBackgroundProcessor[StandardEngine[Catalina]]] sems.cm.ctrl.HttpSessionCheckingListener[sessionDestroyed:31] - ##########Session ID DAD502BD00BEEBA7E94BA4994C857372 destroyed at Fri Mar 08 20:03:19 KST 2024 -2
##########Session ID 2BD8FB1B941943024D33E06A87BD41DD destroyed at Fri Mar 08 20:03:19 KST 2024 Session Counts:  -3
ERROR 20:03:19.085 [ContainerBackgroundProcessor[StandardEngine[Catalina]]] sems.cm.ctrl.HttpSessionCheckingListener[sessionDestroyed:31] - ##########Session ID 2BD8FB1B941943024D33E06A87BD41DD destroyed at Fri Mar 08 20:03:19 KST 2024 -3
##########Session ID 0F4123FFB4C1D905D9012168F3B77D35 destroyed at Fri Mar 08 20:03:19 KST 2024 Session Counts:  -4
ERROR 20:03:19.086 [ContainerBackgroundProcessor[StandardEngine[Catalina]]] sems.cm.ctrl.HttpSessionCheckingListener[sessionDestroyed:31] - ##########Session ID 0F4123FFB4C1D905D9012168F3B77D35 destroyed at Fri Mar 08 20:03:19 KST 2024 -4
##########Session ID 333D61446866471D8DE058C63B7AE487 destroyed at Fri Mar 08 20:04:19 KST 2024 Session Counts:  -5
ERROR 20:04:19.117 [ContainerBackgroundProcessor[StandardEngine[Catalina]]] sems.cm.ctrl.HttpSessionCheckingListener[sessionDestroyed:31] - ##########Session ID 333D61446866471D8DE058C63B7AE487 destroyed at Fri Mar 08 20:04:19 KST 2024 -5
##########Session ID 53F2C5F58987181CBFD59C4551316B87 destroyed at Fri Mar 08 20:05:19 KST 2024 Session Counts:  -6
ERROR 20:05:19.146 [ContainerBackgroundProcessor[StandardEngine[Catalina]]] sems.cm.ctrl.HttpSessionCheckingListener[sessionDestroyed:31] - ##########Session ID 53F2C5F58987181CBFD59C4551316B87 destroyed at Fri Mar 08 20:05:19 KST 2024 -6
##########Session ID FCD172B8398FED6E1C9F9D2673BA8DCE destroyed at Fri Mar 08 20:05:19 KST 2024 Session Counts:  -7
ERROR 20:05:19.146 [ContainerBackgroundProcessor[StandardEngine[Catalina]]] sems.cm.ctrl.HttpSessionCheckingListener[sessionDestroyed:31] - ##########Session ID FCD172B8398FED6E1C9F9D2673BA8DCE destroyed at Fri Mar 08 20:05:19 KST 2024 -7
##########Session ID 0C41EAE8AA8CF2BD43F8845CDB0C631B destroyed at Fri Mar 08 20:06:19 KST 2024 Session Counts:  -8
ERROR 20:06:19.176 [ContainerBackgroundProcessor[StandardEngine[Catalina]]] sems.cm.ctrl.HttpSessionCheckingListener[sessionDestroyed:31] - ##########Session ID 0C41EAE8AA8CF2BD43F8845CDB0C631B destroyed at Fri Mar 08 20:06:19 KST 2024 -8
##########Session ID 3E7114C52B229BA0D4F42E77DB31EF88 destroyed at Fri Mar 08 20:07:19 KST 2024 Session Counts:  -9
ERROR 20:07:19.209 [ContainerBackgroundProcessor[StandardEngine[Catalina]]] sems.cm.ctrl.HttpSessionCheckingListener[sessionDestroyed:31] - ##########Session ID 3E7114C52B229BA0D4F42E77DB31EF88 destroyed at Fri Mar 08 20:07:19 KST 2024 -9
##########Session ID D2BDD0F3CE53130046FEC0B6B1EBF684 destroyed at Fri Mar 08 20:07:19 KST 2024 Session Counts:  -10
ERROR 20:07:19.210 [ContainerBackgroundProcessor[StandardEngine[Catalina]]] sems.cm.ctrl.HttpSessionCheckingListener[sessionDestroyed:31] - ##########Session ID D2BDD0F3CE53130046FEC0B6B1EBF684 destroyed at Fri Mar 08 20:07:19 KST 2024 -10
##########Session ID 41B426F3AE3BCB319C350BFD3914F222 destroyed at Fri Mar 08 21:11:21 KST 2024 Session Counts:  -11
ERROR 21:11:21.110 [ContainerBackgroundProcessor[StandardEngine[Catalina]]] sems.cm.ctrl.HttpSessionCheckingListener[sessionDestroyed:31] - ##########Session ID 41B426F3AE3BCB319C350BFD3914F222 destroyed at Fri Mar 08 21:11:21 KST 2024 -11
##########Session ID 91B9698B7FD1557D6DABB8AB22EDF754 destroyed at Fri Mar 08 21:17:21 KST 2024 Session Counts:  -12
ERROR 21:17:21.290 [ContainerBackgroundProcessor[StandardEngine[Catalina]]] sems.cm.ctrl.HttpSessionCheckingListener[sessionDestroyed:31] - ##########Session ID 91B9698B7FD1557D6DABB8AB22EDF754 destroyed at Fri Mar 08 21:17:21 KST 2024 -12
##########Session ID 8D37E4D8BE43F7172C463B3B6A836CD2 destroyed at Fri Mar 08 21:47:22 KST 2024 Session Counts:  -13
ERROR 21:47:22.190 [ContainerBackgroundProcessor[StandardEngine[Catalina]]] sems.cm.ctrl.HttpSessionCheckingListener[sessionDestroyed:31] - ##########Session ID 8D37E4D8BE43F7172C463B3B6A836CD2 destroyed at Fri Mar 08 21:47:22 KST 2024 -13
##########Session ID C0DA98EA6855703AD2DFD83773E5A34D destroyed at Sat Mar 09 16:47:56 KST 2024 Session Counts:  -7
ERROR 16:47:56.091 [ContainerBackgroundProcessor[StandardEngine[Catalina]]] sems.cm.ctrl.HttpSessionCheckingListener[sessionDestroyed:31] - ##########Session ID C0DA98EA6855703AD2DFD83773E5A34D destroyed at Sat Mar 09 16:47:56 KST 2024 -7
##########Session ID 427663B0331798C2BB97B0A4C5C5409B destroyed at Sat Mar 09 16:48:56 KST 2024 Session Counts:  -8
ERROR 16:48:56.122 [ContainerBackgroundProcessor[StandardEngine[Catalina]]] sems.cm.ctrl.HttpSessionCheckingListener[sessionDestroyed:31] - ##########Session ID 427663B0331798C2BB97B0A4C5C5409B destroyed at Sat Mar 09 16:48:56 KST 2024 -8
##########Session ID 03E5A3272436585DE3BE29CEF88DD3F6 destroyed at Sat Mar 09 16:48:56 KST 2024 Session Counts:  -9
ERROR 16:48:56.122 [ContainerBackgroundProcessor[StandardEngine[Catalina]]] sems.cm.ctrl.HttpSessionCheckingListener[sessionDestroyed:31] - ##########Session ID 03E5A3272436585DE3BE29CEF88DD3F6 destroyed at Sat Mar 09 16:48:56 KST 2024 -9
##########Session ID C6A66915F01F38857F2A256C25750679 destroyed at Sat Mar 09 16:48:56 KST 2024 Session Counts:  -10
ERROR 16:48:56.123 [ContainerBackgroundProcessor[StandardEngine[Catalina]]] sems.cm.ctrl.HttpSessionCheckingListener[sessionDestroyed:31] - ##########Session ID C6A66915F01F38857F2A256C25750679 destroyed at Sat Mar 09 16:48:56 KST 2024 -10
##########Session ID 1D434036AECC6FDED1FCE19E1B17E995 destroyed at Sat Mar 09 16:59:56 KST 2024 Session Counts:  -11
ERROR 16:59:56.453 [ContainerBackgroundProcessor[StandardEngine[Catalina]]] sems.cm.ctrl.HttpSessionCheckingListener[sessionDestroyed:31] - ##########Session ID 1D434036AECC6FDED1FCE19E1B17E995 destroyed at Sat Mar 09 16:59:56 KST 2024 -11
##########Session ID E7763047045C9CDCD0165DE9F2E32F7D destroyed at Sat Mar 09 17:00:56 KST 2024 Session Counts:  -12
ERROR 17:00:56.482 [ContainerBackgroundProcessor[StandardEngine[Catalina]]] sems.cm.ctrl.HttpSessionCheckingListener[sessionDestroyed:31] - ##########Session ID E7763047045C9CDCD0165DE9F2E32F7D destroyed at Sat Mar 09 17:00:56 KST 2024 -12
##########Session ID D88F82A24C566B36987407A5AD7D7057 destroyed at Sat Mar 09 17:00:56 KST 2024 Session Counts:  -13
ERROR 17:00:56.483 [ContainerBackgroundProcessor[StandardEngine[Catalina]]] sems.cm.ctrl.HttpSessionCheckingListener[sessionDestroyed:31] - ##########Session ID D88F82A24C566B36987407A5AD7D7057 destroyed at Sat Mar 09 17:00:56 KST 2024 -13
##########Session ID BF6F1CA69308910045EE4D85DB565309 destroyed at Mon Mar 11 00:21:52 KST 2024 Session Counts:  -11
ERROR 00:21:52.507 [ContainerBackgroundProcessor[StandardEngine[Catalina]]] sems.cm.ctrl.HttpSessionCheckingListener[sessionDestroyed:31] - ##########Session ID BF6F1CA69308910045EE4D85DB565309 destroyed at Mon Mar 11 00:21:52 KST 2024 -11
##########Session ID E73CE8A2F5A06EB458A1B4D9F9F8B265 destroyed at Mon Mar 11 00:21:52 KST 2024 Session Counts:  -12
ERROR 00:21:52.524 [ContainerBackgroundProcessor[StandardEngine[Catalina]]] sems.cm.ctrl.HttpSessionCheckingListener[sessionDestroyed:31] - ##########Session ID E73CE8A2F5A06EB458A1B4D9F9F8B265 destroyed at Mon Mar 11 00:21:52 KST 2024 -12
##########Session ID 6B212388861A0329FF222B0E90D92A58 destroyed at Mon Mar 11 00:21:52 KST 2024 Session Counts:  -13
ERROR 00:21:52.524 [ContainerBackgroundProcessor[StandardEngine[Catalina]]] sems.cm.ctrl.HttpSessionCheckingListener[sessionDestroyed:31] - ##########Session ID 6B212388861A0329FF222B0E90D92A58 destroyed at Mon Mar 11 00:21:52 KST 2024 -13
