
2024-05-18 17:19:45 Commons Daemon procrun stdout initialized
##########Session ID 21A7FDF0E505A693E5D3612E91590192 destroyed at Sat May 18 17:43:03 KST 2024 Session Counts:  2
ERROR 17:43:03.877 [ContainerBackgroundProcessor[StandardEngine[Catalina]]] sems.cm.ctrl.HttpSessionCheckingListener[sessionDestroyed:31] - ##########Session ID 21A7FDF0E505A693E5D3612E91590192 destroyed at Sat May 18 17:43:03 KST 2024 2
##########Session ID 20E7F5309101786E128801EA237C8C51 destroyed at Sat May 18 17:45:03 KST 2024 Session Counts:  1
ERROR 17:45:03.960 [ContainerBackgroundProcessor[StandardEngine[Catalina]]] sems.cm.ctrl.HttpSessionCheckingListener[sessionDestroyed:31] - ##########Session ID 20E7F5309101786E128801EA237C8C51 destroyed at Sat May 18 17:45:03 KST 2024 1
##########Session ID 151F5C08640D41A76B63DE41F4173956 created at Sat May 18 18:26:13 KST 2024 Session Counts: 3
ERROR 18:26:13.554 [http-bio-8443-exec-4] sems.cm.ctrl.HttpSessionCheckingListener[sessionCreated:24] - ##########Session ID 151F5C08640D41A76B63DE41F4173956 created at Sat May 18 18:26:13 KST 2024 3
##########Session ID DCC02FBADE89C93829CBF215C53495AE created at Sat May 18 18:31:45 KST 2024 Session Counts: 4
ERROR 18:31:45.199 [http-bio-8443-exec-2] sems.cm.ctrl.HttpSessionCheckingListener[sessionCreated:24] - ##########Session ID DCC02FBADE89C93829CBF215C53495AE created at Sat May 18 18:31:45 KST 2024 4
##########Session ID D61FD2EC6B15731114C1DAE3D4CD9733 created at Sat May 18 18:32:12 KST 2024 Session Counts: 7
ERROR 18:32:12.309 [http-bio-8443-exec-4] sems.cm.ctrl.HttpSessionCheckingListener[sessionCreated:24] - ##########Session ID D61FD2EC6B15731114C1DAE3D4CD9733 created at Sat May 18 18:32:12 KST 2024 7
##########Session ID E50C52B1855F3872913604B4CE9A7C4A destroyed at Sat May 18 19:15:07 KST 2024 Session Counts:  6
ERROR 19:15:07.008 [ContainerBackgroundProcessor[StandardEngine[Catalina]]] sems.cm.ctrl.HttpSessionCheckingListener[sessionDestroyed:31] - ##########Session ID E50C52B1855F3872913604B4CE9A7C4A destroyed at Sat May 18 19:15:07 KST 2024 6
##########Session ID CE917CA35FB45F981E84A9AFBF98D72F destroyed at Sat May 18 20:17:09 KST 2024 Session Counts:  5
ERROR 20:17:09.053 [ContainerBackgroundProcessor[StandardEngine[Catalina]]] sems.cm.ctrl.HttpSessionCheckingListener[sessionDestroyed:31] - ##########Session ID CE917CA35FB45F981E84A9AFBF98D72F destroyed at Sat May 18 20:17:09 KST 2024 5
##########Session ID 5E143A927CE42B21618149DC9CC1E4A7 destroyed at Sat May 18 20:21:09 KST 2024 Session Counts:  4
ERROR 20:21:09.126 [ContainerBackgroundProcessor[StandardEngine[Catalina]]] sems.cm.ctrl.HttpSessionCheckingListener[sessionDestroyed:31] - ##########Session ID 5E143A927CE42B21618149DC9CC1E4A7 destroyed at Sat May 18 20:21:09 KST 2024 4
##########Session ID 7AF8FF64514B8738EDA1358E176EFCBC destroyed at Sat May 18 20:23:09 KST 2024 Session Counts:  3
ERROR 20:23:09.194 [ContainerBackgroundProcessor[StandardEngine[Catalina]]] sems.cm.ctrl.HttpSessionCheckingListener[sessionDestroyed:31] - ##########Session ID 7AF8FF64514B8738EDA1358E176EFCBC destroyed at Sat May 18 20:23:09 KST 2024 3
##########Session ID 40F797C5BFB1A38B6AC980E8D8B061EB destroyed at Sat May 18 20:24:09 KST 2024 Session Counts:  2
ERROR 20:24:09.228 [ContainerBackgroundProcessor[StandardEngine[Catalina]]] sems.cm.ctrl.HttpSessionCheckingListener[sessionDestroyed:31] - ##########Session ID 40F797C5BFB1A38B6AC980E8D8B061EB destroyed at Sat May 18 20:24:09 KST 2024 2
##########Session ID 29B832A3F73398480E5C600A581FA48C destroyed at Sat May 18 20:24:09 KST 2024 Session Counts:  1
ERROR 20:24:09.228 [ContainerBackgroundProcessor[StandardEngine[Catalina]]] sems.cm.ctrl.HttpSessionCheckingListener[sessionDestroyed:31] - ##########Session ID 29B832A3F73398480E5C600A581FA48C destroyed at Sat May 18 20:24:09 KST 2024 1
##########Session ID 1B9D64BBDD358B1EC4952CBDA4FD193B destroyed at Sat May 18 21:27:11 KST 2024 Session Counts:  0
ERROR 21:27:11.511 [ContainerBackgroundProcessor[StandardEngine[Catalina]]] sems.cm.ctrl.HttpSessionCheckingListener[sessionDestroyed:31] - ##########Session ID 1B9D64BBDD358B1EC4952CBDA4FD193B destroyed at Sat May 18 21:27:11 KST 2024 0
##########Session ID 151F5C08640D41A76B63DE41F4173956 destroyed at Sat May 18 21:27:11 KST 2024 Session Counts:  -1
ERROR 21:27:11.511 [ContainerBackgroundProcessor[StandardEngine[Catalina]]] sems.cm.ctrl.HttpSessionCheckingListener[sessionDestroyed:31] - ##########Session ID 151F5C08640D41A76B63DE41F4173956 destroyed at Sat May 18 21:27:11 KST 2024 -1
##########Session ID 8C76488BD719754028BB8784053596DD destroyed at Sat May 18 21:32:11 KST 2024 Session Counts:  -2
ERROR 21:32:11.693 [ContainerBackgroundProcessor[StandardEngine[Catalina]]] sems.cm.ctrl.HttpSessionCheckingListener[sessionDestroyed:31] - ##########Session ID 8C76488BD719754028BB8784053596DD destroyed at Sat May 18 21:32:11 KST 2024 -2
##########Session ID 69B923F30E69A74767BA0C24BEDC4A0A destroyed at Sat May 18 21:32:11 KST 2024 Session Counts:  -3
ERROR 21:32:11.693 [ContainerBackgroundProcessor[StandardEngine[Catalina]]] sems.cm.ctrl.HttpSessionCheckingListener[sessionDestroyed:31] - ##########Session ID 69B923F30E69A74767BA0C24BEDC4A0A destroyed at Sat May 18 21:32:11 KST 2024 -3
##########Session ID DCC02FBADE89C93829CBF215C53495AE destroyed at Sat May 18 21:32:11 KST 2024 Session Counts:  -4
ERROR 21:32:11.693 [ContainerBackgroundProcessor[StandardEngine[Catalina]]] sems.cm.ctrl.HttpSessionCheckingListener[sessionDestroyed:31] - ##########Session ID DCC02FBADE89C93829CBF215C53495AE destroyed at Sat May 18 21:32:11 KST 2024 -4
##########Session ID D61FD2EC6B15731114C1DAE3D4CD9733 destroyed at Sat May 18 21:33:11 KST 2024 Session Counts:  -5
ERROR 21:33:11.712 [ContainerBackgroundProcessor[StandardEngine[Catalina]]] sems.cm.ctrl.HttpSessionCheckingListener[sessionDestroyed:31] - ##########Session ID D61FD2EC6B15731114C1DAE3D4CD9733 destroyed at Sat May 18 21:33:11 KST 2024 -5
##########Session ID A3EDEE73F327582E77C13462AB23220C destroyed at Sun May 19 04:08:25 KST 2024 Session Counts:  -5
ERROR 04:08:25.023 [ContainerBackgroundProcessor[StandardEngine[Catalina]]] sems.cm.ctrl.HttpSessionCheckingListener[sessionDestroyed:31] - ##########Session ID A3EDEE73F327582E77C13462AB23220C destroyed at Sun May 19 04:08:25 KST 2024 -5
##########Session ID 53AE007E223D517A40C4D110437E19C3 created at Sun May 19 08:44:13 KST 2024 Session Counts: -3
ERROR 08:44:13.314 [http-bio-8443-exec-1] sems.cm.ctrl.HttpSessionCheckingListener[sessionCreated:24] - ##########Session ID 53AE007E223D517A40C4D110437E19C3 created at Sun May 19 08:44:13 KST 2024 -3
##########Session ID 06CF5BB300FFE13BE9546CAA54CFC4A9 created at Sun May 19 08:54:46 KST 2024 Session Counts: -2
ERROR 08:54:46.265 [http-bio-8443-exec-8] sems.cm.ctrl.HttpSessionCheckingListener[sessionCreated:24] - ##########Session ID 06CF5BB300FFE13BE9546CAA54CFC4A9 created at Sun May 19 08:54:46 KST 2024 -2
##########Session ID 5AA5F8E11E9A0A26ABFB4F62D6277F78 created at Sun May 19 10:39:14 KST 2024 Session Counts: 1
ERROR 10:39:14.938 [http-bio-8443-exec-10] sems.cm.ctrl.HttpSessionCheckingListener[sessionCreated:24] - ##########Session ID 5AA5F8E11E9A0A26ABFB4F62D6277F78 created at Sun May 19 10:39:14 KST 2024 1
##########Session ID D770FF5184C00017F9C187BF387A8384 destroyed at Sun May 19 11:44:41 KST 2024 Session Counts:  1
ERROR 11:44:41.031 [ContainerBackgroundProcessor[StandardEngine[Catalina]]] sems.cm.ctrl.HttpSessionCheckingListener[sessionDestroyed:31] - ##########Session ID D770FF5184C00017F9C187BF387A8384 destroyed at Sun May 19 11:44:41 KST 2024 1
##########Session ID 53AE007E223D517A40C4D110437E19C3 destroyed at Sun May 19 11:44:41 KST 2024 Session Counts:  0
ERROR 11:44:41.031 [ContainerBackgroundProcessor[StandardEngine[Catalina]]] sems.cm.ctrl.HttpSessionCheckingListener[sessionDestroyed:31] - ##########Session ID 53AE007E223D517A40C4D110437E19C3 destroyed at Sun May 19 11:44:41 KST 2024 0
##########Session ID 06CF5BB300FFE13BE9546CAA54CFC4A9 destroyed at Sun May 19 11:55:41 KST 2024 Session Counts:  -1
ERROR 11:55:41.311 [ContainerBackgroundProcessor[StandardEngine[Catalina]]] sems.cm.ctrl.HttpSessionCheckingListener[sessionDestroyed:31] - ##########Session ID 06CF5BB300FFE13BE9546CAA54CFC4A9 destroyed at Sun May 19 11:55:41 KST 2024 -1
##########Session ID 5918E530DC2F443F167540793BC9BC68 created at Sun May 19 12:19:51 KST 2024 Session Counts: 0
ERROR 12:19:51.545 [http-bio-8443-exec-8] sems.cm.ctrl.HttpSessionCheckingListener[sessionCreated:24] - ##########Session ID 5918E530DC2F443F167540793BC9BC68 created at Sun May 19 12:19:51 KST 2024 0
##########Session ID 1A9FB787BA80D086DA3349CEB2D6CF8C destroyed at Sun May 19 13:29:44 KST 2024 Session Counts:  -1
ERROR 13:29:44.581 [ContainerBackgroundProcessor[StandardEngine[Catalina]]] sems.cm.ctrl.HttpSessionCheckingListener[sessionDestroyed:31] - ##########Session ID 1A9FB787BA80D086DA3349CEB2D6CF8C destroyed at Sun May 19 13:29:44 KST 2024 -1
##########Session ID 251F5B7BFA8E1B1F895E8242C317B028 destroyed at Sun May 19 13:39:44 KST 2024 Session Counts:  -2
ERROR 13:39:44.972 [ContainerBackgroundProcessor[StandardEngine[Catalina]]] sems.cm.ctrl.HttpSessionCheckingListener[sessionDestroyed:31] - ##########Session ID 251F5B7BFA8E1B1F895E8242C317B028 destroyed at Sun May 19 13:39:44 KST 2024 -2
##########Session ID 5AA5F8E11E9A0A26ABFB4F62D6277F78 destroyed at Sun May 19 13:39:44 KST 2024 Session Counts:  -3
ERROR 13:39:44.972 [ContainerBackgroundProcessor[StandardEngine[Catalina]]] sems.cm.ctrl.HttpSessionCheckingListener[sessionDestroyed:31] - ##########Session ID 5AA5F8E11E9A0A26ABFB4F62D6277F78 destroyed at Sun May 19 13:39:44 KST 2024 -3
##########Session ID C81AF20F4352C394B4DACE45828A9843 destroyed at Sun May 19 14:03:45 KST 2024 Session Counts:  -4
ERROR 14:03:45.730 [ContainerBackgroundProcessor[StandardEngine[Catalina]]] sems.cm.ctrl.HttpSessionCheckingListener[sessionDestroyed:31] - ##########Session ID C81AF20F4352C394B4DACE45828A9843 destroyed at Sun May 19 14:03:45 KST 2024 -4
##########Session ID 5918E530DC2F443F167540793BC9BC68 destroyed at Sun May 19 15:20:48 KST 2024 Session Counts:  -5
ERROR 15:20:48.120 [ContainerBackgroundProcessor[StandardEngine[Catalina]]] sems.cm.ctrl.HttpSessionCheckingListener[sessionDestroyed:31] - ##########Session ID 5918E530DC2F443F167540793BC9BC68 destroyed at Sun May 19 15:20:48 KST 2024 -5
##########Session ID 879C5A6845AA3E8C7C4301773102600F created at Sun May 19 16:07:49 KST 2024 Session Counts: -4
ERROR 16:07:49.577 [http-bio-8443-exec-3] sems.cm.ctrl.HttpSessionCheckingListener[sessionCreated:24] - ##########Session ID 879C5A6845AA3E8C7C4301773102600F created at Sun May 19 16:07:49 KST 2024 -4
##########Session ID 284C3C6C4FE520CD410406BEB71B1162 created at Sun May 19 16:08:17 KST 2024 Session Counts: -1
ERROR 16:08:17.578 [http-bio-8443-exec-9] sems.cm.ctrl.HttpSessionCheckingListener[sessionCreated:24] - ##########Session ID 284C3C6C4FE520CD410406BEB71B1162 created at Sun May 19 16:08:17 KST 2024 -1
##########Session ID DE5B1E88688805621F2A68CF6BCB91ED created at Sun May 19 17:51:40 KST 2024 Session Counts: 1
ERROR 17:51:40.587 [http-bio-8443-exec-9] sems.cm.ctrl.HttpSessionCheckingListener[sessionCreated:24] - ##########Session ID DE5B1E88688805621F2A68CF6BCB91ED created at Sun May 19 17:51:40 KST 2024 1
##########Session ID 0D16B5CFDCAE408A8E89146DB5908F8D created at Sun May 19 17:51:41 KST 2024 Session Counts: 2
ERROR 17:51:41.055 [http-bio-8443-exec-3] sems.cm.ctrl.HttpSessionCheckingListener[sessionCreated:24] - ##########Session ID 0D16B5CFDCAE408A8E89146DB5908F8D created at Sun May 19 17:51:41 KST 2024 2
##########Session ID EF13FA4497E291FD47B349DCDF9C1F25 created at Sun May 19 17:51:41 KST 2024 Session Counts: 3
ERROR 17:51:41.524 [http-bio-8443-exec-5] sems.cm.ctrl.HttpSessionCheckingListener[sessionCreated:24] - ##########Session ID EF13FA4497E291FD47B349DCDF9C1F25 created at Sun May 19 17:51:41 KST 2024 3
##########Session ID A9D786CF5AA3D63E591BF07AC3437737 created at Sun May 19 18:54:57 KST 2024 Session Counts: 5
ERROR 18:54:57.173 [http-bio-8443-exec-9] sems.cm.ctrl.HttpSessionCheckingListener[sessionCreated:24] - ##########Session ID A9D786CF5AA3D63E591BF07AC3437737 created at Sun May 19 18:54:57 KST 2024 5
##########Session ID 879C5A6845AA3E8C7C4301773102600F destroyed at Sun May 19 19:07:55 KST 2024 Session Counts:  4
ERROR 19:07:55.885 [ContainerBackgroundProcessor[StandardEngine[Catalina]]] sems.cm.ctrl.HttpSessionCheckingListener[sessionDestroyed:31] - ##########Session ID 879C5A6845AA3E8C7C4301773102600F destroyed at Sun May 19 19:07:55 KST 2024 4
##########Session ID 284C3C6C4FE520CD410406BEB71B1162 destroyed at Sun May 19 19:08:55 KST 2024 Session Counts:  3
ERROR 19:08:55.935 [ContainerBackgroundProcessor[StandardEngine[Catalina]]] sems.cm.ctrl.HttpSessionCheckingListener[sessionDestroyed:31] - ##########Session ID 284C3C6C4FE520CD410406BEB71B1162 destroyed at Sun May 19 19:08:55 KST 2024 3
##########Session ID 8A862DC61465484BE489CEC4B0F0F798 destroyed at Sun May 19 19:08:55 KST 2024 Session Counts:  2
ERROR 19:08:55.935 [ContainerBackgroundProcessor[StandardEngine[Catalina]]] sems.cm.ctrl.HttpSessionCheckingListener[sessionDestroyed:31] - ##########Session ID 8A862DC61465484BE489CEC4B0F0F798 destroyed at Sun May 19 19:08:55 KST 2024 2
##########Session ID 00D25B741269A78279B3CF6FC1323B22 destroyed at Sun May 19 19:08:55 KST 2024 Session Counts:  1
ERROR 19:08:55.935 [ContainerBackgroundProcessor[StandardEngine[Catalina]]] sems.cm.ctrl.HttpSessionCheckingListener[sessionDestroyed:31] - ##########Session ID 00D25B741269A78279B3CF6FC1323B22 destroyed at Sun May 19 19:08:55 KST 2024 1
##########Session ID 0D16B5CFDCAE408A8E89146DB5908F8D destroyed at Sun May 19 20:51:59 KST 2024 Session Counts:  0
ERROR 20:51:59.673 [ContainerBackgroundProcessor[StandardEngine[Catalina]]] sems.cm.ctrl.HttpSessionCheckingListener[sessionDestroyed:31] - ##########Session ID 0D16B5CFDCAE408A8E89146DB5908F8D destroyed at Sun May 19 20:51:59 KST 2024 0
##########Session ID 5406269C876A1BA6B27A28FB62D224C5 destroyed at Sun May 19 20:51:59 KST 2024 Session Counts:  -1
ERROR 20:51:59.673 [ContainerBackgroundProcessor[StandardEngine[Catalina]]] sems.cm.ctrl.HttpSessionCheckingListener[sessionDestroyed:31] - ##########Session ID 5406269C876A1BA6B27A28FB62D224C5 destroyed at Sun May 19 20:51:59 KST 2024 -1
##########Session ID EF13FA4497E291FD47B349DCDF9C1F25 destroyed at Sun May 19 20:51:59 KST 2024 Session Counts:  -2
ERROR 20:51:59.673 [ContainerBackgroundProcessor[StandardEngine[Catalina]]] sems.cm.ctrl.HttpSessionCheckingListener[sessionDestroyed:31] - ##########Session ID EF13FA4497E291FD47B349DCDF9C1F25 destroyed at Sun May 19 20:51:59 KST 2024 -2
##########Session ID DE5B1E88688805621F2A68CF6BCB91ED destroyed at Sun May 19 20:51:59 KST 2024 Session Counts:  -3
ERROR 20:51:59.673 [ContainerBackgroundProcessor[StandardEngine[Catalina]]] sems.cm.ctrl.HttpSessionCheckingListener[sessionDestroyed:31] - ##########Session ID DE5B1E88688805621F2A68CF6BCB91ED destroyed at Sun May 19 20:51:59 KST 2024 -3
##########Session ID 163F22CD1A56A8F86DBD8CA95F188265 destroyed at Sun May 19 21:54:01 KST 2024 Session Counts:  -3
ERROR 21:54:01.804 [ContainerBackgroundProcessor[StandardEngine[Catalina]]] sems.cm.ctrl.HttpSessionCheckingListener[sessionDestroyed:31] - ##########Session ID 163F22CD1A56A8F86DBD8CA95F188265 destroyed at Sun May 19 21:54:01 KST 2024 -3
##########Session ID A9D786CF5AA3D63E591BF07AC3437737 destroyed at Sun May 19 21:55:01 KST 2024 Session Counts:  -4
ERROR 21:55:01.838 [ContainerBackgroundProcessor[StandardEngine[Catalina]]] sems.cm.ctrl.HttpSessionCheckingListener[sessionDestroyed:31] - ##########Session ID A9D786CF5AA3D63E591BF07AC3437737 destroyed at Sun May 19 21:55:01 KST 2024 -4
##########Session ID 37A266E8AA8703D2968B8F143EBCEF6F created at Sun May 19 23:15:39 KST 2024 Session Counts: -3
ERROR 23:15:39.778 [http-bio-8443-exec-8] sems.cm.ctrl.HttpSessionCheckingListener[sessionCreated:24] - ##########Session ID 37A266E8AA8703D2968B8F143EBCEF6F created at Sun May 19 23:15:39 KST 2024 -3
##########Session ID 7FE4CD29EE213F52EB89D818CF6D7BB2 created at Sun May 19 23:16:06 KST 2024 Session Counts: 0
ERROR 23:16:06.342 [http-bio-8443-exec-6] sems.cm.ctrl.HttpSessionCheckingListener[sessionCreated:24] - ##########Session ID 7FE4CD29EE213F52EB89D818CF6D7BB2 created at Sun May 19 23:16:06 KST 2024 0
##########Session ID 95CD199B07FE625BC0599E2207F67C92 destroyed at Mon May 20 00:46:07 KST 2024 Session Counts:  -1
ERROR 00:46:07.500 [ContainerBackgroundProcessor[StandardEngine[Catalina]]] sems.cm.ctrl.HttpSessionCheckingListener[sessionDestroyed:31] - ##########Session ID 95CD199B07FE625BC0599E2207F67C92 destroyed at Mon May 20 00:46:07 KST 2024 -1
##########Session ID 37A266E8AA8703D2968B8F143EBCEF6F destroyed at Mon May 20 02:16:10 KST 2024 Session Counts:  -1
ERROR 02:16:10.744 [ContainerBackgroundProcessor[StandardEngine[Catalina]]] sems.cm.ctrl.HttpSessionCheckingListener[sessionDestroyed:31] - ##########Session ID 37A266E8AA8703D2968B8F143EBCEF6F destroyed at Mon May 20 02:16:10 KST 2024 -1
##########Session ID 7FE4CD29EE213F52EB89D818CF6D7BB2 destroyed at Mon May 20 02:16:10 KST 2024 Session Counts:  -2
ERROR 02:16:10.744 [ContainerBackgroundProcessor[StandardEngine[Catalina]]] sems.cm.ctrl.HttpSessionCheckingListener[sessionDestroyed:31] - ##########Session ID 7FE4CD29EE213F52EB89D818CF6D7BB2 destroyed at Mon May 20 02:16:10 KST 2024 -2
##########Session ID 68E458ACFCC0EB686159F44F8881EE97 destroyed at Mon May 20 02:16:10 KST 2024 Session Counts:  -3
ERROR 02:16:10.744 [ContainerBackgroundProcessor[StandardEngine[Catalina]]] sems.cm.ctrl.HttpSessionCheckingListener[sessionDestroyed:31] - ##########Session ID 68E458ACFCC0EB686159F44F8881EE97 destroyed at Mon May 20 02:16:10 KST 2024 -3
##########Session ID ACC45CA1AF98716CD78F235BF852ACBC destroyed at Mon May 20 02:16:10 KST 2024 Session Counts:  -4
ERROR 02:16:10.744 [ContainerBackgroundProcessor[StandardEngine[Catalina]]] sems.cm.ctrl.HttpSessionCheckingListener[sessionDestroyed:31] - ##########Session ID ACC45CA1AF98716CD78F235BF852ACBC destroyed at Mon May 20 02:16:10 KST 2024 -4
##########Session ID 7E4DDEE44627DF4D8612C675487AB327 destroyed at Mon May 20 04:03:14 KST 2024 Session Counts:  -5
ERROR 04:03:14.209 [ContainerBackgroundProcessor[StandardEngine[Catalina]]] sems.cm.ctrl.HttpSessionCheckingListener[sessionDestroyed:31] - ##########Session ID 7E4DDEE44627DF4D8612C675487AB327 destroyed at Mon May 20 04:03:14 KST 2024 -5
##########Session ID 41936533AC9B70C57D9D69F5B6A1BF1E created at Mon May 20 05:43:39 KST 2024 Session Counts: -4
ERROR 05:43:39.638 [http-bio-8443-exec-6] sems.cm.ctrl.HttpSessionCheckingListener[sessionCreated:24] - ##########Session ID 41936533AC9B70C57D9D69F5B6A1BF1E created at Mon May 20 05:43:39 KST 2024 -4
##########Session ID 098793D959BF753A02A4A2DAEBC1BE0F created at Mon May 20 05:44:23 KST 2024 Session Counts: -1
ERROR 05:44:23.343 [http-bio-8443-exec-2] sems.cm.ctrl.HttpSessionCheckingListener[sessionCreated:24] - ##########Session ID 098793D959BF753A02A4A2DAEBC1BE0F created at Mon May 20 05:44:23 KST 2024 -1
##########Session ID FC5A2226DF83747ED723C456E1D9C1B6 created at Mon May 20 08:11:49 KST 2024 Session Counts: 2
ERROR 08:11:49.705 [http-bio-8443-exec-3] sems.cm.ctrl.HttpSessionCheckingListener[sessionCreated:24] - ##########Session ID FC5A2226DF83747ED723C456E1D9C1B6 created at Mon May 20 08:11:49 KST 2024 2
##########Session ID 9F8561DD5B1C7EF79E7A4C49975F2235 created at Mon May 20 08:11:50 KST 2024 Session Counts: 3
ERROR 08:11:50.830 [http-bio-8443-exec-4] sems.cm.ctrl.HttpSessionCheckingListener[sessionCreated:24] - ##########Session ID 9F8561DD5B1C7EF79E7A4C49975F2235 created at Mon May 20 08:11:50 KST 2024 3
##########Session ID F4EAC428E6BB1D2001317B01615805C9 created at Mon May 20 08:11:50 KST 2024 Session Counts: 4
ERROR 08:11:50.830 [http-bio-8443-exec-10] sems.cm.ctrl.HttpSessionCheckingListener[sessionCreated:24] - ##########Session ID F4EAC428E6BB1D2001317B01615805C9 created at Mon May 20 08:11:50 KST 2024 4
##########Session ID 83B2BB4482BD9079EC62310EA19708CF created at Mon May 20 08:11:53 KST 2024 Session Counts: 5
ERROR 08:11:53.064 [http-bio-8443-exec-6] sems.cm.ctrl.HttpSessionCheckingListener[sessionCreated:24] - ##########Session ID 83B2BB4482BD9079EC62310EA19708CF created at Mon May 20 08:11:53 KST 2024 5
##########Session ID E87CFF18D7FDB1031599ED8EFF8C2777 created at Mon May 20 08:11:53 KST 2024 Session Counts: 6
ERROR 08:11:53.392 [http-bio-8443-exec-2] sems.cm.ctrl.HttpSessionCheckingListener[sessionCreated:24] - ##########Session ID E87CFF18D7FDB1031599ED8EFF8C2777 created at Mon May 20 08:11:53 KST 2024 6
##########Session ID 975FAC6F92DE92FE29702E3CBF4C3AAD created at Mon May 20 08:11:53 KST 2024 Session Counts: 7
ERROR 08:11:53.705 [http-bio-8443-exec-8] sems.cm.ctrl.HttpSessionCheckingListener[sessionCreated:24] - ##########Session ID 975FAC6F92DE92FE29702E3CBF4C3AAD created at Mon May 20 08:11:53 KST 2024 7
##########Session ID 400A9B4ADD1BA6252F3FBADBA57C9558 created at Mon May 20 08:11:54 KST 2024 Session Counts: 9
ERROR 08:11:54.424 [http-bio-8443-exec-1] sems.cm.ctrl.HttpSessionCheckingListener[sessionCreated:24] - ##########Session ID 400A9B4ADD1BA6252F3FBADBA57C9558 created at Mon May 20 08:11:54 KST 2024 9
##########Session ID 269413E8D4299B18E31614C873866560 created at Mon May 20 08:11:55 KST 2024 Session Counts: 11
ERROR 08:11:55.158 [http-bio-8443-exec-7] sems.cm.ctrl.HttpSessionCheckingListener[sessionCreated:24] - ##########Session ID 269413E8D4299B18E31614C873866560 created at Mon May 20 08:11:55 KST 2024 11
##########Session ID 41936533AC9B70C57D9D69F5B6A1BF1E destroyed at Mon May 20 08:44:23 KST 2024 Session Counts:  10
ERROR 08:44:23.751 [ContainerBackgroundProcessor[StandardEngine[Catalina]]] sems.cm.ctrl.HttpSessionCheckingListener[sessionDestroyed:31] - ##########Session ID 41936533AC9B70C57D9D69F5B6A1BF1E destroyed at Mon May 20 08:44:23 KST 2024 10
##########Session ID F2738F99B0010B19B94056548498FB89 destroyed at Mon May 20 08:44:23 KST 2024 Session Counts:  9
ERROR 08:44:23.751 [ContainerBackgroundProcessor[StandardEngine[Catalina]]] sems.cm.ctrl.HttpSessionCheckingListener[sessionDestroyed:31] - ##########Session ID F2738F99B0010B19B94056548498FB89 destroyed at Mon May 20 08:44:23 KST 2024 9
##########Session ID 098793D959BF753A02A4A2DAEBC1BE0F destroyed at Mon May 20 08:44:23 KST 2024 Session Counts:  8
ERROR 08:44:23.751 [ContainerBackgroundProcessor[StandardEngine[Catalina]]] sems.cm.ctrl.HttpSessionCheckingListener[sessionDestroyed:31] - ##########Session ID 098793D959BF753A02A4A2DAEBC1BE0F destroyed at Mon May 20 08:44:23 KST 2024 8
##########Session ID B7C97061BB8C752AFCCD2BDC88A58C28 destroyed at Mon May 20 08:44:23 KST 2024 Session Counts:  7
ERROR 08:44:23.751 [ContainerBackgroundProcessor[StandardEngine[Catalina]]] sems.cm.ctrl.HttpSessionCheckingListener[sessionDestroyed:31] - ##########Session ID B7C97061BB8C752AFCCD2BDC88A58C28 destroyed at Mon May 20 08:44:23 KST 2024 7
##########Session ID 39E35E723854CBDFA88B54D6A5681ACF created at Mon May 20 09:01:05 KST 2024 Session Counts: 10
ERROR 09:01:05.828 [http-bio-8443-exec-1] sems.cm.ctrl.HttpSessionCheckingListener[sessionCreated:24] - ##########Session ID 39E35E723854CBDFA88B54D6A5681ACF created at Mon May 20 09:01:05 KST 2024 10
##########Session ID A7002DDB7C8487A7D691056B045BBE17 destroyed at Mon May 20 11:05:28 KST 2024 Session Counts:  10
ERROR 11:05:28.585 [ContainerBackgroundProcessor[StandardEngine[Catalina]]] sems.cm.ctrl.HttpSessionCheckingListener[sessionDestroyed:31] - ##########Session ID A7002DDB7C8487A7D691056B045BBE17 destroyed at Mon May 20 11:05:28 KST 2024 10
##########Session ID 269413E8D4299B18E31614C873866560 destroyed at Mon May 20 11:12:28 KST 2024 Session Counts:  9
ERROR 11:12:28.823 [ContainerBackgroundProcessor[StandardEngine[Catalina]]] sems.cm.ctrl.HttpSessionCheckingListener[sessionDestroyed:31] - ##########Session ID 269413E8D4299B18E31614C873866560 destroyed at Mon May 20 11:12:28 KST 2024 9
##########Session ID 8FE0B1C6A4390BD98F3E59B80E8778BD destroyed at Mon May 20 11:12:28 KST 2024 Session Counts:  8
ERROR 11:12:28.823 [ContainerBackgroundProcessor[StandardEngine[Catalina]]] sems.cm.ctrl.HttpSessionCheckingListener[sessionDestroyed:31] - ##########Session ID 8FE0B1C6A4390BD98F3E59B80E8778BD destroyed at Mon May 20 11:12:28 KST 2024 8
##########Session ID F4EAC428E6BB1D2001317B01615805C9 destroyed at Mon May 20 11:12:28 KST 2024 Session Counts:  7
ERROR 11:12:28.823 [ContainerBackgroundProcessor[StandardEngine[Catalina]]] sems.cm.ctrl.HttpSessionCheckingListener[sessionDestroyed:31] - ##########Session ID F4EAC428E6BB1D2001317B01615805C9 destroyed at Mon May 20 11:12:28 KST 2024 7
##########Session ID FC5A2226DF83747ED723C456E1D9C1B6 destroyed at Mon May 20 11:12:28 KST 2024 Session Counts:  6
ERROR 11:12:28.823 [ContainerBackgroundProcessor[StandardEngine[Catalina]]] sems.cm.ctrl.HttpSessionCheckingListener[sessionDestroyed:31] - ##########Session ID FC5A2226DF83747ED723C456E1D9C1B6 destroyed at Mon May 20 11:12:28 KST 2024 6
##########Session ID 400A9B4ADD1BA6252F3FBADBA57C9558 destroyed at Mon May 20 11:12:28 KST 2024 Session Counts:  5
ERROR 11:12:28.823 [ContainerBackgroundProcessor[StandardEngine[Catalina]]] sems.cm.ctrl.HttpSessionCheckingListener[sessionDestroyed:31] - ##########Session ID 400A9B4ADD1BA6252F3FBADBA57C9558 destroyed at Mon May 20 11:12:28 KST 2024 5
##########Session ID 1520BAA440DCA380210DA2DD0A90CC7B destroyed at Mon May 20 11:12:28 KST 2024 Session Counts:  4
ERROR 11:12:28.823 [ContainerBackgroundProcessor[StandardEngine[Catalina]]] sems.cm.ctrl.HttpSessionCheckingListener[sessionDestroyed:31] - ##########Session ID 1520BAA440DCA380210DA2DD0A90CC7B destroyed at Mon May 20 11:12:28 KST 2024 4
##########Session ID 55D9DABFA37301B6067BFE409EFC51AE destroyed at Mon May 20 11:12:28 KST 2024 Session Counts:  3
ERROR 11:12:28.823 [ContainerBackgroundProcessor[StandardEngine[Catalina]]] sems.cm.ctrl.HttpSessionCheckingListener[sessionDestroyed:31] - ##########Session ID 55D9DABFA37301B6067BFE409EFC51AE destroyed at Mon May 20 11:12:28 KST 2024 3
##########Session ID 975FAC6F92DE92FE29702E3CBF4C3AAD destroyed at Mon May 20 11:12:28 KST 2024 Session Counts:  2
ERROR 11:12:28.823 [ContainerBackgroundProcessor[StandardEngine[Catalina]]] sems.cm.ctrl.HttpSessionCheckingListener[sessionDestroyed:31] - ##########Session ID 975FAC6F92DE92FE29702E3CBF4C3AAD destroyed at Mon May 20 11:12:28 KST 2024 2
##########Session ID 9F8561DD5B1C7EF79E7A4C49975F2235 destroyed at Mon May 20 11:12:28 KST 2024 Session Counts:  1
ERROR 11:12:28.823 [ContainerBackgroundProcessor[StandardEngine[Catalina]]] sems.cm.ctrl.HttpSessionCheckingListener[sessionDestroyed:31] - ##########Session ID 9F8561DD5B1C7EF79E7A4C49975F2235 destroyed at Mon May 20 11:12:28 KST 2024 1
##########Session ID 83B2BB4482BD9079EC62310EA19708CF destroyed at Mon May 20 11:12:28 KST 2024 Session Counts:  0
ERROR 11:12:28.823 [ContainerBackgroundProcessor[StandardEngine[Catalina]]] sems.cm.ctrl.HttpSessionCheckingListener[sessionDestroyed:31] - ##########Session ID 83B2BB4482BD9079EC62310EA19708CF destroyed at Mon May 20 11:12:28 KST 2024 0
##########Session ID E87CFF18D7FDB1031599ED8EFF8C2777 destroyed at Mon May 20 11:12:28 KST 2024 Session Counts:  -1
ERROR 11:12:28.823 [ContainerBackgroundProcessor[StandardEngine[Catalina]]] sems.cm.ctrl.HttpSessionCheckingListener[sessionDestroyed:31] - ##########Session ID E87CFF18D7FDB1031599ED8EFF8C2777 destroyed at Mon May 20 11:12:28 KST 2024 -1
##########Session ID 2538E209ADF2DBE1C986A951A190E3F5 destroyed at Mon May 20 12:00:30 KST 2024 Session Counts:  -2
ERROR 12:00:30.517 [ContainerBackgroundProcessor[StandardEngine[Catalina]]] sems.cm.ctrl.HttpSessionCheckingListener[sessionDestroyed:31] - ##########Session ID 2538E209ADF2DBE1C986A951A190E3F5 destroyed at Mon May 20 12:00:30 KST 2024 -2
##########Session ID B86E4B3EC0D06A869E5D1841CACFFD95 destroyed at Mon May 20 12:01:30 KST 2024 Session Counts:  -3
ERROR 12:01:30.571 [ContainerBackgroundProcessor[StandardEngine[Catalina]]] sems.cm.ctrl.HttpSessionCheckingListener[sessionDestroyed:31] - ##########Session ID B86E4B3EC0D06A869E5D1841CACFFD95 destroyed at Mon May 20 12:01:30 KST 2024 -3
##########Session ID 39E35E723854CBDFA88B54D6A5681ACF destroyed at Mon May 20 12:01:30 KST 2024 Session Counts:  -4
ERROR 12:01:30.571 [ContainerBackgroundProcessor[StandardEngine[Catalina]]] sems.cm.ctrl.HttpSessionCheckingListener[sessionDestroyed:31] - ##########Session ID 39E35E723854CBDFA88B54D6A5681ACF destroyed at Mon May 20 12:01:30 KST 2024 -4
##########Session ID A227B720CAC859049F2CB2DD3894B6D8 destroyed at Mon May 20 12:21:31 KST 2024 Session Counts:  -5
ERROR 12:21:31.298 [ContainerBackgroundProcessor[StandardEngine[Catalina]]] sems.cm.ctrl.HttpSessionCheckingListener[sessionDestroyed:31] - ##########Session ID A227B720CAC859049F2CB2DD3894B6D8 destroyed at Mon May 20 12:21:31 KST 2024 -5
##########Session ID 798226A213FB12AF317C4A06E81EF160 created at Mon May 20 15:00:31 KST 2024 Session Counts: -2
ERROR 15:00:31.785 [http-bio-8443-exec-8] sems.cm.ctrl.HttpSessionCheckingListener[sessionCreated:24] - ##########Session ID 798226A213FB12AF317C4A06E81EF160 created at Mon May 20 15:00:31 KST 2024 -2
##########Session ID 2AC228A4B73601F34BCFF73D83995DD6 destroyed at Mon May 20 15:59:38 KST 2024 Session Counts:  -3
ERROR 15:59:38.440 [ContainerBackgroundProcessor[StandardEngine[Catalina]]] sems.cm.ctrl.HttpSessionCheckingListener[sessionDestroyed:31] - ##########Session ID 2AC228A4B73601F34BCFF73D83995DD6 destroyed at Mon May 20 15:59:38 KST 2024 -3
ERROR 17:15:08.903 [http-bio-8443-exec-15] sems.util.LogUtil[getContLog:31] - ,2024-05-20 17:15:08,/error/500,start,null,CDDAAC29B929A22BC2FE1056C0D7406F
ERROR 17:15:08.903 [http-bio-8443-exec-15] sems.cm.ctrl.ErrorCtrl[ErrorHandler:31] - Error handler[500] CDDAAC29B929A22BC2FE1056C0D7406F
ERROR 17:15:08.919 [http-bio-8443-exec-15] sems.util.LogUtil[getContLog:31] - ,2024-05-20 17:15:08,/error/500,end,null,CDDAAC29B929A22BC2FE1056C0D7406F
ERROR 17:15:09.888 [http-bio-8443-exec-15] sems.util.LogUtil[getContLog:31] - ,2024-05-20 17:15:09,/error/500,start,null,CDDAAC29B929A22BC2FE1056C0D7406F
ERROR 17:15:09.888 [http-bio-8443-exec-15] sems.cm.ctrl.ErrorCtrl[ErrorHandler:31] - Error handler[500] CDDAAC29B929A22BC2FE1056C0D7406F
ERROR 17:15:09.888 [http-bio-8443-exec-15] sems.util.LogUtil[getContLog:31] - ,2024-05-20 17:15:09,/error/500,end,null,CDDAAC29B929A22BC2FE1056C0D7406F
ERROR 17:15:14.326 [http-bio-8443-exec-15] sems.util.LogUtil[getContLog:31] - ,2024-05-20 17:15:14,/error/500,start,null,D8C13579B53DEC7506AB8B92D31FA44A
ERROR 17:15:14.326 [http-bio-8443-exec-15] sems.cm.ctrl.ErrorCtrl[ErrorHandler:31] - Error handler[500] D8C13579B53DEC7506AB8B92D31FA44A
ERROR 17:15:14.326 [http-bio-8443-exec-15] sems.util.LogUtil[getContLog:31] - ,2024-05-20 17:15:14,/error/500,end,null,D8C13579B53DEC7506AB8B92D31FA44A
ERROR 17:15:16.607 [http-bio-8443-exec-15] sems.util.LogUtil[getContLog:31] - ,2024-05-20 17:15:16,/error/500,start,null,D8C13579B53DEC7506AB8B92D31FA44A
ERROR 17:15:16.607 [http-bio-8443-exec-15] sems.cm.ctrl.ErrorCtrl[ErrorHandler:31] - Error handler[500] D8C13579B53DEC7506AB8B92D31FA44A
ERROR 17:15:16.607 [http-bio-8443-exec-15] sems.util.LogUtil[getContLog:31] - ,2024-05-20 17:15:16,/error/500,end,null,D8C13579B53DEC7506AB8B92D31FA44A
ERROR 17:44:58.114 [http-bio-8443-exec-22] sems.util.LogUtil[getContLog:31] - ,2024-05-20 17:44:58,/error/500,start,null,3DDA79B91112559C86059C42F4C02BEF
ERROR 17:44:58.114 [http-bio-8443-exec-22] sems.cm.ctrl.ErrorCtrl[ErrorHandler:31] - Error handler[500] 3DDA79B91112559C86059C42F4C02BEF
ERROR 17:44:58.114 [http-bio-8443-exec-22] sems.util.LogUtil[getContLog:31] - ,2024-05-20 17:44:58,/error/500,end,null,3DDA79B91112559C86059C42F4C02BEF
##########Session ID 8362F1FABF95911A3BE924FC30DBB7D0 destroyed at Mon May 20 20:17:22 KST 2024 Session Counts:  7
ERROR 20:17:22.287 [ContainerBackgroundProcessor[StandardEngine[Catalina]]] sems.cm.ctrl.HttpSessionCheckingListener[sessionDestroyed:31] - ##########Session ID 8362F1FABF95911A3BE924FC30DBB7D0 destroyed at Mon May 20 20:17:22 KST 2024 7
##########Session ID AA9F49D64CF3A45E457C808E4DF7A7C2 destroyed at Mon May 20 20:17:22 KST 2024 Session Counts:  6
ERROR 20:17:22.287 [ContainerBackgroundProcessor[StandardEngine[Catalina]]] sems.cm.ctrl.HttpSessionCheckingListener[sessionDestroyed:31] - ##########Session ID AA9F49D64CF3A45E457C808E4DF7A7C2 destroyed at Mon May 20 20:17:22 KST 2024 6
##########Session ID 18BBC381C7406EA19B6B718049683F35 destroyed at Mon May 20 20:28:22 KST 2024 Session Counts:  5
ERROR 20:28:22.708 [ContainerBackgroundProcessor[StandardEngine[Catalina]]] sems.cm.ctrl.HttpSessionCheckingListener[sessionDestroyed:31] - ##########Session ID 18BBC381C7406EA19B6B718049683F35 destroyed at Mon May 20 20:28:22 KST 2024 5
##########Session ID 9C979D7E98455D618317430CBEBE52E6 destroyed at Mon May 20 20:33:22 KST 2024 Session Counts:  4
ERROR 20:33:22.944 [ContainerBackgroundProcessor[StandardEngine[Catalina]]] sems.cm.ctrl.HttpSessionCheckingListener[sessionDestroyed:31] - ##########Session ID 9C979D7E98455D618317430CBEBE52E6 destroyed at Mon May 20 20:33:22 KST 2024 4
##########Session ID 0751FF484F701F1B9D9631485BEBB619 destroyed at Mon May 20 20:45:23 KST 2024 Session Counts:  3
ERROR 20:45:23.414 [ContainerBackgroundProcessor[StandardEngine[Catalina]]] sems.cm.ctrl.HttpSessionCheckingListener[sessionDestroyed:31] - ##########Session ID 0751FF484F701F1B9D9631485BEBB619 destroyed at Mon May 20 20:45:23 KST 2024 3
##########Session ID 69694AA0363D14AAFA2080429E877DA7 destroyed at Mon May 20 21:04:24 KST 2024 Session Counts:  2
ERROR 21:04:24.111 [ContainerBackgroundProcessor[StandardEngine[Catalina]]] sems.cm.ctrl.HttpSessionCheckingListener[sessionDestroyed:31] - ##########Session ID 69694AA0363D14AAFA2080429E877DA7 destroyed at Mon May 20 21:04:24 KST 2024 2
##########Session ID 1057849B003C2F296319D5B80D9FEB1F destroyed at Mon May 20 21:05:24 KST 2024 Session Counts:  1
ERROR 21:05:24.145 [ContainerBackgroundProcessor[StandardEngine[Catalina]]] sems.cm.ctrl.HttpSessionCheckingListener[sessionDestroyed:31] - ##########Session ID 1057849B003C2F296319D5B80D9FEB1F destroyed at Mon May 20 21:05:24 KST 2024 1
##########Session ID 9E40702E150B6D9F502A637B4DBCDB42 destroyed at Mon May 20 21:06:24 KST 2024 Session Counts:  0
ERROR 21:06:24.163 [ContainerBackgroundProcessor[StandardEngine[Catalina]]] sems.cm.ctrl.HttpSessionCheckingListener[sessionDestroyed:31] - ##########Session ID 9E40702E150B6D9F502A637B4DBCDB42 destroyed at Mon May 20 21:06:24 KST 2024 0
##########Session ID F0E7DD8BCA1E1B6E34C74B41457E6446 created at Mon May 20 22:20:56 KST 2024 Session Counts: 1
ERROR 22:20:56.808 [http-bio-8443-exec-19] sems.cm.ctrl.HttpSessionCheckingListener[sessionCreated:24] - ##########Session ID F0E7DD8BCA1E1B6E34C74B41457E6446 created at Mon May 20 22:20:56 KST 2024 1
ERROR 22:20:56.824 [http-bio-8443-exec-19] sems.util.LogUtil[getContLog:31] - ,2024-05-20 22:20:56,/error/404,start,null,F0E7DD8BCA1E1B6E34C74B41457E6446
ERROR 22:20:56.824 [http-bio-8443-exec-19] sems.cm.ctrl.ErrorCtrl[ErrorHandler:31] - Error handler[404] F0E7DD8BCA1E1B6E34C74B41457E6446
ERROR 22:20:56.824 [http-bio-8443-exec-19] sems.util.LogUtil[getContLog:31] - ,2024-05-20 22:20:56,/error/404,end,null,F0E7DD8BCA1E1B6E34C74B41457E6446
##########Session ID 5462126C72A1A48B33418AAF0C327C4C created at Mon May 20 22:21:31 KST 2024 Session Counts: 4
ERROR 22:21:31.966 [http-bio-8443-exec-19] sems.cm.ctrl.HttpSessionCheckingListener[sessionCreated:24] - ##########Session ID 5462126C72A1A48B33418AAF0C327C4C created at Mon May 20 22:21:31 KST 2024 4
ERROR 22:21:31.966 [http-bio-8443-exec-19] sems.util.LogUtil[getContLog:31] - ,2024-05-20 22:21:31,/error/404,start,null,5462126C72A1A48B33418AAF0C327C4C
ERROR 22:21:31.966 [http-bio-8443-exec-19] sems.cm.ctrl.ErrorCtrl[ErrorHandler:31] - Error handler[404] 5462126C72A1A48B33418AAF0C327C4C
ERROR 22:21:31.966 [http-bio-8443-exec-19] sems.util.LogUtil[getContLog:31] - ,2024-05-20 22:21:31,/error/404,end,null,5462126C72A1A48B33418AAF0C327C4C
##########Session ID D43731142BB88074402EAAAE7C1C73DA created at Mon May 20 23:10:04 KST 2024 Session Counts: 5
ERROR 23:10:04.998 [http-bio-8443-exec-27] sems.cm.ctrl.HttpSessionCheckingListener[sessionCreated:24] - ##########Session ID D43731142BB88074402EAAAE7C1C73DA created at Mon May 20 23:10:04 KST 2024 5
ERROR 23:10:05.013 [http-bio-8443-exec-27] sems.util.LogUtil[getContLog:31] - ,2024-05-20 23:10:05,/error/404,start,null,D43731142BB88074402EAAAE7C1C73DA
ERROR 23:10:05.013 [http-bio-8443-exec-27] sems.cm.ctrl.ErrorCtrl[ErrorHandler:31] - Error handler[404] D43731142BB88074402EAAAE7C1C73DA
ERROR 23:10:05.013 [http-bio-8443-exec-27] sems.util.LogUtil[getContLog:31] - ,2024-05-20 23:10:05,/error/404,end,null,D43731142BB88074402EAAAE7C1C73DA
##########Session ID 7B7CA03B3ECED78793DFC96CD5153023 created at Mon May 20 23:10:31 KST 2024 Session Counts: 8
ERROR 23:10:31.468 [http-bio-8443-exec-21] sems.cm.ctrl.HttpSessionCheckingListener[sessionCreated:24] - ##########Session ID 7B7CA03B3ECED78793DFC96CD5153023 created at Mon May 20 23:10:31 KST 2024 8
ERROR 23:10:31.468 [http-bio-8443-exec-21] sems.util.LogUtil[getContLog:31] - ,2024-05-20 23:10:31,/error/404,start,null,7B7CA03B3ECED78793DFC96CD5153023
ERROR 23:10:31.468 [http-bio-8443-exec-21] sems.cm.ctrl.ErrorCtrl[ErrorHandler:31] - Error handler[404] 7B7CA03B3ECED78793DFC96CD5153023
ERROR 23:10:31.468 [http-bio-8443-exec-21] sems.util.LogUtil[getContLog:31] - ,2024-05-20 23:10:31,/error/404,end,null,7B7CA03B3ECED78793DFC96CD5153023
##########Session ID B98A38BC4463558F1F7BE8AFC09AF9F4 destroyed at Tue May 21 01:21:34 KST 2024 Session Counts:  7
ERROR 01:21:34.223 [ContainerBackgroundProcessor[StandardEngine[Catalina]]] sems.cm.ctrl.HttpSessionCheckingListener[sessionDestroyed:31] - ##########Session ID B98A38BC4463558F1F7BE8AFC09AF9F4 destroyed at Tue May 21 01:21:34 KST 2024 7
##########Session ID F0E7DD8BCA1E1B6E34C74B41457E6446 destroyed at Tue May 21 01:21:34 KST 2024 Session Counts:  6
ERROR 01:21:34.285 [ContainerBackgroundProcessor[StandardEngine[Catalina]]] sems.cm.ctrl.HttpSessionCheckingListener[sessionDestroyed:31] - ##########Session ID F0E7DD8BCA1E1B6E34C74B41457E6446 destroyed at Tue May 21 01:21:34 KST 2024 6
##########Session ID AF444C33F4347E29F1E377FE8BFC66E6 destroyed at Tue May 21 01:21:34 KST 2024 Session Counts:  5
ERROR 01:21:34.285 [ContainerBackgroundProcessor[StandardEngine[Catalina]]] sems.cm.ctrl.HttpSessionCheckingListener[sessionDestroyed:31] - ##########Session ID AF444C33F4347E29F1E377FE8BFC66E6 destroyed at Tue May 21 01:21:34 KST 2024 5
##########Session ID 5462126C72A1A48B33418AAF0C327C4C destroyed at Tue May 21 01:21:34 KST 2024 Session Counts:  4
ERROR 01:21:34.285 [ContainerBackgroundProcessor[StandardEngine[Catalina]]] sems.cm.ctrl.HttpSessionCheckingListener[sessionDestroyed:31] - ##########Session ID 5462126C72A1A48B33418AAF0C327C4C destroyed at Tue May 21 01:21:34 KST 2024 4
##########Session ID D43731142BB88074402EAAAE7C1C73DA destroyed at Tue May 21 02:10:36 KST 2024 Session Counts:  3
ERROR 02:10:36.131 [ContainerBackgroundProcessor[StandardEngine[Catalina]]] sems.cm.ctrl.HttpSessionCheckingListener[sessionDestroyed:31] - ##########Session ID D43731142BB88074402EAAAE7C1C73DA destroyed at Tue May 21 02:10:36 KST 2024 3
##########Session ID 2DB537E87B84FBD18CA6FC9448FD3189 destroyed at Tue May 21 02:10:36 KST 2024 Session Counts:  2
ERROR 02:10:36.131 [ContainerBackgroundProcessor[StandardEngine[Catalina]]] sems.cm.ctrl.HttpSessionCheckingListener[sessionDestroyed:31] - ##########Session ID 2DB537E87B84FBD18CA6FC9448FD3189 destroyed at Tue May 21 02:10:36 KST 2024 2
##########Session ID 7B7CA03B3ECED78793DFC96CD5153023 destroyed at Tue May 21 02:10:36 KST 2024 Session Counts:  1
ERROR 02:10:36.131 [ContainerBackgroundProcessor[StandardEngine[Catalina]]] sems.cm.ctrl.HttpSessionCheckingListener[sessionDestroyed:31] - ##########Session ID 7B7CA03B3ECED78793DFC96CD5153023 destroyed at Tue May 21 02:10:36 KST 2024 1
##########Session ID 915056AFC6024F7203639B0C60B63975 destroyed at Tue May 21 02:10:36 KST 2024 Session Counts:  0
ERROR 02:10:36.131 [ContainerBackgroundProcessor[StandardEngine[Catalina]]] sems.cm.ctrl.HttpSessionCheckingListener[sessionDestroyed:31] - ##########Session ID 915056AFC6024F7203639B0C60B63975 destroyed at Tue May 21 02:10:36 KST 2024 0
##########Session ID C6825A8440DB203DD8496B84628CF504 destroyed at Tue May 21 07:09:47 KST 2024 Session Counts:  1
ERROR 07:09:47.928 [ContainerBackgroundProcessor[StandardEngine[Catalina]]] sems.cm.ctrl.HttpSessionCheckingListener[sessionDestroyed:31] - ##########Session ID C6825A8440DB203DD8496B84628CF504 destroyed at Tue May 21 07:09:47 KST 2024 1
##########Session ID DC846194A07E61C056661391616978EF destroyed at Tue May 21 09:28:53 KST 2024 Session Counts:  1
ERROR 09:28:53.528 [ContainerBackgroundProcessor[StandardEngine[Catalina]]] sems.cm.ctrl.HttpSessionCheckingListener[sessionDestroyed:31] - ##########Session ID DC846194A07E61C056661391616978EF destroyed at Tue May 21 09:28:53 KST 2024 1
##########Session ID FF088E4AD58969F66588A14B37F00A35 destroyed at Tue May 21 10:28:55 KST 2024 Session Counts:  0
ERROR 10:28:55.993 [ContainerBackgroundProcessor[StandardEngine[Catalina]]] sems.cm.ctrl.HttpSessionCheckingListener[sessionDestroyed:31] - ##########Session ID FF088E4AD58969F66588A14B37F00A35 destroyed at Tue May 21 10:28:55 KST 2024 0
##########Session ID DED8CD162E0B14CC6033CD8DA6A0F828 created at Tue May 21 11:31:09 KST 2024 Session Counts: 1
ERROR 11:31:09.621 [http-bio-8443-exec-18] sems.cm.ctrl.HttpSessionCheckingListener[sessionCreated:24] - ##########Session ID DED8CD162E0B14CC6033CD8DA6A0F828 created at Tue May 21 11:31:09 KST 2024 1
ERROR 11:31:09.621 [http-bio-8443-exec-18] sems.util.LogUtil[getContLog:31] - ,2024-05-21 11:31:09,/error/404,start,null,DED8CD162E0B14CC6033CD8DA6A0F828
ERROR 11:31:09.621 [http-bio-8443-exec-18] sems.cm.ctrl.ErrorCtrl[ErrorHandler:31] - Error handler[404] DED8CD162E0B14CC6033CD8DA6A0F828
ERROR 11:31:09.621 [http-bio-8443-exec-18] sems.util.LogUtil[getContLog:31] - ,2024-05-21 11:31:09,/error/404,end,null,DED8CD162E0B14CC6033CD8DA6A0F828
##########Session ID CEEDDDC7F133DC9ABBB75909D9D4CCB7 created at Tue May 21 11:31:12 KST 2024 Session Counts: 2
ERROR 11:31:12.386 [http-bio-8443-exec-22] sems.cm.ctrl.HttpSessionCheckingListener[sessionCreated:24] - ##########Session ID CEEDDDC7F133DC9ABBB75909D9D4CCB7 created at Tue May 21 11:31:12 KST 2024 2
ERROR 11:31:12.386 [http-bio-8443-exec-22] sems.util.LogUtil[getContLog:31] - ,2024-05-21 11:31:12,/error/404,start,null,CEEDDDC7F133DC9ABBB75909D9D4CCB7
ERROR 11:31:12.386 [http-bio-8443-exec-22] sems.cm.ctrl.ErrorCtrl[ErrorHandler:31] - Error handler[404] CEEDDDC7F133DC9ABBB75909D9D4CCB7
ERROR 11:31:12.386 [http-bio-8443-exec-22] sems.util.LogUtil[getContLog:31] - ,2024-05-21 11:31:12,/error/404,end,null,CEEDDDC7F133DC9ABBB75909D9D4CCB7
##########Session ID E4DFD599E2939B5C07CE6CA6453864B1 created at Tue May 21 13:10:07 KST 2024 Session Counts: 5
ERROR 13:10:07.624 [http-bio-8443-exec-23] sems.cm.ctrl.HttpSessionCheckingListener[sessionCreated:24] - ##########Session ID E4DFD599E2939B5C07CE6CA6453864B1 created at Tue May 21 13:10:07 KST 2024 5
ERROR 13:10:07.624 [http-bio-8443-exec-23] sems.util.LogUtil[getContLog:31] - ,2024-05-21 13:10:07,/error/404,start,null,E4DFD599E2939B5C07CE6CA6453864B1
ERROR 13:10:07.624 [http-bio-8443-exec-23] sems.cm.ctrl.ErrorCtrl[ErrorHandler:31] - Error handler[404] E4DFD599E2939B5C07CE6CA6453864B1
ERROR 13:10:07.624 [http-bio-8443-exec-23] sems.util.LogUtil[getContLog:31] - ,2024-05-21 13:10:07,/error/404,end,null,E4DFD599E2939B5C07CE6CA6453864B1
##########Session ID 0D1371565D3AC47D118F1BE1B240692D destroyed at Tue May 21 14:32:05 KST 2024 Session Counts:  5
ERROR 14:32:05.296 [ContainerBackgroundProcessor[StandardEngine[Catalina]]] sems.cm.ctrl.HttpSessionCheckingListener[sessionDestroyed:31] - ##########Session ID 0D1371565D3AC47D118F1BE1B240692D destroyed at Tue May 21 14:32:05 KST 2024 5
##########Session ID DED8CD162E0B14CC6033CD8DA6A0F828 destroyed at Tue May 21 14:32:05 KST 2024 Session Counts:  4
ERROR 14:32:05.296 [ContainerBackgroundProcessor[StandardEngine[Catalina]]] sems.cm.ctrl.HttpSessionCheckingListener[sessionDestroyed:31] - ##########Session ID DED8CD162E0B14CC6033CD8DA6A0F828 destroyed at Tue May 21 14:32:05 KST 2024 4
##########Session ID CEEDDDC7F133DC9ABBB75909D9D4CCB7 destroyed at Tue May 21 14:32:05 KST 2024 Session Counts:  3
ERROR 14:32:05.296 [ContainerBackgroundProcessor[StandardEngine[Catalina]]] sems.cm.ctrl.HttpSessionCheckingListener[sessionDestroyed:31] - ##########Session ID CEEDDDC7F133DC9ABBB75909D9D4CCB7 destroyed at Tue May 21 14:32:05 KST 2024 3
##########Session ID 73FCB441B1DBA5FC5CCA53D2DB30CB5C created at Tue May 21 14:40:15 KST 2024 Session Counts: 4
ERROR 14:40:15.834 [http-bio-8443-exec-20] sems.cm.ctrl.HttpSessionCheckingListener[sessionCreated:24] - ##########Session ID 73FCB441B1DBA5FC5CCA53D2DB30CB5C created at Tue May 21 14:40:15 KST 2024 4
ERROR 14:40:15.834 [http-bio-8443-exec-20] sems.util.LogUtil[getContLog:31] - ,2024-05-21 14:40:15,/error/404,start,null,73FCB441B1DBA5FC5CCA53D2DB30CB5C
ERROR 14:40:15.834 [http-bio-8443-exec-20] sems.cm.ctrl.ErrorCtrl[ErrorHandler:31] - Error handler[404] 73FCB441B1DBA5FC5CCA53D2DB30CB5C
ERROR 14:40:15.834 [http-bio-8443-exec-20] sems.util.LogUtil[getContLog:31] - ,2024-05-21 14:40:15,/error/404,end,null,73FCB441B1DBA5FC5CCA53D2DB30CB5C
##########Session ID E480FF1DEDC14E2E6A122AE08BF40627 created at Tue May 21 14:59:40 KST 2024 Session Counts: 6
ERROR 14:59:40.434 [http-bio-8443-exec-27] sems.cm.ctrl.HttpSessionCheckingListener[sessionCreated:24] - ##########Session ID E480FF1DEDC14E2E6A122AE08BF40627 created at Tue May 21 14:59:40 KST 2024 6
ERROR 14:59:40.434 [http-bio-8443-exec-27] sems.util.LogUtil[getContLog:31] - ,2024-05-21 14:59:40,/error/404,start,null,E480FF1DEDC14E2E6A122AE08BF40627
ERROR 14:59:40.434 [http-bio-8443-exec-27] sems.cm.ctrl.ErrorCtrl[ErrorHandler:31] - Error handler[404] E480FF1DEDC14E2E6A122AE08BF40627
ERROR 14:59:40.434 [http-bio-8443-exec-27] sems.util.LogUtil[getContLog:31] - ,2024-05-21 14:59:40,/error/404,end,null,E480FF1DEDC14E2E6A122AE08BF40627
##########Session ID 957D89FC0CD8D8478657656337807471 created at Tue May 21 14:59:42 KST 2024 Session Counts: 7
ERROR 14:59:42.012 [http-bio-8443-exec-22] sems.cm.ctrl.HttpSessionCheckingListener[sessionCreated:24] - ##########Session ID 957D89FC0CD8D8478657656337807471 created at Tue May 21 14:59:42 KST 2024 7
ERROR 14:59:42.012 [http-bio-8443-exec-22] sems.util.LogUtil[getContLog:31] - ,2024-05-21 14:59:42,/error/404,start,null,957D89FC0CD8D8478657656337807471
ERROR 14:59:42.012 [http-bio-8443-exec-22] sems.cm.ctrl.ErrorCtrl[ErrorHandler:31] - Error handler[404] 957D89FC0CD8D8478657656337807471
ERROR 14:59:42.012 [http-bio-8443-exec-22] sems.util.LogUtil[getContLog:31] - ,2024-05-21 14:59:42,/error/404,end,null,957D89FC0CD8D8478657656337807471
##########Session ID 6B11C15F00E6A288A61DE568EE574DB9 created at Tue May 21 14:59:43 KST 2024 Session Counts: 8
ERROR 14:59:43.559 [http-bio-8443-exec-23] sems.cm.ctrl.HttpSessionCheckingListener[sessionCreated:24] - ##########Session ID 6B11C15F00E6A288A61DE568EE574DB9 created at Tue May 21 14:59:43 KST 2024 8
ERROR 14:59:43.559 [http-bio-8443-exec-23] sems.util.LogUtil[getContLog:31] - ,2024-05-21 14:59:43,/error/404,start,null,6B11C15F00E6A288A61DE568EE574DB9
ERROR 14:59:43.559 [http-bio-8443-exec-23] sems.cm.ctrl.ErrorCtrl[ErrorHandler:31] - Error handler[404] 6B11C15F00E6A288A61DE568EE574DB9
ERROR 14:59:43.559 [http-bio-8443-exec-23] sems.util.LogUtil[getContLog:31] - ,2024-05-21 14:59:43,/error/404,end,null,6B11C15F00E6A288A61DE568EE574DB9
##########Session ID 42957958BE966305DCCB3ECA6B761B2F destroyed at Tue May 21 16:08:09 KST 2024 Session Counts:  7
ERROR 16:08:09.196 [ContainerBackgroundProcessor[StandardEngine[Catalina]]] sems.cm.ctrl.HttpSessionCheckingListener[sessionDestroyed:31] - ##########Session ID 42957958BE966305DCCB3ECA6B761B2F destroyed at Tue May 21 16:08:09 KST 2024 7
##########Session ID E4DFD599E2939B5C07CE6CA6453864B1 destroyed at Tue May 21 16:10:09 KST 2024 Session Counts:  6
ERROR 16:10:09.264 [ContainerBackgroundProcessor[StandardEngine[Catalina]]] sems.cm.ctrl.HttpSessionCheckingListener[sessionDestroyed:31] - ##########Session ID E4DFD599E2939B5C07CE6CA6453864B1 destroyed at Tue May 21 16:10:09 KST 2024 6
##########Session ID 29837DA6E03B94436B7A745B13ED713D destroyed at Tue May 21 16:31:10 KST 2024 Session Counts:  5
ERROR 16:31:10.166 [ContainerBackgroundProcessor[StandardEngine[Catalina]]] sems.cm.ctrl.HttpSessionCheckingListener[sessionDestroyed:31] - ##########Session ID 29837DA6E03B94436B7A745B13ED713D destroyed at Tue May 21 16:31:10 KST 2024 5
##########Session ID 73FCB441B1DBA5FC5CCA53D2DB30CB5C destroyed at Tue May 21 17:41:12 KST 2024 Session Counts:  4
ERROR 17:41:12.959 [ContainerBackgroundProcessor[StandardEngine[Catalina]]] sems.cm.ctrl.HttpSessionCheckingListener[sessionDestroyed:31] - ##########Session ID 73FCB441B1DBA5FC5CCA53D2DB30CB5C destroyed at Tue May 21 17:41:12 KST 2024 4
##########Session ID 957D89FC0CD8D8478657656337807471 destroyed at Tue May 21 18:00:13 KST 2024 Session Counts:  3
ERROR 18:00:13.777 [ContainerBackgroundProcessor[StandardEngine[Catalina]]] sems.cm.ctrl.HttpSessionCheckingListener[sessionDestroyed:31] - ##########Session ID 957D89FC0CD8D8478657656337807471 destroyed at Tue May 21 18:00:13 KST 2024 3
##########Session ID 53D74F8D06674DA2B1032505EF253FC3 destroyed at Tue May 21 18:00:13 KST 2024 Session Counts:  2
ERROR 18:00:13.777 [ContainerBackgroundProcessor[StandardEngine[Catalina]]] sems.cm.ctrl.HttpSessionCheckingListener[sessionDestroyed:31] - ##########Session ID 53D74F8D06674DA2B1032505EF253FC3 destroyed at Tue May 21 18:00:13 KST 2024 2
##########Session ID E480FF1DEDC14E2E6A122AE08BF40627 destroyed at Tue May 21 18:00:13 KST 2024 Session Counts:  1
ERROR 18:00:13.777 [ContainerBackgroundProcessor[StandardEngine[Catalina]]] sems.cm.ctrl.HttpSessionCheckingListener[sessionDestroyed:31] - ##########Session ID E480FF1DEDC14E2E6A122AE08BF40627 destroyed at Tue May 21 18:00:13 KST 2024 1
##########Session ID 6B11C15F00E6A288A61DE568EE574DB9 destroyed at Tue May 21 18:00:13 KST 2024 Session Counts:  0
ERROR 18:00:13.777 [ContainerBackgroundProcessor[StandardEngine[Catalina]]] sems.cm.ctrl.HttpSessionCheckingListener[sessionDestroyed:31] - ##########Session ID 6B11C15F00E6A288A61DE568EE574DB9 destroyed at Tue May 21 18:00:13 KST 2024 0
##########Session ID 7BED2B78CE5DF3C1C735EA78349A9EBC created at Tue May 21 20:38:07 KST 2024 Session Counts: 4
ERROR 20:38:07.424 [http-bio-8443-exec-26] sems.cm.ctrl.HttpSessionCheckingListener[sessionCreated:24] - ##########Session ID 7BED2B78CE5DF3C1C735EA78349A9EBC created at Tue May 21 20:38:07 KST 2024 4
ERROR 20:38:07.424 [http-bio-8443-exec-26] sems.util.LogUtil[getContLog:31] - ,2024-05-21 20:38:07,/error/404,start,null,7BED2B78CE5DF3C1C735EA78349A9EBC
ERROR 20:38:07.424 [http-bio-8443-exec-26] sems.cm.ctrl.ErrorCtrl[ErrorHandler:31] - Error handler[404] 7BED2B78CE5DF3C1C735EA78349A9EBC
ERROR 20:38:07.424 [http-bio-8443-exec-26] sems.util.LogUtil[getContLog:31] - ,2024-05-21 20:38:07,/error/404,end,null,7BED2B78CE5DF3C1C735EA78349A9EBC
##########Session ID 0EA067CDC023A1957C46373B90B56C38 destroyed at Tue May 21 21:27:22 KST 2024 Session Counts:  3
ERROR 21:27:22.066 [ContainerBackgroundProcessor[StandardEngine[Catalina]]] sems.cm.ctrl.HttpSessionCheckingListener[sessionDestroyed:31] - ##########Session ID 0EA067CDC023A1957C46373B90B56C38 destroyed at Tue May 21 21:27:22 KST 2024 3
##########Session ID 08B4FDE7F26D0C21036E430F9B8FF60B destroyed at Tue May 21 21:27:22 KST 2024 Session Counts:  2
ERROR 21:27:22.066 [ContainerBackgroundProcessor[StandardEngine[Catalina]]] sems.cm.ctrl.HttpSessionCheckingListener[sessionDestroyed:31] - ##########Session ID 08B4FDE7F26D0C21036E430F9B8FF60B destroyed at Tue May 21 21:27:22 KST 2024 2
##########Session ID 331636DECA618A8878C49CA06E39AFD4 destroyed at Tue May 21 21:40:22 KST 2024 Session Counts:  1
ERROR 21:40:22.488 [ContainerBackgroundProcessor[StandardEngine[Catalina]]] sems.cm.ctrl.HttpSessionCheckingListener[sessionDestroyed:31] - ##########Session ID 331636DECA618A8878C49CA06E39AFD4 destroyed at Tue May 21 21:40:22 KST 2024 1
##########Session ID 7BED2B78CE5DF3C1C735EA78349A9EBC destroyed at Tue May 21 23:38:27 KST 2024 Session Counts:  0
ERROR 23:38:27.016 [ContainerBackgroundProcessor[StandardEngine[Catalina]]] sems.cm.ctrl.HttpSessionCheckingListener[sessionDestroyed:31] - ##########Session ID 7BED2B78CE5DF3C1C735EA78349A9EBC destroyed at Tue May 21 23:38:27 KST 2024 0
##########Session ID 38E9AF00B7B86736DFD125087A22BCEE created at Wed May 22 00:55:58 KST 2024 Session Counts: 2
ERROR 00:55:58.568 [http-bio-8443-exec-24] sems.cm.ctrl.HttpSessionCheckingListener[sessionCreated:24] - ##########Session ID 38E9AF00B7B86736DFD125087A22BCEE created at Wed May 22 00:55:58 KST 2024 2
ERROR 00:55:58.568 [http-bio-8443-exec-24] sems.util.LogUtil[getContLog:31] - ,2024-05-22 00:55:58,/error/404,start,null,38E9AF00B7B86736DFD125087A22BCEE
ERROR 00:55:58.568 [http-bio-8443-exec-24] sems.cm.ctrl.ErrorCtrl[ErrorHandler:31] - Error handler[404] 38E9AF00B7B86736DFD125087A22BCEE
ERROR 00:55:58.568 [http-bio-8443-exec-24] sems.util.LogUtil[getContLog:31] - ,2024-05-22 00:55:58,/error/404,end,null,38E9AF00B7B86736DFD125087A22BCEE
##########Session ID 7AF4A0FDE789AC7E5F40403E7388B8EA created at Wed May 22 00:56:00 KST 2024 Session Counts: 3
ERROR 00:56:00.271 [http-bio-8443-exec-21] sems.cm.ctrl.HttpSessionCheckingListener[sessionCreated:24] - ##########Session ID 7AF4A0FDE789AC7E5F40403E7388B8EA created at Wed May 22 00:56:00 KST 2024 3
ERROR 00:56:00.271 [http-bio-8443-exec-21] sems.util.LogUtil[getContLog:31] - ,2024-05-22 00:56:00,/error/404,start,null,7AF4A0FDE789AC7E5F40403E7388B8EA
ERROR 00:56:00.271 [http-bio-8443-exec-21] sems.cm.ctrl.ErrorCtrl[ErrorHandler:31] - Error handler[404] 7AF4A0FDE789AC7E5F40403E7388B8EA
ERROR 00:56:00.286 [http-bio-8443-exec-21] sems.util.LogUtil[getContLog:31] - ,2024-05-22 00:56:00,/error/404,end,null,7AF4A0FDE789AC7E5F40403E7388B8EA
##########Session ID A21A054CA132E41C66B9E085BEF4EE07 destroyed at Wed May 22 03:55:39 KST 2024 Session Counts:  2
ERROR 03:55:39.107 [ContainerBackgroundProcessor[StandardEngine[Catalina]]] sems.cm.ctrl.HttpSessionCheckingListener[sessionDestroyed:31] - ##########Session ID A21A054CA132E41C66B9E085BEF4EE07 destroyed at Wed May 22 03:55:39 KST 2024 2
##########Session ID 7AF4A0FDE789AC7E5F40403E7388B8EA destroyed at Wed May 22 03:56:39 KST 2024 Session Counts:  1
ERROR 03:56:39.126 [ContainerBackgroundProcessor[StandardEngine[Catalina]]] sems.cm.ctrl.HttpSessionCheckingListener[sessionDestroyed:31] - ##########Session ID 7AF4A0FDE789AC7E5F40403E7388B8EA destroyed at Wed May 22 03:56:39 KST 2024 1
##########Session ID 38E9AF00B7B86736DFD125087A22BCEE destroyed at Wed May 22 03:56:39 KST 2024 Session Counts:  0
ERROR 03:56:39.142 [ContainerBackgroundProcessor[StandardEngine[Catalina]]] sems.cm.ctrl.HttpSessionCheckingListener[sessionDestroyed:31] - ##########Session ID 38E9AF00B7B86736DFD125087A22BCEE destroyed at Wed May 22 03:56:39 KST 2024 0
##########Session ID E8DF2292DCA5E685FEE74B5144429DE1 destroyed at Wed May 22 11:17:56 KST 2024 Session Counts:  1
ERROR 11:17:56.656 [ContainerBackgroundProcessor[StandardEngine[Catalina]]] sems.cm.ctrl.HttpSessionCheckingListener[sessionDestroyed:31] - ##########Session ID E8DF2292DCA5E685FEE74B5144429DE1 destroyed at Wed May 22 11:17:56 KST 2024 1
##########Session ID 9682D4891EEB8F1C0773499C6EE59F12 destroyed at Wed May 22 14:15:03 KST 2024 Session Counts:  11
ERROR 14:15:03.430 [ContainerBackgroundProcessor[StandardEngine[Catalina]]] sems.cm.ctrl.HttpSessionCheckingListener[sessionDestroyed:31] - ##########Session ID 9682D4891EEB8F1C0773499C6EE59F12 destroyed at Wed May 22 14:15:03 KST 2024 11
##########Session ID 8A411A2BE7FB81FB99807CA1BFD7691D created at Wed May 22 15:07:25 KST 2024 Session Counts: 13
ERROR 15:07:25.486 [http-bio-8443-exec-19] sems.cm.ctrl.HttpSessionCheckingListener[sessionCreated:24] - ##########Session ID 8A411A2BE7FB81FB99807CA1BFD7691D created at Wed May 22 15:07:25 KST 2024 13
ERROR 15:07:25.501 [http-bio-8443-exec-19] sems.util.LogUtil[getContLog:31] - ,2024-05-22 15:07:25,/error/404,start,null,8A411A2BE7FB81FB99807CA1BFD7691D
ERROR 15:07:25.501 [http-bio-8443-exec-19] sems.cm.ctrl.ErrorCtrl[ErrorHandler:31] - Error handler[404] 8A411A2BE7FB81FB99807CA1BFD7691D
ERROR 15:07:25.501 [http-bio-8443-exec-19] sems.util.LogUtil[getContLog:31] - ,2024-05-22 15:07:25,/error/404,end,null,8A411A2BE7FB81FB99807CA1BFD7691D
##########Session ID F826A99417F2FDC4B602C603C04C011C destroyed at Wed May 22 15:17:05 KST 2024 Session Counts:  13
ERROR 15:17:05.818 [ContainerBackgroundProcessor[StandardEngine[Catalina]]] sems.cm.ctrl.HttpSessionCheckingListener[sessionDestroyed:31] - ##########Session ID F826A99417F2FDC4B602C603C04C011C destroyed at Wed May 22 15:17:05 KST 2024 13
##########Session ID B3ED3B8353F0BF9E4AFE8DFBCF22FA35 created at Wed May 22 15:35:34 KST 2024 Session Counts: 15
ERROR 15:35:34.293 [http-bio-8443-exec-18] sems.cm.ctrl.HttpSessionCheckingListener[sessionCreated:24] - ##########Session ID B3ED3B8353F0BF9E4AFE8DFBCF22FA35 created at Wed May 22 15:35:34 KST 2024 15
ERROR 15:35:34.293 [http-bio-8443-exec-18] sems.util.LogUtil[getContLog:31] - ,2024-05-22 15:35:34,/error/404,start,null,B3ED3B8353F0BF9E4AFE8DFBCF22FA35
ERROR 15:35:34.293 [http-bio-8443-exec-18] sems.cm.ctrl.ErrorCtrl[ErrorHandler:31] - Error handler[404] B3ED3B8353F0BF9E4AFE8DFBCF22FA35
ERROR 15:35:34.293 [http-bio-8443-exec-18] sems.util.LogUtil[getContLog:31] - ,2024-05-22 15:35:34,/error/404,end,null,B3ED3B8353F0BF9E4AFE8DFBCF22FA35
##########Session ID CF5F9296F9547787657019780D07D7FF created at Wed May 22 15:36:38 KST 2024 Session Counts: 18
ERROR 15:36:38.513 [http-bio-8443-exec-18] sems.cm.ctrl.HttpSessionCheckingListener[sessionCreated:24] - ##########Session ID CF5F9296F9547787657019780D07D7FF created at Wed May 22 15:36:38 KST 2024 18
ERROR 15:36:38.513 [http-bio-8443-exec-18] sems.util.LogUtil[getContLog:31] - ,2024-05-22 15:36:38,/error/404,start,null,CF5F9296F9547787657019780D07D7FF
ERROR 15:36:38.513 [http-bio-8443-exec-18] sems.cm.ctrl.ErrorCtrl[ErrorHandler:31] - Error handler[404] CF5F9296F9547787657019780D07D7FF
ERROR 15:36:38.513 [http-bio-8443-exec-18] sems.util.LogUtil[getContLog:31] - ,2024-05-22 15:36:38,/error/404,end,null,CF5F9296F9547787657019780D07D7FF
##########Session ID B73251931C773678F1E0C61455C495EE created at Wed May 22 18:37:52 KST 2024 Session Counts: 4
ERROR 18:37:52.268 [http-bio-8443-exec-61] sems.cm.ctrl.HttpSessionCheckingListener[sessionCreated:24] - ##########Session ID B73251931C773678F1E0C61455C495EE created at Wed May 22 18:37:52 KST 2024 4
ERROR 18:37:52.268 [http-bio-8443-exec-61] sems.util.LogUtil[getContLog:31] - ,2024-05-22 18:37:52,/error/404,start,null,B73251931C773678F1E0C61455C495EE
ERROR 18:37:52.268 [http-bio-8443-exec-61] sems.cm.ctrl.ErrorCtrl[ErrorHandler:31] - Error handler[404] B73251931C773678F1E0C61455C495EE
ERROR 18:37:52.268 [http-bio-8443-exec-61] sems.util.LogUtil[getContLog:31] - ,2024-05-22 18:37:52,/error/404,end,null,B73251931C773678F1E0C61455C495EE
ERROR 18:38:05.222 [http-bio-8443-exec-61] sems.util.LogUtil[getContLog:31] - ,2024-05-22 18:38:05,/error/404,start,null,B73251931C773678F1E0C61455C495EE
ERROR 18:38:05.222 [http-bio-8443-exec-61] sems.cm.ctrl.ErrorCtrl[ErrorHandler:31] - Error handler[404] B73251931C773678F1E0C61455C495EE
ERROR 18:38:05.222 [http-bio-8443-exec-61] sems.util.LogUtil[getContLog:31] - ,2024-05-22 18:38:05,/error/404,end,null,B73251931C773678F1E0C61455C495EE
ERROR 18:38:11.004 [http-bio-8443-exec-61] sems.util.LogUtil[getContLog:31] - ,2024-05-22 18:38:11,/error/404,start,null,B73251931C773678F1E0C61455C495EE
ERROR 18:38:11.004 [http-bio-8443-exec-61] sems.cm.ctrl.ErrorCtrl[ErrorHandler:31] - Error handler[404] B73251931C773678F1E0C61455C495EE
ERROR 18:38:11.004 [http-bio-8443-exec-61] sems.util.LogUtil[getContLog:31] - ,2024-05-22 18:38:11,/error/404,end,null,B73251931C773678F1E0C61455C495EE
ERROR 18:38:20.723 [http-bio-8443-exec-61] sems.util.LogUtil[getContLog:31] - ,2024-05-22 18:38:20,/error/404,start,null,B73251931C773678F1E0C61455C495EE
ERROR 18:38:20.723 [http-bio-8443-exec-61] sems.cm.ctrl.ErrorCtrl[ErrorHandler:31] - Error handler[404] B73251931C773678F1E0C61455C495EE
ERROR 18:38:20.723 [http-bio-8443-exec-61] sems.util.LogUtil[getContLog:31] - ,2024-05-22 18:38:20,/error/404,end,null,B73251931C773678F1E0C61455C495EE
ERROR 18:38:28.739 [http-bio-8443-exec-61] sems.util.LogUtil[getContLog:31] - ,2024-05-22 18:38:28,/error/404,start,null,B73251931C773678F1E0C61455C495EE
ERROR 18:38:28.739 [http-bio-8443-exec-61] sems.cm.ctrl.ErrorCtrl[ErrorHandler:31] - Error handler[404] B73251931C773678F1E0C61455C495EE
ERROR 18:38:28.739 [http-bio-8443-exec-61] sems.util.LogUtil[getContLog:31] - ,2024-05-22 18:38:28,/error/404,end,null,B73251931C773678F1E0C61455C495EE
