
2024-03-20 12:58:48 Commons Daemon procrun stdout initialized
##########Session ID C15742755D9E3C412890D05A09B91208 created at Wed Mar 20 13:40:34 KST 2024 Session Counts: 6
ERROR 13:40:34.189 [http-bio-12443-exec-8] sems.cm.ctrl.HttpSessionCheckingListener[sessionCreated:24] - ##########Session ID C15742755D9E3C412890D05A09B91208 created at Wed Mar 20 13:40:34 KST 2024 6
##########Session ID 000851EFD10D929A2C565EF174C8FC6F created at Wed Mar 20 13:47:10 KST 2024 Session Counts: 17
ERROR 13:47:10.253 [http-bio-12443-exec-9] sems.cm.ctrl.HttpSessionCheckingListener[sessionCreated:24] - ##########Session ID 000851EFD10D929A2C565EF174C8FC6F created at Wed Mar 20 13:47:10 KST 2024 17
##########Session ID A6B1B03C71A04B52069AE7B1E9A8A797 created at Wed Mar 20 13:48:44 KST 2024 Session Counts: 21
ERROR 13:48:44.584 [http-bio-12443-exec-1] sems.cm.ctrl.HttpSessionCheckingListener[sessionCreated:24] - ##########Session ID A6B1B03C71A04B52069AE7B1E9A8A797 created at Wed Mar 20 13:48:44 KST 2024 21
##########Session ID 005D45D9DE9261C61B755457C886DDB4 destroyed at Wed Mar 20 14:09:33 KST 2024 Session Counts:  21
ERROR 14:09:33.604 [ContainerBackgroundProcessor[StandardEngine[Catalina]]] sems.cm.ctrl.HttpSessionCheckingListener[sessionDestroyed:31] - ##########Session ID 005D45D9DE9261C61B755457C886DDB4 destroyed at Wed Mar 20 14:09:33 KST 2024 21
##########Session ID 6515B10900D34446DA6F0EBEF8222C64 destroyed at Wed Mar 20 14:33:33 KST 2024 Session Counts:  20
ERROR 14:33:33.852 [ContainerBackgroundProcessor[StandardEngine[Catalina]]] sems.cm.ctrl.HttpSessionCheckingListener[sessionDestroyed:31] - ##########Session ID 6515B10900D34446DA6F0EBEF8222C64 destroyed at Wed Mar 20 14:33:33 KST 2024 20
##########Session ID 16622E77CFFF1AE5AF66E59B5FADFEA7 destroyed at Wed Mar 20 14:34:33 KST 2024 Session Counts:  19
ERROR 14:34:33.853 [ContainerBackgroundProcessor[StandardEngine[Catalina]]] sems.cm.ctrl.HttpSessionCheckingListener[sessionDestroyed:31] - ##########Session ID 16622E77CFFF1AE5AF66E59B5FADFEA7 destroyed at Wed Mar 20 14:34:33 KST 2024 19
##########Session ID F98D50BDF3B0C970A6656DFF509478AD destroyed at Wed Mar 20 14:35:33 KST 2024 Session Counts:  18
ERROR 14:35:33.854 [ContainerBackgroundProcessor[StandardEngine[Catalina]]] sems.cm.ctrl.HttpSessionCheckingListener[sessionDestroyed:31] - ##########Session ID F98D50BDF3B0C970A6656DFF509478AD destroyed at Wed Mar 20 14:35:33 KST 2024 18
##########Session ID F75056B74DB540BC09AB28A30E1E5B91 destroyed at Wed Mar 20 14:37:33 KST 2024 Session Counts:  17
ERROR 14:37:33.857 [ContainerBackgroundProcessor[StandardEngine[Catalina]]] sems.cm.ctrl.HttpSessionCheckingListener[sessionDestroyed:31] - ##########Session ID F75056B74DB540BC09AB28A30E1E5B91 destroyed at Wed Mar 20 14:37:33 KST 2024 17
##########Session ID 5929B63519DDE6495E3E50466A65FF19 destroyed at Wed Mar 20 14:37:33 KST 2024 Session Counts:  16
ERROR 14:37:33.857 [ContainerBackgroundProcessor[StandardEngine[Catalina]]] sems.cm.ctrl.HttpSessionCheckingListener[sessionDestroyed:31] - ##########Session ID 5929B63519DDE6495E3E50466A65FF19 destroyed at Wed Mar 20 14:37:33 KST 2024 16
##########Session ID B329ECAF1618F9EFA7AB38010D67BD78 destroyed at Wed Mar 20 14:50:34 KST 2024 Session Counts:  16
ERROR 14:50:34.029 [ContainerBackgroundProcessor[StandardEngine[Catalina]]] sems.cm.ctrl.HttpSessionCheckingListener[sessionDestroyed:31] - ##########Session ID B329ECAF1618F9EFA7AB38010D67BD78 destroyed at Wed Mar 20 14:50:34 KST 2024 16
##########Session ID 2CBAA72AA1924A5D4FB337FF2B4E4594 destroyed at Wed Mar 20 14:51:34 KST 2024 Session Counts:  15
ERROR 14:51:34.054 [ContainerBackgroundProcessor[StandardEngine[Catalina]]] sems.cm.ctrl.HttpSessionCheckingListener[sessionDestroyed:31] - ##########Session ID 2CBAA72AA1924A5D4FB337FF2B4E4594 destroyed at Wed Mar 20 14:51:34 KST 2024 15
##########Session ID 53463B91E79986C7796A92A753C24AC8 destroyed at Wed Mar 20 14:53:34 KST 2024 Session Counts:  14
ERROR 14:53:34.081 [ContainerBackgroundProcessor[StandardEngine[Catalina]]] sems.cm.ctrl.HttpSessionCheckingListener[sessionDestroyed:31] - ##########Session ID 53463B91E79986C7796A92A753C24AC8 destroyed at Wed Mar 20 14:53:34 KST 2024 14
##########Session ID 8E097F464865B772C81662FE750CA2A5 destroyed at Wed Mar 20 14:53:34 KST 2024 Session Counts:  13
ERROR 14:53:34.081 [ContainerBackgroundProcessor[StandardEngine[Catalina]]] sems.cm.ctrl.HttpSessionCheckingListener[sessionDestroyed:31] - ##########Session ID 8E097F464865B772C81662FE750CA2A5 destroyed at Wed Mar 20 14:53:34 KST 2024 13
##########Session ID 41ACAAACC7EFEA5B682F2A8B7390891D destroyed at Wed Mar 20 14:53:34 KST 2024 Session Counts:  12
ERROR 14:53:34.081 [ContainerBackgroundProcessor[StandardEngine[Catalina]]] sems.cm.ctrl.HttpSessionCheckingListener[sessionDestroyed:31] - ##########Session ID 41ACAAACC7EFEA5B682F2A8B7390891D destroyed at Wed Mar 20 14:53:34 KST 2024 12
##########Session ID AC1CE64CA13BD7D94D2FD2B361762BF6 destroyed at Wed Mar 20 14:55:34 KST 2024 Session Counts:  11
ERROR 14:55:34.107 [ContainerBackgroundProcessor[StandardEngine[Catalina]]] sems.cm.ctrl.HttpSessionCheckingListener[sessionDestroyed:31] - ##########Session ID AC1CE64CA13BD7D94D2FD2B361762BF6 destroyed at Wed Mar 20 14:55:34 KST 2024 11
##########Session ID E788124B0E0AD5156BF8F3E4A0CC5F29 destroyed at Wed Mar 20 14:55:34 KST 2024 Session Counts:  10
ERROR 14:55:34.107 [ContainerBackgroundProcessor[StandardEngine[Catalina]]] sems.cm.ctrl.HttpSessionCheckingListener[sessionDestroyed:31] - ##########Session ID E788124B0E0AD5156BF8F3E4A0CC5F29 destroyed at Wed Mar 20 14:55:34 KST 2024 10
##########Session ID 475D670B8E959C00D250152D621F5958 destroyed at Wed Mar 20 14:55:34 KST 2024 Session Counts:  9
ERROR 14:55:34.107 [ContainerBackgroundProcessor[StandardEngine[Catalina]]] sems.cm.ctrl.HttpSessionCheckingListener[sessionDestroyed:31] - ##########Session ID 475D670B8E959C00D250152D621F5958 destroyed at Wed Mar 20 14:55:34 KST 2024 9
##########Session ID EE75CFA0287E4FEC37E57BAE17C26908 destroyed at Wed Mar 20 14:55:34 KST 2024 Session Counts:  8
ERROR 14:55:34.107 [ContainerBackgroundProcessor[StandardEngine[Catalina]]] sems.cm.ctrl.HttpSessionCheckingListener[sessionDestroyed:31] - ##########Session ID EE75CFA0287E4FEC37E57BAE17C26908 destroyed at Wed Mar 20 14:55:34 KST 2024 8
##########Session ID 6B33285A9391E3A4F88E9442BE41588B destroyed at Wed Mar 20 15:19:34 KST 2024 Session Counts:  7
ERROR 15:19:34.293 [ContainerBackgroundProcessor[StandardEngine[Catalina]]] sems.cm.ctrl.HttpSessionCheckingListener[sessionDestroyed:31] - ##########Session ID 6B33285A9391E3A4F88E9442BE41588B destroyed at Wed Mar 20 15:19:34 KST 2024 7
##########Session ID 0EB4ABB8DC6896BD5F94C714789DBFBE destroyed at Wed Mar 20 15:20:34 KST 2024 Session Counts:  6
ERROR 15:20:34.295 [ContainerBackgroundProcessor[StandardEngine[Catalina]]] sems.cm.ctrl.HttpSessionCheckingListener[sessionDestroyed:31] - ##########Session ID 0EB4ABB8DC6896BD5F94C714789DBFBE destroyed at Wed Mar 20 15:20:34 KST 2024 6
##########Session ID DE551C373580D47F277CB9FD6CDDF9EE destroyed at Wed Mar 20 16:32:35 KST 2024 Session Counts:  6
ERROR 16:32:35.059 [ContainerBackgroundProcessor[StandardEngine[Catalina]]] sems.cm.ctrl.HttpSessionCheckingListener[sessionDestroyed:31] - ##########Session ID DE551C373580D47F277CB9FD6CDDF9EE destroyed at Wed Mar 20 16:32:35 KST 2024 6
##########Session ID 065D3577A5E062C78CE0E64C996C2EC0 destroyed at Wed Mar 20 16:39:35 KST 2024 Session Counts:  5
ERROR 16:39:35.139 [ContainerBackgroundProcessor[StandardEngine[Catalina]]] sems.cm.ctrl.HttpSessionCheckingListener[sessionDestroyed:31] - ##########Session ID 065D3577A5E062C78CE0E64C996C2EC0 destroyed at Wed Mar 20 16:39:35 KST 2024 5
##########Session ID C15742755D9E3C412890D05A09B91208 destroyed at Wed Mar 20 16:40:35 KST 2024 Session Counts:  4
ERROR 16:40:35.171 [ContainerBackgroundProcessor[StandardEngine[Catalina]]] sems.cm.ctrl.HttpSessionCheckingListener[sessionDestroyed:31] - ##########Session ID C15742755D9E3C412890D05A09B91208 destroyed at Wed Mar 20 16:40:35 KST 2024 4
##########Session ID 6745D853DB04D8650475BB9ECC4D3BB3 destroyed at Wed Mar 20 16:40:35 KST 2024 Session Counts:  3
ERROR 16:40:35.171 [ContainerBackgroundProcessor[StandardEngine[Catalina]]] sems.cm.ctrl.HttpSessionCheckingListener[sessionDestroyed:31] - ##########Session ID 6745D853DB04D8650475BB9ECC4D3BB3 destroyed at Wed Mar 20 16:40:35 KST 2024 3
##########Session ID F0F677426F05977ED2F0E9B9CF734BA6 destroyed at Wed Mar 20 16:40:35 KST 2024 Session Counts:  2
ERROR 16:40:35.171 [ContainerBackgroundProcessor[StandardEngine[Catalina]]] sems.cm.ctrl.HttpSessionCheckingListener[sessionDestroyed:31] - ##########Session ID F0F677426F05977ED2F0E9B9CF734BA6 destroyed at Wed Mar 20 16:40:35 KST 2024 2
##########Session ID FBB6B838ED27D360D67E2CC3A07544DD destroyed at Wed Mar 20 16:41:35 KST 2024 Session Counts:  1
ERROR 16:41:35.180 [ContainerBackgroundProcessor[StandardEngine[Catalina]]] sems.cm.ctrl.HttpSessionCheckingListener[sessionDestroyed:31] - ##########Session ID FBB6B838ED27D360D67E2CC3A07544DD destroyed at Wed Mar 20 16:41:35 KST 2024 1
##########Session ID B001FB59A719F1E33AF31EFE858881F5 destroyed at Wed Mar 20 16:41:35 KST 2024 Session Counts:  0
ERROR 16:41:35.180 [ContainerBackgroundProcessor[StandardEngine[Catalina]]] sems.cm.ctrl.HttpSessionCheckingListener[sessionDestroyed:31] - ##########Session ID B001FB59A719F1E33AF31EFE858881F5 destroyed at Wed Mar 20 16:41:35 KST 2024 0
##########Session ID C960C5B109DAB42B5278DC48777D78FF destroyed at Wed Mar 20 16:42:35 KST 2024 Session Counts:  -1
ERROR 16:42:35.182 [ContainerBackgroundProcessor[StandardEngine[Catalina]]] sems.cm.ctrl.HttpSessionCheckingListener[sessionDestroyed:31] - ##########Session ID C960C5B109DAB42B5278DC48777D78FF destroyed at Wed Mar 20 16:42:35 KST 2024 -1
##########Session ID 0E9CE1F2367763AAA0B638AA3ECC65F7 destroyed at Wed Mar 20 16:42:35 KST 2024 Session Counts:  -2
ERROR 16:42:35.182 [ContainerBackgroundProcessor[StandardEngine[Catalina]]] sems.cm.ctrl.HttpSessionCheckingListener[sessionDestroyed:31] - ##########Session ID 0E9CE1F2367763AAA0B638AA3ECC65F7 destroyed at Wed Mar 20 16:42:35 KST 2024 -2
##########Session ID 75AE1F329F9DC5B7BDC80305FF1F838C destroyed at Wed Mar 20 16:42:35 KST 2024 Session Counts:  -3
ERROR 16:42:35.182 [ContainerBackgroundProcessor[StandardEngine[Catalina]]] sems.cm.ctrl.HttpSessionCheckingListener[sessionDestroyed:31] - ##########Session ID 75AE1F329F9DC5B7BDC80305FF1F838C destroyed at Wed Mar 20 16:42:35 KST 2024 -3
##########Session ID 3838BE100C3D6089EBE502BB9B9B0BF6 destroyed at Wed Mar 20 16:45:35 KST 2024 Session Counts:  -4
ERROR 16:45:35.191 [ContainerBackgroundProcessor[StandardEngine[Catalina]]] sems.cm.ctrl.HttpSessionCheckingListener[sessionDestroyed:31] - ##########Session ID 3838BE100C3D6089EBE502BB9B9B0BF6 destroyed at Wed Mar 20 16:45:35 KST 2024 -4
##########Session ID D7715796DF6DB0E6017B86A8A74109A5 destroyed at Wed Mar 20 16:46:35 KST 2024 Session Counts:  -5
ERROR 16:46:35.193 [ContainerBackgroundProcessor[StandardEngine[Catalina]]] sems.cm.ctrl.HttpSessionCheckingListener[sessionDestroyed:31] - ##########Session ID D7715796DF6DB0E6017B86A8A74109A5 destroyed at Wed Mar 20 16:46:35 KST 2024 -5
##########Session ID D7F324C887DBAC3720A56E59D7415F21 destroyed at Wed Mar 20 16:46:35 KST 2024 Session Counts:  -6
ERROR 16:46:35.193 [ContainerBackgroundProcessor[StandardEngine[Catalina]]] sems.cm.ctrl.HttpSessionCheckingListener[sessionDestroyed:31] - ##########Session ID D7F324C887DBAC3720A56E59D7415F21 destroyed at Wed Mar 20 16:46:35 KST 2024 -6
##########Session ID 2D5120D46A90576DAED863733B7FCF46 destroyed at Wed Mar 20 16:46:35 KST 2024 Session Counts:  -7
ERROR 16:46:35.193 [ContainerBackgroundProcessor[StandardEngine[Catalina]]] sems.cm.ctrl.HttpSessionCheckingListener[sessionDestroyed:31] - ##########Session ID 2D5120D46A90576DAED863733B7FCF46 destroyed at Wed Mar 20 16:46:35 KST 2024 -7
##########Session ID 52E4417A50B40A7E6D9183492A4DB39D destroyed at Wed Mar 20 16:47:35 KST 2024 Session Counts:  -8
ERROR 16:47:35.200 [ContainerBackgroundProcessor[StandardEngine[Catalina]]] sems.cm.ctrl.HttpSessionCheckingListener[sessionDestroyed:31] - ##########Session ID 52E4417A50B40A7E6D9183492A4DB39D destroyed at Wed Mar 20 16:47:35 KST 2024 -8
##########Session ID 000851EFD10D929A2C565EF174C8FC6F destroyed at Wed Mar 20 16:47:35 KST 2024 Session Counts:  -9
ERROR 16:47:35.200 [ContainerBackgroundProcessor[StandardEngine[Catalina]]] sems.cm.ctrl.HttpSessionCheckingListener[sessionDestroyed:31] - ##########Session ID 000851EFD10D929A2C565EF174C8FC6F destroyed at Wed Mar 20 16:47:35 KST 2024 -9
##########Session ID 3283E1153206B823FDF8FBF3B7D6F207 destroyed at Wed Mar 20 16:48:35 KST 2024 Session Counts:  -10
ERROR 16:48:35.202 [ContainerBackgroundProcessor[StandardEngine[Catalina]]] sems.cm.ctrl.HttpSessionCheckingListener[sessionDestroyed:31] - ##########Session ID 3283E1153206B823FDF8FBF3B7D6F207 destroyed at Wed Mar 20 16:48:35 KST 2024 -10
##########Session ID 359C2151CE5A5CB9391F09A2A4B9E895 destroyed at Wed Mar 20 16:48:35 KST 2024 Session Counts:  -11
ERROR 16:48:35.202 [ContainerBackgroundProcessor[StandardEngine[Catalina]]] sems.cm.ctrl.HttpSessionCheckingListener[sessionDestroyed:31] - ##########Session ID 359C2151CE5A5CB9391F09A2A4B9E895 destroyed at Wed Mar 20 16:48:35 KST 2024 -11
##########Session ID A0E7D17CABE785FE6E9A91CB8B5E667B destroyed at Wed Mar 20 16:48:35 KST 2024 Session Counts:  -12
ERROR 16:48:35.202 [ContainerBackgroundProcessor[StandardEngine[Catalina]]] sems.cm.ctrl.HttpSessionCheckingListener[sessionDestroyed:31] - ##########Session ID A0E7D17CABE785FE6E9A91CB8B5E667B destroyed at Wed Mar 20 16:48:35 KST 2024 -12
##########Session ID 97D94D56D1B3521CA0C475196CDB804A destroyed at Wed Mar 20 16:49:35 KST 2024 Session Counts:  -13
ERROR 16:49:35.202 [ContainerBackgroundProcessor[StandardEngine[Catalina]]] sems.cm.ctrl.HttpSessionCheckingListener[sessionDestroyed:31] - ##########Session ID 97D94D56D1B3521CA0C475196CDB804A destroyed at Wed Mar 20 16:49:35 KST 2024 -13
##########Session ID A6B1B03C71A04B52069AE7B1E9A8A797 destroyed at Wed Mar 20 16:49:35 KST 2024 Session Counts:  -14
ERROR 16:49:35.202 [ContainerBackgroundProcessor[StandardEngine[Catalina]]] sems.cm.ctrl.HttpSessionCheckingListener[sessionDestroyed:31] - ##########Session ID A6B1B03C71A04B52069AE7B1E9A8A797 destroyed at Wed Mar 20 16:49:35 KST 2024 -14
##########Session ID CC1A95933A47CF89931E815F8FEBA6EC destroyed at Wed Mar 20 16:49:35 KST 2024 Session Counts:  -15
ERROR 16:49:35.202 [ContainerBackgroundProcessor[StandardEngine[Catalina]]] sems.cm.ctrl.HttpSessionCheckingListener[sessionDestroyed:31] - ##########Session ID CC1A95933A47CF89931E815F8FEBA6EC destroyed at Wed Mar 20 16:49:35 KST 2024 -15

2024-03-20 16:57:33 Commons Daemon procrun stdout initialized
##########Session ID 721302EF0210DFFE37CC5C26378C581B destroyed at Wed Mar 20 19:59:09 KST 2024 Session Counts:  2
ERROR 19:59:09.016 [ContainerBackgroundProcessor[StandardEngine[Catalina]]] sems.cm.ctrl.HttpSessionCheckingListener[sessionDestroyed:31] - ##########Session ID 721302EF0210DFFE37CC5C26378C581B destroyed at Wed Mar 20 19:59:09 KST 2024 2
##########Session ID C9ECF5E682628FBCF7430FCA67F7027A destroyed at Wed Mar 20 21:29:09 KST 2024 Session Counts:  2
ERROR 21:29:09.822 [ContainerBackgroundProcessor[StandardEngine[Catalina]]] sems.cm.ctrl.HttpSessionCheckingListener[sessionDestroyed:31] - ##########Session ID C9ECF5E682628FBCF7430FCA67F7027A destroyed at Wed Mar 20 21:29:09 KST 2024 2
##########Session ID 0A7B279A37AD5B4218863EED2C175574 destroyed at Wed Mar 20 21:35:09 KST 2024 Session Counts:  1
ERROR 21:35:09.914 [ContainerBackgroundProcessor[StandardEngine[Catalina]]] sems.cm.ctrl.HttpSessionCheckingListener[sessionDestroyed:31] - ##########Session ID 0A7B279A37AD5B4218863EED2C175574 destroyed at Wed Mar 20 21:35:09 KST 2024 1
##########Session ID CBB5B1085BD3C3353B98162F4FBAEC28 destroyed at Wed Mar 20 23:16:10 KST 2024 Session Counts:  0
ERROR 23:16:10.892 [ContainerBackgroundProcessor[StandardEngine[Catalina]]] sems.cm.ctrl.HttpSessionCheckingListener[sessionDestroyed:31] - ##########Session ID CBB5B1085BD3C3353B98162F4FBAEC28 destroyed at Wed Mar 20 23:16:10 KST 2024 0
##########Session ID D43C2E187A01FEB0F80F9FF6B19176D8 destroyed at Thu Mar 21 16:59:21 KST 2024 Session Counts:  1
ERROR 16:59:21.424 [ContainerBackgroundProcessor[StandardEngine[Catalina]]] sems.cm.ctrl.HttpSessionCheckingListener[sessionDestroyed:31] - ##########Session ID D43C2E187A01FEB0F80F9FF6B19176D8 destroyed at Thu Mar 21 16:59:21 KST 2024 1
##########Session ID E9AEDA4026CE042C5F56BCD7EE95FDA0 destroyed at Thu Mar 21 18:35:22 KST 2024 Session Counts:  0
ERROR 18:35:22.297 [ContainerBackgroundProcessor[StandardEngine[Catalina]]] sems.cm.ctrl.HttpSessionCheckingListener[sessionDestroyed:31] - ##########Session ID E9AEDA4026CE042C5F56BCD7EE95FDA0 destroyed at Thu Mar 21 18:35:22 KST 2024 0
##########Session ID DD5849B86FC4235A93FF1E03DEA7849F destroyed at Fri Mar 22 14:07:35 KST 2024 Session Counts:  1
ERROR 14:07:35.760 [ContainerBackgroundProcessor[StandardEngine[Catalina]]] sems.cm.ctrl.HttpSessionCheckingListener[sessionDestroyed:31] - ##########Session ID DD5849B86FC4235A93FF1E03DEA7849F destroyed at Fri Mar 22 14:07:35 KST 2024 1
##########Session ID 86E1266B2A3AC5B007903B1A6E8BDF2B destroyed at Fri Mar 22 16:22:36 KST 2024 Session Counts:  0
ERROR 16:22:36.847 [ContainerBackgroundProcessor[StandardEngine[Catalina]]] sems.cm.ctrl.HttpSessionCheckingListener[sessionDestroyed:31] - ##########Session ID 86E1266B2A3AC5B007903B1A6E8BDF2B destroyed at Fri Mar 22 16:22:36 KST 2024 0
##########Session ID A7C1CD76D95B0B048F3DA87417E49E2A destroyed at Sun Mar 24 00:38:54 KST 2024 Session Counts:  4
ERROR 00:38:54.474 [ContainerBackgroundProcessor[StandardEngine[Catalina]]] sems.cm.ctrl.HttpSessionCheckingListener[sessionDestroyed:31] - ##########Session ID A7C1CD76D95B0B048F3DA87417E49E2A destroyed at Sun Mar 24 00:38:54 KST 2024 4
##########Session ID E19D9BD57BF9708F58A09E16551AF0FE destroyed at Sun Mar 24 00:41:54 KST 2024 Session Counts:  3
ERROR 00:41:54.505 [ContainerBackgroundProcessor[StandardEngine[Catalina]]] sems.cm.ctrl.HttpSessionCheckingListener[sessionDestroyed:31] - ##########Session ID E19D9BD57BF9708F58A09E16551AF0FE destroyed at Sun Mar 24 00:41:54 KST 2024 3
##########Session ID E41D1A1D5CC9C4F39FF753F461FC672F destroyed at Sun Mar 24 00:59:54 KST 2024 Session Counts:  2
ERROR 00:59:54.753 [ContainerBackgroundProcessor[StandardEngine[Catalina]]] sems.cm.ctrl.HttpSessionCheckingListener[sessionDestroyed:31] - ##########Session ID E41D1A1D5CC9C4F39FF753F461FC672F destroyed at Sun Mar 24 00:59:54 KST 2024 2
##########Session ID FB41C7D0713249776A79CF9CFE6FFECA destroyed at Sun Mar 24 01:09:54 KST 2024 Session Counts:  1
ERROR 01:09:54.856 [ContainerBackgroundProcessor[StandardEngine[Catalina]]] sems.cm.ctrl.HttpSessionCheckingListener[sessionDestroyed:31] - ##########Session ID FB41C7D0713249776A79CF9CFE6FFECA destroyed at Sun Mar 24 01:09:54 KST 2024 1
##########Session ID 4D641622E6C5BC7225A84235D4B42A6E destroyed at Sun Mar 24 01:16:54 KST 2024 Session Counts:  0
ERROR 01:16:54.884 [ContainerBackgroundProcessor[StandardEngine[Catalina]]] sems.cm.ctrl.HttpSessionCheckingListener[sessionDestroyed:31] - ##########Session ID 4D641622E6C5BC7225A84235D4B42A6E destroyed at Sun Mar 24 01:16:54 KST 2024 0
##########Session ID 3E82B0921947617E6C44055433B4EFC9 destroyed at Mon Mar 25 14:35:15 KST 2024 Session Counts:  1
ERROR 14:35:15.267 [ContainerBackgroundProcessor[StandardEngine[Catalina]]] sems.cm.ctrl.HttpSessionCheckingListener[sessionDestroyed:31] - ##########Session ID 3E82B0921947617E6C44055433B4EFC9 destroyed at Mon Mar 25 14:35:15 KST 2024 1
##########Session ID 2ED8A9CF99CCD1C6C718396D43D4712A destroyed at Mon Mar 25 14:35:15 KST 2024 Session Counts:  0
ERROR 14:35:15.267 [ContainerBackgroundProcessor[StandardEngine[Catalina]]] sems.cm.ctrl.HttpSessionCheckingListener[sessionDestroyed:31] - ##########Session ID 2ED8A9CF99CCD1C6C718396D43D4712A destroyed at Mon Mar 25 14:35:15 KST 2024 0
##########Session ID 4A475CBE3C2B2C80F7EBD7DFFADEA402 destroyed at Mon Mar 25 19:27:17 KST 2024 Session Counts:  0
ERROR 19:27:17.697 [ContainerBackgroundProcessor[StandardEngine[Catalina]]] sems.cm.ctrl.HttpSessionCheckingListener[sessionDestroyed:31] - ##########Session ID 4A475CBE3C2B2C80F7EBD7DFFADEA402 destroyed at Mon Mar 25 19:27:17 KST 2024 0
##########Session ID 7195D2100F12B9258AD02D5483297B28 created at Tue Mar 26 07:54:48 KST 2024 Session Counts: 1
ERROR 07:54:48.977 [http-bio-12443-exec-3] sems.cm.ctrl.HttpSessionCheckingListener[sessionCreated:24] - ##########Session ID 7195D2100F12B9258AD02D5483297B28 created at Tue Mar 26 07:54:48 KST 2024 1
##########Session ID 7195D2100F12B9258AD02D5483297B28 destroyed at Tue Mar 26 10:55:25 KST 2024 Session Counts:  0
ERROR 10:55:25.568 [ContainerBackgroundProcessor[StandardEngine[Catalina]]] sems.cm.ctrl.HttpSessionCheckingListener[sessionDestroyed:31] - ##########Session ID 7195D2100F12B9258AD02D5483297B28 destroyed at Tue Mar 26 10:55:25 KST 2024 0
##########Session ID 2B77F62CA1CB01D97AD96D77FFF781B0 destroyed at Tue Mar 26 14:29:27 KST 2024 Session Counts:  6
ERROR 14:29:27.568 [ContainerBackgroundProcessor[StandardEngine[Catalina]]] sems.cm.ctrl.HttpSessionCheckingListener[sessionDestroyed:31] - ##########Session ID 2B77F62CA1CB01D97AD96D77FFF781B0 destroyed at Tue Mar 26 14:29:27 KST 2024 6
##########Session ID 06B878F3863F55F2769A22A0A8DBE3E6 destroyed at Tue Mar 26 14:30:27 KST 2024 Session Counts:  5
ERROR 14:30:27.586 [ContainerBackgroundProcessor[StandardEngine[Catalina]]] sems.cm.ctrl.HttpSessionCheckingListener[sessionDestroyed:31] - ##########Session ID 06B878F3863F55F2769A22A0A8DBE3E6 destroyed at Tue Mar 26 14:30:27 KST 2024 5
##########Session ID 1D12A974FB9538DDFE4A930742B0A5C3 destroyed at Tue Mar 26 14:30:27 KST 2024 Session Counts:  4
ERROR 14:30:27.586 [ContainerBackgroundProcessor[StandardEngine[Catalina]]] sems.cm.ctrl.HttpSessionCheckingListener[sessionDestroyed:31] - ##########Session ID 1D12A974FB9538DDFE4A930742B0A5C3 destroyed at Tue Mar 26 14:30:27 KST 2024 4
##########Session ID 1358C4CE0644DAEBF2540D2FBAB67C05 destroyed at Tue Mar 26 14:48:27 KST 2024 Session Counts:  3
ERROR 14:48:27.798 [ContainerBackgroundProcessor[StandardEngine[Catalina]]] sems.cm.ctrl.HttpSessionCheckingListener[sessionDestroyed:31] - ##########Session ID 1358C4CE0644DAEBF2540D2FBAB67C05 destroyed at Tue Mar 26 14:48:27 KST 2024 3
##########Session ID CE35431D7FA8742909480D04E9130D28 destroyed at Tue Mar 26 15:02:27 KST 2024 Session Counts:  2
ERROR 15:02:27.977 [ContainerBackgroundProcessor[StandardEngine[Catalina]]] sems.cm.ctrl.HttpSessionCheckingListener[sessionDestroyed:31] - ##########Session ID CE35431D7FA8742909480D04E9130D28 destroyed at Tue Mar 26 15:02:27 KST 2024 2
##########Session ID E9C53800799BD87097A2E364EF09A747 destroyed at Tue Mar 26 15:23:28 KST 2024 Session Counts:  1
ERROR 15:23:28.209 [ContainerBackgroundProcessor[StandardEngine[Catalina]]] sems.cm.ctrl.HttpSessionCheckingListener[sessionDestroyed:31] - ##########Session ID E9C53800799BD87097A2E364EF09A747 destroyed at Tue Mar 26 15:23:28 KST 2024 1
##########Session ID 71F234AAD402601E25B900049F25FD26 destroyed at Tue Mar 26 16:50:29 KST 2024 Session Counts:  5
ERROR 16:50:29.458 [ContainerBackgroundProcessor[StandardEngine[Catalina]]] sems.cm.ctrl.HttpSessionCheckingListener[sessionDestroyed:31] - ##########Session ID 71F234AAD402601E25B900049F25FD26 destroyed at Tue Mar 26 16:50:29 KST 2024 5
##########Session ID 7399A98634CADBD30D3F422A192423BB destroyed at Tue Mar 26 18:36:30 KST 2024 Session Counts:  4
ERROR 18:36:30.741 [ContainerBackgroundProcessor[StandardEngine[Catalina]]] sems.cm.ctrl.HttpSessionCheckingListener[sessionDestroyed:31] - ##########Session ID 7399A98634CADBD30D3F422A192423BB destroyed at Tue Mar 26 18:36:30 KST 2024 4
##########Session ID D649EC5C6C85C4C979DE1202F2057A10 destroyed at Tue Mar 26 18:36:30 KST 2024 Session Counts:  3
ERROR 18:36:30.741 [ContainerBackgroundProcessor[StandardEngine[Catalina]]] sems.cm.ctrl.HttpSessionCheckingListener[sessionDestroyed:31] - ##########Session ID D649EC5C6C85C4C979DE1202F2057A10 destroyed at Tue Mar 26 18:36:30 KST 2024 3
##########Session ID 6805BB9A3768A554965D18A8F5E7AA09 destroyed at Tue Mar 26 18:44:30 KST 2024 Session Counts:  2
ERROR 18:44:30.951 [ContainerBackgroundProcessor[StandardEngine[Catalina]]] sems.cm.ctrl.HttpSessionCheckingListener[sessionDestroyed:31] - ##########Session ID 6805BB9A3768A554965D18A8F5E7AA09 destroyed at Tue Mar 26 18:44:30 KST 2024 2
##########Session ID 58AAAA191E005BF500F844B36448F708 destroyed at Tue Mar 26 19:47:31 KST 2024 Session Counts:  1
ERROR 19:47:31.943 [ContainerBackgroundProcessor[StandardEngine[Catalina]]] sems.cm.ctrl.HttpSessionCheckingListener[sessionDestroyed:31] - ##########Session ID 58AAAA191E005BF500F844B36448F708 destroyed at Tue Mar 26 19:47:31 KST 2024 1
##########Session ID 918D4FB5C4032FBF0153F8C297FEC036 destroyed at Tue Mar 26 21:25:33 KST 2024 Session Counts:  0
ERROR 21:25:33.458 [ContainerBackgroundProcessor[StandardEngine[Catalina]]] sems.cm.ctrl.HttpSessionCheckingListener[sessionDestroyed:31] - ##########Session ID 918D4FB5C4032FBF0153F8C297FEC036 destroyed at Tue Mar 26 21:25:33 KST 2024 0
##########Session ID 58E61A45821AEAC287227084096786C3 created at Wed Mar 27 09:59:45 KST 2024 Session Counts: 1
ERROR 09:59:45.711 [http-bio-12443-exec-5] sems.cm.ctrl.HttpSessionCheckingListener[sessionCreated:24] - ##########Session ID 58E61A45821AEAC287227084096786C3 created at Wed Mar 27 09:59:45 KST 2024 1
##########Session ID 58E61A45821AEAC287227084096786C3 destroyed at Wed Mar 27 12:59:46 KST 2024 Session Counts:  0
ERROR 12:59:46.164 [ContainerBackgroundProcessor[StandardEngine[Catalina]]] sems.cm.ctrl.HttpSessionCheckingListener[sessionDestroyed:31] - ##########Session ID 58E61A45821AEAC287227084096786C3 destroyed at Wed Mar 27 12:59:46 KST 2024 0
