
2024-03-29 15:49:07 Commons Daemon procrun stdout initialized

2024-03-29 15:52:05 Commons Daemon procrun stdout initialized
##########Session ID 6DD1E17E40FBD79CE185487D94D97CC7 destroyed at Fri Mar 29 19:59:25 KST 2024 Session Counts:  0
ERROR 19:59:25.857 [ContainerBackgroundProcessor[StandardEngine[Catalina]]] sems.cm.ctrl.HttpSessionCheckingListener[sessionDestroyed:31] - ##########Session ID 6DD1E17E40FBD79CE185487D94D97CC7 destroyed at Fri Mar 29 19:59:25 KST 2024 0
##########Session ID EBA4EEE314D62CCCA7FB523239C167B8 destroyed at Sun Mar 31 03:58:56 KST 2024 Session Counts:  0
ERROR 03:58:56.835 [ContainerBackgroundProcessor[StandardEngine[Catalina]]] sems.cm.ctrl.HttpSessionCheckingListener[sessionDestroyed:31] - ##########Session ID EBA4EEE314D62CCCA7FB523239C167B8 destroyed at Sun Mar 31 03:58:56 KST 2024 0
##########Session ID BCCE736D26EA83F612A45CC18D23916A destroyed at Mon Apr 01 16:49:33 KST 2024 Session Counts:  5
ERROR 16:49:33.138 [ContainerBackgroundProcessor[StandardEngine[Catalina]]] sems.cm.ctrl.HttpSessionCheckingListener[sessionDestroyed:31] - ##########Session ID BCCE736D26EA83F612A45CC18D23916A destroyed at Mon Apr 01 16:49:33 KST 2024 5
##########Session ID 17CCD3D1569BBA9E9F40F39F23DEF3EF destroyed at Mon Apr 01 16:53:33 KST 2024 Session Counts:  4
ERROR 16:53:33.228 [ContainerBackgroundProcessor[StandardEngine[Catalina]]] sems.cm.ctrl.HttpSessionCheckingListener[sessionDestroyed:31] - ##########Session ID 17CCD3D1569BBA9E9F40F39F23DEF3EF destroyed at Mon Apr 01 16:53:33 KST 2024 4
##########Session ID 7C09A854BE8F20506123BB7560785A4E destroyed at Mon Apr 01 17:05:33 KST 2024 Session Counts:  3
ERROR 17:05:33.376 [ContainerBackgroundProcessor[StandardEngine[Catalina]]] sems.cm.ctrl.HttpSessionCheckingListener[sessionDestroyed:31] - ##########Session ID 7C09A854BE8F20506123BB7560785A4E destroyed at Mon Apr 01 17:05:33 KST 2024 3
##########Session ID FFC4AC6F5C8BD585A664E20EC48410E6 destroyed at Mon Apr 01 18:45:34 KST 2024 Session Counts:  2
ERROR 18:45:34.808 [ContainerBackgroundProcessor[StandardEngine[Catalina]]] sems.cm.ctrl.HttpSessionCheckingListener[sessionDestroyed:31] - ##########Session ID FFC4AC6F5C8BD585A664E20EC48410E6 destroyed at Mon Apr 01 18:45:34 KST 2024 2
##########Session ID AB6A9EA3F304DC800EDA00AD5D216369 destroyed at Mon Apr 01 19:35:35 KST 2024 Session Counts:  1
ERROR 19:35:35.733 [ContainerBackgroundProcessor[StandardEngine[Catalina]]] sems.cm.ctrl.HttpSessionCheckingListener[sessionDestroyed:31] - ##########Session ID AB6A9EA3F304DC800EDA00AD5D216369 destroyed at Mon Apr 01 19:35:35 KST 2024 1
##########Session ID 294C37B8CF2F914C93E85CA03F0B9233 destroyed at Mon Apr 01 21:00:37 KST 2024 Session Counts:  0
ERROR 21:00:37.376 [ContainerBackgroundProcessor[StandardEngine[Catalina]]] sems.cm.ctrl.HttpSessionCheckingListener[sessionDestroyed:31] - ##########Session ID 294C37B8CF2F914C93E85CA03F0B9233 destroyed at Mon Apr 01 21:00:37 KST 2024 0
##########Session ID AE0B0EB1EFE3BC9230F4F4A9CC2DD2DC created at Tue Apr 02 09:47:13 KST 2024 Session Counts: 4
ERROR 09:47:13.002 [http-bio-12443-exec-3] sems.cm.ctrl.HttpSessionCheckingListener[sessionCreated:24] - ##########Session ID AE0B0EB1EFE3BC9230F4F4A9CC2DD2DC created at Tue Apr 02 09:47:13 KST 2024 4
##########Session ID 3EA3E39DD394CF95B3003EFC7A3EA194 destroyed at Tue Apr 02 12:46:52 KST 2024 Session Counts:  4
ERROR 12:46:52.388 [ContainerBackgroundProcessor[StandardEngine[Catalina]]] sems.cm.ctrl.HttpSessionCheckingListener[sessionDestroyed:31] - ##########Session ID 3EA3E39DD394CF95B3003EFC7A3EA194 destroyed at Tue Apr 02 12:46:52 KST 2024 4
##########Session ID AE0B0EB1EFE3BC9230F4F4A9CC2DD2DC destroyed at Tue Apr 02 12:47:52 KST 2024 Session Counts:  3
ERROR 12:47:52.418 [ContainerBackgroundProcessor[StandardEngine[Catalina]]] sems.cm.ctrl.HttpSessionCheckingListener[sessionDestroyed:31] - ##########Session ID AE0B0EB1EFE3BC9230F4F4A9CC2DD2DC destroyed at Tue Apr 02 12:47:52 KST 2024 3
##########Session ID EF20C0C617413E0484D490D57DBCA3FF destroyed at Tue Apr 02 12:47:52 KST 2024 Session Counts:  2
ERROR 12:47:52.418 [ContainerBackgroundProcessor[StandardEngine[Catalina]]] sems.cm.ctrl.HttpSessionCheckingListener[sessionDestroyed:31] - ##########Session ID EF20C0C617413E0484D490D57DBCA3FF destroyed at Tue Apr 02 12:47:52 KST 2024 2
##########Session ID CF48945C7A561A92C8DD0BBCA1654F85 destroyed at Tue Apr 02 12:47:52 KST 2024 Session Counts:  1
ERROR 12:47:52.418 [ContainerBackgroundProcessor[StandardEngine[Catalina]]] sems.cm.ctrl.HttpSessionCheckingListener[sessionDestroyed:31] - ##########Session ID CF48945C7A561A92C8DD0BBCA1654F85 destroyed at Tue Apr 02 12:47:52 KST 2024 1
##########Session ID 500BA3099C83E07491F2DCA645B7ED4D destroyed at Tue Apr 02 16:31:57 KST 2024 Session Counts:  3
ERROR 16:31:57.294 [ContainerBackgroundProcessor[StandardEngine[Catalina]]] sems.cm.ctrl.HttpSessionCheckingListener[sessionDestroyed:31] - ##########Session ID 500BA3099C83E07491F2DCA645B7ED4D destroyed at Tue Apr 02 16:31:57 KST 2024 3
##########Session ID 1CC4EDDB77029ADA43CD9CA28B782821 destroyed at Tue Apr 02 16:46:57 KST 2024 Session Counts:  2
ERROR 16:46:57.522 [ContainerBackgroundProcessor[StandardEngine[Catalina]]] sems.cm.ctrl.HttpSessionCheckingListener[sessionDestroyed:31] - ##########Session ID 1CC4EDDB77029ADA43CD9CA28B782821 destroyed at Tue Apr 02 16:46:57 KST 2024 2
