
2024-02-15 12:02:01 Commons Daemon procrun stderr initialized
2월 15, 2024 12:02:03 오후 org.apache.catalina.startup.VersionLoggerListener log
정보: Server version:        Apache Tomcat/7.0.69
2월 15, 2024 12:02:03 오후 org.apache.catalina.startup.VersionLoggerListener log
정보: Server built:          Apr 11 2016 07:57:09 UTC
2월 15, 2024 12:02:03 오후 org.apache.catalina.startup.VersionLoggerListener log
정보: Server number:         7.0.69.0
2월 15, 2024 12:02:03 오후 org.apache.catalina.startup.VersionLoggerListener log
정보: OS Name:               Windows Server 2012 R2
2월 15, 2024 12:02:03 오후 org.apache.catalina.startup.VersionLoggerListener log
정보: OS Version:            6.3
2월 15, 2024 12:02:03 오후 org.apache.catalina.startup.VersionLoggerListener log
정보: Architecture:          amd64
2월 15, 2024 12:02:03 오후 org.apache.catalina.startup.VersionLoggerListener log
정보: Java Home:             C:\Program Files\Java\openjdk-1.8.0\jre
2월 15, 2024 12:02:03 오후 org.apache.catalina.startup.VersionLoggerListener log
정보: JVM Version:           1.8.0_201-1-ojdkbuild-b09
2월 15, 2024 12:02:03 오후 org.apache.catalina.startup.VersionLoggerListener log
정보: JVM Vendor:            Oracle Corporation
2월 15, 2024 12:02:03 오후 org.apache.catalina.startup.VersionLoggerListener log
정보: CATALINA_BASE:         C:\WAS\SEMS_MOBILE
2월 15, 2024 12:02:03 오후 org.apache.catalina.startup.VersionLoggerListener log
정보: CATALINA_HOME:         C:\WAS\SEMS_MOBILE
2월 15, 2024 12:02:03 오후 org.apache.catalina.startup.VersionLoggerListener log
정보: Command line argument: -Dcatalina.home=C:\WAS\SEMS_MOBILE
2월 15, 2024 12:02:03 오후 org.apache.catalina.startup.VersionLoggerListener log
정보: Command line argument: -Dcatalina.base=C:\WAS\SEMS_MOBILE
2월 15, 2024 12:02:03 오후 org.apache.catalina.startup.VersionLoggerListener log
정보: Command line argument: -Djava.endorsed.dirs=C:\WAS\SEMS_MOBILE\endorsed
2월 15, 2024 12:02:03 오후 org.apache.catalina.startup.VersionLoggerListener log
정보: Command line argument: -Djava.io.tmpdir=C:\WAS\SEMS_MOBILE\temp
2월 15, 2024 12:02:03 오후 org.apache.catalina.startup.VersionLoggerListener log
정보: Command line argument: -Djava.util.logging.manager=org.apache.juli.ClassLoaderLogManager
2월 15, 2024 12:02:03 오후 org.apache.catalina.startup.VersionLoggerListener log
정보: Command line argument: -Djava.util.logging.config.file=C:\WAS\SEMS_MOBILE\conf\logging.properties
2월 15, 2024 12:02:03 오후 org.apache.catalina.startup.VersionLoggerListener log
정보: Command line argument: exit
2월 15, 2024 12:02:03 오후 org.apache.catalina.startup.VersionLoggerListener log
정보: Command line argument: -Xms128m
2월 15, 2024 12:02:03 오후 org.apache.catalina.startup.VersionLoggerListener log
정보: Command line argument: -Xmx256m
2월 15, 2024 12:02:03 오후 org.apache.catalina.core.AprLifecycleListener lifecycleEvent
정보: Loaded APR based Apache Tomcat Native library 1.1.33 using APR version 1.5.1.
2월 15, 2024 12:02:03 오후 org.apache.catalina.core.AprLifecycleListener lifecycleEvent
정보: APR capabilities: IPv6 [true], sendfile [true], accept filters [false], random [true].
2월 15, 2024 12:02:04 오후 org.apache.catalina.core.AprLifecycleListener initializeSSL
정보: OpenSSL successfully initialized (OpenSSL 1.0.1m 19 Mar 2015)
2월 15, 2024 12:02:04 오후 org.apache.coyote.AbstractProtocol init
정보: Initializing ProtocolHandler ["http-apr-9092"]
2월 15, 2024 12:02:04 오후 org.apache.coyote.AbstractProtocol init
정보: Initializing ProtocolHandler ["http-bio-8443"]
2월 15, 2024 12:02:05 오후 org.apache.coyote.AbstractProtocol init
정보: Initializing ProtocolHandler ["ajp-apr-9100"]
2월 15, 2024 12:02:05 오후 org.apache.catalina.startup.Catalina load
정보: Initialization processed in 2584 ms
2월 15, 2024 12:02:05 오후 org.apache.catalina.core.StandardService startInternal
정보: Starting service Catalina
2월 15, 2024 12:02:05 오후 org.apache.catalina.core.StandardEngine startInternal
정보: Starting Servlet Engine: Apache Tomcat/7.0.69
2월 15, 2024 12:02:05 오후 org.apache.catalina.startup.HostConfig deployWAR
정보: Deploying web application archive C:\WAS\SEMS_MOBILE\webapps\ROOT.war
2월 15, 2024 12:02:08 오후 org.apache.catalina.startup.TldConfig execute
정보: At least one JAR was scanned for TLDs yet contained no TLDs. Enable debug logging for this logger for a complete list of JARs that were scanned but no TLDs were found in them. Skipping unneeded JARs during scanning can improve startup time and JSP compilation time.
2월 15, 2024 12:02:15 오후 org.apache.catalina.startup.HostConfig deployWAR
정보: Deployment of web application archive C:\WAS\SEMS_MOBILE\webapps\ROOT.war has finished in 10,263 ms
2월 15, 2024 12:02:15 오후 org.apache.catalina.startup.HostConfig deployDirectory
정보: Deploying web application directory C:\WAS\SEMS_MOBILE\webapps\231212
2월 15, 2024 12:02:15 오후 org.apache.catalina.startup.HostConfig deployDirectory
정보: Deployment of web application directory C:\WAS\SEMS_MOBILE\webapps\231212 has finished in 59 ms
2월 15, 2024 12:02:15 오후 org.apache.catalina.startup.HostConfig deployDirectory
정보: Deploying web application directory C:\WAS\SEMS_MOBILE\webapps\231213
2월 15, 2024 12:02:15 오후 org.apache.catalina.startup.HostConfig deployDirectory
정보: Deployment of web application directory C:\WAS\SEMS_MOBILE\webapps\231213 has finished in 51 ms
2월 15, 2024 12:02:15 오후 org.apache.catalina.startup.HostConfig deployDirectory
정보: Deploying web application directory C:\WAS\SEMS_MOBILE\webapps\231226
2월 15, 2024 12:02:15 오후 org.apache.catalina.startup.HostConfig deployDirectory
정보: Deployment of web application directory C:\WAS\SEMS_MOBILE\webapps\231226 has finished in 48 ms
2월 15, 2024 12:02:15 오후 org.apache.catalina.startup.HostConfig deployDirectory
정보: Deploying web application directory C:\WAS\SEMS_MOBILE\webapps\240125
2월 15, 2024 12:02:15 오후 org.apache.catalina.startup.HostConfig deployDirectory
정보: Deployment of web application directory C:\WAS\SEMS_MOBILE\webapps\240125 has finished in 48 ms
2월 15, 2024 12:02:15 오후 org.apache.catalina.startup.HostConfig deployDirectory
정보: Deploying web application directory C:\WAS\SEMS_MOBILE\webapps\240129
2월 15, 2024 12:02:15 오후 org.apache.catalina.startup.HostConfig deployDirectory
정보: Deployment of web application directory C:\WAS\SEMS_MOBILE\webapps\240129 has finished in 51 ms
2월 15, 2024 12:02:15 오후 org.apache.catalina.startup.HostConfig deployDirectory
정보: Deploying web application directory C:\WAS\SEMS_MOBILE\webapps\240201
2월 15, 2024 12:02:15 오후 org.apache.catalina.startup.HostConfig deployDirectory
정보: Deployment of web application directory C:\WAS\SEMS_MOBILE\webapps\240201 has finished in 53 ms
2월 15, 2024 12:02:15 오후 org.apache.catalina.startup.HostConfig deployDirectory
정보: Deploying web application directory C:\WAS\SEMS_MOBILE\webapps\2402124-2
2월 15, 2024 12:02:15 오후 org.apache.catalina.startup.HostConfig deployDirectory
정보: Deployment of web application directory C:\WAS\SEMS_MOBILE\webapps\2402124-2 has finished in 51 ms
2월 15, 2024 12:02:15 오후 org.apache.catalina.startup.HostConfig deployDirectory
정보: Deploying web application directory C:\WAS\SEMS_MOBILE\webapps\240214
2월 15, 2024 12:02:15 오후 org.apache.catalina.startup.HostConfig deployDirectory
정보: Deployment of web application directory C:\WAS\SEMS_MOBILE\webapps\240214 has finished in 73 ms
2월 15, 2024 12:02:15 오후 org.apache.catalina.startup.HostConfig deployDirectory
정보: Deploying web application directory C:\WAS\SEMS_MOBILE\webapps\docs
2월 15, 2024 12:02:15 오후 org.apache.catalina.startup.HostConfig deployDirectory
정보: Deployment of web application directory C:\WAS\SEMS_MOBILE\webapps\docs has finished in 54 ms
2월 15, 2024 12:02:15 오후 org.apache.catalina.startup.HostConfig deployDirectory
정보: Deploying web application directory C:\WAS\SEMS_MOBILE\webapps\examples
2월 15, 2024 12:02:16 오후 org.apache.catalina.startup.HostConfig deployDirectory
정보: Deployment of web application directory C:\WAS\SEMS_MOBILE\webapps\examples has finished in 265 ms
2월 15, 2024 12:02:16 오후 org.apache.catalina.startup.HostConfig deployDirectory
정보: Deploying web application directory C:\WAS\SEMS_MOBILE\webapps\host-manager
2월 15, 2024 12:02:16 오후 org.apache.catalina.startup.HostConfig deployDirectory
정보: Deployment of web application directory C:\WAS\SEMS_MOBILE\webapps\host-manager has finished in 58 ms
2월 15, 2024 12:02:16 오후 org.apache.catalina.startup.HostConfig deployDirectory
정보: Deploying web application directory C:\WAS\SEMS_MOBILE\webapps\manager
2월 15, 2024 12:02:16 오후 org.apache.catalina.startup.HostConfig deployDirectory
정보: Deployment of web application directory C:\WAS\SEMS_MOBILE\webapps\manager has finished in 60 ms
2월 15, 2024 12:02:16 오후 org.apache.coyote.AbstractProtocol start
정보: Starting ProtocolHandler ["http-apr-9092"]
2월 15, 2024 12:02:16 오후 org.apache.coyote.AbstractProtocol start
정보: Starting ProtocolHandler ["http-bio-8443"]
2월 15, 2024 12:02:16 오후 org.apache.coyote.AbstractProtocol start
정보: Starting ProtocolHandler ["ajp-apr-9100"]
2월 15, 2024 12:02:16 오후 org.apache.catalina.startup.Catalina start
정보: Server startup in 11252 ms
2월 15, 2024 12:03:12 오후 org.apache.coyote.AbstractProtocol pause
정보: Pausing ProtocolHandler ["http-apr-9092"]
2월 15, 2024 12:03:12 오후 org.apache.coyote.AbstractProtocol pause
정보: Pausing ProtocolHandler ["http-bio-8443"]
2월 15, 2024 12:03:12 오후 org.apache.coyote.AbstractProtocol pause
정보: Pausing ProtocolHandler ["ajp-apr-9100"]
2월 15, 2024 12:03:12 오후 org.apache.catalina.core.StandardService stopInternal
정보: Stopping service Catalina
2월 15, 2024 12:03:12 오후 org.apache.catalina.loader.WebappClassLoaderBase clearReferencesJdbc
심각: The web application [] registered the JDBC driver [org.mariadb.jdbc.Driver] but failed to unregister it when the web application was stopped. To prevent a memory leak, the JDBC Driver has been forcibly unregistered.
2월 15, 2024 12:03:12 오후 org.apache.catalina.loader.WebappClassLoaderBase clearReferencesJdbc
심각: The web application [] registered the JDBC driver [net.sf.log4jdbc.DriverSpy] but failed to unregister it when the web application was stopped. To prevent a memory leak, the JDBC Driver has been forcibly unregistered.
2월 15, 2024 12:03:12 오후 org.apache.coyote.AbstractProtocol stop
정보: Stopping ProtocolHandler ["http-apr-9092"]
2월 15, 2024 12:03:12 오후 org.apache.coyote.AbstractProtocol stop
정보: Stopping ProtocolHandler ["http-bio-8443"]
2월 15, 2024 12:03:12 오후 org.apache.coyote.AbstractProtocol stop
정보: Stopping ProtocolHandler ["ajp-apr-9100"]

2024-02-15 12:03:14 Commons Daemon procrun stderr initialized
2월 15, 2024 12:03:15 오후 org.apache.catalina.startup.VersionLoggerListener log
정보: Server version:        Apache Tomcat/7.0.69
2월 15, 2024 12:03:15 오후 org.apache.catalina.startup.VersionLoggerListener log
정보: Server built:          Apr 11 2016 07:57:09 UTC
2월 15, 2024 12:03:15 오후 org.apache.catalina.startup.VersionLoggerListener log
정보: Server number:         7.0.69.0
2월 15, 2024 12:03:15 오후 org.apache.catalina.startup.VersionLoggerListener log
정보: OS Name:               Windows Server 2012 R2
2월 15, 2024 12:03:15 오후 org.apache.catalina.startup.VersionLoggerListener log
정보: OS Version:            6.3
2월 15, 2024 12:03:15 오후 org.apache.catalina.startup.VersionLoggerListener log
정보: Architecture:          amd64
2월 15, 2024 12:03:15 오후 org.apache.catalina.startup.VersionLoggerListener log
정보: Java Home:             C:\Program Files\Java\openjdk-1.8.0\jre
2월 15, 2024 12:03:15 오후 org.apache.catalina.startup.VersionLoggerListener log
정보: JVM Version:           1.8.0_201-1-ojdkbuild-b09
2월 15, 2024 12:03:15 오후 org.apache.catalina.startup.VersionLoggerListener log
정보: JVM Vendor:            Oracle Corporation
2월 15, 2024 12:03:15 오후 org.apache.catalina.startup.VersionLoggerListener log
정보: CATALINA_BASE:         C:\WAS\SEMS_MOBILE
2월 15, 2024 12:03:15 오후 org.apache.catalina.startup.VersionLoggerListener log
정보: CATALINA_HOME:         C:\WAS\SEMS_MOBILE
2월 15, 2024 12:03:15 오후 org.apache.catalina.startup.VersionLoggerListener log
정보: Command line argument: -Dcatalina.home=C:\WAS\SEMS_MOBILE
2월 15, 2024 12:03:15 오후 org.apache.catalina.startup.VersionLoggerListener log
정보: Command line argument: -Dcatalina.base=C:\WAS\SEMS_MOBILE
2월 15, 2024 12:03:15 오후 org.apache.catalina.startup.VersionLoggerListener log
정보: Command line argument: -Djava.endorsed.dirs=C:\WAS\SEMS_MOBILE\endorsed
2월 15, 2024 12:03:15 오후 org.apache.catalina.startup.VersionLoggerListener log
정보: Command line argument: -Djava.io.tmpdir=C:\WAS\SEMS_MOBILE\temp
2월 15, 2024 12:03:15 오후 org.apache.catalina.startup.VersionLoggerListener log
정보: Command line argument: -Djava.util.logging.manager=org.apache.juli.ClassLoaderLogManager
2월 15, 2024 12:03:15 오후 org.apache.catalina.startup.VersionLoggerListener log
정보: Command line argument: -Djava.util.logging.config.file=C:\WAS\SEMS_MOBILE\conf\logging.properties
2월 15, 2024 12:03:15 오후 org.apache.catalina.startup.VersionLoggerListener log
정보: Command line argument: exit
2월 15, 2024 12:03:15 오후 org.apache.catalina.startup.VersionLoggerListener log
정보: Command line argument: -Xms128m
2월 15, 2024 12:03:15 오후 org.apache.catalina.startup.VersionLoggerListener log
정보: Command line argument: -Xmx256m
2월 15, 2024 12:03:15 오후 org.apache.catalina.core.AprLifecycleListener lifecycleEvent
정보: Loaded APR based Apache Tomcat Native library 1.1.33 using APR version 1.5.1.
2월 15, 2024 12:03:15 오후 org.apache.catalina.core.AprLifecycleListener lifecycleEvent
정보: APR capabilities: IPv6 [true], sendfile [true], accept filters [false], random [true].
2월 15, 2024 12:03:16 오후 org.apache.catalina.core.AprLifecycleListener initializeSSL
정보: OpenSSL successfully initialized (OpenSSL 1.0.1m 19 Mar 2015)
2월 15, 2024 12:03:16 오후 org.apache.coyote.AbstractProtocol init
정보: Initializing ProtocolHandler ["http-apr-9092"]
2월 15, 2024 12:03:16 오후 org.apache.coyote.AbstractProtocol init
정보: Initializing ProtocolHandler ["http-bio-8443"]
2월 15, 2024 12:03:17 오후 org.apache.coyote.AbstractProtocol init
정보: Initializing ProtocolHandler ["ajp-apr-9100"]
2월 15, 2024 12:03:17 오후 org.apache.catalina.startup.Catalina load
정보: Initialization processed in 2498 ms
2월 15, 2024 12:03:17 오후 org.apache.catalina.core.StandardService startInternal
정보: Starting service Catalina
2월 15, 2024 12:03:17 오후 org.apache.catalina.core.StandardEngine startInternal
정보: Starting Servlet Engine: Apache Tomcat/7.0.69
2월 15, 2024 12:03:17 오후 org.apache.catalina.startup.HostConfig deployWAR
정보: Deploying web application archive C:\WAS\SEMS_MOBILE\webapps\ROOT.war
2월 15, 2024 12:03:20 오후 org.apache.catalina.startup.TldConfig execute
정보: At least one JAR was scanned for TLDs yet contained no TLDs. Enable debug logging for this logger for a complete list of JARs that were scanned but no TLDs were found in them. Skipping unneeded JARs during scanning can improve startup time and JSP compilation time.
2월 15, 2024 12:03:27 오후 org.apache.catalina.startup.HostConfig deployWAR
정보: Deployment of web application archive C:\WAS\SEMS_MOBILE\webapps\ROOT.war has finished in 10,282 ms
2월 15, 2024 12:03:27 오후 org.apache.catalina.startup.HostConfig deployDirectory
정보: Deploying web application directory C:\WAS\SEMS_MOBILE\webapps\231212
2월 15, 2024 12:03:27 오후 org.apache.catalina.startup.HostConfig deployDirectory
정보: Deployment of web application directory C:\WAS\SEMS_MOBILE\webapps\231212 has finished in 84 ms
2월 15, 2024 12:03:27 오후 org.apache.catalina.startup.HostConfig deployDirectory
정보: Deploying web application directory C:\WAS\SEMS_MOBILE\webapps\231213
2월 15, 2024 12:03:27 오후 org.apache.catalina.startup.HostConfig deployDirectory
정보: Deployment of web application directory C:\WAS\SEMS_MOBILE\webapps\231213 has finished in 50 ms
2월 15, 2024 12:03:27 오후 org.apache.catalina.startup.HostConfig deployDirectory
정보: Deploying web application directory C:\WAS\SEMS_MOBILE\webapps\231226
2월 15, 2024 12:03:27 오후 org.apache.catalina.startup.HostConfig deployDirectory
정보: Deployment of web application directory C:\WAS\SEMS_MOBILE\webapps\231226 has finished in 48 ms
2월 15, 2024 12:03:28 오후 org.apache.catalina.startup.HostConfig deployDirectory
정보: Deploying web application directory C:\WAS\SEMS_MOBILE\webapps\240125
2월 15, 2024 12:03:28 오후 org.apache.catalina.startup.HostConfig deployDirectory
정보: Deployment of web application directory C:\WAS\SEMS_MOBILE\webapps\240125 has finished in 49 ms
2월 15, 2024 12:03:28 오후 org.apache.catalina.startup.HostConfig deployDirectory
정보: Deploying web application directory C:\WAS\SEMS_MOBILE\webapps\240129
2월 15, 2024 12:03:28 오후 org.apache.catalina.startup.HostConfig deployDirectory
정보: Deployment of web application directory C:\WAS\SEMS_MOBILE\webapps\240129 has finished in 47 ms
2월 15, 2024 12:03:28 오후 org.apache.catalina.startup.HostConfig deployDirectory
정보: Deploying web application directory C:\WAS\SEMS_MOBILE\webapps\240201
2월 15, 2024 12:03:28 오후 org.apache.catalina.startup.HostConfig deployDirectory
정보: Deployment of web application directory C:\WAS\SEMS_MOBILE\webapps\240201 has finished in 42 ms
2월 15, 2024 12:03:28 오후 org.apache.catalina.startup.HostConfig deployDirectory
정보: Deploying web application directory C:\WAS\SEMS_MOBILE\webapps\2402124-2
2월 15, 2024 12:03:28 오후 org.apache.catalina.startup.HostConfig deployDirectory
정보: Deployment of web application directory C:\WAS\SEMS_MOBILE\webapps\2402124-2 has finished in 42 ms
2월 15, 2024 12:03:28 오후 org.apache.catalina.startup.HostConfig deployDirectory
정보: Deploying web application directory C:\WAS\SEMS_MOBILE\webapps\240214
2월 15, 2024 12:03:28 오후 org.apache.catalina.startup.HostConfig deployDirectory
정보: Deployment of web application directory C:\WAS\SEMS_MOBILE\webapps\240214 has finished in 80 ms
2월 15, 2024 12:03:28 오후 org.apache.catalina.startup.HostConfig deployDirectory
정보: Deploying web application directory C:\WAS\SEMS_MOBILE\webapps\docs
2월 15, 2024 12:03:28 오후 org.apache.catalina.startup.HostConfig deployDirectory
정보: Deployment of web application directory C:\WAS\SEMS_MOBILE\webapps\docs has finished in 45 ms
2월 15, 2024 12:03:28 오후 org.apache.catalina.startup.HostConfig deployDirectory
정보: Deploying web application directory C:\WAS\SEMS_MOBILE\webapps\examples
2월 15, 2024 12:03:28 오후 org.apache.catalina.startup.HostConfig deployDirectory
정보: Deployment of web application directory C:\WAS\SEMS_MOBILE\webapps\examples has finished in 226 ms
2월 15, 2024 12:03:28 오후 org.apache.catalina.startup.HostConfig deployDirectory
정보: Deploying web application directory C:\WAS\SEMS_MOBILE\webapps\host-manager
2월 15, 2024 12:03:28 오후 org.apache.catalina.startup.HostConfig deployDirectory
정보: Deployment of web application directory C:\WAS\SEMS_MOBILE\webapps\host-manager has finished in 48 ms
2월 15, 2024 12:03:28 오후 org.apache.catalina.startup.HostConfig deployDirectory
정보: Deploying web application directory C:\WAS\SEMS_MOBILE\webapps\manager
2월 15, 2024 12:03:28 오후 org.apache.catalina.startup.HostConfig deployDirectory
정보: Deployment of web application directory C:\WAS\SEMS_MOBILE\webapps\manager has finished in 47 ms
2월 15, 2024 12:03:28 오후 org.apache.coyote.AbstractProtocol start
정보: Starting ProtocolHandler ["http-apr-9092"]
2월 15, 2024 12:03:28 오후 org.apache.coyote.AbstractProtocol start
정보: Starting ProtocolHandler ["http-bio-8443"]
2월 15, 2024 12:03:28 오후 org.apache.coyote.AbstractProtocol start
정보: Starting ProtocolHandler ["ajp-apr-9100"]
2월 15, 2024 12:03:28 오후 org.apache.catalina.startup.Catalina start
정보: Server startup in 11189 ms
2월 15, 2024 12:04:20 오후 org.apache.coyote.AbstractProtocol pause
정보: Pausing ProtocolHandler ["http-apr-9092"]
2월 15, 2024 12:04:20 오후 org.apache.coyote.AbstractProtocol pause
정보: Pausing ProtocolHandler ["http-bio-8443"]
2월 15, 2024 12:04:20 오후 org.apache.coyote.AbstractProtocol pause
정보: Pausing ProtocolHandler ["ajp-apr-9100"]
2월 15, 2024 12:04:20 오후 org.apache.catalina.core.StandardService stopInternal
정보: Stopping service Catalina
2월 15, 2024 12:04:20 오후 org.apache.catalina.loader.WebappClassLoaderBase clearReferencesJdbc
심각: The web application [] registered the JDBC driver [org.mariadb.jdbc.Driver] but failed to unregister it when the web application was stopped. To prevent a memory leak, the JDBC Driver has been forcibly unregistered.
2월 15, 2024 12:04:20 오후 org.apache.catalina.loader.WebappClassLoaderBase clearReferencesJdbc
심각: The web application [] registered the JDBC driver [net.sf.log4jdbc.DriverSpy] but failed to unregister it when the web application was stopped. To prevent a memory leak, the JDBC Driver has been forcibly unregistered.
2월 15, 2024 12:04:20 오후 org.apache.coyote.AbstractProtocol stop
정보: Stopping ProtocolHandler ["http-apr-9092"]
2월 15, 2024 12:04:20 오후 org.apache.coyote.AbstractProtocol stop
정보: Stopping ProtocolHandler ["http-bio-8443"]
2월 15, 2024 12:04:20 오후 org.apache.coyote.AbstractProtocol stop
정보: Stopping ProtocolHandler ["ajp-apr-9100"]

2024-02-15 12:04:22 Commons Daemon procrun stderr initialized
2월 15, 2024 12:04:23 오후 org.apache.catalina.startup.VersionLoggerListener log
정보: Server version:        Apache Tomcat/7.0.69
2월 15, 2024 12:04:23 오후 org.apache.catalina.startup.VersionLoggerListener log
정보: Server built:          Apr 11 2016 07:57:09 UTC
2월 15, 2024 12:04:23 오후 org.apache.catalina.startup.VersionLoggerListener log
정보: Server number:         7.0.69.0
2월 15, 2024 12:04:23 오후 org.apache.catalina.startup.VersionLoggerListener log
정보: OS Name:               Windows Server 2012 R2
2월 15, 2024 12:04:23 오후 org.apache.catalina.startup.VersionLoggerListener log
정보: OS Version:            6.3
2월 15, 2024 12:04:23 오후 org.apache.catalina.startup.VersionLoggerListener log
정보: Architecture:          amd64
2월 15, 2024 12:04:23 오후 org.apache.catalina.startup.VersionLoggerListener log
정보: Java Home:             C:\Program Files\Java\openjdk-1.8.0\jre
2월 15, 2024 12:04:23 오후 org.apache.catalina.startup.VersionLoggerListener log
정보: JVM Version:           1.8.0_201-1-ojdkbuild-b09
2월 15, 2024 12:04:23 오후 org.apache.catalina.startup.VersionLoggerListener log
정보: JVM Vendor:            Oracle Corporation
2월 15, 2024 12:04:23 오후 org.apache.catalina.startup.VersionLoggerListener log
정보: CATALINA_BASE:         C:\WAS\SEMS_MOBILE
2월 15, 2024 12:04:23 오후 org.apache.catalina.startup.VersionLoggerListener log
정보: CATALINA_HOME:         C:\WAS\SEMS_MOBILE
2월 15, 2024 12:04:23 오후 org.apache.catalina.startup.VersionLoggerListener log
정보: Command line argument: -Dcatalina.home=C:\WAS\SEMS_MOBILE
2월 15, 2024 12:04:23 오후 org.apache.catalina.startup.VersionLoggerListener log
정보: Command line argument: -Dcatalina.base=C:\WAS\SEMS_MOBILE
2월 15, 2024 12:04:23 오후 org.apache.catalina.startup.VersionLoggerListener log
정보: Command line argument: -Djava.endorsed.dirs=C:\WAS\SEMS_MOBILE\endorsed
2월 15, 2024 12:04:23 오후 org.apache.catalina.startup.VersionLoggerListener log
정보: Command line argument: -Djava.io.tmpdir=C:\WAS\SEMS_MOBILE\temp
2월 15, 2024 12:04:23 오후 org.apache.catalina.startup.VersionLoggerListener log
정보: Command line argument: -Djava.util.logging.manager=org.apache.juli.ClassLoaderLogManager
2월 15, 2024 12:04:23 오후 org.apache.catalina.startup.VersionLoggerListener log
정보: Command line argument: -Djava.util.logging.config.file=C:\WAS\SEMS_MOBILE\conf\logging.properties
2월 15, 2024 12:04:23 오후 org.apache.catalina.startup.VersionLoggerListener log
정보: Command line argument: exit
2월 15, 2024 12:04:23 오후 org.apache.catalina.startup.VersionLoggerListener log
정보: Command line argument: -Xms128m
2월 15, 2024 12:04:23 오후 org.apache.catalina.startup.VersionLoggerListener log
정보: Command line argument: -Xmx256m
2월 15, 2024 12:04:23 오후 org.apache.catalina.core.AprLifecycleListener lifecycleEvent
정보: Loaded APR based Apache Tomcat Native library 1.1.33 using APR version 1.5.1.
2월 15, 2024 12:04:23 오후 org.apache.catalina.core.AprLifecycleListener lifecycleEvent
정보: APR capabilities: IPv6 [true], sendfile [true], accept filters [false], random [true].
2월 15, 2024 12:04:24 오후 org.apache.catalina.core.AprLifecycleListener initializeSSL
정보: OpenSSL successfully initialized (OpenSSL 1.0.1m 19 Mar 2015)
2월 15, 2024 12:04:24 오후 org.apache.coyote.AbstractProtocol init
정보: Initializing ProtocolHandler ["http-apr-9092"]
2월 15, 2024 12:04:25 오후 org.apache.coyote.AbstractProtocol init
정보: Initializing ProtocolHandler ["http-bio-8443"]
2월 15, 2024 12:04:25 오후 org.apache.coyote.AbstractProtocol init
정보: Initializing ProtocolHandler ["ajp-apr-9100"]
2월 15, 2024 12:04:25 오후 org.apache.catalina.startup.Catalina load
정보: Initialization processed in 2737 ms
2월 15, 2024 12:04:25 오후 org.apache.catalina.core.StandardService startInternal
정보: Starting service Catalina
2월 15, 2024 12:04:25 오후 org.apache.catalina.core.StandardEngine startInternal
정보: Starting Servlet Engine: Apache Tomcat/7.0.69
2월 15, 2024 12:04:25 오후 org.apache.catalina.startup.HostConfig deployWAR
정보: Deploying web application archive C:\WAS\SEMS_MOBILE\webapps\ROOT.war
2월 15, 2024 12:04:28 오후 org.apache.catalina.startup.TldConfig execute
정보: At least one JAR was scanned for TLDs yet contained no TLDs. Enable debug logging for this logger for a complete list of JARs that were scanned but no TLDs were found in them. Skipping unneeded JARs during scanning can improve startup time and JSP compilation time.
2월 15, 2024 12:04:36 오후 org.apache.catalina.startup.HostConfig deployWAR
정보: Deployment of web application archive C:\WAS\SEMS_MOBILE\webapps\ROOT.war has finished in 10,447 ms
2월 15, 2024 12:04:36 오후 org.apache.catalina.startup.HostConfig deployDirectory
정보: Deploying web application directory C:\WAS\SEMS_MOBILE\webapps\231212
2월 15, 2024 12:04:36 오후 org.apache.catalina.startup.HostConfig deployDirectory
정보: Deployment of web application directory C:\WAS\SEMS_MOBILE\webapps\231212 has finished in 54 ms
2월 15, 2024 12:04:36 오후 org.apache.catalina.startup.HostConfig deployDirectory
정보: Deploying web application directory C:\WAS\SEMS_MOBILE\webapps\231213
2월 15, 2024 12:04:36 오후 org.apache.catalina.startup.HostConfig deployDirectory
정보: Deployment of web application directory C:\WAS\SEMS_MOBILE\webapps\231213 has finished in 48 ms
2월 15, 2024 12:04:36 오후 org.apache.catalina.startup.HostConfig deployDirectory
정보: Deploying web application directory C:\WAS\SEMS_MOBILE\webapps\231226
2월 15, 2024 12:04:36 오후 org.apache.catalina.startup.HostConfig deployDirectory
정보: Deployment of web application directory C:\WAS\SEMS_MOBILE\webapps\231226 has finished in 52 ms
2월 15, 2024 12:04:36 오후 org.apache.catalina.startup.HostConfig deployDirectory
정보: Deploying web application directory C:\WAS\SEMS_MOBILE\webapps\240125
2월 15, 2024 12:04:36 오후 org.apache.catalina.startup.HostConfig deployDirectory
정보: Deployment of web application directory C:\WAS\SEMS_MOBILE\webapps\240125 has finished in 54 ms
2월 15, 2024 12:04:36 오후 org.apache.catalina.startup.HostConfig deployDirectory
정보: Deploying web application directory C:\WAS\SEMS_MOBILE\webapps\240129
2월 15, 2024 12:04:36 오후 org.apache.catalina.startup.HostConfig deployDirectory
정보: Deployment of web application directory C:\WAS\SEMS_MOBILE\webapps\240129 has finished in 51 ms
2월 15, 2024 12:04:36 오후 org.apache.catalina.startup.HostConfig deployDirectory
정보: Deploying web application directory C:\WAS\SEMS_MOBILE\webapps\240201
2월 15, 2024 12:04:36 오후 org.apache.catalina.startup.HostConfig deployDirectory
정보: Deployment of web application directory C:\WAS\SEMS_MOBILE\webapps\240201 has finished in 49 ms
2월 15, 2024 12:04:36 오후 org.apache.catalina.startup.HostConfig deployDirectory
정보: Deploying web application directory C:\WAS\SEMS_MOBILE\webapps\2402124-2
2월 15, 2024 12:04:36 오후 org.apache.catalina.startup.HostConfig deployDirectory
정보: Deployment of web application directory C:\WAS\SEMS_MOBILE\webapps\2402124-2 has finished in 59 ms
2월 15, 2024 12:04:36 오후 org.apache.catalina.startup.HostConfig deployDirectory
정보: Deploying web application directory C:\WAS\SEMS_MOBILE\webapps\240214
2월 15, 2024 12:04:36 오후 org.apache.catalina.startup.HostConfig deployDirectory
정보: Deployment of web application directory C:\WAS\SEMS_MOBILE\webapps\240214 has finished in 48 ms
2월 15, 2024 12:04:36 오후 org.apache.catalina.startup.HostConfig deployDirectory
정보: Deploying web application directory C:\WAS\SEMS_MOBILE\webapps\docs
2월 15, 2024 12:04:36 오후 org.apache.catalina.startup.HostConfig deployDirectory
정보: Deployment of web application directory C:\WAS\SEMS_MOBILE\webapps\docs has finished in 50 ms
2월 15, 2024 12:04:36 오후 org.apache.catalina.startup.HostConfig deployDirectory
정보: Deploying web application directory C:\WAS\SEMS_MOBILE\webapps\examples
2월 15, 2024 12:04:36 오후 org.apache.catalina.startup.HostConfig deployDirectory
정보: Deployment of web application directory C:\WAS\SEMS_MOBILE\webapps\examples has finished in 256 ms
2월 15, 2024 12:04:36 오후 org.apache.catalina.startup.HostConfig deployDirectory
정보: Deploying web application directory C:\WAS\SEMS_MOBILE\webapps\host-manager
2월 15, 2024 12:04:36 오후 org.apache.catalina.startup.HostConfig deployDirectory
정보: Deployment of web application directory C:\WAS\SEMS_MOBILE\webapps\host-manager has finished in 60 ms
2월 15, 2024 12:04:36 오후 org.apache.catalina.startup.HostConfig deployDirectory
정보: Deploying web application directory C:\WAS\SEMS_MOBILE\webapps\manager
2월 15, 2024 12:04:36 오후 org.apache.catalina.startup.HostConfig deployDirectory
정보: Deployment of web application directory C:\WAS\SEMS_MOBILE\webapps\manager has finished in 54 ms
2월 15, 2024 12:04:36 오후 org.apache.coyote.AbstractProtocol start
정보: Starting ProtocolHandler ["http-apr-9092"]
2월 15, 2024 12:04:36 오후 org.apache.coyote.AbstractProtocol start
정보: Starting ProtocolHandler ["http-bio-8443"]
2월 15, 2024 12:04:36 오후 org.apache.coyote.AbstractProtocol start
정보: Starting ProtocolHandler ["ajp-apr-9100"]
2월 15, 2024 12:04:36 오후 org.apache.catalina.startup.Catalina start
정보: Server startup in 11409 ms
2월 15, 2024 12:07:10 오후 org.apache.coyote.AbstractProtocol pause
정보: Pausing ProtocolHandler ["http-apr-9092"]
2월 15, 2024 12:07:10 오후 org.apache.coyote.AbstractProtocol pause
정보: Pausing ProtocolHandler ["http-bio-8443"]
2월 15, 2024 12:07:10 오후 org.apache.coyote.AbstractProtocol pause
정보: Pausing ProtocolHandler ["ajp-apr-9100"]
2월 15, 2024 12:07:10 오후 org.apache.catalina.core.StandardService stopInternal
정보: Stopping service Catalina
2월 15, 2024 12:07:10 오후 org.apache.catalina.loader.WebappClassLoaderBase clearReferencesJdbc
심각: The web application [] registered the JDBC driver [org.mariadb.jdbc.Driver] but failed to unregister it when the web application was stopped. To prevent a memory leak, the JDBC Driver has been forcibly unregistered.
2월 15, 2024 12:07:10 오후 org.apache.catalina.loader.WebappClassLoaderBase clearReferencesJdbc
심각: The web application [] registered the JDBC driver [net.sf.log4jdbc.DriverSpy] but failed to unregister it when the web application was stopped. To prevent a memory leak, the JDBC Driver has been forcibly unregistered.
2월 15, 2024 12:07:10 오후 org.apache.coyote.AbstractProtocol stop
정보: Stopping ProtocolHandler ["http-apr-9092"]
2월 15, 2024 12:07:10 오후 org.apache.coyote.AbstractProtocol stop
정보: Stopping ProtocolHandler ["http-bio-8443"]
2월 15, 2024 12:07:10 오후 org.apache.coyote.AbstractProtocol stop
정보: Stopping ProtocolHandler ["ajp-apr-9100"]

2024-02-15 12:07:12 Commons Daemon procrun stderr initialized
2월 15, 2024 12:07:13 오후 org.apache.catalina.startup.VersionLoggerListener log
정보: Server version:        Apache Tomcat/7.0.69
2월 15, 2024 12:07:13 오후 org.apache.catalina.startup.VersionLoggerListener log
정보: Server built:          Apr 11 2016 07:57:09 UTC
2월 15, 2024 12:07:13 오후 org.apache.catalina.startup.VersionLoggerListener log
정보: Server number:         7.0.69.0
2월 15, 2024 12:07:13 오후 org.apache.catalina.startup.VersionLoggerListener log
정보: OS Name:               Windows Server 2012 R2
2월 15, 2024 12:07:13 오후 org.apache.catalina.startup.VersionLoggerListener log
정보: OS Version:            6.3
2월 15, 2024 12:07:13 오후 org.apache.catalina.startup.VersionLoggerListener log
정보: Architecture:          amd64
2월 15, 2024 12:07:13 오후 org.apache.catalina.startup.VersionLoggerListener log
정보: Java Home:             C:\Program Files\Java\openjdk-1.8.0\jre
2월 15, 2024 12:07:13 오후 org.apache.catalina.startup.VersionLoggerListener log
정보: JVM Version:           1.8.0_201-1-ojdkbuild-b09
2월 15, 2024 12:07:13 오후 org.apache.catalina.startup.VersionLoggerListener log
정보: JVM Vendor:            Oracle Corporation
2월 15, 2024 12:07:13 오후 org.apache.catalina.startup.VersionLoggerListener log
정보: CATALINA_BASE:         C:\WAS\SEMS_MOBILE
2월 15, 2024 12:07:13 오후 org.apache.catalina.startup.VersionLoggerListener log
정보: CATALINA_HOME:         C:\WAS\SEMS_MOBILE
2월 15, 2024 12:07:13 오후 org.apache.catalina.startup.VersionLoggerListener log
정보: Command line argument: -Dcatalina.home=C:\WAS\SEMS_MOBILE
2월 15, 2024 12:07:13 오후 org.apache.catalina.startup.VersionLoggerListener log
정보: Command line argument: -Dcatalina.base=C:\WAS\SEMS_MOBILE
2월 15, 2024 12:07:13 오후 org.apache.catalina.startup.VersionLoggerListener log
정보: Command line argument: -Djava.endorsed.dirs=C:\WAS\SEMS_MOBILE\endorsed
2월 15, 2024 12:07:13 오후 org.apache.catalina.startup.VersionLoggerListener log
정보: Command line argument: -Djava.io.tmpdir=C:\WAS\SEMS_MOBILE\temp
2월 15, 2024 12:07:13 오후 org.apache.catalina.startup.VersionLoggerListener log
정보: Command line argument: -Djava.util.logging.manager=org.apache.juli.ClassLoaderLogManager
2월 15, 2024 12:07:13 오후 org.apache.catalina.startup.VersionLoggerListener log
정보: Command line argument: -Djava.util.logging.config.file=C:\WAS\SEMS_MOBILE\conf\logging.properties
2월 15, 2024 12:07:13 오후 org.apache.catalina.startup.VersionLoggerListener log
정보: Command line argument: exit
2월 15, 2024 12:07:13 오후 org.apache.catalina.startup.VersionLoggerListener log
정보: Command line argument: -Xms128m
2월 15, 2024 12:07:13 오후 org.apache.catalina.startup.VersionLoggerListener log
정보: Command line argument: -Xmx256m
2월 15, 2024 12:07:13 오후 org.apache.catalina.core.AprLifecycleListener lifecycleEvent
정보: Loaded APR based Apache Tomcat Native library 1.1.33 using APR version 1.5.1.
2월 15, 2024 12:07:13 오후 org.apache.catalina.core.AprLifecycleListener lifecycleEvent
정보: APR capabilities: IPv6 [true], sendfile [true], accept filters [false], random [true].
2월 15, 2024 12:07:15 오후 org.apache.catalina.core.AprLifecycleListener initializeSSL
정보: OpenSSL successfully initialized (OpenSSL 1.0.1m 19 Mar 2015)
2월 15, 2024 12:07:15 오후 org.apache.coyote.AbstractProtocol init
정보: Initializing ProtocolHandler ["http-apr-9092"]
2월 15, 2024 12:07:15 오후 org.apache.coyote.AbstractProtocol init
정보: Initializing ProtocolHandler ["http-bio-8443"]
2월 15, 2024 12:07:15 오후 org.apache.coyote.AbstractProtocol init
정보: Initializing ProtocolHandler ["ajp-apr-9100"]
2월 15, 2024 12:07:15 오후 org.apache.catalina.startup.Catalina load
정보: Initialization processed in 2490 ms
2월 15, 2024 12:07:15 오후 org.apache.catalina.core.StandardService startInternal
정보: Starting service Catalina
2월 15, 2024 12:07:15 오후 org.apache.catalina.core.StandardEngine startInternal
정보: Starting Servlet Engine: Apache Tomcat/7.0.69
2월 15, 2024 12:07:15 오후 org.apache.catalina.startup.HostConfig deployWAR
정보: Deploying web application archive C:\WAS\SEMS_MOBILE\webapps\ROOT.war
2월 15, 2024 12:07:18 오후 org.apache.catalina.startup.TldConfig execute
정보: At least one JAR was scanned for TLDs yet contained no TLDs. Enable debug logging for this logger for a complete list of JARs that were scanned but no TLDs were found in them. Skipping unneeded JARs during scanning can improve startup time and JSP compilation time.
2월 15, 2024 12:07:26 오후 org.apache.catalina.startup.HostConfig deployWAR
정보: Deployment of web application archive C:\WAS\SEMS_MOBILE\webapps\ROOT.war has finished in 10,453 ms
2월 15, 2024 12:07:26 오후 org.apache.catalina.startup.HostConfig deployDirectory
정보: Deploying web application directory C:\WAS\SEMS_MOBILE\webapps\231212
2월 15, 2024 12:07:26 오후 org.apache.catalina.startup.HostConfig deployDirectory
정보: Deployment of web application directory C:\WAS\SEMS_MOBILE\webapps\231212 has finished in 59 ms
2월 15, 2024 12:07:26 오후 org.apache.catalina.startup.HostConfig deployDirectory
정보: Deploying web application directory C:\WAS\SEMS_MOBILE\webapps\231213
2월 15, 2024 12:07:26 오후 org.apache.catalina.startup.HostConfig deployDirectory
정보: Deployment of web application directory C:\WAS\SEMS_MOBILE\webapps\231213 has finished in 234 ms
2월 15, 2024 12:07:26 오후 org.apache.catalina.startup.HostConfig deployDirectory
정보: Deploying web application directory C:\WAS\SEMS_MOBILE\webapps\231226
2월 15, 2024 12:07:26 오후 org.apache.catalina.startup.HostConfig deployDirectory
정보: Deployment of web application directory C:\WAS\SEMS_MOBILE\webapps\231226 has finished in 53 ms
2월 15, 2024 12:07:26 오후 org.apache.catalina.startup.HostConfig deployDirectory
정보: Deploying web application directory C:\WAS\SEMS_MOBILE\webapps\240125
2월 15, 2024 12:07:26 오후 org.apache.catalina.startup.HostConfig deployDirectory
정보: Deployment of web application directory C:\WAS\SEMS_MOBILE\webapps\240125 has finished in 51 ms
2월 15, 2024 12:07:26 오후 org.apache.catalina.startup.HostConfig deployDirectory
정보: Deploying web application directory C:\WAS\SEMS_MOBILE\webapps\240129
2월 15, 2024 12:07:26 오후 org.apache.catalina.startup.HostConfig deployDirectory
정보: Deployment of web application directory C:\WAS\SEMS_MOBILE\webapps\240129 has finished in 50 ms
2월 15, 2024 12:07:26 오후 org.apache.catalina.startup.HostConfig deployDirectory
정보: Deploying web application directory C:\WAS\SEMS_MOBILE\webapps\240201
2월 15, 2024 12:07:26 오후 org.apache.catalina.startup.HostConfig deployDirectory
정보: Deployment of web application directory C:\WAS\SEMS_MOBILE\webapps\240201 has finished in 50 ms
2월 15, 2024 12:07:26 오후 org.apache.catalina.startup.HostConfig deployDirectory
정보: Deploying web application directory C:\WAS\SEMS_MOBILE\webapps\2402124-2
2월 15, 2024 12:07:26 오후 org.apache.catalina.startup.HostConfig deployDirectory
정보: Deployment of web application directory C:\WAS\SEMS_MOBILE\webapps\2402124-2 has finished in 48 ms
2월 15, 2024 12:07:26 오후 org.apache.catalina.startup.HostConfig deployDirectory
정보: Deploying web application directory C:\WAS\SEMS_MOBILE\webapps\240214
2월 15, 2024 12:07:26 오후 org.apache.catalina.startup.HostConfig deployDirectory
정보: Deployment of web application directory C:\WAS\SEMS_MOBILE\webapps\240214 has finished in 65 ms
2월 15, 2024 12:07:26 오후 org.apache.catalina.startup.HostConfig deployDirectory
정보: Deploying web application directory C:\WAS\SEMS_MOBILE\webapps\docs
2월 15, 2024 12:07:26 오후 org.apache.catalina.startup.HostConfig deployDirectory
정보: Deployment of web application directory C:\WAS\SEMS_MOBILE\webapps\docs has finished in 49 ms
2월 15, 2024 12:07:26 오후 org.apache.catalina.startup.HostConfig deployDirectory
정보: Deploying web application directory C:\WAS\SEMS_MOBILE\webapps\examples
2월 15, 2024 12:07:27 오후 org.apache.catalina.startup.HostConfig deployDirectory
정보: Deployment of web application directory C:\WAS\SEMS_MOBILE\webapps\examples has finished in 250 ms
2월 15, 2024 12:07:27 오후 org.apache.catalina.startup.HostConfig deployDirectory
정보: Deploying web application directory C:\WAS\SEMS_MOBILE\webapps\host-manager
2월 15, 2024 12:07:27 오후 org.apache.catalina.startup.HostConfig deployDirectory
정보: Deployment of web application directory C:\WAS\SEMS_MOBILE\webapps\host-manager has finished in 59 ms
2월 15, 2024 12:07:27 오후 org.apache.catalina.startup.HostConfig deployDirectory
정보: Deploying web application directory C:\WAS\SEMS_MOBILE\webapps\manager
2월 15, 2024 12:07:27 오후 org.apache.catalina.startup.HostConfig deployDirectory
정보: Deployment of web application directory C:\WAS\SEMS_MOBILE\webapps\manager has finished in 56 ms
2월 15, 2024 12:07:27 오후 org.apache.coyote.AbstractProtocol start
정보: Starting ProtocolHandler ["http-apr-9092"]
2월 15, 2024 12:07:27 오후 org.apache.coyote.AbstractProtocol start
정보: Starting ProtocolHandler ["http-bio-8443"]
2월 15, 2024 12:07:27 오후 org.apache.coyote.AbstractProtocol start
정보: Starting ProtocolHandler ["ajp-apr-9100"]
2월 15, 2024 12:07:27 오후 org.apache.catalina.startup.Catalina start
정보: Server startup in 11589 ms
2월 15, 2024 3:49:13 오후 org.apache.catalina.startup.HostConfig deployDirectory
정보: Deploying web application directory C:\WAS\SEMS_MOBILE\webapps\240215
2월 15, 2024 3:49:13 오후 org.apache.catalina.startup.HostConfig deployDirectory
정보: Deployment of web application directory C:\WAS\SEMS_MOBILE\webapps\240215 has finished in 67 ms
2월 15, 2024 3:49:24 오후 org.apache.catalina.startup.HostConfig undeploy
정보: Undeploying context []
2월 15, 2024 3:49:24 오후 org.apache.catalina.loader.WebappClassLoaderBase clearReferencesJdbc
심각: The web application [] registered the JDBC driver [org.mariadb.jdbc.Driver] but failed to unregister it when the web application was stopped. To prevent a memory leak, the JDBC Driver has been forcibly unregistered.
2월 15, 2024 3:49:24 오후 org.apache.catalina.loader.WebappClassLoaderBase clearReferencesJdbc
심각: The web application [] registered the JDBC driver [net.sf.log4jdbc.DriverSpy] but failed to unregister it when the web application was stopped. To prevent a memory leak, the JDBC Driver has been forcibly unregistered.
2월 15, 2024 3:49:35 오후 org.apache.catalina.startup.HostConfig deployWAR
정보: Deploying web application archive C:\WAS\SEMS_MOBILE\webapps\ROOT.war
2월 15, 2024 3:49:52 오후 org.apache.catalina.startup.TldConfig execute
정보: At least one JAR was scanned for TLDs yet contained no TLDs. Enable debug logging for this logger for a complete list of JARs that were scanned but no TLDs were found in them. Skipping unneeded JARs during scanning can improve startup time and JSP compilation time.
2월 15, 2024 3:49:58 오후 org.apache.catalina.startup.HostConfig deployWAR
정보: Deployment of web application archive C:\WAS\SEMS_MOBILE\webapps\ROOT.war has finished in 23,236 ms
2월 15, 2024 4:02:51 오후 org.apache.coyote.AbstractProtocol pause
정보: Pausing ProtocolHandler ["http-apr-9092"]
2월 15, 2024 4:02:51 오후 org.apache.coyote.AbstractProtocol pause
정보: Pausing ProtocolHandler ["http-bio-8443"]
2월 15, 2024 4:02:51 오후 org.apache.coyote.AbstractProtocol pause
정보: Pausing ProtocolHandler ["ajp-apr-9100"]
2월 15, 2024 4:02:51 오후 org.apache.catalina.core.StandardService stopInternal
정보: Stopping service Catalina
2월 15, 2024 4:02:51 오후 org.apache.catalina.loader.WebappClassLoaderBase clearReferencesJdbc
심각: The web application [] registered the JDBC driver [org.mariadb.jdbc.Driver] but failed to unregister it when the web application was stopped. To prevent a memory leak, the JDBC Driver has been forcibly unregistered.
2월 15, 2024 4:02:51 오후 org.apache.catalina.loader.WebappClassLoaderBase clearReferencesJdbc
심각: The web application [] registered the JDBC driver [net.sf.log4jdbc.DriverSpy] but failed to unregister it when the web application was stopped. To prevent a memory leak, the JDBC Driver has been forcibly unregistered.
2월 15, 2024 4:02:51 오후 org.apache.catalina.loader.WebappClassLoaderBase clearReferencesThreads
심각: The web application [] appears to have started a thread named [java-sdk-http-connection-reaper] but has failed to stop it. This is very likely to create a memory leak.
2월 15, 2024 4:02:51 오후 org.apache.coyote.AbstractProtocol stop
정보: Stopping ProtocolHandler ["http-apr-9092"]
2월 15, 2024 4:02:51 오후 org.apache.coyote.AbstractProtocol stop
정보: Stopping ProtocolHandler ["http-bio-8443"]
2월 15, 2024 4:02:51 오후 org.apache.coyote.AbstractProtocol stop
정보: Stopping ProtocolHandler ["ajp-apr-9100"]

2024-02-15 16:02:53 Commons Daemon procrun stderr initialized
2월 15, 2024 4:02:54 오후 org.apache.catalina.startup.VersionLoggerListener log
정보: Server version:        Apache Tomcat/7.0.69
2월 15, 2024 4:02:54 오후 org.apache.catalina.startup.VersionLoggerListener log
정보: Server built:          Apr 11 2016 07:57:09 UTC
2월 15, 2024 4:02:54 오후 org.apache.catalina.startup.VersionLoggerListener log
정보: Server number:         7.0.69.0
2월 15, 2024 4:02:54 오후 org.apache.catalina.startup.VersionLoggerListener log
정보: OS Name:               Windows Server 2012 R2
2월 15, 2024 4:02:54 오후 org.apache.catalina.startup.VersionLoggerListener log
정보: OS Version:            6.3
2월 15, 2024 4:02:54 오후 org.apache.catalina.startup.VersionLoggerListener log
정보: Architecture:          amd64
2월 15, 2024 4:02:54 오후 org.apache.catalina.startup.VersionLoggerListener log
정보: Java Home:             C:\Program Files\Java\openjdk-1.8.0\jre
2월 15, 2024 4:02:54 오후 org.apache.catalina.startup.VersionLoggerListener log
정보: JVM Version:           1.8.0_201-1-ojdkbuild-b09
2월 15, 2024 4:02:54 오후 org.apache.catalina.startup.VersionLoggerListener log
정보: JVM Vendor:            Oracle Corporation
2월 15, 2024 4:02:54 오후 org.apache.catalina.startup.VersionLoggerListener log
정보: CATALINA_BASE:         C:\WAS\SEMS_MOBILE
2월 15, 2024 4:02:54 오후 org.apache.catalina.startup.VersionLoggerListener log
정보: CATALINA_HOME:         C:\WAS\SEMS_MOBILE
2월 15, 2024 4:02:54 오후 org.apache.catalina.startup.VersionLoggerListener log
정보: Command line argument: -Dcatalina.home=C:\WAS\SEMS_MOBILE
2월 15, 2024 4:02:54 오후 org.apache.catalina.startup.VersionLoggerListener log
정보: Command line argument: -Dcatalina.base=C:\WAS\SEMS_MOBILE
2월 15, 2024 4:02:54 오후 org.apache.catalina.startup.VersionLoggerListener log
정보: Command line argument: -Djava.endorsed.dirs=C:\WAS\SEMS_MOBILE\endorsed
2월 15, 2024 4:02:54 오후 org.apache.catalina.startup.VersionLoggerListener log
정보: Command line argument: -Djava.io.tmpdir=C:\WAS\SEMS_MOBILE\temp
2월 15, 2024 4:02:54 오후 org.apache.catalina.startup.VersionLoggerListener log
정보: Command line argument: -Djava.util.logging.manager=org.apache.juli.ClassLoaderLogManager
2월 15, 2024 4:02:54 오후 org.apache.catalina.startup.VersionLoggerListener log
정보: Command line argument: -Djava.util.logging.config.file=C:\WAS\SEMS_MOBILE\conf\logging.properties
2월 15, 2024 4:02:54 오후 org.apache.catalina.startup.VersionLoggerListener log
정보: Command line argument: exit
2월 15, 2024 4:02:54 오후 org.apache.catalina.startup.VersionLoggerListener log
정보: Command line argument: -Xms128m
2월 15, 2024 4:02:54 오후 org.apache.catalina.startup.VersionLoggerListener log
정보: Command line argument: -Xmx256m
2월 15, 2024 4:02:54 오후 org.apache.catalina.core.AprLifecycleListener lifecycleEvent
정보: Loaded APR based Apache Tomcat Native library 1.1.33 using APR version 1.5.1.
2월 15, 2024 4:02:54 오후 org.apache.catalina.core.AprLifecycleListener lifecycleEvent
정보: APR capabilities: IPv6 [true], sendfile [true], accept filters [false], random [true].
2월 15, 2024 4:02:55 오후 org.apache.catalina.core.AprLifecycleListener initializeSSL
정보: OpenSSL successfully initialized (OpenSSL 1.0.1m 19 Mar 2015)
2월 15, 2024 4:02:55 오후 org.apache.coyote.AbstractProtocol init
정보: Initializing ProtocolHandler ["http-apr-9092"]
2월 15, 2024 4:02:55 오후 org.apache.coyote.AbstractProtocol init
정보: Initializing ProtocolHandler ["http-bio-8443"]
2월 15, 2024 4:02:56 오후 org.apache.coyote.AbstractProtocol init
정보: Initializing ProtocolHandler ["ajp-apr-9100"]
2월 15, 2024 4:02:56 오후 org.apache.catalina.startup.Catalina load
정보: Initialization processed in 2505 ms
2월 15, 2024 4:02:56 오후 org.apache.catalina.core.StandardService startInternal
정보: Starting service Catalina
2월 15, 2024 4:02:56 오후 org.apache.catalina.core.StandardEngine startInternal
정보: Starting Servlet Engine: Apache Tomcat/7.0.69
2월 15, 2024 4:02:56 오후 org.apache.catalina.startup.HostConfig deployWAR
정보: Deploying web application archive C:\WAS\SEMS_MOBILE\webapps\ROOT.war
2월 15, 2024 4:02:59 오후 org.apache.catalina.startup.TldConfig execute
정보: At least one JAR was scanned for TLDs yet contained no TLDs. Enable debug logging for this logger for a complete list of JARs that were scanned but no TLDs were found in them. Skipping unneeded JARs during scanning can improve startup time and JSP compilation time.
2월 15, 2024 4:03:06 오후 org.apache.catalina.startup.HostConfig deployWAR
정보: Deployment of web application archive C:\WAS\SEMS_MOBILE\webapps\ROOT.war has finished in 10,429 ms
2월 15, 2024 4:03:06 오후 org.apache.catalina.startup.HostConfig deployDirectory
정보: Deploying web application directory C:\WAS\SEMS_MOBILE\webapps\231212
2월 15, 2024 4:03:06 오후 org.apache.catalina.startup.HostConfig deployDirectory
정보: Deployment of web application directory C:\WAS\SEMS_MOBILE\webapps\231212 has finished in 61 ms
2월 15, 2024 4:03:06 오후 org.apache.catalina.startup.HostConfig deployDirectory
정보: Deploying web application directory C:\WAS\SEMS_MOBILE\webapps\231213
2월 15, 2024 4:03:06 오후 org.apache.catalina.startup.HostConfig deployDirectory
정보: Deployment of web application directory C:\WAS\SEMS_MOBILE\webapps\231213 has finished in 54 ms
2월 15, 2024 4:03:06 오후 org.apache.catalina.startup.HostConfig deployDirectory
정보: Deploying web application directory C:\WAS\SEMS_MOBILE\webapps\231226
2월 15, 2024 4:03:06 오후 org.apache.catalina.startup.HostConfig deployDirectory
정보: Deployment of web application directory C:\WAS\SEMS_MOBILE\webapps\231226 has finished in 53 ms
2월 15, 2024 4:03:06 오후 org.apache.catalina.startup.HostConfig deployDirectory
정보: Deploying web application directory C:\WAS\SEMS_MOBILE\webapps\240125
2월 15, 2024 4:03:06 오후 org.apache.catalina.startup.HostConfig deployDirectory
정보: Deployment of web application directory C:\WAS\SEMS_MOBILE\webapps\240125 has finished in 47 ms
2월 15, 2024 4:03:06 오후 org.apache.catalina.startup.HostConfig deployDirectory
정보: Deploying web application directory C:\WAS\SEMS_MOBILE\webapps\240129
2월 15, 2024 4:03:06 오후 org.apache.catalina.startup.HostConfig deployDirectory
정보: Deployment of web application directory C:\WAS\SEMS_MOBILE\webapps\240129 has finished in 48 ms
2월 15, 2024 4:03:06 오후 org.apache.catalina.startup.HostConfig deployDirectory
정보: Deploying web application directory C:\WAS\SEMS_MOBILE\webapps\240201
2월 15, 2024 4:03:07 오후 org.apache.catalina.startup.HostConfig deployDirectory
정보: Deployment of web application directory C:\WAS\SEMS_MOBILE\webapps\240201 has finished in 44 ms
2월 15, 2024 4:03:07 오후 org.apache.catalina.startup.HostConfig deployDirectory
정보: Deploying web application directory C:\WAS\SEMS_MOBILE\webapps\2402124-2
2월 15, 2024 4:03:07 오후 org.apache.catalina.startup.HostConfig deployDirectory
정보: Deployment of web application directory C:\WAS\SEMS_MOBILE\webapps\2402124-2 has finished in 55 ms
2월 15, 2024 4:03:07 오후 org.apache.catalina.startup.HostConfig deployDirectory
정보: Deploying web application directory C:\WAS\SEMS_MOBILE\webapps\240214
2월 15, 2024 4:03:07 오후 org.apache.catalina.startup.HostConfig deployDirectory
정보: Deployment of web application directory C:\WAS\SEMS_MOBILE\webapps\240214 has finished in 68 ms
2월 15, 2024 4:03:07 오후 org.apache.catalina.startup.HostConfig deployDirectory
정보: Deploying web application directory C:\WAS\SEMS_MOBILE\webapps\240215
2월 15, 2024 4:03:07 오후 org.apache.catalina.startup.HostConfig deployDirectory
정보: Deployment of web application directory C:\WAS\SEMS_MOBILE\webapps\240215 has finished in 49 ms
2월 15, 2024 4:03:07 오후 org.apache.catalina.startup.HostConfig deployDirectory
정보: Deploying web application directory C:\WAS\SEMS_MOBILE\webapps\docs
2월 15, 2024 4:03:07 오후 org.apache.catalina.startup.HostConfig deployDirectory
정보: Deployment of web application directory C:\WAS\SEMS_MOBILE\webapps\docs has finished in 48 ms
2월 15, 2024 4:03:07 오후 org.apache.catalina.startup.HostConfig deployDirectory
정보: Deploying web application directory C:\WAS\SEMS_MOBILE\webapps\examples
2월 15, 2024 4:03:07 오후 org.apache.catalina.startup.HostConfig deployDirectory
정보: Deployment of web application directory C:\WAS\SEMS_MOBILE\webapps\examples has finished in 236 ms
2월 15, 2024 4:03:07 오후 org.apache.catalina.startup.HostConfig deployDirectory
정보: Deploying web application directory C:\WAS\SEMS_MOBILE\webapps\host-manager
2월 15, 2024 4:03:07 오후 org.apache.catalina.startup.HostConfig deployDirectory
정보: Deployment of web application directory C:\WAS\SEMS_MOBILE\webapps\host-manager has finished in 61 ms
2월 15, 2024 4:03:07 오후 org.apache.catalina.startup.HostConfig deployDirectory
정보: Deploying web application directory C:\WAS\SEMS_MOBILE\webapps\manager
2월 15, 2024 4:03:07 오후 org.apache.catalina.startup.HostConfig deployDirectory
정보: Deployment of web application directory C:\WAS\SEMS_MOBILE\webapps\manager has finished in 93 ms
2월 15, 2024 4:03:07 오후 org.apache.coyote.AbstractProtocol start
정보: Starting ProtocolHandler ["http-apr-9092"]
2월 15, 2024 4:03:07 오후 org.apache.coyote.AbstractProtocol start
정보: Starting ProtocolHandler ["http-bio-8443"]
2월 15, 2024 4:03:07 오후 org.apache.coyote.AbstractProtocol start
정보: Starting ProtocolHandler ["ajp-apr-9100"]
2월 15, 2024 4:03:07 오후 org.apache.catalina.startup.Catalina start
정보: Server startup in 11463 ms
2월 15, 2024 4:20:28 오후 org.apache.catalina.startup.HostConfig undeploy
정보: Undeploying context []
2월 15, 2024 4:20:28 오후 org.apache.catalina.loader.WebappClassLoaderBase clearReferencesJdbc
심각: The web application [] registered the JDBC driver [org.mariadb.jdbc.Driver] but failed to unregister it when the web application was stopped. To prevent a memory leak, the JDBC Driver has been forcibly unregistered.
2월 15, 2024 4:20:28 오후 org.apache.catalina.loader.WebappClassLoaderBase clearReferencesJdbc
심각: The web application [] registered the JDBC driver [net.sf.log4jdbc.DriverSpy] but failed to unregister it when the web application was stopped. To prevent a memory leak, the JDBC Driver has been forcibly unregistered.
2월 15, 2024 4:20:28 오후 org.apache.catalina.loader.WebappClassLoaderBase clearReferencesThreads
심각: The web application [] appears to have started a thread named [java-sdk-http-connection-reaper] but has failed to stop it. This is very likely to create a memory leak.
2월 15, 2024 4:20:40 오후 org.apache.catalina.startup.HostConfig deployWAR
정보: Deploying web application archive C:\WAS\SEMS_MOBILE\webapps\ROOT.war
2월 15, 2024 4:20:49 오후 org.apache.catalina.startup.TldConfig execute
정보: At least one JAR was scanned for TLDs yet contained no TLDs. Enable debug logging for this logger for a complete list of JARs that were scanned but no TLDs were found in them. Skipping unneeded JARs during scanning can improve startup time and JSP compilation time.
2월 15, 2024 4:20:55 오후 org.apache.catalina.startup.HostConfig deployWAR
정보: Deployment of web application archive C:\WAS\SEMS_MOBILE\webapps\ROOT.war has finished in 15,838 ms
2월 15, 2024 4:24:47 오후 org.apache.catalina.startup.HostConfig undeploy
정보: Undeploying context []
2월 15, 2024 4:24:47 오후 org.apache.catalina.loader.WebappClassLoaderBase clearReferencesJdbc
심각: The web application [] registered the JDBC driver [org.mariadb.jdbc.Driver] but failed to unregister it when the web application was stopped. To prevent a memory leak, the JDBC Driver has been forcibly unregistered.
2월 15, 2024 4:24:47 오후 org.apache.catalina.loader.WebappClassLoaderBase clearReferencesJdbc
심각: The web application [] registered the JDBC driver [net.sf.log4jdbc.DriverSpy] but failed to unregister it when the web application was stopped. To prevent a memory leak, the JDBC Driver has been forcibly unregistered.
2월 15, 2024 4:24:58 오후 org.apache.catalina.startup.HostConfig deployWAR
정보: Deploying web application archive C:\WAS\SEMS_MOBILE\webapps\ROOT.war
2월 15, 2024 4:24:58 오후 org.apache.catalina.startup.ContextConfig beforeStart
심각: Exception fixing docBase for context []
java.util.zip.ZipException: error in opening zip file
	at java.util.zip.ZipFile.open(Native Method)
	at java.util.zip.ZipFile.<init>(ZipFile.java:225)
	at java.util.zip.ZipFile.<init>(ZipFile.java:155)
	at java.util.jar.JarFile.<init>(JarFile.java:166)
	at java.util.jar.JarFile.<init>(JarFile.java:103)
	at sun.net.www.protocol.jar.URLJarFile.<init>(URLJarFile.java:93)
	at sun.net.www.protocol.jar.URLJarFile.getJarFile(URLJarFile.java:69)
	at sun.net.www.protocol.jar.JarFileFactory.get(JarFileFactory.java:109)
	at sun.net.www.protocol.jar.JarURLConnection.connect(JarURLConnection.java:122)
	at sun.net.www.protocol.jar.JarURLConnection.getJarFile(JarURLConnection.java:89)
	at org.apache.catalina.startup.ExpandWar.expand(ExpandWar.java:111)
	at org.apache.catalina.startup.ContextConfig.fixDocBase(ContextConfig.java:736)
	at org.apache.catalina.startup.ContextConfig.beforeStart(ContextConfig.java:861)
	at org.apache.catalina.startup.ContextConfig.lifecycleEvent(ContextConfig.java:389)
	at org.apache.catalina.util.LifecycleSupport.fireLifecycleEvent(LifecycleSupport.java:117)
	at org.apache.catalina.util.LifecycleBase.fireLifecycleEvent(LifecycleBase.java:90)
	at org.apache.catalina.util.LifecycleBase.setStateInternal(LifecycleBase.java:394)
	at org.apache.catalina.util.LifecycleBase.start(LifecycleBase.java:144)
	at org.apache.catalina.core.ContainerBase.addChildInternal(ContainerBase.java:899)
	at org.apache.catalina.core.ContainerBase.addChild(ContainerBase.java:875)
	at org.apache.catalina.core.StandardHost.addChild(StandardHost.java:652)
	at org.apache.catalina.startup.HostConfig.deployWAR(HostConfig.java:1092)
	at org.apache.catalina.startup.HostConfig$DeployWar.run(HostConfig.java:1984)
	at java.util.concurrent.Executors$RunnableAdapter.call(Executors.java:511)
	at java.util.concurrent.FutureTask.run(FutureTask.java:266)
	at java.util.concurrent.ThreadPoolExecutor.runWorker(ThreadPoolExecutor.java:1149)
	at java.util.concurrent.ThreadPoolExecutor$Worker.run(ThreadPoolExecutor.java:624)
	at java.lang.Thread.run(Thread.java:748)

2월 15, 2024 4:24:58 오후 org.apache.catalina.core.StandardContext resourcesStart
심각: Error starting static Resources
java.lang.IllegalArgumentException: Invalid or unreadable WAR file : error in opening zip file
	at org.apache.naming.resources.WARDirContext.setDocBase(WARDirContext.java:136)
	at org.apache.catalina.core.StandardContext.resourcesStart(StandardContext.java:5197)
	at org.apache.catalina.core.StandardContext.startInternal(StandardContext.java:5386)
	at org.apache.catalina.util.LifecycleBase.start(LifecycleBase.java:147)
	at org.apache.catalina.core.ContainerBase.addChildInternal(ContainerBase.java:899)
	at org.apache.catalina.core.ContainerBase.addChild(ContainerBase.java:875)
	at org.apache.catalina.core.StandardHost.addChild(StandardHost.java:652)
	at org.apache.catalina.startup.HostConfig.deployWAR(HostConfig.java:1092)
	at org.apache.catalina.startup.HostConfig$DeployWar.run(HostConfig.java:1984)
	at java.util.concurrent.Executors$RunnableAdapter.call(Executors.java:511)
	at java.util.concurrent.FutureTask.run(FutureTask.java:266)
	at java.util.concurrent.ThreadPoolExecutor.runWorker(ThreadPoolExecutor.java:1149)
	at java.util.concurrent.ThreadPoolExecutor$Worker.run(ThreadPoolExecutor.java:624)
	at java.lang.Thread.run(Thread.java:748)

2월 15, 2024 4:24:58 오후 org.apache.catalina.core.ContainerBase addChildInternal
심각: ContainerBase.addChild: start: 
org.apache.catalina.LifecycleException: Failed to start component [StandardEngine[Catalina].StandardHost[localhost].StandardContext[]]
	at org.apache.catalina.util.LifecycleBase.start(LifecycleBase.java:153)
	at org.apache.catalina.core.ContainerBase.addChildInternal(ContainerBase.java:899)
	at org.apache.catalina.core.ContainerBase.addChild(ContainerBase.java:875)
	at org.apache.catalina.core.StandardHost.addChild(StandardHost.java:652)
	at org.apache.catalina.startup.HostConfig.deployWAR(HostConfig.java:1092)
	at org.apache.catalina.startup.HostConfig$DeployWar.run(HostConfig.java:1984)
	at java.util.concurrent.Executors$RunnableAdapter.call(Executors.java:511)
	at java.util.concurrent.FutureTask.run(FutureTask.java:266)
	at java.util.concurrent.ThreadPoolExecutor.runWorker(ThreadPoolExecutor.java:1149)
	at java.util.concurrent.ThreadPoolExecutor$Worker.run(ThreadPoolExecutor.java:624)
	at java.lang.Thread.run(Thread.java:748)
Caused by: org.apache.catalina.LifecycleException: Error in resourceStart()
	at org.apache.catalina.core.StandardContext.startInternal(StandardContext.java:5387)
	at org.apache.catalina.util.LifecycleBase.start(LifecycleBase.java:147)
	... 10 more

2월 15, 2024 4:24:58 오후 org.apache.catalina.startup.HostConfig deployWAR
심각: Error deploying web application archive C:\WAS\SEMS_MOBILE\webapps\ROOT.war
java.lang.IllegalStateException: ContainerBase.addChild: start: org.apache.catalina.LifecycleException: Failed to start component [StandardEngine[Catalina].StandardHost[localhost].StandardContext[]]
	at org.apache.catalina.core.ContainerBase.addChildInternal(ContainerBase.java:903)
	at org.apache.catalina.core.ContainerBase.addChild(ContainerBase.java:875)
	at org.apache.catalina.core.StandardHost.addChild(StandardHost.java:652)
	at org.apache.catalina.startup.HostConfig.deployWAR(HostConfig.java:1092)
	at org.apache.catalina.startup.HostConfig$DeployWar.run(HostConfig.java:1984)
	at java.util.concurrent.Executors$RunnableAdapter.call(Executors.java:511)
	at java.util.concurrent.FutureTask.run(FutureTask.java:266)
	at java.util.concurrent.ThreadPoolExecutor.runWorker(ThreadPoolExecutor.java:1149)
	at java.util.concurrent.ThreadPoolExecutor$Worker.run(ThreadPoolExecutor.java:624)
	at java.lang.Thread.run(Thread.java:748)

2월 15, 2024 4:24:58 오후 org.apache.catalina.startup.HostConfig deployWAR
정보: Deployment of web application archive C:\WAS\SEMS_MOBILE\webapps\ROOT.war has finished in 20 ms
2월 15, 2024 4:25:08 오후 org.apache.catalina.startup.HostConfig undeploy
정보: Undeploying context []
2월 15, 2024 4:25:08 오후 org.apache.catalina.startup.HostConfig deployWAR
정보: Deploying web application archive C:\WAS\SEMS_MOBILE\webapps\ROOT.war
2월 15, 2024 4:25:19 오후 org.apache.catalina.startup.TldConfig execute
정보: At least one JAR was scanned for TLDs yet contained no TLDs. Enable debug logging for this logger for a complete list of JARs that were scanned but no TLDs were found in them. Skipping unneeded JARs during scanning can improve startup time and JSP compilation time.
2월 15, 2024 4:25:26 오후 org.apache.catalina.startup.HostConfig deployWAR
정보: Deployment of web application archive C:\WAS\SEMS_MOBILE\webapps\ROOT.war has finished in 18,218 ms
2월 15, 2024 5:24:38 오후 org.apache.catalina.startup.HostConfig undeploy
정보: Undeploying context []
2월 15, 2024 5:24:38 오후 org.apache.catalina.loader.WebappClassLoaderBase clearReferencesJdbc
심각: The web application [] registered the JDBC driver [org.mariadb.jdbc.Driver] but failed to unregister it when the web application was stopped. To prevent a memory leak, the JDBC Driver has been forcibly unregistered.
2월 15, 2024 5:24:38 오후 org.apache.catalina.loader.WebappClassLoaderBase clearReferencesJdbc
심각: The web application [] registered the JDBC driver [net.sf.log4jdbc.DriverSpy] but failed to unregister it when the web application was stopped. To prevent a memory leak, the JDBC Driver has been forcibly unregistered.
2월 15, 2024 5:24:38 오후 org.apache.catalina.loader.WebappClassLoaderBase clearReferencesThreads
심각: The web application [] appears to have started a thread named [java-sdk-http-connection-reaper] but has failed to stop it. This is very likely to create a memory leak.
2월 15, 2024 5:24:49 오후 org.apache.catalina.startup.HostConfig deployWAR
정보: Deploying web application archive C:\WAS\SEMS_MOBILE\webapps\ROOT.war
2월 15, 2024 5:25:07 오후 org.apache.catalina.startup.TldConfig execute
정보: At least one JAR was scanned for TLDs yet contained no TLDs. Enable debug logging for this logger for a complete list of JARs that were scanned but no TLDs were found in them. Skipping unneeded JARs during scanning can improve startup time and JSP compilation time.
2월 15, 2024 5:25:13 오후 org.apache.catalina.startup.HostConfig deployWAR
정보: Deployment of web application archive C:\WAS\SEMS_MOBILE\webapps\ROOT.war has finished in 23,639 ms
2월 16, 2024 3:31:06 오전 org.apache.catalina.realm.LockOutRealm authenticate
경고: An attempt was made to authenticate the locked user "root"
2월 16, 2024 3:52:25 오후 org.apache.catalina.realm.LockOutRealm authenticate
경고: An attempt was made to authenticate the locked user "admin1"
2월 16, 2024 3:52:25 오후 org.apache.catalina.realm.LockOutRealm authenticate
경고: An attempt was made to authenticate the locked user "admin1"
2월 16, 2024 3:52:25 오후 org.apache.catalina.realm.LockOutRealm authenticate
경고: An attempt was made to authenticate the locked user "admin1"
2월 16, 2024 3:52:25 오후 org.apache.catalina.realm.LockOutRealm authenticate
경고: An attempt was made to authenticate the locked user "admin1"
2월 16, 2024 3:52:25 오후 org.apache.catalina.realm.LockOutRealm authenticate
경고: An attempt was made to authenticate the locked user "admin1"
2월 16, 2024 3:52:25 오후 org.apache.catalina.realm.LockOutRealm authenticate
경고: An attempt was made to authenticate the locked user "admin1"
2월 16, 2024 3:52:25 오후 org.apache.catalina.realm.LockOutRealm authenticate
경고: An attempt was made to authenticate the locked user "admin1"
2월 16, 2024 3:52:25 오후 org.apache.catalina.realm.LockOutRealm authenticate
경고: An attempt was made to authenticate the locked user "admin1"
2월 16, 2024 3:52:25 오후 org.apache.catalina.realm.LockOutRealm authenticate
경고: An attempt was made to authenticate the locked user "admin1"
2월 16, 2024 3:52:25 오후 org.apache.catalina.realm.LockOutRealm authenticate
경고: An attempt was made to authenticate the locked user "admin1"
2월 16, 2024 3:52:25 오후 org.apache.catalina.realm.LockOutRealm authenticate
경고: An attempt was made to authenticate the locked user "tomcat1"
2월 16, 2024 3:52:25 오후 org.apache.catalina.realm.LockOutRealm authenticate
경고: An attempt was made to authenticate the locked user "tomcat1"
2월 16, 2024 3:52:25 오후 org.apache.catalina.realm.LockOutRealm authenticate
경고: An attempt was made to authenticate the locked user "tomcat1"
2월 16, 2024 3:52:25 오후 org.apache.catalina.realm.LockOutRealm authenticate
경고: An attempt was made to authenticate the locked user "tomcat1"
2월 16, 2024 3:52:25 오후 org.apache.catalina.realm.LockOutRealm authenticate
경고: An attempt was made to authenticate the locked user "tomcat1"
2월 16, 2024 3:52:25 오후 org.apache.catalina.realm.LockOutRealm authenticate
경고: An attempt was made to authenticate the locked user "tomcat1"
2월 16, 2024 3:52:25 오후 org.apache.catalina.realm.LockOutRealm authenticate
경고: An attempt was made to authenticate the locked user "tomcat1"
2월 16, 2024 3:52:25 오후 org.apache.catalina.realm.LockOutRealm authenticate
경고: An attempt was made to authenticate the locked user "tomcat1"
2월 16, 2024 3:52:25 오후 org.apache.catalina.realm.LockOutRealm authenticate
경고: An attempt was made to authenticate the locked user "tomcat1"
2월 16, 2024 3:52:25 오후 org.apache.catalina.realm.LockOutRealm authenticate
경고: An attempt was made to authenticate the locked user "tomcat1"
2월 16, 2024 3:52:26 오후 org.apache.catalina.realm.LockOutRealm authenticate
경고: An attempt was made to authenticate the locked user "root1"
2월 16, 2024 3:52:26 오후 org.apache.catalina.realm.LockOutRealm authenticate
경고: An attempt was made to authenticate the locked user "root1"
2월 16, 2024 3:52:26 오후 org.apache.catalina.realm.LockOutRealm authenticate
경고: An attempt was made to authenticate the locked user "root1"
2월 16, 2024 3:52:26 오후 org.apache.catalina.realm.LockOutRealm authenticate
경고: An attempt was made to authenticate the locked user "root1"
2월 16, 2024 3:52:26 오후 org.apache.catalina.realm.LockOutRealm authenticate
경고: An attempt was made to authenticate the locked user "root1"
2월 16, 2024 3:52:26 오후 org.apache.catalina.realm.LockOutRealm authenticate
경고: An attempt was made to authenticate the locked user "root1"
2월 16, 2024 3:52:26 오후 org.apache.catalina.realm.LockOutRealm authenticate
경고: An attempt was made to authenticate the locked user "root1"
2월 16, 2024 3:52:26 오후 org.apache.catalina.realm.LockOutRealm authenticate
경고: An attempt was made to authenticate the locked user "root1"
2월 16, 2024 3:52:26 오후 org.apache.catalina.realm.LockOutRealm authenticate
경고: An attempt was made to authenticate the locked user "root1"
2월 16, 2024 3:52:26 오후 org.apache.catalina.realm.LockOutRealm authenticate
경고: An attempt was made to authenticate the locked user "root1"
2월 16, 2024 3:52:26 오후 org.apache.catalina.realm.LockOutRealm authenticate
경고: An attempt was made to authenticate the locked user "test"
2월 16, 2024 3:52:26 오후 org.apache.catalina.realm.LockOutRealm authenticate
경고: An attempt was made to authenticate the locked user "test"
2월 16, 2024 3:52:26 오후 org.apache.catalina.realm.LockOutRealm authenticate
경고: An attempt was made to authenticate the locked user "test"
2월 16, 2024 3:52:26 오후 org.apache.catalina.realm.LockOutRealm authenticate
경고: An attempt was made to authenticate the locked user "test"
2월 16, 2024 3:52:26 오후 org.apache.catalina.realm.LockOutRealm authenticate
경고: An attempt was made to authenticate the locked user "test"
2월 16, 2024 3:52:26 오후 org.apache.catalina.realm.LockOutRealm authenticate
경고: An attempt was made to authenticate the locked user "test"
2월 16, 2024 3:52:26 오후 org.apache.catalina.realm.LockOutRealm authenticate
경고: An attempt was made to authenticate the locked user "test"
2월 16, 2024 3:52:26 오후 org.apache.catalina.realm.LockOutRealm authenticate
경고: An attempt was made to authenticate the locked user "test"
2월 16, 2024 3:52:26 오후 org.apache.catalina.realm.LockOutRealm authenticate
경고: An attempt was made to authenticate the locked user "test"
2월 16, 2024 3:52:26 오후 org.apache.catalina.realm.LockOutRealm authenticate
경고: An attempt was made to authenticate the locked user "test"
2월 16, 2024 3:52:26 오후 org.apache.catalina.realm.LockOutRealm authenticate
경고: An attempt was made to authenticate the locked user "test"
2월 16, 2024 3:52:26 오후 org.apache.catalina.realm.LockOutRealm authenticate
경고: An attempt was made to authenticate the locked user "test"
2월 16, 2024 3:52:26 오후 org.apache.catalina.realm.LockOutRealm authenticate
경고: An attempt was made to authenticate the locked user "test"
2월 16, 2024 3:52:26 오후 org.apache.catalina.realm.LockOutRealm authenticate
경고: An attempt was made to authenticate the locked user "admin"
2월 16, 2024 3:52:26 오후 org.apache.catalina.realm.LockOutRealm authenticate
경고: An attempt was made to authenticate the locked user "admin"
2월 16, 2024 3:52:26 오후 org.apache.catalina.realm.LockOutRealm authenticate
경고: An attempt was made to authenticate the locked user "admin"
2월 16, 2024 3:52:26 오후 org.apache.catalina.realm.LockOutRealm authenticate
경고: An attempt was made to authenticate the locked user "admin"
2월 16, 2024 3:52:26 오후 org.apache.catalina.realm.LockOutRealm authenticate
경고: An attempt was made to authenticate the locked user "admin"
2월 16, 2024 3:52:26 오후 org.apache.catalina.realm.LockOutRealm authenticate
경고: An attempt was made to authenticate the locked user "admin"
2월 16, 2024 3:52:26 오후 org.apache.catalina.realm.LockOutRealm authenticate
경고: An attempt was made to authenticate the locked user "admin"
2월 16, 2024 3:52:26 오후 org.apache.catalina.realm.LockOutRealm authenticate
경고: An attempt was made to authenticate the locked user "admin"
2월 16, 2024 3:52:26 오후 org.apache.catalina.realm.LockOutRealm authenticate
경고: An attempt was made to authenticate the locked user "admin"
2월 16, 2024 3:52:26 오후 org.apache.catalina.realm.LockOutRealm authenticate
경고: An attempt was made to authenticate the locked user "admin"
2월 16, 2024 3:52:26 오후 org.apache.catalina.realm.LockOutRealm authenticate
경고: An attempt was made to authenticate the locked user "admin0"
2월 16, 2024 3:52:26 오후 org.apache.catalina.realm.LockOutRealm authenticate
경고: An attempt was made to authenticate the locked user "admin0"
2월 16, 2024 3:52:26 오후 org.apache.catalina.realm.LockOutRealm authenticate
경고: An attempt was made to authenticate the locked user "admin0"
2월 16, 2024 3:52:26 오후 org.apache.catalina.realm.LockOutRealm authenticate
경고: An attempt was made to authenticate the locked user "admin0"
2월 16, 2024 3:52:26 오후 org.apache.catalina.realm.LockOutRealm authenticate
경고: An attempt was made to authenticate the locked user "admin0"
2월 16, 2024 3:52:26 오후 org.apache.catalina.realm.LockOutRealm authenticate
경고: An attempt was made to authenticate the locked user "admin0"
2월 16, 2024 3:52:26 오후 org.apache.catalina.realm.LockOutRealm authenticate
경고: An attempt was made to authenticate the locked user "admin0"
2월 16, 2024 3:52:26 오후 org.apache.catalina.realm.LockOutRealm authenticate
경고: An attempt was made to authenticate the locked user "admin0"
2월 16, 2024 3:52:26 오후 org.apache.catalina.realm.LockOutRealm authenticate
경고: An attempt was made to authenticate the locked user "admin0"
2월 16, 2024 3:52:26 오후 org.apache.catalina.realm.LockOutRealm authenticate
경고: An attempt was made to authenticate the locked user "admin0"
2월 16, 2024 3:52:26 오후 org.apache.catalina.realm.LockOutRealm authenticate
경고: An attempt was made to authenticate the locked user "admin123"
2월 16, 2024 3:52:26 오후 org.apache.catalina.realm.LockOutRealm authenticate
경고: An attempt was made to authenticate the locked user "admin123"
2월 16, 2024 3:52:26 오후 org.apache.catalina.realm.LockOutRealm authenticate
경고: An attempt was made to authenticate the locked user "admin123"
2월 16, 2024 3:52:26 오후 org.apache.catalina.realm.LockOutRealm authenticate
경고: An attempt was made to authenticate the locked user "admin123"
2월 16, 2024 3:52:26 오후 org.apache.catalina.realm.LockOutRealm authenticate
경고: An attempt was made to authenticate the locked user "admin123"
2월 16, 2024 3:52:26 오후 org.apache.catalina.realm.LockOutRealm authenticate
경고: An attempt was made to authenticate the locked user "admin123"
2월 16, 2024 3:52:26 오후 org.apache.catalina.realm.LockOutRealm authenticate
경고: An attempt was made to authenticate the locked user "admin123"
2월 16, 2024 3:52:26 오후 org.apache.catalina.realm.LockOutRealm authenticate
경고: An attempt was made to authenticate the locked user "admin123"
2월 16, 2024 3:52:26 오후 org.apache.catalina.realm.LockOutRealm authenticate
경고: An attempt was made to authenticate the locked user "admin123"
2월 16, 2024 3:52:26 오후 org.apache.catalina.realm.LockOutRealm authenticate
경고: An attempt was made to authenticate the locked user "admin123"
2월 16, 2024 3:52:26 오후 org.apache.catalina.realm.LockOutRealm authenticate
경고: An attempt was made to authenticate the locked user "tomcat0"
2월 16, 2024 3:52:26 오후 org.apache.catalina.realm.LockOutRealm authenticate
경고: An attempt was made to authenticate the locked user "tomcat0"
2월 16, 2024 3:52:26 오후 org.apache.catalina.realm.LockOutRealm authenticate
경고: An attempt was made to authenticate the locked user "tomcat0"
2월 16, 2024 3:52:26 오후 org.apache.catalina.realm.LockOutRealm authenticate
경고: An attempt was made to authenticate the locked user "tomcat0"
2월 16, 2024 3:52:26 오후 org.apache.catalina.realm.LockOutRealm authenticate
경고: An attempt was made to authenticate the locked user "tomcat0"
2월 16, 2024 3:52:26 오후 org.apache.catalina.realm.LockOutRealm authenticate
경고: An attempt was made to authenticate the locked user "tomcat0"
2월 16, 2024 3:52:26 오후 org.apache.catalina.realm.LockOutRealm authenticate
경고: An attempt was made to authenticate the locked user "tomcat0"
2월 16, 2024 3:52:26 오후 org.apache.catalina.realm.LockOutRealm authenticate
경고: An attempt was made to authenticate the locked user "tomcat0"
2월 16, 2024 3:52:26 오후 org.apache.catalina.realm.LockOutRealm authenticate
경고: An attempt was made to authenticate the locked user "tomcat0"
2월 16, 2024 3:52:26 오후 org.apache.catalina.realm.LockOutRealm authenticate
경고: An attempt was made to authenticate the locked user "tomcat0"
2월 16, 2024 3:52:27 오후 org.apache.catalina.realm.LockOutRealm authenticate
경고: An attempt was made to authenticate the locked user "root123"
2월 16, 2024 3:52:27 오후 org.apache.catalina.realm.LockOutRealm authenticate
경고: An attempt was made to authenticate the locked user "root123"
2월 16, 2024 3:52:27 오후 org.apache.catalina.realm.LockOutRealm authenticate
경고: An attempt was made to authenticate the locked user "root123"
2월 16, 2024 3:52:27 오후 org.apache.catalina.realm.LockOutRealm authenticate
경고: An attempt was made to authenticate the locked user "root123"
2월 16, 2024 3:52:27 오후 org.apache.catalina.realm.LockOutRealm authenticate
경고: An attempt was made to authenticate the locked user "root123"
2월 16, 2024 3:52:27 오후 org.apache.catalina.realm.LockOutRealm authenticate
경고: An attempt was made to authenticate the locked user "root123"
2월 16, 2024 3:52:27 오후 org.apache.catalina.realm.LockOutRealm authenticate
경고: An attempt was made to authenticate the locked user "root123"
2월 16, 2024 3:52:27 오후 org.apache.catalina.realm.LockOutRealm authenticate
경고: An attempt was made to authenticate the locked user "root123"
2월 16, 2024 3:52:27 오후 org.apache.catalina.realm.LockOutRealm authenticate
경고: An attempt was made to authenticate the locked user "root123"
2월 16, 2024 3:52:27 오후 org.apache.catalina.realm.LockOutRealm authenticate
경고: An attempt was made to authenticate the locked user "root123"
2월 16, 2024 3:52:27 오후 org.apache.catalina.realm.LockOutRealm authenticate
경고: An attempt was made to authenticate the locked user "root0"
2월 16, 2024 3:52:27 오후 org.apache.catalina.realm.LockOutRealm authenticate
경고: An attempt was made to authenticate the locked user "root0"
2월 16, 2024 3:52:27 오후 org.apache.catalina.realm.LockOutRealm authenticate
경고: An attempt was made to authenticate the locked user "root0"
2월 16, 2024 3:52:27 오후 org.apache.catalina.realm.LockOutRealm authenticate
경고: An attempt was made to authenticate the locked user "root0"
2월 16, 2024 3:52:27 오후 org.apache.catalina.realm.LockOutRealm authenticate
경고: An attempt was made to authenticate the locked user "root0"
2월 16, 2024 3:52:27 오후 org.apache.catalina.realm.LockOutRealm authenticate
경고: An attempt was made to authenticate the locked user "root0"
2월 16, 2024 3:52:27 오후 org.apache.catalina.realm.LockOutRealm authenticate
경고: An attempt was made to authenticate the locked user "root0"
2월 16, 2024 3:52:27 오후 org.apache.catalina.realm.LockOutRealm authenticate
경고: An attempt was made to authenticate the locked user "root0"
2월 16, 2024 3:52:27 오후 org.apache.catalina.realm.LockOutRealm authenticate
경고: An attempt was made to authenticate the locked user "root0"
2월 16, 2024 3:52:27 오후 org.apache.catalina.realm.LockOutRealm authenticate
경고: An attempt was made to authenticate the locked user "root0"
2월 16, 2024 3:52:27 오후 org.apache.catalina.realm.LockOutRealm authenticate
경고: An attempt was made to authenticate the locked user "1"
2월 16, 2024 3:52:27 오후 org.apache.catalina.realm.LockOutRealm authenticate
경고: An attempt was made to authenticate the locked user "1"
2월 16, 2024 3:52:27 오후 org.apache.catalina.realm.LockOutRealm authenticate
경고: An attempt was made to authenticate the locked user "1"
2월 16, 2024 3:52:27 오후 org.apache.catalina.realm.LockOutRealm authenticate
경고: An attempt was made to authenticate the locked user "1"
2월 16, 2024 3:52:27 오후 org.apache.catalina.realm.LockOutRealm authenticate
경고: An attempt was made to authenticate the locked user "1"
2월 16, 2024 3:52:27 오후 org.apache.catalina.realm.LockOutRealm authenticate
경고: An attempt was made to authenticate the locked user "1"
2월 16, 2024 3:52:27 오후 org.apache.catalina.realm.LockOutRealm authenticate
경고: An attempt was made to authenticate the locked user "1"
2월 16, 2024 3:52:27 오후 org.apache.catalina.realm.LockOutRealm authenticate
경고: An attempt was made to authenticate the locked user "1"
2월 16, 2024 3:52:27 오후 org.apache.catalina.realm.LockOutRealm authenticate
경고: An attempt was made to authenticate the locked user "1"
2월 16, 2024 3:52:27 오후 org.apache.catalina.realm.LockOutRealm authenticate
경고: An attempt was made to authenticate the locked user "1"
2월 16, 2024 3:52:27 오후 org.apache.catalina.realm.LockOutRealm authenticate
경고: An attempt was made to authenticate the locked user "0"
2월 16, 2024 3:52:27 오후 org.apache.catalina.realm.LockOutRealm authenticate
경고: An attempt was made to authenticate the locked user "0"
2월 16, 2024 3:52:27 오후 org.apache.catalina.realm.LockOutRealm authenticate
경고: An attempt was made to authenticate the locked user "0"
2월 16, 2024 3:52:27 오후 org.apache.catalina.realm.LockOutRealm authenticate
경고: An attempt was made to authenticate the locked user "0"
2월 16, 2024 3:52:27 오후 org.apache.catalina.realm.LockOutRealm authenticate
경고: An attempt was made to authenticate the locked user "0"
2월 16, 2024 3:52:27 오후 org.apache.catalina.realm.LockOutRealm authenticate
경고: An attempt was made to authenticate the locked user "0"
2월 16, 2024 3:52:27 오후 org.apache.catalina.realm.LockOutRealm authenticate
경고: An attempt was made to authenticate the locked user "0"
2월 16, 2024 3:52:27 오후 org.apache.catalina.realm.LockOutRealm authenticate
경고: An attempt was made to authenticate the locked user "0"
2월 16, 2024 3:52:27 오후 org.apache.catalina.realm.LockOutRealm authenticate
경고: An attempt was made to authenticate the locked user "0"
2월 16, 2024 3:52:27 오후 org.apache.catalina.realm.LockOutRealm authenticate
경고: An attempt was made to authenticate the locked user "0"
2월 16, 2024 3:52:27 오후 org.apache.catalina.realm.LockOutRealm authenticate
경고: An attempt was made to authenticate the locked user "123"
2월 16, 2024 3:52:27 오후 org.apache.catalina.realm.LockOutRealm authenticate
경고: An attempt was made to authenticate the locked user "123"
2월 16, 2024 3:52:27 오후 org.apache.catalina.realm.LockOutRealm authenticate
경고: An attempt was made to authenticate the locked user "123"
2월 16, 2024 3:52:27 오후 org.apache.catalina.realm.LockOutRealm authenticate
경고: An attempt was made to authenticate the locked user "123"
2월 16, 2024 3:52:27 오후 org.apache.catalina.realm.LockOutRealm authenticate
경고: An attempt was made to authenticate the locked user "123"
2월 16, 2024 3:52:27 오후 org.apache.catalina.realm.LockOutRealm authenticate
경고: An attempt was made to authenticate the locked user "123"
2월 16, 2024 3:52:27 오후 org.apache.catalina.realm.LockOutRealm authenticate
경고: An attempt was made to authenticate the locked user "123"
2월 16, 2024 3:52:27 오후 org.apache.catalina.realm.LockOutRealm authenticate
경고: An attempt was made to authenticate the locked user "123"
2월 16, 2024 3:52:27 오후 org.apache.catalina.realm.LockOutRealm authenticate
경고: An attempt was made to authenticate the locked user "123"
2월 16, 2024 3:52:27 오후 org.apache.catalina.realm.LockOutRealm authenticate
경고: An attempt was made to authenticate the locked user "123"
2월 17, 2024 1:03:50 오전 org.apache.catalina.realm.LockOutRealm authenticate
경고: An attempt was made to authenticate the locked user "root"
2월 18, 2024 6:17:28 오전 org.apache.catalina.realm.LockOutRealm authenticate
경고: An attempt was made to authenticate the locked user "root"
2월 18, 2024 11:06:34 오전 org.apache.coyote.http11.AbstractHttp11Processor process
정보: Error parsing HTTP request header
 Note: further occurrences of HTTP header parsing errors will be logged at DEBUG level.
java.lang.IllegalArgumentException: Invalid character (CR or LF) found in method name
	at org.apache.coyote.http11.InternalInputBuffer.parseRequestLine(InternalInputBuffer.java:131)
	at org.apache.coyote.http11.AbstractHttp11Processor.process(AbstractHttp11Processor.java:992)
	at org.apache.coyote.AbstractProtocol$AbstractConnectionHandler.process(AbstractProtocol.java:625)
	at org.apache.tomcat.util.net.JIoEndpoint$SocketProcessor.run(JIoEndpoint.java:316)
	at java.util.concurrent.ThreadPoolExecutor.runWorker(ThreadPoolExecutor.java:1149)
	at java.util.concurrent.ThreadPoolExecutor$Worker.run(ThreadPoolExecutor.java:624)
	at org.apache.tomcat.util.threads.TaskThread$WrappingRunnable.run(TaskThread.java:61)
	at java.lang.Thread.run(Thread.java:748)

2월 19, 2024 7:40:48 오후 org.apache.catalina.realm.LockOutRealm authenticate
경고: An attempt was made to authenticate the locked user "root"
2월 20, 2024 11:36:54 오전 org.apache.catalina.startup.HostConfig deployDirectory
정보: Deploying web application directory C:\WAS\SEMS_MOBILE\webapps\240220
2월 20, 2024 11:36:54 오전 org.apache.catalina.startup.HostConfig deployDirectory
정보: Deployment of web application directory C:\WAS\SEMS_MOBILE\webapps\240220 has finished in 112 ms
2월 20, 2024 11:37:04 오전 org.apache.catalina.startup.HostConfig undeploy
정보: Undeploying context []
2월 20, 2024 11:37:05 오전 org.apache.catalina.loader.WebappClassLoaderBase clearReferencesJdbc
심각: The web application [] registered the JDBC driver [org.mariadb.jdbc.Driver] but failed to unregister it when the web application was stopped. To prevent a memory leak, the JDBC Driver has been forcibly unregistered.
2월 20, 2024 11:37:05 오전 org.apache.catalina.loader.WebappClassLoaderBase clearReferencesJdbc
심각: The web application [] registered the JDBC driver [net.sf.log4jdbc.DriverSpy] but failed to unregister it when the web application was stopped. To prevent a memory leak, the JDBC Driver has been forcibly unregistered.
2월 20, 2024 11:37:05 오전 org.apache.catalina.loader.WebappClassLoaderBase clearReferencesThreads
심각: The web application [] appears to have started a thread named [java-sdk-http-connection-reaper] but has failed to stop it. This is very likely to create a memory leak.
2월 20, 2024 11:37:15 오전 org.apache.catalina.startup.HostConfig deployWAR
정보: Deploying web application archive C:\WAS\SEMS_MOBILE\webapps\ROOT.war
2월 20, 2024 11:37:23 오전 org.apache.coyote.AbstractProtocol pause
정보: Pausing ProtocolHandler ["http-apr-9092"]
2월 20, 2024 11:37:23 오전 org.apache.coyote.AbstractProtocol pause
정보: Pausing ProtocolHandler ["http-bio-8443"]
2월 20, 2024 11:37:23 오전 org.apache.coyote.AbstractProtocol pause
정보: Pausing ProtocolHandler ["ajp-apr-9100"]
2월 20, 2024 11:37:23 오전 org.apache.catalina.core.StandardService stopInternal
정보: Stopping service Catalina
2월 20, 2024 11:37:23 오전 org.apache.catalina.startup.HostConfig deployWARs
심각: Error waiting for multi-thread deployment of WAR files to complete
java.lang.InterruptedException
	at java.util.concurrent.FutureTask.awaitDone(FutureTask.java:404)
	at java.util.concurrent.FutureTask.get(FutureTask.java:191)
	at org.apache.catalina.startup.HostConfig.deployWARs(HostConfig.java:832)
	at org.apache.catalina.startup.HostConfig.deployApps(HostConfig.java:495)
	at org.apache.catalina.startup.HostConfig.check(HostConfig.java:1757)
	at org.apache.catalina.startup.HostConfig.lifecycleEvent(HostConfig.java:333)
	at org.apache.catalina.util.LifecycleSupport.fireLifecycleEvent(LifecycleSupport.java:117)
	at org.apache.catalina.util.LifecycleBase.fireLifecycleEvent(LifecycleBase.java:90)
	at org.apache.catalina.core.ContainerBase.backgroundProcess(ContainerBase.java:1371)
	at org.apache.catalina.core.ContainerBase$ContainerBackgroundProcessor.processChildren(ContainerBase.java:1543)
	at org.apache.catalina.core.ContainerBase$ContainerBackgroundProcessor.processChildren(ContainerBase.java:1553)
	at org.apache.catalina.core.ContainerBase$ContainerBackgroundProcessor.run(ContainerBase.java:1521)
	at java.lang.Thread.run(Thread.java:748)

2월 20, 2024 11:37:35 오전 org.apache.catalina.startup.TldConfig execute
정보: At least one JAR was scanned for TLDs yet contained no TLDs. Enable debug logging for this logger for a complete list of JARs that were scanned but no TLDs were found in them. Skipping unneeded JARs during scanning can improve startup time and JSP compilation time.
2월 20, 2024 11:37:41 오전 org.apache.catalina.startup.HostConfig deployWAR
정보: Deployment of web application archive C:\WAS\SEMS_MOBILE\webapps\ROOT.war has finished in 25,675 ms
2월 20, 2024 11:37:41 오전 org.apache.coyote.AbstractProtocol stop
정보: Stopping ProtocolHandler ["http-apr-9092"]
2월 20, 2024 11:37:41 오전 org.apache.coyote.AbstractProtocol stop
정보: Stopping ProtocolHandler ["http-bio-8443"]
2월 20, 2024 11:37:41 오전 org.apache.coyote.AbstractProtocol stop
정보: Stopping ProtocolHandler ["ajp-apr-9100"]
