
2024-06-28 11:05:04 Commons Daemon procrun stderr initialized
Jun 28, 2024 11:05:09 AM org.apache.catalina.startup.VersionLoggerListener log
INFO: Server version:        Apache Tomcat/7.0.69
Jun 28, 2024 11:05:09 AM org.apache.catalina.startup.VersionLoggerListener log
INFO: Server built:          Apr 11 2016 07:57:09 UTC
Jun 28, 2024 11:05:09 AM org.apache.catalina.startup.VersionLoggerListener log
INFO: Server number:         7.0.69.0
Jun 28, 2024 11:05:09 AM org.apache.catalina.startup.VersionLoggerListener log
INFO: OS Name:               Windows Server 2012 R2
Jun 28, 2024 11:05:09 AM org.apache.catalina.startup.VersionLoggerListener log
INFO: OS Version:            6.3
Jun 28, 2024 11:05:09 AM org.apache.catalina.startup.VersionLoggerListener log
INFO: Architecture:          amd64
Jun 28, 2024 11:05:09 AM org.apache.catalina.startup.VersionLoggerListener log
INFO: Java Home:             C:\Program Files\Java\jdk1.8.0_181\jre
Jun 28, 2024 11:05:09 AM org.apache.catalina.startup.VersionLoggerListener log
INFO: JVM Version:           1.8.0_181-b13
Jun 28, 2024 11:05:09 AM org.apache.catalina.startup.VersionLoggerListener log
INFO: JVM Vendor:            Oracle Corporation
Jun 28, 2024 11:05:09 AM org.apache.catalina.startup.VersionLoggerListener log
INFO: CATALINA_BASE:         C:\WAS\SEMS_MOBILE
Jun 28, 2024 11:05:09 AM org.apache.catalina.startup.VersionLoggerListener log
INFO: CATALINA_HOME:         C:\WAS\SEMS_MOBILE
Jun 28, 2024 11:05:09 AM org.apache.catalina.startup.VersionLoggerListener log
INFO: Command line argument: -Dcatalina.home=C:\WAS\SEMS_MOBILE
Jun 28, 2024 11:05:09 AM org.apache.catalina.startup.VersionLoggerListener log
INFO: Command line argument: -Dcatalina.base=C:\WAS\SEMS_MOBILE
Jun 28, 2024 11:05:09 AM org.apache.catalina.startup.VersionLoggerListener log
INFO: Command line argument: -Djava.endorsed.dirs=C:\WAS\SEMS_MOBILE\endorsed
Jun 28, 2024 11:05:09 AM org.apache.catalina.startup.VersionLoggerListener log
INFO: Command line argument: -Djava.io.tmpdir=C:\WAS\SEMS_MOBILE\temp
Jun 28, 2024 11:05:09 AM org.apache.catalina.startup.VersionLoggerListener log
INFO: Command line argument: -Djava.util.logging.manager=org.apache.juli.ClassLoaderLogManager
Jun 28, 2024 11:05:09 AM org.apache.catalina.startup.VersionLoggerListener log
INFO: Command line argument: -Djava.util.logging.config.file=C:\WAS\SEMS_MOBILE\conf\logging.properties
Jun 28, 2024 11:05:09 AM org.apache.catalina.startup.VersionLoggerListener log
INFO: Command line argument: exit
Jun 28, 2024 11:05:09 AM org.apache.catalina.startup.VersionLoggerListener log
INFO: Command line argument: -Xms128m
Jun 28, 2024 11:05:09 AM org.apache.catalina.startup.VersionLoggerListener log
INFO: Command line argument: -Xmx256m
Jun 28, 2024 11:05:09 AM org.apache.catalina.core.AprLifecycleListener lifecycleEvent
INFO: Loaded APR based Apache Tomcat Native library 1.1.33 using APR version 1.5.1.
Jun 28, 2024 11:05:09 AM org.apache.catalina.core.AprLifecycleListener lifecycleEvent
INFO: APR capabilities: IPv6 [true], sendfile [true], accept filters [false], random [true].
Jun 28, 2024 11:05:10 AM org.apache.catalina.core.AprLifecycleListener initializeSSL
INFO: OpenSSL successfully initialized (OpenSSL 1.0.1m 19 Mar 2015)
Jun 28, 2024 11:05:11 AM org.apache.coyote.AbstractProtocol init
INFO: Initializing ProtocolHandler ["http-apr-8092"]
Jun 28, 2024 11:05:11 AM org.apache.coyote.AbstractProtocol init
SEVERE: Failed to initialize end point associated with ProtocolHandler ["http-apr-8092"]
java.lang.Exception: Socket bind failed: [730048] Only one usage of each socket address (protocol/network address/port) is normally permitted.  
	at org.apache.tomcat.util.net.AprEndpoint.bind(AprEndpoint.java:470)
	at org.apache.tomcat.util.net.AbstractEndpoint.init(AbstractEndpoint.java:650)
	at org.apache.coyote.AbstractProtocol.init(AbstractProtocol.java:434)
	at org.apache.catalina.connector.Connector.initInternal(Connector.java:978)
	at org.apache.catalina.util.LifecycleBase.init(LifecycleBase.java:102)
	at org.apache.catalina.core.StandardService.initInternal(StandardService.java:560)
	at org.apache.catalina.util.LifecycleBase.init(LifecycleBase.java:102)
	at org.apache.catalina.core.StandardServer.initInternal(StandardServer.java:838)
	at org.apache.catalina.util.LifecycleBase.init(LifecycleBase.java:102)
	at org.apache.catalina.startup.Catalina.load(Catalina.java:642)
	at org.apache.catalina.startup.Catalina.load(Catalina.java:667)
	at sun.reflect.NativeMethodAccessorImpl.invoke0(Native Method)
	at sun.reflect.NativeMethodAccessorImpl.invoke(NativeMethodAccessorImpl.java:62)
	at sun.reflect.DelegatingMethodAccessorImpl.invoke(DelegatingMethodAccessorImpl.java:43)
	at java.lang.reflect.Method.invoke(Method.java:498)
	at org.apache.catalina.startup.Bootstrap.load(Bootstrap.java:253)
	at org.apache.catalina.startup.Bootstrap.main(Bootstrap.java:427)

Jun 28, 2024 11:05:11 AM org.apache.catalina.core.StandardService initInternal
SEVERE: Failed to initialize connector [Connector[HTTP/1.1-8092]]
org.apache.catalina.LifecycleException: Failed to initialize component [Connector[HTTP/1.1-8092]]
	at org.apache.catalina.util.LifecycleBase.init(LifecycleBase.java:106)
	at org.apache.catalina.core.StandardService.initInternal(StandardService.java:560)
	at org.apache.catalina.util.LifecycleBase.init(LifecycleBase.java:102)
	at org.apache.catalina.core.StandardServer.initInternal(StandardServer.java:838)
	at org.apache.catalina.util.LifecycleBase.init(LifecycleBase.java:102)
	at org.apache.catalina.startup.Catalina.load(Catalina.java:642)
	at org.apache.catalina.startup.Catalina.load(Catalina.java:667)
	at sun.reflect.NativeMethodAccessorImpl.invoke0(Native Method)
	at sun.reflect.NativeMethodAccessorImpl.invoke(NativeMethodAccessorImpl.java:62)
	at sun.reflect.DelegatingMethodAccessorImpl.invoke(DelegatingMethodAccessorImpl.java:43)
	at java.lang.reflect.Method.invoke(Method.java:498)
	at org.apache.catalina.startup.Bootstrap.load(Bootstrap.java:253)
	at org.apache.catalina.startup.Bootstrap.main(Bootstrap.java:427)
Caused by: org.apache.catalina.LifecycleException: Protocol handler initialization failed
	at org.apache.catalina.connector.Connector.initInternal(Connector.java:980)
	at org.apache.catalina.util.LifecycleBase.init(LifecycleBase.java:102)
	... 12 more
Caused by: java.lang.Exception: Socket bind failed: [730048] Only one usage of each socket address (protocol/network address/port) is normally permitted.  
	at org.apache.tomcat.util.net.AprEndpoint.bind(AprEndpoint.java:470)
	at org.apache.tomcat.util.net.AbstractEndpoint.init(AbstractEndpoint.java:650)
	at org.apache.coyote.AbstractProtocol.init(AbstractProtocol.java:434)
	at org.apache.catalina.connector.Connector.initInternal(Connector.java:978)
	... 13 more

Jun 28, 2024 11:05:11 AM org.apache.coyote.AbstractProtocol init
INFO: Initializing ProtocolHandler ["http-bio-8443"]
Jun 28, 2024 11:05:12 AM org.apache.coyote.AbstractProtocol init
INFO: Initializing ProtocolHandler ["ajp-apr-9100"]
Jun 28, 2024 11:05:12 AM org.apache.catalina.startup.Catalina load
INFO: Initialization processed in 4819 ms
Jun 28, 2024 11:05:12 AM org.apache.catalina.core.StandardService startInternal
INFO: Starting service Catalina
Jun 28, 2024 11:05:12 AM org.apache.catalina.core.StandardEngine startInternal
INFO: Starting Servlet Engine: Apache Tomcat/7.0.69
Jun 28, 2024 11:05:12 AM org.apache.catalina.startup.HostConfig deployWAR
INFO: Deploying web application archive C:\WAS\SEMS_MOBILE\webapps\ROOT.war
Jun 28, 2024 11:05:31 AM org.apache.catalina.startup.HostConfig deployWAR
INFO: Deployment of web application archive C:\WAS\SEMS_MOBILE\webapps\ROOT.war has finished in 18,751 ms
Jun 28, 2024 11:05:31 AM org.apache.catalina.startup.HostConfig deployDirectory
INFO: Deploying web application directory C:\WAS\SEMS_MOBILE\webapps\240522
Jun 28, 2024 11:05:31 AM org.apache.catalina.startup.HostConfig deployDirectory
INFO: Deployment of web application directory C:\WAS\SEMS_MOBILE\webapps\240522 has finished in 46 ms
Jun 28, 2024 11:05:31 AM org.apache.catalina.startup.HostConfig deployDirectory
INFO: Deploying web application directory C:\WAS\SEMS_MOBILE\webapps\240522-1
Jun 28, 2024 11:05:31 AM org.apache.catalina.startup.HostConfig deployDirectory
INFO: Deployment of web application directory C:\WAS\SEMS_MOBILE\webapps\240522-1 has finished in 47 ms
Jun 28, 2024 11:05:31 AM org.apache.catalina.startup.HostConfig deployDirectory
INFO: Deploying web application directory C:\WAS\SEMS_MOBILE\webapps\240522-2
Jun 28, 2024 11:05:31 AM org.apache.catalina.startup.HostConfig deployDirectory
INFO: Deployment of web application directory C:\WAS\SEMS_MOBILE\webapps\240522-2 has finished in 47 ms
Jun 28, 2024 11:05:31 AM org.apache.catalina.startup.HostConfig deployDirectory
INFO: Deploying web application directory C:\WAS\SEMS_MOBILE\webapps\240523
Jun 28, 2024 11:05:31 AM org.apache.catalina.startup.HostConfig deployDirectory
INFO: Deployment of web application directory C:\WAS\SEMS_MOBILE\webapps\240523 has finished in 31 ms
Jun 28, 2024 11:05:31 AM org.apache.catalina.startup.HostConfig deployDirectory
INFO: Deploying web application directory C:\WAS\SEMS_MOBILE\webapps\240603
Jun 28, 2024 11:05:31 AM org.apache.catalina.startup.HostConfig deployDirectory
INFO: Deployment of web application directory C:\WAS\SEMS_MOBILE\webapps\240603 has finished in 31 ms
Jun 28, 2024 11:05:31 AM org.apache.catalina.startup.HostConfig deployDirectory
INFO: Deploying web application directory C:\WAS\SEMS_MOBILE\webapps\docs
Jun 28, 2024 11:05:31 AM org.apache.catalina.startup.HostConfig deployDirectory
INFO: Deployment of web application directory C:\WAS\SEMS_MOBILE\webapps\docs has finished in 125 ms
Jun 28, 2024 11:05:31 AM org.apache.catalina.startup.HostConfig deployDirectory
INFO: Deploying web application directory C:\WAS\SEMS_MOBILE\webapps\examples
Jun 28, 2024 11:05:32 AM org.apache.catalina.startup.HostConfig deployDirectory
INFO: Deployment of web application directory C:\WAS\SEMS_MOBILE\webapps\examples has finished in 500 ms
Jun 28, 2024 11:05:32 AM org.apache.catalina.startup.HostConfig deployDirectory
INFO: Deploying web application directory C:\WAS\SEMS_MOBILE\webapps\host-manager
Jun 28, 2024 11:05:32 AM org.apache.catalina.startup.HostConfig deployDirectory
INFO: Deployment of web application directory C:\WAS\SEMS_MOBILE\webapps\host-manager has finished in 94 ms
Jun 28, 2024 11:05:32 AM org.apache.catalina.startup.HostConfig deployDirectory
INFO: Deploying web application directory C:\WAS\SEMS_MOBILE\webapps\manager
Jun 28, 2024 11:05:32 AM org.apache.catalina.startup.HostConfig deployDirectory
INFO: Deployment of web application directory C:\WAS\SEMS_MOBILE\webapps\manager has finished in 47 ms
Jun 28, 2024 11:05:32 AM org.apache.coyote.AbstractProtocol start
INFO: Starting ProtocolHandler ["http-bio-8443"]
Jun 28, 2024 11:05:32 AM org.apache.coyote.AbstractProtocol start
INFO: Starting ProtocolHandler ["ajp-apr-9100"]
Jun 28, 2024 11:05:32 AM org.apache.catalina.startup.Catalina start
INFO: Server startup in 20016 ms
Jun 28, 2024 11:05:32 AM org.apache.coyote.AbstractProtocol pause
INFO: Pausing ProtocolHandler ["http-apr-8092"]
Jun 28, 2024 11:05:32 AM org.apache.coyote.AbstractProtocol pause
INFO: Pausing ProtocolHandler ["http-bio-8443"]
Jun 28, 2024 11:05:32 AM org.apache.coyote.AbstractProtocol pause
INFO: Pausing ProtocolHandler ["ajp-apr-9100"]
Jun 28, 2024 11:05:32 AM org.apache.catalina.core.StandardService stopInternal
INFO: Stopping service Catalina
Jun 28, 2024 11:05:32 AM org.apache.catalina.loader.WebappClassLoaderBase clearReferencesThreads
SEVERE: The web application [] appears to have started a thread named [rollbar-buffered_sender] but has failed to stop it. This is very likely to create a memory leak.
Jun 28, 2024 11:05:32 AM org.apache.coyote.AbstractProtocol stop
INFO: Stopping ProtocolHandler ["http-bio-8443"]
Jun 28, 2024 11:05:32 AM org.apache.coyote.AbstractProtocol stop
INFO: Stopping ProtocolHandler ["ajp-apr-9100"]

2024-06-28 11:06:16 Commons Daemon procrun stderr initialized
Jun 28, 2024 11:06:16 AM org.apache.catalina.startup.VersionLoggerListener log
INFO: Server version:        Apache Tomcat/7.0.69
Jun 28, 2024 11:06:16 AM org.apache.catalina.startup.VersionLoggerListener log
INFO: Server built:          Apr 11 2016 07:57:09 UTC
Jun 28, 2024 11:06:16 AM org.apache.catalina.startup.VersionLoggerListener log
INFO: Server number:         7.0.69.0
Jun 28, 2024 11:06:16 AM org.apache.catalina.startup.VersionLoggerListener log
INFO: OS Name:               Windows Server 2012 R2
Jun 28, 2024 11:06:16 AM org.apache.catalina.startup.VersionLoggerListener log
INFO: OS Version:            6.3
Jun 28, 2024 11:06:16 AM org.apache.catalina.startup.VersionLoggerListener log
INFO: Architecture:          amd64
Jun 28, 2024 11:06:16 AM org.apache.catalina.startup.VersionLoggerListener log
INFO: Java Home:             C:\Program Files\Java\jdk1.8.0_181\jre
Jun 28, 2024 11:06:16 AM org.apache.catalina.startup.VersionLoggerListener log
INFO: JVM Version:           1.8.0_181-b13
Jun 28, 2024 11:06:16 AM org.apache.catalina.startup.VersionLoggerListener log
INFO: JVM Vendor:            Oracle Corporation
Jun 28, 2024 11:06:16 AM org.apache.catalina.startup.VersionLoggerListener log
INFO: CATALINA_BASE:         C:\WAS\SEMS_MOBILE
Jun 28, 2024 11:06:16 AM org.apache.catalina.startup.VersionLoggerListener log
INFO: CATALINA_HOME:         C:\WAS\SEMS_MOBILE
Jun 28, 2024 11:06:16 AM org.apache.catalina.startup.VersionLoggerListener log
INFO: Command line argument: -Dcatalina.home=C:\WAS\SEMS_MOBILE
Jun 28, 2024 11:06:16 AM org.apache.catalina.startup.VersionLoggerListener log
INFO: Command line argument: -Dcatalina.base=C:\WAS\SEMS_MOBILE
Jun 28, 2024 11:06:16 AM org.apache.catalina.startup.VersionLoggerListener log
INFO: Command line argument: -Djava.endorsed.dirs=C:\WAS\SEMS_MOBILE\endorsed
Jun 28, 2024 11:06:16 AM org.apache.catalina.startup.VersionLoggerListener log
INFO: Command line argument: -Djava.io.tmpdir=C:\WAS\SEMS_MOBILE\temp
Jun 28, 2024 11:06:16 AM org.apache.catalina.startup.VersionLoggerListener log
INFO: Command line argument: -Djava.util.logging.manager=org.apache.juli.ClassLoaderLogManager
Jun 28, 2024 11:06:16 AM org.apache.catalina.startup.VersionLoggerListener log
INFO: Command line argument: -Djava.util.logging.config.file=C:\WAS\SEMS_MOBILE\conf\logging.properties
Jun 28, 2024 11:06:16 AM org.apache.catalina.startup.VersionLoggerListener log
INFO: Command line argument: exit
Jun 28, 2024 11:06:16 AM org.apache.catalina.startup.VersionLoggerListener log
INFO: Command line argument: -Xms128m
Jun 28, 2024 11:06:16 AM org.apache.catalina.startup.VersionLoggerListener log
INFO: Command line argument: -Xmx256m
Jun 28, 2024 11:06:16 AM org.apache.catalina.core.AprLifecycleListener lifecycleEvent
INFO: Loaded APR based Apache Tomcat Native library 1.1.33 using APR version 1.5.1.
Jun 28, 2024 11:06:16 AM org.apache.catalina.core.AprLifecycleListener lifecycleEvent
INFO: APR capabilities: IPv6 [true], sendfile [true], accept filters [false], random [true].
Jun 28, 2024 11:06:17 AM org.apache.catalina.core.AprLifecycleListener initializeSSL
INFO: OpenSSL successfully initialized (OpenSSL 1.0.1m 19 Mar 2015)
Jun 28, 2024 11:06:17 AM org.apache.coyote.AbstractProtocol init
INFO: Initializing ProtocolHandler ["http-apr-8092"]
Jun 28, 2024 11:06:17 AM org.apache.coyote.AbstractProtocol init
SEVERE: Failed to initialize end point associated with ProtocolHandler ["http-apr-8092"]
java.lang.Exception: Socket bind failed: [730048] Only one usage of each socket address (protocol/network address/port) is normally permitted.  
	at org.apache.tomcat.util.net.AprEndpoint.bind(AprEndpoint.java:470)
	at org.apache.tomcat.util.net.AbstractEndpoint.init(AbstractEndpoint.java:650)
	at org.apache.coyote.AbstractProtocol.init(AbstractProtocol.java:434)
	at org.apache.catalina.connector.Connector.initInternal(Connector.java:978)
	at org.apache.catalina.util.LifecycleBase.init(LifecycleBase.java:102)
	at org.apache.catalina.core.StandardService.initInternal(StandardService.java:560)
	at org.apache.catalina.util.LifecycleBase.init(LifecycleBase.java:102)
	at org.apache.catalina.core.StandardServer.initInternal(StandardServer.java:838)
	at org.apache.catalina.util.LifecycleBase.init(LifecycleBase.java:102)
	at org.apache.catalina.startup.Catalina.load(Catalina.java:642)
	at org.apache.catalina.startup.Catalina.load(Catalina.java:667)
	at sun.reflect.NativeMethodAccessorImpl.invoke0(Native Method)
	at sun.reflect.NativeMethodAccessorImpl.invoke(NativeMethodAccessorImpl.java:62)
	at sun.reflect.DelegatingMethodAccessorImpl.invoke(DelegatingMethodAccessorImpl.java:43)
	at java.lang.reflect.Method.invoke(Method.java:498)
	at org.apache.catalina.startup.Bootstrap.load(Bootstrap.java:253)
	at org.apache.catalina.startup.Bootstrap.main(Bootstrap.java:427)

Jun 28, 2024 11:06:17 AM org.apache.catalina.core.StandardService initInternal
SEVERE: Failed to initialize connector [Connector[HTTP/1.1-8092]]
org.apache.catalina.LifecycleException: Failed to initialize component [Connector[HTTP/1.1-8092]]
	at org.apache.catalina.util.LifecycleBase.init(LifecycleBase.java:106)
	at org.apache.catalina.core.StandardService.initInternal(StandardService.java:560)
	at org.apache.catalina.util.LifecycleBase.init(LifecycleBase.java:102)
	at org.apache.catalina.core.StandardServer.initInternal(StandardServer.java:838)
	at org.apache.catalina.util.LifecycleBase.init(LifecycleBase.java:102)
	at org.apache.catalina.startup.Catalina.load(Catalina.java:642)
	at org.apache.catalina.startup.Catalina.load(Catalina.java:667)
	at sun.reflect.NativeMethodAccessorImpl.invoke0(Native Method)
	at sun.reflect.NativeMethodAccessorImpl.invoke(NativeMethodAccessorImpl.java:62)
	at sun.reflect.DelegatingMethodAccessorImpl.invoke(DelegatingMethodAccessorImpl.java:43)
	at java.lang.reflect.Method.invoke(Method.java:498)
	at org.apache.catalina.startup.Bootstrap.load(Bootstrap.java:253)
	at org.apache.catalina.startup.Bootstrap.main(Bootstrap.java:427)
Caused by: org.apache.catalina.LifecycleException: Protocol handler initialization failed
	at org.apache.catalina.connector.Connector.initInternal(Connector.java:980)
	at org.apache.catalina.util.LifecycleBase.init(LifecycleBase.java:102)
	... 12 more
Caused by: java.lang.Exception: Socket bind failed: [730048] Only one usage of each socket address (protocol/network address/port) is normally permitted.  
	at org.apache.tomcat.util.net.AprEndpoint.bind(AprEndpoint.java:470)
	at org.apache.tomcat.util.net.AbstractEndpoint.init(AbstractEndpoint.java:650)
	at org.apache.coyote.AbstractProtocol.init(AbstractProtocol.java:434)
	at org.apache.catalina.connector.Connector.initInternal(Connector.java:978)
	... 13 more

Jun 28, 2024 11:06:17 AM org.apache.coyote.AbstractProtocol init
INFO: Initializing ProtocolHandler ["http-bio-8443"]
Jun 28, 2024 11:06:18 AM org.apache.coyote.AbstractProtocol init
INFO: Initializing ProtocolHandler ["ajp-apr-9100"]
Jun 28, 2024 11:06:18 AM org.apache.catalina.startup.Catalina load
INFO: Initialization processed in 1954 ms
Jun 28, 2024 11:06:18 AM org.apache.catalina.core.StandardService startInternal
INFO: Starting service Catalina
Jun 28, 2024 11:06:18 AM org.apache.catalina.core.StandardEngine startInternal
INFO: Starting Servlet Engine: Apache Tomcat/7.0.69
Jun 28, 2024 11:06:18 AM org.apache.catalina.startup.HostConfig deployWAR
INFO: Deploying web application archive C:\WAS\SEMS_MOBILE\webapps\ROOT.war
Jun 28, 2024 11:06:29 AM org.apache.catalina.startup.HostConfig deployWAR
INFO: Deployment of web application archive C:\WAS\SEMS_MOBILE\webapps\ROOT.war has finished in 11,485 ms
Jun 28, 2024 11:06:29 AM org.apache.catalina.startup.HostConfig deployDirectory
INFO: Deploying web application directory C:\WAS\SEMS_MOBILE\webapps\240522
Jun 28, 2024 11:06:29 AM org.apache.catalina.startup.HostConfig deployDirectory
INFO: Deployment of web application directory C:\WAS\SEMS_MOBILE\webapps\240522 has finished in 47 ms
Jun 28, 2024 11:06:29 AM org.apache.catalina.startup.HostConfig deployDirectory
INFO: Deploying web application directory C:\WAS\SEMS_MOBILE\webapps\240522-1
Jun 28, 2024 11:06:29 AM org.apache.catalina.startup.HostConfig deployDirectory
INFO: Deployment of web application directory C:\WAS\SEMS_MOBILE\webapps\240522-1 has finished in 46 ms
Jun 28, 2024 11:06:29 AM org.apache.catalina.startup.HostConfig deployDirectory
INFO: Deploying web application directory C:\WAS\SEMS_MOBILE\webapps\240522-2
Jun 28, 2024 11:06:29 AM org.apache.catalina.startup.HostConfig deployDirectory
INFO: Deployment of web application directory C:\WAS\SEMS_MOBILE\webapps\240522-2 has finished in 47 ms
Jun 28, 2024 11:06:29 AM org.apache.catalina.startup.HostConfig deployDirectory
INFO: Deploying web application directory C:\WAS\SEMS_MOBILE\webapps\240523
Jun 28, 2024 11:06:29 AM org.apache.catalina.startup.HostConfig deployDirectory
INFO: Deployment of web application directory C:\WAS\SEMS_MOBILE\webapps\240523 has finished in 94 ms
Jun 28, 2024 11:06:29 AM org.apache.catalina.startup.HostConfig deployDirectory
INFO: Deploying web application directory C:\WAS\SEMS_MOBILE\webapps\240603
Jun 28, 2024 11:06:30 AM org.apache.catalina.startup.HostConfig deployDirectory
INFO: Deployment of web application directory C:\WAS\SEMS_MOBILE\webapps\240603 has finished in 47 ms
Jun 28, 2024 11:06:30 AM org.apache.catalina.startup.HostConfig deployDirectory
INFO: Deploying web application directory C:\WAS\SEMS_MOBILE\webapps\docs
Jun 28, 2024 11:06:30 AM org.apache.catalina.startup.HostConfig deployDirectory
INFO: Deployment of web application directory C:\WAS\SEMS_MOBILE\webapps\docs has finished in 109 ms
Jun 28, 2024 11:06:30 AM org.apache.catalina.startup.HostConfig deployDirectory
INFO: Deploying web application directory C:\WAS\SEMS_MOBILE\webapps\examples
Jun 28, 2024 11:06:30 AM org.apache.catalina.startup.HostConfig deployDirectory
INFO: Deployment of web application directory C:\WAS\SEMS_MOBILE\webapps\examples has finished in 188 ms
Jun 28, 2024 11:06:30 AM org.apache.catalina.startup.HostConfig deployDirectory
INFO: Deploying web application directory C:\WAS\SEMS_MOBILE\webapps\host-manager
Jun 28, 2024 11:06:30 AM org.apache.catalina.startup.HostConfig deployDirectory
INFO: Deployment of web application directory C:\WAS\SEMS_MOBILE\webapps\host-manager has finished in 78 ms
Jun 28, 2024 11:06:30 AM org.apache.catalina.startup.HostConfig deployDirectory
INFO: Deploying web application directory C:\WAS\SEMS_MOBILE\webapps\manager
Jun 28, 2024 11:06:30 AM org.apache.catalina.startup.HostConfig deployDirectory
INFO: Deployment of web application directory C:\WAS\SEMS_MOBILE\webapps\manager has finished in 31 ms
Jun 28, 2024 11:06:30 AM org.apache.coyote.AbstractProtocol start
INFO: Starting ProtocolHandler ["http-bio-8443"]
Jun 28, 2024 11:06:30 AM org.apache.coyote.AbstractProtocol start
INFO: Starting ProtocolHandler ["ajp-apr-9100"]
Jun 28, 2024 11:06:30 AM org.apache.catalina.startup.Catalina start
INFO: Server startup in 12330 ms
Jun 28, 2024 11:09:20 AM org.apache.coyote.AbstractProtocol pause
INFO: Pausing ProtocolHandler ["http-apr-8092"]
Jun 28, 2024 11:09:20 AM org.apache.coyote.AbstractProtocol pause
INFO: Pausing ProtocolHandler ["http-bio-8443"]
Jun 28, 2024 11:09:20 AM org.apache.coyote.AbstractProtocol pause
INFO: Pausing ProtocolHandler ["ajp-apr-9100"]
Jun 28, 2024 11:09:20 AM org.apache.catalina.core.StandardService stopInternal
INFO: Stopping service Catalina
Jun 28, 2024 11:09:20 AM org.apache.catalina.loader.WebappClassLoaderBase clearReferencesThreads
SEVERE: The web application [] appears to have started a thread named [rollbar-buffered_sender] but has failed to stop it. This is very likely to create a memory leak.
Jun 28, 2024 11:09:21 AM org.apache.coyote.AbstractProtocol stop
INFO: Stopping ProtocolHandler ["http-bio-8443"]
Jun 28, 2024 11:09:21 AM org.apache.coyote.AbstractProtocol stop
INFO: Stopping ProtocolHandler ["ajp-apr-9100"]

2024-06-28 11:09:22 Commons Daemon procrun stderr initialized
Jun 28, 2024 11:09:23 AM org.apache.catalina.startup.VersionLoggerListener log
INFO: Server version:        Apache Tomcat/7.0.69
Jun 28, 2024 11:09:23 AM org.apache.catalina.startup.VersionLoggerListener log
INFO: Server built:          Apr 11 2016 07:57:09 UTC
Jun 28, 2024 11:09:23 AM org.apache.catalina.startup.VersionLoggerListener log
INFO: Server number:         7.0.69.0
Jun 28, 2024 11:09:23 AM org.apache.catalina.startup.VersionLoggerListener log
INFO: OS Name:               Windows Server 2012 R2
Jun 28, 2024 11:09:23 AM org.apache.catalina.startup.VersionLoggerListener log
INFO: OS Version:            6.3
Jun 28, 2024 11:09:23 AM org.apache.catalina.startup.VersionLoggerListener log
INFO: Architecture:          amd64
Jun 28, 2024 11:09:23 AM org.apache.catalina.startup.VersionLoggerListener log
INFO: Java Home:             C:\Program Files\Java\jdk1.8.0_181\jre
Jun 28, 2024 11:09:23 AM org.apache.catalina.startup.VersionLoggerListener log
INFO: JVM Version:           1.8.0_181-b13
Jun 28, 2024 11:09:23 AM org.apache.catalina.startup.VersionLoggerListener log
INFO: JVM Vendor:            Oracle Corporation
Jun 28, 2024 11:09:23 AM org.apache.catalina.startup.VersionLoggerListener log
INFO: CATALINA_BASE:         C:\WAS\SEMS_MOBILE
Jun 28, 2024 11:09:23 AM org.apache.catalina.startup.VersionLoggerListener log
INFO: CATALINA_HOME:         C:\WAS\SEMS_MOBILE
Jun 28, 2024 11:09:23 AM org.apache.catalina.startup.VersionLoggerListener log
INFO: Command line argument: -Dcatalina.home=C:\WAS\SEMS_MOBILE
Jun 28, 2024 11:09:23 AM org.apache.catalina.startup.VersionLoggerListener log
INFO: Command line argument: -Dcatalina.base=C:\WAS\SEMS_MOBILE
Jun 28, 2024 11:09:23 AM org.apache.catalina.startup.VersionLoggerListener log
INFO: Command line argument: -Djava.endorsed.dirs=C:\WAS\SEMS_MOBILE\endorsed
Jun 28, 2024 11:09:23 AM org.apache.catalina.startup.VersionLoggerListener log
INFO: Command line argument: -Djava.io.tmpdir=C:\WAS\SEMS_MOBILE\temp
Jun 28, 2024 11:09:23 AM org.apache.catalina.startup.VersionLoggerListener log
INFO: Command line argument: -Djava.util.logging.manager=org.apache.juli.ClassLoaderLogManager
Jun 28, 2024 11:09:23 AM org.apache.catalina.startup.VersionLoggerListener log
INFO: Command line argument: -Djava.util.logging.config.file=C:\WAS\SEMS_MOBILE\conf\logging.properties
Jun 28, 2024 11:09:23 AM org.apache.catalina.startup.VersionLoggerListener log
INFO: Command line argument: exit
Jun 28, 2024 11:09:23 AM org.apache.catalina.startup.VersionLoggerListener log
INFO: Command line argument: -Xms128m
Jun 28, 2024 11:09:23 AM org.apache.catalina.startup.VersionLoggerListener log
INFO: Command line argument: -Xmx256m
Jun 28, 2024 11:09:23 AM org.apache.catalina.core.AprLifecycleListener lifecycleEvent
INFO: Loaded APR based Apache Tomcat Native library 1.1.33 using APR version 1.5.1.
Jun 28, 2024 11:09:23 AM org.apache.catalina.core.AprLifecycleListener lifecycleEvent
INFO: APR capabilities: IPv6 [true], sendfile [true], accept filters [false], random [true].
Jun 28, 2024 11:09:24 AM org.apache.catalina.core.AprLifecycleListener initializeSSL
INFO: OpenSSL successfully initialized (OpenSSL 1.0.1m 19 Mar 2015)
Jun 28, 2024 11:09:24 AM org.apache.coyote.AbstractProtocol init
INFO: Initializing ProtocolHandler ["http-apr-8093"]
Jun 28, 2024 11:09:24 AM org.apache.coyote.AbstractProtocol init
INFO: Initializing ProtocolHandler ["http-bio-8443"]
Jun 28, 2024 11:09:25 AM org.apache.coyote.AbstractProtocol init
INFO: Initializing ProtocolHandler ["ajp-apr-9100"]
Jun 28, 2024 11:09:25 AM org.apache.catalina.startup.Catalina load
INFO: Initialization processed in 2123 ms
Jun 28, 2024 11:09:25 AM org.apache.catalina.core.StandardService startInternal
INFO: Starting service Catalina
Jun 28, 2024 11:09:25 AM org.apache.catalina.core.StandardEngine startInternal
INFO: Starting Servlet Engine: Apache Tomcat/7.0.69
Jun 28, 2024 11:09:25 AM org.apache.catalina.startup.HostConfig deployWAR
INFO: Deploying web application archive C:\WAS\SEMS_MOBILE\webapps\ROOT.war
Jun 28, 2024 11:09:36 AM org.apache.catalina.startup.HostConfig deployWAR
INFO: Deployment of web application archive C:\WAS\SEMS_MOBILE\webapps\ROOT.war has finished in 11,541 ms
Jun 28, 2024 11:09:36 AM org.apache.catalina.startup.HostConfig deployDirectory
INFO: Deploying web application directory C:\WAS\SEMS_MOBILE\webapps\240522
Jun 28, 2024 11:09:36 AM org.apache.catalina.startup.HostConfig deployDirectory
INFO: Deployment of web application directory C:\WAS\SEMS_MOBILE\webapps\240522 has finished in 109 ms
Jun 28, 2024 11:09:36 AM org.apache.catalina.startup.HostConfig deployDirectory
INFO: Deploying web application directory C:\WAS\SEMS_MOBILE\webapps\240522-1
Jun 28, 2024 11:09:36 AM org.apache.catalina.startup.HostConfig deployDirectory
INFO: Deployment of web application directory C:\WAS\SEMS_MOBILE\webapps\240522-1 has finished in 47 ms
Jun 28, 2024 11:09:36 AM org.apache.catalina.startup.HostConfig deployDirectory
INFO: Deploying web application directory C:\WAS\SEMS_MOBILE\webapps\240522-2
Jun 28, 2024 11:09:36 AM org.apache.catalina.startup.HostConfig deployDirectory
INFO: Deployment of web application directory C:\WAS\SEMS_MOBILE\webapps\240522-2 has finished in 31 ms
Jun 28, 2024 11:09:36 AM org.apache.catalina.startup.HostConfig deployDirectory
INFO: Deploying web application directory C:\WAS\SEMS_MOBILE\webapps\240523
Jun 28, 2024 11:09:36 AM org.apache.catalina.startup.HostConfig deployDirectory
INFO: Deployment of web application directory C:\WAS\SEMS_MOBILE\webapps\240523 has finished in 16 ms
Jun 28, 2024 11:09:36 AM org.apache.catalina.startup.HostConfig deployDirectory
INFO: Deploying web application directory C:\WAS\SEMS_MOBILE\webapps\240603
Jun 28, 2024 11:09:36 AM org.apache.catalina.startup.HostConfig deployDirectory
INFO: Deployment of web application directory C:\WAS\SEMS_MOBILE\webapps\240603 has finished in 62 ms
Jun 28, 2024 11:09:36 AM org.apache.catalina.startup.HostConfig deployDirectory
INFO: Deploying web application directory C:\WAS\SEMS_MOBILE\webapps\docs
Jun 28, 2024 11:09:37 AM org.apache.catalina.startup.HostConfig deployDirectory
INFO: Deployment of web application directory C:\WAS\SEMS_MOBILE\webapps\docs has finished in 110 ms
Jun 28, 2024 11:09:37 AM org.apache.catalina.startup.HostConfig deployDirectory
INFO: Deploying web application directory C:\WAS\SEMS_MOBILE\webapps\examples
Jun 28, 2024 11:09:37 AM org.apache.catalina.startup.HostConfig deployDirectory
INFO: Deployment of web application directory C:\WAS\SEMS_MOBILE\webapps\examples has finished in 187 ms
Jun 28, 2024 11:09:37 AM org.apache.catalina.startup.HostConfig deployDirectory
INFO: Deploying web application directory C:\WAS\SEMS_MOBILE\webapps\host-manager
Jun 28, 2024 11:09:37 AM org.apache.catalina.startup.HostConfig deployDirectory
INFO: Deployment of web application directory C:\WAS\SEMS_MOBILE\webapps\host-manager has finished in 109 ms
Jun 28, 2024 11:09:37 AM org.apache.catalina.startup.HostConfig deployDirectory
INFO: Deploying web application directory C:\WAS\SEMS_MOBILE\webapps\manager
Jun 28, 2024 11:09:37 AM org.apache.catalina.startup.HostConfig deployDirectory
INFO: Deployment of web application directory C:\WAS\SEMS_MOBILE\webapps\manager has finished in 32 ms
Jun 28, 2024 11:09:37 AM org.apache.coyote.AbstractProtocol start
INFO: Starting ProtocolHandler ["http-apr-8093"]
Jun 28, 2024 11:09:37 AM org.apache.coyote.AbstractProtocol start
INFO: Starting ProtocolHandler ["http-bio-8443"]
Jun 28, 2024 11:09:37 AM org.apache.coyote.AbstractProtocol start
INFO: Starting ProtocolHandler ["ajp-apr-9100"]
Jun 28, 2024 11:09:37 AM org.apache.catalina.startup.Catalina start
INFO: Server startup in 12424 ms
Jun 28, 2024 11:22:03 AM org.apache.coyote.AbstractProtocol pause
INFO: Pausing ProtocolHandler ["http-apr-8093"]
Jun 28, 2024 11:22:03 AM org.apache.coyote.AbstractProtocol pause
INFO: Pausing ProtocolHandler ["http-bio-8443"]
Jun 28, 2024 11:22:03 AM org.apache.coyote.AbstractProtocol pause
INFO: Pausing ProtocolHandler ["ajp-apr-9100"]
Jun 28, 2024 11:22:03 AM org.apache.catalina.core.StandardService stopInternal
INFO: Stopping service Catalina
Jun 28, 2024 11:22:03 AM org.apache.catalina.loader.WebappClassLoaderBase clearReferencesThreads
SEVERE: The web application [] appears to have started a thread named [rollbar-buffered_sender] but has failed to stop it. This is very likely to create a memory leak.
Jun 28, 2024 11:22:03 AM org.apache.coyote.AbstractProtocol stop
INFO: Stopping ProtocolHandler ["http-apr-8093"]
Jun 28, 2024 11:22:03 AM org.apache.coyote.AbstractProtocol stop
INFO: Stopping ProtocolHandler ["http-bio-8443"]
Jun 28, 2024 11:22:03 AM org.apache.coyote.AbstractProtocol stop
INFO: Stopping ProtocolHandler ["ajp-apr-9100"]

2024-06-28 11:22:05 Commons Daemon procrun stderr initialized
Jun 28, 2024 11:22:06 AM org.apache.catalina.startup.VersionLoggerListener log
INFO: Server version:        Apache Tomcat/7.0.69
Jun 28, 2024 11:22:06 AM org.apache.catalina.startup.VersionLoggerListener log
INFO: Server built:          Apr 11 2016 07:57:09 UTC
Jun 28, 2024 11:22:06 AM org.apache.catalina.startup.VersionLoggerListener log
INFO: Server number:         7.0.69.0
Jun 28, 2024 11:22:06 AM org.apache.catalina.startup.VersionLoggerListener log
INFO: OS Name:               Windows Server 2012 R2
Jun 28, 2024 11:22:06 AM org.apache.catalina.startup.VersionLoggerListener log
INFO: OS Version:            6.3
Jun 28, 2024 11:22:06 AM org.apache.catalina.startup.VersionLoggerListener log
INFO: Architecture:          amd64
Jun 28, 2024 11:22:06 AM org.apache.catalina.startup.VersionLoggerListener log
INFO: Java Home:             C:\Program Files\Java\jdk1.8.0_181\jre
Jun 28, 2024 11:22:06 AM org.apache.catalina.startup.VersionLoggerListener log
INFO: JVM Version:           1.8.0_181-b13
Jun 28, 2024 11:22:06 AM org.apache.catalina.startup.VersionLoggerListener log
INFO: JVM Vendor:            Oracle Corporation
Jun 28, 2024 11:22:06 AM org.apache.catalina.startup.VersionLoggerListener log
INFO: CATALINA_BASE:         C:\WAS\SEMS_MOBILE
Jun 28, 2024 11:22:06 AM org.apache.catalina.startup.VersionLoggerListener log
INFO: CATALINA_HOME:         C:\WAS\SEMS_MOBILE
Jun 28, 2024 11:22:06 AM org.apache.catalina.startup.VersionLoggerListener log
INFO: Command line argument: -Dcatalina.home=C:\WAS\SEMS_MOBILE
Jun 28, 2024 11:22:06 AM org.apache.catalina.startup.VersionLoggerListener log
INFO: Command line argument: -Dcatalina.base=C:\WAS\SEMS_MOBILE
Jun 28, 2024 11:22:06 AM org.apache.catalina.startup.VersionLoggerListener log
INFO: Command line argument: -Djava.endorsed.dirs=C:\WAS\SEMS_MOBILE\endorsed
Jun 28, 2024 11:22:06 AM org.apache.catalina.startup.VersionLoggerListener log
INFO: Command line argument: -Djava.io.tmpdir=C:\WAS\SEMS_MOBILE\temp
Jun 28, 2024 11:22:06 AM org.apache.catalina.startup.VersionLoggerListener log
INFO: Command line argument: -Djava.util.logging.manager=org.apache.juli.ClassLoaderLogManager
Jun 28, 2024 11:22:06 AM org.apache.catalina.startup.VersionLoggerListener log
INFO: Command line argument: -Djava.util.logging.config.file=C:\WAS\SEMS_MOBILE\conf\logging.properties
Jun 28, 2024 11:22:06 AM org.apache.catalina.startup.VersionLoggerListener log
INFO: Command line argument: exit
Jun 28, 2024 11:22:06 AM org.apache.catalina.startup.VersionLoggerListener log
INFO: Command line argument: -Xms128m
Jun 28, 2024 11:22:06 AM org.apache.catalina.startup.VersionLoggerListener log
INFO: Command line argument: -Xmx256m
Jun 28, 2024 11:22:06 AM org.apache.catalina.core.AprLifecycleListener lifecycleEvent
INFO: Loaded APR based Apache Tomcat Native library 1.1.33 using APR version 1.5.1.
Jun 28, 2024 11:22:06 AM org.apache.catalina.core.AprLifecycleListener lifecycleEvent
INFO: APR capabilities: IPv6 [true], sendfile [true], accept filters [false], random [true].
Jun 28, 2024 11:22:07 AM org.apache.catalina.core.AprLifecycleListener initializeSSL
INFO: OpenSSL successfully initialized (OpenSSL 1.0.1m 19 Mar 2015)
Jun 28, 2024 11:22:07 AM org.apache.coyote.AbstractProtocol init
INFO: Initializing ProtocolHandler ["http-apr-8093"]
Jun 28, 2024 11:22:07 AM org.apache.coyote.AbstractProtocol init
INFO: Initializing ProtocolHandler ["ajp-apr-9100"]
Jun 28, 2024 11:22:07 AM org.apache.catalina.startup.Catalina load
INFO: Initialization processed in 1565 ms
Jun 28, 2024 11:22:07 AM org.apache.catalina.core.StandardService startInternal
INFO: Starting service Catalina
Jun 28, 2024 11:22:07 AM org.apache.catalina.core.StandardEngine startInternal
INFO: Starting Servlet Engine: Apache Tomcat/7.0.69
Jun 28, 2024 11:22:07 AM org.apache.catalina.startup.HostConfig deployWAR
INFO: Deploying web application archive C:\WAS\SEMS_MOBILE\webapps\ROOT.war
Jun 28, 2024 11:22:19 AM org.apache.catalina.startup.HostConfig deployWAR
INFO: Deployment of web application archive C:\WAS\SEMS_MOBILE\webapps\ROOT.war has finished in 12,047 ms
Jun 28, 2024 11:22:19 AM org.apache.catalina.startup.HostConfig deployDirectory
INFO: Deploying web application directory C:\WAS\SEMS_MOBILE\webapps\240522
Jun 28, 2024 11:22:19 AM org.apache.catalina.startup.HostConfig deployDirectory
INFO: Deployment of web application directory C:\WAS\SEMS_MOBILE\webapps\240522 has finished in 63 ms
Jun 28, 2024 11:22:19 AM org.apache.catalina.startup.HostConfig deployDirectory
INFO: Deploying web application directory C:\WAS\SEMS_MOBILE\webapps\240522-1
Jun 28, 2024 11:22:19 AM org.apache.catalina.startup.HostConfig deployDirectory
INFO: Deployment of web application directory C:\WAS\SEMS_MOBILE\webapps\240522-1 has finished in 31 ms
Jun 28, 2024 11:22:19 AM org.apache.catalina.startup.HostConfig deployDirectory
INFO: Deploying web application directory C:\WAS\SEMS_MOBILE\webapps\240522-2
Jun 28, 2024 11:22:19 AM org.apache.catalina.startup.HostConfig deployDirectory
INFO: Deployment of web application directory C:\WAS\SEMS_MOBILE\webapps\240522-2 has finished in 47 ms
Jun 28, 2024 11:22:19 AM org.apache.catalina.startup.HostConfig deployDirectory
INFO: Deploying web application directory C:\WAS\SEMS_MOBILE\webapps\240523
Jun 28, 2024 11:22:19 AM org.apache.catalina.startup.HostConfig deployDirectory
INFO: Deployment of web application directory C:\WAS\SEMS_MOBILE\webapps\240523 has finished in 31 ms
Jun 28, 2024 11:22:19 AM org.apache.catalina.startup.HostConfig deployDirectory
INFO: Deploying web application directory C:\WAS\SEMS_MOBILE\webapps\240603
Jun 28, 2024 11:22:19 AM org.apache.catalina.startup.HostConfig deployDirectory
INFO: Deployment of web application directory C:\WAS\SEMS_MOBILE\webapps\240603 has finished in 31 ms
Jun 28, 2024 11:22:19 AM org.apache.catalina.startup.HostConfig deployDirectory
INFO: Deploying web application directory C:\WAS\SEMS_MOBILE\webapps\docs
Jun 28, 2024 11:22:19 AM org.apache.catalina.startup.HostConfig deployDirectory
INFO: Deployment of web application directory C:\WAS\SEMS_MOBILE\webapps\docs has finished in 78 ms
Jun 28, 2024 11:22:19 AM org.apache.catalina.startup.HostConfig deployDirectory
INFO: Deploying web application directory C:\WAS\SEMS_MOBILE\webapps\examples
Jun 28, 2024 11:22:20 AM org.apache.catalina.startup.HostConfig deployDirectory
INFO: Deployment of web application directory C:\WAS\SEMS_MOBILE\webapps\examples has finished in 266 ms
Jun 28, 2024 11:22:20 AM org.apache.catalina.startup.HostConfig deployDirectory
INFO: Deploying web application directory C:\WAS\SEMS_MOBILE\webapps\host-manager
Jun 28, 2024 11:22:20 AM org.apache.catalina.startup.HostConfig deployDirectory
INFO: Deployment of web application directory C:\WAS\SEMS_MOBILE\webapps\host-manager has finished in 62 ms
Jun 28, 2024 11:22:20 AM org.apache.catalina.startup.HostConfig deployDirectory
INFO: Deploying web application directory C:\WAS\SEMS_MOBILE\webapps\manager
Jun 28, 2024 11:22:20 AM org.apache.catalina.startup.HostConfig deployDirectory
INFO: Deployment of web application directory C:\WAS\SEMS_MOBILE\webapps\manager has finished in 63 ms
Jun 28, 2024 11:22:20 AM org.apache.coyote.AbstractProtocol start
INFO: Starting ProtocolHandler ["http-apr-8093"]
Jun 28, 2024 11:22:20 AM org.apache.coyote.AbstractProtocol start
INFO: Starting ProtocolHandler ["ajp-apr-9100"]
Jun 28, 2024 11:22:20 AM org.apache.catalina.startup.Catalina start
INFO: Server startup in 12886 ms
Jun 28, 2024 11:23:28 AM org.apache.coyote.AbstractProtocol pause
INFO: Pausing ProtocolHandler ["http-apr-8093"]
Jun 28, 2024 11:23:28 AM org.apache.coyote.AbstractProtocol pause
INFO: Pausing ProtocolHandler ["ajp-apr-9100"]
Jun 28, 2024 11:23:28 AM org.apache.catalina.core.StandardService stopInternal
INFO: Stopping service Catalina
Jun 28, 2024 11:23:28 AM org.apache.catalina.loader.WebappClassLoaderBase clearReferencesThreads
SEVERE: The web application [] appears to have started a thread named [rollbar-buffered_sender] but has failed to stop it. This is very likely to create a memory leak.
Jun 28, 2024 11:23:28 AM org.apache.coyote.AbstractProtocol stop
INFO: Stopping ProtocolHandler ["http-apr-8093"]
Jun 28, 2024 11:23:28 AM org.apache.coyote.AbstractProtocol stop
INFO: Stopping ProtocolHandler ["ajp-apr-9100"]

2024-06-28 11:23:31 Commons Daemon procrun stderr initialized
Jun 28, 2024 11:23:32 AM org.apache.catalina.startup.VersionLoggerListener log
INFO: Server version:        Apache Tomcat/7.0.69
Jun 28, 2024 11:23:32 AM org.apache.catalina.startup.VersionLoggerListener log
INFO: Server built:          Apr 11 2016 07:57:09 UTC
Jun 28, 2024 11:23:32 AM org.apache.catalina.startup.VersionLoggerListener log
INFO: Server number:         7.0.69.0
Jun 28, 2024 11:23:32 AM org.apache.catalina.startup.VersionLoggerListener log
INFO: OS Name:               Windows Server 2012 R2
Jun 28, 2024 11:23:32 AM org.apache.catalina.startup.VersionLoggerListener log
INFO: OS Version:            6.3
Jun 28, 2024 11:23:32 AM org.apache.catalina.startup.VersionLoggerListener log
INFO: Architecture:          amd64
Jun 28, 2024 11:23:32 AM org.apache.catalina.startup.VersionLoggerListener log
INFO: Java Home:             C:\Program Files\Java\jdk1.8.0_181\jre
Jun 28, 2024 11:23:32 AM org.apache.catalina.startup.VersionLoggerListener log
INFO: JVM Version:           1.8.0_181-b13
Jun 28, 2024 11:23:32 AM org.apache.catalina.startup.VersionLoggerListener log
INFO: JVM Vendor:            Oracle Corporation
Jun 28, 2024 11:23:32 AM org.apache.catalina.startup.VersionLoggerListener log
INFO: CATALINA_BASE:         C:\WAS\SEMS_MOBILE
Jun 28, 2024 11:23:32 AM org.apache.catalina.startup.VersionLoggerListener log
INFO: CATALINA_HOME:         C:\WAS\SEMS_MOBILE
Jun 28, 2024 11:23:32 AM org.apache.catalina.startup.VersionLoggerListener log
INFO: Command line argument: -Dcatalina.home=C:\WAS\SEMS_MOBILE
Jun 28, 2024 11:23:32 AM org.apache.catalina.startup.VersionLoggerListener log
INFO: Command line argument: -Dcatalina.base=C:\WAS\SEMS_MOBILE
Jun 28, 2024 11:23:32 AM org.apache.catalina.startup.VersionLoggerListener log
INFO: Command line argument: -Djava.endorsed.dirs=C:\WAS\SEMS_MOBILE\endorsed
Jun 28, 2024 11:23:32 AM org.apache.catalina.startup.VersionLoggerListener log
INFO: Command line argument: -Djava.io.tmpdir=C:\WAS\SEMS_MOBILE\temp
Jun 28, 2024 11:23:32 AM org.apache.catalina.startup.VersionLoggerListener log
INFO: Command line argument: -Djava.util.logging.manager=org.apache.juli.ClassLoaderLogManager
Jun 28, 2024 11:23:32 AM org.apache.catalina.startup.VersionLoggerListener log
INFO: Command line argument: -Djava.util.logging.config.file=C:\WAS\SEMS_MOBILE\conf\logging.properties
Jun 28, 2024 11:23:32 AM org.apache.catalina.startup.VersionLoggerListener log
INFO: Command line argument: exit
Jun 28, 2024 11:23:32 AM org.apache.catalina.startup.VersionLoggerListener log
INFO: Command line argument: -Xms128m
Jun 28, 2024 11:23:32 AM org.apache.catalina.startup.VersionLoggerListener log
INFO: Command line argument: -Xmx256m
Jun 28, 2024 11:23:32 AM org.apache.catalina.core.AprLifecycleListener lifecycleEvent
INFO: Loaded APR based Apache Tomcat Native library 1.1.33 using APR version 1.5.1.
Jun 28, 2024 11:23:32 AM org.apache.catalina.core.AprLifecycleListener lifecycleEvent
INFO: APR capabilities: IPv6 [true], sendfile [true], accept filters [false], random [true].
Jun 28, 2024 11:23:32 AM org.apache.catalina.core.AprLifecycleListener initializeSSL
INFO: OpenSSL successfully initialized (OpenSSL 1.0.1m 19 Mar 2015)
Jun 28, 2024 11:23:33 AM org.apache.coyote.AbstractProtocol init
INFO: Initializing ProtocolHandler ["http-apr-8093"]
Jun 28, 2024 11:23:33 AM org.apache.coyote.AbstractProtocol init
INFO: Initializing ProtocolHandler ["ajp-apr-9100"]
Jun 28, 2024 11:23:33 AM org.apache.catalina.startup.Catalina load
INFO: Initialization processed in 1596 ms
Jun 28, 2024 11:23:33 AM org.apache.catalina.core.StandardService startInternal
INFO: Starting service Catalina
Jun 28, 2024 11:23:33 AM org.apache.catalina.core.StandardEngine startInternal
INFO: Starting Servlet Engine: Apache Tomcat/7.0.69
Jun 28, 2024 11:23:33 AM org.apache.catalina.startup.HostConfig deployWAR
INFO: Deploying web application archive C:\WAS\SEMS_MOBILE\webapps\ROOT.war
Jun 28, 2024 11:23:45 AM org.apache.catalina.startup.HostConfig deployWAR
INFO: Deployment of web application archive C:\WAS\SEMS_MOBILE\webapps\ROOT.war has finished in 11,985 ms
Jun 28, 2024 11:23:45 AM org.apache.catalina.startup.HostConfig deployDirectory
INFO: Deploying web application directory C:\WAS\SEMS_MOBILE\webapps\240522
Jun 28, 2024 11:23:45 AM org.apache.catalina.startup.HostConfig deployDirectory
INFO: Deployment of web application directory C:\WAS\SEMS_MOBILE\webapps\240522 has finished in 63 ms
Jun 28, 2024 11:23:45 AM org.apache.catalina.startup.HostConfig deployDirectory
INFO: Deploying web application directory C:\WAS\SEMS_MOBILE\webapps\240522-1
Jun 28, 2024 11:23:45 AM org.apache.catalina.startup.HostConfig deployDirectory
INFO: Deployment of web application directory C:\WAS\SEMS_MOBILE\webapps\240522-1 has finished in 31 ms
Jun 28, 2024 11:23:45 AM org.apache.catalina.startup.HostConfig deployDirectory
INFO: Deploying web application directory C:\WAS\SEMS_MOBILE\webapps\240522-2
Jun 28, 2024 11:23:45 AM org.apache.catalina.startup.HostConfig deployDirectory
INFO: Deployment of web application directory C:\WAS\SEMS_MOBILE\webapps\240522-2 has finished in 16 ms
Jun 28, 2024 11:23:45 AM org.apache.catalina.startup.HostConfig deployDirectory
INFO: Deploying web application directory C:\WAS\SEMS_MOBILE\webapps\240523
Jun 28, 2024 11:23:45 AM org.apache.catalina.startup.HostConfig deployDirectory
INFO: Deployment of web application directory C:\WAS\SEMS_MOBILE\webapps\240523 has finished in 31 ms
Jun 28, 2024 11:23:45 AM org.apache.catalina.startup.HostConfig deployDirectory
INFO: Deploying web application directory C:\WAS\SEMS_MOBILE\webapps\240603
Jun 28, 2024 11:23:45 AM org.apache.catalina.startup.HostConfig deployDirectory
INFO: Deployment of web application directory C:\WAS\SEMS_MOBILE\webapps\240603 has finished in 188 ms
Jun 28, 2024 11:23:45 AM org.apache.catalina.startup.HostConfig deployDirectory
INFO: Deploying web application directory C:\WAS\SEMS_MOBILE\webapps\docs
Jun 28, 2024 11:23:45 AM org.apache.catalina.startup.HostConfig deployDirectory
INFO: Deployment of web application directory C:\WAS\SEMS_MOBILE\webapps\docs has finished in 32 ms
Jun 28, 2024 11:23:45 AM org.apache.catalina.startup.HostConfig deployDirectory
INFO: Deploying web application directory C:\WAS\SEMS_MOBILE\webapps\examples
Jun 28, 2024 11:23:45 AM org.apache.catalina.startup.HostConfig deployDirectory
INFO: Deployment of web application directory C:\WAS\SEMS_MOBILE\webapps\examples has finished in 218 ms
Jun 28, 2024 11:23:45 AM org.apache.catalina.startup.HostConfig deployDirectory
INFO: Deploying web application directory C:\WAS\SEMS_MOBILE\webapps\host-manager
Jun 28, 2024 11:23:45 AM org.apache.catalina.startup.HostConfig deployDirectory
INFO: Deployment of web application directory C:\WAS\SEMS_MOBILE\webapps\host-manager has finished in 63 ms
Jun 28, 2024 11:23:45 AM org.apache.catalina.startup.HostConfig deployDirectory
INFO: Deploying web application directory C:\WAS\SEMS_MOBILE\webapps\manager
Jun 28, 2024 11:23:45 AM org.apache.catalina.startup.HostConfig deployDirectory
INFO: Deployment of web application directory C:\WAS\SEMS_MOBILE\webapps\manager has finished in 31 ms
Jun 28, 2024 11:23:45 AM org.apache.coyote.AbstractProtocol start
INFO: Starting ProtocolHandler ["http-apr-8093"]
Jun 28, 2024 11:23:45 AM org.apache.coyote.AbstractProtocol start
INFO: Starting ProtocolHandler ["ajp-apr-9100"]
Jun 28, 2024 11:23:45 AM org.apache.catalina.startup.Catalina start
INFO: Server startup in 12860 ms
Jun 28, 2024 11:34:47 AM org.apache.coyote.AbstractProtocol pause
INFO: Pausing ProtocolHandler ["http-apr-8093"]
Jun 28, 2024 11:34:47 AM org.apache.coyote.AbstractProtocol pause
INFO: Pausing ProtocolHandler ["ajp-apr-9100"]
Jun 28, 2024 11:34:47 AM org.apache.catalina.core.StandardService stopInternal
INFO: Stopping service Catalina
Jun 28, 2024 11:34:47 AM org.apache.catalina.loader.WebappClassLoaderBase clearReferencesThreads
SEVERE: The web application [] appears to have started a thread named [rollbar-buffered_sender] but has failed to stop it. This is very likely to create a memory leak.
Jun 28, 2024 11:34:47 AM org.apache.coyote.AbstractProtocol stop
INFO: Stopping ProtocolHandler ["http-apr-8093"]
Jun 28, 2024 11:34:47 AM org.apache.coyote.AbstractProtocol stop
INFO: Stopping ProtocolHandler ["ajp-apr-9100"]

2024-06-28 11:34:49 Commons Daemon procrun stderr initialized
Jun 28, 2024 11:34:50 AM org.apache.catalina.startup.VersionLoggerListener log
INFO: Server version:        Apache Tomcat/7.0.69
Jun 28, 2024 11:34:50 AM org.apache.catalina.startup.VersionLoggerListener log
INFO: Server built:          Apr 11 2016 07:57:09 UTC
Jun 28, 2024 11:34:50 AM org.apache.catalina.startup.VersionLoggerListener log
INFO: Server number:         7.0.69.0
Jun 28, 2024 11:34:50 AM org.apache.catalina.startup.VersionLoggerListener log
INFO: OS Name:               Windows Server 2012 R2
Jun 28, 2024 11:34:50 AM org.apache.catalina.startup.VersionLoggerListener log
INFO: OS Version:            6.3
Jun 28, 2024 11:34:50 AM org.apache.catalina.startup.VersionLoggerListener log
INFO: Architecture:          amd64
Jun 28, 2024 11:34:50 AM org.apache.catalina.startup.VersionLoggerListener log
INFO: Java Home:             C:\Program Files\Java\jdk1.8.0_181\jre
Jun 28, 2024 11:34:50 AM org.apache.catalina.startup.VersionLoggerListener log
INFO: JVM Version:           1.8.0_181-b13
Jun 28, 2024 11:34:50 AM org.apache.catalina.startup.VersionLoggerListener log
INFO: JVM Vendor:            Oracle Corporation
Jun 28, 2024 11:34:50 AM org.apache.catalina.startup.VersionLoggerListener log
INFO: CATALINA_BASE:         C:\WAS\SEMS_MOBILE
Jun 28, 2024 11:34:50 AM org.apache.catalina.startup.VersionLoggerListener log
INFO: CATALINA_HOME:         C:\WAS\SEMS_MOBILE
Jun 28, 2024 11:34:50 AM org.apache.catalina.startup.VersionLoggerListener log
INFO: Command line argument: -Dcatalina.home=C:\WAS\SEMS_MOBILE
Jun 28, 2024 11:34:50 AM org.apache.catalina.startup.VersionLoggerListener log
INFO: Command line argument: -Dcatalina.base=C:\WAS\SEMS_MOBILE
Jun 28, 2024 11:34:50 AM org.apache.catalina.startup.VersionLoggerListener log
INFO: Command line argument: -Djava.endorsed.dirs=C:\WAS\SEMS_MOBILE\endorsed
Jun 28, 2024 11:34:50 AM org.apache.catalina.startup.VersionLoggerListener log
INFO: Command line argument: -Djava.io.tmpdir=C:\WAS\SEMS_MOBILE\temp
Jun 28, 2024 11:34:50 AM org.apache.catalina.startup.VersionLoggerListener log
INFO: Command line argument: -Djava.util.logging.manager=org.apache.juli.ClassLoaderLogManager
Jun 28, 2024 11:34:50 AM org.apache.catalina.startup.VersionLoggerListener log
INFO: Command line argument: -Djava.util.logging.config.file=C:\WAS\SEMS_MOBILE\conf\logging.properties
Jun 28, 2024 11:34:50 AM org.apache.catalina.startup.VersionLoggerListener log
INFO: Command line argument: exit
Jun 28, 2024 11:34:50 AM org.apache.catalina.startup.VersionLoggerListener log
INFO: Command line argument: -Xms128m
Jun 28, 2024 11:34:50 AM org.apache.catalina.startup.VersionLoggerListener log
INFO: Command line argument: -Xmx256m
Jun 28, 2024 11:34:50 AM org.apache.catalina.core.AprLifecycleListener lifecycleEvent
INFO: Loaded APR based Apache Tomcat Native library 1.1.33 using APR version 1.5.1.
Jun 28, 2024 11:34:50 AM org.apache.catalina.core.AprLifecycleListener lifecycleEvent
INFO: APR capabilities: IPv6 [true], sendfile [true], accept filters [false], random [true].
Jun 28, 2024 11:34:50 AM org.apache.catalina.core.AprLifecycleListener initializeSSL
INFO: OpenSSL successfully initialized (OpenSSL 1.0.1m 19 Mar 2015)
Jun 28, 2024 11:34:51 AM org.apache.coyote.AbstractProtocol init
INFO: Initializing ProtocolHandler ["http-apr-8093"]
Jun 28, 2024 11:34:51 AM org.apache.coyote.AbstractProtocol init
INFO: Initializing ProtocolHandler ["ajp-apr-9100"]
Jun 28, 2024 11:34:51 AM org.apache.catalina.startup.Catalina load
INFO: Initialization processed in 1484 ms
Jun 28, 2024 11:34:51 AM org.apache.catalina.core.StandardService startInternal
INFO: Starting service Catalina
Jun 28, 2024 11:34:51 AM org.apache.catalina.core.StandardEngine startInternal
INFO: Starting Servlet Engine: Apache Tomcat/7.0.69
Jun 28, 2024 11:34:51 AM org.apache.catalina.startup.HostConfig deployWAR
INFO: Deploying web application archive C:\WAS\SEMS_MOBILE\webapps\ROOT.war
Jun 28, 2024 11:35:03 AM org.apache.catalina.startup.HostConfig deployWAR
INFO: Deployment of web application archive C:\WAS\SEMS_MOBILE\webapps\ROOT.war has finished in 12,266 ms
Jun 28, 2024 11:35:03 AM org.apache.catalina.startup.HostConfig deployDirectory
INFO: Deploying web application directory C:\WAS\SEMS_MOBILE\webapps\240522
Jun 28, 2024 11:35:03 AM org.apache.catalina.startup.HostConfig deployDirectory
INFO: Deployment of web application directory C:\WAS\SEMS_MOBILE\webapps\240522 has finished in 47 ms
Jun 28, 2024 11:35:03 AM org.apache.catalina.startup.HostConfig deployDirectory
INFO: Deploying web application directory C:\WAS\SEMS_MOBILE\webapps\240522-1
Jun 28, 2024 11:35:03 AM org.apache.catalina.startup.HostConfig deployDirectory
INFO: Deployment of web application directory C:\WAS\SEMS_MOBILE\webapps\240522-1 has finished in 62 ms
Jun 28, 2024 11:35:03 AM org.apache.catalina.startup.HostConfig deployDirectory
INFO: Deploying web application directory C:\WAS\SEMS_MOBILE\webapps\240522-2
Jun 28, 2024 11:35:03 AM org.apache.catalina.startup.HostConfig deployDirectory
INFO: Deployment of web application directory C:\WAS\SEMS_MOBILE\webapps\240522-2 has finished in 32 ms
Jun 28, 2024 11:35:03 AM org.apache.catalina.startup.HostConfig deployDirectory
INFO: Deploying web application directory C:\WAS\SEMS_MOBILE\webapps\240523
Jun 28, 2024 11:35:03 AM org.apache.catalina.startup.HostConfig deployDirectory
INFO: Deployment of web application directory C:\WAS\SEMS_MOBILE\webapps\240523 has finished in 141 ms
Jun 28, 2024 11:35:03 AM org.apache.catalina.startup.HostConfig deployDirectory
INFO: Deploying web application directory C:\WAS\SEMS_MOBILE\webapps\240603
Jun 28, 2024 11:35:03 AM org.apache.catalina.startup.HostConfig deployDirectory
INFO: Deployment of web application directory C:\WAS\SEMS_MOBILE\webapps\240603 has finished in 31 ms
Jun 28, 2024 11:35:03 AM org.apache.catalina.startup.HostConfig deployDirectory
INFO: Deploying web application directory C:\WAS\SEMS_MOBILE\webapps\docs
Jun 28, 2024 11:35:03 AM org.apache.catalina.startup.HostConfig deployDirectory
INFO: Deployment of web application directory C:\WAS\SEMS_MOBILE\webapps\docs has finished in 94 ms
Jun 28, 2024 11:35:03 AM org.apache.catalina.startup.HostConfig deployDirectory
INFO: Deploying web application directory C:\WAS\SEMS_MOBILE\webapps\examples
Jun 28, 2024 11:35:04 AM org.apache.catalina.startup.HostConfig deployDirectory
INFO: Deployment of web application directory C:\WAS\SEMS_MOBILE\webapps\examples has finished in 344 ms
Jun 28, 2024 11:35:04 AM org.apache.catalina.startup.HostConfig deployDirectory
INFO: Deploying web application directory C:\WAS\SEMS_MOBILE\webapps\host-manager
Jun 28, 2024 11:35:04 AM org.apache.catalina.startup.HostConfig deployDirectory
INFO: Deployment of web application directory C:\WAS\SEMS_MOBILE\webapps\host-manager has finished in 31 ms
Jun 28, 2024 11:35:04 AM org.apache.catalina.startup.HostConfig deployDirectory
INFO: Deploying web application directory C:\WAS\SEMS_MOBILE\webapps\manager
Jun 28, 2024 11:35:04 AM org.apache.catalina.startup.HostConfig deployDirectory
INFO: Deployment of web application directory C:\WAS\SEMS_MOBILE\webapps\manager has finished in 47 ms
Jun 28, 2024 11:35:04 AM org.apache.coyote.AbstractProtocol start
INFO: Starting ProtocolHandler ["http-apr-8093"]
Jun 28, 2024 11:35:04 AM org.apache.coyote.AbstractProtocol start
INFO: Starting ProtocolHandler ["ajp-apr-9100"]
Jun 28, 2024 11:35:04 AM org.apache.catalina.startup.Catalina start
INFO: Server startup in 13312 ms
