
2023-10-23 16:43:05 Commons Daemon procrun stdout initialized
##########Session ID 97437F773874A1388F1F97637A5C6CE9 destroyed at Mon Oct 23 20:54:25 KST 2023 Session Counts:  1
ERROR 20:54:25.475 [ContainerBackgroundProcessor[StandardEngine[Catalina]]] sems.cm.ctrl.HttpSessionCheckingListener[sessionDestroyed:31] - ##########Session ID 97437F773874A1388F1F97637A5C6CE9 destroyed at Mon Oct 23 20:54:25 KST 2023 1
##########Session ID 9D306D0A4C340326BE14608E2FE0A136 destroyed at Mon Oct 23 21:12:25 KST 2023 Session Counts:  0
ERROR 21:12:25.811 [ContainerBackgroundProcessor[StandardEngine[Catalina]]] sems.cm.ctrl.HttpSessionCheckingListener[sessionDestroyed:31] - ##########Session ID 9D306D0A4C340326BE14608E2FE0A136 destroyed at Mon Oct 23 21:12:25 KST 2023 0
##########Session ID 1035D002F0428D9CDE81DA16E05AA072 destroyed at Mon Oct 23 23:47:28 KST 2023 Session Counts:  -1
ERROR 23:47:28.656 [ContainerBackgroundProcessor[StandardEngine[Catalina]]] sems.cm.ctrl.HttpSessionCheckingListener[sessionDestroyed:31] - ##########Session ID 1035D002F0428D9CDE81DA16E05AA072 destroyed at Mon Oct 23 23:47:28 KST 2023 -1
##########Session ID 0EC4762D3E60D400F4EFE30A48E4D747 destroyed at Tue Oct 24 02:36:31 KST 2023 Session Counts:  -2
ERROR 02:36:31.731 [ContainerBackgroundProcessor[StandardEngine[Catalina]]] sems.cm.ctrl.HttpSessionCheckingListener[sessionDestroyed:31] - ##########Session ID 0EC4762D3E60D400F4EFE30A48E4D747 destroyed at Tue Oct 24 02:36:31 KST 2023 -2
##########Session ID 199E980AB0473F46310ED78BDF338E6A destroyed at Tue Oct 24 02:36:31 KST 2023 Session Counts:  -3
ERROR 02:36:31.736 [ContainerBackgroundProcessor[StandardEngine[Catalina]]] sems.cm.ctrl.HttpSessionCheckingListener[sessionDestroyed:31] - ##########Session ID 199E980AB0473F46310ED78BDF338E6A destroyed at Tue Oct 24 02:36:31 KST 2023 -3
##########Session ID A2A39CC135EC9483DC6D315BFF74958F destroyed at Tue Oct 24 03:51:33 KST 2023 Session Counts:  -4
ERROR 03:51:33.079 [ContainerBackgroundProcessor[StandardEngine[Catalina]]] sems.cm.ctrl.HttpSessionCheckingListener[sessionDestroyed:31] - ##########Session ID A2A39CC135EC9483DC6D315BFF74958F destroyed at Tue Oct 24 03:51:33 KST 2023 -4
##########Session ID FDED221C1A4E19C3B73E0C23ABB61B74 destroyed at Tue Oct 24 04:45:34 KST 2023 Session Counts:  -4
ERROR 04:45:34.058 [ContainerBackgroundProcessor[StandardEngine[Catalina]]] sems.cm.ctrl.HttpSessionCheckingListener[sessionDestroyed:31] - ##########Session ID FDED221C1A4E19C3B73E0C23ABB61B74 destroyed at Tue Oct 24 04:45:34 KST 2023 -4
##########Session ID 2C0D517AE71F5F86C8802341A618D855 destroyed at Tue Oct 24 04:46:34 KST 2023 Session Counts:  -5
ERROR 04:46:34.079 [ContainerBackgroundProcessor[StandardEngine[Catalina]]] sems.cm.ctrl.HttpSessionCheckingListener[sessionDestroyed:31] - ##########Session ID 2C0D517AE71F5F86C8802341A618D855 destroyed at Tue Oct 24 04:46:34 KST 2023 -5
##########Session ID 0D5818477F8A096CFE988085EFAB65D7 destroyed at Tue Oct 24 05:50:35 KST 2023 Session Counts:  -6
ERROR 05:50:35.248 [ContainerBackgroundProcessor[StandardEngine[Catalina]]] sems.cm.ctrl.HttpSessionCheckingListener[sessionDestroyed:31] - ##########Session ID 0D5818477F8A096CFE988085EFAB65D7 destroyed at Tue Oct 24 05:50:35 KST 2023 -6
##########Session ID 627B32ED0E42E742011AB0A2DDEC1163 created at Tue Oct 24 06:46:48 KST 2023 Session Counts: -5
ERROR 06:46:48.282 [http-bio-8443-exec-11] sems.cm.ctrl.HttpSessionCheckingListener[sessionCreated:24] - ##########Session ID 627B32ED0E42E742011AB0A2DDEC1163 created at Tue Oct 24 06:46:48 KST 2023 -5
##########Session ID FE0D28649009607B62BBD45D145F2E04 created at Tue Oct 24 06:46:49 KST 2023 Session Counts: -4
ERROR 06:46:49.579 [http-bio-8443-exec-2] sems.cm.ctrl.HttpSessionCheckingListener[sessionCreated:24] - ##########Session ID FE0D28649009607B62BBD45D145F2E04 created at Tue Oct 24 06:46:49 KST 2023 -4
##########Session ID 069A72A1CC6EDFA086BF513FF509806C created at Tue Oct 24 07:07:52 KST 2023 Session Counts: -2
ERROR 07:07:52.530 [http-bio-8443-exec-14] sems.cm.ctrl.HttpSessionCheckingListener[sessionCreated:24] - ##########Session ID 069A72A1CC6EDFA086BF513FF509806C created at Tue Oct 24 07:07:52 KST 2023 -2
##########Session ID 007F2E210429861783D77334AD33AD17 created at Tue Oct 24 07:07:59 KST 2023 Session Counts: -1
ERROR 07:07:59.139 [http-bio-8443-exec-3] sems.cm.ctrl.HttpSessionCheckingListener[sessionCreated:24] - ##########Session ID 007F2E210429861783D77334AD33AD17 created at Tue Oct 24 07:07:59 KST 2023 -1
##########Session ID C48DD03D082653B5F0CDBCC67144D63F created at Tue Oct 24 07:08:05 KST 2023 Session Counts: 0
ERROR 07:08:05.998 [http-bio-8443-exec-11] sems.cm.ctrl.HttpSessionCheckingListener[sessionCreated:24] - ##########Session ID C48DD03D082653B5F0CDBCC67144D63F created at Tue Oct 24 07:08:05 KST 2023 0
##########Session ID D462D448E8573BC381448CE9A4C89D3C created at Tue Oct 24 07:08:13 KST 2023 Session Counts: 1
ERROR 07:08:13.414 [http-bio-8443-exec-2] sems.cm.ctrl.HttpSessionCheckingListener[sessionCreated:24] - ##########Session ID D462D448E8573BC381448CE9A4C89D3C created at Tue Oct 24 07:08:13 KST 2023 1
##########Session ID C202CD15BBA2BB3A36C5E7BDD564E983 created at Tue Oct 24 07:08:23 KST 2023 Session Counts: 3
ERROR 07:08:23.142 [http-bio-8443-exec-12] sems.cm.ctrl.HttpSessionCheckingListener[sessionCreated:24] - ##########Session ID C202CD15BBA2BB3A36C5E7BDD564E983 created at Tue Oct 24 07:08:23 KST 2023 3
##########Session ID 936CAAF2A7009352832F0A3A8D3426F4 created at Tue Oct 24 07:08:33 KST 2023 Session Counts: 4
ERROR 07:08:33.611 [http-bio-8443-exec-6] sems.cm.ctrl.HttpSessionCheckingListener[sessionCreated:24] - ##########Session ID 936CAAF2A7009352832F0A3A8D3426F4 created at Tue Oct 24 07:08:33 KST 2023 4
##########Session ID BC875A60E19CBB5C37693F61AEA76FB0 created at Tue Oct 24 07:08:51 KST 2023 Session Counts: 7
ERROR 07:08:51.537 [http-bio-8443-exec-2] sems.cm.ctrl.HttpSessionCheckingListener[sessionCreated:24] - ##########Session ID BC875A60E19CBB5C37693F61AEA76FB0 created at Tue Oct 24 07:08:51 KST 2023 7
##########Session ID 8300846B0038B2DCECACF71E3106B403 created at Tue Oct 24 08:53:01 KST 2023 Session Counts: 9
ERROR 08:53:01.787 [http-bio-8443-exec-4] sems.cm.ctrl.HttpSessionCheckingListener[sessionCreated:24] - ##########Session ID 8300846B0038B2DCECACF71E3106B403 created at Tue Oct 24 08:53:01 KST 2023 9
