
2023-08-09 11:08:56 Commons Daemon procrun stdout initialized

2023-08-09 11:30:21 Commons Daemon procrun stdout initialized

2023-08-09 11:32:53 Commons Daemon procrun stdout initialized
##########Session ID 5775ABA6EB34F0F1ED7C5E4FE81B9154 created at Wed Aug 09 11:46:11 KST 2023
##########Session ID 167F85F02E45D55CDBBB9AE7E0BCAF41 created at Wed Aug 09 11:48:14 KST 2023

2023-08-09 11:51:13 Commons Daemon procrun stdout initialized

2023-08-09 13:35:04 Commons Daemon procrun stdout initialized
##########Session ID F512C2663CD760EA2ECA4B588180FD80 created at Thu Aug 10 01:37:00 KST 2023
##########Session ID C9D3B6A11D67C59C8DE72EBEF66C79FC created at Thu Aug 10 01:37:46 KST 2023
##########Session ID 942F2F6A589D9F6ABFC1579416A246D6 created at Thu Aug 10 01:38:31 KST 2023
##########Session ID FC27B80900AA8A3269DBD5D80305451F created at Thu Aug 10 01:39:19 KST 2023
##########Session ID D85D101338D9B27FF0FEE1BEB22BDFC9 created at Thu Aug 10 01:39:22 KST 2023
##########Session ID BE0AE6BFC2494364AE9CFC50651B9D6C destroyed at Thu Aug 10 13:35:49 KST 2023
##########Session ID 345C77DD9365E5415EFC1B6C0DE1B0E1 destroyed at Thu Aug 10 13:48:50 KST 2023
##########Session ID 3C5B1E1D50DFF287E47B6581986EBF8E destroyed at Thu Aug 10 13:49:50 KST 2023
##########Session ID 1E295374DBCA8C19A5F1753B40ACCE34 destroyed at Thu Aug 10 13:50:50 KST 2023
##########Session ID 11DB565753EBF0187C93BB07BBDDAFD3 destroyed at Thu Aug 10 13:53:50 KST 2023
##########Session ID 3826361EEA03594852E0F0ADDBFD0150 destroyed at Thu Aug 10 14:13:50 KST 2023
##########Session ID A3B7B9E0BC6C87219CE6D79F2727729F destroyed at Thu Aug 10 14:13:50 KST 2023
##########Session ID F512C2663CD760EA2ECA4B588180FD80 destroyed at Fri Aug 11 01:37:04 KST 2023
##########Session ID 71DE37884A214A7E9C604938DB09B941 destroyed at Fri Aug 11 01:37:04 KST 2023
##########Session ID C9764E581A768603F455C9D3C9F340E7 destroyed at Fri Aug 11 01:37:04 KST 2023
##########Session ID 97356C33F1786FF7CF4D4C83B0206A0D destroyed at Fri Aug 11 01:37:04 KST 2023
##########Session ID 9079ED7DFAF7D3898D0BF953EF5D73C3 destroyed at Fri Aug 11 01:37:04 KST 2023
##########Session ID E4FE1AAC57D7CC119EA2A2F9BDFD6696 destroyed at Fri Aug 11 01:37:04 KST 2023
##########Session ID DF6E821C015DFB2F3086F1B2C835266B destroyed at Fri Aug 11 01:37:04 KST 2023
##########Session ID C9D3B6A11D67C59C8DE72EBEF66C79FC destroyed at Fri Aug 11 01:38:04 KST 2023
##########Session ID 942F2F6A589D9F6ABFC1579416A246D6 destroyed at Fri Aug 11 01:39:04 KST 2023
##########Session ID D85D101338D9B27FF0FEE1BEB22BDFC9 destroyed at Fri Aug 11 01:40:04 KST 2023
##########Session ID FC27B80900AA8A3269DBD5D80305451F destroyed at Fri Aug 11 01:40:04 KST 2023
##########Session ID 868EC483D69B6CD83671C954980A5270 destroyed at Fri Aug 11 01:40:04 KST 2023
##########Session ID EA0D137BF72DE94E5FC70FB3F9B042FD destroyed at Fri Aug 11 06:42:10 KST 2023
##########Session ID BB8AB98AFEBDA6B1CB862070B9D8B2D8 destroyed at Fri Aug 11 06:42:10 KST 2023
##########Session ID 19EF28B32B55A4B14B80225A6B7F4E02 destroyed at Sat Aug 12 06:32:38 KST 2023
##########Session ID 021F857C6A3B42CE2CE86AC37396D556 destroyed at Sat Aug 12 06:32:38 KST 2023
##########Session ID 4143612EF6E434A698F61597FD34C29B destroyed at Sat Aug 12 08:28:40 KST 2023
##########Session ID 4FA1CA8FF076B5772202C5894C41B294 destroyed at Sat Aug 12 08:28:40 KST 2023
##########Session ID 3F39DDA9493A068C282D8891D4EFC653 destroyed at Sat Aug 12 11:05:43 KST 2023
##########Session ID BFD25FB15FDA3875C2AB6C2B26127A19 destroyed at Sat Aug 12 11:05:43 KST 2023
##########Session ID 397186DB94C4149FDF2DC41C25952BFD destroyed at Sat Aug 12 13:43:46 KST 2023
##########Session ID 83925E89E51DD8B77812BFD3A41F0529 destroyed at Sat Aug 12 13:43:46 KST 2023
##########Session ID 99E0079764B8F00EE78DDF50B88CFFEA created at Sat Aug 12 19:46:46 KST 2023
##########Session ID 68F61850F8A9DC2585CE5996A62F3529 created at Sat Aug 12 20:05:17 KST 2023
##########Session ID 738E3E8C9BE09298F5EEB0B7AA70B5CB created at Sat Aug 12 20:05:19 KST 2023
##########Session ID 6577F81F00C6368C860576D4FA212AEB created at Sat Aug 12 20:32:32 KST 2023
##########Session ID CAD60E2BC0516075ACFC4AF9AAE4558A created at Sat Aug 12 20:32:34 KST 2023
##########Session ID 2FC6C4364996C5DE6654445F3060A96E created at Sun Aug 13 03:29:12 KST 2023
##########Session ID AE6CFFEED3AD14D0471195088D69521D created at Sun Aug 13 03:29:13 KST 2023
##########Session ID 4FD211BF64C1738AD4DD778C0382F66B created at Sun Aug 13 03:29:14 KST 2023
##########Session ID 260CEEA2D717DDFEF6C64EF3FD85A623 created at Sun Aug 13 03:29:15 KST 2023
##########Session ID F71816FB3B5314443F0CABC6D53C1E40 created at Sun Aug 13 04:20:44 KST 2023
##########Session ID 21EEF69DB3F4652AA7083935BC76E257 created at Sun Aug 13 04:20:47 KST 2023
##########Session ID 4FE95675E2AF227C2AD3AB6EBB02542A created at Sun Aug 13 11:26:19 KST 2023
##########Session ID 65DCBE9884653D69CDA659BA5DAF65A2 created at Sun Aug 13 11:26:21 KST 2023
##########Session ID 0EFC2EC87CDA94B213416C75DACCFCAA created at Sun Aug 13 11:26:36 KST 2023
##########Session ID 10467FC4E3B2AD07FA91283B64B12FC7 created at Sun Aug 13 11:26:38 KST 2023
##########Session ID 04530E7640AC1F4E4E71A9472C78418F created at Sun Aug 13 11:58:38 KST 2023
##########Session ID 6E7B8CD11C8D08B94804362076C22E8D created at Sun Aug 13 11:58:40 KST 2023
##########Session ID B1BC687DA8229E74D8BC2123F0FB652C created at Sun Aug 13 11:59:03 KST 2023
##########Session ID 294174CD610DEE4BA6FAE443ABAA0361 created at Sun Aug 13 11:59:05 KST 2023
##########Session ID C95F33E74A0FC6E813070C143A1BF751 created at Sun Aug 13 12:30:42 KST 2023
##########Session ID 687F10007DA0B0298A1548BADAE6AFDB created at Sun Aug 13 12:30:44 KST 2023
##########Session ID 7C6676A0EFD07BB146CB289D3988AC17 destroyed at Sun Aug 13 15:05:16 KST 2023
##########Session ID FD5A6F17920B313829DA1DF7BF2544FD destroyed at Sun Aug 13 15:05:16 KST 2023
##########Session ID 183F9B26893886DEBD7F8828C06DE4BC created at Sun Aug 13 18:14:49 KST 2023
##########Session ID 9F8F449ED0C7EFC80F27436072EC8322 created at Sun Aug 13 18:14:50 KST 2023
##########Session ID 34DBF09F8A26359D4D16AB31AAC81CF1 created at Sun Aug 13 18:14:51 KST 2023
##########Session ID 1E0164A63C3DD5E63A4224F2A4085659 created at Sun Aug 13 18:14:52 KST 2023
##########Session ID CC53A945B54BA290D3EA9A9A2B6A2B58 destroyed at Sun Aug 13 19:47:22 KST 2023
##########Session ID 99E0079764B8F00EE78DDF50B88CFFEA destroyed at Sun Aug 13 19:47:22 KST 2023
##########Session ID FCC02195B407E56D8422F22CF5C96BA4 destroyed at Sun Aug 13 19:47:22 KST 2023
##########Session ID 68F61850F8A9DC2585CE5996A62F3529 destroyed at Sun Aug 13 20:05:22 KST 2023
##########Session ID 738E3E8C9BE09298F5EEB0B7AA70B5CB destroyed at Sun Aug 13 20:05:22 KST 2023
##########Session ID 6577F81F00C6368C860576D4FA212AEB destroyed at Sun Aug 13 20:33:22 KST 2023
##########Session ID CAD60E2BC0516075ACFC4AF9AAE4558A destroyed at Sun Aug 13 20:33:22 KST 2023
##########Session ID 2FC6C4364996C5DE6654445F3060A96E destroyed at Mon Aug 14 03:29:31 KST 2023
##########Session ID AE6CFFEED3AD14D0471195088D69521D destroyed at Mon Aug 14 03:29:31 KST 2023
##########Session ID 4FD211BF64C1738AD4DD778C0382F66B destroyed at Mon Aug 14 03:29:31 KST 2023
##########Session ID 260CEEA2D717DDFEF6C64EF3FD85A623 destroyed at Mon Aug 14 03:29:31 KST 2023
##########Session ID F71816FB3B5314443F0CABC6D53C1E40 destroyed at Mon Aug 14 04:21:32 KST 2023
##########Session ID 21EEF69DB3F4652AA7083935BC76E257 destroyed at Mon Aug 14 04:21:32 KST 2023
##########Session ID 4BAA6A3113AA7E6CBC4A83B02AAF221E destroyed at Mon Aug 14 09:27:38 KST 2023
##########Session ID AB0C45C39DBC1B635E61F33B5768D36A destroyed at Mon Aug 14 09:27:38 KST 2023
##########Session ID 10467FC4E3B2AD07FA91283B64B12FC7 destroyed at Mon Aug 14 11:26:40 KST 2023
##########Session ID 65DCBE9884653D69CDA659BA5DAF65A2 destroyed at Mon Aug 14 11:26:40 KST 2023
##########Session ID 0EFC2EC87CDA94B213416C75DACCFCAA destroyed at Mon Aug 14 11:26:40 KST 2023
##########Session ID 4FE95675E2AF227C2AD3AB6EBB02542A destroyed at Mon Aug 14 11:26:40 KST 2023
##########Session ID 04530E7640AC1F4E4E71A9472C78418F destroyed at Mon Aug 14 11:58:41 KST 2023
##########Session ID 6E7B8CD11C8D08B94804362076C22E8D destroyed at Mon Aug 14 11:58:41 KST 2023
##########Session ID B1BC687DA8229E74D8BC2123F0FB652C destroyed at Mon Aug 14 11:59:41 KST 2023
##########Session ID 294174CD610DEE4BA6FAE443ABAA0361 destroyed at Mon Aug 14 11:59:41 KST 2023
##########Session ID C95F33E74A0FC6E813070C143A1BF751 destroyed at Mon Aug 14 12:31:41 KST 2023
##########Session ID 687F10007DA0B0298A1548BADAE6AFDB destroyed at Mon Aug 14 12:31:41 KST 2023
##########Session ID 9F8F449ED0C7EFC80F27436072EC8322 destroyed at Mon Aug 14 18:15:48 KST 2023
##########Session ID 183F9B26893886DEBD7F8828C06DE4BC destroyed at Mon Aug 14 18:15:48 KST 2023
##########Session ID 1E0164A63C3DD5E63A4224F2A4085659 destroyed at Mon Aug 14 18:15:48 KST 2023
##########Session ID 34DBF09F8A26359D4D16AB31AAC81CF1 destroyed at Mon Aug 14 18:15:48 KST 2023
##########Session ID 66E84E6C0E82395B174C45C578B1F2D3 destroyed at Mon Aug 14 21:19:52 KST 2023
##########Session ID 9A1901EC9544B97AEEEB553845FD0727 destroyed at Mon Aug 14 21:19:52 KST 2023
##########Session ID C67C20522FCD75114C0C35F11BF548B0 destroyed at Tue Aug 15 05:17:01 KST 2023
##########Session ID 9C52B168CFBE988592417C51723A70C5 destroyed at Tue Aug 15 05:17:01 KST 2023
##########Session ID 406292BFE1672881296555A66FCEC2B7 created at Tue Aug 15 08:34:14 KST 2023
##########Session ID 5B089FFF9970867B00060B88B3791DAF created at Tue Aug 15 08:34:32 KST 2023
##########Session ID 8B92DDAA35EF107D9791A11B5C2DB524 destroyed at Tue Aug 15 17:35:16 KST 2023
##########Session ID A9E9859DB4EB0621537398A2F15E54BA destroyed at Tue Aug 15 17:35:16 KST 2023
##########Session ID 44C691B89D150FED2DE74F584724F2C2 created at Wed Aug 16 02:46:55 KST 2023
##########Session ID 7A2FEE82C8999A37791575568852D0E2 created at Wed Aug 16 02:46:57 KST 2023
##########Session ID D94E13A2FA043D2D04EDA39E7C04B012 created at Wed Aug 16 03:13:54 KST 2023
##########Session ID 46B322819F1F78C217CF271F5C0E4D06 created at Wed Aug 16 03:13:55 KST 2023
##########Session ID 1D5220C2A0084F61F8D65A387F7F90B9 created at Wed Aug 16 04:04:27 KST 2023
##########Session ID 70DA1C83A390E3EC094208974F5642E3 created at Wed Aug 16 04:04:30 KST 2023
##########Session ID D741AB5B4E1F13D525C15B9F9A2A6FCB created at Wed Aug 16 05:53:37 KST 2023
##########Session ID D7374CAF3AB55DA6B0871712A0527A3B created at Wed Aug 16 05:53:38 KST 2023
##########Session ID F118FD6A8C926AC79FFC653DBE868C0D created at Wed Aug 16 06:26:18 KST 2023
##########Session ID 8AF2009A14E651F377E00DFA2E782519 created at Wed Aug 16 06:26:19 KST 2023
##########Session ID 4F92CD76D565043E95DBEEAAE0A99D2D created at Wed Aug 16 07:55:26 KST 2023
##########Session ID C68F82527936BFA0DC54742094A7DEEC created at Wed Aug 16 07:55:28 KST 2023
##########Session ID 0E1A90C9CA21B166A1EE1605B894CBBC created at Wed Aug 16 08:22:54 KST 2023
##########Session ID D4EF8B4D55B0152E2033FE6B52F538EF created at Wed Aug 16 08:22:57 KST 2023
##########Session ID B6C9C53B6CA5255BF5AD239FD909306B destroyed at Wed Aug 16 08:33:34 KST 2023
##########Session ID 78CE334F52B44DA4F0F9B674F4716652 destroyed at Wed Aug 16 08:34:34 KST 2023
##########Session ID 406292BFE1672881296555A66FCEC2B7 destroyed at Wed Aug 16 08:34:34 KST 2023
##########Session ID 5B089FFF9970867B00060B88B3791DAF destroyed at Wed Aug 16 08:34:34 KST 2023
##########Session ID 9FA612457E50C202609158453C95355A created at Wed Aug 16 09:11:46 KST 2023
##########Session ID 34DC8EF70CEE34F4AEEEEE4B590ACDAB created at Wed Aug 16 09:11:49 KST 2023
##########Session ID 72A5F30BBA366B6A8F2D0D7739D1F5CE created at Wed Aug 16 12:11:36 KST 2023
##########Session ID C563E1639587008000684A02F8914EEB created at Wed Aug 16 13:50:34 KST 2023
##########Session ID 496E9EA86CF84FEB5B72B825CCE6DB14 destroyed at Wed Aug 16 15:20:42 KST 2023
##########Session ID 2890EB48F8B6C30F559D21CBD60BE97A destroyed at Wed Aug 16 15:20:42 KST 2023
##########Session ID 50A69720181B8B7FB7BC2BCDD7BF1CBE created at Wed Aug 16 17:30:21 KST 2023
##########Session ID EAA06DEF7C9DFE4CB3EA9CC655A2DC86 created at Wed Aug 16 17:30:23 KST 2023
##########Session ID 9ED6808063CC216EEFFC14B4115C7359 destroyed at Wed Aug 16 17:30:45 KST 2023
##########Session ID A40A7EA4F3BF04F2D48714F52D4B204E destroyed at Wed Aug 16 17:30:45 KST 2023
##########Session ID 644F577D0AEF14A465F7AC87C646EE54 created at Thu Aug 17 01:18:23 KST 2023
##########Session ID AEBB3389E1B8692AEF4664FE772C3601 created at Thu Aug 17 01:18:25 KST 2023
##########Session ID 5966789DB7EC0066A5104545CAECE34E created at Thu Aug 17 02:32:18 KST 2023
##########Session ID 602C915214CE488AAFA86FF5734395E1 created at Thu Aug 17 02:32:20 KST 2023
##########Session ID 44C691B89D150FED2DE74F584724F2C2 destroyed at Thu Aug 17 02:46:56 KST 2023
##########Session ID 7A2FEE82C8999A37791575568852D0E2 destroyed at Thu Aug 17 02:47:56 KST 2023
##########Session ID 7F8D86A309D60076B54A511C490B200C created at Thu Aug 17 03:05:46 KST 2023
##########Session ID E7E420DEE819B235F6E6D2DA534D9E57 created at Thu Aug 17 03:05:47 KST 2023
##########Session ID D94E13A2FA043D2D04EDA39E7C04B012 destroyed at Thu Aug 17 03:13:56 KST 2023
##########Session ID 46B322819F1F78C217CF271F5C0E4D06 destroyed at Thu Aug 17 03:13:56 KST 2023
##########Session ID 70DA1C83A390E3EC094208974F5642E3 destroyed at Thu Aug 17 04:04:57 KST 2023
##########Session ID 1D5220C2A0084F61F8D65A387F7F90B9 destroyed at Thu Aug 17 04:04:57 KST 2023
##########Session ID D741AB5B4E1F13D525C15B9F9A2A6FCB destroyed at Thu Aug 17 05:53:59 KST 2023
##########Session ID D7374CAF3AB55DA6B0871712A0527A3B destroyed at Thu Aug 17 05:53:59 KST 2023
##########Session ID 8AF2009A14E651F377E00DFA2E782519 destroyed at Thu Aug 17 06:27:00 KST 2023
##########Session ID F118FD6A8C926AC79FFC653DBE868C0D destroyed at Thu Aug 17 06:27:00 KST 2023
##########Session ID C68F82527936BFA0DC54742094A7DEEC destroyed at Thu Aug 17 07:56:02 KST 2023
##########Session ID 4F92CD76D565043E95DBEEAAE0A99D2D destroyed at Thu Aug 17 07:56:02 KST 2023
##########Session ID D4EF8B4D55B0152E2033FE6B52F538EF destroyed at Thu Aug 17 08:23:02 KST 2023
##########Session ID 0E1A90C9CA21B166A1EE1605B894CBBC destroyed at Thu Aug 17 08:23:02 KST 2023
##########Session ID 74273ACE3C7FE2AE48F937C37D8CC678 created at Thu Aug 17 08:51:11 KST 2023
##########Session ID F4F2F2302FADF55D272F568F2849312E created at Thu Aug 17 08:51:17 KST 2023
##########Session ID 9C58DB1B8CF4EDB83D9BBB199636F975 created at Thu Aug 17 08:51:23 KST 2023
##########Session ID 34DC8EF70CEE34F4AEEEEE4B590ACDAB destroyed at Thu Aug 17 09:12:03 KST 2023
##########Session ID 9FA612457E50C202609158453C95355A destroyed at Thu Aug 17 09:12:03 KST 2023
##########Session ID 15201D6BA4BE158B16B6E3D00AB587D1 created at Thu Aug 17 09:12:57 KST 2023
##########Session ID 78F8C51EDA1943BA8C39A024A35B702E created at Thu Aug 17 09:12:58 KST 2023
##########Session ID A26C4B59D34041A45E920EACBE659B55 created at Thu Aug 17 09:58:45 KST 2023
##########Session ID 713561BFE3D121412107ADD8943210BB created at Thu Aug 17 09:58:48 KST 2023
##########Session ID 3D2D111030598DF4AE9DF7B1B4DD9072 created at Thu Aug 17 09:58:51 KST 2023
##########Session ID C0420F4E72966BE1FA7EE90BA08B4E06 created at Thu Aug 17 09:58:52 KST 2023
##########Session ID F19DA499FDAAC9E1D8CCB26B56AB67CC created at Thu Aug 17 09:58:53 KST 2023
##########Session ID 2479287BAE734352F3E280B73D384F29 created at Thu Aug 17 09:58:56 KST 2023
##########Session ID B2E48E3C1275A3F011EB0F901522F311 created at Thu Aug 17 09:58:59 KST 2023
##########Session ID C8BE289A1F85006C909468D7C7ED54B6 destroyed at Thu Aug 17 10:04:04 KST 2023
##########Session ID 4454BE9EEFC3591D97C5232EFB4E6DAC destroyed at Thu Aug 17 11:49:06 KST 2023
##########Session ID 72A5F30BBA366B6A8F2D0D7739D1F5CE destroyed at Thu Aug 17 12:12:07 KST 2023
##########Session ID 024D04961B1029A6EF437544C73A056B destroyed at Thu Aug 17 12:12:07 KST 2023
##########Session ID A906998FFA338764FBE9061255DD3EF0 destroyed at Thu Aug 17 12:12:07 KST 2023
##########Session ID 7E016263241DF4550D0B73F9B8D49C6C destroyed at Thu Aug 17 13:51:12 KST 2023
##########Session ID E348D7EDA8AFEC64D4583F0BD5159BFC destroyed at Thu Aug 17 13:51:12 KST 2023
##########Session ID C563E1639587008000684A02F8914EEB destroyed at Thu Aug 17 13:51:12 KST 2023
##########Session ID 7E2C043558D83433DAEEC186F92F4875 created at Thu Aug 17 14:25:06 KST 2023
##########Session ID DC7CB571FF37910C2947DABBCBE4DEB4 destroyed at Thu Aug 17 14:39:13 KST 2023
##########Session ID 6CBF167390ADB6A714E1A07CFBB6D7D4 destroyed at Thu Aug 17 14:39:13 KST 2023
##########Session ID FCBDB03BE316319FBA347769603993EA destroyed at Thu Aug 17 14:41:13 KST 2023
##########Session ID E44B88993ACE717FEED2B47B34DC1E00 destroyed at Thu Aug 17 17:17:16 KST 2023
##########Session ID 50A69720181B8B7FB7BC2BCDD7BF1CBE destroyed at Thu Aug 17 17:31:16 KST 2023
##########Session ID EAA06DEF7C9DFE4CB3EA9CC655A2DC86 destroyed at Thu Aug 17 17:31:16 KST 2023
##########Session ID B4176F0C2A4C32547DE684761782C8B8 created at Thu Aug 17 18:46:25 KST 2023
##########Session ID 85B8A2931FCD8D0DFBEAF55A06A80799 created at Thu Aug 17 18:46:27 KST 2023
##########Session ID ED47F9862349F30BE020843C0B814FB7 created at Thu Aug 17 20:37:50 KST 2023
##########Session ID C10DCA788B394916AEBC2AA5E280F2E4 created at Thu Aug 17 20:37:51 KST 2023
##########Session ID 31BB374CA0488570D51BB6B25F58A88B created at Thu Aug 17 21:02:11 KST 2023
##########Session ID 65D4A4F889726A4F4417962401B0BA28 created at Thu Aug 17 21:02:12 KST 2023
##########Session ID 4F3CAE15203B73CD74D64BA418E3EC8B destroyed at Thu Aug 17 22:11:22 KST 2023
##########Session ID 1740F842CA3F6908C705E03CF4757440 destroyed at Thu Aug 17 22:11:22 KST 2023
##########Session ID 316AC387A9166939603DB14B82379193 destroyed at Fri Aug 18 01:10:25 KST 2023
##########Session ID AEBB3389E1B8692AEF4664FE772C3601 destroyed at Fri Aug 18 01:18:25 KST 2023
##########Session ID 644F577D0AEF14A465F7AC87C646EE54 destroyed at Fri Aug 18 01:18:25 KST 2023
##########Session ID 602C915214CE488AAFA86FF5734395E1 destroyed at Fri Aug 18 02:32:27 KST 2023
##########Session ID 5966789DB7EC0066A5104545CAECE34E destroyed at Fri Aug 18 02:32:27 KST 2023
##########Session ID E7E420DEE819B235F6E6D2DA534D9E57 destroyed at Fri Aug 18 03:06:27 KST 2023
##########Session ID 7F8D86A309D60076B54A511C490B200C destroyed at Fri Aug 18 03:06:27 KST 2023
##########Session ID 7A43D912EF9D6D460C82C482309C5CC3 destroyed at Fri Aug 18 05:27:30 KST 2023
##########Session ID 4E6D859049526AED1E63DC196C05A34C destroyed at Fri Aug 18 05:27:30 KST 2023
##########Session ID 9C58DB1B8CF4EDB83D9BBB199636F975 destroyed at Fri Aug 18 08:51:34 KST 2023
##########Session ID 57BDA0BA58D715DE978C5902252E7ADF destroyed at Fri Aug 18 08:51:34 KST 2023
##########Session ID B0694CB7652A232149938576CC5EDFEB destroyed at Fri Aug 18 08:51:34 KST 2023
##########Session ID 74273ACE3C7FE2AE48F937C37D8CC678 destroyed at Fri Aug 18 08:51:34 KST 2023
##########Session ID F4F2F2302FADF55D272F568F2849312E destroyed at Fri Aug 18 08:51:34 KST 2023
##########Session ID 15201D6BA4BE158B16B6E3D00AB587D1 destroyed at Fri Aug 18 09:13:35 KST 2023
##########Session ID 78F8C51EDA1943BA8C39A024A35B702E destroyed at Fri Aug 18 09:13:35 KST 2023
##########Session ID 3521314A6614893F8EC84BC33C539227 destroyed at Fri Aug 18 09:58:35 KST 2023
##########Session ID 72F7A67B0C27FC8B01B39705490EE4E9 destroyed at Fri Aug 18 09:59:35 KST 2023
##########Session ID 17E54275EEA16B0F633668D17A3EE5CA destroyed at Fri Aug 18 09:59:35 KST 2023
##########Session ID B2E48E3C1275A3F011EB0F901522F311 destroyed at Fri Aug 18 09:59:35 KST 2023
##########Session ID 5D3617D5502A3727A20DE214390A5494 destroyed at Fri Aug 18 09:59:35 KST 2023
##########Session ID EE790450462A3264C1F81197B201A1D7 destroyed at Fri Aug 18 09:59:35 KST 2023
##########Session ID A26C4B59D34041A45E920EACBE659B55 destroyed at Fri Aug 18 09:59:35 KST 2023
##########Session ID 2479287BAE734352F3E280B73D384F29 destroyed at Fri Aug 18 09:59:35 KST 2023
##########Session ID 6BA14FBF83D48983615203E878E73965 destroyed at Fri Aug 18 09:59:35 KST 2023
##########Session ID B3790DEFBD9739C99212B3F57F8EDF9E destroyed at Fri Aug 18 09:59:35 KST 2023
##########Session ID C0420F4E72966BE1FA7EE90BA08B4E06 destroyed at Fri Aug 18 09:59:35 KST 2023
##########Session ID F497C0FFC2B1674070E6A557A75D9F2A destroyed at Fri Aug 18 09:59:35 KST 2023
##########Session ID 713561BFE3D121412107ADD8943210BB destroyed at Fri Aug 18 09:59:35 KST 2023
##########Session ID 3D2D111030598DF4AE9DF7B1B4DD9072 destroyed at Fri Aug 18 09:59:35 KST 2023
##########Session ID 710B0C151BFE5938D45453ADFC7711B2 destroyed at Fri Aug 18 09:59:35 KST 2023
##########Session ID F19DA499FDAAC9E1D8CCB26B56AB67CC destroyed at Fri Aug 18 09:59:35 KST 2023
##########Session ID EE73F8388962A2A42BA16EE0F28D0E7D destroyed at Fri Aug 18 09:59:35 KST 2023
##########Session ID 2CE7F2A295FFB6FDFAEE2D150063A729 destroyed at Fri Aug 18 09:59:35 KST 2023
