
2023-05-25 12:13:24 Commons Daemon procrun stdout initialized

2023-05-25 13:56:24 Commons Daemon procrun stdout initialized
##########Session ID D56F942D5A4C84D340AD800292CB6673 created at Thu May 25 15:08:17 KST 2023
##########Session ID 45F5B58742826458C3FACF4EDB8F59A0 created at Thu May 25 15:25:46 KST 2023
##########Session ID 925DE3465ED4B09C30CCCEB9615E8002 created at Thu May 25 17:03:09 KST 2023
##########Session ID 22C8C6F4DAACEC4BCF7A06F90D12232D created at Thu May 25 17:29:02 KST 2023
##########Session ID 4D56E63996B58D45EDC43C0B4D980F7F created at Thu May 25 17:29:16 KST 2023
##########Session ID A637DEE5D0ADCFFBAE893D99E16E0126 created at Thu May 25 17:29:45 KST 2023
##########Session ID 3913E8C2CB2B38BCA7DAAA3378FE41D3 created at Thu May 25 17:33:11 KST 2023
##########Session ID 6E08854B093E249843817D701D86359D created at Thu May 25 17:33:48 KST 2023
##########Session ID F4BCBDD761B851B38C7E3073066794E4 created at Thu May 25 17:34:00 KST 2023
##########Session ID 99312D776250DFF1F4EDB3A547AE6E3B created at Thu May 25 17:41:40 KST 2023
##########Session ID D56461044F8B0F95C6D083F7CE77248D created at Thu May 25 18:10:29 KST 2023
##########Session ID 2B8DE9E3AFF0BDC8FDDD1F2EC2E222B9 created at Fri May 26 11:15:52 KST 2023
##########Session ID BCE2D2B3E099662A1C878E2E5936A578 created at Fri May 26 17:11:38 KST 2023
##########Session ID 55DF67105E5C92D3B75FF443402E63D5 created at Fri May 26 17:11:46 KST 2023
##########Session ID CD2648BFAA9D1BEEEB3B3AE2B970BF3F created at Fri May 26 17:11:55 KST 2023
##########Session ID 67A53C800CFDBADD1C044C7225D10F28 created at Fri May 26 17:12:04 KST 2023
##########Session ID 36FB3E4CD5B5508DCC281409F6E7921F created at Fri May 26 17:12:16 KST 2023
##########Session ID AB8CCE5AC183E4364F1EB422533DBD66 destroyed at Fri May 26 17:42:13 KST 2023
##########Session ID E13B756FFC2F9FFAC123C8657DB07066 destroyed at Fri May 26 17:42:13 KST 2023
##########Session ID C6BC199700EBEA4CD60CFF4E19B76407 destroyed at Fri May 26 17:42:13 KST 2023
##########Session ID 4A436B1704F89E73DA416FBF6292E6D7 destroyed at Fri May 26 17:42:13 KST 2023
##########Session ID 99312D776250DFF1F4EDB3A547AE6E3B destroyed at Fri May 26 17:42:13 KST 2023
##########Session ID B3DE8259A5203BC436406ADA23806957 destroyed at Fri May 26 17:42:13 KST 2023
##########Session ID C3B84B9867EEF16EA3F7F797633E24DD created at Fri May 26 17:49:50 KST 2023
##########Session ID 6BF9F50BA5129E5181AC351307D3EA58 created at Fri May 26 18:05:54 KST 2023
ERROR 18:12:18.689 [http-bio-8443-exec-84] sems.cm.ctrl.HttpSessionCheckingListener[sessionCreated:14] - sessionCreated
##########Session ID 8C2078E2C182DE39B0E17ED45E04164D created at Fri May 26 18:12:18 KST 2023
ERROR 18:12:28.720 [http-bio-8443-exec-79] sems.cm.ctrl.HttpSessionCheckingListener[sessionCreated:14] - sessionCreated
##########Session ID E3E1B0957FE7DB0B183A9958968105A0 created at Fri May 26 18:12:28 KST 2023
ERROR 22:58:15.519 [http-bio-8443-exec-89] sems.cm.ctrl.HttpSessionCheckingListener[sessionCreated:14] - sessionCreated
##########Session ID BE4B55CB4B8AB298EDCA4ABE948200E1 created at Fri May 26 22:58:15 KST 2023
ERROR 22:58:22.711 [http-bio-8443-exec-81] sems.cm.ctrl.HttpSessionCheckingListener[sessionCreated:14] - sessionCreated
##########Session ID 034599E825CF164BB5BAB8E81D32AAA3 created at Fri May 26 22:58:22 KST 2023
ERROR 02:56:48.955 [http-bio-8443-exec-89] sems.cm.ctrl.HttpSessionCheckingListener[sessionCreated:14] - sessionCreated
##########Session ID 10CB3EE78AC78E12DE6441EEA91D7997 created at Sat May 27 02:56:48 KST 2023
ERROR 02:56:50.273 [http-bio-8443-exec-78] sems.cm.ctrl.HttpSessionCheckingListener[sessionCreated:14] - sessionCreated
##########Session ID 90EE0FB1BA58AD02FCCC4540A75191AC created at Sat May 27 02:56:50 KST 2023
ERROR 18:12:00.308 [ContainerBackgroundProcessor[StandardEngine[Catalina]]] sems.cm.ctrl.HttpSessionCheckingListener[sessionDestroyed:19] - sessionDestroyed
##########Session ID DF3FBDA61A3DEEB9C881351F29EC9D84 destroyed at Sat May 27 18:12:00 KST 2023
ERROR 18:12:00.309 [ContainerBackgroundProcessor[StandardEngine[Catalina]]] sems.cm.ctrl.HttpSessionCheckingListener[sessionDestroyed:19] - sessionDestroyed
##########Session ID 487F076F11245E21ED2FFA9F6141558C destroyed at Sat May 27 18:12:00 KST 2023
ERROR 18:12:00.309 [ContainerBackgroundProcessor[StandardEngine[Catalina]]] sems.cm.ctrl.HttpSessionCheckingListener[sessionDestroyed:19] - sessionDestroyed
##########Session ID 09E5747D39CDFCC903F42A2C7D7953FA destroyed at Sat May 27 18:12:00 KST 2023
ERROR 18:12:00.310 [ContainerBackgroundProcessor[StandardEngine[Catalina]]] sems.cm.ctrl.HttpSessionCheckingListener[sessionDestroyed:19] - sessionDestroyed
##########Session ID BF665FB4D7D124F9769FA46A4070912D destroyed at Sat May 27 18:12:00 KST 2023
ERROR 18:12:00.310 [ContainerBackgroundProcessor[StandardEngine[Catalina]]] sems.cm.ctrl.HttpSessionCheckingListener[sessionDestroyed:19] - sessionDestroyed
##########Session ID 8A76BAB9EDBE07AB6D89DD5B1EDDEE70 destroyed at Sat May 27 18:12:00 KST 2023
ERROR 18:12:00.310 [ContainerBackgroundProcessor[StandardEngine[Catalina]]] sems.cm.ctrl.HttpSessionCheckingListener[sessionDestroyed:19] - sessionDestroyed
##########Session ID B2CE9547923E6808DA8843154938C65D destroyed at Sat May 27 18:12:00 KST 2023
ERROR 18:12:00.311 [ContainerBackgroundProcessor[StandardEngine[Catalina]]] sems.cm.ctrl.HttpSessionCheckingListener[sessionDestroyed:19] - sessionDestroyed
##########Session ID 7500B8A3846F217422A020EC65A7924C destroyed at Sat May 27 18:12:00 KST 2023
ERROR 18:12:00.311 [ContainerBackgroundProcessor[StandardEngine[Catalina]]] sems.cm.ctrl.HttpSessionCheckingListener[sessionDestroyed:19] - sessionDestroyed
##########Session ID DEE8FC4BC7F8A17126E1914390B9429E destroyed at Sat May 27 18:12:00 KST 2023
ERROR 18:12:00.311 [ContainerBackgroundProcessor[StandardEngine[Catalina]]] sems.cm.ctrl.HttpSessionCheckingListener[sessionDestroyed:19] - sessionDestroyed
##########Session ID 05245D00689C3CEDE72F3B47F3EDB9E4 destroyed at Sat May 27 18:12:00 KST 2023
ERROR 18:12:00.312 [ContainerBackgroundProcessor[StandardEngine[Catalina]]] sems.cm.ctrl.HttpSessionCheckingListener[sessionDestroyed:19] - sessionDestroyed
##########Session ID CBCCA6DDE646046567E96325EDD058E9 destroyed at Sat May 27 18:12:00 KST 2023
ERROR 18:12:00.312 [ContainerBackgroundProcessor[StandardEngine[Catalina]]] sems.cm.ctrl.HttpSessionCheckingListener[sessionDestroyed:19] - sessionDestroyed
##########Session ID 8800B9CACB13F72A0D6F41A6A2CAD5A4 destroyed at Sat May 27 18:12:00 KST 2023
ERROR 18:13:00.326 [ContainerBackgroundProcessor[StandardEngine[Catalina]]] sems.cm.ctrl.HttpSessionCheckingListener[sessionDestroyed:19] - sessionDestroyed
##########Session ID 9A4A8E52A555289FEE4087940103E250 destroyed at Sat May 27 18:13:00 KST 2023
ERROR 18:13:00.327 [ContainerBackgroundProcessor[StandardEngine[Catalina]]] sems.cm.ctrl.HttpSessionCheckingListener[sessionDestroyed:19] - sessionDestroyed
##########Session ID BD934089B0018CDAA9EC00CA1B838510 destroyed at Sat May 27 18:13:00 KST 2023
ERROR 18:13:00.327 [ContainerBackgroundProcessor[StandardEngine[Catalina]]] sems.cm.ctrl.HttpSessionCheckingListener[sessionDestroyed:19] - sessionDestroyed
##########Session ID 32B6FC8704C5BA831A0DBB8996C97A89 destroyed at Sat May 27 18:13:00 KST 2023
ERROR 18:13:00.328 [ContainerBackgroundProcessor[StandardEngine[Catalina]]] sems.cm.ctrl.HttpSessionCheckingListener[sessionDestroyed:19] - sessionDestroyed
##########Session ID 8C2078E2C182DE39B0E17ED45E04164D destroyed at Sat May 27 18:13:00 KST 2023
ERROR 18:13:00.328 [ContainerBackgroundProcessor[StandardEngine[Catalina]]] sems.cm.ctrl.HttpSessionCheckingListener[sessionDestroyed:19] - sessionDestroyed
##########Session ID E3E1B0957FE7DB0B183A9958968105A0 destroyed at Sat May 27 18:13:00 KST 2023
ERROR 19:52:48.129 [http-bio-8443-exec-89] sems.cm.ctrl.HttpSessionCheckingListener[sessionCreated:14] - sessionCreated
##########Session ID 82159E603C4A8AE987002B65FF73E317 created at Sat May 27 19:52:48 KST 2023
ERROR 19:52:49.195 [http-bio-8443-exec-78] sems.cm.ctrl.HttpSessionCheckingListener[sessionCreated:14] - sessionCreated
##########Session ID B784366AD77FD5DE2F70CC2D58883E4C created at Sat May 27 19:52:49 KST 2023
ERROR 22:59:04.746 [ContainerBackgroundProcessor[StandardEngine[Catalina]]] sems.cm.ctrl.HttpSessionCheckingListener[sessionDestroyed:19] - sessionDestroyed
##########Session ID 02223ACF2F49ADD423CC28696FAE5255 destroyed at Sat May 27 22:59:04 KST 2023
ERROR 22:59:04.747 [ContainerBackgroundProcessor[StandardEngine[Catalina]]] sems.cm.ctrl.HttpSessionCheckingListener[sessionDestroyed:19] - sessionDestroyed
##########Session ID 034599E825CF164BB5BAB8E81D32AAA3 destroyed at Sat May 27 22:59:04 KST 2023
ERROR 22:59:04.747 [ContainerBackgroundProcessor[StandardEngine[Catalina]]] sems.cm.ctrl.HttpSessionCheckingListener[sessionDestroyed:19] - sessionDestroyed
##########Session ID BE4B55CB4B8AB298EDCA4ABE948200E1 destroyed at Sat May 27 22:59:04 KST 2023
ERROR 00:12:05.885 [ContainerBackgroundProcessor[StandardEngine[Catalina]]] sems.cm.ctrl.HttpSessionCheckingListener[sessionDestroyed:19] - sessionDestroyed
##########Session ID 299770BD8979938F36EA04B4EFF0E294 destroyed at Sun May 28 00:12:05 KST 2023
ERROR 00:12:05.889 [ContainerBackgroundProcessor[StandardEngine[Catalina]]] sems.cm.ctrl.HttpSessionCheckingListener[sessionDestroyed:19] - sessionDestroyed
##########Session ID 60AFD0E522941417EE24A5DB5E9956C0 destroyed at Sun May 28 00:12:05 KST 2023
ERROR 02:57:08.419 [ContainerBackgroundProcessor[StandardEngine[Catalina]]] sems.cm.ctrl.HttpSessionCheckingListener[sessionDestroyed:19] - sessionDestroyed
##########Session ID 90EE0FB1BA58AD02FCCC4540A75191AC destroyed at Sun May 28 02:57:08 KST 2023
ERROR 02:57:08.420 [ContainerBackgroundProcessor[StandardEngine[Catalina]]] sems.cm.ctrl.HttpSessionCheckingListener[sessionDestroyed:19] - sessionDestroyed
##########Session ID 10CB3EE78AC78E12DE6441EEA91D7997 destroyed at Sun May 28 02:57:08 KST 2023
ERROR 03:21:08.791 [ContainerBackgroundProcessor[StandardEngine[Catalina]]] sems.cm.ctrl.HttpSessionCheckingListener[sessionDestroyed:19] - sessionDestroyed
##########Session ID 49C9389FCCFEEB1D187965379AC61BBF destroyed at Sun May 28 03:21:08 KST 2023
ERROR 03:21:08.792 [ContainerBackgroundProcessor[StandardEngine[Catalina]]] sems.cm.ctrl.HttpSessionCheckingListener[sessionDestroyed:19] - sessionDestroyed
##########Session ID 66A0FA0DF237F92076E1EDC4B64C0DCD destroyed at Sun May 28 03:21:08 KST 2023
ERROR 14:51:19.393 [ContainerBackgroundProcessor[StandardEngine[Catalina]]] sems.cm.ctrl.HttpSessionCheckingListener[sessionDestroyed:19] - sessionDestroyed
##########Session ID B2292669E60E91A07345A912F5A92EDE destroyed at Sun May 28 14:51:19 KST 2023
ERROR 14:51:19.394 [ContainerBackgroundProcessor[StandardEngine[Catalina]]] sems.cm.ctrl.HttpSessionCheckingListener[sessionDestroyed:19] - sessionDestroyed
##########Session ID 95F0EF7FA201E7CA0B6652B16B502F4D destroyed at Sun May 28 14:51:19 KST 2023
ERROR 14:58:19.503 [ContainerBackgroundProcessor[StandardEngine[Catalina]]] sems.cm.ctrl.HttpSessionCheckingListener[sessionDestroyed:19] - sessionDestroyed
##########Session ID AC5E507563F761B4070951D2E17A2FCA destroyed at Sun May 28 14:58:19 KST 2023
ERROR 15:26:19.931 [ContainerBackgroundProcessor[StandardEngine[Catalina]]] sems.cm.ctrl.HttpSessionCheckingListener[sessionDestroyed:19] - sessionDestroyed
##########Session ID 8108F2CA14253223FB3657F39C7B6019 destroyed at Sun May 28 15:26:19 KST 2023
ERROR 16:00:20.462 [ContainerBackgroundProcessor[StandardEngine[Catalina]]] sems.cm.ctrl.HttpSessionCheckingListener[sessionDestroyed:19] - sessionDestroyed
##########Session ID F18F91FF8DB3E6472B72A5E35D420253 destroyed at Sun May 28 16:00:20 KST 2023
ERROR 16:00:20.463 [ContainerBackgroundProcessor[StandardEngine[Catalina]]] sems.cm.ctrl.HttpSessionCheckingListener[sessionDestroyed:19] - sessionDestroyed
##########Session ID 924649C5F063C3380D0060CCBE3BB1AB destroyed at Sun May 28 16:00:20 KST 2023
ERROR 17:57:22.267 [ContainerBackgroundProcessor[StandardEngine[Catalina]]] sems.cm.ctrl.HttpSessionCheckingListener[sessionDestroyed:19] - sessionDestroyed
##########Session ID 8C86498D2B4C2CCFC28A510CE79EA5DF destroyed at Sun May 28 17:57:22 KST 2023
ERROR 19:53:24.054 [ContainerBackgroundProcessor[StandardEngine[Catalina]]] sems.cm.ctrl.HttpSessionCheckingListener[sessionDestroyed:19] - sessionDestroyed
##########Session ID 076A9FEBEF69B02BCA8CD9B4B8B633DE destroyed at Sun May 28 19:53:24 KST 2023
ERROR 19:53:24.055 [ContainerBackgroundProcessor[StandardEngine[Catalina]]] sems.cm.ctrl.HttpSessionCheckingListener[sessionDestroyed:19] - sessionDestroyed
##########Session ID 82159E603C4A8AE987002B65FF73E317 destroyed at Sun May 28 19:53:24 KST 2023
ERROR 19:53:24.055 [ContainerBackgroundProcessor[StandardEngine[Catalina]]] sems.cm.ctrl.HttpSessionCheckingListener[sessionDestroyed:19] - sessionDestroyed
##########Session ID B784366AD77FD5DE2F70CC2D58883E4C destroyed at Sun May 28 19:53:24 KST 2023
ERROR 23:55:47.994 [http-bio-8443-exec-83] sems.cm.ctrl.HttpSessionCheckingListener[sessionCreated:14] - sessionCreated
##########Session ID CE2824B9A2FE1DA5554372EADCECA9D9 created at Sun May 28 23:55:47 KST 2023
ERROR 23:55:56.842 [http-bio-8443-exec-90] sems.cm.ctrl.HttpSessionCheckingListener[sessionCreated:14] - sessionCreated
##########Session ID BC9519DC7E1C051C83E851EF766D6718 created at Sun May 28 23:55:56 KST 2023
ERROR 23:56:18.298 [http-bio-8443-exec-76] sems.cm.ctrl.HttpSessionCheckingListener[sessionCreated:14] - sessionCreated
##########Session ID 5D96B1A33DD8990250C7DD1244340512 created at Sun May 28 23:56:18 KST 2023
ERROR 06:00:33.549 [ContainerBackgroundProcessor[StandardEngine[Catalina]]] sems.cm.ctrl.HttpSessionCheckingListener[sessionDestroyed:19] - sessionDestroyed
##########Session ID B9073C7B4244C20EA13D4EFA3CBC23F8 destroyed at Mon May 29 06:00:33 KST 2023
ERROR 19:16:45.830 [ContainerBackgroundProcessor[StandardEngine[Catalina]]] sems.cm.ctrl.HttpSessionCheckingListener[sessionDestroyed:19] - sessionDestroyed
##########Session ID 5D089C064C912CD64B76391145CA6D6F destroyed at Mon May 29 19:16:45 KST 2023
ERROR 19:16:45.831 [ContainerBackgroundProcessor[StandardEngine[Catalina]]] sems.cm.ctrl.HttpSessionCheckingListener[sessionDestroyed:19] - sessionDestroyed
##########Session ID 41C9D86E9E5F3923631CEE58E00584D8 destroyed at Mon May 29 19:16:45 KST 2023
ERROR 19:17:45.847 [ContainerBackgroundProcessor[StandardEngine[Catalina]]] sems.cm.ctrl.HttpSessionCheckingListener[sessionDestroyed:19] - sessionDestroyed
##########Session ID 02E7CEA33CC8916C8F4B67426FF47C74 destroyed at Mon May 29 19:17:45 KST 2023
ERROR 20:40:47.135 [ContainerBackgroundProcessor[StandardEngine[Catalina]]] sems.cm.ctrl.HttpSessionCheckingListener[sessionDestroyed:19] - sessionDestroyed
##########Session ID 5BA8D61D7FB94960F879646A8A9EB0F6 destroyed at Mon May 29 20:40:47 KST 2023
ERROR 23:55:50.145 [ContainerBackgroundProcessor[StandardEngine[Catalina]]] sems.cm.ctrl.HttpSessionCheckingListener[sessionDestroyed:19] - sessionDestroyed
##########Session ID 52F5224545BE40B5C8D2BA857B3DBC15 destroyed at Mon May 29 23:55:50 KST 2023
ERROR 23:55:50.146 [ContainerBackgroundProcessor[StandardEngine[Catalina]]] sems.cm.ctrl.HttpSessionCheckingListener[sessionDestroyed:19] - sessionDestroyed
##########Session ID 76BFDC222C7AC848B1294ED05B26B44B destroyed at Mon May 29 23:55:50 KST 2023
ERROR 23:55:50.146 [ContainerBackgroundProcessor[StandardEngine[Catalina]]] sems.cm.ctrl.HttpSessionCheckingListener[sessionDestroyed:19] - sessionDestroyed
##########Session ID CE2824B9A2FE1DA5554372EADCECA9D9 destroyed at Mon May 29 23:55:50 KST 2023
ERROR 23:56:50.163 [ContainerBackgroundProcessor[StandardEngine[Catalina]]] sems.cm.ctrl.HttpSessionCheckingListener[sessionDestroyed:19] - sessionDestroyed
##########Session ID 5D96B1A33DD8990250C7DD1244340512 destroyed at Mon May 29 23:56:50 KST 2023
ERROR 23:56:50.164 [ContainerBackgroundProcessor[StandardEngine[Catalina]]] sems.cm.ctrl.HttpSessionCheckingListener[sessionDestroyed:19] - sessionDestroyed
##########Session ID BC9519DC7E1C051C83E851EF766D6718 destroyed at Mon May 29 23:56:50 KST 2023
ERROR 11:19:22.215 [http-bio-8443-exec-81] sems.cm.ctrl.HttpSessionCheckingListener[sessionCreated:14] - sessionCreated
##########Session ID FADCDCE4B5B81FB9A483B3625B0028D4 created at Tue May 30 11:19:22 KST 2023
##########Session ID 693C7DDCB76649235530E830B976B00E destroyed at Wed May 31 15:44:45 KST 2023
##########Session ID A7F495E890EC9F4F4D3D0B55D87FC5AF destroyed at Wed May 31 15:44:45 KST 2023
##########Session ID 3163475D86AA60190057519A0C6E924F destroyed at Wed May 31 15:44:45 KST 2023
##########Session ID 20DF279ECCEB5DF16CCF6AE43CF5017C destroyed at Wed May 31 15:45:45 KST 2023
##########Session ID B48A54EFB9F5E1F7BAF4B44F36349382 destroyed at Wed May 31 15:48:45 KST 2023
##########Session ID 0FA4A470C98CA659F689B8CBD3537620 destroyed at Wed May 31 15:55:45 KST 2023
##########Session ID 3A2119E16CF318E24773F90213B2496E destroyed at Wed May 31 15:56:45 KST 2023
##########Session ID 1503A9F37817213FCA9B8E06E2E68E6E destroyed at Wed May 31 17:17:46 KST 2023
##########Session ID DEC1615695804FAA3FDB1BC2AEA3BCBF destroyed at Wed May 31 17:17:46 KST 2023
##########Session ID 774C124FE5FD2DAE55906FBA9109A49D destroyed at Wed May 31 17:53:47 KST 2023
##########Session ID E2B1B7E1FE85D61C4DD8655AE82B8680 destroyed at Thu Jun 01 02:44:55 KST 2023
##########Session ID 5D58DA023E64CD194F7BC015FA7BD669 destroyed at Thu Jun 01 03:52:56 KST 2023
##########Session ID 2E1EEA2CFBC78FAEFEE651B61F162233 destroyed at Thu Jun 01 03:52:56 KST 2023
##########Session ID 0963DD71CE84946B7D914CDF757D089F destroyed at Thu Jun 01 06:20:58 KST 2023
##########Session ID 70D0A08AE7F12FD2B2F340C59C434B50 destroyed at Thu Jun 01 11:39:03 KST 2023
##########Session ID C7AA8BBA8A37E120438DC0514D42B259 destroyed at Thu Jun 01 14:54:12 KST 2023
##########Session ID 44F035653E50FF80185C79CE7729E1F4 destroyed at Thu Jun 01 17:13:14 KST 2023
##########Session ID 0795EC3138CD6C9292F89F58C5714129 created at Thu Jun 01 19:04:31 KST 2023
##########Session ID 1F1AFA24EADA0713647E7408BE5CB2D7 created at Thu Jun 01 19:04:31 KST 2023
##########Session ID 1F4A66D2F8E35DF813A9C3313A005123 created at Thu Jun 01 19:04:32 KST 2023
##########Session ID BB293715C2E603110698C94AFD1A3526 created at Thu Jun 01 19:04:32 KST 2023
##########Session ID C1A73D4CC624A1A7E675CA7956B987C7 created at Thu Jun 01 19:04:32 KST 2023
##########Session ID B5C62528156B40C63CD935AB688941A5 created at Thu Jun 01 19:04:32 KST 2023
##########Session ID BDFE1FE446504F5BC64F5C6E66B219DB created at Thu Jun 01 19:04:33 KST 2023
##########Session ID 7BF6DB859CA978B105466AEAA8B0A2C0 created at Thu Jun 01 19:04:33 KST 2023
##########Session ID 94C37064031B4E27A74F14C2AF6AA029 created at Thu Jun 01 22:36:28 KST 2023
##########Session ID CF79CE8EC074A8E9D32409BBAD0AA974 created at Thu Jun 01 22:36:29 KST 2023
##########Session ID 7EDD421983A1E194705B20BD4BC608DA destroyed at Fri Jun 02 00:39:21 KST 2023
##########Session ID 900F47801CF2171EBCE33C26275CAC8A destroyed at Fri Jun 02 07:56:27 KST 2023
##########Session ID B1A053E97BC012478DBA5294A534B583 destroyed at Fri Jun 02 12:13:31 KST 2023
##########Session ID EC391E1CBC59AE1F009B273E66A5C84D destroyed at Fri Jun 02 12:13:31 KST 2023
##########Session ID E6A5D8F10FC2E7C3B36889655A4973DD destroyed at Sat Jun 03 18:03:19 KST 2023
##########Session ID B97BB64EC449FB95F36D96C38E1D56D0 created at Sat Jun 03 18:56:55 KST 2023
##########Session ID A7AC168E336BFE57AC79F6A42806A316 created at Sun Jun 04 04:07:32 KST 2023
##########Session ID A0B3D989E300A67DD3CAE324D4080C05 created at Sun Jun 04 04:07:33 KST 2023
##########Session ID 2C11848D97B4319A3FEDEC9CA58D43A2 created at Sun Jun 04 04:30:58 KST 2023
##########Session ID 2327DD8CE06F887DC032AC0D61514EF5 destroyed at Sun Jun 04 10:03:34 KST 2023
##########Session ID 54171B92B98428794317AA3D877B68C3 destroyed at Sun Jun 04 10:03:34 KST 2023
##########Session ID 8CD0877FB0A116CDA1CD6644B20ECEAB destroyed at Sun Jun 04 18:57:42 KST 2023
##########Session ID B97BB64EC449FB95F36D96C38E1D56D0 destroyed at Sun Jun 04 18:57:42 KST 2023
##########Session ID A649025B6BF9011E447B2A648D6A84DB destroyed at Sun Jun 04 18:57:42 KST 2023
##########Session ID 2A6E17D0FEEB1A73C7811AEA125E27F8 destroyed at Sun Jun 04 23:20:46 KST 2023
##########Session ID 4CD320A99BA1611AE93055F4FE0D0D35 destroyed at Mon Jun 05 02:03:48 KST 2023
##########Session ID 4630450168172D244DDE9014BB432146 destroyed at Mon Jun 05 02:03:48 KST 2023
##########Session ID 64B1E3A8EAAEB0E385AC02AAF054CE20 destroyed at Mon Jun 05 03:45:50 KST 2023
##########Session ID A7AC168E336BFE57AC79F6A42806A316 destroyed at Mon Jun 05 04:07:50 KST 2023
##########Session ID 27E07E295B637A0EF94204B0EAAFA042 destroyed at Mon Jun 05 04:07:50 KST 2023
##########Session ID A0B3D989E300A67DD3CAE324D4080C05 destroyed at Mon Jun 05 04:07:50 KST 2023
##########Session ID C8F3D68720E39FA3AC8BEF7120819032 destroyed at Mon Jun 05 04:31:51 KST 2023
##########Session ID 79DBF0A3A07ECE727FF4B14F77780F9E destroyed at Mon Jun 05 04:31:51 KST 2023
##########Session ID 2C11848D97B4319A3FEDEC9CA58D43A2 destroyed at Mon Jun 05 04:31:51 KST 2023
##########Session ID 380EDD1C866A254FEB8AC99C7D02CE0F destroyed at Mon Jun 05 05:51:52 KST 2023
##########Session ID BB1C7328D4EB6D04191C1A99365454ED destroyed at Mon Jun 05 05:51:52 KST 2023
##########Session ID 8D5D6DB7F5C84AE6BAB96DFAA5233F7A created at Mon Jun 05 17:12:45 KST 2023
##########Session ID E0C160D6E19FF108FA1937262D1B8384 created at Mon Jun 05 17:12:47 KST 2023
##########Session ID EED9867499991C49EF054B5DEAE405E2 created at Mon Jun 05 17:12:49 KST 2023
##########Session ID 148ABED2D33E28DAC1A5E8870408923B created at Mon Jun 05 17:12:51 KST 2023
##########Session ID C345F3608B498830F383F9E886931F36 destroyed at Tue Jun 06 07:04:15 KST 2023
##########Session ID B2F7B15FEECD4CACB8C60B2168EFF824 destroyed at Tue Jun 06 07:04:15 KST 2023
##########Session ID F1FA8E5BBBFCF94DAB5672449E76E352 destroyed at Tue Jun 06 12:22:20 KST 2023
##########Session ID DADBC2A7F6FB5BD0339BBAAFA6790EDF destroyed at Tue Jun 06 17:12:24 KST 2023
##########Session ID 756C671300DFE193131B893999EC9AC3 destroyed at Tue Jun 06 17:12:24 KST 2023
##########Session ID EED9867499991C49EF054B5DEAE405E2 destroyed at Tue Jun 06 17:13:24 KST 2023
##########Session ID E0C160D6E19FF108FA1937262D1B8384 destroyed at Tue Jun 06 17:13:24 KST 2023
##########Session ID 148ABED2D33E28DAC1A5E8870408923B destroyed at Tue Jun 06 17:13:24 KST 2023
##########Session ID 8D5D6DB7F5C84AE6BAB96DFAA5233F7A destroyed at Tue Jun 06 17:13:24 KST 2023
##########Session ID 38A282B73D37C04FEE919F957C16D12A created at Tue Jun 06 19:54:48 KST 2023
##########Session ID 7E947E7A02B06A0257BA919C5F1ED46D destroyed at Wed Jun 07 11:58:42 KST 2023
##########Session ID 2BBA1A203E6F0069AD9524A50EFBD944 destroyed at Wed Jun 07 11:58:42 KST 2023
##########Session ID 561372F3C76D8BA1927C819B7A85A44A destroyed at Wed Jun 07 12:43:42 KST 2023
##########Session ID 38A282B73D37C04FEE919F957C16D12A destroyed at Wed Jun 07 19:54:49 KST 2023
##########Session ID 51CB27A35EA45C96136E3C305F3B389A created at Wed Jun 07 21:45:25 KST 2023
##########Session ID 42F97DBBF9CD4EBE03203E935863BC39 created at Wed Jun 07 21:45:26 KST 2023
##########Session ID B20D548B53A6A4DAF1EA71D4EF7B2879 destroyed at Wed Jun 07 21:51:51 KST 2023
##########Session ID 0F2B0732CB1EEAF0BD4321E37C1411B6 created at Thu Jun 08 02:51:25 KST 2023
##########Session ID 591AD90E5076073FD3C73009BB330D1D destroyed at Thu Jun 08 04:50:58 KST 2023
##########Session ID 311E17298C9EC1F3840128C302BF0A67 destroyed at Thu Jun 08 04:50:58 KST 2023
##########Session ID C72BE16BC32A69C01F93981507EF58D0 destroyed at Thu Jun 08 10:08:03 KST 2023
##########Session ID 648B39A3A8A78D2A0F29FDD1D822DFA7 destroyed at Thu Jun 08 12:12:04 KST 2023
##########Session ID 380A02646BFD36383E8B94C5ABC93BE7 destroyed at Thu Jun 08 12:12:04 KST 2023
##########Session ID 51CB27A35EA45C96136E3C305F3B389A destroyed at Thu Jun 08 21:46:16 KST 2023
##########Session ID 42F97DBBF9CD4EBE03203E935863BC39 destroyed at Thu Jun 08 21:46:16 KST 2023
##########Session ID A174CFA8A0F1BA099EBFDABB87C696A1 destroyed at Thu Jun 08 21:46:16 KST 2023
##########Session ID 0F2B0732CB1EEAF0BD4321E37C1411B6 destroyed at Fri Jun 09 02:52:21 KST 2023
##########Session ID 00B5E4F100472A4D29C7B987AC0D82CC destroyed at Fri Jun 09 09:10:27 KST 2023
##########Session ID 65DD084B00017ACAC1359EF98C92390A destroyed at Fri Jun 09 12:06:29 KST 2023
##########Session ID E63C0C5A2F2B1918C8D668F2BC066EE5 destroyed at Fri Jun 09 12:06:29 KST 2023
##########Session ID F759D45CDA0CEBCAC1509261F3315A66 destroyed at Fri Jun 09 14:24:31 KST 2023
##########Session ID 9DED8085B068B157E337CF40C3A3AF34 destroyed at Fri Jun 09 14:24:31 KST 2023
##########Session ID FCBC46D07478FB2F6D70CFDC025B1792 destroyed at Fri Jun 09 17:13:34 KST 2023
##########Session ID 30E1DEFF65CAE7151FF06D31256293C4 created at Fri Jun 09 18:35:22 KST 2023
##########Session ID 1C94101A8DC59E8DF7C89297CFE68587 created at Sat Jun 10 06:27:50 KST 2023
##########Session ID 1BCA9FAFC16AE139B7D6058D97B69E8E destroyed at Sat Jun 10 08:08:48 KST 2023
##########Session ID 5441F9884A03BE40F354F1F017AFB797 destroyed at Sat Jun 10 08:08:48 KST 2023
##########Session ID 15F751424E3591D00AF3F1CD45EFA130 created at Sat Jun 10 08:23:02 KST 2023
##########Session ID 4DC9CFBF28A62A914B64B654635DC7AD created at Sat Jun 10 13:06:34 KST 2023
##########Session ID BC95479C375C568794DEC6402E00EE58 created at Sat Jun 10 13:06:50 KST 2023
##########Session ID C154E5BBC9D05FEEBBD0D466747EBE08 destroyed at Sat Jun 10 16:48:56 KST 2023
##########Session ID 30E1DEFF65CAE7151FF06D31256293C4 destroyed at Sat Jun 10 18:35:57 KST 2023
##########Session ID A293693EEFA6380876027EB58CF64FD9 destroyed at Sat Jun 10 18:35:57 KST 2023
##########Session ID 7C576FAEC18E8AD87556AC6B0D0E0F2A destroyed at Sun Jun 11 05:56:08 KST 2023
##########Session ID 3E60054D1AE257ED35B90AEAAFE0BE2B destroyed at Sun Jun 11 05:56:08 KST 2023
##########Session ID 1C94101A8DC59E8DF7C89297CFE68587 destroyed at Sun Jun 11 06:28:08 KST 2023
##########Session ID 2B68D0628733C9A88F493DC0E6CF08C0 created at Sun Jun 11 07:00:34 KST 2023
##########Session ID 15F751424E3591D00AF3F1CD45EFA130 destroyed at Sun Jun 11 08:23:10 KST 2023
##########Session ID 7D17A172602CC52A38A934ADAE793F70 created at Sun Jun 11 12:17:37 KST 2023
##########Session ID 98364D9AF5573F89452BB0AF17F41F3C created at Sun Jun 11 12:18:13 KST 2023
##########Session ID 79F73795CF33E2D3995F0DCBC1A8A436 created at Sun Jun 11 12:18:47 KST 2023
##########Session ID 471B67C3DA01E3C6907DEA7F3CCE14BC created at Sun Jun 11 12:23:47 KST 2023
##########Session ID 4DC9CFBF28A62A914B64B654635DC7AD destroyed at Sun Jun 11 13:07:15 KST 2023
##########Session ID AB1D9BB0ED2AC7C81938D5B2516E6F48 destroyed at Sun Jun 11 13:07:15 KST 2023
##########Session ID BC95479C375C568794DEC6402E00EE58 destroyed at Sun Jun 11 13:07:15 KST 2023
##########Session ID 62CA646343FFA0A6C6820647C6357BB4 created at Sun Jun 11 17:11:36 KST 2023
##########Session ID 5C2DA1ED5142D9BD7E1F63B88FB3CF2B destroyed at Mon Jun 12 03:11:27 KST 2023
##########Session ID 445D6D21FD051F997836F8A0627EAD6D destroyed at Mon Jun 12 06:32:31 KST 2023
##########Session ID 2B68D0628733C9A88F493DC0E6CF08C0 destroyed at Mon Jun 12 07:01:31 KST 2023
##########Session ID BAE05A775F0884F07F53FD8A704F202A destroyed at Mon Jun 12 12:17:36 KST 2023
##########Session ID 3BD3BF2F0DF566ADA9263F47CC1057D2 destroyed at Mon Jun 12 12:17:36 KST 2023
##########Session ID B5C4F75D6FF8FFE3D2BBA4B2529C4791 destroyed at Mon Jun 12 12:17:36 KST 2023
##########Session ID 8D8C53AD4123E111FEE5429AE5688133 destroyed at Mon Jun 12 12:17:36 KST 2023
##########Session ID CC51A5788E75EA4F33B3BF081295A6EB destroyed at Mon Jun 12 12:17:36 KST 2023
##########Session ID FC9FAA0DCE1548B2012596D43B022D75 destroyed at Mon Jun 12 12:17:36 KST 2023
##########Session ID 7D17A172602CC52A38A934ADAE793F70 destroyed at Mon Jun 12 12:18:36 KST 2023
##########Session ID 98364D9AF5573F89452BB0AF17F41F3C destroyed at Mon Jun 12 12:18:36 KST 2023
##########Session ID 79F73795CF33E2D3995F0DCBC1A8A436 destroyed at Mon Jun 12 12:19:36 KST 2023
##########Session ID 471B67C3DA01E3C6907DEA7F3CCE14BC destroyed at Mon Jun 12 12:24:36 KST 2023
##########Session ID 98EF55F5EEAF2E4D34621253F2E600AF destroyed at Mon Jun 12 17:03:40 KST 2023
##########Session ID F779B50C4E231E1110685A370EB9AF7C destroyed at Mon Jun 12 17:03:40 KST 2023
##########Session ID 62CA646343FFA0A6C6820647C6357BB4 destroyed at Mon Jun 12 17:11:40 KST 2023
##########Session ID 0F30635CD053E01D6B23398D5FD8C69E created at Mon Jun 12 23:06:30 KST 2023
##########Session ID 93721BA47B2E7FB0D7E9A3F659276E61 destroyed at Tue Jun 13 06:11:52 KST 2023
##########Session ID 626C6857E9EF6DE38567C30D8E83CC40 destroyed at Tue Jun 13 07:04:53 KST 2023
##########Session ID 8FFBCE640B2DFC230BA701FAAE0F4F1B destroyed at Tue Jun 13 07:04:53 KST 2023
##########Session ID EF157D41C112521E6869BDB97525FC19 created at Tue Jun 13 08:17:31 KST 2023
##########Session ID 6BCDC42B5B00B65DD012E83157A6BC84 destroyed at Tue Jun 13 10:00:56 KST 2023
##########Session ID 86F25ED8F3B9C165C4146C1BA5F3250C destroyed at Tue Jun 13 14:05:00 KST 2023
##########Session ID DA4891A52B39C69051CB0C119AFB07CB destroyed at Tue Jun 13 17:56:03 KST 2023
##########Session ID 0F30635CD053E01D6B23398D5FD8C69E destroyed at Tue Jun 13 23:07:08 KST 2023
##########Session ID 9DCD6328356DF2E483E08032F8132054 destroyed at Wed Jun 14 05:37:14 KST 2023
##########Session ID F30F23130EC6CA23F8269369A26CC312 destroyed at Wed Jun 14 05:37:14 KST 2023
##########Session ID EF157D41C112521E6869BDB97525FC19 destroyed at Wed Jun 14 08:18:16 KST 2023
##########Session ID 8496708692DC3C8278CA52FA7E5A7194 destroyed at Wed Jun 14 12:04:20 KST 2023
##########Session ID AAC9F14DE88B5D7D958517A030B6650B created at Wed Jun 14 13:42:21 KST 2023
##########Session ID A406E9D7ED76B5D06E05743FB174A0C5 created at Wed Jun 14 13:42:24 KST 2023
##########Session ID B25176CFD98AF1EB99D28DC3E88D878C created at Wed Jun 14 14:07:08 KST 2023
##########Session ID C70B193191B3B6E182179855AE268CC7 created at Wed Jun 14 14:07:11 KST 2023
##########Session ID 161C8314555B5C93CEE5B87E022D8784 created at Thu Jun 15 00:56:16 KST 2023
##########Session ID 59FFE19101C8D59C45652766F748A17E created at Thu Jun 15 05:28:11 KST 2023
##########Session ID 53FE633F56B065C5795094BA3F2E7C5F created at Thu Jun 15 09:14:01 KST 2023
##########Session ID 73DC5916776C3118CDA5C757DDDF7E7E created at Thu Jun 15 09:14:16 KST 2023
##########Session ID 087B15BB5186CF8FDBAEB65A14EF1670 destroyed at Thu Jun 15 17:31:45 KST 2023
##########Session ID 965474881826E5952BADE15209385C8A destroyed at Thu Jun 15 18:29:46 KST 2023
##########Session ID 5958356F3E47AF977C84936047E5337A destroyed at Thu Jun 15 19:06:46 KST 2023
##########Session ID 7852624D389EFB95D7963C0094E967D7 created at Thu Jun 15 19:46:56 KST 2023
##########Session ID 161C8314555B5C93CEE5B87E022D8784 destroyed at Fri Jun 16 00:56:52 KST 2023
##########Session ID 5F9D114F70BCCDB639F13776C96A46BA created at Fri Jun 16 01:00:07 KST 2023
##########Session ID BF00FCD01F8998189F67C442D299B1DE destroyed at Fri Jun 16 04:45:56 KST 2023
##########Session ID 20CA5B9AF25C750FB6154CC4E3B0B86F destroyed at Fri Jun 16 04:45:56 KST 2023
##########Session ID 59FFE19101C8D59C45652766F748A17E destroyed at Fri Jun 16 05:28:57 KST 2023
##########Session ID 73DC5916776C3118CDA5C757DDDF7E7E destroyed at Fri Jun 16 09:15:01 KST 2023
##########Session ID 53FE633F56B065C5795094BA3F2E7C5F destroyed at Fri Jun 16 09:15:01 KST 2023
##########Session ID 97348EC2F30E2AFEF867B02A8297B24C destroyed at Fri Jun 16 09:55:02 KST 2023
##########Session ID 856A9888B1E35A5A923198E5FA43A57B destroyed at Fri Jun 16 10:05:02 KST 2023
##########Session ID 31B7EE3DC9DC06A99C49022D834DB9C4 destroyed at Fri Jun 16 13:45:06 KST 2023
##########Session ID E82769D850EDD6256D95268FD3E7266B destroyed at Fri Jun 16 13:45:06 KST 2023
##########Session ID 716BD99CC5B6354869ED48CB40BE7FAC created at Sat Jun 17 03:13:28 KST 2023
##########Session ID 843B5102075A659528C9922C1D74E341 destroyed at Sat Jun 17 14:58:26 KST 2023
##########Session ID F1F767A72B26AD89A9BF3D15365D6DB1 destroyed at Sat Jun 17 14:58:26 KST 2023
##########Session ID 7F8DB6C15C3F6AEAAE1C6FE7C29290BF destroyed at Sat Jun 17 15:04:26 KST 2023
##########Session ID FF03892181D93D8DA285FEF9796E9868 destroyed at Sat Jun 17 15:09:26 KST 2023
##########Session ID A96ABAD8BAE10EC5E83C3476B0AAAB0C destroyed at Sat Jun 17 15:35:27 KST 2023
##########Session ID 8100A7AD92F69F9D756C03DFD7D34C58 destroyed at Sat Jun 17 15:50:27 KST 2023
##########Session ID 29587DE01C6598BDCFD40F9F5A375878 destroyed at Sat Jun 17 15:50:27 KST 2023
##########Session ID 918E6FBCD53DDEC6A494CABF477CF9EA created at Sat Jun 17 18:03:41 KST 2023
##########Session ID E864B687552A70D40D51D331215F58A0 created at Sat Jun 17 18:03:59 KST 2023
##########Session ID 983B85BC1A8894F0322E28FD5566F08A destroyed at Sat Jun 17 20:55:31 KST 2023
##########Session ID 16E491A8236D46C2AA508207A1AEB7E9 destroyed at Sat Jun 17 20:55:31 KST 2023
##########Session ID 1290748D7D195802958EB957DA29A562 destroyed at Sun Jun 18 00:53:35 KST 2023
##########Session ID 9DA209C6E9D32B78929983ABCC27C78F destroyed at Sun Jun 18 00:53:35 KST 2023
##########Session ID 716BD99CC5B6354869ED48CB40BE7FAC destroyed at Sun Jun 18 03:13:37 KST 2023
##########Session ID 69CD02B11316641720EA8F9C9E7D45D0 created at Sun Jun 18 03:48:30 KST 2023
##########Session ID 6D3F04218847D92F3086CF67039C0B55 created at Sun Jun 18 06:28:44 KST 2023
##########Session ID D3B9A05693EBFAA0F8A851FF24F884D2 destroyed at Sun Jun 18 10:12:44 KST 2023
##########Session ID A7810B051D503665D7EFB733DD74E6ED destroyed at Sun Jun 18 11:14:45 KST 2023
##########Session ID 595588BFA2E50EAF49FEEE6D94632D7F created at Sun Jun 18 13:11:40 KST 2023
##########Session ID 1392815DE24CF05689D83542A0EB02E7 created at Sun Jun 18 13:11:40 KST 2023
##########Session ID 3B7087BF819BF95EF98C0AAB8E089C49 created at Sun Jun 18 13:11:41 KST 2023
##########Session ID 148B6CD70CE8865A7305299E20CE5390 created at Sun Jun 18 13:11:41 KST 2023
##########Session ID 16A219898B5A595DF6B9A78B0336BE55 created at Sun Jun 18 13:11:41 KST 2023
##########Session ID E51313DDFA4FB7957DDCBFEB3F0ED06F created at Sun Jun 18 13:11:41 KST 2023
##########Session ID 22B5F5A9C705AF1570F56FFD897C4357 created at Sun Jun 18 13:11:42 KST 2023
##########Session ID 8631CCE3D017804888CFE4C76F455A54 created at Sun Jun 18 13:11:42 KST 2023
##########Session ID 59218D495717B8C5FD5C9A9B9B6C7C84 destroyed at Sun Jun 18 16:56:50 KST 2023
##########Session ID DD8922435F929009CCF5D8D8C43DBE31 destroyed at Sun Jun 18 16:56:50 KST 2023
##########Session ID 918E6FBCD53DDEC6A494CABF477CF9EA destroyed at Sun Jun 18 18:03:51 KST 2023
##########Session ID E864B687552A70D40D51D331215F58A0 destroyed at Sun Jun 18 18:04:51 KST 2023
##########Session ID 8C3578D6569B918E1494760896659ED4 destroyed at Sun Jun 18 18:04:51 KST 2023
##########Session ID C14F87B8701D9015C41ADAC8CE0DF2A5 destroyed at Sun Jun 18 18:09:51 KST 2023
##########Session ID BD35BC4927BE2AF566879B89B79402F2 destroyed at Sun Jun 18 21:42:54 KST 2023
##########Session ID D239494647D2E63E5B8AEB4E193CF147 destroyed at Sun Jun 18 21:42:54 KST 2023
##########Session ID BC6997DE945A533951CF280AAA3D5B27 created at Mon Jun 19 01:09:50 KST 2023
##########Session ID 69CD02B11316641720EA8F9C9E7D45D0 destroyed at Mon Jun 19 03:49:00 KST 2023
##########Session ID 6D3F04218847D92F3086CF67039C0B55 destroyed at Mon Jun 19 06:29:02 KST 2023
##########Session ID 9F423AB23734ECE9D2EA47221D3CF384 created at Mon Jun 19 08:51:18 KST 2023
##########Session ID 16A219898B5A595DF6B9A78B0336BE55 destroyed at Mon Jun 19 13:12:08 KST 2023
##########Session ID 3B7087BF819BF95EF98C0AAB8E089C49 destroyed at Mon Jun 19 13:12:08 KST 2023
##########Session ID 148B6CD70CE8865A7305299E20CE5390 destroyed at Mon Jun 19 13:12:08 KST 2023
##########Session ID 22B5F5A9C705AF1570F56FFD897C4357 destroyed at Mon Jun 19 13:12:08 KST 2023
##########Session ID 1392815DE24CF05689D83542A0EB02E7 destroyed at Mon Jun 19 13:12:08 KST 2023
##########Session ID E51313DDFA4FB7957DDCBFEB3F0ED06F destroyed at Mon Jun 19 13:12:08 KST 2023
##########Session ID 1AB577FD8C9F1D323C21E4BCB8789975 destroyed at Mon Jun 19 13:12:08 KST 2023
##########Session ID BD820AFFF884B41476CA076BE386C6BA destroyed at Mon Jun 19 13:12:08 KST 2023
##########Session ID 595588BFA2E50EAF49FEEE6D94632D7F destroyed at Mon Jun 19 13:12:08 KST 2023
##########Session ID 8631CCE3D017804888CFE4C76F455A54 destroyed at Mon Jun 19 13:12:08 KST 2023
##########Session ID DB6E222477C9ABCBD98AC21A71E8337A destroyed at Mon Jun 19 14:50:10 KST 2023
##########Session ID 0B1CE03922248628754F00DB2C919073 destroyed at Mon Jun 19 14:50:10 KST 2023
