
2024-04-02 17:39:42 Commons Daemon procrun stdout initialized

2024-04-02 18:36:05 Commons Daemon procrun stdout initialized

2024-04-02 18:39:34 Commons Daemon procrun stdout initialized
##########Session ID B82A433B8605BBB55DBAEA1EB898DB9D destroyed at Tue Apr 02 21:39:52 KST 2024 Session Counts:  2
ERROR 21:39:52.688 [ContainerBackgroundProcessor[StandardEngine[Catalina]]] sems.cm.ctrl.HttpSessionCheckingListener[sessionDestroyed:31] - ##########Session ID B82A433B8605BBB55DBAEA1EB898DB9D destroyed at Tue Apr 02 21:39:52 KST 2024 2
##########Session ID B50258D51C6851991A26E03C362D1B8E destroyed at Tue Apr 02 21:40:52 KST 2024 Session Counts:  1
ERROR 21:40:52.698 [ContainerBackgroundProcessor[StandardEngine[Catalina]]] sems.cm.ctrl.HttpSessionCheckingListener[sessionDestroyed:31] - ##########Session ID B50258D51C6851991A26E03C362D1B8E destroyed at Tue Apr 02 21:40:52 KST 2024 1
##########Session ID D6B616F8ECE1664AD355DB7A64158625 destroyed at Tue Apr 02 21:48:52 KST 2024 Session Counts:  0
ERROR 21:48:52.811 [ContainerBackgroundProcessor[StandardEngine[Catalina]]] sems.cm.ctrl.HttpSessionCheckingListener[sessionDestroyed:31] - ##########Session ID D6B616F8ECE1664AD355DB7A64158625 destroyed at Tue Apr 02 21:48:52 KST 2024 0
##########Session ID D7BBD3894E218D9FA224182C43A0490E destroyed at Wed Apr 03 12:38:08 KST 2024 Session Counts:  1
ERROR 12:38:08.298 [ContainerBackgroundProcessor[StandardEngine[Catalina]]] sems.cm.ctrl.HttpSessionCheckingListener[sessionDestroyed:31] - ##########Session ID D7BBD3894E218D9FA224182C43A0490E destroyed at Wed Apr 03 12:38:08 KST 2024 1
##########Session ID 44A5692CEDC03FEFF0122259110CEEAB destroyed at Wed Apr 03 12:59:08 KST 2024 Session Counts:  0
ERROR 12:59:08.794 [ContainerBackgroundProcessor[StandardEngine[Catalina]]] sems.cm.ctrl.HttpSessionCheckingListener[sessionDestroyed:31] - ##########Session ID 44A5692CEDC03FEFF0122259110CEEAB destroyed at Wed Apr 03 12:59:08 KST 2024 0
##########Session ID 2337E49B1378534062EF48F3019930B8 created at Wed Apr 03 15:04:09 KST 2024 Session Counts: 4
ERROR 15:04:09.992 [http-bio-12443-exec-10] sems.cm.ctrl.HttpSessionCheckingListener[sessionCreated:24] - ##########Session ID 2337E49B1378534062EF48F3019930B8 created at Wed Apr 03 15:04:09 KST 2024 4
##########Session ID 5A75FECF156D530A0CA3BD19ED202FF6 created at Wed Apr 03 15:04:17 KST 2024 Session Counts: 5
ERROR 15:04:17.321 [http-bio-12443-exec-4] sems.cm.ctrl.HttpSessionCheckingListener[sessionCreated:24] - ##########Session ID 5A75FECF156D530A0CA3BD19ED202FF6 created at Wed Apr 03 15:04:17 KST 2024 5
##########Session ID 8B588A2AE1EC0CEA649BC6FC9AFC97BF created at Wed Apr 03 15:06:34 KST 2024 Session Counts: 8
ERROR 15:06:34.535 [http-bio-12443-exec-10] sems.cm.ctrl.HttpSessionCheckingListener[sessionCreated:24] - ##########Session ID 8B588A2AE1EC0CEA649BC6FC9AFC97BF created at Wed Apr 03 15:06:34 KST 2024 8
##########Session ID C2DEE77082DC4F371DABA88B1BEB9AFE destroyed at Wed Apr 03 17:22:13 KST 2024 Session Counts:  13
ERROR 17:22:13.936 [ContainerBackgroundProcessor[StandardEngine[Catalina]]] sems.cm.ctrl.HttpSessionCheckingListener[sessionDestroyed:31] - ##########Session ID C2DEE77082DC4F371DABA88B1BEB9AFE destroyed at Wed Apr 03 17:22:13 KST 2024 13
##########Session ID 74866D298D0B717DB2726C4E49A61984 destroyed at Wed Apr 03 18:04:14 KST 2024 Session Counts:  15
ERROR 18:04:14.945 [ContainerBackgroundProcessor[StandardEngine[Catalina]]] sems.cm.ctrl.HttpSessionCheckingListener[sessionDestroyed:31] - ##########Session ID 74866D298D0B717DB2726C4E49A61984 destroyed at Wed Apr 03 18:04:14 KST 2024 15
##########Session ID 91AB7EEC4D9B2CED500D74FFA5D77F14 destroyed at Wed Apr 03 18:05:14 KST 2024 Session Counts:  15
ERROR 18:05:14.945 [ContainerBackgroundProcessor[StandardEngine[Catalina]]] sems.cm.ctrl.HttpSessionCheckingListener[sessionDestroyed:31] - ##########Session ID 91AB7EEC4D9B2CED500D74FFA5D77F14 destroyed at Wed Apr 03 18:05:14 KST 2024 15
##########Session ID FAA29DCB5AA917A6ADDF8F6524057494 destroyed at Wed Apr 03 18:05:14 KST 2024 Session Counts:  14
ERROR 18:05:14.945 [ContainerBackgroundProcessor[StandardEngine[Catalina]]] sems.cm.ctrl.HttpSessionCheckingListener[sessionDestroyed:31] - ##########Session ID FAA29DCB5AA917A6ADDF8F6524057494 destroyed at Wed Apr 03 18:05:14 KST 2024 14
##########Session ID 34E41CB19DCD3FD03156202F4FF51A52 destroyed at Wed Apr 03 18:05:14 KST 2024 Session Counts:  13
ERROR 18:05:14.945 [ContainerBackgroundProcessor[StandardEngine[Catalina]]] sems.cm.ctrl.HttpSessionCheckingListener[sessionDestroyed:31] - ##########Session ID 34E41CB19DCD3FD03156202F4FF51A52 destroyed at Wed Apr 03 18:05:14 KST 2024 13
##########Session ID 1B4CB19CAEA01677B5F517039F1865E6 destroyed at Wed Apr 03 18:07:14 KST 2024 Session Counts:  12
ERROR 18:07:14.954 [ContainerBackgroundProcessor[StandardEngine[Catalina]]] sems.cm.ctrl.HttpSessionCheckingListener[sessionDestroyed:31] - ##########Session ID 1B4CB19CAEA01677B5F517039F1865E6 destroyed at Wed Apr 03 18:07:14 KST 2024 12
##########Session ID 3E87753527609E0EDFCBD57E98CDCCF9 destroyed at Wed Apr 03 19:43:17 KST 2024 Session Counts:  15
ERROR 19:43:17.273 [ContainerBackgroundProcessor[StandardEngine[Catalina]]] sems.cm.ctrl.HttpSessionCheckingListener[sessionDestroyed:31] - ##########Session ID 3E87753527609E0EDFCBD57E98CDCCF9 destroyed at Wed Apr 03 19:43:17 KST 2024 15
##########Session ID 3E3F4131814626658CB06674B6DE9D36 destroyed at Wed Apr 03 20:00:17 KST 2024 Session Counts:  14
ERROR 20:00:17.730 [ContainerBackgroundProcessor[StandardEngine[Catalina]]] sems.cm.ctrl.HttpSessionCheckingListener[sessionDestroyed:31] - ##########Session ID 3E3F4131814626658CB06674B6DE9D36 destroyed at Wed Apr 03 20:00:17 KST 2024 14
##########Session ID E48148267CE49F422F6F59A9325B5143 destroyed at Wed Apr 03 20:02:17 KST 2024 Session Counts:  13
ERROR 20:02:17.789 [ContainerBackgroundProcessor[StandardEngine[Catalina]]] sems.cm.ctrl.HttpSessionCheckingListener[sessionDestroyed:31] - ##########Session ID E48148267CE49F422F6F59A9325B5143 destroyed at Wed Apr 03 20:02:17 KST 2024 13
##########Session ID 1297EF80991E0A8C1C27DA08AFABB847 destroyed at Wed Apr 03 20:02:17 KST 2024 Session Counts:  12
ERROR 20:02:17.789 [ContainerBackgroundProcessor[StandardEngine[Catalina]]] sems.cm.ctrl.HttpSessionCheckingListener[sessionDestroyed:31] - ##########Session ID 1297EF80991E0A8C1C27DA08AFABB847 destroyed at Wed Apr 03 20:02:17 KST 2024 12
##########Session ID 0AA6425941705D01FC4CF5D7DE3C1C20 destroyed at Wed Apr 03 20:19:18 KST 2024 Session Counts:  11
ERROR 20:19:18.294 [ContainerBackgroundProcessor[StandardEngine[Catalina]]] sems.cm.ctrl.HttpSessionCheckingListener[sessionDestroyed:31] - ##########Session ID 0AA6425941705D01FC4CF5D7DE3C1C20 destroyed at Wed Apr 03 20:19:18 KST 2024 11
##########Session ID 944B86460904022BF65DA0BA649DB039 destroyed at Wed Apr 03 20:42:18 KST 2024 Session Counts:  10
ERROR 20:42:18.878 [ContainerBackgroundProcessor[StandardEngine[Catalina]]] sems.cm.ctrl.HttpSessionCheckingListener[sessionDestroyed:31] - ##########Session ID 944B86460904022BF65DA0BA649DB039 destroyed at Wed Apr 03 20:42:18 KST 2024 10
##########Session ID 1512C6350AC9F7C4193A700DAB5FBA9F destroyed at Wed Apr 03 20:56:19 KST 2024 Session Counts:  9
ERROR 20:56:19.327 [ContainerBackgroundProcessor[StandardEngine[Catalina]]] sems.cm.ctrl.HttpSessionCheckingListener[sessionDestroyed:31] - ##########Session ID 1512C6350AC9F7C4193A700DAB5FBA9F destroyed at Wed Apr 03 20:56:19 KST 2024 9
##########Session ID A4F85DBF9068604A994F22FFA127B899 destroyed at Wed Apr 03 20:57:19 KST 2024 Session Counts:  8
ERROR 20:57:19.344 [ContainerBackgroundProcessor[StandardEngine[Catalina]]] sems.cm.ctrl.HttpSessionCheckingListener[sessionDestroyed:31] - ##########Session ID A4F85DBF9068604A994F22FFA127B899 destroyed at Wed Apr 03 20:57:19 KST 2024 8
##########Session ID 05EBF8770AD7A326AC83070DD92566DA destroyed at Wed Apr 03 21:05:19 KST 2024 Session Counts:  7
ERROR 21:05:19.608 [ContainerBackgroundProcessor[StandardEngine[Catalina]]] sems.cm.ctrl.HttpSessionCheckingListener[sessionDestroyed:31] - ##########Session ID 05EBF8770AD7A326AC83070DD92566DA destroyed at Wed Apr 03 21:05:19 KST 2024 7
##########Session ID 6A267AE117D83FA75D0B9F1C4C95C4BB destroyed at Wed Apr 03 21:11:19 KST 2024 Session Counts:  6
ERROR 21:11:19.831 [ContainerBackgroundProcessor[StandardEngine[Catalina]]] sems.cm.ctrl.HttpSessionCheckingListener[sessionDestroyed:31] - ##########Session ID 6A267AE117D83FA75D0B9F1C4C95C4BB destroyed at Wed Apr 03 21:11:19 KST 2024 6
##########Session ID 87F738A71CC673A71FC867C7E901F019 destroyed at Wed Apr 03 21:16:20 KST 2024 Session Counts:  5
ERROR 21:16:20.009 [ContainerBackgroundProcessor[StandardEngine[Catalina]]] sems.cm.ctrl.HttpSessionCheckingListener[sessionDestroyed:31] - ##########Session ID 87F738A71CC673A71FC867C7E901F019 destroyed at Wed Apr 03 21:16:20 KST 2024 5
##########Session ID 1269B26E72F4C4E3B0D29E71B839EC02 destroyed at Wed Apr 03 21:20:20 KST 2024 Session Counts:  4
ERROR 21:20:20.143 [ContainerBackgroundProcessor[StandardEngine[Catalina]]] sems.cm.ctrl.HttpSessionCheckingListener[sessionDestroyed:31] - ##########Session ID 1269B26E72F4C4E3B0D29E71B839EC02 destroyed at Wed Apr 03 21:20:20 KST 2024 4
##########Session ID DCB256CE9DBEF22CA9AD5472F629AE68 destroyed at Wed Apr 03 21:24:20 KST 2024 Session Counts:  3
ERROR 21:24:20.302 [ContainerBackgroundProcessor[StandardEngine[Catalina]]] sems.cm.ctrl.HttpSessionCheckingListener[sessionDestroyed:31] - ##########Session ID DCB256CE9DBEF22CA9AD5472F629AE68 destroyed at Wed Apr 03 21:24:20 KST 2024 3
##########Session ID 880BE12CB1B0683320CB82F47A6FA7E4 destroyed at Wed Apr 03 21:37:20 KST 2024 Session Counts:  2
ERROR 21:37:20.659 [ContainerBackgroundProcessor[StandardEngine[Catalina]]] sems.cm.ctrl.HttpSessionCheckingListener[sessionDestroyed:31] - ##########Session ID 880BE12CB1B0683320CB82F47A6FA7E4 destroyed at Wed Apr 03 21:37:20 KST 2024 2
##########Session ID B1D0E79DFD11F95B9546303AA1116A0F destroyed at Wed Apr 03 21:38:20 KST 2024 Session Counts:  1
ERROR 21:38:20.679 [ContainerBackgroundProcessor[StandardEngine[Catalina]]] sems.cm.ctrl.HttpSessionCheckingListener[sessionDestroyed:31] - ##########Session ID B1D0E79DFD11F95B9546303AA1116A0F destroyed at Wed Apr 03 21:38:20 KST 2024 1
##########Session ID BF7E1C9C22E32ECEF06F871984184CED destroyed at Wed Apr 03 21:43:20 KST 2024 Session Counts:  0
ERROR 21:43:20.779 [ContainerBackgroundProcessor[StandardEngine[Catalina]]] sems.cm.ctrl.HttpSessionCheckingListener[sessionDestroyed:31] - ##########Session ID BF7E1C9C22E32ECEF06F871984184CED destroyed at Wed Apr 03 21:43:20 KST 2024 0
##########Session ID 5EB40FCC62A41A7E030DE7F1EE41CD11 destroyed at Thu Apr 04 12:21:41 KST 2024 Session Counts:  2
ERROR 12:21:41.612 [ContainerBackgroundProcessor[StandardEngine[Catalina]]] sems.cm.ctrl.HttpSessionCheckingListener[sessionDestroyed:31] - ##########Session ID 5EB40FCC62A41A7E030DE7F1EE41CD11 destroyed at Thu Apr 04 12:21:41 KST 2024 2
##########Session ID 3534A5AD3297DAE16FDC4536366DD2A4 destroyed at Thu Apr 04 12:39:41 KST 2024 Session Counts:  1
ERROR 12:39:41.809 [ContainerBackgroundProcessor[StandardEngine[Catalina]]] sems.cm.ctrl.HttpSessionCheckingListener[sessionDestroyed:31] - ##########Session ID 3534A5AD3297DAE16FDC4536366DD2A4 destroyed at Thu Apr 04 12:39:41 KST 2024 1
##########Session ID 8CC2D9AF7F8F97405B54BB94FAF67AF4 destroyed at Thu Apr 04 14:11:42 KST 2024 Session Counts:  3
ERROR 14:11:42.913 [ContainerBackgroundProcessor[StandardEngine[Catalina]]] sems.cm.ctrl.HttpSessionCheckingListener[sessionDestroyed:31] - ##########Session ID 8CC2D9AF7F8F97405B54BB94FAF67AF4 destroyed at Thu Apr 04 14:11:42 KST 2024 3
##########Session ID D9E6E1B6832FF0F90F03CF0F0F1CD33B destroyed at Thu Apr 04 17:02:45 KST 2024 Session Counts:  8
ERROR 17:02:45.486 [ContainerBackgroundProcessor[StandardEngine[Catalina]]] sems.cm.ctrl.HttpSessionCheckingListener[sessionDestroyed:31] - ##########Session ID D9E6E1B6832FF0F90F03CF0F0F1CD33B destroyed at Thu Apr 04 17:02:45 KST 2024 8
