
2023-07-28 18:02:39 Commons Daemon procrun stdout initialized
##########Session ID 5AE5F337B68AF3B07ED54DFFFB04CAB6 created at Sat Jul 29 03:22:13 KST 2023
##########Session ID 8A40FFAAC5FCD22468CA9DF269CF8284 created at Sat Jul 29 10:48:45 KST 2023
##########Session ID 6DAD69ED4AD38FE184755FBA1B269CE5 created at Sat Jul 29 12:28:49 KST 2023
##########Session ID B3D2B16CA9D6B1AF3268E28E248FFD94 created at Sat Jul 29 12:28:50 KST 2023
##########Session ID 15DAB6C81234F0AF9564FC10C6708151 destroyed at Sat Jul 29 18:06:28 KST 2023
##########Session ID 77D859B7FB6BBC283F2089827BC0DB9B destroyed at Sat Jul 29 23:12:33 KST 2023
##########Session ID E065B25DBA228904B6A4654CA9BB0641 destroyed at Sat Jul 29 23:12:33 KST 2023
##########Session ID 9F65AF8F11EC75E1B389A7AEDA541F7D destroyed at Sun Jul 30 02:25:37 KST 2023
##########Session ID CD3103D96C9AD555D1A09923F291B71E destroyed at Sun Jul 30 02:25:37 KST 2023
##########Session ID 5A8E0860056FA29C7C58CD1E71A28D7C destroyed at Sun Jul 30 02:40:37 KST 2023
##########Session ID 5AE5F337B68AF3B07ED54DFFFB04CAB6 destroyed at Sun Jul 30 03:22:38 KST 2023
##########Session ID 5447A2F0AD035CB1EFAC642B5643AAD8 destroyed at Sun Jul 30 05:42:40 KST 2023
##########Session ID D0CCC533855C2D8A705EAE8947B816EE destroyed at Sun Jul 30 05:43:40 KST 2023
##########Session ID 297DB24C27A830D8AB988E6309EBECE5 created at Sun Jul 30 07:12:17 KST 2023
##########Session ID 620320D06617E3A2983145306630523E created at Sun Jul 30 07:12:32 KST 2023
##########Session ID 14CF34AA0F2C697EB837045F57DC0940 destroyed at Sun Jul 30 09:07:44 KST 2023
##########Session ID 892CAD1765E08DFC226928CC2DDEAF09 destroyed at Sun Jul 30 09:07:44 KST 2023
##########Session ID E07885A4C762432518BA76BD0778490F destroyed at Sun Jul 30 09:27:44 KST 2023
##########Session ID D4AB4150E6551E62080B5A63EB9AC970 destroyed at Sun Jul 30 09:27:44 KST 2023
##########Session ID 8A40FFAAC5FCD22468CA9DF269CF8284 destroyed at Sun Jul 30 10:48:45 KST 2023
##########Session ID 34776D9B6DEBCBFFD9586247091234A3 destroyed at Sun Jul 30 11:14:46 KST 2023
##########Session ID 819325062C14770B9098B0E32C04F117 destroyed at Sun Jul 30 11:14:46 KST 2023
##########Session ID B3D2B16CA9D6B1AF3268E28E248FFD94 destroyed at Sun Jul 30 12:29:47 KST 2023
##########Session ID 6DAD69ED4AD38FE184755FBA1B269CE5 destroyed at Sun Jul 30 12:29:47 KST 2023
##########Session ID 635DD292DC13B8A15B068D398F38FA3F destroyed at Mon Jul 31 03:20:03 KST 2023
##########Session ID 3DA2A6B7FCDEAA1660C26989DE7403B2 destroyed at Mon Jul 31 03:20:03 KST 2023
##########Session ID C906C003EBFAF9B9EE6D1254C5C34663 destroyed at Mon Jul 31 05:19:05 KST 2023
##########Session ID 9D9FA395FEAA8B1EA2A5D8CA437009CC destroyed at Mon Jul 31 05:19:05 KST 2023
##########Session ID 620320D06617E3A2983145306630523E destroyed at Mon Jul 31 07:13:07 KST 2023
##########Session ID 297DB24C27A830D8AB988E6309EBECE5 destroyed at Mon Jul 31 07:13:07 KST 2023
##########Session ID 67A267B68CAAE699D508220A93616214 destroyed at Mon Jul 31 07:13:07 KST 2023
##########Session ID E3CE30626AE97E5F5F7DC71EE4518318 destroyed at Mon Jul 31 15:45:16 KST 2023
##########Session ID AB41C637394220969085790C0669D5AC destroyed at Mon Jul 31 15:45:16 KST 2023
##########Session ID 268E6232E32C8CD42E45936BFC0705A1 destroyed at Mon Jul 31 20:15:21 KST 2023
##########Session ID D8067BE5CBD5BE0C26D9C208C4A1240E destroyed at Mon Jul 31 20:15:21 KST 2023
##########Session ID 7A52ECC69ED7A2CFF099C0093D806896 destroyed at Tue Aug 01 00:06:25 KST 2023
##########Session ID 47B7FB3F65E1F4D3881445EC6B42BDDD destroyed at Tue Aug 01 00:06:25 KST 2023
##########Session ID 25E9E041C13EEC68C48ADC4139C72CF8 destroyed at Tue Aug 01 03:05:28 KST 2023
##########Session ID F5CE68D7B4EFA0A636850B971F38A15A destroyed at Tue Aug 01 03:05:28 KST 2023
##########Session ID 90DDA218B532CDCFC46A17A900FBD729 destroyed at Tue Aug 01 13:50:39 KST 2023
##########Session ID 86DE1069C2795C832F36D111DA2D4199 destroyed at Tue Aug 01 13:50:39 KST 2023
##########Session ID E24443A4795714AB47F4193BFE380B0B destroyed at Tue Aug 01 15:04:40 KST 2023
##########Session ID 632775E79E687F80074F71952CD74FCC destroyed at Tue Aug 01 15:04:40 KST 2023
##########Session ID 49ACD07BBF7CE38F65B6E800CBF96D2D destroyed at Tue Aug 01 21:10:47 KST 2023
##########Session ID 7ED872EF72E4D081087A96CF21B92A00 destroyed at Tue Aug 01 21:10:47 KST 2023
##########Session ID 7B4A7903AFDA52BAD80A4C03702930F4 destroyed at Tue Aug 01 21:41:47 KST 2023
##########Session ID 1B056AD4865E8DA6AEB629CDBAD57E5E destroyed at Tue Aug 01 21:41:47 KST 2023
##########Session ID 76BEB82399E57F3DE8125155A8A57B9E destroyed at Wed Aug 02 04:29:55 KST 2023
##########Session ID E5F19C1179E7B5E0228D1287A9FB5632 destroyed at Wed Aug 02 04:29:55 KST 2023
##########Session ID 0B9AE8F746EA6E46C793782F6C0D3E48 destroyed at Wed Aug 02 10:13:01 KST 2023
##########Session ID 6FB3CA3D6CBE4433DA6844A27E140B75 destroyed at Wed Aug 02 10:13:01 KST 2023
##########Session ID 42D6005A9DFD2041A14686C3F372D8EB created at Wed Aug 02 11:21:53 KST 2023
##########Session ID 9430B219FDFF3B026D764D2FD5A93267 created at Wed Aug 02 18:25:35 KST 2023
##########Session ID 50F8B8D685DA38DF6FB8836AC5A3F72E created at Wed Aug 02 18:25:39 KST 2023
##########Session ID 937D189E7FEC9F59CED9B45D2A6B1BA8 created at Wed Aug 02 18:26:02 KST 2023
##########Session ID 0E04CCB54811A4E2B0CC6A9169B9E344 destroyed at Thu Aug 03 05:18:21 KST 2023
##########Session ID 4BAFA7FCC956DB28B241ABC28D0658BC destroyed at Thu Aug 03 05:18:21 KST 2023
##########Session ID C35C5451857BCC7CB6C8F69AC92220BC destroyed at Thu Aug 03 10:59:27 KST 2023
##########Session ID 5559C6F06EC44045E91263A54AB142F2 destroyed at Thu Aug 03 10:59:27 KST 2023
##########Session ID A0921C4DEDB014B5C20C095B0591E9E5 destroyed at Thu Aug 03 11:21:28 KST 2023
##########Session ID DBBB9855DF7E2153B738F413E2440CFC destroyed at Thu Aug 03 11:22:28 KST 2023
##########Session ID 42D6005A9DFD2041A14686C3F372D8EB destroyed at Thu Aug 03 11:22:28 KST 2023
##########Session ID 1BF2E2489E6BC444C1559DE39910A62E destroyed at Thu Aug 03 11:22:28 KST 2023
##########Session ID 5C2E3C319E24769695BA088B47C54F20 destroyed at Thu Aug 03 11:22:28 KST 2023
##########Session ID 8B7F06DFC77A91475457A10F6F6E3F68 destroyed at Thu Aug 03 13:56:34 KST 2023
##########Session ID 2A769DC49A8BFC0C41BBA1189B628B78 destroyed at Thu Aug 03 13:56:34 KST 2023
##########Session ID BB56C31CDDA91DF0E0AD9074817D8BA7 destroyed at Thu Aug 03 15:36:35 KST 2023
##########Session ID 365C77AD60F26A4DC3B5AEE47B92B125 destroyed at Thu Aug 03 15:36:35 KST 2023
