
2024-03-13 11:38:18 Commons Daemon procrun stdout initialized
##########Session ID D041E20E21A6521CBD42EFEFC7942F85 created at Wed Mar 13 11:43:05 KST 2024 Session Counts: 2
ERROR 11:43:05.740 [http-bio-12443-exec-4] sems.cm.ctrl.HttpSessionCheckingListener[sessionCreated:24] - ##########Session ID D041E20E21A6521CBD42EFEFC7942F85 created at Wed Mar 13 11:43:05 KST 2024 2

2024-03-13 12:01:45 Commons Daemon procrun stdout initialized

2024-03-13 12:05:41 Commons Daemon procrun stdout initialized
##########Session ID B4302F67207B8D39D1B4C96277A119A8 created at Wed Mar 13 13:49:09 KST 2024 Session Counts: 16
ERROR 13:49:09.530 [http-bio-12443-exec-2] sems.cm.ctrl.HttpSessionCheckingListener[sessionCreated:24] - ##########Session ID B4302F67207B8D39D1B4C96277A119A8 created at Wed Mar 13 13:49:09 KST 2024 16
##########Session ID B88836E3D64467DA04F5201D72512266 created at Wed Mar 13 13:55:00 KST 2024 Session Counts: 25
ERROR 13:55:00.810 [http-bio-12443-exec-10] sems.cm.ctrl.HttpSessionCheckingListener[sessionCreated:24] - ##########Session ID B88836E3D64467DA04F5201D72512266 created at Wed Mar 13 13:55:00 KST 2024 25
##########Session ID 88D98889F2C6A14D912641E9283E0645 created at Wed Mar 13 14:38:33 KST 2024 Session Counts: 46
ERROR 14:38:33.326 [http-bio-12443-exec-1] sems.cm.ctrl.HttpSessionCheckingListener[sessionCreated:24] - ##########Session ID 88D98889F2C6A14D912641E9283E0645 created at Wed Mar 13 14:38:33 KST 2024 46
##########Session ID 114B7587236049C0A9A5428365F3C253 destroyed at Wed Mar 13 15:06:02 KST 2024 Session Counts:  49
ERROR 15:06:02.615 [ContainerBackgroundProcessor[StandardEngine[Catalina]]] sems.cm.ctrl.HttpSessionCheckingListener[sessionDestroyed:31] - ##########Session ID 114B7587236049C0A9A5428365F3C253 destroyed at Wed Mar 13 15:06:02 KST 2024 49
##########Session ID 9A456879C0F6CFAFF3372C8911FCE803 destroyed at Wed Mar 13 15:07:02 KST 2024 Session Counts:  48
ERROR 15:07:02.654 [ContainerBackgroundProcessor[StandardEngine[Catalina]]] sems.cm.ctrl.HttpSessionCheckingListener[sessionDestroyed:31] - ##########Session ID 9A456879C0F6CFAFF3372C8911FCE803 destroyed at Wed Mar 13 15:07:02 KST 2024 48
##########Session ID 7F3FF28EDBFCC5F648485BBA5F4D78D4 destroyed at Wed Mar 13 15:08:02 KST 2024 Session Counts:  47
ERROR 15:08:02.692 [ContainerBackgroundProcessor[StandardEngine[Catalina]]] sems.cm.ctrl.HttpSessionCheckingListener[sessionDestroyed:31] - ##########Session ID 7F3FF28EDBFCC5F648485BBA5F4D78D4 destroyed at Wed Mar 13 15:08:02 KST 2024 47
##########Session ID 337CFF4A8F037881E6AC4CD99BEF5918 created at Wed Mar 13 15:12:32 KST 2024 Session Counts: 50
ERROR 15:12:32.153 [http-bio-12443-exec-3] sems.cm.ctrl.HttpSessionCheckingListener[sessionCreated:24] - ##########Session ID 337CFF4A8F037881E6AC4CD99BEF5918 created at Wed Mar 13 15:12:32 KST 2024 50
##########Session ID ACB2ED33B87605850BCC74343902EA6C destroyed at Wed Mar 13 15:14:02 KST 2024 Session Counts:  49
ERROR 15:14:02.905 [ContainerBackgroundProcessor[StandardEngine[Catalina]]] sems.cm.ctrl.HttpSessionCheckingListener[sessionDestroyed:31] - ##########Session ID ACB2ED33B87605850BCC74343902EA6C destroyed at Wed Mar 13 15:14:02 KST 2024 49
##########Session ID 82F7658C4A560229E73384DFA470AEB4 destroyed at Wed Mar 13 15:15:02 KST 2024 Session Counts:  48
ERROR 15:15:02.941 [ContainerBackgroundProcessor[StandardEngine[Catalina]]] sems.cm.ctrl.HttpSessionCheckingListener[sessionDestroyed:31] - ##########Session ID 82F7658C4A560229E73384DFA470AEB4 destroyed at Wed Mar 13 15:15:02 KST 2024 48
##########Session ID 6891C1C4927F4DA5E2540238DD68D0D7 destroyed at Wed Mar 13 15:16:02 KST 2024 Session Counts:  47
ERROR 15:16:02.977 [ContainerBackgroundProcessor[StandardEngine[Catalina]]] sems.cm.ctrl.HttpSessionCheckingListener[sessionDestroyed:31] - ##########Session ID 6891C1C4927F4DA5E2540238DD68D0D7 destroyed at Wed Mar 13 15:16:02 KST 2024 47
##########Session ID DC801F2E9619605E6A813E1141AF3294 created at Wed Mar 13 15:32:13 KST 2024 Session Counts: 49
ERROR 15:32:13.001 [http-bio-12443-exec-7] sems.cm.ctrl.HttpSessionCheckingListener[sessionCreated:24] - ##########Session ID DC801F2E9619605E6A813E1141AF3294 created at Wed Mar 13 15:32:13 KST 2024 49
##########Session ID C0C72177706905A32F4820B31C19F5E1 destroyed at Wed Mar 13 16:10:04 KST 2024 Session Counts:  66
ERROR 16:10:04.925 [ContainerBackgroundProcessor[StandardEngine[Catalina]]] sems.cm.ctrl.HttpSessionCheckingListener[sessionDestroyed:31] - ##########Session ID C0C72177706905A32F4820B31C19F5E1 destroyed at Wed Mar 13 16:10:04 KST 2024 66
##########Session ID 6F8B87D03DCAFCE585DC10336870FDE9 destroyed at Wed Mar 13 16:10:04 KST 2024 Session Counts:  65
ERROR 16:10:04.925 [ContainerBackgroundProcessor[StandardEngine[Catalina]]] sems.cm.ctrl.HttpSessionCheckingListener[sessionDestroyed:31] - ##########Session ID 6F8B87D03DCAFCE585DC10336870FDE9 destroyed at Wed Mar 13 16:10:04 KST 2024 65
##########Session ID 2DC90461094E65820F1FD75856F9F713 destroyed at Wed Mar 13 16:11:04 KST 2024 Session Counts:  64
ERROR 16:11:04.959 [ContainerBackgroundProcessor[StandardEngine[Catalina]]] sems.cm.ctrl.HttpSessionCheckingListener[sessionDestroyed:31] - ##########Session ID 2DC90461094E65820F1FD75856F9F713 destroyed at Wed Mar 13 16:11:04 KST 2024 64
##########Session ID 28DCD77ACA31C223469306612AF10670 destroyed at Wed Mar 13 16:11:04 KST 2024 Session Counts:  63
ERROR 16:11:04.960 [ContainerBackgroundProcessor[StandardEngine[Catalina]]] sems.cm.ctrl.HttpSessionCheckingListener[sessionDestroyed:31] - ##########Session ID 28DCD77ACA31C223469306612AF10670 destroyed at Wed Mar 13 16:11:04 KST 2024 63

2024-03-13 16:19:12 Commons Daemon procrun stdout initialized
##########Session ID AD45F6E75424459337B367896DAD97D0 destroyed at Wed Mar 13 16:38:27 KST 2024 Session Counts:  -1
ERROR 16:38:27.390 [ContainerBackgroundProcessor[StandardEngine[Catalina]]] sems.cm.ctrl.HttpSessionCheckingListener[sessionDestroyed:31] - ##########Session ID AD45F6E75424459337B367896DAD97D0 destroyed at Wed Mar 13 16:38:27 KST 2024 -1
##########Session ID DD61038A74815BB94599B152286E8C49 destroyed at Wed Mar 13 16:44:27 KST 2024 Session Counts:  -2
ERROR 16:44:27.627 [ContainerBackgroundProcessor[StandardEngine[Catalina]]] sems.cm.ctrl.HttpSessionCheckingListener[sessionDestroyed:31] - ##########Session ID DD61038A74815BB94599B152286E8C49 destroyed at Wed Mar 13 16:44:27 KST 2024 -2
##########Session ID AEC42F02D6612349D9F92302854D12CF destroyed at Wed Mar 13 16:45:27 KST 2024 Session Counts:  -3
ERROR 16:45:27.666 [ContainerBackgroundProcessor[StandardEngine[Catalina]]] sems.cm.ctrl.HttpSessionCheckingListener[sessionDestroyed:31] - ##########Session ID AEC42F02D6612349D9F92302854D12CF destroyed at Wed Mar 13 16:45:27 KST 2024 -3
##########Session ID 122AB75897741A888EBA0A1697D93F00 destroyed at Wed Mar 13 16:45:27 KST 2024 Session Counts:  -4
ERROR 16:45:27.667 [ContainerBackgroundProcessor[StandardEngine[Catalina]]] sems.cm.ctrl.HttpSessionCheckingListener[sessionDestroyed:31] - ##########Session ID 122AB75897741A888EBA0A1697D93F00 destroyed at Wed Mar 13 16:45:27 KST 2024 -4
##########Session ID B4302F67207B8D39D1B4C96277A119A8 destroyed at Wed Mar 13 16:49:27 KST 2024 Session Counts:  -5
ERROR 16:49:27.810 [ContainerBackgroundProcessor[StandardEngine[Catalina]]] sems.cm.ctrl.HttpSessionCheckingListener[sessionDestroyed:31] - ##########Session ID B4302F67207B8D39D1B4C96277A119A8 destroyed at Wed Mar 13 16:49:27 KST 2024 -5
##########Session ID D30923D86CDE7CDEE087C1E6F9FACA9E destroyed at Wed Mar 13 16:50:27 KST 2024 Session Counts:  -6
ERROR 16:50:27.847 [ContainerBackgroundProcessor[StandardEngine[Catalina]]] sems.cm.ctrl.HttpSessionCheckingListener[sessionDestroyed:31] - ##########Session ID D30923D86CDE7CDEE087C1E6F9FACA9E destroyed at Wed Mar 13 16:50:27 KST 2024 -6
##########Session ID 817AB004188431D5E34645506310148C destroyed at Wed Mar 13 16:50:27 KST 2024 Session Counts:  -7
ERROR 16:50:27.848 [ContainerBackgroundProcessor[StandardEngine[Catalina]]] sems.cm.ctrl.HttpSessionCheckingListener[sessionDestroyed:31] - ##########Session ID 817AB004188431D5E34645506310148C destroyed at Wed Mar 13 16:50:27 KST 2024 -7
##########Session ID E724590A4F3F8ADCF5BFABD66EA137E8 destroyed at Wed Mar 13 16:50:27 KST 2024 Session Counts:  -8
ERROR 16:50:27.849 [ContainerBackgroundProcessor[StandardEngine[Catalina]]] sems.cm.ctrl.HttpSessionCheckingListener[sessionDestroyed:31] - ##########Session ID E724590A4F3F8ADCF5BFABD66EA137E8 destroyed at Wed Mar 13 16:50:27 KST 2024 -8
##########Session ID E622D57AEFD64D4A1668D9441050C515 destroyed at Wed Mar 13 16:51:27 KST 2024 Session Counts:  -9
ERROR 16:51:27.888 [ContainerBackgroundProcessor[StandardEngine[Catalina]]] sems.cm.ctrl.HttpSessionCheckingListener[sessionDestroyed:31] - ##########Session ID E622D57AEFD64D4A1668D9441050C515 destroyed at Wed Mar 13 16:51:27 KST 2024 -9
##########Session ID 90711045EEFBA7EA3233679E78E81891 destroyed at Wed Mar 13 16:51:27 KST 2024 Session Counts:  -10
ERROR 16:51:27.888 [ContainerBackgroundProcessor[StandardEngine[Catalina]]] sems.cm.ctrl.HttpSessionCheckingListener[sessionDestroyed:31] - ##########Session ID 90711045EEFBA7EA3233679E78E81891 destroyed at Wed Mar 13 16:51:27 KST 2024 -10
##########Session ID BB1B5944E4309E59B1C572EAD0B58F9D destroyed at Wed Mar 13 16:51:27 KST 2024 Session Counts:  -11
ERROR 16:51:27.889 [ContainerBackgroundProcessor[StandardEngine[Catalina]]] sems.cm.ctrl.HttpSessionCheckingListener[sessionDestroyed:31] - ##########Session ID BB1B5944E4309E59B1C572EAD0B58F9D destroyed at Wed Mar 13 16:51:27 KST 2024 -11
##########Session ID C79878B4B68B317A8E8998ED23A3B56A destroyed at Wed Mar 13 16:54:27 KST 2024 Session Counts:  -12
ERROR 16:54:27.999 [ContainerBackgroundProcessor[StandardEngine[Catalina]]] sems.cm.ctrl.HttpSessionCheckingListener[sessionDestroyed:31] - ##########Session ID C79878B4B68B317A8E8998ED23A3B56A destroyed at Wed Mar 13 16:54:27 KST 2024 -12
##########Session ID 6603EA8017D9AD14601631A0BD3A8233 destroyed at Wed Mar 13 16:55:28 KST 2024 Session Counts:  -13
ERROR 16:55:28.039 [ContainerBackgroundProcessor[StandardEngine[Catalina]]] sems.cm.ctrl.HttpSessionCheckingListener[sessionDestroyed:31] - ##########Session ID 6603EA8017D9AD14601631A0BD3A8233 destroyed at Wed Mar 13 16:55:28 KST 2024 -13
##########Session ID 4367CCA94A1FBDB01442F99AA6925D50 destroyed at Wed Mar 13 16:55:28 KST 2024 Session Counts:  -14
ERROR 16:55:28.040 [ContainerBackgroundProcessor[StandardEngine[Catalina]]] sems.cm.ctrl.HttpSessionCheckingListener[sessionDestroyed:31] - ##########Session ID 4367CCA94A1FBDB01442F99AA6925D50 destroyed at Wed Mar 13 16:55:28 KST 2024 -14
##########Session ID B88836E3D64467DA04F5201D72512266 destroyed at Wed Mar 13 16:55:28 KST 2024 Session Counts:  -15
ERROR 16:55:28.040 [ContainerBackgroundProcessor[StandardEngine[Catalina]]] sems.cm.ctrl.HttpSessionCheckingListener[sessionDestroyed:31] - ##########Session ID B88836E3D64467DA04F5201D72512266 destroyed at Wed Mar 13 16:55:28 KST 2024 -15
##########Session ID 8F137A1E74BC991A7C3710F85F566454 destroyed at Wed Mar 13 16:56:28 KST 2024 Session Counts:  -16
ERROR 16:56:28.077 [ContainerBackgroundProcessor[StandardEngine[Catalina]]] sems.cm.ctrl.HttpSessionCheckingListener[sessionDestroyed:31] - ##########Session ID 8F137A1E74BC991A7C3710F85F566454 destroyed at Wed Mar 13 16:56:28 KST 2024 -16
##########Session ID 076172B97ECBDBD26F8C784032AD9BEC destroyed at Wed Mar 13 16:56:28 KST 2024 Session Counts:  -17
ERROR 16:56:28.078 [ContainerBackgroundProcessor[StandardEngine[Catalina]]] sems.cm.ctrl.HttpSessionCheckingListener[sessionDestroyed:31] - ##########Session ID 076172B97ECBDBD26F8C784032AD9BEC destroyed at Wed Mar 13 16:56:28 KST 2024 -17
##########Session ID 66894E2704AE8460FD263606275BF192 destroyed at Wed Mar 13 16:56:28 KST 2024 Session Counts:  -18
ERROR 16:56:28.079 [ContainerBackgroundProcessor[StandardEngine[Catalina]]] sems.cm.ctrl.HttpSessionCheckingListener[sessionDestroyed:31] - ##########Session ID 66894E2704AE8460FD263606275BF192 destroyed at Wed Mar 13 16:56:28 KST 2024 -18
##########Session ID A51575FEED6381BC6C890E663CC66A50 destroyed at Wed Mar 13 16:57:28 KST 2024 Session Counts:  -19
ERROR 16:57:28.116 [ContainerBackgroundProcessor[StandardEngine[Catalina]]] sems.cm.ctrl.HttpSessionCheckingListener[sessionDestroyed:31] - ##########Session ID A51575FEED6381BC6C890E663CC66A50 destroyed at Wed Mar 13 16:57:28 KST 2024 -19
##########Session ID 726F1FD4121E19B5CD69BBE9D9ACB958 destroyed at Wed Mar 13 16:57:28 KST 2024 Session Counts:  -20
ERROR 16:57:28.117 [ContainerBackgroundProcessor[StandardEngine[Catalina]]] sems.cm.ctrl.HttpSessionCheckingListener[sessionDestroyed:31] - ##########Session ID 726F1FD4121E19B5CD69BBE9D9ACB958 destroyed at Wed Mar 13 16:57:28 KST 2024 -20
##########Session ID F8258967F4E44DE03C57ABABC0354B29 destroyed at Wed Mar 13 16:57:28 KST 2024 Session Counts:  -21
ERROR 16:57:28.118 [ContainerBackgroundProcessor[StandardEngine[Catalina]]] sems.cm.ctrl.HttpSessionCheckingListener[sessionDestroyed:31] - ##########Session ID F8258967F4E44DE03C57ABABC0354B29 destroyed at Wed Mar 13 16:57:28 KST 2024 -21
##########Session ID D53AC44BFCA907753B944E3CC94676BD destroyed at Wed Mar 13 16:58:28 KST 2024 Session Counts:  -22
ERROR 16:58:28.154 [ContainerBackgroundProcessor[StandardEngine[Catalina]]] sems.cm.ctrl.HttpSessionCheckingListener[sessionDestroyed:31] - ##########Session ID D53AC44BFCA907753B944E3CC94676BD destroyed at Wed Mar 13 16:58:28 KST 2024 -22
##########Session ID C938E0338E1389EF538D5AF20498471A destroyed at Wed Mar 13 16:59:28 KST 2024 Session Counts:  -23
ERROR 16:59:28.189 [ContainerBackgroundProcessor[StandardEngine[Catalina]]] sems.cm.ctrl.HttpSessionCheckingListener[sessionDestroyed:31] - ##########Session ID C938E0338E1389EF538D5AF20498471A destroyed at Wed Mar 13 16:59:28 KST 2024 -23
##########Session ID E92220A8A05EACE87A4ACBC06DF11B6C destroyed at Wed Mar 13 17:08:28 KST 2024 Session Counts:  -24
ERROR 17:08:28.520 [ContainerBackgroundProcessor[StandardEngine[Catalina]]] sems.cm.ctrl.HttpSessionCheckingListener[sessionDestroyed:31] - ##########Session ID E92220A8A05EACE87A4ACBC06DF11B6C destroyed at Wed Mar 13 17:08:28 KST 2024 -24
##########Session ID 9C1B716952CE5C9372E2872FA68B45CD destroyed at Wed Mar 13 17:08:28 KST 2024 Session Counts:  -25
ERROR 17:08:28.520 [ContainerBackgroundProcessor[StandardEngine[Catalina]]] sems.cm.ctrl.HttpSessionCheckingListener[sessionDestroyed:31] - ##########Session ID 9C1B716952CE5C9372E2872FA68B45CD destroyed at Wed Mar 13 17:08:28 KST 2024 -25
##########Session ID 9C1325070ABEAAB31D858182FE76DD94 destroyed at Wed Mar 13 17:08:28 KST 2024 Session Counts:  -26
ERROR 17:08:28.521 [ContainerBackgroundProcessor[StandardEngine[Catalina]]] sems.cm.ctrl.HttpSessionCheckingListener[sessionDestroyed:31] - ##########Session ID 9C1325070ABEAAB31D858182FE76DD94 destroyed at Wed Mar 13 17:08:28 KST 2024 -26
##########Session ID 7CA5F55545D884152F5094740E9C5B0F destroyed at Wed Mar 13 17:09:28 KST 2024 Session Counts:  -27
ERROR 17:09:28.555 [ContainerBackgroundProcessor[StandardEngine[Catalina]]] sems.cm.ctrl.HttpSessionCheckingListener[sessionDestroyed:31] - ##########Session ID 7CA5F55545D884152F5094740E9C5B0F destroyed at Wed Mar 13 17:09:28 KST 2024 -27
##########Session ID 778FC11B5248A42F29D011EA664B7ADB destroyed at Wed Mar 13 17:10:28 KST 2024 Session Counts:  -28
ERROR 17:10:28.591 [ContainerBackgroundProcessor[StandardEngine[Catalina]]] sems.cm.ctrl.HttpSessionCheckingListener[sessionDestroyed:31] - ##########Session ID 778FC11B5248A42F29D011EA664B7ADB destroyed at Wed Mar 13 17:10:28 KST 2024 -28
##########Session ID E9C4A719E2631324DE601789B86B2113 destroyed at Wed Mar 13 17:10:28 KST 2024 Session Counts:  -29
ERROR 17:10:28.592 [ContainerBackgroundProcessor[StandardEngine[Catalina]]] sems.cm.ctrl.HttpSessionCheckingListener[sessionDestroyed:31] - ##########Session ID E9C4A719E2631324DE601789B86B2113 destroyed at Wed Mar 13 17:10:28 KST 2024 -29
##########Session ID 8702C5832740059449B8476318E38C57 destroyed at Wed Mar 13 17:10:28 KST 2024 Session Counts:  -30
ERROR 17:10:28.592 [ContainerBackgroundProcessor[StandardEngine[Catalina]]] sems.cm.ctrl.HttpSessionCheckingListener[sessionDestroyed:31] - ##########Session ID 8702C5832740059449B8476318E38C57 destroyed at Wed Mar 13 17:10:28 KST 2024 -30
##########Session ID A12357B9B196D238C398502978BAEF31 destroyed at Wed Mar 13 17:10:28 KST 2024 Session Counts:  -31
ERROR 17:10:28.593 [ContainerBackgroundProcessor[StandardEngine[Catalina]]] sems.cm.ctrl.HttpSessionCheckingListener[sessionDestroyed:31] - ##########Session ID A12357B9B196D238C398502978BAEF31 destroyed at Wed Mar 13 17:10:28 KST 2024 -31
##########Session ID 526CC71F24854A53259F6F4849990424 destroyed at Wed Mar 13 17:10:28 KST 2024 Session Counts:  -32
ERROR 17:10:28.594 [ContainerBackgroundProcessor[StandardEngine[Catalina]]] sems.cm.ctrl.HttpSessionCheckingListener[sessionDestroyed:31] - ##########Session ID 526CC71F24854A53259F6F4849990424 destroyed at Wed Mar 13 17:10:28 KST 2024 -32
##########Session ID B705D7A1D3AECE36352B4FB2F1D697C7 destroyed at Wed Mar 13 17:11:28 KST 2024 Session Counts:  -33
ERROR 17:11:28.631 [ContainerBackgroundProcessor[StandardEngine[Catalina]]] sems.cm.ctrl.HttpSessionCheckingListener[sessionDestroyed:31] - ##########Session ID B705D7A1D3AECE36352B4FB2F1D697C7 destroyed at Wed Mar 13 17:11:28 KST 2024 -33
##########Session ID 8D3A5D0A6BC4130156DF791F08270F35 destroyed at Wed Mar 13 17:38:29 KST 2024 Session Counts:  -34
ERROR 17:38:29.615 [ContainerBackgroundProcessor[StandardEngine[Catalina]]] sems.cm.ctrl.HttpSessionCheckingListener[sessionDestroyed:31] - ##########Session ID 8D3A5D0A6BC4130156DF791F08270F35 destroyed at Wed Mar 13 17:38:29 KST 2024 -34
##########Session ID E2A418F101077DBB0771B111237FCA7F destroyed at Wed Mar 13 17:39:29 KST 2024 Session Counts:  -34
ERROR 17:39:29.650 [ContainerBackgroundProcessor[StandardEngine[Catalina]]] sems.cm.ctrl.HttpSessionCheckingListener[sessionDestroyed:31] - ##########Session ID E2A418F101077DBB0771B111237FCA7F destroyed at Wed Mar 13 17:39:29 KST 2024 -34
##########Session ID 88D98889F2C6A14D912641E9283E0645 destroyed at Wed Mar 13 17:39:29 KST 2024 Session Counts:  -35
ERROR 17:39:29.651 [ContainerBackgroundProcessor[StandardEngine[Catalina]]] sems.cm.ctrl.HttpSessionCheckingListener[sessionDestroyed:31] - ##########Session ID 88D98889F2C6A14D912641E9283E0645 destroyed at Wed Mar 13 17:39:29 KST 2024 -35
##########Session ID DF651B80D87EE7E57F572F996C5E6154 destroyed at Wed Mar 13 17:39:29 KST 2024 Session Counts:  -36
ERROR 17:39:29.652 [ContainerBackgroundProcessor[StandardEngine[Catalina]]] sems.cm.ctrl.HttpSessionCheckingListener[sessionDestroyed:31] - ##########Session ID DF651B80D87EE7E57F572F996C5E6154 destroyed at Wed Mar 13 17:39:29 KST 2024 -36
##########Session ID 2B9EF52D806CF25E8FFD3B8BEBFDDFCF destroyed at Wed Mar 13 17:40:29 KST 2024 Session Counts:  -35
ERROR 17:40:29.692 [ContainerBackgroundProcessor[StandardEngine[Catalina]]] sems.cm.ctrl.HttpSessionCheckingListener[sessionDestroyed:31] - ##########Session ID 2B9EF52D806CF25E8FFD3B8BEBFDDFCF destroyed at Wed Mar 13 17:40:29 KST 2024 -35
##########Session ID 82362E195B9D045B00BE97AE66CE0C49 destroyed at Wed Mar 13 17:40:29 KST 2024 Session Counts:  -36
ERROR 17:40:29.694 [ContainerBackgroundProcessor[StandardEngine[Catalina]]] sems.cm.ctrl.HttpSessionCheckingListener[sessionDestroyed:31] - ##########Session ID 82362E195B9D045B00BE97AE66CE0C49 destroyed at Wed Mar 13 17:40:29 KST 2024 -36

2024-03-13 17:53:40 Commons Daemon procrun stdout initialized
##########Session ID 5673FD408DEFFC2887AE7B36E73306E6 created at Wed Mar 13 17:54:13 KST 2024 Session Counts: 3
ERROR 17:54:13.898 [http-bio-12443-exec-2] sems.cm.ctrl.HttpSessionCheckingListener[sessionCreated:24] - ##########Session ID 5673FD408DEFFC2887AE7B36E73306E6 created at Wed Mar 13 17:54:13 KST 2024 3
##########Session ID 45E66C44174539D76F77A048ADA97443 destroyed at Wed Mar 13 18:12:55 KST 2024 Session Counts:  14
ERROR 18:12:55.906 [ContainerBackgroundProcessor[StandardEngine[Catalina]]] sems.cm.ctrl.HttpSessionCheckingListener[sessionDestroyed:31] - ##########Session ID 45E66C44174539D76F77A048ADA97443 destroyed at Wed Mar 13 18:12:55 KST 2024 14
##########Session ID 83205AC69251848E511E49B57D84418B destroyed at Wed Mar 13 18:12:55 KST 2024 Session Counts:  13
ERROR 18:12:55.907 [ContainerBackgroundProcessor[StandardEngine[Catalina]]] sems.cm.ctrl.HttpSessionCheckingListener[sessionDestroyed:31] - ##########Session ID 83205AC69251848E511E49B57D84418B destroyed at Wed Mar 13 18:12:55 KST 2024 13
##########Session ID 337CFF4A8F037881E6AC4CD99BEF5918 destroyed at Wed Mar 13 18:12:55 KST 2024 Session Counts:  12
ERROR 18:12:55.908 [ContainerBackgroundProcessor[StandardEngine[Catalina]]] sems.cm.ctrl.HttpSessionCheckingListener[sessionDestroyed:31] - ##########Session ID 337CFF4A8F037881E6AC4CD99BEF5918 destroyed at Wed Mar 13 18:12:55 KST 2024 12
##########Session ID 72D3587E97BAEF6064C9CF5F6B6E4C2A destroyed at Wed Mar 13 18:32:56 KST 2024 Session Counts:  21
ERROR 18:32:56.641 [ContainerBackgroundProcessor[StandardEngine[Catalina]]] sems.cm.ctrl.HttpSessionCheckingListener[sessionDestroyed:31] - ##########Session ID 72D3587E97BAEF6064C9CF5F6B6E4C2A destroyed at Wed Mar 13 18:32:56 KST 2024 21
##########Session ID DC801F2E9619605E6A813E1141AF3294 destroyed at Wed Mar 13 18:32:56 KST 2024 Session Counts:  20
ERROR 18:32:56.642 [ContainerBackgroundProcessor[StandardEngine[Catalina]]] sems.cm.ctrl.HttpSessionCheckingListener[sessionDestroyed:31] - ##########Session ID DC801F2E9619605E6A813E1141AF3294 destroyed at Wed Mar 13 18:32:56 KST 2024 20

2024-03-13 18:34:31 Commons Daemon procrun stdout initialized
##########Session ID FE9D158C42D229B4DF2DA8F1B292085C destroyed at Wed Mar 13 18:39:46 KST 2024 Session Counts:  12
ERROR 18:39:46.275 [ContainerBackgroundProcessor[StandardEngine[Catalina]]] sems.cm.ctrl.HttpSessionCheckingListener[sessionDestroyed:31] - ##########Session ID FE9D158C42D229B4DF2DA8F1B292085C destroyed at Wed Mar 13 18:39:46 KST 2024 12
##########Session ID BC1CB6E06008FF2AD87B12C27279955D destroyed at Wed Mar 13 18:40:46 KST 2024 Session Counts:  11
ERROR 18:40:46.313 [ContainerBackgroundProcessor[StandardEngine[Catalina]]] sems.cm.ctrl.HttpSessionCheckingListener[sessionDestroyed:31] - ##########Session ID BC1CB6E06008FF2AD87B12C27279955D destroyed at Wed Mar 13 18:40:46 KST 2024 11
##########Session ID F7B0514B6EC09CB8CDFC27F47D532ACA destroyed at Wed Mar 13 18:41:46 KST 2024 Session Counts:  11
ERROR 18:41:46.355 [ContainerBackgroundProcessor[StandardEngine[Catalina]]] sems.cm.ctrl.HttpSessionCheckingListener[sessionDestroyed:31] - ##########Session ID F7B0514B6EC09CB8CDFC27F47D532ACA destroyed at Wed Mar 13 18:41:46 KST 2024 11
##########Session ID 9B2D68E3EDFE5C8E7D882C54B860AA98 destroyed at Wed Mar 13 18:41:46 KST 2024 Session Counts:  10
ERROR 18:41:46.355 [ContainerBackgroundProcessor[StandardEngine[Catalina]]] sems.cm.ctrl.HttpSessionCheckingListener[sessionDestroyed:31] - ##########Session ID 9B2D68E3EDFE5C8E7D882C54B860AA98 destroyed at Wed Mar 13 18:41:46 KST 2024 10
##########Session ID D375B1A7449FAA2A21D6A76C7D05CF82 destroyed at Wed Mar 13 18:42:46 KST 2024 Session Counts:  10
ERROR 18:42:46.398 [ContainerBackgroundProcessor[StandardEngine[Catalina]]] sems.cm.ctrl.HttpSessionCheckingListener[sessionDestroyed:31] - ##########Session ID D375B1A7449FAA2A21D6A76C7D05CF82 destroyed at Wed Mar 13 18:42:46 KST 2024 10
##########Session ID 7250370905C7D91A47E245A3C7C3AD0D destroyed at Wed Mar 13 18:43:46 KST 2024 Session Counts:  10
ERROR 18:43:46.439 [ContainerBackgroundProcessor[StandardEngine[Catalina]]] sems.cm.ctrl.HttpSessionCheckingListener[sessionDestroyed:31] - ##########Session ID 7250370905C7D91A47E245A3C7C3AD0D destroyed at Wed Mar 13 18:43:46 KST 2024 10
##########Session ID 29C74BE5A155AA22C91A75617374E6D2 created at Wed Mar 13 18:43:53 KST 2024 Session Counts: 11
ERROR 18:43:53.794 [http-bio-12443-exec-8] sems.cm.ctrl.HttpSessionCheckingListener[sessionCreated:24] - ##########Session ID 29C74BE5A155AA22C91A75617374E6D2 created at Wed Mar 13 18:43:53 KST 2024 11
##########Session ID 5D0C537DC8C469E0B3BB7DADA9B411B8 destroyed at Wed Mar 13 18:45:46 KST 2024 Session Counts:  10
ERROR 18:45:46.518 [ContainerBackgroundProcessor[StandardEngine[Catalina]]] sems.cm.ctrl.HttpSessionCheckingListener[sessionDestroyed:31] - ##########Session ID 5D0C537DC8C469E0B3BB7DADA9B411B8 destroyed at Wed Mar 13 18:45:46 KST 2024 10
##########Session ID AA8B381A009E08C4E903FF3685C33723 destroyed at Wed Mar 13 18:45:46 KST 2024 Session Counts:  9
ERROR 18:45:46.519 [ContainerBackgroundProcessor[StandardEngine[Catalina]]] sems.cm.ctrl.HttpSessionCheckingListener[sessionDestroyed:31] - ##########Session ID AA8B381A009E08C4E903FF3685C33723 destroyed at Wed Mar 13 18:45:46 KST 2024 9
##########Session ID 5AD94EC1FDD6C4F00DEB3167D7E76605 destroyed at Wed Mar 13 18:46:46 KST 2024 Session Counts:  9
ERROR 18:46:46.559 [ContainerBackgroundProcessor[StandardEngine[Catalina]]] sems.cm.ctrl.HttpSessionCheckingListener[sessionDestroyed:31] - ##########Session ID 5AD94EC1FDD6C4F00DEB3167D7E76605 destroyed at Wed Mar 13 18:46:46 KST 2024 9
##########Session ID 48ACAB146240EC8DD68F02A8C2F48609 created at Wed Mar 13 18:48:33 KST 2024 Session Counts: 12
ERROR 18:48:33.852 [http-bio-12443-exec-10] sems.cm.ctrl.HttpSessionCheckingListener[sessionCreated:24] - ##########Session ID 48ACAB146240EC8DD68F02A8C2F48609 created at Wed Mar 13 18:48:33 KST 2024 12
##########Session ID 82CF8DA1BEDBEF1564CB3C82294AF0E8 destroyed at Wed Mar 13 18:49:46 KST 2024 Session Counts:  11
ERROR 18:49:46.680 [ContainerBackgroundProcessor[StandardEngine[Catalina]]] sems.cm.ctrl.HttpSessionCheckingListener[sessionDestroyed:31] - ##########Session ID 82CF8DA1BEDBEF1564CB3C82294AF0E8 destroyed at Wed Mar 13 18:49:46 KST 2024 11
##########Session ID E9339F5B8895768301012C9401DF87EB destroyed at Wed Mar 13 18:49:46 KST 2024 Session Counts:  10
ERROR 18:49:46.680 [ContainerBackgroundProcessor[StandardEngine[Catalina]]] sems.cm.ctrl.HttpSessionCheckingListener[sessionDestroyed:31] - ##########Session ID E9339F5B8895768301012C9401DF87EB destroyed at Wed Mar 13 18:49:46 KST 2024 10
##########Session ID CBA4C137F325E76A6F449E5E9A5C8213 destroyed at Wed Mar 13 18:49:46 KST 2024 Session Counts:  9
ERROR 18:49:46.680 [ContainerBackgroundProcessor[StandardEngine[Catalina]]] sems.cm.ctrl.HttpSessionCheckingListener[sessionDestroyed:31] - ##########Session ID CBA4C137F325E76A6F449E5E9A5C8213 destroyed at Wed Mar 13 18:49:46 KST 2024 9
##########Session ID 912011B9C88ABEBB8619E48DC39A11B0 destroyed at Wed Mar 13 18:50:46 KST 2024 Session Counts:  8
ERROR 18:50:46.723 [ContainerBackgroundProcessor[StandardEngine[Catalina]]] sems.cm.ctrl.HttpSessionCheckingListener[sessionDestroyed:31] - ##########Session ID 912011B9C88ABEBB8619E48DC39A11B0 destroyed at Wed Mar 13 18:50:46 KST 2024 8
##########Session ID 5DE93091449495C22BA25BBDA7E20A59 destroyed at Wed Mar 13 18:50:46 KST 2024 Session Counts:  7
ERROR 18:50:46.723 [ContainerBackgroundProcessor[StandardEngine[Catalina]]] sems.cm.ctrl.HttpSessionCheckingListener[sessionDestroyed:31] - ##########Session ID 5DE93091449495C22BA25BBDA7E20A59 destroyed at Wed Mar 13 18:50:46 KST 2024 7
##########Session ID FE568D9E3DFE95C30D94AFFE4BA97A18 destroyed at Wed Mar 13 18:54:46 KST 2024 Session Counts:  11
ERROR 18:54:46.881 [ContainerBackgroundProcessor[StandardEngine[Catalina]]] sems.cm.ctrl.HttpSessionCheckingListener[sessionDestroyed:31] - ##########Session ID FE568D9E3DFE95C30D94AFFE4BA97A18 destroyed at Wed Mar 13 18:54:46 KST 2024 11
##########Session ID 6C1C2920F903C17A9B400FDFE12D763C destroyed at Wed Mar 13 18:55:46 KST 2024 Session Counts:  11
ERROR 18:55:46.924 [ContainerBackgroundProcessor[StandardEngine[Catalina]]] sems.cm.ctrl.HttpSessionCheckingListener[sessionDestroyed:31] - ##########Session ID 6C1C2920F903C17A9B400FDFE12D763C destroyed at Wed Mar 13 18:55:46 KST 2024 11
##########Session ID 9B8D08AC36ED0C3CF9C9DBB30837B2D2 destroyed at Wed Mar 13 18:55:46 KST 2024 Session Counts:  10
ERROR 18:55:46.924 [ContainerBackgroundProcessor[StandardEngine[Catalina]]] sems.cm.ctrl.HttpSessionCheckingListener[sessionDestroyed:31] - ##########Session ID 9B8D08AC36ED0C3CF9C9DBB30837B2D2 destroyed at Wed Mar 13 18:55:46 KST 2024 10
##########Session ID 76869464F0A914E5F351654279F13CE7 destroyed at Wed Mar 13 18:56:46 KST 2024 Session Counts:  12
ERROR 18:56:46.964 [ContainerBackgroundProcessor[StandardEngine[Catalina]]] sems.cm.ctrl.HttpSessionCheckingListener[sessionDestroyed:31] - ##########Session ID 76869464F0A914E5F351654279F13CE7 destroyed at Wed Mar 13 18:56:46 KST 2024 12
##########Session ID B2417D69987270AC390D54AE982383CE destroyed at Wed Mar 13 18:57:47 KST 2024 Session Counts:  14
ERROR 18:57:47.002 [ContainerBackgroundProcessor[StandardEngine[Catalina]]] sems.cm.ctrl.HttpSessionCheckingListener[sessionDestroyed:31] - ##########Session ID B2417D69987270AC390D54AE982383CE destroyed at Wed Mar 13 18:57:47 KST 2024 14
##########Session ID 40688F216F300DA2302D0D25CA3D79DA destroyed at Wed Mar 13 20:38:50 KST 2024 Session Counts:  59
ERROR 20:38:50.714 [ContainerBackgroundProcessor[StandardEngine[Catalina]]] sems.cm.ctrl.HttpSessionCheckingListener[sessionDestroyed:31] - ##########Session ID 40688F216F300DA2302D0D25CA3D79DA destroyed at Wed Mar 13 20:38:50 KST 2024 59
##########Session ID 4A1F371CAB2749695581EECA9127DEF1 destroyed at Wed Mar 13 20:39:50 KST 2024 Session Counts:  58
ERROR 20:39:50.748 [ContainerBackgroundProcessor[StandardEngine[Catalina]]] sems.cm.ctrl.HttpSessionCheckingListener[sessionDestroyed:31] - ##########Session ID 4A1F371CAB2749695581EECA9127DEF1 destroyed at Wed Mar 13 20:39:50 KST 2024 58
##########Session ID 2D23561394AD066C2C21B69FA7A2ACA2 destroyed at Wed Mar 13 20:40:50 KST 2024 Session Counts:  57
ERROR 20:40:50.786 [ContainerBackgroundProcessor[StandardEngine[Catalina]]] sems.cm.ctrl.HttpSessionCheckingListener[sessionDestroyed:31] - ##########Session ID 2D23561394AD066C2C21B69FA7A2ACA2 destroyed at Wed Mar 13 20:40:50 KST 2024 57
##########Session ID FAEC07492DF09447FE39274CE56EC216 destroyed at Wed Mar 13 20:41:50 KST 2024 Session Counts:  56
ERROR 20:41:50.822 [ContainerBackgroundProcessor[StandardEngine[Catalina]]] sems.cm.ctrl.HttpSessionCheckingListener[sessionDestroyed:31] - ##########Session ID FAEC07492DF09447FE39274CE56EC216 destroyed at Wed Mar 13 20:41:50 KST 2024 56
##########Session ID 8D84998CBB5D4AF9298AA095109D156D destroyed at Wed Mar 13 20:41:50 KST 2024 Session Counts:  55
ERROR 20:41:50.823 [ContainerBackgroundProcessor[StandardEngine[Catalina]]] sems.cm.ctrl.HttpSessionCheckingListener[sessionDestroyed:31] - ##########Session ID 8D84998CBB5D4AF9298AA095109D156D destroyed at Wed Mar 13 20:41:50 KST 2024 55
##########Session ID 58284B1F47F498A32F3ADF7255596338 destroyed at Wed Mar 13 20:48:51 KST 2024 Session Counts:  54
ERROR 20:48:51.073 [ContainerBackgroundProcessor[StandardEngine[Catalina]]] sems.cm.ctrl.HttpSessionCheckingListener[sessionDestroyed:31] - ##########Session ID 58284B1F47F498A32F3ADF7255596338 destroyed at Wed Mar 13 20:48:51 KST 2024 54
##########Session ID 45862BACC9E9B9388A3510115DBE2B53 destroyed at Wed Mar 13 20:50:51 KST 2024 Session Counts:  53
ERROR 20:50:51.146 [ContainerBackgroundProcessor[StandardEngine[Catalina]]] sems.cm.ctrl.HttpSessionCheckingListener[sessionDestroyed:31] - ##########Session ID 45862BACC9E9B9388A3510115DBE2B53 destroyed at Wed Mar 13 20:50:51 KST 2024 53
##########Session ID F8057CA0DAECDB4C603608EBDC993472 destroyed at Wed Mar 13 20:51:51 KST 2024 Session Counts:  52
ERROR 20:51:51.181 [ContainerBackgroundProcessor[StandardEngine[Catalina]]] sems.cm.ctrl.HttpSessionCheckingListener[sessionDestroyed:31] - ##########Session ID F8057CA0DAECDB4C603608EBDC993472 destroyed at Wed Mar 13 20:51:51 KST 2024 52
##########Session ID 7C48F535986138BFF3D3F9F33F1E8622 destroyed at Wed Mar 13 20:53:51 KST 2024 Session Counts:  51
ERROR 20:53:51.255 [ContainerBackgroundProcessor[StandardEngine[Catalina]]] sems.cm.ctrl.HttpSessionCheckingListener[sessionDestroyed:31] - ##########Session ID 7C48F535986138BFF3D3F9F33F1E8622 destroyed at Wed Mar 13 20:53:51 KST 2024 51
##########Session ID 0752EA98A211922CECC045CD03AC9CAF destroyed at Wed Mar 13 20:54:51 KST 2024 Session Counts:  50
ERROR 20:54:51.295 [ContainerBackgroundProcessor[StandardEngine[Catalina]]] sems.cm.ctrl.HttpSessionCheckingListener[sessionDestroyed:31] - ##########Session ID 0752EA98A211922CECC045CD03AC9CAF destroyed at Wed Mar 13 20:54:51 KST 2024 50
##########Session ID CBCB32E145B39169C31A954D1684AE24 destroyed at Wed Mar 13 20:54:51 KST 2024 Session Counts:  49
ERROR 20:54:51.296 [ContainerBackgroundProcessor[StandardEngine[Catalina]]] sems.cm.ctrl.HttpSessionCheckingListener[sessionDestroyed:31] - ##########Session ID CBCB32E145B39169C31A954D1684AE24 destroyed at Wed Mar 13 20:54:51 KST 2024 49
##########Session ID B845839A676D282C5CFDCD62E1DBB6EE destroyed at Wed Mar 13 20:54:51 KST 2024 Session Counts:  48
ERROR 20:54:51.296 [ContainerBackgroundProcessor[StandardEngine[Catalina]]] sems.cm.ctrl.HttpSessionCheckingListener[sessionDestroyed:31] - ##########Session ID B845839A676D282C5CFDCD62E1DBB6EE destroyed at Wed Mar 13 20:54:51 KST 2024 48
##########Session ID 01889AD24E5E84460F4ADB67426F09B6 destroyed at Wed Mar 13 20:55:51 KST 2024 Session Counts:  47
ERROR 20:55:51.335 [ContainerBackgroundProcessor[StandardEngine[Catalina]]] sems.cm.ctrl.HttpSessionCheckingListener[sessionDestroyed:31] - ##########Session ID 01889AD24E5E84460F4ADB67426F09B6 destroyed at Wed Mar 13 20:55:51 KST 2024 47
##########Session ID E82F554C7F87106C16DB3EDC64A555E5 destroyed at Wed Mar 13 20:56:51 KST 2024 Session Counts:  46
ERROR 20:56:51.374 [ContainerBackgroundProcessor[StandardEngine[Catalina]]] sems.cm.ctrl.HttpSessionCheckingListener[sessionDestroyed:31] - ##########Session ID E82F554C7F87106C16DB3EDC64A555E5 destroyed at Wed Mar 13 20:56:51 KST 2024 46
##########Session ID 9E2A5439782EA3DB17D48477AF6F012D destroyed at Wed Mar 13 20:56:51 KST 2024 Session Counts:  45
ERROR 20:56:51.374 [ContainerBackgroundProcessor[StandardEngine[Catalina]]] sems.cm.ctrl.HttpSessionCheckingListener[sessionDestroyed:31] - ##########Session ID 9E2A5439782EA3DB17D48477AF6F012D destroyed at Wed Mar 13 20:56:51 KST 2024 45
##########Session ID 4E2B8F3DFEB562DB5E00346A2ACD3CB6 destroyed at Wed Mar 13 20:59:51 KST 2024 Session Counts:  44
ERROR 20:59:51.489 [ContainerBackgroundProcessor[StandardEngine[Catalina]]] sems.cm.ctrl.HttpSessionCheckingListener[sessionDestroyed:31] - ##########Session ID 4E2B8F3DFEB562DB5E00346A2ACD3CB6 destroyed at Wed Mar 13 20:59:51 KST 2024 44
##########Session ID 9F5870B04DBF75B8E364D4EA2A947B99 destroyed at Wed Mar 13 21:05:51 KST 2024 Session Counts:  43
ERROR 21:05:51.714 [ContainerBackgroundProcessor[StandardEngine[Catalina]]] sems.cm.ctrl.HttpSessionCheckingListener[sessionDestroyed:31] - ##########Session ID 9F5870B04DBF75B8E364D4EA2A947B99 destroyed at Wed Mar 13 21:05:51 KST 2024 43
##########Session ID C8D1DE4DFBF200A08E952FEFC5D97C88 destroyed at Wed Mar 13 21:06:51 KST 2024 Session Counts:  42
ERROR 21:06:51.751 [ContainerBackgroundProcessor[StandardEngine[Catalina]]] sems.cm.ctrl.HttpSessionCheckingListener[sessionDestroyed:31] - ##########Session ID C8D1DE4DFBF200A08E952FEFC5D97C88 destroyed at Wed Mar 13 21:06:51 KST 2024 42
##########Session ID 48D63B1287F9EF1C5B3144F6C47742B1 destroyed at Wed Mar 13 21:09:51 KST 2024 Session Counts:  41
ERROR 21:09:51.861 [ContainerBackgroundProcessor[StandardEngine[Catalina]]] sems.cm.ctrl.HttpSessionCheckingListener[sessionDestroyed:31] - ##########Session ID 48D63B1287F9EF1C5B3144F6C47742B1 destroyed at Wed Mar 13 21:09:51 KST 2024 41
##########Session ID F54472B1135EC253D886285E6BC1A11A destroyed at Wed Mar 13 21:10:51 KST 2024 Session Counts:  40
ERROR 21:10:51.897 [ContainerBackgroundProcessor[StandardEngine[Catalina]]] sems.cm.ctrl.HttpSessionCheckingListener[sessionDestroyed:31] - ##########Session ID F54472B1135EC253D886285E6BC1A11A destroyed at Wed Mar 13 21:10:51 KST 2024 40
##########Session ID 9AFD2DC395B81D3C8CAA85CBD0EBDD15 destroyed at Wed Mar 13 21:10:51 KST 2024 Session Counts:  39
ERROR 21:10:51.898 [ContainerBackgroundProcessor[StandardEngine[Catalina]]] sems.cm.ctrl.HttpSessionCheckingListener[sessionDestroyed:31] - ##########Session ID 9AFD2DC395B81D3C8CAA85CBD0EBDD15 destroyed at Wed Mar 13 21:10:51 KST 2024 39
##########Session ID F83EEC5780AB86F851CC39189697985B destroyed at Wed Mar 13 21:10:51 KST 2024 Session Counts:  38
ERROR 21:10:51.898 [ContainerBackgroundProcessor[StandardEngine[Catalina]]] sems.cm.ctrl.HttpSessionCheckingListener[sessionDestroyed:31] - ##########Session ID F83EEC5780AB86F851CC39189697985B destroyed at Wed Mar 13 21:10:51 KST 2024 38
##########Session ID EC0D3316EEBF0B054204DC1222F34D45 destroyed at Wed Mar 13 21:10:51 KST 2024 Session Counts:  37
ERROR 21:10:51.898 [ContainerBackgroundProcessor[StandardEngine[Catalina]]] sems.cm.ctrl.HttpSessionCheckingListener[sessionDestroyed:31] - ##########Session ID EC0D3316EEBF0B054204DC1222F34D45 destroyed at Wed Mar 13 21:10:51 KST 2024 37
##########Session ID 651A0111DA2D16E9574A792793D99519 destroyed at Wed Mar 13 21:12:51 KST 2024 Session Counts:  36
ERROR 21:12:51.972 [ContainerBackgroundProcessor[StandardEngine[Catalina]]] sems.cm.ctrl.HttpSessionCheckingListener[sessionDestroyed:31] - ##########Session ID 651A0111DA2D16E9574A792793D99519 destroyed at Wed Mar 13 21:12:51 KST 2024 36
##########Session ID FE3258B44BF079B1C586FAB9740581FC destroyed at Wed Mar 13 21:14:52 KST 2024 Session Counts:  35
ERROR 21:14:52.045 [ContainerBackgroundProcessor[StandardEngine[Catalina]]] sems.cm.ctrl.HttpSessionCheckingListener[sessionDestroyed:31] - ##########Session ID FE3258B44BF079B1C586FAB9740581FC destroyed at Wed Mar 13 21:14:52 KST 2024 35
##########Session ID BA7F3CC0A98011438DAED3B1D45A63CD destroyed at Wed Mar 13 21:20:52 KST 2024 Session Counts:  34
ERROR 21:20:52.266 [ContainerBackgroundProcessor[StandardEngine[Catalina]]] sems.cm.ctrl.HttpSessionCheckingListener[sessionDestroyed:31] - ##########Session ID BA7F3CC0A98011438DAED3B1D45A63CD destroyed at Wed Mar 13 21:20:52 KST 2024 34
##########Session ID A5FB72D3BFC099EA16BE7D7BAD989442 destroyed at Wed Mar 13 21:23:52 KST 2024 Session Counts:  33
ERROR 21:23:52.381 [ContainerBackgroundProcessor[StandardEngine[Catalina]]] sems.cm.ctrl.HttpSessionCheckingListener[sessionDestroyed:31] - ##########Session ID A5FB72D3BFC099EA16BE7D7BAD989442 destroyed at Wed Mar 13 21:23:52 KST 2024 33
##########Session ID 18FA7A850F265974E1C437A0A1611EA9 destroyed at Wed Mar 13 21:31:52 KST 2024 Session Counts:  32
ERROR 21:31:52.667 [ContainerBackgroundProcessor[StandardEngine[Catalina]]] sems.cm.ctrl.HttpSessionCheckingListener[sessionDestroyed:31] - ##########Session ID 18FA7A850F265974E1C437A0A1611EA9 destroyed at Wed Mar 13 21:31:52 KST 2024 32
##########Session ID 5CB2BC71865EB448403C186BD0F9608D destroyed at Wed Mar 13 21:31:52 KST 2024 Session Counts:  31
ERROR 21:31:52.667 [ContainerBackgroundProcessor[StandardEngine[Catalina]]] sems.cm.ctrl.HttpSessionCheckingListener[sessionDestroyed:31] - ##########Session ID 5CB2BC71865EB448403C186BD0F9608D destroyed at Wed Mar 13 21:31:52 KST 2024 31
##########Session ID 45C19247F57D00516450BDA3C44A8992 destroyed at Wed Mar 13 21:31:52 KST 2024 Session Counts:  30
ERROR 21:31:52.667 [ContainerBackgroundProcessor[StandardEngine[Catalina]]] sems.cm.ctrl.HttpSessionCheckingListener[sessionDestroyed:31] - ##########Session ID 45C19247F57D00516450BDA3C44A8992 destroyed at Wed Mar 13 21:31:52 KST 2024 30
##########Session ID B080EA1B17AA51EB39004143E9C0333F destroyed at Wed Mar 13 21:32:52 KST 2024 Session Counts:  29
ERROR 21:32:52.703 [ContainerBackgroundProcessor[StandardEngine[Catalina]]] sems.cm.ctrl.HttpSessionCheckingListener[sessionDestroyed:31] - ##########Session ID B080EA1B17AA51EB39004143E9C0333F destroyed at Wed Mar 13 21:32:52 KST 2024 29
##########Session ID 33FEA8AC9D009A2BF75142755919CBCB destroyed at Wed Mar 13 21:32:52 KST 2024 Session Counts:  28
ERROR 21:32:52.704 [ContainerBackgroundProcessor[StandardEngine[Catalina]]] sems.cm.ctrl.HttpSessionCheckingListener[sessionDestroyed:31] - ##########Session ID 33FEA8AC9D009A2BF75142755919CBCB destroyed at Wed Mar 13 21:32:52 KST 2024 28
##########Session ID D35A897803F925D6F34476DA751771BA destroyed at Wed Mar 13 21:32:52 KST 2024 Session Counts:  27
ERROR 21:32:52.704 [ContainerBackgroundProcessor[StandardEngine[Catalina]]] sems.cm.ctrl.HttpSessionCheckingListener[sessionDestroyed:31] - ##########Session ID D35A897803F925D6F34476DA751771BA destroyed at Wed Mar 13 21:32:52 KST 2024 27
##########Session ID 97B6847FC360C19806CBB9AB1B57E4CB destroyed at Wed Mar 13 21:32:52 KST 2024 Session Counts:  26
ERROR 21:32:52.704 [ContainerBackgroundProcessor[StandardEngine[Catalina]]] sems.cm.ctrl.HttpSessionCheckingListener[sessionDestroyed:31] - ##########Session ID 97B6847FC360C19806CBB9AB1B57E4CB destroyed at Wed Mar 13 21:32:52 KST 2024 26
##########Session ID D58DD988E3AD0C258511E1843814D2C7 destroyed at Wed Mar 13 21:34:52 KST 2024 Session Counts:  25
ERROR 21:34:52.776 [ContainerBackgroundProcessor[StandardEngine[Catalina]]] sems.cm.ctrl.HttpSessionCheckingListener[sessionDestroyed:31] - ##########Session ID D58DD988E3AD0C258511E1843814D2C7 destroyed at Wed Mar 13 21:34:52 KST 2024 25
##########Session ID 79DDF72BB8E67B68DEBFDEE61BFDCBDC destroyed at Wed Mar 13 21:34:52 KST 2024 Session Counts:  24
ERROR 21:34:52.777 [ContainerBackgroundProcessor[StandardEngine[Catalina]]] sems.cm.ctrl.HttpSessionCheckingListener[sessionDestroyed:31] - ##########Session ID 79DDF72BB8E67B68DEBFDEE61BFDCBDC destroyed at Wed Mar 13 21:34:52 KST 2024 24
##########Session ID 075188FA7477BE4BB8E5985600ECBB70 destroyed at Wed Mar 13 21:34:52 KST 2024 Session Counts:  23
ERROR 21:34:52.777 [ContainerBackgroundProcessor[StandardEngine[Catalina]]] sems.cm.ctrl.HttpSessionCheckingListener[sessionDestroyed:31] - ##########Session ID 075188FA7477BE4BB8E5985600ECBB70 destroyed at Wed Mar 13 21:34:52 KST 2024 23
##########Session ID 56110D57EA4D2A2335A2702DB0B18909 destroyed at Wed Mar 13 21:35:52 KST 2024 Session Counts:  22
ERROR 21:35:52.811 [ContainerBackgroundProcessor[StandardEngine[Catalina]]] sems.cm.ctrl.HttpSessionCheckingListener[sessionDestroyed:31] - ##########Session ID 56110D57EA4D2A2335A2702DB0B18909 destroyed at Wed Mar 13 21:35:52 KST 2024 22
##########Session ID 6272AFFE53C8828B93BDD73FBF1BC98C destroyed at Wed Mar 13 21:35:52 KST 2024 Session Counts:  21
ERROR 21:35:52.812 [ContainerBackgroundProcessor[StandardEngine[Catalina]]] sems.cm.ctrl.HttpSessionCheckingListener[sessionDestroyed:31] - ##########Session ID 6272AFFE53C8828B93BDD73FBF1BC98C destroyed at Wed Mar 13 21:35:52 KST 2024 21
##########Session ID E0F7D1E7FC4DC4FD54B1EA484DF39F58 destroyed at Wed Mar 13 21:35:52 KST 2024 Session Counts:  20
ERROR 21:35:52.812 [ContainerBackgroundProcessor[StandardEngine[Catalina]]] sems.cm.ctrl.HttpSessionCheckingListener[sessionDestroyed:31] - ##########Session ID E0F7D1E7FC4DC4FD54B1EA484DF39F58 destroyed at Wed Mar 13 21:35:52 KST 2024 20
##########Session ID BFEF3CE6B3B2FA7F2B590918734B69DB destroyed at Wed Mar 13 21:35:52 KST 2024 Session Counts:  19
ERROR 21:35:52.812 [ContainerBackgroundProcessor[StandardEngine[Catalina]]] sems.cm.ctrl.HttpSessionCheckingListener[sessionDestroyed:31] - ##########Session ID BFEF3CE6B3B2FA7F2B590918734B69DB destroyed at Wed Mar 13 21:35:52 KST 2024 19
##########Session ID 9C74C3C321412E7131AE933B53880898 destroyed at Wed Mar 13 21:37:52 KST 2024 Session Counts:  18
ERROR 21:37:52.883 [ContainerBackgroundProcessor[StandardEngine[Catalina]]] sems.cm.ctrl.HttpSessionCheckingListener[sessionDestroyed:31] - ##########Session ID 9C74C3C321412E7131AE933B53880898 destroyed at Wed Mar 13 21:37:52 KST 2024 18
##########Session ID C4DC319101CE63531F262339570F63E0 destroyed at Wed Mar 13 21:37:52 KST 2024 Session Counts:  17
ERROR 21:37:52.884 [ContainerBackgroundProcessor[StandardEngine[Catalina]]] sems.cm.ctrl.HttpSessionCheckingListener[sessionDestroyed:31] - ##########Session ID C4DC319101CE63531F262339570F63E0 destroyed at Wed Mar 13 21:37:52 KST 2024 17
##########Session ID 5A1F4BE3BE196AF89F6E95DE42D79D60 destroyed at Wed Mar 13 21:37:52 KST 2024 Session Counts:  16
ERROR 21:37:52.884 [ContainerBackgroundProcessor[StandardEngine[Catalina]]] sems.cm.ctrl.HttpSessionCheckingListener[sessionDestroyed:31] - ##########Session ID 5A1F4BE3BE196AF89F6E95DE42D79D60 destroyed at Wed Mar 13 21:37:52 KST 2024 16
##########Session ID 7B40B5BCD86A686D9C239CD1B0398B8F destroyed at Wed Mar 13 21:37:52 KST 2024 Session Counts:  15
ERROR 21:37:52.884 [ContainerBackgroundProcessor[StandardEngine[Catalina]]] sems.cm.ctrl.HttpSessionCheckingListener[sessionDestroyed:31] - ##########Session ID 7B40B5BCD86A686D9C239CD1B0398B8F destroyed at Wed Mar 13 21:37:52 KST 2024 15
##########Session ID 963FD32ED4B6F41B529DCF2A61C58F65 destroyed at Wed Mar 13 21:38:52 KST 2024 Session Counts:  14
ERROR 21:38:52.920 [ContainerBackgroundProcessor[StandardEngine[Catalina]]] sems.cm.ctrl.HttpSessionCheckingListener[sessionDestroyed:31] - ##########Session ID 963FD32ED4B6F41B529DCF2A61C58F65 destroyed at Wed Mar 13 21:38:52 KST 2024 14
##########Session ID 38AA4DF79434E6ACDFE2788FF9148BF8 destroyed at Wed Mar 13 21:38:52 KST 2024 Session Counts:  13
ERROR 21:38:52.921 [ContainerBackgroundProcessor[StandardEngine[Catalina]]] sems.cm.ctrl.HttpSessionCheckingListener[sessionDestroyed:31] - ##########Session ID 38AA4DF79434E6ACDFE2788FF9148BF8 destroyed at Wed Mar 13 21:38:52 KST 2024 13
##########Session ID 66A5B3A8B27D093CAACFBD40BB34ADA0 destroyed at Wed Mar 13 21:38:52 KST 2024 Session Counts:  12
ERROR 21:38:52.921 [ContainerBackgroundProcessor[StandardEngine[Catalina]]] sems.cm.ctrl.HttpSessionCheckingListener[sessionDestroyed:31] - ##########Session ID 66A5B3A8B27D093CAACFBD40BB34ADA0 destroyed at Wed Mar 13 21:38:52 KST 2024 12
##########Session ID 54C6D52A6CC6CCB4C48E4875B13804BF destroyed at Wed Mar 13 21:41:53 KST 2024 Session Counts:  11
ERROR 21:41:53.031 [ContainerBackgroundProcessor[StandardEngine[Catalina]]] sems.cm.ctrl.HttpSessionCheckingListener[sessionDestroyed:31] - ##########Session ID 54C6D52A6CC6CCB4C48E4875B13804BF destroyed at Wed Mar 13 21:41:53 KST 2024 11
##########Session ID 0C384C06EC6814AE8CF7B10D462908D8 destroyed at Wed Mar 13 21:41:53 KST 2024 Session Counts:  10
ERROR 21:41:53.032 [ContainerBackgroundProcessor[StandardEngine[Catalina]]] sems.cm.ctrl.HttpSessionCheckingListener[sessionDestroyed:31] - ##########Session ID 0C384C06EC6814AE8CF7B10D462908D8 destroyed at Wed Mar 13 21:41:53 KST 2024 10
##########Session ID 7704DAA01148639737AEE744E24FCDFE destroyed at Wed Mar 13 21:42:53 KST 2024 Session Counts:  9
ERROR 21:42:53.067 [ContainerBackgroundProcessor[StandardEngine[Catalina]]] sems.cm.ctrl.HttpSessionCheckingListener[sessionDestroyed:31] - ##########Session ID 7704DAA01148639737AEE744E24FCDFE destroyed at Wed Mar 13 21:42:53 KST 2024 9
##########Session ID 29C74BE5A155AA22C91A75617374E6D2 destroyed at Wed Mar 13 21:44:53 KST 2024 Session Counts:  8
ERROR 21:44:53.137 [ContainerBackgroundProcessor[StandardEngine[Catalina]]] sems.cm.ctrl.HttpSessionCheckingListener[sessionDestroyed:31] - ##########Session ID 29C74BE5A155AA22C91A75617374E6D2 destroyed at Wed Mar 13 21:44:53 KST 2024 8
##########Session ID 921A23DDE7B759C28EFDC4D36482C80A destroyed at Wed Mar 13 21:45:53 KST 2024 Session Counts:  7
ERROR 21:45:53.175 [ContainerBackgroundProcessor[StandardEngine[Catalina]]] sems.cm.ctrl.HttpSessionCheckingListener[sessionDestroyed:31] - ##########Session ID 921A23DDE7B759C28EFDC4D36482C80A destroyed at Wed Mar 13 21:45:53 KST 2024 7
##########Session ID 898EF515EAE3DBCE31EB65CBAC159394 destroyed at Wed Mar 13 21:47:53 KST 2024 Session Counts:  6
ERROR 21:47:53.250 [ContainerBackgroundProcessor[StandardEngine[Catalina]]] sems.cm.ctrl.HttpSessionCheckingListener[sessionDestroyed:31] - ##########Session ID 898EF515EAE3DBCE31EB65CBAC159394 destroyed at Wed Mar 13 21:47:53 KST 2024 6
##########Session ID 48ACAB146240EC8DD68F02A8C2F48609 destroyed at Wed Mar 13 21:48:53 KST 2024 Session Counts:  5
ERROR 21:48:53.287 [ContainerBackgroundProcessor[StandardEngine[Catalina]]] sems.cm.ctrl.HttpSessionCheckingListener[sessionDestroyed:31] - ##########Session ID 48ACAB146240EC8DD68F02A8C2F48609 destroyed at Wed Mar 13 21:48:53 KST 2024 5
##########Session ID F87244B9164D87EB535D6589FE6131CC destroyed at Wed Mar 13 21:48:53 KST 2024 Session Counts:  4
ERROR 21:48:53.287 [ContainerBackgroundProcessor[StandardEngine[Catalina]]] sems.cm.ctrl.HttpSessionCheckingListener[sessionDestroyed:31] - ##########Session ID F87244B9164D87EB535D6589FE6131CC destroyed at Wed Mar 13 21:48:53 KST 2024 4
##########Session ID AA42C18EE87C6F48ED8058DD5E426216 destroyed at Wed Mar 13 21:51:53 KST 2024 Session Counts:  3
ERROR 21:51:53.395 [ContainerBackgroundProcessor[StandardEngine[Catalina]]] sems.cm.ctrl.HttpSessionCheckingListener[sessionDestroyed:31] - ##########Session ID AA42C18EE87C6F48ED8058DD5E426216 destroyed at Wed Mar 13 21:51:53 KST 2024 3
##########Session ID FDC3269A973CE6D5F28499448702E09D destroyed at Wed Mar 13 21:51:53 KST 2024 Session Counts:  2
ERROR 21:51:53.396 [ContainerBackgroundProcessor[StandardEngine[Catalina]]] sems.cm.ctrl.HttpSessionCheckingListener[sessionDestroyed:31] - ##########Session ID FDC3269A973CE6D5F28499448702E09D destroyed at Wed Mar 13 21:51:53 KST 2024 2
##########Session ID E528937F7BAB9C730FB0C677C4916696 destroyed at Wed Mar 13 21:51:53 KST 2024 Session Counts:  1
ERROR 21:51:53.396 [ContainerBackgroundProcessor[StandardEngine[Catalina]]] sems.cm.ctrl.HttpSessionCheckingListener[sessionDestroyed:31] - ##########Session ID E528937F7BAB9C730FB0C677C4916696 destroyed at Wed Mar 13 21:51:53 KST 2024 1
##########Session ID 503B8310329A954C2CD28724819ED4ED destroyed at Wed Mar 13 21:51:53 KST 2024 Session Counts:  0
ERROR 21:51:53.396 [ContainerBackgroundProcessor[StandardEngine[Catalina]]] sems.cm.ctrl.HttpSessionCheckingListener[sessionDestroyed:31] - ##########Session ID 503B8310329A954C2CD28724819ED4ED destroyed at Wed Mar 13 21:51:53 KST 2024 0
##########Session ID C72E4A104AC9A3C3B318C939DB5C697A destroyed at Wed Mar 13 21:54:53 KST 2024 Session Counts:  -1
ERROR 21:54:53.505 [ContainerBackgroundProcessor[StandardEngine[Catalina]]] sems.cm.ctrl.HttpSessionCheckingListener[sessionDestroyed:31] - ##########Session ID C72E4A104AC9A3C3B318C939DB5C697A destroyed at Wed Mar 13 21:54:53 KST 2024 -1
##########Session ID 8A3B831B4EE432FFF1C72AD45CE49389 destroyed at Wed Mar 13 21:54:53 KST 2024 Session Counts:  -2
ERROR 21:54:53.505 [ContainerBackgroundProcessor[StandardEngine[Catalina]]] sems.cm.ctrl.HttpSessionCheckingListener[sessionDestroyed:31] - ##########Session ID 8A3B831B4EE432FFF1C72AD45CE49389 destroyed at Wed Mar 13 21:54:53 KST 2024 -2
##########Session ID E9FD3532C53C509E76A7B7EDDBF7F1B6 destroyed at Wed Mar 13 21:56:53 KST 2024 Session Counts:  -3
ERROR 21:56:53.579 [ContainerBackgroundProcessor[StandardEngine[Catalina]]] sems.cm.ctrl.HttpSessionCheckingListener[sessionDestroyed:31] - ##########Session ID E9FD3532C53C509E76A7B7EDDBF7F1B6 destroyed at Wed Mar 13 21:56:53 KST 2024 -3
##########Session ID 3E5F5889072B2374A79A2BE15613C34C destroyed at Wed Mar 13 21:56:53 KST 2024 Session Counts:  -4
ERROR 21:56:53.579 [ContainerBackgroundProcessor[StandardEngine[Catalina]]] sems.cm.ctrl.HttpSessionCheckingListener[sessionDestroyed:31] - ##########Session ID 3E5F5889072B2374A79A2BE15613C34C destroyed at Wed Mar 13 21:56:53 KST 2024 -4
##########Session ID 9D7FF71BC613DF3A9F83A5D93F0D2F79 destroyed at Wed Mar 13 21:56:53 KST 2024 Session Counts:  -5
ERROR 21:56:53.580 [ContainerBackgroundProcessor[StandardEngine[Catalina]]] sems.cm.ctrl.HttpSessionCheckingListener[sessionDestroyed:31] - ##########Session ID 9D7FF71BC613DF3A9F83A5D93F0D2F79 destroyed at Wed Mar 13 21:56:53 KST 2024 -5
##########Session ID E9206719F2B2BA018269D20D8465B6EB destroyed at Wed Mar 13 21:56:53 KST 2024 Session Counts:  -6
ERROR 21:56:53.580 [ContainerBackgroundProcessor[StandardEngine[Catalina]]] sems.cm.ctrl.HttpSessionCheckingListener[sessionDestroyed:31] - ##########Session ID E9206719F2B2BA018269D20D8465B6EB destroyed at Wed Mar 13 21:56:53 KST 2024 -6
##########Session ID 401B074A3E46C03917A9D70F24852A47 destroyed at Wed Mar 13 21:57:53 KST 2024 Session Counts:  -7
ERROR 21:57:53.615 [ContainerBackgroundProcessor[StandardEngine[Catalina]]] sems.cm.ctrl.HttpSessionCheckingListener[sessionDestroyed:31] - ##########Session ID 401B074A3E46C03917A9D70F24852A47 destroyed at Wed Mar 13 21:57:53 KST 2024 -7
##########Session ID 757656655D9A0171E9C2049DE0C3AC13 destroyed at Wed Mar 13 21:57:53 KST 2024 Session Counts:  -8
ERROR 21:57:53.616 [ContainerBackgroundProcessor[StandardEngine[Catalina]]] sems.cm.ctrl.HttpSessionCheckingListener[sessionDestroyed:31] - ##########Session ID 757656655D9A0171E9C2049DE0C3AC13 destroyed at Wed Mar 13 21:57:53 KST 2024 -8
##########Session ID DC4442C4B43381EC8C41BB8065053108 destroyed at Wed Mar 13 21:57:53 KST 2024 Session Counts:  -9
ERROR 21:57:53.616 [ContainerBackgroundProcessor[StandardEngine[Catalina]]] sems.cm.ctrl.HttpSessionCheckingListener[sessionDestroyed:31] - ##########Session ID DC4442C4B43381EC8C41BB8065053108 destroyed at Wed Mar 13 21:57:53 KST 2024 -9
##########Session ID EBFCBC9689224DFD0FE0CDD974070668 destroyed at Wed Mar 13 21:59:53 KST 2024 Session Counts:  -10
ERROR 21:59:53.687 [ContainerBackgroundProcessor[StandardEngine[Catalina]]] sems.cm.ctrl.HttpSessionCheckingListener[sessionDestroyed:31] - ##########Session ID EBFCBC9689224DFD0FE0CDD974070668 destroyed at Wed Mar 13 21:59:53 KST 2024 -10
##########Session ID 7D1521797BE827343DDB7A12550C38F5 destroyed at Wed Mar 13 21:59:53 KST 2024 Session Counts:  -11
ERROR 21:59:53.688 [ContainerBackgroundProcessor[StandardEngine[Catalina]]] sems.cm.ctrl.HttpSessionCheckingListener[sessionDestroyed:31] - ##########Session ID 7D1521797BE827343DDB7A12550C38F5 destroyed at Wed Mar 13 21:59:53 KST 2024 -11
##########Session ID C7D67ECE83459CFCB4E647469211233B destroyed at Wed Mar 13 22:00:53 KST 2024 Session Counts:  -12
ERROR 22:00:53.724 [ContainerBackgroundProcessor[StandardEngine[Catalina]]] sems.cm.ctrl.HttpSessionCheckingListener[sessionDestroyed:31] - ##########Session ID C7D67ECE83459CFCB4E647469211233B destroyed at Wed Mar 13 22:00:53 KST 2024 -12
##########Session ID 46370AEDF88F3E17059BBFFA90F5D062 destroyed at Wed Mar 13 22:00:53 KST 2024 Session Counts:  -13
ERROR 22:00:53.725 [ContainerBackgroundProcessor[StandardEngine[Catalina]]] sems.cm.ctrl.HttpSessionCheckingListener[sessionDestroyed:31] - ##########Session ID 46370AEDF88F3E17059BBFFA90F5D062 destroyed at Wed Mar 13 22:00:53 KST 2024 -13
##########Session ID ACFD9DF0B239EFE274A50CA35812D6EE destroyed at Wed Mar 13 22:00:53 KST 2024 Session Counts:  -14
ERROR 22:00:53.725 [ContainerBackgroundProcessor[StandardEngine[Catalina]]] sems.cm.ctrl.HttpSessionCheckingListener[sessionDestroyed:31] - ##########Session ID ACFD9DF0B239EFE274A50CA35812D6EE destroyed at Wed Mar 13 22:00:53 KST 2024 -14
##########Session ID 2515E69C38AC89D3BAFF03F696AD8282 destroyed at Wed Mar 13 22:00:53 KST 2024 Session Counts:  -15
ERROR 22:00:53.725 [ContainerBackgroundProcessor[StandardEngine[Catalina]]] sems.cm.ctrl.HttpSessionCheckingListener[sessionDestroyed:31] - ##########Session ID 2515E69C38AC89D3BAFF03F696AD8282 destroyed at Wed Mar 13 22:00:53 KST 2024 -15
##########Session ID 3D5A82119932D0A56F938A68478C9914 destroyed at Wed Mar 13 22:00:53 KST 2024 Session Counts:  -16
ERROR 22:00:53.726 [ContainerBackgroundProcessor[StandardEngine[Catalina]]] sems.cm.ctrl.HttpSessionCheckingListener[sessionDestroyed:31] - ##########Session ID 3D5A82119932D0A56F938A68478C9914 destroyed at Wed Mar 13 22:00:53 KST 2024 -16
##########Session ID B41149D3F0CF60A0A5DA99DB5ED20378 destroyed at Wed Mar 13 22:01:53 KST 2024 Session Counts:  -17
ERROR 22:01:53.763 [ContainerBackgroundProcessor[StandardEngine[Catalina]]] sems.cm.ctrl.HttpSessionCheckingListener[sessionDestroyed:31] - ##########Session ID B41149D3F0CF60A0A5DA99DB5ED20378 destroyed at Wed Mar 13 22:01:53 KST 2024 -17
##########Session ID 8C2D29884D6D73AA7B57159883D86EF4 destroyed at Wed Mar 13 22:07:53 KST 2024 Session Counts:  -18
ERROR 22:07:53.979 [ContainerBackgroundProcessor[StandardEngine[Catalina]]] sems.cm.ctrl.HttpSessionCheckingListener[sessionDestroyed:31] - ##########Session ID 8C2D29884D6D73AA7B57159883D86EF4 destroyed at Wed Mar 13 22:07:53 KST 2024 -18
##########Session ID 5AB0C408B586DBF3BDC0D7B5F97B122F destroyed at Wed Mar 13 22:08:54 KST 2024 Session Counts:  -19
ERROR 22:08:54.015 [ContainerBackgroundProcessor[StandardEngine[Catalina]]] sems.cm.ctrl.HttpSessionCheckingListener[sessionDestroyed:31] - ##########Session ID 5AB0C408B586DBF3BDC0D7B5F97B122F destroyed at Wed Mar 13 22:08:54 KST 2024 -19
##########Session ID FE802256F57CAA55FEA66CB0D775B18C destroyed at Wed Mar 13 22:08:54 KST 2024 Session Counts:  -20
ERROR 22:08:54.016 [ContainerBackgroundProcessor[StandardEngine[Catalina]]] sems.cm.ctrl.HttpSessionCheckingListener[sessionDestroyed:31] - ##########Session ID FE802256F57CAA55FEA66CB0D775B18C destroyed at Wed Mar 13 22:08:54 KST 2024 -20
##########Session ID 3E5CD503B5669D30315CD0EEFCDD54C8 destroyed at Wed Mar 13 22:19:54 KST 2024 Session Counts:  -21
ERROR 22:19:54.404 [ContainerBackgroundProcessor[StandardEngine[Catalina]]] sems.cm.ctrl.HttpSessionCheckingListener[sessionDestroyed:31] - ##########Session ID 3E5CD503B5669D30315CD0EEFCDD54C8 destroyed at Wed Mar 13 22:19:54 KST 2024 -21
##########Session ID 449999166AB6B1DB2AFA643CC2FB555E destroyed at Wed Mar 13 22:25:54 KST 2024 Session Counts:  -22
ERROR 22:25:54.624 [ContainerBackgroundProcessor[StandardEngine[Catalina]]] sems.cm.ctrl.HttpSessionCheckingListener[sessionDestroyed:31] - ##########Session ID 449999166AB6B1DB2AFA643CC2FB555E destroyed at Wed Mar 13 22:25:54 KST 2024 -22
##########Session ID FC02915F8BF2E3673D5A44C8CD45653A destroyed at Wed Mar 13 22:26:54 KST 2024 Session Counts:  -23
ERROR 22:26:54.663 [ContainerBackgroundProcessor[StandardEngine[Catalina]]] sems.cm.ctrl.HttpSessionCheckingListener[sessionDestroyed:31] - ##########Session ID FC02915F8BF2E3673D5A44C8CD45653A destroyed at Wed Mar 13 22:26:54 KST 2024 -23
##########Session ID 5C4520E3738BF3F969F90E31745EC01B destroyed at Wed Mar 13 22:27:54 KST 2024 Session Counts:  -24
ERROR 22:27:54.700 [ContainerBackgroundProcessor[StandardEngine[Catalina]]] sems.cm.ctrl.HttpSessionCheckingListener[sessionDestroyed:31] - ##########Session ID 5C4520E3738BF3F969F90E31745EC01B destroyed at Wed Mar 13 22:27:54 KST 2024 -24
##########Session ID E460D54C676EF1DFD54401C9EE017312 destroyed at Wed Mar 13 22:28:54 KST 2024 Session Counts:  -25
ERROR 22:28:54.734 [ContainerBackgroundProcessor[StandardEngine[Catalina]]] sems.cm.ctrl.HttpSessionCheckingListener[sessionDestroyed:31] - ##########Session ID E460D54C676EF1DFD54401C9EE017312 destroyed at Wed Mar 13 22:28:54 KST 2024 -25
##########Session ID F4AEF7BB39FFC9BAABE8CC072A7D2E80 destroyed at Wed Mar 13 22:29:54 KST 2024 Session Counts:  -26
ERROR 22:29:54.769 [ContainerBackgroundProcessor[StandardEngine[Catalina]]] sems.cm.ctrl.HttpSessionCheckingListener[sessionDestroyed:31] - ##########Session ID F4AEF7BB39FFC9BAABE8CC072A7D2E80 destroyed at Wed Mar 13 22:29:54 KST 2024 -26
##########Session ID 457E62456E2C16737697BF6E27FD2B11 destroyed at Wed Mar 13 22:30:54 KST 2024 Session Counts:  -27
ERROR 22:30:54.805 [ContainerBackgroundProcessor[StandardEngine[Catalina]]] sems.cm.ctrl.HttpSessionCheckingListener[sessionDestroyed:31] - ##########Session ID 457E62456E2C16737697BF6E27FD2B11 destroyed at Wed Mar 13 22:30:54 KST 2024 -27
##########Session ID 02FAF2F71F2BECED12ABCE44C6AB51B1 destroyed at Wed Mar 13 22:30:54 KST 2024 Session Counts:  -28
ERROR 22:30:54.806 [ContainerBackgroundProcessor[StandardEngine[Catalina]]] sems.cm.ctrl.HttpSessionCheckingListener[sessionDestroyed:31] - ##########Session ID 02FAF2F71F2BECED12ABCE44C6AB51B1 destroyed at Wed Mar 13 22:30:54 KST 2024 -28
##########Session ID 41B755314BC1645062724D45C7995CCA destroyed at Wed Mar 13 22:31:54 KST 2024 Session Counts:  -29
ERROR 22:31:54.842 [ContainerBackgroundProcessor[StandardEngine[Catalina]]] sems.cm.ctrl.HttpSessionCheckingListener[sessionDestroyed:31] - ##########Session ID 41B755314BC1645062724D45C7995CCA destroyed at Wed Mar 13 22:31:54 KST 2024 -29
##########Session ID 4D615905F89FE1B61B32D13CFB9E7CD9 destroyed at Wed Mar 13 22:35:54 KST 2024 Session Counts:  -30
ERROR 22:35:54.986 [ContainerBackgroundProcessor[StandardEngine[Catalina]]] sems.cm.ctrl.HttpSessionCheckingListener[sessionDestroyed:31] - ##########Session ID 4D615905F89FE1B61B32D13CFB9E7CD9 destroyed at Wed Mar 13 22:35:54 KST 2024 -30
##########Session ID 113FA92B27B07E37346C8DFE09D91D70 destroyed at Wed Mar 13 22:36:55 KST 2024 Session Counts:  -31
ERROR 22:36:55.021 [ContainerBackgroundProcessor[StandardEngine[Catalina]]] sems.cm.ctrl.HttpSessionCheckingListener[sessionDestroyed:31] - ##########Session ID 113FA92B27B07E37346C8DFE09D91D70 destroyed at Wed Mar 13 22:36:55 KST 2024 -31
##########Session ID E0B806C5BF19F39B44FBAF7E894D34B1 destroyed at Wed Mar 13 22:36:55 KST 2024 Session Counts:  -32
ERROR 22:36:55.021 [ContainerBackgroundProcessor[StandardEngine[Catalina]]] sems.cm.ctrl.HttpSessionCheckingListener[sessionDestroyed:31] - ##########Session ID E0B806C5BF19F39B44FBAF7E894D34B1 destroyed at Wed Mar 13 22:36:55 KST 2024 -32
##########Session ID 8900933678D98FCA1AA76AD91E0BFA0E destroyed at Wed Mar 13 22:37:55 KST 2024 Session Counts:  -33
ERROR 22:37:55.058 [ContainerBackgroundProcessor[StandardEngine[Catalina]]] sems.cm.ctrl.HttpSessionCheckingListener[sessionDestroyed:31] - ##########Session ID 8900933678D98FCA1AA76AD91E0BFA0E destroyed at Wed Mar 13 22:37:55 KST 2024 -33
##########Session ID FF51320AE21C4F1C83AAA45161DD8A12 destroyed at Wed Mar 13 22:37:55 KST 2024 Session Counts:  -34
ERROR 22:37:55.059 [ContainerBackgroundProcessor[StandardEngine[Catalina]]] sems.cm.ctrl.HttpSessionCheckingListener[sessionDestroyed:31] - ##########Session ID FF51320AE21C4F1C83AAA45161DD8A12 destroyed at Wed Mar 13 22:37:55 KST 2024 -34
##########Session ID 4713C66C3BC21B699CF3E8E84B57F21C destroyed at Wed Mar 13 22:37:55 KST 2024 Session Counts:  -35
ERROR 22:37:55.059 [ContainerBackgroundProcessor[StandardEngine[Catalina]]] sems.cm.ctrl.HttpSessionCheckingListener[sessionDestroyed:31] - ##########Session ID 4713C66C3BC21B699CF3E8E84B57F21C destroyed at Wed Mar 13 22:37:55 KST 2024 -35
##########Session ID 6BB2F174297138E24139F1809FCD6E93 destroyed at Wed Mar 13 22:38:55 KST 2024 Session Counts:  -36
ERROR 22:38:55.094 [ContainerBackgroundProcessor[StandardEngine[Catalina]]] sems.cm.ctrl.HttpSessionCheckingListener[sessionDestroyed:31] - ##########Session ID 6BB2F174297138E24139F1809FCD6E93 destroyed at Wed Mar 13 22:38:55 KST 2024 -36
##########Session ID 72955A7D83B537983D66A111157A32FF destroyed at Wed Mar 13 22:41:55 KST 2024 Session Counts:  -37
ERROR 22:41:55.204 [ContainerBackgroundProcessor[StandardEngine[Catalina]]] sems.cm.ctrl.HttpSessionCheckingListener[sessionDestroyed:31] - ##########Session ID 72955A7D83B537983D66A111157A32FF destroyed at Wed Mar 13 22:41:55 KST 2024 -37
##########Session ID FCAA9082515FBAF1BD59908C5B06152C destroyed at Wed Mar 13 22:41:55 KST 2024 Session Counts:  -38
ERROR 22:41:55.205 [ContainerBackgroundProcessor[StandardEngine[Catalina]]] sems.cm.ctrl.HttpSessionCheckingListener[sessionDestroyed:31] - ##########Session ID FCAA9082515FBAF1BD59908C5B06152C destroyed at Wed Mar 13 22:41:55 KST 2024 -38
##########Session ID 7C2AE8E52BD26EAA04DCE973E77E5EB8 destroyed at Wed Mar 13 22:42:55 KST 2024 Session Counts:  -39
ERROR 22:42:55.239 [ContainerBackgroundProcessor[StandardEngine[Catalina]]] sems.cm.ctrl.HttpSessionCheckingListener[sessionDestroyed:31] - ##########Session ID 7C2AE8E52BD26EAA04DCE973E77E5EB8 destroyed at Wed Mar 13 22:42:55 KST 2024 -39
##########Session ID 8E22BA17307392410188CD84473D7666 destroyed at Wed Mar 13 22:43:55 KST 2024 Session Counts:  -40
ERROR 22:43:55.276 [ContainerBackgroundProcessor[StandardEngine[Catalina]]] sems.cm.ctrl.HttpSessionCheckingListener[sessionDestroyed:31] - ##########Session ID 8E22BA17307392410188CD84473D7666 destroyed at Wed Mar 13 22:43:55 KST 2024 -40
##########Session ID 400C4A46F330AC9945CE3EB9114F9913 destroyed at Wed Mar 13 22:43:55 KST 2024 Session Counts:  -41
ERROR 22:43:55.277 [ContainerBackgroundProcessor[StandardEngine[Catalina]]] sems.cm.ctrl.HttpSessionCheckingListener[sessionDestroyed:31] - ##########Session ID 400C4A46F330AC9945CE3EB9114F9913 destroyed at Wed Mar 13 22:43:55 KST 2024 -41
##########Session ID 4155865DED5E18A1CF0B4E87F2749304 destroyed at Wed Mar 13 22:43:55 KST 2024 Session Counts:  -42
ERROR 22:43:55.277 [ContainerBackgroundProcessor[StandardEngine[Catalina]]] sems.cm.ctrl.HttpSessionCheckingListener[sessionDestroyed:31] - ##########Session ID 4155865DED5E18A1CF0B4E87F2749304 destroyed at Wed Mar 13 22:43:55 KST 2024 -42
##########Session ID F46E6E7FC54C6761E62FC82270DEA3DF destroyed at Wed Mar 13 22:43:55 KST 2024 Session Counts:  -43
ERROR 22:43:55.277 [ContainerBackgroundProcessor[StandardEngine[Catalina]]] sems.cm.ctrl.HttpSessionCheckingListener[sessionDestroyed:31] - ##########Session ID F46E6E7FC54C6761E62FC82270DEA3DF destroyed at Wed Mar 13 22:43:55 KST 2024 -43
##########Session ID 2D013722FAF7F960A4118C90532EFCB1 destroyed at Wed Mar 13 22:45:55 KST 2024 Session Counts:  -44
ERROR 22:45:55.347 [ContainerBackgroundProcessor[StandardEngine[Catalina]]] sems.cm.ctrl.HttpSessionCheckingListener[sessionDestroyed:31] - ##########Session ID 2D013722FAF7F960A4118C90532EFCB1 destroyed at Wed Mar 13 22:45:55 KST 2024 -44
##########Session ID 02579A6894D3167390531FE4FAB98EB8 destroyed at Wed Mar 13 22:47:55 KST 2024 Session Counts:  -45
ERROR 22:47:55.417 [ContainerBackgroundProcessor[StandardEngine[Catalina]]] sems.cm.ctrl.HttpSessionCheckingListener[sessionDestroyed:31] - ##########Session ID 02579A6894D3167390531FE4FAB98EB8 destroyed at Wed Mar 13 22:47:55 KST 2024 -45
##########Session ID A6A6FBA1B2705CC03C2E0E887346F3C8 destroyed at Wed Mar 13 22:48:55 KST 2024 Session Counts:  -46
ERROR 22:48:55.455 [ContainerBackgroundProcessor[StandardEngine[Catalina]]] sems.cm.ctrl.HttpSessionCheckingListener[sessionDestroyed:31] - ##########Session ID A6A6FBA1B2705CC03C2E0E887346F3C8 destroyed at Wed Mar 13 22:48:55 KST 2024 -46
##########Session ID 533D4ECDBD7D8A5F5C2F076C330119EC destroyed at Wed Mar 13 22:48:55 KST 2024 Session Counts:  -47
ERROR 22:48:55.455 [ContainerBackgroundProcessor[StandardEngine[Catalina]]] sems.cm.ctrl.HttpSessionCheckingListener[sessionDestroyed:31] - ##########Session ID 533D4ECDBD7D8A5F5C2F076C330119EC destroyed at Wed Mar 13 22:48:55 KST 2024 -47
##########Session ID 098D23B849145E72933DB097422B4FCE destroyed at Wed Mar 13 22:50:55 KST 2024 Session Counts:  -48
ERROR 22:50:55.526 [ContainerBackgroundProcessor[StandardEngine[Catalina]]] sems.cm.ctrl.HttpSessionCheckingListener[sessionDestroyed:31] - ##########Session ID 098D23B849145E72933DB097422B4FCE destroyed at Wed Mar 13 22:50:55 KST 2024 -48
##########Session ID EAAD6D8E574B08F073F9933417A58E7D destroyed at Wed Mar 13 22:54:55 KST 2024 Session Counts:  -46
ERROR 22:54:55.675 [ContainerBackgroundProcessor[StandardEngine[Catalina]]] sems.cm.ctrl.HttpSessionCheckingListener[sessionDestroyed:31] - ##########Session ID EAAD6D8E574B08F073F9933417A58E7D destroyed at Wed Mar 13 22:54:55 KST 2024 -46
##########Session ID DEEA44A05FB8BA4C472C9505B37677EF destroyed at Wed Mar 13 22:57:55 KST 2024 Session Counts:  -47
ERROR 22:57:55.779 [ContainerBackgroundProcessor[StandardEngine[Catalina]]] sems.cm.ctrl.HttpSessionCheckingListener[sessionDestroyed:31] - ##########Session ID DEEA44A05FB8BA4C472C9505B37677EF destroyed at Wed Mar 13 22:57:55 KST 2024 -47
##########Session ID 6E26A5CEC2AB9B28DF7E7E54392E7128 destroyed at Wed Mar 13 22:57:55 KST 2024 Session Counts:  -48
ERROR 22:57:55.780 [ContainerBackgroundProcessor[StandardEngine[Catalina]]] sems.cm.ctrl.HttpSessionCheckingListener[sessionDestroyed:31] - ##########Session ID 6E26A5CEC2AB9B28DF7E7E54392E7128 destroyed at Wed Mar 13 22:57:55 KST 2024 -48
##########Session ID 87512DBD1DBB0CB6C50F47EDAA5C555D destroyed at Wed Mar 13 22:57:55 KST 2024 Session Counts:  -49
ERROR 22:57:55.780 [ContainerBackgroundProcessor[StandardEngine[Catalina]]] sems.cm.ctrl.HttpSessionCheckingListener[sessionDestroyed:31] - ##########Session ID 87512DBD1DBB0CB6C50F47EDAA5C555D destroyed at Wed Mar 13 22:57:55 KST 2024 -49
##########Session ID 00BF3144A99697676B02F0E7899A6D18 destroyed at Wed Mar 13 22:57:55 KST 2024 Session Counts:  -50
ERROR 22:57:55.780 [ContainerBackgroundProcessor[StandardEngine[Catalina]]] sems.cm.ctrl.HttpSessionCheckingListener[sessionDestroyed:31] - ##########Session ID 00BF3144A99697676B02F0E7899A6D18 destroyed at Wed Mar 13 22:57:55 KST 2024 -50
##########Session ID 77B4ADF57FFCC64EB7ECB25FB400F81F destroyed at Wed Mar 13 22:58:55 KST 2024 Session Counts:  -51
ERROR 22:58:55.814 [ContainerBackgroundProcessor[StandardEngine[Catalina]]] sems.cm.ctrl.HttpSessionCheckingListener[sessionDestroyed:31] - ##########Session ID 77B4ADF57FFCC64EB7ECB25FB400F81F destroyed at Wed Mar 13 22:58:55 KST 2024 -51
##########Session ID DB7452F3E42525DFFFEF47BE95BE6F36 destroyed at Wed Mar 13 22:58:55 KST 2024 Session Counts:  -52
ERROR 22:58:55.815 [ContainerBackgroundProcessor[StandardEngine[Catalina]]] sems.cm.ctrl.HttpSessionCheckingListener[sessionDestroyed:31] - ##########Session ID DB7452F3E42525DFFFEF47BE95BE6F36 destroyed at Wed Mar 13 22:58:55 KST 2024 -52
##########Session ID C735354FA9AF4FC0D25F8770C650DB53 destroyed at Wed Mar 13 22:58:55 KST 2024 Session Counts:  -53
ERROR 22:58:55.815 [ContainerBackgroundProcessor[StandardEngine[Catalina]]] sems.cm.ctrl.HttpSessionCheckingListener[sessionDestroyed:31] - ##########Session ID C735354FA9AF4FC0D25F8770C650DB53 destroyed at Wed Mar 13 22:58:55 KST 2024 -53
##########Session ID 91E3F1B9D780D3DEE31E48DDEDDC4DAB destroyed at Thu Mar 14 01:53:02 KST 2024 Session Counts:  -46
ERROR 01:53:02.101 [ContainerBackgroundProcessor[StandardEngine[Catalina]]] sems.cm.ctrl.HttpSessionCheckingListener[sessionDestroyed:31] - ##########Session ID 91E3F1B9D780D3DEE31E48DDEDDC4DAB destroyed at Thu Mar 14 01:53:02 KST 2024 -46
##########Session ID ADC0ACE559FCE14105E7AB3BAAD0E4DE destroyed at Thu Mar 14 01:54:02 KST 2024 Session Counts:  -47
ERROR 01:54:02.143 [ContainerBackgroundProcessor[StandardEngine[Catalina]]] sems.cm.ctrl.HttpSessionCheckingListener[sessionDestroyed:31] - ##########Session ID ADC0ACE559FCE14105E7AB3BAAD0E4DE destroyed at Thu Mar 14 01:54:02 KST 2024 -47
##########Session ID D4889C6C33DAB61C8E01919D6C4B90DC destroyed at Thu Mar 14 01:54:02 KST 2024 Session Counts:  -48
ERROR 01:54:02.144 [ContainerBackgroundProcessor[StandardEngine[Catalina]]] sems.cm.ctrl.HttpSessionCheckingListener[sessionDestroyed:31] - ##########Session ID D4889C6C33DAB61C8E01919D6C4B90DC destroyed at Thu Mar 14 01:54:02 KST 2024 -48
##########Session ID 53AAB543BB6E1D1F71E9EF54B3D5AD86 destroyed at Thu Mar 14 02:03:02 KST 2024 Session Counts:  -49
ERROR 02:03:02.466 [ContainerBackgroundProcessor[StandardEngine[Catalina]]] sems.cm.ctrl.HttpSessionCheckingListener[sessionDestroyed:31] - ##########Session ID 53AAB543BB6E1D1F71E9EF54B3D5AD86 destroyed at Thu Mar 14 02:03:02 KST 2024 -49
##########Session ID 598DE4436DF0C7DC2D5CED743B6C237F destroyed at Thu Mar 14 02:05:02 KST 2024 Session Counts:  -50
ERROR 02:05:02.536 [ContainerBackgroundProcessor[StandardEngine[Catalina]]] sems.cm.ctrl.HttpSessionCheckingListener[sessionDestroyed:31] - ##########Session ID 598DE4436DF0C7DC2D5CED743B6C237F destroyed at Thu Mar 14 02:05:02 KST 2024 -50
##########Session ID 706479CDF555D340DC35978B19CCD54B destroyed at Thu Mar 14 02:06:02 KST 2024 Session Counts:  -51
ERROR 02:06:02.572 [ContainerBackgroundProcessor[StandardEngine[Catalina]]] sems.cm.ctrl.HttpSessionCheckingListener[sessionDestroyed:31] - ##########Session ID 706479CDF555D340DC35978B19CCD54B destroyed at Thu Mar 14 02:06:02 KST 2024 -51
##########Session ID 417B8D0F59E87BE590CEB8A9B837DF9E destroyed at Thu Mar 14 02:06:02 KST 2024 Session Counts:  -52
ERROR 02:06:02.573 [ContainerBackgroundProcessor[StandardEngine[Catalina]]] sems.cm.ctrl.HttpSessionCheckingListener[sessionDestroyed:31] - ##########Session ID 417B8D0F59E87BE590CEB8A9B837DF9E destroyed at Thu Mar 14 02:06:02 KST 2024 -52
##########Session ID 0450FFB1D8FAADAF40D964D0ED00B7C9 destroyed at Thu Mar 14 02:06:02 KST 2024 Session Counts:  -53
ERROR 02:06:02.573 [ContainerBackgroundProcessor[StandardEngine[Catalina]]] sems.cm.ctrl.HttpSessionCheckingListener[sessionDestroyed:31] - ##########Session ID 0450FFB1D8FAADAF40D964D0ED00B7C9 destroyed at Thu Mar 14 02:06:02 KST 2024 -53
##########Session ID 3D8F802C0C5C33CC682D2E2C2367D5A1 destroyed at Thu Mar 14 02:09:02 KST 2024 Session Counts:  -54
ERROR 02:09:02.680 [ContainerBackgroundProcessor[StandardEngine[Catalina]]] sems.cm.ctrl.HttpSessionCheckingListener[sessionDestroyed:31] - ##########Session ID 3D8F802C0C5C33CC682D2E2C2367D5A1 destroyed at Thu Mar 14 02:09:02 KST 2024 -54
##########Session ID 89E177BE83F7A8B686BE782331EC59DE destroyed at Thu Mar 14 02:09:02 KST 2024 Session Counts:  -55
ERROR 02:09:02.680 [ContainerBackgroundProcessor[StandardEngine[Catalina]]] sems.cm.ctrl.HttpSessionCheckingListener[sessionDestroyed:31] - ##########Session ID 89E177BE83F7A8B686BE782331EC59DE destroyed at Thu Mar 14 02:09:02 KST 2024 -55
##########Session ID 18C933037B91CA68ED0D9867D4A6CFFB destroyed at Thu Mar 14 02:09:02 KST 2024 Session Counts:  -56
ERROR 02:09:02.681 [ContainerBackgroundProcessor[StandardEngine[Catalina]]] sems.cm.ctrl.HttpSessionCheckingListener[sessionDestroyed:31] - ##########Session ID 18C933037B91CA68ED0D9867D4A6CFFB destroyed at Thu Mar 14 02:09:02 KST 2024 -56
