
2024-04-04 18:29:32 Commons Daemon procrun stdout initialized

2024-04-04 18:36:43 Commons Daemon procrun stdout initialized

2024-04-04 19:02:08 Commons Daemon procrun stdout initialized
##########Session ID 84B32FB442B554ECA0864813BC5FD7F2 destroyed at Thu Apr 04 21:57:26 KST 2024 Session Counts:  0
ERROR 21:57:26.276 [ContainerBackgroundProcessor[StandardEngine[Catalina]]] sems.cm.ctrl.HttpSessionCheckingListener[sessionDestroyed:31] - ##########Session ID 84B32FB442B554ECA0864813BC5FD7F2 destroyed at Thu Apr 04 21:57:26 KST 2024 0
##########Session ID 4C22CF777695165AAF0EE4CCDD79070A destroyed at Thu Apr 04 21:59:26 KST 2024 Session Counts:  -1
ERROR 21:59:26.319 [ContainerBackgroundProcessor[StandardEngine[Catalina]]] sems.cm.ctrl.HttpSessionCheckingListener[sessionDestroyed:31] - ##########Session ID 4C22CF777695165AAF0EE4CCDD79070A destroyed at Thu Apr 04 21:59:26 KST 2024 -1
##########Session ID 75E83D910D6666E6439F888A2A9523C5 destroyed at Thu Apr 04 22:06:26 KST 2024 Session Counts:  -2
ERROR 22:06:26.440 [ContainerBackgroundProcessor[StandardEngine[Catalina]]] sems.cm.ctrl.HttpSessionCheckingListener[sessionDestroyed:31] - ##########Session ID 75E83D910D6666E6439F888A2A9523C5 destroyed at Thu Apr 04 22:06:26 KST 2024 -2
##########Session ID 372F90150DA2338189E96AAAD28666E1 destroyed at Thu Apr 04 22:07:26 KST 2024 Session Counts:  -3
ERROR 22:07:26.459 [ContainerBackgroundProcessor[StandardEngine[Catalina]]] sems.cm.ctrl.HttpSessionCheckingListener[sessionDestroyed:31] - ##########Session ID 372F90150DA2338189E96AAAD28666E1 destroyed at Thu Apr 04 22:07:26 KST 2024 -3
##########Session ID ACDB426593C93944B731229D3F6A0220 destroyed at Thu Apr 04 22:08:26 KST 2024 Session Counts:  -4
ERROR 22:08:26.483 [ContainerBackgroundProcessor[StandardEngine[Catalina]]] sems.cm.ctrl.HttpSessionCheckingListener[sessionDestroyed:31] - ##########Session ID ACDB426593C93944B731229D3F6A0220 destroyed at Thu Apr 04 22:08:26 KST 2024 -4
##########Session ID B45865745D621C4BA7DEBDF8E7F24081 destroyed at Fri Apr 05 14:03:46 KST 2024 Session Counts:  -2
ERROR 14:03:46.253 [ContainerBackgroundProcessor[StandardEngine[Catalina]]] sems.cm.ctrl.HttpSessionCheckingListener[sessionDestroyed:31] - ##########Session ID B45865745D621C4BA7DEBDF8E7F24081 destroyed at Fri Apr 05 14:03:46 KST 2024 -2
##########Session ID 7CD7C4CBD913299A9578565DB7541F52 destroyed at Fri Apr 05 14:21:46 KST 2024 Session Counts:  -3
ERROR 14:21:46.753 [ContainerBackgroundProcessor[StandardEngine[Catalina]]] sems.cm.ctrl.HttpSessionCheckingListener[sessionDestroyed:31] - ##########Session ID 7CD7C4CBD913299A9578565DB7541F52 destroyed at Fri Apr 05 14:21:46 KST 2024 -3
##########Session ID 8420126831A0AB71C050A8A9DD60AAA9 destroyed at Fri Apr 05 14:46:47 KST 2024 Session Counts:  -4
ERROR 14:46:47.314 [ContainerBackgroundProcessor[StandardEngine[Catalina]]] sems.cm.ctrl.HttpSessionCheckingListener[sessionDestroyed:31] - ##########Session ID 8420126831A0AB71C050A8A9DD60AAA9 destroyed at Fri Apr 05 14:46:47 KST 2024 -4
##########Session ID 0468207124F231807A1CBB4C40FB0C72 created at Mon Apr 08 10:27:15 KST 2024 Session Counts: -2
ERROR 10:27:15.268 [http-bio-12443-exec-9] sems.cm.ctrl.HttpSessionCheckingListener[sessionCreated:24] - ##########Session ID 0468207124F231807A1CBB4C40FB0C72 created at Mon Apr 08 10:27:15 KST 2024 -2
##########Session ID E5DFC4E4D072984FD728AC52309FB88D destroyed at Mon Apr 08 13:28:13 KST 2024 Session Counts:  -2
ERROR 13:28:13.200 [ContainerBackgroundProcessor[StandardEngine[Catalina]]] sems.cm.ctrl.HttpSessionCheckingListener[sessionDestroyed:31] - ##########Session ID E5DFC4E4D072984FD728AC52309FB88D destroyed at Mon Apr 08 13:28:13 KST 2024 -2
##########Session ID 610FC7FB36BB3C305F313DD6FCE9A123 destroyed at Mon Apr 08 13:29:13 KST 2024 Session Counts:  -3
ERROR 13:29:13.212 [ContainerBackgroundProcessor[StandardEngine[Catalina]]] sems.cm.ctrl.HttpSessionCheckingListener[sessionDestroyed:31] - ##########Session ID 610FC7FB36BB3C305F313DD6FCE9A123 destroyed at Mon Apr 08 13:29:13 KST 2024 -3
##########Session ID FE856047BB7A4B90DE48ADA2C377B56A destroyed at Mon Apr 08 13:41:13 KST 2024 Session Counts:  -4
ERROR 13:41:13.382 [ContainerBackgroundProcessor[StandardEngine[Catalina]]] sems.cm.ctrl.HttpSessionCheckingListener[sessionDestroyed:31] - ##########Session ID FE856047BB7A4B90DE48ADA2C377B56A destroyed at Mon Apr 08 13:41:13 KST 2024 -4
##########Session ID E2140DB605E86E12E01F034C9F572EA1 destroyed at Mon Apr 08 21:17:23 KST 2024 Session Counts:  -4
ERROR 21:17:23.698 [ContainerBackgroundProcessor[StandardEngine[Catalina]]] sems.cm.ctrl.HttpSessionCheckingListener[sessionDestroyed:31] - ##########Session ID E2140DB605E86E12E01F034C9F572EA1 destroyed at Mon Apr 08 21:17:23 KST 2024 -4
##########Session ID 1E1FCF444E6EBCC84EEF8F0951F12163 destroyed at Tue Apr 09 14:03:41 KST 2024 Session Counts:  -3
ERROR 14:03:41.904 [ContainerBackgroundProcessor[StandardEngine[Catalina]]] sems.cm.ctrl.HttpSessionCheckingListener[sessionDestroyed:31] - ##########Session ID 1E1FCF444E6EBCC84EEF8F0951F12163 destroyed at Tue Apr 09 14:03:41 KST 2024 -3
##########Session ID 6685B2F6C526332B63CB80234D29795D destroyed at Tue Apr 09 14:43:43 KST 2024 Session Counts:  -4
ERROR 14:43:43.434 [ContainerBackgroundProcessor[StandardEngine[Catalina]]] sems.cm.ctrl.HttpSessionCheckingListener[sessionDestroyed:31] - ##########Session ID 6685B2F6C526332B63CB80234D29795D destroyed at Tue Apr 09 14:43:43 KST 2024 -4
