
2023-11-17 16:52:09 Commons Daemon procrun stdout initialized
##########Session ID B186F35367B0392C3BA15FCF908D8231 created at Fri Nov 17 16:55:11 KST 2023 Session Counts: 2
ERROR 16:55:11.687 [http-bio-8443-exec-8] sems.cm.ctrl.HttpSessionCheckingListener[sessionCreated:24] - ##########Session ID B186F35367B0392C3BA15FCF908D8231 created at Fri Nov 17 16:55:11 KST 2023 2

2023-11-17 17:19:50 Commons Daemon procrun stdout initialized

2023-11-17 17:23:48 Commons Daemon procrun stdout initialized
##########Session ID 77BB07D271C7EE68FD0C89FE0B938CB3 created at Fri Nov 17 17:24:38 KST 2023 Session Counts: 3
ERROR 17:24:38.338 [http-bio-8443-exec-11] sems.cm.ctrl.HttpSessionCheckingListener[sessionCreated:24] - ##########Session ID 77BB07D271C7EE68FD0C89FE0B938CB3 created at Fri Nov 17 17:24:38 KST 2023 3

2023-11-17 17:35:42 Commons Daemon procrun stdout initialized

2023-11-17 17:50:39 Commons Daemon procrun stdout initialized

2023-11-17 17:52:15 Commons Daemon procrun stdout initialized
##########Session ID EB2781399C5566AC44153D877042FD19 created at Fri Nov 17 18:39:54 KST 2023 Session Counts: 11
ERROR 18:39:54.200 [http-bio-8443-exec-3] sems.cm.ctrl.HttpSessionCheckingListener[sessionCreated:24] - ##########Session ID EB2781399C5566AC44153D877042FD19 created at Fri Nov 17 18:39:54 KST 2023 11
##########Session ID 3F26BF59FBB688DE04445C75C31C9181 created at Fri Nov 17 19:22:30 KST 2023 Session Counts: 12
ERROR 19:22:30.787 [http-bio-8443-exec-9] sems.cm.ctrl.HttpSessionCheckingListener[sessionCreated:24] - ##########Session ID 3F26BF59FBB688DE04445C75C31C9181 created at Fri Nov 17 19:22:30 KST 2023 12
##########Session ID 31EF8C62EBB5C24153B61A39638AEB8D created at Fri Nov 17 19:22:31 KST 2023 Session Counts: 13
ERROR 19:22:31.975 [http-bio-8443-exec-18] sems.cm.ctrl.HttpSessionCheckingListener[sessionCreated:24] - ##########Session ID 31EF8C62EBB5C24153B61A39638AEB8D created at Fri Nov 17 19:22:31 KST 2023 13
##########Session ID 5C2E94B2C4E783511A7C820A1EB014A4 destroyed at Fri Nov 17 20:39:32 KST 2023 Session Counts:  12
ERROR 20:39:32.006 [ContainerBackgroundProcessor[StandardEngine[Catalina]]] sems.cm.ctrl.HttpSessionCheckingListener[sessionDestroyed:31] - ##########Session ID 5C2E94B2C4E783511A7C820A1EB014A4 destroyed at Fri Nov 17 20:39:32 KST 2023 12
##########Session ID 079C33BB672BC1B2183519C4F879E05C destroyed at Fri Nov 17 20:40:32 KST 2023 Session Counts:  11
ERROR 20:40:32.027 [ContainerBackgroundProcessor[StandardEngine[Catalina]]] sems.cm.ctrl.HttpSessionCheckingListener[sessionDestroyed:31] - ##########Session ID 079C33BB672BC1B2183519C4F879E05C destroyed at Fri Nov 17 20:40:32 KST 2023 11
##########Session ID 1895C34252C748250DF4FFB60607F28B destroyed at Fri Nov 17 20:42:32 KST 2023 Session Counts:  10
ERROR 20:42:32.066 [ContainerBackgroundProcessor[StandardEngine[Catalina]]] sems.cm.ctrl.HttpSessionCheckingListener[sessionDestroyed:31] - ##########Session ID 1895C34252C748250DF4FFB60607F28B destroyed at Fri Nov 17 20:42:32 KST 2023 10
##########Session ID D9163A0B7A242A0CCBB28B3E1B8B8F3D destroyed at Fri Nov 17 20:43:32 KST 2023 Session Counts:  9
ERROR 20:43:32.087 [ContainerBackgroundProcessor[StandardEngine[Catalina]]] sems.cm.ctrl.HttpSessionCheckingListener[sessionDestroyed:31] - ##########Session ID D9163A0B7A242A0CCBB28B3E1B8B8F3D destroyed at Fri Nov 17 20:43:32 KST 2023 9
##########Session ID 09505204656ED494F05528AD66847702 destroyed at Fri Nov 17 20:44:32 KST 2023 Session Counts:  8
ERROR 20:44:32.109 [ContainerBackgroundProcessor[StandardEngine[Catalina]]] sems.cm.ctrl.HttpSessionCheckingListener[sessionDestroyed:31] - ##########Session ID 09505204656ED494F05528AD66847702 destroyed at Fri Nov 17 20:44:32 KST 2023 8
##########Session ID B9ACD83211113B14F074AE780C443747 destroyed at Fri Nov 17 20:51:32 KST 2023 Session Counts:  7
ERROR 20:51:32.254 [ContainerBackgroundProcessor[StandardEngine[Catalina]]] sems.cm.ctrl.HttpSessionCheckingListener[sessionDestroyed:31] - ##########Session ID B9ACD83211113B14F074AE780C443747 destroyed at Fri Nov 17 20:51:32 KST 2023 7
##########Session ID A8D6C338AFDD5412D71B8BF1A8FB4721 destroyed at Fri Nov 17 20:55:32 KST 2023 Session Counts:  6
ERROR 20:55:32.338 [ContainerBackgroundProcessor[StandardEngine[Catalina]]] sems.cm.ctrl.HttpSessionCheckingListener[sessionDestroyed:31] - ##########Session ID A8D6C338AFDD5412D71B8BF1A8FB4721 destroyed at Fri Nov 17 20:55:32 KST 2023 6
##########Session ID 2C64BBA8D39AB30DE874987378164F0F destroyed at Fri Nov 17 20:57:32 KST 2023 Session Counts:  5
ERROR 20:57:32.380 [ContainerBackgroundProcessor[StandardEngine[Catalina]]] sems.cm.ctrl.HttpSessionCheckingListener[sessionDestroyed:31] - ##########Session ID 2C64BBA8D39AB30DE874987378164F0F destroyed at Fri Nov 17 20:57:32 KST 2023 5
##########Session ID 81CD16957CD4D3DB4C2930742265A9A0 destroyed at Fri Nov 17 21:00:32 KST 2023 Session Counts:  4
ERROR 21:00:32.446 [ContainerBackgroundProcessor[StandardEngine[Catalina]]] sems.cm.ctrl.HttpSessionCheckingListener[sessionDestroyed:31] - ##########Session ID 81CD16957CD4D3DB4C2930742265A9A0 destroyed at Fri Nov 17 21:00:32 KST 2023 4
##########Session ID A6CDFD4BB9ED6CAFE2EDEEBF0E1D5B85 destroyed at Fri Nov 17 21:03:32 KST 2023 Session Counts:  3
ERROR 21:03:32.509 [ContainerBackgroundProcessor[StandardEngine[Catalina]]] sems.cm.ctrl.HttpSessionCheckingListener[sessionDestroyed:31] - ##########Session ID A6CDFD4BB9ED6CAFE2EDEEBF0E1D5B85 destroyed at Fri Nov 17 21:03:32 KST 2023 3
##########Session ID E161171F102DCAE178BA4FE9462FB670 destroyed at Fri Nov 17 21:03:32 KST 2023 Session Counts:  2
ERROR 21:03:32.510 [ContainerBackgroundProcessor[StandardEngine[Catalina]]] sems.cm.ctrl.HttpSessionCheckingListener[sessionDestroyed:31] - ##########Session ID E161171F102DCAE178BA4FE9462FB670 destroyed at Fri Nov 17 21:03:32 KST 2023 2
##########Session ID DF6791817AEB729967BC34490315927E destroyed at Fri Nov 17 21:04:32 KST 2023 Session Counts:  1
ERROR 21:04:32.531 [ContainerBackgroundProcessor[StandardEngine[Catalina]]] sems.cm.ctrl.HttpSessionCheckingListener[sessionDestroyed:31] - ##########Session ID DF6791817AEB729967BC34490315927E destroyed at Fri Nov 17 21:04:32 KST 2023 1
##########Session ID 5499305AFACBEA270567F435B286C968 destroyed at Fri Nov 17 21:23:32 KST 2023 Session Counts:  0
ERROR 21:23:32.923 [ContainerBackgroundProcessor[StandardEngine[Catalina]]] sems.cm.ctrl.HttpSessionCheckingListener[sessionDestroyed:31] - ##########Session ID 5499305AFACBEA270567F435B286C968 destroyed at Fri Nov 17 21:23:32 KST 2023 0
##########Session ID 6F67923CD8F3F3E1008534843BD58FBD destroyed at Fri Nov 17 21:26:32 KST 2023 Session Counts:  -1
ERROR 21:26:32.984 [ContainerBackgroundProcessor[StandardEngine[Catalina]]] sems.cm.ctrl.HttpSessionCheckingListener[sessionDestroyed:31] - ##########Session ID 6F67923CD8F3F3E1008534843BD58FBD destroyed at Fri Nov 17 21:26:32 KST 2023 -1
##########Session ID 8A70481EB6D84F14BD7DFA8FC545FB9C destroyed at Fri Nov 17 21:31:33 KST 2023 Session Counts:  -2
ERROR 21:31:33.081 [ContainerBackgroundProcessor[StandardEngine[Catalina]]] sems.cm.ctrl.HttpSessionCheckingListener[sessionDestroyed:31] - ##########Session ID 8A70481EB6D84F14BD7DFA8FC545FB9C destroyed at Fri Nov 17 21:31:33 KST 2023 -2
##########Session ID 12FA585C40AED1A325D4B632616FD903 destroyed at Fri Nov 17 21:32:33 KST 2023 Session Counts:  -3
ERROR 21:32:33.104 [ContainerBackgroundProcessor[StandardEngine[Catalina]]] sems.cm.ctrl.HttpSessionCheckingListener[sessionDestroyed:31] - ##########Session ID 12FA585C40AED1A325D4B632616FD903 destroyed at Fri Nov 17 21:32:33 KST 2023 -3
##########Session ID 8FA36A21992B2071C7E7EEE0EF3EA666 destroyed at Fri Nov 17 21:33:33 KST 2023 Session Counts:  -4
ERROR 21:33:33.126 [ContainerBackgroundProcessor[StandardEngine[Catalina]]] sems.cm.ctrl.HttpSessionCheckingListener[sessionDestroyed:31] - ##########Session ID 8FA36A21992B2071C7E7EEE0EF3EA666 destroyed at Fri Nov 17 21:33:33 KST 2023 -4
##########Session ID EB2781399C5566AC44153D877042FD19 destroyed at Fri Nov 17 21:40:33 KST 2023 Session Counts:  -5
ERROR 21:40:33.268 [ContainerBackgroundProcessor[StandardEngine[Catalina]]] sems.cm.ctrl.HttpSessionCheckingListener[sessionDestroyed:31] - ##########Session ID EB2781399C5566AC44153D877042FD19 destroyed at Fri Nov 17 21:40:33 KST 2023 -5
##########Session ID 31EF8C62EBB5C24153B61A39638AEB8D destroyed at Fri Nov 17 22:22:34 KST 2023 Session Counts:  -6
ERROR 22:22:34.131 [ContainerBackgroundProcessor[StandardEngine[Catalina]]] sems.cm.ctrl.HttpSessionCheckingListener[sessionDestroyed:31] - ##########Session ID 31EF8C62EBB5C24153B61A39638AEB8D destroyed at Fri Nov 17 22:22:34 KST 2023 -6
##########Session ID 3F26BF59FBB688DE04445C75C31C9181 destroyed at Fri Nov 17 22:22:34 KST 2023 Session Counts:  -7
ERROR 22:22:34.132 [ContainerBackgroundProcessor[StandardEngine[Catalina]]] sems.cm.ctrl.HttpSessionCheckingListener[sessionDestroyed:31] - ##########Session ID 3F26BF59FBB688DE04445C75C31C9181 destroyed at Fri Nov 17 22:22:34 KST 2023 -7
##########Session ID 37F08D57069A3B817CFCEB04F4B61C47 created at Sat Nov 18 04:42:15 KST 2023 Session Counts: -6
ERROR 04:42:15.906 [http-bio-8443-exec-1] sems.cm.ctrl.HttpSessionCheckingListener[sessionCreated:24] - ##########Session ID 37F08D57069A3B817CFCEB04F4B61C47 created at Sat Nov 18 04:42:15 KST 2023 -6
##########Session ID 37F08D57069A3B817CFCEB04F4B61C47 destroyed at Sat Nov 18 07:42:45 KST 2023 Session Counts:  -7
ERROR 07:42:45.146 [ContainerBackgroundProcessor[StandardEngine[Catalina]]] sems.cm.ctrl.HttpSessionCheckingListener[sessionDestroyed:31] - ##########Session ID 37F08D57069A3B817CFCEB04F4B61C47 destroyed at Sat Nov 18 07:42:45 KST 2023 -7
##########Session ID 6C5FC3C78CC635DCA031CA057C4BE1F2 created at Sat Nov 18 18:04:45 KST 2023 Session Counts: -4
ERROR 18:04:45.614 [http-bio-8443-exec-3] sems.cm.ctrl.HttpSessionCheckingListener[sessionCreated:24] - ##########Session ID 6C5FC3C78CC635DCA031CA057C4BE1F2 created at Sat Nov 18 18:04:45 KST 2023 -4
##########Session ID 1E3BEA1DB3F1984B683A319CAE3529E6 destroyed at Sat Nov 18 18:22:57 KST 2023 Session Counts:  -5
ERROR 18:22:57.568 [ContainerBackgroundProcessor[StandardEngine[Catalina]]] sems.cm.ctrl.HttpSessionCheckingListener[sessionDestroyed:31] - ##########Session ID 1E3BEA1DB3F1984B683A319CAE3529E6 destroyed at Sat Nov 18 18:22:57 KST 2023 -5
##########Session ID E6B735D88425889F337DAE3D513DFBCE destroyed at Sat Nov 18 20:43:00 KST 2023 Session Counts:  -5
ERROR 20:43:00.293 [ContainerBackgroundProcessor[StandardEngine[Catalina]]] sems.cm.ctrl.HttpSessionCheckingListener[sessionDestroyed:31] - ##########Session ID E6B735D88425889F337DAE3D513DFBCE destroyed at Sat Nov 18 20:43:00 KST 2023 -5
##########Session ID 6C5FC3C78CC635DCA031CA057C4BE1F2 destroyed at Sat Nov 18 21:05:00 KST 2023 Session Counts:  -5
ERROR 21:05:00.729 [ContainerBackgroundProcessor[StandardEngine[Catalina]]] sems.cm.ctrl.HttpSessionCheckingListener[sessionDestroyed:31] - ##########Session ID 6C5FC3C78CC635DCA031CA057C4BE1F2 destroyed at Sat Nov 18 21:05:00 KST 2023 -5
##########Session ID D458730F9826B81D3D3514A1456B1E9C destroyed at Sat Nov 18 22:09:01 KST 2023 Session Counts:  -6
ERROR 22:09:01.954 [ContainerBackgroundProcessor[StandardEngine[Catalina]]] sems.cm.ctrl.HttpSessionCheckingListener[sessionDestroyed:31] - ##########Session ID D458730F9826B81D3D3514A1456B1E9C destroyed at Sat Nov 18 22:09:01 KST 2023 -6
##########Session ID 078163DE010F52CE731B34A51318AC44 destroyed at Sat Nov 18 23:57:04 KST 2023 Session Counts:  -7
ERROR 23:57:04.048 [ContainerBackgroundProcessor[StandardEngine[Catalina]]] sems.cm.ctrl.HttpSessionCheckingListener[sessionDestroyed:31] - ##########Session ID 078163DE010F52CE731B34A51318AC44 destroyed at Sat Nov 18 23:57:04 KST 2023 -7
##########Session ID BCF8A0570D44C345B3692148DDBE540E created at Sun Nov 19 08:13:18 KST 2023 Session Counts: -4
ERROR 08:13:18.698 [http-bio-8443-exec-14] sems.cm.ctrl.HttpSessionCheckingListener[sessionCreated:24] - ##########Session ID BCF8A0570D44C345B3692148DDBE540E created at Sun Nov 19 08:13:18 KST 2023 -4
##########Session ID F903A33B6BEAA7875042CCE759C2BC36 destroyed at Sun Nov 19 09:29:15 KST 2023 Session Counts:  -4
ERROR 09:29:15.196 [ContainerBackgroundProcessor[StandardEngine[Catalina]]] sems.cm.ctrl.HttpSessionCheckingListener[sessionDestroyed:31] - ##########Session ID F903A33B6BEAA7875042CCE759C2BC36 destroyed at Sun Nov 19 09:29:15 KST 2023 -4
##########Session ID 233DAE47E5165155DDFDAF5AD80F069B destroyed at Sun Nov 19 09:42:15 KST 2023 Session Counts:  -5
ERROR 09:42:15.446 [ContainerBackgroundProcessor[StandardEngine[Catalina]]] sems.cm.ctrl.HttpSessionCheckingListener[sessionDestroyed:31] - ##########Session ID 233DAE47E5165155DDFDAF5AD80F069B destroyed at Sun Nov 19 09:42:15 KST 2023 -5
##########Session ID BCF8A0570D44C345B3692148DDBE540E destroyed at Sun Nov 19 11:14:17 KST 2023 Session Counts:  -5
ERROR 11:14:17.234 [ContainerBackgroundProcessor[StandardEngine[Catalina]]] sems.cm.ctrl.HttpSessionCheckingListener[sessionDestroyed:31] - ##########Session ID BCF8A0570D44C345B3692148DDBE540E destroyed at Sun Nov 19 11:14:17 KST 2023 -5
##########Session ID 12CE6189DA7BA1530E7AC1D88DC3A9E6 destroyed at Sun Nov 19 11:15:17 KST 2023 Session Counts:  -6
ERROR 11:15:17.252 [ContainerBackgroundProcessor[StandardEngine[Catalina]]] sems.cm.ctrl.HttpSessionCheckingListener[sessionDestroyed:31] - ##########Session ID 12CE6189DA7BA1530E7AC1D88DC3A9E6 destroyed at Sun Nov 19 11:15:17 KST 2023 -6
##########Session ID 4E32C10B384470CFF633AB65BA0767C9 destroyed at Sun Nov 19 13:58:20 KST 2023 Session Counts:  -7
ERROR 13:58:20.411 [ContainerBackgroundProcessor[StandardEngine[Catalina]]] sems.cm.ctrl.HttpSessionCheckingListener[sessionDestroyed:31] - ##########Session ID 4E32C10B384470CFF633AB65BA0767C9 destroyed at Sun Nov 19 13:58:20 KST 2023 -7
##########Session ID D0AB7B0E073D49ADB9AADB3AFF3F77F2 created at Sun Nov 19 21:54:34 KST 2023 Session Counts: -4
ERROR 21:54:34.265 [http-bio-8443-exec-3] sems.cm.ctrl.HttpSessionCheckingListener[sessionCreated:24] - ##########Session ID D0AB7B0E073D49ADB9AADB3AFF3F77F2 created at Sun Nov 19 21:54:34 KST 2023 -4
##########Session ID 3F643BFF24B61EB150C47BC3FA018F9A destroyed at Mon Nov 20 00:36:33 KST 2023 Session Counts:  -5
ERROR 00:36:33.177 [ContainerBackgroundProcessor[StandardEngine[Catalina]]] sems.cm.ctrl.HttpSessionCheckingListener[sessionDestroyed:31] - ##########Session ID 3F643BFF24B61EB150C47BC3FA018F9A destroyed at Mon Nov 20 00:36:33 KST 2023 -5
##########Session ID E7A0B2A78BAC93A0961F9122FE827813 destroyed at Mon Nov 20 00:54:33 KST 2023 Session Counts:  -6
ERROR 00:54:33.540 [ContainerBackgroundProcessor[StandardEngine[Catalina]]] sems.cm.ctrl.HttpSessionCheckingListener[sessionDestroyed:31] - ##########Session ID E7A0B2A78BAC93A0961F9122FE827813 destroyed at Mon Nov 20 00:54:33 KST 2023 -6
##########Session ID D0AB7B0E073D49ADB9AADB3AFF3F77F2 destroyed at Mon Nov 20 00:55:33 KST 2023 Session Counts:  -7
ERROR 00:55:33.561 [ContainerBackgroundProcessor[StandardEngine[Catalina]]] sems.cm.ctrl.HttpSessionCheckingListener[sessionDestroyed:31] - ##########Session ID D0AB7B0E073D49ADB9AADB3AFF3F77F2 destroyed at Mon Nov 20 00:55:33 KST 2023 -7
##########Session ID 23598DBB6863D8C2751F1AD7AAA47076 destroyed at Mon Nov 20 04:11:37 KST 2023 Session Counts:  -7
ERROR 04:11:37.368 [ContainerBackgroundProcessor[StandardEngine[Catalina]]] sems.cm.ctrl.HttpSessionCheckingListener[sessionDestroyed:31] - ##########Session ID 23598DBB6863D8C2751F1AD7AAA47076 destroyed at Mon Nov 20 04:11:37 KST 2023 -7
##########Session ID DDD8D8A6D1C8C27A2FDAC947D1B4628D destroyed at Mon Nov 20 10:33:44 KST 2023 Session Counts:  -5
ERROR 10:33:44.815 [ContainerBackgroundProcessor[StandardEngine[Catalina]]] sems.cm.ctrl.HttpSessionCheckingListener[sessionDestroyed:31] - ##########Session ID DDD8D8A6D1C8C27A2FDAC947D1B4628D destroyed at Mon Nov 20 10:33:44 KST 2023 -5
