
2023-08-18 14:13:12 Commons Daemon procrun stdout initialized
##########Session ID C5BAF3C85853709A33B4400A498F61C4 created at Fri Aug 18 23:39:29 KST 2023
##########Session ID 48746B1394B61FC4CE84D5CF2B75A5F5 created at Fri Aug 18 23:39:41 KST 2023
##########Session ID E452D2C4CC7A15660EB9E1F6B96EFFB0 created at Sat Aug 19 11:08:13 KST 2023
##########Session ID 5FCC9E723218854D9F5E2B8231B5D7E1 destroyed at Sat Aug 19 14:21:55 KST 2023
##########Session ID 07680BC3EA90103BD6ACA501E12FF26F destroyed at Sat Aug 19 23:40:07 KST 2023
##########Session ID 48746B1394B61FC4CE84D5CF2B75A5F5 destroyed at Sat Aug 19 23:40:07 KST 2023
##########Session ID C5BAF3C85853709A33B4400A498F61C4 destroyed at Sat Aug 19 23:40:07 KST 2023
##########Session ID 0C85A32DC5EF2384CCA28645A860130C destroyed at Sun Aug 20 07:20:16 KST 2023
##########Session ID 865CD8F86855754DCEA2A1FC0E24E692 destroyed at Sun Aug 20 07:51:17 KST 2023
##########Session ID 5A92F2F1B0600CEACDC350134E115B5D destroyed at Sun Aug 20 07:51:17 KST 2023
##########Session ID 1E317AFD46E6C40D5A36CA6F23D44481 destroyed at Sun Aug 20 09:25:19 KST 2023
##########Session ID 4FE5A0F1B33F9885A6FA50E3C438DF2E destroyed at Sun Aug 20 10:30:20 KST 2023
##########Session ID E452D2C4CC7A15660EB9E1F6B96EFFB0 destroyed at Sun Aug 20 11:08:21 KST 2023
##########Session ID 3989BE3B77747617686BA38FDA2E77EC created at Sun Aug 20 20:19:47 KST 2023
##########Session ID B3C01524E885526FEA4EFFD082F8778B created at Sun Aug 20 20:19:48 KST 2023
##########Session ID 0B0AB47F5D123A1821416B66A0B1F771 destroyed at Mon Aug 21 04:17:42 KST 2023
##########Session ID 996DF671769DE14E1DF06357A1D7ACB4 destroyed at Mon Aug 21 04:17:42 KST 2023
##########Session ID A6096A13F8B73DC0FD028496760F158A created at Mon Aug 21 09:51:18 KST 2023
##########Session ID 09AF0426079E595C9AFEA0E7D2F46697 created at Mon Aug 21 09:51:20 KST 2023
##########Session ID 190D2628EDE8411911E0F094469E8EAE created at Mon Aug 21 12:44:08 KST 2023
##########Session ID 0B5BA44A48CD8F444F766C98E6036816 created at Mon Aug 21 12:44:09 KST 2023
##########Session ID C6815144A34D44A8CF1782173B86A945 created at Mon Aug 21 13:14:28 KST 2023
##########Session ID 6D03C21DE425568E69DBA2AD454B6F13 created at Mon Aug 21 13:14:29 KST 2023
##########Session ID 5F9B1D6A00E7668A5A0FBBF7E202D508 destroyed at Mon Aug 21 14:58:55 KST 2023
##########Session ID F4F4B1F3B5474332C289E686EE82D942 destroyed at Mon Aug 21 14:58:55 KST 2023
##########Session ID 57D9FDD1517B240FC22CA115AFD73DE9 destroyed at Mon Aug 21 16:25:57 KST 2023
##########Session ID 86783D1EC398B9EC4747FE15235590A7 destroyed at Mon Aug 21 16:25:57 KST 2023
##########Session ID 0A6B6A1CFE6C1AE334BB8525BA2153DF created at Mon Aug 21 17:28:53 KST 2023
##########Session ID F27D2F35927C6373E66EB7DBC1FE18F2 created at Mon Aug 21 17:28:57 KST 2023
##########Session ID 3989BE3B77747617686BA38FDA2E77EC destroyed at Mon Aug 21 20:20:02 KST 2023
##########Session ID B3C01524E885526FEA4EFFD082F8778B destroyed at Mon Aug 21 20:20:02 KST 2023
##########Session ID A6096A13F8B73DC0FD028496760F158A destroyed at Tue Aug 22 09:51:19 KST 2023
##########Session ID 09AF0426079E595C9AFEA0E7D2F46697 destroyed at Tue Aug 22 09:52:19 KST 2023
##########Session ID 7560FF70BCED9CE2510274C92E48DD11 destroyed at Tue Aug 22 10:46:20 KST 2023
##########Session ID 5451F609D5526581A04B52434B06050C destroyed at Tue Aug 22 10:47:20 KST 2023
##########Session ID 2272CEB1FA5304082AE17F84B233B0D2 destroyed at Tue Aug 22 11:22:21 KST 2023
##########Session ID 0B5BA44A48CD8F444F766C98E6036816 destroyed at Tue Aug 22 12:44:22 KST 2023
##########Session ID 190D2628EDE8411911E0F094469E8EAE destroyed at Tue Aug 22 12:44:22 KST 2023
##########Session ID C6815144A34D44A8CF1782173B86A945 destroyed at Tue Aug 22 13:15:23 KST 2023
##########Session ID 6D03C21DE425568E69DBA2AD454B6F13 destroyed at Tue Aug 22 13:15:23 KST 2023
##########Session ID F7B36C84DCBAD62F333C72862E9780E3 created at Tue Aug 22 15:03:20 KST 2023
##########Session ID 62DBC30E81FC3342DB7E979D3C21C5A7 created at Tue Aug 22 15:03:32 KST 2023
##########Session ID 5444E3A533C2B0E974A850D7A602F28E created at Tue Aug 22 15:03:40 KST 2023
##########Session ID E57AE3DEE965FE933C28C54037BEB408 destroyed at Tue Aug 22 16:42:27 KST 2023
##########Session ID 0A6B6A1CFE6C1AE334BB8525BA2153DF destroyed at Tue Aug 22 17:29:28 KST 2023
##########Session ID F27D2F35927C6373E66EB7DBC1FE18F2 destroyed at Tue Aug 22 17:29:28 KST 2023
##########Session ID 56C7DC9B690B98D7EE14C391D2F67E9F destroyed at Tue Aug 22 17:29:28 KST 2023
##########Session ID 1659285126197FE7820BA292C09D37C0 destroyed at Tue Aug 22 20:28:32 KST 2023
##########Session ID 4C70E8567B11F8925DB40DDFEAA3BB4E destroyed at Tue Aug 22 20:28:32 KST 2023
##########Session ID 25C27C8BD46327BE1B83DF517422ED19 destroyed at Tue Aug 22 23:05:35 KST 2023
##########Session ID 580935AED5E6ED92C7521131060B3A10 destroyed at Tue Aug 22 23:05:35 KST 2023
##########Session ID E7D9489B81E847EED0B68EFF9C1BB921 destroyed at Wed Aug 23 23:21:39 KST 2023 Session Counts:  5
ERROR 23:21:39.535 [ContainerBackgroundProcessor[StandardEngine[Catalina]]] sems.cm.ctrl.HttpSessionCheckingListener[sessionDestroyed:31] - ##########Session ID E7D9489B81E847EED0B68EFF9C1BB921 destroyed at Wed Aug 23 23:21:39 KST 2023 5
##########Session ID 929951F1702C4A98F09E0B4564AF57D9 destroyed at Wed Aug 23 23:21:39 KST 2023 Session Counts:  4
ERROR 23:21:39.536 [ContainerBackgroundProcessor[StandardEngine[Catalina]]] sems.cm.ctrl.HttpSessionCheckingListener[sessionDestroyed:31] - ##########Session ID 929951F1702C4A98F09E0B4564AF57D9 destroyed at Wed Aug 23 23:21:39 KST 2023 4
##########Session ID 86569BAEB62C3674777C56ED662FEA55 destroyed at Wed Aug 23 23:21:39 KST 2023 Session Counts:  3
ERROR 23:21:39.536 [ContainerBackgroundProcessor[StandardEngine[Catalina]]] sems.cm.ctrl.HttpSessionCheckingListener[sessionDestroyed:31] - ##########Session ID 86569BAEB62C3674777C56ED662FEA55 destroyed at Wed Aug 23 23:21:39 KST 2023 3
##########Session ID 752C21790AB5CE5CEB023027170AB7A8 destroyed at Wed Aug 23 23:44:39 KST 2023 Session Counts:  2
ERROR 23:44:39.890 [ContainerBackgroundProcessor[StandardEngine[Catalina]]] sems.cm.ctrl.HttpSessionCheckingListener[sessionDestroyed:31] - ##########Session ID 752C21790AB5CE5CEB023027170AB7A8 destroyed at Wed Aug 23 23:44:39 KST 2023 2
##########Session ID 406FFA77189E43514C26CC4C82332C8B destroyed at Thu Aug 24 02:43:42 KST 2023 Session Counts:  1
ERROR 02:43:42.666 [ContainerBackgroundProcessor[StandardEngine[Catalina]]] sems.cm.ctrl.HttpSessionCheckingListener[sessionDestroyed:31] - ##########Session ID 406FFA77189E43514C26CC4C82332C8B destroyed at Thu Aug 24 02:43:42 KST 2023 1
##########Session ID 4FE670E08A843FCDB9AD80390E07CE5A destroyed at Thu Aug 24 08:22:47 KST 2023 Session Counts:  0
ERROR 08:22:47.966 [ContainerBackgroundProcessor[StandardEngine[Catalina]]] sems.cm.ctrl.HttpSessionCheckingListener[sessionDestroyed:31] - ##########Session ID 4FE670E08A843FCDB9AD80390E07CE5A destroyed at Thu Aug 24 08:22:47 KST 2023 0
##########Session ID AEAD72A8C835DDA91AC8046AED81467D created at Thu Aug 24 13:16:06 KST 2023 Session Counts: 2
ERROR 13:16:06.100 [http-bio-8443-exec-58] sems.cm.ctrl.HttpSessionCheckingListener[sessionCreated:24] - ##########Session ID AEAD72A8C835DDA91AC8046AED81467D created at Thu Aug 24 13:16:06 KST 2023 2
##########Session ID 1F754A64E96B122821CDBC9546D7D7B1 created at Thu Aug 24 13:16:18 KST 2023 Session Counts: 3
ERROR 13:16:18.712 [http-bio-8443-exec-54] sems.cm.ctrl.HttpSessionCheckingListener[sessionCreated:24] - ##########Session ID 1F754A64E96B122821CDBC9546D7D7B1 created at Thu Aug 24 13:16:18 KST 2023 3
##########Session ID 842EDEFC0202E118E5C46E004EF2EF5D created at Thu Aug 24 13:47:56 KST 2023 Session Counts: 10
ERROR 13:47:56.109 [http-bio-8443-exec-46] sems.cm.ctrl.HttpSessionCheckingListener[sessionCreated:24] - ##########Session ID 842EDEFC0202E118E5C46E004EF2EF5D created at Thu Aug 24 13:47:56 KST 2023 10
##########Session ID 42FF5306E2DE518779F32E634E1ADAF3 destroyed at Thu Aug 24 22:41:04 KST 2023 Session Counts:  10
ERROR 22:41:04.311 [ContainerBackgroundProcessor[StandardEngine[Catalina]]] sems.cm.ctrl.HttpSessionCheckingListener[sessionDestroyed:31] - ##########Session ID 42FF5306E2DE518779F32E634E1ADAF3 destroyed at Thu Aug 24 22:41:04 KST 2023 10
##########Session ID AEAD72A8C835DDA91AC8046AED81467D destroyed at Fri Aug 25 01:16:06 KST 2023 Session Counts:  9
ERROR 01:16:06.687 [ContainerBackgroundProcessor[StandardEngine[Catalina]]] sems.cm.ctrl.HttpSessionCheckingListener[sessionDestroyed:31] - ##########Session ID AEAD72A8C835DDA91AC8046AED81467D destroyed at Fri Aug 25 01:16:06 KST 2023 9
##########Session ID 1F754A64E96B122821CDBC9546D7D7B1 destroyed at Fri Aug 25 01:17:06 KST 2023 Session Counts:  8
ERROR 01:17:06.704 [ContainerBackgroundProcessor[StandardEngine[Catalina]]] sems.cm.ctrl.HttpSessionCheckingListener[sessionDestroyed:31] - ##########Session ID 1F754A64E96B122821CDBC9546D7D7B1 destroyed at Fri Aug 25 01:17:06 KST 2023 8
##########Session ID E25320881CABA9983BD532DC87986858 destroyed at Fri Aug 25 01:17:06 KST 2023 Session Counts:  7
ERROR 01:17:06.705 [ContainerBackgroundProcessor[StandardEngine[Catalina]]] sems.cm.ctrl.HttpSessionCheckingListener[sessionDestroyed:31] - ##########Session ID E25320881CABA9983BD532DC87986858 destroyed at Fri Aug 25 01:17:06 KST 2023 7
##########Session ID C869EB58CBD0036FA1FF0B57D94ADD5C destroyed at Fri Aug 25 01:25:06 KST 2023 Session Counts:  6
ERROR 01:25:06.830 [ContainerBackgroundProcessor[StandardEngine[Catalina]]] sems.cm.ctrl.HttpSessionCheckingListener[sessionDestroyed:31] - ##########Session ID C869EB58CBD0036FA1FF0B57D94ADD5C destroyed at Fri Aug 25 01:25:06 KST 2023 6
##########Session ID 0EDC3B1809D26F8C9E0DEF0EBFEFD31F destroyed at Fri Aug 25 01:41:07 KST 2023 Session Counts:  5
ERROR 01:41:07.084 [ContainerBackgroundProcessor[StandardEngine[Catalina]]] sems.cm.ctrl.HttpSessionCheckingListener[sessionDestroyed:31] - ##########Session ID 0EDC3B1809D26F8C9E0DEF0EBFEFD31F destroyed at Fri Aug 25 01:41:07 KST 2023 5
##########Session ID 441EBDBCA091D9B6220D4FD327360CED destroyed at Fri Aug 25 01:44:07 KST 2023 Session Counts:  4
ERROR 01:44:07.130 [ContainerBackgroundProcessor[StandardEngine[Catalina]]] sems.cm.ctrl.HttpSessionCheckingListener[sessionDestroyed:31] - ##########Session ID 441EBDBCA091D9B6220D4FD327360CED destroyed at Fri Aug 25 01:44:07 KST 2023 4
##########Session ID 9F7B7F868A028576E3B59EB8E407F984 destroyed at Fri Aug 25 01:45:07 KST 2023 Session Counts:  3
ERROR 01:45:07.148 [ContainerBackgroundProcessor[StandardEngine[Catalina]]] sems.cm.ctrl.HttpSessionCheckingListener[sessionDestroyed:31] - ##########Session ID 9F7B7F868A028576E3B59EB8E407F984 destroyed at Fri Aug 25 01:45:07 KST 2023 3
##########Session ID 9902B3E387AC931AA411CB5106624E62 destroyed at Fri Aug 25 01:48:07 KST 2023 Session Counts:  2
ERROR 01:48:07.195 [ContainerBackgroundProcessor[StandardEngine[Catalina]]] sems.cm.ctrl.HttpSessionCheckingListener[sessionDestroyed:31] - ##########Session ID 9902B3E387AC931AA411CB5106624E62 destroyed at Fri Aug 25 01:48:07 KST 2023 2
##########Session ID 62E99D0EBD0DDAB683D3232FAD30CD2D destroyed at Fri Aug 25 01:49:07 KST 2023 Session Counts:  1
ERROR 01:49:07.211 [ContainerBackgroundProcessor[StandardEngine[Catalina]]] sems.cm.ctrl.HttpSessionCheckingListener[sessionDestroyed:31] - ##########Session ID 62E99D0EBD0DDAB683D3232FAD30CD2D destroyed at Fri Aug 25 01:49:07 KST 2023 1
##########Session ID E19545CCF2D089F68CF1800C327F7DCB destroyed at Fri Aug 25 04:22:09 KST 2023 Session Counts:  0
ERROR 04:22:09.618 [ContainerBackgroundProcessor[StandardEngine[Catalina]]] sems.cm.ctrl.HttpSessionCheckingListener[sessionDestroyed:31] - ##########Session ID E19545CCF2D089F68CF1800C327F7DCB destroyed at Fri Aug 25 04:22:09 KST 2023 0
##########Session ID 37E119839BC7D2C457BF2DB53EF9ADB8 created at Fri Aug 25 06:55:07 KST 2023 Session Counts: 2
ERROR 06:55:07.616 [http-bio-8443-exec-53] sems.cm.ctrl.HttpSessionCheckingListener[sessionCreated:24] - ##########Session ID 37E119839BC7D2C457BF2DB53EF9ADB8 created at Fri Aug 25 06:55:07 KST 2023 2
##########Session ID 3B11A8427A3587571DF8F4A9C842D7F6 created at Fri Aug 25 06:55:08 KST 2023 Session Counts: 3
ERROR 06:55:08.568 [http-bio-8443-exec-58] sems.cm.ctrl.HttpSessionCheckingListener[sessionCreated:24] - ##########Session ID 3B11A8427A3587571DF8F4A9C842D7F6 created at Fri Aug 25 06:55:08 KST 2023 3
##########Session ID 6EC9DA5E456482EA0F9DF43199081C4A created at Fri Aug 25 06:55:16 KST 2023 Session Counts: 4
ERROR 06:55:16.786 [http-bio-8443-exec-44] sems.cm.ctrl.HttpSessionCheckingListener[sessionCreated:24] - ##########Session ID 6EC9DA5E456482EA0F9DF43199081C4A created at Fri Aug 25 06:55:16 KST 2023 4
##########Session ID 3BD63F110E6E1C9E41EAEB024B7EA755 created at Fri Aug 25 06:55:25 KST 2023 Session Counts: 5
ERROR 06:55:25.355 [http-bio-8443-exec-49] sems.cm.ctrl.HttpSessionCheckingListener[sessionCreated:24] - ##########Session ID 3BD63F110E6E1C9E41EAEB024B7EA755 created at Fri Aug 25 06:55:25 KST 2023 5
##########Session ID 2110F1C3D669357501AF0571B6D9CC38 created at Fri Aug 25 06:55:50 KST 2023 Session Counts: 7
ERROR 06:55:50.260 [http-bio-8443-exec-46] sems.cm.ctrl.HttpSessionCheckingListener[sessionCreated:24] - ##########Session ID 2110F1C3D669357501AF0571B6D9CC38 created at Fri Aug 25 06:55:50 KST 2023 7
##########Session ID E3270ECC026B73A30290663CAEBF6DED destroyed at Fri Aug 25 18:55:23 KST 2023 Session Counts:  15
ERROR 18:55:23.168 [ContainerBackgroundProcessor[StandardEngine[Catalina]]] sems.cm.ctrl.HttpSessionCheckingListener[sessionDestroyed:31] - ##########Session ID E3270ECC026B73A30290663CAEBF6DED destroyed at Fri Aug 25 18:55:23 KST 2023 15
##########Session ID 3B11A8427A3587571DF8F4A9C842D7F6 destroyed at Fri Aug 25 18:55:23 KST 2023 Session Counts:  14
ERROR 18:55:23.168 [ContainerBackgroundProcessor[StandardEngine[Catalina]]] sems.cm.ctrl.HttpSessionCheckingListener[sessionDestroyed:31] - ##########Session ID 3B11A8427A3587571DF8F4A9C842D7F6 destroyed at Fri Aug 25 18:55:23 KST 2023 14
##########Session ID 6EC9DA5E456482EA0F9DF43199081C4A destroyed at Fri Aug 25 18:55:23 KST 2023 Session Counts:  13
ERROR 18:55:23.169 [ContainerBackgroundProcessor[StandardEngine[Catalina]]] sems.cm.ctrl.HttpSessionCheckingListener[sessionDestroyed:31] - ##########Session ID 6EC9DA5E456482EA0F9DF43199081C4A destroyed at Fri Aug 25 18:55:23 KST 2023 13
##########Session ID 37E119839BC7D2C457BF2DB53EF9ADB8 destroyed at Fri Aug 25 18:55:23 KST 2023 Session Counts:  12
ERROR 18:55:23.169 [ContainerBackgroundProcessor[StandardEngine[Catalina]]] sems.cm.ctrl.HttpSessionCheckingListener[sessionDestroyed:31] - ##########Session ID 37E119839BC7D2C457BF2DB53EF9ADB8 destroyed at Fri Aug 25 18:55:23 KST 2023 12
##########Session ID 6099ACBD4FB0D93C99DD1C25DA9D5273 destroyed at Fri Aug 25 18:56:23 KST 2023 Session Counts:  11
ERROR 18:56:23.186 [ContainerBackgroundProcessor[StandardEngine[Catalina]]] sems.cm.ctrl.HttpSessionCheckingListener[sessionDestroyed:31] - ##########Session ID 6099ACBD4FB0D93C99DD1C25DA9D5273 destroyed at Fri Aug 25 18:56:23 KST 2023 11
##########Session ID 9F39342C98C449499122BA9A8A7C5D33 destroyed at Fri Aug 25 18:56:23 KST 2023 Session Counts:  10
ERROR 18:56:23.187 [ContainerBackgroundProcessor[StandardEngine[Catalina]]] sems.cm.ctrl.HttpSessionCheckingListener[sessionDestroyed:31] - ##########Session ID 9F39342C98C449499122BA9A8A7C5D33 destroyed at Fri Aug 25 18:56:23 KST 2023 10
##########Session ID 2110F1C3D669357501AF0571B6D9CC38 destroyed at Fri Aug 25 18:56:23 KST 2023 Session Counts:  9
ERROR 18:56:23.187 [ContainerBackgroundProcessor[StandardEngine[Catalina]]] sems.cm.ctrl.HttpSessionCheckingListener[sessionDestroyed:31] - ##########Session ID 2110F1C3D669357501AF0571B6D9CC38 destroyed at Fri Aug 25 18:56:23 KST 2023 9
##########Session ID 3BD63F110E6E1C9E41EAEB024B7EA755 destroyed at Fri Aug 25 18:56:23 KST 2023 Session Counts:  8
ERROR 18:56:23.187 [ContainerBackgroundProcessor[StandardEngine[Catalina]]] sems.cm.ctrl.HttpSessionCheckingListener[sessionDestroyed:31] - ##########Session ID 3BD63F110E6E1C9E41EAEB024B7EA755 destroyed at Fri Aug 25 18:56:23 KST 2023 8
##########Session ID A495F9099A57B5DF95D2AE181098DF47 destroyed at Fri Aug 25 18:56:23 KST 2023 Session Counts:  7
ERROR 18:56:23.188 [ContainerBackgroundProcessor[StandardEngine[Catalina]]] sems.cm.ctrl.HttpSessionCheckingListener[sessionDestroyed:31] - ##########Session ID A495F9099A57B5DF95D2AE181098DF47 destroyed at Fri Aug 25 18:56:23 KST 2023 7
##########Session ID CE37466708D5459804AA4E79372149FA destroyed at Fri Aug 25 23:46:27 KST 2023 Session Counts:  6
ERROR 23:46:27.646 [ContainerBackgroundProcessor[StandardEngine[Catalina]]] sems.cm.ctrl.HttpSessionCheckingListener[sessionDestroyed:31] - ##########Session ID CE37466708D5459804AA4E79372149FA destroyed at Fri Aug 25 23:46:27 KST 2023 6
##########Session ID B340467CE5157D82F749B8220503854A destroyed at Fri Aug 25 23:50:27 KST 2023 Session Counts:  5
ERROR 23:50:27.711 [ContainerBackgroundProcessor[StandardEngine[Catalina]]] sems.cm.ctrl.HttpSessionCheckingListener[sessionDestroyed:31] - ##########Session ID B340467CE5157D82F749B8220503854A destroyed at Fri Aug 25 23:50:27 KST 2023 5
##########Session ID 2F766A81B9D1F3641848AD13ECCB24D7 destroyed at Fri Aug 25 23:51:27 KST 2023 Session Counts:  4
ERROR 23:51:27.726 [ContainerBackgroundProcessor[StandardEngine[Catalina]]] sems.cm.ctrl.HttpSessionCheckingListener[sessionDestroyed:31] - ##########Session ID 2F766A81B9D1F3641848AD13ECCB24D7 destroyed at Fri Aug 25 23:51:27 KST 2023 4
##########Session ID 5B20CC850E717EF742E358E161388074 destroyed at Sat Aug 26 02:06:29 KST 2023 Session Counts:  3
ERROR 02:06:29.799 [ContainerBackgroundProcessor[StandardEngine[Catalina]]] sems.cm.ctrl.HttpSessionCheckingListener[sessionDestroyed:31] - ##########Session ID 5B20CC850E717EF742E358E161388074 destroyed at Sat Aug 26 02:06:29 KST 2023 3
##########Session ID 222E4E023B8F7803BAF25C577376AED7 destroyed at Sat Aug 26 05:10:32 KST 2023 Session Counts:  2
ERROR 05:10:32.635 [ContainerBackgroundProcessor[StandardEngine[Catalina]]] sems.cm.ctrl.HttpSessionCheckingListener[sessionDestroyed:31] - ##########Session ID 222E4E023B8F7803BAF25C577376AED7 destroyed at Sat Aug 26 05:10:32 KST 2023 2
##########Session ID C97020B636482B2B44577B2575CF7B39 destroyed at Sat Aug 26 05:55:33 KST 2023 Session Counts:  1
ERROR 05:55:33.334 [ContainerBackgroundProcessor[StandardEngine[Catalina]]] sems.cm.ctrl.HttpSessionCheckingListener[sessionDestroyed:31] - ##########Session ID C97020B636482B2B44577B2575CF7B39 destroyed at Sat Aug 26 05:55:33 KST 2023 1
##########Session ID BFE1B390D2F1E6FD64F8A7DA1178524A destroyed at Sat Aug 26 06:04:33 KST 2023 Session Counts:  0
ERROR 06:04:33.472 [ContainerBackgroundProcessor[StandardEngine[Catalina]]] sems.cm.ctrl.HttpSessionCheckingListener[sessionDestroyed:31] - ##########Session ID BFE1B390D2F1E6FD64F8A7DA1178524A destroyed at Sat Aug 26 06:04:33 KST 2023 0
##########Session ID 6315AA80E5ED1A1E5E8C677F6ED5EB76 created at Sat Aug 26 12:52:14 KST 2023 Session Counts: 3
ERROR 12:52:14.095 [http-bio-8443-exec-46] sems.cm.ctrl.HttpSessionCheckingListener[sessionCreated:24] - ##########Session ID 6315AA80E5ED1A1E5E8C677F6ED5EB76 created at Sat Aug 26 12:52:14 KST 2023 3
##########Session ID 44B340B808646488191151CAA8ABD51F created at Sat Aug 26 12:56:15 KST 2023 Session Counts: 4
ERROR 12:56:15.724 [http-bio-8443-exec-43] sems.cm.ctrl.HttpSessionCheckingListener[sessionCreated:24] - ##########Session ID 44B340B808646488191151CAA8ABD51F created at Sat Aug 26 12:56:15 KST 2023 4
##########Session ID C2A67E4168AEEEE2FFB0A8551ACA719C created at Sat Aug 26 13:04:09 KST 2023 Session Counts: 5
ERROR 13:04:09.983 [http-bio-8443-exec-54] sems.cm.ctrl.HttpSessionCheckingListener[sessionCreated:24] - ##########Session ID C2A67E4168AEEEE2FFB0A8551ACA719C created at Sat Aug 26 13:04:09 KST 2023 5
##########Session ID 0FBC748CBCE830A30FA785393799A5B1 created at Sat Aug 26 13:13:20 KST 2023 Session Counts: 7
ERROR 13:13:20.109 [http-bio-8443-exec-47] sems.cm.ctrl.HttpSessionCheckingListener[sessionCreated:24] - ##########Session ID 0FBC748CBCE830A30FA785393799A5B1 created at Sat Aug 26 13:13:20 KST 2023 7
##########Session ID 463B800545B2581EC55A08EC4683C403 created at Sat Aug 26 13:19:32 KST 2023 Session Counts: 8
ERROR 13:19:32.254 [http-bio-8443-exec-58] sems.cm.ctrl.HttpSessionCheckingListener[sessionCreated:24] - ##########Session ID 463B800545B2581EC55A08EC4683C403 created at Sat Aug 26 13:19:32 KST 2023 8
##########Session ID A48DE913A496B906860B1C54F36431F6 created at Sat Aug 26 13:33:48 KST 2023 Session Counts: 11
ERROR 13:33:48.316 [http-bio-8443-exec-53] sems.cm.ctrl.HttpSessionCheckingListener[sessionCreated:24] - ##########Session ID A48DE913A496B906860B1C54F36431F6 created at Sat Aug 26 13:33:48 KST 2023 11
##########Session ID C4C7159E7652BB24D7A03988768A3197 created at Sat Aug 26 13:36:07 KST 2023 Session Counts: 12
ERROR 13:36:07.489 [http-bio-8443-exec-54] sems.cm.ctrl.HttpSessionCheckingListener[sessionCreated:24] - ##########Session ID C4C7159E7652BB24D7A03988768A3197 created at Sat Aug 26 13:36:07 KST 2023 12
##########Session ID 5DC923611D8A73B24C0C6C3F62BC82B5 destroyed at Sat Aug 26 20:27:46 KST 2023 Session Counts:  12
ERROR 20:27:46.832 [ContainerBackgroundProcessor[StandardEngine[Catalina]]] sems.cm.ctrl.HttpSessionCheckingListener[sessionDestroyed:31] - ##########Session ID 5DC923611D8A73B24C0C6C3F62BC82B5 destroyed at Sat Aug 26 20:27:46 KST 2023 12
##########Session ID DB75761C6C48BC3926CCEE01579C31E2 destroyed at Sun Aug 27 00:50:50 KST 2023 Session Counts:  11
ERROR 00:50:50.890 [ContainerBackgroundProcessor[StandardEngine[Catalina]]] sems.cm.ctrl.HttpSessionCheckingListener[sessionDestroyed:31] - ##########Session ID DB75761C6C48BC3926CCEE01579C31E2 destroyed at Sun Aug 27 00:50:50 KST 2023 11
##########Session ID 6315AA80E5ED1A1E5E8C677F6ED5EB76 destroyed at Sun Aug 27 00:52:50 KST 2023 Session Counts:  10
ERROR 00:52:50.921 [ContainerBackgroundProcessor[StandardEngine[Catalina]]] sems.cm.ctrl.HttpSessionCheckingListener[sessionDestroyed:31] - ##########Session ID 6315AA80E5ED1A1E5E8C677F6ED5EB76 destroyed at Sun Aug 27 00:52:50 KST 2023 10
##########Session ID 44B340B808646488191151CAA8ABD51F destroyed at Sun Aug 27 00:56:50 KST 2023 Session Counts:  9
ERROR 00:56:50.982 [ContainerBackgroundProcessor[StandardEngine[Catalina]]] sems.cm.ctrl.HttpSessionCheckingListener[sessionDestroyed:31] - ##########Session ID 44B340B808646488191151CAA8ABD51F destroyed at Sun Aug 27 00:56:50 KST 2023 9
##########Session ID C2A67E4168AEEEE2FFB0A8551ACA719C destroyed at Sun Aug 27 01:04:51 KST 2023 Session Counts:  8
ERROR 01:04:51.101 [ContainerBackgroundProcessor[StandardEngine[Catalina]]] sems.cm.ctrl.HttpSessionCheckingListener[sessionDestroyed:31] - ##########Session ID C2A67E4168AEEEE2FFB0A8551ACA719C destroyed at Sun Aug 27 01:04:51 KST 2023 8
##########Session ID C23075C2C2F75B52260F144226AA875E destroyed at Sun Aug 27 01:07:51 KST 2023 Session Counts:  7
ERROR 01:07:51.146 [ContainerBackgroundProcessor[StandardEngine[Catalina]]] sems.cm.ctrl.HttpSessionCheckingListener[sessionDestroyed:31] - ##########Session ID C23075C2C2F75B52260F144226AA875E destroyed at Sun Aug 27 01:07:51 KST 2023 7
##########Session ID 0FBC748CBCE830A30FA785393799A5B1 destroyed at Sun Aug 27 01:13:51 KST 2023 Session Counts:  6
ERROR 01:13:51.238 [ContainerBackgroundProcessor[StandardEngine[Catalina]]] sems.cm.ctrl.HttpSessionCheckingListener[sessionDestroyed:31] - ##########Session ID 0FBC748CBCE830A30FA785393799A5B1 destroyed at Sun Aug 27 01:13:51 KST 2023 6
##########Session ID 463B800545B2581EC55A08EC4683C403 destroyed at Sun Aug 27 01:19:51 KST 2023 Session Counts:  5
ERROR 01:19:51.329 [ContainerBackgroundProcessor[StandardEngine[Catalina]]] sems.cm.ctrl.HttpSessionCheckingListener[sessionDestroyed:31] - ##########Session ID 463B800545B2581EC55A08EC4683C403 destroyed at Sun Aug 27 01:19:51 KST 2023 5
##########Session ID FAED5B7A148246F89FC8CFA020FB477F destroyed at Sun Aug 27 01:21:51 KST 2023 Session Counts:  4
ERROR 01:21:51.361 [ContainerBackgroundProcessor[StandardEngine[Catalina]]] sems.cm.ctrl.HttpSessionCheckingListener[sessionDestroyed:31] - ##########Session ID FAED5B7A148246F89FC8CFA020FB477F destroyed at Sun Aug 27 01:21:51 KST 2023 4
##########Session ID 4A370DCFB191DF45E7929CB7CA61E7C8 destroyed at Sun Aug 27 01:24:51 KST 2023 Session Counts:  3
ERROR 01:24:51.409 [ContainerBackgroundProcessor[StandardEngine[Catalina]]] sems.cm.ctrl.HttpSessionCheckingListener[sessionDestroyed:31] - ##########Session ID 4A370DCFB191DF45E7929CB7CA61E7C8 destroyed at Sun Aug 27 01:24:51 KST 2023 3
##########Session ID A48DE913A496B906860B1C54F36431F6 destroyed at Sun Aug 27 01:33:51 KST 2023 Session Counts:  2
ERROR 01:33:51.547 [ContainerBackgroundProcessor[StandardEngine[Catalina]]] sems.cm.ctrl.HttpSessionCheckingListener[sessionDestroyed:31] - ##########Session ID A48DE913A496B906860B1C54F36431F6 destroyed at Sun Aug 27 01:33:51 KST 2023 2
##########Session ID C4C7159E7652BB24D7A03988768A3197 destroyed at Sun Aug 27 01:36:51 KST 2023 Session Counts:  1
ERROR 01:36:51.594 [ContainerBackgroundProcessor[StandardEngine[Catalina]]] sems.cm.ctrl.HttpSessionCheckingListener[sessionDestroyed:31] - ##########Session ID C4C7159E7652BB24D7A03988768A3197 destroyed at Sun Aug 27 01:36:51 KST 2023 1
##########Session ID 51184873894F7D76BA77542ED0C7F643 destroyed at Sun Aug 27 01:38:51 KST 2023 Session Counts:  0
ERROR 01:38:51.625 [ContainerBackgroundProcessor[StandardEngine[Catalina]]] sems.cm.ctrl.HttpSessionCheckingListener[sessionDestroyed:31] - ##########Session ID 51184873894F7D76BA77542ED0C7F643 destroyed at Sun Aug 27 01:38:51 KST 2023 0
##########Session ID D505465C3712372EB763E4FA49924025 created at Sun Aug 27 13:16:46 KST 2023 Session Counts: 1
ERROR 13:16:46.507 [http-bio-8443-exec-58] sems.cm.ctrl.HttpSessionCheckingListener[sessionCreated:24] - ##########Session ID D505465C3712372EB763E4FA49924025 created at Sun Aug 27 13:16:46 KST 2023 1
##########Session ID D505465C3712372EB763E4FA49924025 destroyed at Mon Aug 28 01:17:13 KST 2023 Session Counts:  4
ERROR 01:17:13.337 [ContainerBackgroundProcessor[StandardEngine[Catalina]]] sems.cm.ctrl.HttpSessionCheckingListener[sessionDestroyed:31] - ##########Session ID D505465C3712372EB763E4FA49924025 destroyed at Mon Aug 28 01:17:13 KST 2023 4
##########Session ID FA21FEF2C5D398B73DDCD433E716C5E7 destroyed at Mon Aug 28 09:04:20 KST 2023 Session Counts:  3
ERROR 09:04:20.537 [ContainerBackgroundProcessor[StandardEngine[Catalina]]] sems.cm.ctrl.HttpSessionCheckingListener[sessionDestroyed:31] - ##########Session ID FA21FEF2C5D398B73DDCD433E716C5E7 destroyed at Mon Aug 28 09:04:20 KST 2023 3
##########Session ID 1EF79CDB371F10DF358F38FEE324A338 destroyed at Mon Aug 28 09:05:20 KST 2023 Session Counts:  2
ERROR 09:05:20.551 [ContainerBackgroundProcessor[StandardEngine[Catalina]]] sems.cm.ctrl.HttpSessionCheckingListener[sessionDestroyed:31] - ##########Session ID 1EF79CDB371F10DF358F38FEE324A338 destroyed at Mon Aug 28 09:05:20 KST 2023 2
##########Session ID 3B6952C63DFB682B3B8D1E2ACC9D586C created at Mon Aug 28 13:03:18 KST 2023 Session Counts: 4
ERROR 13:03:18.195 [http-bio-8443-exec-75] sems.cm.ctrl.HttpSessionCheckingListener[sessionCreated:24] - ##########Session ID 3B6952C63DFB682B3B8D1E2ACC9D586C created at Mon Aug 28 13:03:18 KST 2023 4
