
2023-12-08 14:32:33 Commons Daemon procrun stdout initialized
##########Session ID 82DCA1AD6B70DAB8C619D48A1FC6E389 created at Fri Dec 08 14:33:50 KST 2023 Session Counts: 2
ERROR 14:33:50.633 [http-bio-8443-exec-4] sems.cm.ctrl.HttpSessionCheckingListener[sessionCreated:24] - ##########Session ID 82DCA1AD6B70DAB8C619D48A1FC6E389 created at Fri Dec 08 14:33:50 KST 2023 2
##########Session ID E4B90EAEBDA84A89501340EE4F4F350F destroyed at Fri Dec 08 17:27:05 KST 2023 Session Counts:  1
ERROR 17:27:05.780 [ContainerBackgroundProcessor[StandardEngine[Catalina]]] sems.cm.ctrl.HttpSessionCheckingListener[sessionDestroyed:31] - ##########Session ID E4B90EAEBDA84A89501340EE4F4F350F destroyed at Fri Dec 08 17:27:05 KST 2023 1
##########Session ID 82DCA1AD6B70DAB8C619D48A1FC6E389 destroyed at Fri Dec 08 17:34:05 KST 2023 Session Counts:  1
ERROR 17:34:05.994 [ContainerBackgroundProcessor[StandardEngine[Catalina]]] sems.cm.ctrl.HttpSessionCheckingListener[sessionDestroyed:31] - ##########Session ID 82DCA1AD6B70DAB8C619D48A1FC6E389 destroyed at Fri Dec 08 17:34:05 KST 2023 1
##########Session ID EDCF442291050AE2D84D5281B12B2B5F destroyed at Fri Dec 08 17:34:05 KST 2023 Session Counts:  0
ERROR 17:34:05.995 [ContainerBackgroundProcessor[StandardEngine[Catalina]]] sems.cm.ctrl.HttpSessionCheckingListener[sessionDestroyed:31] - ##########Session ID EDCF442291050AE2D84D5281B12B2B5F destroyed at Fri Dec 08 17:34:05 KST 2023 0
##########Session ID A1FA6F3704DFAE1AFF2861D33216797B destroyed at Fri Dec 08 20:33:11 KST 2023 Session Counts:  8
ERROR 20:33:11.374 [ContainerBackgroundProcessor[StandardEngine[Catalina]]] sems.cm.ctrl.HttpSessionCheckingListener[sessionDestroyed:31] - ##########Session ID A1FA6F3704DFAE1AFF2861D33216797B destroyed at Fri Dec 08 20:33:11 KST 2023 8
##########Session ID 89DBA8125BE93293861C724363155A83 destroyed at Fri Dec 08 20:36:11 KST 2023 Session Counts:  7
ERROR 20:36:11.466 [ContainerBackgroundProcessor[StandardEngine[Catalina]]] sems.cm.ctrl.HttpSessionCheckingListener[sessionDestroyed:31] - ##########Session ID 89DBA8125BE93293861C724363155A83 destroyed at Fri Dec 08 20:36:11 KST 2023 7
##########Session ID C53CB2EF7C9E8DB6F734C0E6660DDEB2 destroyed at Fri Dec 08 20:37:11 KST 2023 Session Counts:  6
ERROR 20:37:11.497 [ContainerBackgroundProcessor[StandardEngine[Catalina]]] sems.cm.ctrl.HttpSessionCheckingListener[sessionDestroyed:31] - ##########Session ID C53CB2EF7C9E8DB6F734C0E6660DDEB2 destroyed at Fri Dec 08 20:37:11 KST 2023 6
##########Session ID B5591A26BC8862611AE4E4DC956BCE07 destroyed at Fri Dec 08 20:37:11 KST 2023 Session Counts:  5
ERROR 20:37:11.498 [ContainerBackgroundProcessor[StandardEngine[Catalina]]] sems.cm.ctrl.HttpSessionCheckingListener[sessionDestroyed:31] - ##########Session ID B5591A26BC8862611AE4E4DC956BCE07 destroyed at Fri Dec 08 20:37:11 KST 2023 5
##########Session ID 925F85AA14631A5B4F73E9B670035C50 destroyed at Fri Dec 08 20:38:11 KST 2023 Session Counts:  4
ERROR 20:38:11.527 [ContainerBackgroundProcessor[StandardEngine[Catalina]]] sems.cm.ctrl.HttpSessionCheckingListener[sessionDestroyed:31] - ##########Session ID 925F85AA14631A5B4F73E9B670035C50 destroyed at Fri Dec 08 20:38:11 KST 2023 4
##########Session ID 974780FF54E80BD746EE0808824D57A2 destroyed at Fri Dec 08 20:40:11 KST 2023 Session Counts:  3
ERROR 20:40:11.588 [ContainerBackgroundProcessor[StandardEngine[Catalina]]] sems.cm.ctrl.HttpSessionCheckingListener[sessionDestroyed:31] - ##########Session ID 974780FF54E80BD746EE0808824D57A2 destroyed at Fri Dec 08 20:40:11 KST 2023 3
##########Session ID 643C0DE5E0BDEC76010D52DD185BFACE destroyed at Fri Dec 08 20:40:11 KST 2023 Session Counts:  2
ERROR 20:40:11.589 [ContainerBackgroundProcessor[StandardEngine[Catalina]]] sems.cm.ctrl.HttpSessionCheckingListener[sessionDestroyed:31] - ##########Session ID 643C0DE5E0BDEC76010D52DD185BFACE destroyed at Fri Dec 08 20:40:11 KST 2023 2
##########Session ID 5E6E143EB1DB7A0B1DB784F2065C8381 destroyed at Fri Dec 08 20:41:11 KST 2023 Session Counts:  1
ERROR 20:41:11.620 [ContainerBackgroundProcessor[StandardEngine[Catalina]]] sems.cm.ctrl.HttpSessionCheckingListener[sessionDestroyed:31] - ##########Session ID 5E6E143EB1DB7A0B1DB784F2065C8381 destroyed at Fri Dec 08 20:41:11 KST 2023 1
##########Session ID BB5662B11486F011C95E7EBD8CDB3030 destroyed at Fri Dec 08 21:27:13 KST 2023 Session Counts:  0
ERROR 21:27:13.007 [ContainerBackgroundProcessor[StandardEngine[Catalina]]] sems.cm.ctrl.HttpSessionCheckingListener[sessionDestroyed:31] - ##########Session ID BB5662B11486F011C95E7EBD8CDB3030 destroyed at Fri Dec 08 21:27:13 KST 2023 0
##########Session ID C028E50711FC81678C41358B041892AC destroyed at Fri Dec 08 21:31:13 KST 2023 Session Counts:  -1
ERROR 21:31:13.126 [ContainerBackgroundProcessor[StandardEngine[Catalina]]] sems.cm.ctrl.HttpSessionCheckingListener[sessionDestroyed:31] - ##########Session ID C028E50711FC81678C41358B041892AC destroyed at Fri Dec 08 21:31:13 KST 2023 -1
##########Session ID 52B5AFA6DA3939BF160D11B8569FC546 destroyed at Sat Dec 09 11:05:37 KST 2023 Session Counts:  1
ERROR 11:05:37.578 [ContainerBackgroundProcessor[StandardEngine[Catalina]]] sems.cm.ctrl.HttpSessionCheckingListener[sessionDestroyed:31] - ##########Session ID 52B5AFA6DA3939BF160D11B8569FC546 destroyed at Sat Dec 09 11:05:37 KST 2023 1
##########Session ID E91A45541312996346603DC1614939B7 destroyed at Sat Dec 09 13:41:42 KST 2023 Session Counts:  0
ERROR 13:41:42.274 [ContainerBackgroundProcessor[StandardEngine[Catalina]]] sems.cm.ctrl.HttpSessionCheckingListener[sessionDestroyed:31] - ##########Session ID E91A45541312996346603DC1614939B7 destroyed at Sat Dec 09 13:41:42 KST 2023 0
##########Session ID CCBABC69062F85482DABF10E530010BF destroyed at Sat Dec 09 13:56:42 KST 2023 Session Counts:  -1
ERROR 13:56:42.727 [ContainerBackgroundProcessor[StandardEngine[Catalina]]] sems.cm.ctrl.HttpSessionCheckingListener[sessionDestroyed:31] - ##########Session ID CCBABC69062F85482DABF10E530010BF destroyed at Sat Dec 09 13:56:42 KST 2023 -1
##########Session ID B11D843062761DB3829E1D3A96369A41 created at Sat Dec 09 16:32:34 KST 2023 Session Counts: 1
ERROR 16:32:34.419 [http-bio-8443-exec-8] sems.cm.ctrl.HttpSessionCheckingListener[sessionCreated:24] - ##########Session ID B11D843062761DB3829E1D3A96369A41 created at Sat Dec 09 16:32:34 KST 2023 1
##########Session ID ABD285655B6DF39527B16738520D258B destroyed at Sat Dec 09 19:15:52 KST 2023 Session Counts:  0
ERROR 19:15:52.293 [ContainerBackgroundProcessor[StandardEngine[Catalina]]] sems.cm.ctrl.HttpSessionCheckingListener[sessionDestroyed:31] - ##########Session ID ABD285655B6DF39527B16738520D258B destroyed at Sat Dec 09 19:15:52 KST 2023 0
##########Session ID B11D843062761DB3829E1D3A96369A41 destroyed at Sat Dec 09 19:32:52 KST 2023 Session Counts:  -1
ERROR 19:32:52.804 [ContainerBackgroundProcessor[StandardEngine[Catalina]]] sems.cm.ctrl.HttpSessionCheckingListener[sessionDestroyed:31] - ##########Session ID B11D843062761DB3829E1D3A96369A41 destroyed at Sat Dec 09 19:32:52 KST 2023 -1
##########Session ID 886368432C53999AB580495542DC44EE destroyed at Sun Dec 10 01:19:03 KST 2023 Session Counts:  0
ERROR 01:19:03.214 [ContainerBackgroundProcessor[StandardEngine[Catalina]]] sems.cm.ctrl.HttpSessionCheckingListener[sessionDestroyed:31] - ##########Session ID 886368432C53999AB580495542DC44EE destroyed at Sun Dec 10 01:19:03 KST 2023 0
##########Session ID 85D15DDCF12C06C3A0E58CC518606796 destroyed at Sun Dec 10 01:37:03 KST 2023 Session Counts:  -1
ERROR 01:37:03.769 [ContainerBackgroundProcessor[StandardEngine[Catalina]]] sems.cm.ctrl.HttpSessionCheckingListener[sessionDestroyed:31] - ##########Session ID 85D15DDCF12C06C3A0E58CC518606796 destroyed at Sun Dec 10 01:37:03 KST 2023 -1
##########Session ID F23CE9EEAE05D140EC4B19FD43FA5076 destroyed at Sun Dec 10 04:44:09 KST 2023 Session Counts:  -1
ERROR 04:44:09.409 [ContainerBackgroundProcessor[StandardEngine[Catalina]]] sems.cm.ctrl.HttpSessionCheckingListener[sessionDestroyed:31] - ##########Session ID F23CE9EEAE05D140EC4B19FD43FA5076 destroyed at Sun Dec 10 04:44:09 KST 2023 -1
##########Session ID ACDBC3783B40B798BED2FB8C0EBE98ED destroyed at Sun Dec 10 12:27:23 KST 2023 Session Counts:  -1
ERROR 12:27:23.284 [ContainerBackgroundProcessor[StandardEngine[Catalina]]] sems.cm.ctrl.HttpSessionCheckingListener[sessionDestroyed:31] - ##########Session ID ACDBC3783B40B798BED2FB8C0EBE98ED destroyed at Sun Dec 10 12:27:23 KST 2023 -1
##########Session ID 7CAD20567BA52EA9C95206BA160CE486 created at Sun Dec 10 13:55:32 KST 2023 Session Counts: 0
ERROR 13:55:32.294 [http-bio-8443-exec-6] sems.cm.ctrl.HttpSessionCheckingListener[sessionCreated:24] - ##########Session ID 7CAD20567BA52EA9C95206BA160CE486 created at Sun Dec 10 13:55:32 KST 2023 0
##########Session ID EB50731664CAA7D792790392D40CF42F created at Sun Dec 10 13:55:33 KST 2023 Session Counts: 1
ERROR 13:55:33.408 [http-bio-8443-exec-9] sems.cm.ctrl.HttpSessionCheckingListener[sessionCreated:24] - ##########Session ID EB50731664CAA7D792790392D40CF42F created at Sun Dec 10 13:55:33 KST 2023 1
##########Session ID EB50731664CAA7D792790392D40CF42F destroyed at Sun Dec 10 16:56:31 KST 2023 Session Counts:  0
ERROR 16:56:31.345 [ContainerBackgroundProcessor[StandardEngine[Catalina]]] sems.cm.ctrl.HttpSessionCheckingListener[sessionDestroyed:31] - ##########Session ID EB50731664CAA7D792790392D40CF42F destroyed at Sun Dec 10 16:56:31 KST 2023 0
##########Session ID 7CAD20567BA52EA9C95206BA160CE486 destroyed at Sun Dec 10 16:56:31 KST 2023 Session Counts:  -1
ERROR 16:56:31.346 [ContainerBackgroundProcessor[StandardEngine[Catalina]]] sems.cm.ctrl.HttpSessionCheckingListener[sessionDestroyed:31] - ##########Session ID 7CAD20567BA52EA9C95206BA160CE486 destroyed at Sun Dec 10 16:56:31 KST 2023 -1
##########Session ID DD8AD300D382216E447353C47C86B23D created at Sun Dec 10 19:09:39 KST 2023 Session Counts: 2
ERROR 19:09:39.136 [http-bio-8443-exec-11] sems.cm.ctrl.HttpSessionCheckingListener[sessionCreated:24] - ##########Session ID DD8AD300D382216E447353C47C86B23D created at Sun Dec 10 19:09:39 KST 2023 2
##########Session ID 53ACE028B750178CE4D60ED2F19839F5 destroyed at Sun Dec 10 20:23:37 KST 2023 Session Counts:  1
ERROR 20:23:37.565 [ContainerBackgroundProcessor[StandardEngine[Catalina]]] sems.cm.ctrl.HttpSessionCheckingListener[sessionDestroyed:31] - ##########Session ID 53ACE028B750178CE4D60ED2F19839F5 destroyed at Sun Dec 10 20:23:37 KST 2023 1
##########Session ID D877615D8D5135516038DA3A2DF11F99 destroyed at Sun Dec 10 21:49:40 KST 2023 Session Counts:  0
ERROR 21:49:40.146 [ContainerBackgroundProcessor[StandardEngine[Catalina]]] sems.cm.ctrl.HttpSessionCheckingListener[sessionDestroyed:31] - ##########Session ID D877615D8D5135516038DA3A2DF11F99 destroyed at Sun Dec 10 21:49:40 KST 2023 0
##########Session ID DD8AD300D382216E447353C47C86B23D destroyed at Sun Dec 10 22:09:40 KST 2023 Session Counts:  -1
ERROR 22:09:40.743 [ContainerBackgroundProcessor[StandardEngine[Catalina]]] sems.cm.ctrl.HttpSessionCheckingListener[sessionDestroyed:31] - ##########Session ID DD8AD300D382216E447353C47C86B23D destroyed at Sun Dec 10 22:09:40 KST 2023 -1
##########Session ID 65927C7EEA3238F03EF59781118F3F10 destroyed at Mon Dec 11 10:46:03 KST 2023 Session Counts:  0
ERROR 10:46:03.497 [ContainerBackgroundProcessor[StandardEngine[Catalina]]] sems.cm.ctrl.HttpSessionCheckingListener[sessionDestroyed:31] - ##########Session ID 65927C7EEA3238F03EF59781118F3F10 destroyed at Mon Dec 11 10:46:03 KST 2023 0
##########Session ID 1B1E6067FAD9661B099175A9353DC36C created at Mon Dec 11 11:03:23 KST 2023 Session Counts: 3
ERROR 11:03:23.003 [http-bio-8443-exec-18] sems.cm.ctrl.HttpSessionCheckingListener[sessionCreated:24] - ##########Session ID 1B1E6067FAD9661B099175A9353DC36C created at Mon Dec 11 11:03:23 KST 2023 3
##########Session ID E581C41607295FD20207370598D458E6 destroyed at Mon Dec 11 13:28:08 KST 2023 Session Counts:  7
ERROR 13:28:08.375 [ContainerBackgroundProcessor[StandardEngine[Catalina]]] sems.cm.ctrl.HttpSessionCheckingListener[sessionDestroyed:31] - ##########Session ID E581C41607295FD20207370598D458E6 destroyed at Mon Dec 11 13:28:08 KST 2023 7
##########Session ID F4811F94F9455E366F1C37F3B6A3B041 destroyed at Mon Dec 11 14:03:09 KST 2023 Session Counts:  6
ERROR 14:03:09.411 [ContainerBackgroundProcessor[StandardEngine[Catalina]]] sems.cm.ctrl.HttpSessionCheckingListener[sessionDestroyed:31] - ##########Session ID F4811F94F9455E366F1C37F3B6A3B041 destroyed at Mon Dec 11 14:03:09 KST 2023 6
##########Session ID 4B0BF11ED93BC78DD3C232ECBBB050C5 destroyed at Mon Dec 11 14:04:09 KST 2023 Session Counts:  5
ERROR 14:04:09.440 [ContainerBackgroundProcessor[StandardEngine[Catalina]]] sems.cm.ctrl.HttpSessionCheckingListener[sessionDestroyed:31] - ##########Session ID 4B0BF11ED93BC78DD3C232ECBBB050C5 destroyed at Mon Dec 11 14:04:09 KST 2023 5
##########Session ID A6FFF63E9DB174C3523DA6889E09381F destroyed at Mon Dec 11 14:04:09 KST 2023 Session Counts:  4
ERROR 14:04:09.441 [ContainerBackgroundProcessor[StandardEngine[Catalina]]] sems.cm.ctrl.HttpSessionCheckingListener[sessionDestroyed:31] - ##########Session ID A6FFF63E9DB174C3523DA6889E09381F destroyed at Mon Dec 11 14:04:09 KST 2023 4
##########Session ID AC5224E7395315EC278B3662DA69F3B7 destroyed at Mon Dec 11 14:06:09 KST 2023 Session Counts:  3
ERROR 14:06:09.502 [ContainerBackgroundProcessor[StandardEngine[Catalina]]] sems.cm.ctrl.HttpSessionCheckingListener[sessionDestroyed:31] - ##########Session ID AC5224E7395315EC278B3662DA69F3B7 destroyed at Mon Dec 11 14:06:09 KST 2023 3
##########Session ID 48F99FE0A7C98428B3D7F46F46EEFA0F destroyed at Mon Dec 11 14:07:09 KST 2023 Session Counts:  2
ERROR 14:07:09.534 [ContainerBackgroundProcessor[StandardEngine[Catalina]]] sems.cm.ctrl.HttpSessionCheckingListener[sessionDestroyed:31] - ##########Session ID 48F99FE0A7C98428B3D7F46F46EEFA0F destroyed at Mon Dec 11 14:07:09 KST 2023 2
##########Session ID 343722A9440C9BA73C16FD1EFED3437E destroyed at Mon Dec 11 14:28:10 KST 2023 Session Counts:  1
ERROR 14:28:10.173 [ContainerBackgroundProcessor[StandardEngine[Catalina]]] sems.cm.ctrl.HttpSessionCheckingListener[sessionDestroyed:31] - ##########Session ID 343722A9440C9BA73C16FD1EFED3437E destroyed at Mon Dec 11 14:28:10 KST 2023 1
##########Session ID 62D806CE046A9D93BF396BA8365BD9C1 destroyed at Mon Dec 11 15:05:11 KST 2023 Session Counts:  0
ERROR 15:05:11.285 [ContainerBackgroundProcessor[StandardEngine[Catalina]]] sems.cm.ctrl.HttpSessionCheckingListener[sessionDestroyed:31] - ##########Session ID 62D806CE046A9D93BF396BA8365BD9C1 destroyed at Mon Dec 11 15:05:11 KST 2023 0
##########Session ID 2B08005ED130986FDD642DF5DDDF6ED8 destroyed at Mon Dec 11 15:13:11 KST 2023 Session Counts:  -1
ERROR 15:13:11.524 [ContainerBackgroundProcessor[StandardEngine[Catalina]]] sems.cm.ctrl.HttpSessionCheckingListener[sessionDestroyed:31] - ##########Session ID 2B08005ED130986FDD642DF5DDDF6ED8 destroyed at Mon Dec 11 15:13:11 KST 2023 -1
##########Session ID FB465BE1563CBA28938B6CBB9AC15E0D created at Mon Dec 11 17:13:11 KST 2023 Session Counts: 7
ERROR 17:13:11.057 [http-bio-8443-exec-42] sems.cm.ctrl.HttpSessionCheckingListener[sessionCreated:24] - ##########Session ID FB465BE1563CBA28938B6CBB9AC15E0D created at Mon Dec 11 17:13:11 KST 2023 7
##########Session ID EE3E4A12343C9DD817D70AB9ECD78241 destroyed at Mon Dec 11 20:31:20 KST 2023 Session Counts:  4
ERROR 20:31:20.197 [ContainerBackgroundProcessor[StandardEngine[Catalina]]] sems.cm.ctrl.HttpSessionCheckingListener[sessionDestroyed:31] - ##########Session ID EE3E4A12343C9DD817D70AB9ECD78241 destroyed at Mon Dec 11 20:31:20 KST 2023 4
##########Session ID 2BE5B4C8B8A4DB22A4F53FECE3CB84A3 destroyed at Mon Dec 11 20:42:20 KST 2023 Session Counts:  3
ERROR 20:42:20.569 [ContainerBackgroundProcessor[StandardEngine[Catalina]]] sems.cm.ctrl.HttpSessionCheckingListener[sessionDestroyed:31] - ##########Session ID 2BE5B4C8B8A4DB22A4F53FECE3CB84A3 destroyed at Mon Dec 11 20:42:20 KST 2023 3
##########Session ID C3E9548C8E0FB95C8743A407BFF79CB0 destroyed at Mon Dec 11 20:55:21 KST 2023 Session Counts:  3
ERROR 20:55:21.037 [ContainerBackgroundProcessor[StandardEngine[Catalina]]] sems.cm.ctrl.HttpSessionCheckingListener[sessionDestroyed:31] - ##########Session ID C3E9548C8E0FB95C8743A407BFF79CB0 destroyed at Mon Dec 11 20:55:21 KST 2023 3
##########Session ID 4CE773886B2380DBFA659151C709166C destroyed at Mon Dec 11 21:12:21 KST 2023 Session Counts:  2
ERROR 21:12:21.604 [ContainerBackgroundProcessor[StandardEngine[Catalina]]] sems.cm.ctrl.HttpSessionCheckingListener[sessionDestroyed:31] - ##########Session ID 4CE773886B2380DBFA659151C709166C destroyed at Mon Dec 11 21:12:21 KST 2023 2
##########Session ID 873009B276C035EF3E8E88B41E748D24 destroyed at Mon Dec 11 21:16:21 KST 2023 Session Counts:  1
ERROR 21:16:21.743 [ContainerBackgroundProcessor[StandardEngine[Catalina]]] sems.cm.ctrl.HttpSessionCheckingListener[sessionDestroyed:31] - ##########Session ID 873009B276C035EF3E8E88B41E748D24 destroyed at Mon Dec 11 21:16:21 KST 2023 1
##########Session ID 96550E50FF5CF62D8662516B5912401D created at Mon Dec 11 22:41:14 KST 2023 Session Counts: 3
ERROR 22:41:14.101 [http-bio-8443-exec-62] sems.cm.ctrl.HttpSessionCheckingListener[sessionCreated:24] - ##########Session ID 96550E50FF5CF62D8662516B5912401D created at Mon Dec 11 22:41:14 KST 2023 3
##########Session ID 912DD6A2FFCCD3C7DA5480B329836E89 destroyed at Tue Dec 12 00:05:28 KST 2023 Session Counts:  2
ERROR 00:05:28.040 [ContainerBackgroundProcessor[StandardEngine[Catalina]]] sems.cm.ctrl.HttpSessionCheckingListener[sessionDestroyed:31] - ##########Session ID 912DD6A2FFCCD3C7DA5480B329836E89 destroyed at Tue Dec 12 00:05:28 KST 2023 2
##########Session ID 10A4AF887B038757A4CA3F571C1A445B created at Tue Dec 12 00:39:06 KST 2023 Session Counts: 4
ERROR 00:39:06.433 [http-bio-8443-exec-70] sems.cm.ctrl.HttpSessionCheckingListener[sessionCreated:24] - ##########Session ID 10A4AF887B038757A4CA3F571C1A445B created at Tue Dec 12 00:39:06 KST 2023 4
##########Session ID 317BEB6D405B7D4EA3E1B3E51D24BDFD destroyed at Tue Dec 12 01:13:30 KST 2023 Session Counts:  3
ERROR 01:13:30.499 [ContainerBackgroundProcessor[StandardEngine[Catalina]]] sems.cm.ctrl.HttpSessionCheckingListener[sessionDestroyed:31] - ##########Session ID 317BEB6D405B7D4EA3E1B3E51D24BDFD destroyed at Tue Dec 12 01:13:30 KST 2023 3
##########Session ID 96550E50FF5CF62D8662516B5912401D destroyed at Tue Dec 12 01:41:31 KST 2023 Session Counts:  2
ERROR 01:41:31.467 [ContainerBackgroundProcessor[StandardEngine[Catalina]]] sems.cm.ctrl.HttpSessionCheckingListener[sessionDestroyed:31] - ##########Session ID 96550E50FF5CF62D8662516B5912401D destroyed at Tue Dec 12 01:41:31 KST 2023 2
##########Session ID F564CAE3ED1D81ADF48BD9CD77D1518A destroyed at Tue Dec 12 03:39:35 KST 2023 Session Counts:  3
ERROR 03:39:35.572 [ContainerBackgroundProcessor[StandardEngine[Catalina]]] sems.cm.ctrl.HttpSessionCheckingListener[sessionDestroyed:31] - ##########Session ID F564CAE3ED1D81ADF48BD9CD77D1518A destroyed at Tue Dec 12 03:39:35 KST 2023 3
##########Session ID 10A4AF887B038757A4CA3F571C1A445B destroyed at Tue Dec 12 03:39:35 KST 2023 Session Counts:  2
ERROR 03:39:35.573 [ContainerBackgroundProcessor[StandardEngine[Catalina]]] sems.cm.ctrl.HttpSessionCheckingListener[sessionDestroyed:31] - ##########Session ID 10A4AF887B038757A4CA3F571C1A445B destroyed at Tue Dec 12 03:39:35 KST 2023 2
##########Session ID 15416BBCA6A0CB27881C9D4591FF68F8 destroyed at Tue Dec 12 04:55:38 KST 2023 Session Counts:  2
ERROR 04:55:38.191 [ContainerBackgroundProcessor[StandardEngine[Catalina]]] sems.cm.ctrl.HttpSessionCheckingListener[sessionDestroyed:31] - ##########Session ID 15416BBCA6A0CB27881C9D4591FF68F8 destroyed at Tue Dec 12 04:55:38 KST 2023 2
##########Session ID 69B47A0FA47D7B2FCC222FBE84C65786 destroyed at Tue Dec 12 05:12:38 KST 2023 Session Counts:  1
ERROR 05:12:38.786 [ContainerBackgroundProcessor[StandardEngine[Catalina]]] sems.cm.ctrl.HttpSessionCheckingListener[sessionDestroyed:31] - ##########Session ID 69B47A0FA47D7B2FCC222FBE84C65786 destroyed at Tue Dec 12 05:12:38 KST 2023 1
##########Session ID 6E895466E890EA9C63BD994148C4C6F8 destroyed at Tue Dec 12 07:55:44 KST 2023 Session Counts:  0
ERROR 07:55:44.444 [ContainerBackgroundProcessor[StandardEngine[Catalina]]] sems.cm.ctrl.HttpSessionCheckingListener[sessionDestroyed:31] - ##########Session ID 6E895466E890EA9C63BD994148C4C6F8 destroyed at Tue Dec 12 07:55:44 KST 2023 0
##########Session ID 3854351546119DE913B0E46D688D21C8 created at Tue Dec 12 09:03:52 KST 2023 Session Counts: 3
ERROR 09:03:52.389 [http-bio-8443-exec-64] sems.cm.ctrl.HttpSessionCheckingListener[sessionCreated:24] - ##########Session ID 3854351546119DE913B0E46D688D21C8 created at Tue Dec 12 09:03:52 KST 2023 3
##########Session ID 1EEFF51D12149C209612867A8720D9FE destroyed at Tue Dec 12 14:13:32 KST 2023 Session Counts:  10
ERROR 14:13:32.980 [ContainerBackgroundProcessor[StandardEngine[Catalina]]] sems.cm.ctrl.HttpSessionCheckingListener[sessionDestroyed:31] - ##########Session ID 1EEFF51D12149C209612867A8720D9FE destroyed at Tue Dec 12 14:13:32 KST 2023 10
##########Session ID 9548AF830AEB6088427260DEC2FD2706 created at Tue Dec 12 14:33:32 KST 2023 Session Counts: 12
ERROR 14:33:32.184 [http-bio-8443-exec-80] sems.cm.ctrl.HttpSessionCheckingListener[sessionCreated:24] - ##########Session ID 9548AF830AEB6088427260DEC2FD2706 created at Tue Dec 12 14:33:32 KST 2023 12
##########Session ID 9F90B4290A25F7A4F63F1E7D463EC9E1 created at Tue Dec 12 14:33:40 KST 2023 Session Counts: 13
ERROR 14:33:40.446 [http-bio-8443-exec-81] sems.cm.ctrl.HttpSessionCheckingListener[sessionCreated:24] - ##########Session ID 9F90B4290A25F7A4F63F1E7D463EC9E1 created at Tue Dec 12 14:33:40 KST 2023 13
##########Session ID 8017F414FE0EDFBDFE2B5CDC62DEF78A created at Tue Dec 12 14:34:44 KST 2023 Session Counts: 16
ERROR 14:34:44.319 [http-bio-8443-exec-82] sems.cm.ctrl.HttpSessionCheckingListener[sessionCreated:24] - ##########Session ID 8017F414FE0EDFBDFE2B5CDC62DEF78A created at Tue Dec 12 14:34:44 KST 2023 16
##########Session ID 2B4C415522444BA17A713AB3FAE5FAC0 created at Tue Dec 12 14:34:52 KST 2023 Session Counts: 17
ERROR 14:34:52.233 [http-bio-8443-exec-82] sems.cm.ctrl.HttpSessionCheckingListener[sessionCreated:24] - ##########Session ID 2B4C415522444BA17A713AB3FAE5FAC0 created at Tue Dec 12 14:34:52 KST 2023 17
##########Session ID 49ABAAB61961FA395564B2B3EB7E2D91 created at Tue Dec 12 14:35:01 KST 2023 Session Counts: 18
ERROR 14:35:01.490 [http-bio-8443-exec-82] sems.cm.ctrl.HttpSessionCheckingListener[sessionCreated:24] - ##########Session ID 49ABAAB61961FA395564B2B3EB7E2D91 created at Tue Dec 12 14:35:01 KST 2023 18
##########Session ID 75AF76D0193E4F3C1EF388DFE63253B3 destroyed at Tue Dec 12 14:35:33 KST 2023 Session Counts:  18
ERROR 14:35:33.750 [ContainerBackgroundProcessor[StandardEngine[Catalina]]] sems.cm.ctrl.HttpSessionCheckingListener[sessionDestroyed:31] - ##########Session ID 75AF76D0193E4F3C1EF388DFE63253B3 destroyed at Tue Dec 12 14:35:33 KST 2023 18
##########Session ID 2BB512A35154E5BB9711E651A59A3605 destroyed at Tue Dec 12 14:58:34 KST 2023 Session Counts:  17
ERROR 14:58:34.560 [ContainerBackgroundProcessor[StandardEngine[Catalina]]] sems.cm.ctrl.HttpSessionCheckingListener[sessionDestroyed:31] - ##########Session ID 2BB512A35154E5BB9711E651A59A3605 destroyed at Tue Dec 12 14:58:34 KST 2023 17
##########Session ID 558D40270D5F204F437A3D0B021D0553 destroyed at Tue Dec 12 14:58:34 KST 2023 Session Counts:  16
ERROR 14:58:34.560 [ContainerBackgroundProcessor[StandardEngine[Catalina]]] sems.cm.ctrl.HttpSessionCheckingListener[sessionDestroyed:31] - ##########Session ID 558D40270D5F204F437A3D0B021D0553 destroyed at Tue Dec 12 14:58:34 KST 2023 16
##########Session ID D5E53E3CE04628207C5BFAF48EDDF105 destroyed at Tue Dec 12 14:59:34 KST 2023 Session Counts:  15
ERROR 14:59:34.596 [ContainerBackgroundProcessor[StandardEngine[Catalina]]] sems.cm.ctrl.HttpSessionCheckingListener[sessionDestroyed:31] - ##########Session ID D5E53E3CE04628207C5BFAF48EDDF105 destroyed at Tue Dec 12 14:59:34 KST 2023 15
##########Session ID 2E08ED43B87B3476A6D33D0981EDBC1F destroyed at Tue Dec 12 15:00:34 KST 2023 Session Counts:  14
ERROR 15:00:34.634 [ContainerBackgroundProcessor[StandardEngine[Catalina]]] sems.cm.ctrl.HttpSessionCheckingListener[sessionDestroyed:31] - ##########Session ID 2E08ED43B87B3476A6D33D0981EDBC1F destroyed at Tue Dec 12 15:00:34 KST 2023 14
##########Session ID BA2275BF11C4DFAC6CDDCD69D9A95F3D destroyed at Tue Dec 12 15:00:34 KST 2023 Session Counts:  13
ERROR 15:00:34.635 [ContainerBackgroundProcessor[StandardEngine[Catalina]]] sems.cm.ctrl.HttpSessionCheckingListener[sessionDestroyed:31] - ##########Session ID BA2275BF11C4DFAC6CDDCD69D9A95F3D destroyed at Tue Dec 12 15:00:34 KST 2023 13
##########Session ID 5EBB145A5E8DD57E838F6310CD18F86B destroyed at Tue Dec 12 15:04:34 KST 2023 Session Counts:  12
ERROR 15:04:34.773 [ContainerBackgroundProcessor[StandardEngine[Catalina]]] sems.cm.ctrl.HttpSessionCheckingListener[sessionDestroyed:31] - ##########Session ID 5EBB145A5E8DD57E838F6310CD18F86B destroyed at Tue Dec 12 15:04:34 KST 2023 12
##########Session ID A85AD7FC4FD17B5E626D1EB22208D0C8 destroyed at Tue Dec 12 15:05:34 KST 2023 Session Counts:  11
ERROR 15:05:34.809 [ContainerBackgroundProcessor[StandardEngine[Catalina]]] sems.cm.ctrl.HttpSessionCheckingListener[sessionDestroyed:31] - ##########Session ID A85AD7FC4FD17B5E626D1EB22208D0C8 destroyed at Tue Dec 12 15:05:34 KST 2023 11
##########Session ID A5D3363EB8E2D895FD2E2DF02920A8B8 destroyed at Tue Dec 12 15:05:34 KST 2023 Session Counts:  10
ERROR 15:05:34.810 [ContainerBackgroundProcessor[StandardEngine[Catalina]]] sems.cm.ctrl.HttpSessionCheckingListener[sessionDestroyed:31] - ##########Session ID A5D3363EB8E2D895FD2E2DF02920A8B8 destroyed at Tue Dec 12 15:05:34 KST 2023 10
##########Session ID 5AEF0DF28E006300442838023EC09809 destroyed at Tue Dec 12 15:21:35 KST 2023 Session Counts:  9
ERROR 15:21:35.380 [ContainerBackgroundProcessor[StandardEngine[Catalina]]] sems.cm.ctrl.HttpSessionCheckingListener[sessionDestroyed:31] - ##########Session ID 5AEF0DF28E006300442838023EC09809 destroyed at Tue Dec 12 15:21:35 KST 2023 9
##########Session ID 9E68EE77F7D9D377CF3D212D4EAD4760 destroyed at Tue Dec 12 17:33:39 KST 2023 Session Counts:  9
ERROR 17:33:39.956 [ContainerBackgroundProcessor[StandardEngine[Catalina]]] sems.cm.ctrl.HttpSessionCheckingListener[sessionDestroyed:31] - ##########Session ID 9E68EE77F7D9D377CF3D212D4EAD4760 destroyed at Tue Dec 12 17:33:39 KST 2023 9
##########Session ID 61316338DDF72CBB042BB0072373D729 destroyed at Tue Dec 12 17:34:39 KST 2023 Session Counts:  8
ERROR 17:34:39.990 [ContainerBackgroundProcessor[StandardEngine[Catalina]]] sems.cm.ctrl.HttpSessionCheckingListener[sessionDestroyed:31] - ##########Session ID 61316338DDF72CBB042BB0072373D729 destroyed at Tue Dec 12 17:34:39 KST 2023 8
##########Session ID BC496B070E8612A4A6F2976203215C88 destroyed at Tue Dec 12 17:34:39 KST 2023 Session Counts:  7
ERROR 17:34:39.990 [ContainerBackgroundProcessor[StandardEngine[Catalina]]] sems.cm.ctrl.HttpSessionCheckingListener[sessionDestroyed:31] - ##########Session ID BC496B070E8612A4A6F2976203215C88 destroyed at Tue Dec 12 17:34:39 KST 2023 7
##########Session ID 9F90B4290A25F7A4F63F1E7D463EC9E1 destroyed at Tue Dec 12 17:34:39 KST 2023 Session Counts:  6
ERROR 17:34:39.990 [ContainerBackgroundProcessor[StandardEngine[Catalina]]] sems.cm.ctrl.HttpSessionCheckingListener[sessionDestroyed:31] - ##########Session ID 9F90B4290A25F7A4F63F1E7D463EC9E1 destroyed at Tue Dec 12 17:34:39 KST 2023 6
##########Session ID FEE985D0A9060D3B68B04710F437F5EA destroyed at Tue Dec 12 17:35:40 KST 2023 Session Counts:  5
ERROR 17:35:40.025 [ContainerBackgroundProcessor[StandardEngine[Catalina]]] sems.cm.ctrl.HttpSessionCheckingListener[sessionDestroyed:31] - ##########Session ID FEE985D0A9060D3B68B04710F437F5EA destroyed at Tue Dec 12 17:35:40 KST 2023 5
##########Session ID 22A685ADA78F80DEB6ED03CF54C49AE2 destroyed at Tue Dec 12 17:35:40 KST 2023 Session Counts:  4
ERROR 17:35:40.026 [ContainerBackgroundProcessor[StandardEngine[Catalina]]] sems.cm.ctrl.HttpSessionCheckingListener[sessionDestroyed:31] - ##########Session ID 22A685ADA78F80DEB6ED03CF54C49AE2 destroyed at Tue Dec 12 17:35:40 KST 2023 4
##########Session ID B2EB1C629C46FD08F1B613B3466C9103 destroyed at Tue Dec 12 17:35:40 KST 2023 Session Counts:  3
ERROR 17:35:40.026 [ContainerBackgroundProcessor[StandardEngine[Catalina]]] sems.cm.ctrl.HttpSessionCheckingListener[sessionDestroyed:31] - ##########Session ID B2EB1C629C46FD08F1B613B3466C9103 destroyed at Tue Dec 12 17:35:40 KST 2023 3
##########Session ID 49ABAAB61961FA395564B2B3EB7E2D91 destroyed at Tue Dec 12 17:35:40 KST 2023 Session Counts:  2
ERROR 17:35:40.027 [ContainerBackgroundProcessor[StandardEngine[Catalina]]] sems.cm.ctrl.HttpSessionCheckingListener[sessionDestroyed:31] - ##########Session ID 49ABAAB61961FA395564B2B3EB7E2D91 destroyed at Tue Dec 12 17:35:40 KST 2023 2
##########Session ID B917493A68C17FF83F7B08E09DDD7D6B destroyed at Tue Dec 12 17:35:40 KST 2023 Session Counts:  1
ERROR 17:35:40.027 [ContainerBackgroundProcessor[StandardEngine[Catalina]]] sems.cm.ctrl.HttpSessionCheckingListener[sessionDestroyed:31] - ##########Session ID B917493A68C17FF83F7B08E09DDD7D6B destroyed at Tue Dec 12 17:35:40 KST 2023 1
##########Session ID 87DB1A3C01E219CA70BFD118409FC897 created at Tue Dec 12 19:31:03 KST 2023 Session Counts: 2
ERROR 19:31:03.087 [http-bio-8443-exec-77] sems.cm.ctrl.HttpSessionCheckingListener[sessionCreated:24] - ##########Session ID 87DB1A3C01E219CA70BFD118409FC897 created at Tue Dec 12 19:31:03 KST 2023 2
##########Session ID F4BA53DBDEC041D9BE7F5D8C05DDA077 destroyed at Tue Dec 12 20:28:46 KST 2023 Session Counts:  1
ERROR 20:28:46.051 [ContainerBackgroundProcessor[StandardEngine[Catalina]]] sems.cm.ctrl.HttpSessionCheckingListener[sessionDestroyed:31] - ##########Session ID F4BA53DBDEC041D9BE7F5D8C05DDA077 destroyed at Tue Dec 12 20:28:46 KST 2023 1
##########Session ID 6F625F117CEEC1310881C8259A67DDA3 created at Tue Dec 12 22:09:02 KST 2023 Session Counts: 3
ERROR 22:09:02.498 [http-bio-8443-exec-79] sems.cm.ctrl.HttpSessionCheckingListener[sessionCreated:24] - ##########Session ID 6F625F117CEEC1310881C8259A67DDA3 created at Tue Dec 12 22:09:02 KST 2023 3
##########Session ID 87DB1A3C01E219CA70BFD118409FC897 destroyed at Tue Dec 12 22:31:50 KST 2023 Session Counts:  2
ERROR 22:31:50.349 [ContainerBackgroundProcessor[StandardEngine[Catalina]]] sems.cm.ctrl.HttpSessionCheckingListener[sessionDestroyed:31] - ##########Session ID 87DB1A3C01E219CA70BFD118409FC897 destroyed at Tue Dec 12 22:31:50 KST 2023 2
##########Session ID 6F625F117CEEC1310881C8259A67DDA3 destroyed at Wed Dec 13 01:09:55 KST 2023 Session Counts:  1
ERROR 01:09:55.847 [ContainerBackgroundProcessor[StandardEngine[Catalina]]] sems.cm.ctrl.HttpSessionCheckingListener[sessionDestroyed:31] - ##########Session ID 6F625F117CEEC1310881C8259A67DDA3 destroyed at Wed Dec 13 01:09:55 KST 2023 1
##########Session ID A5F72765E7729DE596D88F3EA59F4A10 destroyed at Wed Dec 13 01:09:55 KST 2023 Session Counts:  0
ERROR 01:09:55.869 [ContainerBackgroundProcessor[StandardEngine[Catalina]]] sems.cm.ctrl.HttpSessionCheckingListener[sessionDestroyed:31] - ##########Session ID A5F72765E7729DE596D88F3EA59F4A10 destroyed at Wed Dec 13 01:09:55 KST 2023 0
##########Session ID 95497CE3AC4182D1599D9C0A606B12EF destroyed at Wed Dec 13 04:21:02 KST 2023 Session Counts:  2
ERROR 04:21:02.546 [ContainerBackgroundProcessor[StandardEngine[Catalina]]] sems.cm.ctrl.HttpSessionCheckingListener[sessionDestroyed:31] - ##########Session ID 95497CE3AC4182D1599D9C0A606B12EF destroyed at Wed Dec 13 04:21:02 KST 2023 2
##########Session ID 5FAC53DBEC324F3EBA02321526830A57 destroyed at Wed Dec 13 04:45:03 KST 2023 Session Counts:  1
ERROR 04:45:03.375 [ContainerBackgroundProcessor[StandardEngine[Catalina]]] sems.cm.ctrl.HttpSessionCheckingListener[sessionDestroyed:31] - ##########Session ID 5FAC53DBEC324F3EBA02321526830A57 destroyed at Wed Dec 13 04:45:03 KST 2023 1
##########Session ID 686ACB1E6EB70D88FF6EE7AB9FC516CD created at Wed Dec 13 05:15:53 KST 2023 Session Counts: 2
ERROR 05:15:53.278 [http-bio-8443-exec-76] sems.cm.ctrl.HttpSessionCheckingListener[sessionCreated:24] - ##########Session ID 686ACB1E6EB70D88FF6EE7AB9FC516CD created at Wed Dec 13 05:15:53 KST 2023 2
##########Session ID 2B91D12A18295A71D46BF4FEDF361439 destroyed at Wed Dec 13 05:52:05 KST 2023 Session Counts:  1
ERROR 05:52:05.696 [ContainerBackgroundProcessor[StandardEngine[Catalina]]] sems.cm.ctrl.HttpSessionCheckingListener[sessionDestroyed:31] - ##########Session ID 2B91D12A18295A71D46BF4FEDF361439 destroyed at Wed Dec 13 05:52:05 KST 2023 1
##########Session ID 686ACB1E6EB70D88FF6EE7AB9FC516CD destroyed at Wed Dec 13 08:16:10 KST 2023 Session Counts:  0
ERROR 08:16:10.730 [ContainerBackgroundProcessor[StandardEngine[Catalina]]] sems.cm.ctrl.HttpSessionCheckingListener[sessionDestroyed:31] - ##########Session ID 686ACB1E6EB70D88FF6EE7AB9FC516CD destroyed at Wed Dec 13 08:16:10 KST 2023 0
##########Session ID 26C50055FB333BE2652585C7789F5829 created at Wed Dec 13 10:29:27 KST 2023 Session Counts: 3
ERROR 10:29:27.435 [http-bio-8443-exec-81] sems.cm.ctrl.HttpSessionCheckingListener[sessionCreated:24] - ##########Session ID 26C50055FB333BE2652585C7789F5829 created at Wed Dec 13 10:29:27 KST 2023 3
##########Session ID 8739D569D79A7B5733C83BB57F00724B created at Wed Dec 13 10:29:35 KST 2023 Session Counts: 4
ERROR 10:29:35.627 [http-bio-8443-exec-82] sems.cm.ctrl.HttpSessionCheckingListener[sessionCreated:24] - ##########Session ID 8739D569D79A7B5733C83BB57F00724B created at Wed Dec 13 10:29:35 KST 2023 4
