
2024-03-04 16:36:30 Commons Daemon procrun stdout initialized
##########Session ID 3926BD75623D0C83C0BB8CA5F751F536 created at Mon Mar 04 17:04:25 KST 2024 Session Counts: 8
ERROR 17:04:25.572 [http-bio-12443-exec-6] sems.cm.ctrl.HttpSessionCheckingListener[sessionCreated:24] - ##########Session ID 3926BD75623D0C83C0BB8CA5F751F536 created at Mon Mar 04 17:04:25 KST 2024 8
##########Session ID E32A2A575B0F5EE6D7A837E20B1E4EF6 created at Mon Mar 04 17:05:02 KST 2024 Session Counts: 9
ERROR 17:05:02.445 [http-bio-12443-exec-9] sems.cm.ctrl.HttpSessionCheckingListener[sessionCreated:24] - ##########Session ID E32A2A575B0F5EE6D7A837E20B1E4EF6 created at Mon Mar 04 17:05:02 KST 2024 9
##########Session ID AF8B78DE576AEE53463CA1AFB2D2EE08 created at Mon Mar 04 17:09:36 KST 2024 Session Counts: 13
ERROR 17:09:36.089 [http-bio-12443-exec-4] sems.cm.ctrl.HttpSessionCheckingListener[sessionCreated:24] - ##########Session ID AF8B78DE576AEE53463CA1AFB2D2EE08 created at Mon Mar 04 17:09:36 KST 2024 13

2024-03-04 17:12:46 Commons Daemon procrun stdout initialized
##########Session ID 8C379EAF400FD9E9DDF29A8D12143AAA created at Mon Mar 04 17:14:48 KST 2024 Session Counts: 2
ERROR 17:14:48.114 [http-bio-12443-exec-2] sems.cm.ctrl.HttpSessionCheckingListener[sessionCreated:24] - ##########Session ID 8C379EAF400FD9E9DDF29A8D12143AAA created at Mon Mar 04 17:14:48 KST 2024 2

2024-03-04 17:17:15 Commons Daemon procrun stdout initialized
##########Session ID 02258948A3F5CD7FDE64180C33EFE5DF created at Mon Mar 04 17:28:42 KST 2024 Session Counts: 8
ERROR 17:28:42.764 [http-bio-12443-exec-5] sems.cm.ctrl.HttpSessionCheckingListener[sessionCreated:24] - ##########Session ID 02258948A3F5CD7FDE64180C33EFE5DF created at Mon Mar 04 17:28:42 KST 2024 8
##########Session ID 7940819190B17821F9EBAD0CE404831A destroyed at Mon Mar 04 20:18:34 KST 2024 Session Counts:  21
ERROR 20:18:34.851 [ContainerBackgroundProcessor[StandardEngine[Catalina]]] sems.cm.ctrl.HttpSessionCheckingListener[sessionDestroyed:31] - ##########Session ID 7940819190B17821F9EBAD0CE404831A destroyed at Mon Mar 04 20:18:34 KST 2024 21
##########Session ID 649B58F1254A93BD4A1900032FCA40F1 destroyed at Mon Mar 04 20:24:35 KST 2024 Session Counts:  20
ERROR 20:24:35.004 [ContainerBackgroundProcessor[StandardEngine[Catalina]]] sems.cm.ctrl.HttpSessionCheckingListener[sessionDestroyed:31] - ##########Session ID 649B58F1254A93BD4A1900032FCA40F1 destroyed at Mon Mar 04 20:24:35 KST 2024 20
##########Session ID 4E2D3ABB9C337B18242B69C6641CF925 destroyed at Mon Mar 04 20:27:35 KST 2024 Session Counts:  19
ERROR 20:27:35.078 [ContainerBackgroundProcessor[StandardEngine[Catalina]]] sems.cm.ctrl.HttpSessionCheckingListener[sessionDestroyed:31] - ##########Session ID 4E2D3ABB9C337B18242B69C6641CF925 destroyed at Mon Mar 04 20:27:35 KST 2024 19
##########Session ID 98DF0FC886305BA1904F2376F0FEA543 destroyed at Mon Mar 04 20:28:35 KST 2024 Session Counts:  18
ERROR 20:28:35.104 [ContainerBackgroundProcessor[StandardEngine[Catalina]]] sems.cm.ctrl.HttpSessionCheckingListener[sessionDestroyed:31] - ##########Session ID 98DF0FC886305BA1904F2376F0FEA543 destroyed at Mon Mar 04 20:28:35 KST 2024 18
##########Session ID 44C4F48C16DFE727450D4D2B10012BCB destroyed at Mon Mar 04 20:29:35 KST 2024 Session Counts:  17
ERROR 20:29:35.128 [ContainerBackgroundProcessor[StandardEngine[Catalina]]] sems.cm.ctrl.HttpSessionCheckingListener[sessionDestroyed:31] - ##########Session ID 44C4F48C16DFE727450D4D2B10012BCB destroyed at Mon Mar 04 20:29:35 KST 2024 17
##########Session ID 02258948A3F5CD7FDE64180C33EFE5DF destroyed at Mon Mar 04 20:29:35 KST 2024 Session Counts:  16
ERROR 20:29:35.129 [ContainerBackgroundProcessor[StandardEngine[Catalina]]] sems.cm.ctrl.HttpSessionCheckingListener[sessionDestroyed:31] - ##########Session ID 02258948A3F5CD7FDE64180C33EFE5DF destroyed at Mon Mar 04 20:29:35 KST 2024 16
##########Session ID 0ACD634ED1BEA839BFFD0F30448FA4BC destroyed at Mon Mar 04 20:29:35 KST 2024 Session Counts:  15
ERROR 20:29:35.129 [ContainerBackgroundProcessor[StandardEngine[Catalina]]] sems.cm.ctrl.HttpSessionCheckingListener[sessionDestroyed:31] - ##########Session ID 0ACD634ED1BEA839BFFD0F30448FA4BC destroyed at Mon Mar 04 20:29:35 KST 2024 15
##########Session ID 3D6B1364780349C15D5A78BB61466DF8 destroyed at Mon Mar 04 20:29:35 KST 2024 Session Counts:  14
ERROR 20:29:35.130 [ContainerBackgroundProcessor[StandardEngine[Catalina]]] sems.cm.ctrl.HttpSessionCheckingListener[sessionDestroyed:31] - ##########Session ID 3D6B1364780349C15D5A78BB61466DF8 destroyed at Mon Mar 04 20:29:35 KST 2024 14
##########Session ID EF4357828AF716D5E954944B60746C8E destroyed at Mon Mar 04 20:31:35 KST 2024 Session Counts:  13
ERROR 20:31:35.181 [ContainerBackgroundProcessor[StandardEngine[Catalina]]] sems.cm.ctrl.HttpSessionCheckingListener[sessionDestroyed:31] - ##########Session ID EF4357828AF716D5E954944B60746C8E destroyed at Mon Mar 04 20:31:35 KST 2024 13
##########Session ID 7CE321724314B1C32DA3CA38F83C9D76 destroyed at Mon Mar 04 20:32:35 KST 2024 Session Counts:  12
ERROR 20:32:35.207 [ContainerBackgroundProcessor[StandardEngine[Catalina]]] sems.cm.ctrl.HttpSessionCheckingListener[sessionDestroyed:31] - ##########Session ID 7CE321724314B1C32DA3CA38F83C9D76 destroyed at Mon Mar 04 20:32:35 KST 2024 12
##########Session ID 55424B7BCE8E9734AC9238BA6D6CE3AF destroyed at Mon Mar 04 20:33:35 KST 2024 Session Counts:  11
ERROR 20:33:35.236 [ContainerBackgroundProcessor[StandardEngine[Catalina]]] sems.cm.ctrl.HttpSessionCheckingListener[sessionDestroyed:31] - ##########Session ID 55424B7BCE8E9734AC9238BA6D6CE3AF destroyed at Mon Mar 04 20:33:35 KST 2024 11
##########Session ID 92C93EA72F8734BBE30DE3590C2B0E23 destroyed at Mon Mar 04 20:33:35 KST 2024 Session Counts:  10
ERROR 20:33:35.237 [ContainerBackgroundProcessor[StandardEngine[Catalina]]] sems.cm.ctrl.HttpSessionCheckingListener[sessionDestroyed:31] - ##########Session ID 92C93EA72F8734BBE30DE3590C2B0E23 destroyed at Mon Mar 04 20:33:35 KST 2024 10
##########Session ID 67BCF7773E67CAB9F0EC0383741C2188 destroyed at Mon Mar 04 20:34:35 KST 2024 Session Counts:  9
ERROR 20:34:35.260 [ContainerBackgroundProcessor[StandardEngine[Catalina]]] sems.cm.ctrl.HttpSessionCheckingListener[sessionDestroyed:31] - ##########Session ID 67BCF7773E67CAB9F0EC0383741C2188 destroyed at Mon Mar 04 20:34:35 KST 2024 9
##########Session ID 2A8383DDEA082E4DD1A857D60B7C2D38 destroyed at Mon Mar 04 20:34:35 KST 2024 Session Counts:  8
ERROR 20:34:35.260 [ContainerBackgroundProcessor[StandardEngine[Catalina]]] sems.cm.ctrl.HttpSessionCheckingListener[sessionDestroyed:31] - ##########Session ID 2A8383DDEA082E4DD1A857D60B7C2D38 destroyed at Mon Mar 04 20:34:35 KST 2024 8
##########Session ID 550237670D2AACCA271509DCF560EECB destroyed at Mon Mar 04 20:34:35 KST 2024 Session Counts:  7
ERROR 20:34:35.261 [ContainerBackgroundProcessor[StandardEngine[Catalina]]] sems.cm.ctrl.HttpSessionCheckingListener[sessionDestroyed:31] - ##########Session ID 550237670D2AACCA271509DCF560EECB destroyed at Mon Mar 04 20:34:35 KST 2024 7
##########Session ID 4CFC8FFF67DF9A1EB759656D312F28A8 destroyed at Mon Mar 04 20:48:35 KST 2024 Session Counts:  8
ERROR 20:48:35.608 [ContainerBackgroundProcessor[StandardEngine[Catalina]]] sems.cm.ctrl.HttpSessionCheckingListener[sessionDestroyed:31] - ##########Session ID 4CFC8FFF67DF9A1EB759656D312F28A8 destroyed at Mon Mar 04 20:48:35 KST 2024 8
##########Session ID A279B130C6BA4C0A38424C0E78393C99 destroyed at Mon Mar 04 21:03:35 KST 2024 Session Counts:  7
ERROR 21:03:35.981 [ContainerBackgroundProcessor[StandardEngine[Catalina]]] sems.cm.ctrl.HttpSessionCheckingListener[sessionDestroyed:31] - ##########Session ID A279B130C6BA4C0A38424C0E78393C99 destroyed at Mon Mar 04 21:03:35 KST 2024 7
##########Session ID 54E7094CF699891C0D0F39E38FCCC109 destroyed at Mon Mar 04 21:11:36 KST 2024 Session Counts:  6
ERROR 21:11:36.194 [ContainerBackgroundProcessor[StandardEngine[Catalina]]] sems.cm.ctrl.HttpSessionCheckingListener[sessionDestroyed:31] - ##########Session ID 54E7094CF699891C0D0F39E38FCCC109 destroyed at Mon Mar 04 21:11:36 KST 2024 6
##########Session ID 6A4968B49DB5B10B8B5CBA078685BDD4 destroyed at Mon Mar 04 21:19:36 KST 2024 Session Counts:  5
ERROR 21:19:36.394 [ContainerBackgroundProcessor[StandardEngine[Catalina]]] sems.cm.ctrl.HttpSessionCheckingListener[sessionDestroyed:31] - ##########Session ID 6A4968B49DB5B10B8B5CBA078685BDD4 destroyed at Mon Mar 04 21:19:36 KST 2024 5
##########Session ID 1CBFEC843CB7E3E446095143C4762CFF destroyed at Mon Mar 04 21:40:36 KST 2024 Session Counts:  9
ERROR 21:40:36.916 [ContainerBackgroundProcessor[StandardEngine[Catalina]]] sems.cm.ctrl.HttpSessionCheckingListener[sessionDestroyed:31] - ##########Session ID 1CBFEC843CB7E3E446095143C4762CFF destroyed at Mon Mar 04 21:40:36 KST 2024 9
##########Session ID 8CD0433317B1E75204D6316503E9F69B destroyed at Mon Mar 04 21:56:37 KST 2024 Session Counts:  9
ERROR 21:56:37.311 [ContainerBackgroundProcessor[StandardEngine[Catalina]]] sems.cm.ctrl.HttpSessionCheckingListener[sessionDestroyed:31] - ##########Session ID 8CD0433317B1E75204D6316503E9F69B destroyed at Mon Mar 04 21:56:37 KST 2024 9
##########Session ID EB454E4CCD16A2382D392C5CEBF455BF destroyed at Mon Mar 04 22:02:37 KST 2024 Session Counts:  8
ERROR 22:02:37.462 [ContainerBackgroundProcessor[StandardEngine[Catalina]]] sems.cm.ctrl.HttpSessionCheckingListener[sessionDestroyed:31] - ##########Session ID EB454E4CCD16A2382D392C5CEBF455BF destroyed at Mon Mar 04 22:02:37 KST 2024 8
##########Session ID 43454EA47BE6A3E785BDF10FC6AD43CE destroyed at Mon Mar 04 23:42:39 KST 2024 Session Counts:  9
ERROR 23:42:39.900 [ContainerBackgroundProcessor[StandardEngine[Catalina]]] sems.cm.ctrl.HttpSessionCheckingListener[sessionDestroyed:31] - ##########Session ID 43454EA47BE6A3E785BDF10FC6AD43CE destroyed at Mon Mar 04 23:42:39 KST 2024 9
##########Session ID 56480C7F74FA248F335C35896A21D1EA destroyed at Tue Mar 05 00:20:40 KST 2024 Session Counts:  8
ERROR 00:20:40.822 [ContainerBackgroundProcessor[StandardEngine[Catalina]]] sems.cm.ctrl.HttpSessionCheckingListener[sessionDestroyed:31] - ##########Session ID 56480C7F74FA248F335C35896A21D1EA destroyed at Tue Mar 05 00:20:40 KST 2024 8
##########Session ID 9CABB1F8669243CDC5683284808ED662 destroyed at Tue Mar 05 00:20:40 KST 2024 Session Counts:  7
ERROR 00:20:40.826 [ContainerBackgroundProcessor[StandardEngine[Catalina]]] sems.cm.ctrl.HttpSessionCheckingListener[sessionDestroyed:31] - ##########Session ID 9CABB1F8669243CDC5683284808ED662 destroyed at Tue Mar 05 00:20:40 KST 2024 7
##########Session ID 5BF959C531D01E6F24852E42B1A02ADA destroyed at Tue Mar 05 00:20:40 KST 2024 Session Counts:  6
ERROR 00:20:40.826 [ContainerBackgroundProcessor[StandardEngine[Catalina]]] sems.cm.ctrl.HttpSessionCheckingListener[sessionDestroyed:31] - ##########Session ID 5BF959C531D01E6F24852E42B1A02ADA destroyed at Tue Mar 05 00:20:40 KST 2024 6
##########Session ID 74DA0AA3B2391633B4883827AFD5D120 destroyed at Tue Mar 05 00:32:41 KST 2024 Session Counts:  5
ERROR 00:32:41.117 [ContainerBackgroundProcessor[StandardEngine[Catalina]]] sems.cm.ctrl.HttpSessionCheckingListener[sessionDestroyed:31] - ##########Session ID 74DA0AA3B2391633B4883827AFD5D120 destroyed at Tue Mar 05 00:32:41 KST 2024 5
##########Session ID 336FED2662340AB33C94A9D5F908B8C2 destroyed at Tue Mar 05 00:36:41 KST 2024 Session Counts:  4
ERROR 00:36:41.221 [ContainerBackgroundProcessor[StandardEngine[Catalina]]] sems.cm.ctrl.HttpSessionCheckingListener[sessionDestroyed:31] - ##########Session ID 336FED2662340AB33C94A9D5F908B8C2 destroyed at Tue Mar 05 00:36:41 KST 2024 4
##########Session ID D7899D4232803A870BB2B1C3FE84C330 destroyed at Tue Mar 05 00:41:41 KST 2024 Session Counts:  3
ERROR 00:41:41.341 [ContainerBackgroundProcessor[StandardEngine[Catalina]]] sems.cm.ctrl.HttpSessionCheckingListener[sessionDestroyed:31] - ##########Session ID D7899D4232803A870BB2B1C3FE84C330 destroyed at Tue Mar 05 00:41:41 KST 2024 3
##########Session ID D1342065E413BCDE717B963AAD71DB1D destroyed at Tue Mar 05 00:51:41 KST 2024 Session Counts:  2
ERROR 00:51:41.584 [ContainerBackgroundProcessor[StandardEngine[Catalina]]] sems.cm.ctrl.HttpSessionCheckingListener[sessionDestroyed:31] - ##########Session ID D1342065E413BCDE717B963AAD71DB1D destroyed at Tue Mar 05 00:51:41 KST 2024 2
##########Session ID 877FABF274A240F71094F017663FBE7E destroyed at Tue Mar 05 01:28:42 KST 2024 Session Counts:  1
ERROR 01:28:42.518 [ContainerBackgroundProcessor[StandardEngine[Catalina]]] sems.cm.ctrl.HttpSessionCheckingListener[sessionDestroyed:31] - ##########Session ID 877FABF274A240F71094F017663FBE7E destroyed at Tue Mar 05 01:28:42 KST 2024 1
##########Session ID 672AF2E0939A8B068908733B8082BC0A destroyed at Tue Mar 05 01:46:42 KST 2024 Session Counts:  0
ERROR 01:46:42.964 [ContainerBackgroundProcessor[StandardEngine[Catalina]]] sems.cm.ctrl.HttpSessionCheckingListener[sessionDestroyed:31] - ##########Session ID 672AF2E0939A8B068908733B8082BC0A destroyed at Tue Mar 05 01:46:42 KST 2024 0
##########Session ID C3BDA5D6C8848C9F7A6A77E5796416A1 created at Tue Mar 05 11:30:15 KST 2024 Session Counts: 5
ERROR 11:30:15.517 [http-bio-12443-exec-6] sems.cm.ctrl.HttpSessionCheckingListener[sessionCreated:24] - ##########Session ID C3BDA5D6C8848C9F7A6A77E5796416A1 created at Tue Mar 05 11:30:15 KST 2024 5
##########Session ID D243B44D4E3056A9C67A3739BE202460 destroyed at Tue Mar 05 11:38:57 KST 2024 Session Counts:  4
ERROR 11:38:57.470 [ContainerBackgroundProcessor[StandardEngine[Catalina]]] sems.cm.ctrl.HttpSessionCheckingListener[sessionDestroyed:31] - ##########Session ID D243B44D4E3056A9C67A3739BE202460 destroyed at Tue Mar 05 11:38:57 KST 2024 4
##########Session ID AE8E6FFB234692FB0588248BA81F3D4A destroyed at Tue Mar 05 12:38:58 KST 2024 Session Counts:  3
ERROR 12:38:58.956 [ContainerBackgroundProcessor[StandardEngine[Catalina]]] sems.cm.ctrl.HttpSessionCheckingListener[sessionDestroyed:31] - ##########Session ID AE8E6FFB234692FB0588248BA81F3D4A destroyed at Tue Mar 05 12:38:58 KST 2024 3
##########Session ID BE47C9D9B417739819C9A0A0695F408A destroyed at Tue Mar 05 14:31:01 KST 2024 Session Counts:  4
ERROR 14:31:01.670 [ContainerBackgroundProcessor[StandardEngine[Catalina]]] sems.cm.ctrl.HttpSessionCheckingListener[sessionDestroyed:31] - ##########Session ID BE47C9D9B417739819C9A0A0695F408A destroyed at Tue Mar 05 14:31:01 KST 2024 4
##########Session ID 9902F608709A8DCBDF52ED160123405E destroyed at Tue Mar 05 14:34:01 KST 2024 Session Counts:  3
ERROR 14:34:01.742 [ContainerBackgroundProcessor[StandardEngine[Catalina]]] sems.cm.ctrl.HttpSessionCheckingListener[sessionDestroyed:31] - ##########Session ID 9902F608709A8DCBDF52ED160123405E destroyed at Tue Mar 05 14:34:01 KST 2024 3
##########Session ID 7BA0D50C1B2C46DCD4CE74983483F863 created at Tue Mar 05 15:16:08 KST 2024 Session Counts: 6
ERROR 15:16:08.848 [http-bio-12443-exec-2] sems.cm.ctrl.HttpSessionCheckingListener[sessionCreated:24] - ##########Session ID 7BA0D50C1B2C46DCD4CE74983483F863 created at Tue Mar 05 15:16:08 KST 2024 6
##########Session ID 5350F92C2503D4E7E5D9E8839F8AA694 destroyed at Tue Mar 05 16:15:04 KST 2024 Session Counts:  5
ERROR 16:15:04.172 [ContainerBackgroundProcessor[StandardEngine[Catalina]]] sems.cm.ctrl.HttpSessionCheckingListener[sessionDestroyed:31] - ##########Session ID 5350F92C2503D4E7E5D9E8839F8AA694 destroyed at Tue Mar 05 16:15:04 KST 2024 5
##########Session ID 93E57B8018F6D8EAD7D40B82FE309B94 destroyed at Tue Mar 05 16:15:04 KST 2024 Session Counts:  4
ERROR 16:15:04.173 [ContainerBackgroundProcessor[StandardEngine[Catalina]]] sems.cm.ctrl.HttpSessionCheckingListener[sessionDestroyed:31] - ##########Session ID 93E57B8018F6D8EAD7D40B82FE309B94 destroyed at Tue Mar 05 16:15:04 KST 2024 4
##########Session ID E81CD3347ADB22360B5BD554550884D8 destroyed at Tue Mar 05 16:50:05 KST 2024 Session Counts:  3
ERROR 16:50:05.034 [ContainerBackgroundProcessor[StandardEngine[Catalina]]] sems.cm.ctrl.HttpSessionCheckingListener[sessionDestroyed:31] - ##########Session ID E81CD3347ADB22360B5BD554550884D8 destroyed at Tue Mar 05 16:50:05 KST 2024 3
##########Session ID 00DB9BEA0E61C041F1BA3D19E5B5827C destroyed at Tue Mar 05 18:11:07 KST 2024 Session Counts:  4
ERROR 18:11:07.060 [ContainerBackgroundProcessor[StandardEngine[Catalina]]] sems.cm.ctrl.HttpSessionCheckingListener[sessionDestroyed:31] - ##########Session ID 00DB9BEA0E61C041F1BA3D19E5B5827C destroyed at Tue Mar 05 18:11:07 KST 2024 4
##########Session ID 7BA0D50C1B2C46DCD4CE74983483F863 destroyed at Tue Mar 05 18:17:07 KST 2024 Session Counts:  3
ERROR 18:17:07.214 [ContainerBackgroundProcessor[StandardEngine[Catalina]]] sems.cm.ctrl.HttpSessionCheckingListener[sessionDestroyed:31] - ##########Session ID 7BA0D50C1B2C46DCD4CE74983483F863 destroyed at Tue Mar 05 18:17:07 KST 2024 3
##########Session ID D932ACC0965CEDDA746E1F634ECF8FD8 destroyed at Tue Mar 05 18:19:07 KST 2024 Session Counts:  2
ERROR 18:19:07.265 [ContainerBackgroundProcessor[StandardEngine[Catalina]]] sems.cm.ctrl.HttpSessionCheckingListener[sessionDestroyed:31] - ##########Session ID D932ACC0965CEDDA746E1F634ECF8FD8 destroyed at Tue Mar 05 18:19:07 KST 2024 2
##########Session ID 45CB5DF125BBC6B8C56D23EDB5507835 destroyed at Tue Mar 05 20:31:10 KST 2024 Session Counts:  5
ERROR 20:31:10.480 [ContainerBackgroundProcessor[StandardEngine[Catalina]]] sems.cm.ctrl.HttpSessionCheckingListener[sessionDestroyed:31] - ##########Session ID 45CB5DF125BBC6B8C56D23EDB5507835 destroyed at Tue Mar 05 20:31:10 KST 2024 5
##########Session ID D01E6541B64F59F7DAD462084EE8C323 destroyed at Tue Mar 05 20:35:10 KST 2024 Session Counts:  4
ERROR 20:35:10.584 [ContainerBackgroundProcessor[StandardEngine[Catalina]]] sems.cm.ctrl.HttpSessionCheckingListener[sessionDestroyed:31] - ##########Session ID D01E6541B64F59F7DAD462084EE8C323 destroyed at Tue Mar 05 20:35:10 KST 2024 4
##########Session ID AF2DD9F086EC6200A4A254C10FBC48B3 destroyed at Tue Mar 05 21:39:12 KST 2024 Session Counts:  3
ERROR 21:39:12.168 [ContainerBackgroundProcessor[StandardEngine[Catalina]]] sems.cm.ctrl.HttpSessionCheckingListener[sessionDestroyed:31] - ##########Session ID AF2DD9F086EC6200A4A254C10FBC48B3 destroyed at Tue Mar 05 21:39:12 KST 2024 3
##########Session ID FD8DB966746C42746DEF2CB3ABAE9FF7 destroyed at Tue Mar 05 21:52:12 KST 2024 Session Counts:  2
ERROR 21:52:12.490 [ContainerBackgroundProcessor[StandardEngine[Catalina]]] sems.cm.ctrl.HttpSessionCheckingListener[sessionDestroyed:31] - ##########Session ID FD8DB966746C42746DEF2CB3ABAE9FF7 destroyed at Tue Mar 05 21:52:12 KST 2024 2
##########Session ID 5731705E96AC28DDEC5DC73D1FD66F1E destroyed at Tue Mar 05 22:14:13 KST 2024 Session Counts:  1
ERROR 22:14:13.027 [ContainerBackgroundProcessor[StandardEngine[Catalina]]] sems.cm.ctrl.HttpSessionCheckingListener[sessionDestroyed:31] - ##########Session ID 5731705E96AC28DDEC5DC73D1FD66F1E destroyed at Tue Mar 05 22:14:13 KST 2024 1
##########Session ID 9CD66861C38ACE26E5FF2A0F54C973DA destroyed at Tue Mar 05 22:15:13 KST 2024 Session Counts:  0
ERROR 22:15:13.052 [ContainerBackgroundProcessor[StandardEngine[Catalina]]] sems.cm.ctrl.HttpSessionCheckingListener[sessionDestroyed:31] - ##########Session ID 9CD66861C38ACE26E5FF2A0F54C973DA destroyed at Tue Mar 05 22:15:13 KST 2024 0
##########Session ID B92C5765AAFBE0CD30927D70B17C6BF6 created at Wed Mar 06 16:42:19 KST 2024 Session Counts: 4
ERROR 16:42:19.025 [http-bio-12443-exec-3] sems.cm.ctrl.HttpSessionCheckingListener[sessionCreated:24] - ##########Session ID B92C5765AAFBE0CD30927D70B17C6BF6 created at Wed Mar 06 16:42:19 KST 2024 4
##########Session ID D460AE820BD47E39BA38D3BB7AB602A3 destroyed at Wed Mar 06 19:27:44 KST 2024 Session Counts:  22
ERROR 19:27:44.491 [ContainerBackgroundProcessor[StandardEngine[Catalina]]] sems.cm.ctrl.HttpSessionCheckingListener[sessionDestroyed:31] - ##########Session ID D460AE820BD47E39BA38D3BB7AB602A3 destroyed at Wed Mar 06 19:27:44 KST 2024 22
##########Session ID 1F2489578D2350AE14D625AE88AFDBD3 destroyed at Wed Mar 06 19:27:44 KST 2024 Session Counts:  21
ERROR 19:27:44.491 [ContainerBackgroundProcessor[StandardEngine[Catalina]]] sems.cm.ctrl.HttpSessionCheckingListener[sessionDestroyed:31] - ##########Session ID 1F2489578D2350AE14D625AE88AFDBD3 destroyed at Wed Mar 06 19:27:44 KST 2024 21
##########Session ID B92C5765AAFBE0CD30927D70B17C6BF6 destroyed at Wed Mar 06 19:42:44 KST 2024 Session Counts:  20
ERROR 19:42:44.847 [ContainerBackgroundProcessor[StandardEngine[Catalina]]] sems.cm.ctrl.HttpSessionCheckingListener[sessionDestroyed:31] - ##########Session ID B92C5765AAFBE0CD30927D70B17C6BF6 destroyed at Wed Mar 06 19:42:44 KST 2024 20
##########Session ID 476A639CFEFBC87BADC2A224A12EDA51 destroyed at Wed Mar 06 19:52:45 KST 2024 Session Counts:  19
ERROR 19:52:45.084 [ContainerBackgroundProcessor[StandardEngine[Catalina]]] sems.cm.ctrl.HttpSessionCheckingListener[sessionDestroyed:31] - ##########Session ID 476A639CFEFBC87BADC2A224A12EDA51 destroyed at Wed Mar 06 19:52:45 KST 2024 19
##########Session ID 16D1F9CC40A11757CAF735B9BF7105DF destroyed at Wed Mar 06 19:54:45 KST 2024 Session Counts:  18
ERROR 19:54:45.132 [ContainerBackgroundProcessor[StandardEngine[Catalina]]] sems.cm.ctrl.HttpSessionCheckingListener[sessionDestroyed:31] - ##########Session ID 16D1F9CC40A11757CAF735B9BF7105DF destroyed at Wed Mar 06 19:54:45 KST 2024 18
##########Session ID 994247E1A9C3C755BB37D273C6027598 destroyed at Wed Mar 06 20:10:45 KST 2024 Session Counts:  17
ERROR 20:10:45.526 [ContainerBackgroundProcessor[StandardEngine[Catalina]]] sems.cm.ctrl.HttpSessionCheckingListener[sessionDestroyed:31] - ##########Session ID 994247E1A9C3C755BB37D273C6027598 destroyed at Wed Mar 06 20:10:45 KST 2024 17
##########Session ID 5884B3F0C2827E0DDFD709CF2DD9E77C destroyed at Wed Mar 06 20:15:45 KST 2024 Session Counts:  16
ERROR 20:15:45.646 [ContainerBackgroundProcessor[StandardEngine[Catalina]]] sems.cm.ctrl.HttpSessionCheckingListener[sessionDestroyed:31] - ##########Session ID 5884B3F0C2827E0DDFD709CF2DD9E77C destroyed at Wed Mar 06 20:15:45 KST 2024 16
##########Session ID 25A80E854046870871D26B9B08CC4972 destroyed at Wed Mar 06 20:17:45 KST 2024 Session Counts:  15
ERROR 20:17:45.694 [ContainerBackgroundProcessor[StandardEngine[Catalina]]] sems.cm.ctrl.HttpSessionCheckingListener[sessionDestroyed:31] - ##########Session ID 25A80E854046870871D26B9B08CC4972 destroyed at Wed Mar 06 20:17:45 KST 2024 15
##########Session ID 3C314527770FA8E12173C1531A2AD22A destroyed at Wed Mar 06 20:24:45 KST 2024 Session Counts:  14
ERROR 20:24:45.862 [ContainerBackgroundProcessor[StandardEngine[Catalina]]] sems.cm.ctrl.HttpSessionCheckingListener[sessionDestroyed:31] - ##########Session ID 3C314527770FA8E12173C1531A2AD22A destroyed at Wed Mar 06 20:24:45 KST 2024 14
##########Session ID CBA5CDF7AB98B2623666D3E33D63DD18 destroyed at Wed Mar 06 20:27:45 KST 2024 Session Counts:  13
ERROR 20:27:45.933 [ContainerBackgroundProcessor[StandardEngine[Catalina]]] sems.cm.ctrl.HttpSessionCheckingListener[sessionDestroyed:31] - ##########Session ID CBA5CDF7AB98B2623666D3E33D63DD18 destroyed at Wed Mar 06 20:27:45 KST 2024 13
##########Session ID 4125833605D2AE9F58DF20429C673A0A destroyed at Wed Mar 06 20:27:45 KST 2024 Session Counts:  12
ERROR 20:27:45.934 [ContainerBackgroundProcessor[StandardEngine[Catalina]]] sems.cm.ctrl.HttpSessionCheckingListener[sessionDestroyed:31] - ##########Session ID 4125833605D2AE9F58DF20429C673A0A destroyed at Wed Mar 06 20:27:45 KST 2024 12
##########Session ID 42C0696EA5C817BEA4D611FCFC5C72BF destroyed at Wed Mar 06 20:30:46 KST 2024 Session Counts:  11
ERROR 20:30:46.007 [ContainerBackgroundProcessor[StandardEngine[Catalina]]] sems.cm.ctrl.HttpSessionCheckingListener[sessionDestroyed:31] - ##########Session ID 42C0696EA5C817BEA4D611FCFC5C72BF destroyed at Wed Mar 06 20:30:46 KST 2024 11
##########Session ID 9AF63966BB3648E1A4A0B87BC24D65A3 destroyed at Wed Mar 06 20:31:46 KST 2024 Session Counts:  10
ERROR 20:31:46.033 [ContainerBackgroundProcessor[StandardEngine[Catalina]]] sems.cm.ctrl.HttpSessionCheckingListener[sessionDestroyed:31] - ##########Session ID 9AF63966BB3648E1A4A0B87BC24D65A3 destroyed at Wed Mar 06 20:31:46 KST 2024 10
##########Session ID C14BCCC0CD91991C8EA7C8769255DE12 destroyed at Wed Mar 06 20:32:46 KST 2024 Session Counts:  9
ERROR 20:32:46.058 [ContainerBackgroundProcessor[StandardEngine[Catalina]]] sems.cm.ctrl.HttpSessionCheckingListener[sessionDestroyed:31] - ##########Session ID C14BCCC0CD91991C8EA7C8769255DE12 destroyed at Wed Mar 06 20:32:46 KST 2024 9
##########Session ID 503BD2431B7AC9A88FD26890434C8B00 destroyed at Wed Mar 06 20:33:46 KST 2024 Session Counts:  8
ERROR 20:33:46.082 [ContainerBackgroundProcessor[StandardEngine[Catalina]]] sems.cm.ctrl.HttpSessionCheckingListener[sessionDestroyed:31] - ##########Session ID 503BD2431B7AC9A88FD26890434C8B00 destroyed at Wed Mar 06 20:33:46 KST 2024 8
##########Session ID 5F7D692C42C826B862414232EBDF3512 destroyed at Wed Mar 06 20:33:46 KST 2024 Session Counts:  7
ERROR 20:33:46.083 [ContainerBackgroundProcessor[StandardEngine[Catalina]]] sems.cm.ctrl.HttpSessionCheckingListener[sessionDestroyed:31] - ##########Session ID 5F7D692C42C826B862414232EBDF3512 destroyed at Wed Mar 06 20:33:46 KST 2024 7
##########Session ID DB13F22EC5F0E04B08E5F1680F0AA9E0 destroyed at Wed Mar 06 20:38:46 KST 2024 Session Counts:  6
ERROR 20:38:46.206 [ContainerBackgroundProcessor[StandardEngine[Catalina]]] sems.cm.ctrl.HttpSessionCheckingListener[sessionDestroyed:31] - ##########Session ID DB13F22EC5F0E04B08E5F1680F0AA9E0 destroyed at Wed Mar 06 20:38:46 KST 2024 6
##########Session ID A6E509B3E2F4BD61126921DA9F9B1133 destroyed at Wed Mar 06 20:38:46 KST 2024 Session Counts:  5
ERROR 20:38:46.207 [ContainerBackgroundProcessor[StandardEngine[Catalina]]] sems.cm.ctrl.HttpSessionCheckingListener[sessionDestroyed:31] - ##########Session ID A6E509B3E2F4BD61126921DA9F9B1133 destroyed at Wed Mar 06 20:38:46 KST 2024 5
##########Session ID E60F45752FD201C6ABD5B86D220D2AA9 destroyed at Wed Mar 06 20:39:46 KST 2024 Session Counts:  4
ERROR 20:39:46.232 [ContainerBackgroundProcessor[StandardEngine[Catalina]]] sems.cm.ctrl.HttpSessionCheckingListener[sessionDestroyed:31] - ##########Session ID E60F45752FD201C6ABD5B86D220D2AA9 destroyed at Wed Mar 06 20:39:46 KST 2024 4
##########Session ID D085A19C6D3A31C94EB2D1886775F3BB destroyed at Wed Mar 06 20:45:46 KST 2024 Session Counts:  3
ERROR 20:45:46.381 [ContainerBackgroundProcessor[StandardEngine[Catalina]]] sems.cm.ctrl.HttpSessionCheckingListener[sessionDestroyed:31] - ##########Session ID D085A19C6D3A31C94EB2D1886775F3BB destroyed at Wed Mar 06 20:45:46 KST 2024 3
##########Session ID 8F7FCB3BACC27298DE06CC74E4A07C12 destroyed at Wed Mar 06 20:47:46 KST 2024 Session Counts:  2
ERROR 20:47:46.431 [ContainerBackgroundProcessor[StandardEngine[Catalina]]] sems.cm.ctrl.HttpSessionCheckingListener[sessionDestroyed:31] - ##########Session ID 8F7FCB3BACC27298DE06CC74E4A07C12 destroyed at Wed Mar 06 20:47:46 KST 2024 2
##########Session ID 3BEE68842C7168F514F8BD2DDC3EB842 destroyed at Wed Mar 06 20:49:46 KST 2024 Session Counts:  1
ERROR 20:49:46.488 [ContainerBackgroundProcessor[StandardEngine[Catalina]]] sems.cm.ctrl.HttpSessionCheckingListener[sessionDestroyed:31] - ##########Session ID 3BEE68842C7168F514F8BD2DDC3EB842 destroyed at Wed Mar 06 20:49:46 KST 2024 1
##########Session ID 6EDA2EEA7F17294D6277949F37AEF238 destroyed at Wed Mar 06 20:53:46 KST 2024 Session Counts:  0
ERROR 20:53:46.585 [ContainerBackgroundProcessor[StandardEngine[Catalina]]] sems.cm.ctrl.HttpSessionCheckingListener[sessionDestroyed:31] - ##########Session ID 6EDA2EEA7F17294D6277949F37AEF238 destroyed at Wed Mar 06 20:53:46 KST 2024 0
##########Session ID 568E2DD566435854B7CAFCC5667C5AB8 created at Thu Mar 07 10:52:11 KST 2024 Session Counts: 2
ERROR 10:52:11.689 [http-bio-12443-exec-1] sems.cm.ctrl.HttpSessionCheckingListener[sessionCreated:24] - ##########Session ID 568E2DD566435854B7CAFCC5667C5AB8 created at Thu Mar 07 10:52:11 KST 2024 2
##########Session ID 568E2DD566435854B7CAFCC5667C5AB8 destroyed at Thu Mar 07 13:53:11 KST 2024 Session Counts:  14
ERROR 13:53:11.330 [ContainerBackgroundProcessor[StandardEngine[Catalina]]] sems.cm.ctrl.HttpSessionCheckingListener[sessionDestroyed:31] - ##########Session ID 568E2DD566435854B7CAFCC5667C5AB8 destroyed at Thu Mar 07 13:53:11 KST 2024 14
##########Session ID 2811001742B2158CDA438A1F95127142 destroyed at Thu Mar 07 14:04:11 KST 2024 Session Counts:  15
ERROR 14:04:11.608 [ContainerBackgroundProcessor[StandardEngine[Catalina]]] sems.cm.ctrl.HttpSessionCheckingListener[sessionDestroyed:31] - ##########Session ID 2811001742B2158CDA438A1F95127142 destroyed at Thu Mar 07 14:04:11 KST 2024 15
##########Session ID 8C0531816B527B66808280B66118CA14 destroyed at Thu Mar 07 14:08:11 KST 2024 Session Counts:  14
ERROR 14:08:11.703 [ContainerBackgroundProcessor[StandardEngine[Catalina]]] sems.cm.ctrl.HttpSessionCheckingListener[sessionDestroyed:31] - ##########Session ID 8C0531816B527B66808280B66118CA14 destroyed at Thu Mar 07 14:08:11 KST 2024 14
##########Session ID B1CCB2A7190FC5B31EB634960C0360F0 destroyed at Thu Mar 07 14:21:12 KST 2024 Session Counts:  17
ERROR 14:21:12.024 [ContainerBackgroundProcessor[StandardEngine[Catalina]]] sems.cm.ctrl.HttpSessionCheckingListener[sessionDestroyed:31] - ##########Session ID B1CCB2A7190FC5B31EB634960C0360F0 destroyed at Thu Mar 07 14:21:12 KST 2024 17
##########Session ID BBDC282F91D774B079145E2CA477B084 created at Thu Mar 07 15:37:36 KST 2024 Session Counts: 23
ERROR 15:37:36.564 [http-bio-12443-exec-10] sems.cm.ctrl.HttpSessionCheckingListener[sessionCreated:24] - ##########Session ID BBDC282F91D774B079145E2CA477B084 created at Thu Mar 07 15:37:36 KST 2024 23
##########Session ID 1E75A03EEE75FA5CD3332BE7E12D9C93 created at Thu Mar 07 16:16:24 KST 2024 Session Counts: 28
ERROR 16:16:24.794 [http-bio-12443-exec-9] sems.cm.ctrl.HttpSessionCheckingListener[sessionCreated:24] - ##########Session ID 1E75A03EEE75FA5CD3332BE7E12D9C93 created at Thu Mar 07 16:16:24 KST 2024 28
##########Session ID 5AFBD5E2B73EC742100272E1199C38AF destroyed at Thu Mar 07 16:19:14 KST 2024 Session Counts:  27
ERROR 16:19:14.929 [ContainerBackgroundProcessor[StandardEngine[Catalina]]] sems.cm.ctrl.HttpSessionCheckingListener[sessionDestroyed:31] - ##########Session ID 5AFBD5E2B73EC742100272E1199C38AF destroyed at Thu Mar 07 16:19:14 KST 2024 27
