
2023-08-04 11:17:18 Commons Daemon procrun stdout initialized

2023-08-04 11:19:42 Commons Daemon procrun stdout initialized
##########Session ID 1440B10CF6386A94297CA79FBBE92895 created at Sat Aug 05 03:20:02 KST 2023 Session Counts: 3
ERROR 03:20:02.296 [http-bio-8443-exec-15] sems.cm.ctrl.HttpSessionCheckingListener[sessionCreated:24] - ##########Session ID 1440B10CF6386A94297CA79FBBE92895 created at Sat Aug 05 03:20:02 KST 2023 3
##########Session ID 87710849B66E2F2F35F9604173A14152 destroyed at Sat Aug 05 23:16:51 KST 2023 Session Counts:  7
ERROR 23:16:51.758 [ContainerBackgroundProcessor[StandardEngine[Catalina]]] sems.cm.ctrl.HttpSessionCheckingListener[sessionDestroyed:31] - ##########Session ID 87710849B66E2F2F35F9604173A14152 destroyed at Sat Aug 05 23:16:51 KST 2023 7
##########Session ID A24116DE8E87171C7A1A1F3ADF340EE2 destroyed at Sun Aug 06 03:20:55 KST 2023 Session Counts:  6
ERROR 03:20:55.533 [ContainerBackgroundProcessor[StandardEngine[Catalina]]] sems.cm.ctrl.HttpSessionCheckingListener[sessionDestroyed:31] - ##########Session ID A24116DE8E87171C7A1A1F3ADF340EE2 destroyed at Sun Aug 06 03:20:55 KST 2023 6
##########Session ID 1440B10CF6386A94297CA79FBBE92895 destroyed at Sun Aug 06 03:20:55 KST 2023 Session Counts:  5
ERROR 03:20:55.537 [ContainerBackgroundProcessor[StandardEngine[Catalina]]] sems.cm.ctrl.HttpSessionCheckingListener[sessionDestroyed:31] - ##########Session ID 1440B10CF6386A94297CA79FBBE92895 destroyed at Sun Aug 06 03:20:55 KST 2023 5
##########Session ID B50DF227833CAF8EE625375EB2C3FCBD destroyed at Sun Aug 06 06:30:58 KST 2023 Session Counts:  5
ERROR 06:30:58.454 [ContainerBackgroundProcessor[StandardEngine[Catalina]]] sems.cm.ctrl.HttpSessionCheckingListener[sessionDestroyed:31] - ##########Session ID B50DF227833CAF8EE625375EB2C3FCBD destroyed at Sun Aug 06 06:30:58 KST 2023 5
##########Session ID 780A14568579ED4C6F14D72E5BCAD5CC destroyed at Sun Aug 06 12:15:03 KST 2023 Session Counts:  4
ERROR 12:15:03.793 [ContainerBackgroundProcessor[StandardEngine[Catalina]]] sems.cm.ctrl.HttpSessionCheckingListener[sessionDestroyed:31] - ##########Session ID 780A14568579ED4C6F14D72E5BCAD5CC destroyed at Sun Aug 06 12:15:03 KST 2023 4
##########Session ID C0BBE601897A25832296AC85F8B6E276 destroyed at Sun Aug 06 12:35:04 KST 2023 Session Counts:  3
ERROR 12:35:04.107 [ContainerBackgroundProcessor[StandardEngine[Catalina]]] sems.cm.ctrl.HttpSessionCheckingListener[sessionDestroyed:31] - ##########Session ID C0BBE601897A25832296AC85F8B6E276 destroyed at Sun Aug 06 12:35:04 KST 2023 3
##########Session ID FC6FCB8934C543BB4FC8D47F8C88C905 destroyed at Sun Aug 06 14:00:05 KST 2023 Session Counts:  2
ERROR 14:00:05.409 [ContainerBackgroundProcessor[StandardEngine[Catalina]]] sems.cm.ctrl.HttpSessionCheckingListener[sessionDestroyed:31] - ##########Session ID FC6FCB8934C543BB4FC8D47F8C88C905 destroyed at Sun Aug 06 14:00:05 KST 2023 2
##########Session ID 61199F802CA1DBDC2E4B85829C21EA6B destroyed at Sun Aug 06 19:03:10 KST 2023 Session Counts:  1
ERROR 19:03:10.063 [ContainerBackgroundProcessor[StandardEngine[Catalina]]] sems.cm.ctrl.HttpSessionCheckingListener[sessionDestroyed:31] - ##########Session ID 61199F802CA1DBDC2E4B85829C21EA6B destroyed at Sun Aug 06 19:03:10 KST 2023 1
##########Session ID 73885A76C78BD282B2C54074E00FAA53 created at Sun Aug 06 19:19:05 KST 2023 Session Counts: 2
ERROR 19:19:05.966 [http-bio-8443-exec-17] sems.cm.ctrl.HttpSessionCheckingListener[sessionCreated:24] - ##########Session ID 73885A76C78BD282B2C54074E00FAA53 created at Sun Aug 06 19:19:05 KST 2023 2
##########Session ID C7FD89B42888A1DEDF31486033057D2B destroyed at Mon Aug 07 04:45:19 KST 2023 Session Counts:  2
ERROR 04:45:19.072 [ContainerBackgroundProcessor[StandardEngine[Catalina]]] sems.cm.ctrl.HttpSessionCheckingListener[sessionDestroyed:31] - ##########Session ID C7FD89B42888A1DEDF31486033057D2B destroyed at Mon Aug 07 04:45:19 KST 2023 2
##########Session ID 70E52527E8010A2DE514AD38F55A7970 created at Mon Aug 07 12:06:45 KST 2023 Session Counts: 13
ERROR 12:06:45.712 [http-bio-8443-exec-14] sems.cm.ctrl.HttpSessionCheckingListener[sessionCreated:24] - ##########Session ID 70E52527E8010A2DE514AD38F55A7970 created at Mon Aug 07 12:06:45 KST 2023 13
