
2023-05-08 16:43:51 Commons Daemon procrun stdout initialized
##########Session ID 2F9AADB60FE23FFE48D888C69AC7A518 destroyed at Tue May 09 16:44:26 KST 2023
##########Session ID C9B1320B2943781232D4A8E436921CE5 destroyed at Wed May 10 07:38:39 KST 2023
##########Session ID B78DFAE16F9A3D4D399ED0D76E39B6D7 destroyed at Wed May 10 07:38:39 KST 2023
##########Session ID 9D002B3753034A65FBAE155342C53B02 created at Wed May 10 09:48:39 KST 2023
##########Session ID 56BCAF658ECFF05CE787F684C3218461 destroyed at Wed May 10 12:56:44 KST 2023
##########Session ID BC81427F47D8D6E5776BDD35397D0D9E destroyed at Wed May 10 12:56:44 KST 2023
##########Session ID 1073B084EFE05A2DED699741E96C1471 destroyed at Wed May 10 16:42:47 KST 2023
##########Session ID 57EAF9A3F84BF090C548A5C0350BDB95 created at Wed May 10 22:49:44 KST 2023
##########Session ID FBD9A3C4BC74C01FFD6178E87B63DF95 destroyed at Thu May 11 01:06:54 KST 2023
##########Session ID 577A120A36BEB5E1CDA86434833E8BAB destroyed at Thu May 11 01:06:54 KST 2023
##########Session ID F10B2E7F4CFE898EC47C836463C51C5D destroyed at Thu May 11 05:14:58 KST 2023
##########Session ID CBF4107D368F6AB50B97D9E8338A2596 destroyed at Thu May 11 05:14:58 KST 2023
##########Session ID 000C3427A92918E64125298940E7E690 destroyed at Thu May 11 05:14:58 KST 2023
##########Session ID 79C0749672D547DEAE484856FF34D68C destroyed at Thu May 11 05:14:58 KST 2023
##########Session ID A3FF0ABAB97A26CC89C654E2CF4FF4F0 destroyed at Thu May 11 05:44:58 KST 2023
##########Session ID 12C13F8EC999A52E2B033E738A70B80B destroyed at Thu May 11 07:54:00 KST 2023
##########Session ID D210B77D80BE0DDDFEBD064E0F6ABCCB destroyed at Thu May 11 07:54:00 KST 2023
##########Session ID 9D002B3753034A65FBAE155342C53B02 destroyed at Thu May 11 09:49:02 KST 2023
##########Session ID 9E53C73E6D81C9E5F39B5D9F3EAAB42A destroyed at Thu May 11 14:42:09 KST 2023
##########Session ID 7971057972C6E063C785582E693FCAE4 destroyed at Thu May 11 17:27:11 KST 2023
##########Session ID 57EAF9A3F84BF090C548A5C0350BDB95 destroyed at Thu May 11 22:50:16 KST 2023
##########Session ID F6CEC8BB7C06F2DFE8EEA10EED7F235B destroyed at Fri May 12 10:29:26 KST 2023
##########Session ID C54ADC1DF6A4188663709027C92DD1D5 destroyed at Fri May 12 12:06:27 KST 2023
##########Session ID F601F49999F942C3ED7E4D81CFFB5CF3 destroyed at Fri May 12 12:06:27 KST 2023
##########Session ID 5564A1BD500C07257CED80BCB04DB68D created at Sat May 13 11:13:56 KST 2023
##########Session ID 33D61A97D585341346DA8CA89C6631C9 destroyed at Sat May 13 14:43:50 KST 2023
##########Session ID 16662299DB742022D5DE9B7F487D5ED3 destroyed at Sat May 13 16:00:51 KST 2023
##########Session ID 5627519108C7DC550A9B3DC0296D95C7 destroyed at Sat May 13 16:00:51 KST 2023
##########Session ID FCE44C1CDAB589CD552D5BB19FFF9DCC destroyed at Sat May 13 16:56:52 KST 2023
##########Session ID 41DFC5235893FE69D47736EAE548CD46 destroyed at Sat May 13 19:14:54 KST 2023
##########Session ID A8D5A5585FF055CECF6BEC9ABD93F323 destroyed at Sun May 14 11:14:08 KST 2023
##########Session ID 7451D2A0E07F6B969D6005598DD78441 destroyed at Sun May 14 11:14:08 KST 2023
##########Session ID 715CA2235A0850384B4FB65CB4554E2C destroyed at Sun May 14 11:14:08 KST 2023
##########Session ID D2BC47B3D564AC8A41D0B2F1660F8BC3 destroyed at Sun May 14 11:14:08 KST 2023
##########Session ID 3CCAADC47C43D421000176850C9B4DF4 destroyed at Sun May 14 11:14:08 KST 2023
##########Session ID 17E718C4BF469F80CDD9457DE8AB17DF destroyed at Sun May 14 11:14:08 KST 2023
##########Session ID 5564A1BD500C07257CED80BCB04DB68D destroyed at Sun May 14 11:14:08 KST 2023
##########Session ID 1903A7C1868A90824DF3915A16E3AE6D created at Sun May 14 12:43:50 KST 2023
##########Session ID E8B1B2E6574A5717025A8C1810BFDB5B destroyed at Sun May 14 14:25:10 KST 2023
##########Session ID 3CC218CB34E23437E5DFC454E621FB2D destroyed at Sun May 14 14:25:10 KST 2023
##########Session ID B994F26A2FCD6F317913CD8C573427E3 destroyed at Sun May 14 17:00:13 KST 2023
##########Session ID 8B8869C3E094BBDF923C73CE4D136285 destroyed at Mon May 15 00:57:19 KST 2023
##########Session ID D8D247334E9B7A426788AF5A6466F0A1 destroyed at Mon May 15 00:57:19 KST 2023
##########Session ID 7B75BE552BC1764224C35643D96C5ABD destroyed at Mon May 15 03:19:21 KST 2023
##########Session ID 4866763699B556704154392A1A448D63 destroyed at Mon May 15 03:19:21 KST 2023
##########Session ID EAC58E391705280DFE6A80B5B995682B created at Mon May 15 07:52:59 KST 2023
##########Session ID AEBAED0EE8377507ABCE94F4968D660B created at Mon May 15 07:53:05 KST 2023
##########Session ID 4487816DB09E1D9789FA8ABA5EA9A289 created at Mon May 15 07:53:09 KST 2023
##########Session ID 1903A7C1868A90824DF3915A16E3AE6D destroyed at Mon May 15 12:44:30 KST 2023
##########Session ID E870819E5E563B1CDFCA8DA4C961EF56 destroyed at Mon May 15 23:26:39 KST 2023
##########Session ID D76A1C3250B75875D4E47125F94F1067 destroyed at Tue May 16 07:13:46 KST 2023
##########Session ID DC401A1C8F698B912CBFC930C919E644 destroyed at Tue May 16 07:13:46 KST 2023
##########Session ID 748113F066642A648E2F52EDBEB13978 destroyed at Tue May 16 07:52:46 KST 2023
##########Session ID EAC58E391705280DFE6A80B5B995682B destroyed at Tue May 16 07:53:46 KST 2023
##########Session ID AEBAED0EE8377507ABCE94F4968D660B destroyed at Tue May 16 07:53:46 KST 2023
##########Session ID 555596F73A967DF4D6283DA329195B2F destroyed at Tue May 16 07:53:46 KST 2023
##########Session ID 4487816DB09E1D9789FA8ABA5EA9A289 destroyed at Tue May 16 07:53:46 KST 2023
##########Session ID D86A7A95DD8FF2B114AC66A30D047AD6 created at Tue May 16 17:22:58 KST 2023
##########Session ID 4F38A55B3FF40E6CED43DAC88152F8A9 created at Wed May 17 10:21:03 KST 2023
##########Session ID 5929CB9459D8499E1623E95B92A19321 destroyed at Wed May 17 10:22:09 KST 2023
##########Session ID 1EB77229944F75039E29EA059F62F42C destroyed at Wed May 17 13:46:12 KST 2023
##########Session ID 1F1CF6D9CA65D68E5ECE31A021165B4A destroyed at Wed May 17 13:46:12 KST 2023
##########Session ID 870D1FA0D288B581ED22FC1962F2ECBA destroyed at Wed May 17 15:46:14 KST 2023
##########Session ID F1CAA168DADDEC554457CBBB155C7AB5 destroyed at Wed May 17 17:21:15 KST 2023
##########Session ID D86A7A95DD8FF2B114AC66A30D047AD6 destroyed at Wed May 17 17:23:15 KST 2023
##########Session ID F35000D4C1BE8DAC0B7E0EAC28FDFB6E destroyed at Wed May 17 17:24:15 KST 2023
##########Session ID 1922EBB4BDACA4ECF9E2225F31347DF1 created at Thu May 18 03:12:13 KST 2023
##########Session ID 5E996866F56EFBFE7E9538AEF9868D36 destroyed at Thu May 18 03:15:24 KST 2023
##########Session ID 759390F6BC6EC0E87B8FFC5DD1B162BD destroyed at Thu May 18 08:26:28 KST 2023
##########Session ID 77A4D92D2C0EF139881557C5345C2D2D destroyed at Thu May 18 08:26:28 KST 2023
##########Session ID 4F38A55B3FF40E6CED43DAC88152F8A9 destroyed at Thu May 18 10:21:30 KST 2023
##########Session ID 8B1EABEA268BD8C2067F15404F506B43 destroyed at Thu May 18 11:03:30 KST 2023
##########Session ID 887E7C92E05F78A90C32BAFF00BA9ACF destroyed at Thu May 18 11:03:30 KST 2023
##########Session ID F985C60FF0A92B1C64E2C781DEDEA206 destroyed at Thu May 18 14:19:36 KST 2023
##########Session ID E704A1A6E5DE7C1821EB004C1AEEB609 destroyed at Thu May 18 15:40:37 KST 2023
##########Session ID A1A0ADA3E88AF710041D5D16816C4385 destroyed at Thu May 18 15:40:37 KST 2023
