
2024-02-20 11:37:48 Commons Daemon procrun stderr initialized
2월 20, 2024 11:37:50 오전 org.apache.catalina.startup.VersionLoggerListener log
정보: Server version:        Apache Tomcat/7.0.69
2월 20, 2024 11:37:50 오전 org.apache.catalina.startup.VersionLoggerListener log
정보: Server built:          Apr 11 2016 07:57:09 UTC
2월 20, 2024 11:37:50 오전 org.apache.catalina.startup.VersionLoggerListener log
정보: Server number:         7.0.69.0
2월 20, 2024 11:37:50 오전 org.apache.catalina.startup.VersionLoggerListener log
정보: OS Name:               Windows Server 2012 R2
2월 20, 2024 11:37:50 오전 org.apache.catalina.startup.VersionLoggerListener log
정보: OS Version:            6.3
2월 20, 2024 11:37:50 오전 org.apache.catalina.startup.VersionLoggerListener log
정보: Architecture:          amd64
2월 20, 2024 11:37:50 오전 org.apache.catalina.startup.VersionLoggerListener log
정보: Java Home:             C:\Program Files\Java\openjdk-1.8.0\jre
2월 20, 2024 11:37:50 오전 org.apache.catalina.startup.VersionLoggerListener log
정보: JVM Version:           1.8.0_201-1-ojdkbuild-b09
2월 20, 2024 11:37:50 오전 org.apache.catalina.startup.VersionLoggerListener log
정보: JVM Vendor:            Oracle Corporation
2월 20, 2024 11:37:50 오전 org.apache.catalina.startup.VersionLoggerListener log
정보: CATALINA_BASE:         C:\WAS\SEMS_MOBILE
2월 20, 2024 11:37:50 오전 org.apache.catalina.startup.VersionLoggerListener log
정보: CATALINA_HOME:         C:\WAS\SEMS_MOBILE
2월 20, 2024 11:37:50 오전 org.apache.catalina.startup.VersionLoggerListener log
정보: Command line argument: -Dcatalina.home=C:\WAS\SEMS_MOBILE
2월 20, 2024 11:37:50 오전 org.apache.catalina.startup.VersionLoggerListener log
정보: Command line argument: -Dcatalina.base=C:\WAS\SEMS_MOBILE
2월 20, 2024 11:37:50 오전 org.apache.catalina.startup.VersionLoggerListener log
정보: Command line argument: -Djava.endorsed.dirs=C:\WAS\SEMS_MOBILE\endorsed
2월 20, 2024 11:37:50 오전 org.apache.catalina.startup.VersionLoggerListener log
정보: Command line argument: -Djava.io.tmpdir=C:\WAS\SEMS_MOBILE\temp
2월 20, 2024 11:37:50 오전 org.apache.catalina.startup.VersionLoggerListener log
정보: Command line argument: -Djava.util.logging.manager=org.apache.juli.ClassLoaderLogManager
2월 20, 2024 11:37:50 오전 org.apache.catalina.startup.VersionLoggerListener log
정보: Command line argument: -Djava.util.logging.config.file=C:\WAS\SEMS_MOBILE\conf\logging.properties
2월 20, 2024 11:37:50 오전 org.apache.catalina.startup.VersionLoggerListener log
정보: Command line argument: exit
2월 20, 2024 11:37:50 오전 org.apache.catalina.startup.VersionLoggerListener log
정보: Command line argument: -Xms128m
2월 20, 2024 11:37:50 오전 org.apache.catalina.startup.VersionLoggerListener log
정보: Command line argument: -Xmx256m
2월 20, 2024 11:37:50 오전 org.apache.catalina.core.AprLifecycleListener lifecycleEvent
정보: Loaded APR based Apache Tomcat Native library 1.1.33 using APR version 1.5.1.
2월 20, 2024 11:37:50 오전 org.apache.catalina.core.AprLifecycleListener lifecycleEvent
정보: APR capabilities: IPv6 [true], sendfile [true], accept filters [false], random [true].
2월 20, 2024 11:37:51 오전 org.apache.catalina.core.AprLifecycleListener initializeSSL
정보: OpenSSL successfully initialized (OpenSSL 1.0.1m 19 Mar 2015)
2월 20, 2024 11:37:52 오전 org.apache.coyote.AbstractProtocol init
정보: Initializing ProtocolHandler ["http-apr-9092"]
2월 20, 2024 11:37:52 오전 org.apache.coyote.AbstractProtocol init
정보: Initializing ProtocolHandler ["http-bio-8443"]
2월 20, 2024 11:37:52 오전 org.apache.coyote.AbstractProtocol init
정보: Initializing ProtocolHandler ["ajp-apr-9100"]
2월 20, 2024 11:37:52 오전 org.apache.catalina.startup.Catalina load
정보: Initialization processed in 3454 ms
2월 20, 2024 11:37:52 오전 org.apache.catalina.core.StandardService startInternal
정보: Starting service Catalina
2월 20, 2024 11:37:52 오전 org.apache.catalina.core.StandardEngine startInternal
정보: Starting Servlet Engine: Apache Tomcat/7.0.69
2월 20, 2024 11:37:52 오전 org.apache.catalina.startup.HostConfig deployWAR
정보: Deploying web application archive C:\WAS\SEMS_MOBILE\webapps\ROOT.war
2월 20, 2024 11:37:55 오전 org.apache.catalina.startup.TldConfig execute
정보: At least one JAR was scanned for TLDs yet contained no TLDs. Enable debug logging for this logger for a complete list of JARs that were scanned but no TLDs were found in them. Skipping unneeded JARs during scanning can improve startup time and JSP compilation time.
2월 20, 2024 11:38:03 오전 org.apache.catalina.startup.HostConfig deployWAR
정보: Deployment of web application archive C:\WAS\SEMS_MOBILE\webapps\ROOT.war has finished in 10,795 ms
2월 20, 2024 11:38:03 오전 org.apache.catalina.startup.HostConfig deployDirectory
정보: Deploying web application directory C:\WAS\SEMS_MOBILE\webapps\231212
2월 20, 2024 11:38:03 오전 org.apache.catalina.startup.HostConfig deployDirectory
정보: Deployment of web application directory C:\WAS\SEMS_MOBILE\webapps\231212 has finished in 69 ms
2월 20, 2024 11:38:03 오전 org.apache.catalina.startup.HostConfig deployDirectory
정보: Deploying web application directory C:\WAS\SEMS_MOBILE\webapps\231213
2월 20, 2024 11:38:03 오전 org.apache.catalina.startup.HostConfig deployDirectory
정보: Deployment of web application directory C:\WAS\SEMS_MOBILE\webapps\231213 has finished in 56 ms
2월 20, 2024 11:38:03 오전 org.apache.catalina.startup.HostConfig deployDirectory
정보: Deploying web application directory C:\WAS\SEMS_MOBILE\webapps\231226
2월 20, 2024 11:38:03 오전 org.apache.catalina.startup.HostConfig deployDirectory
정보: Deployment of web application directory C:\WAS\SEMS_MOBILE\webapps\231226 has finished in 51 ms
2월 20, 2024 11:38:03 오전 org.apache.catalina.startup.HostConfig deployDirectory
정보: Deploying web application directory C:\WAS\SEMS_MOBILE\webapps\240125
2월 20, 2024 11:38:03 오전 org.apache.catalina.startup.HostConfig deployDirectory
정보: Deployment of web application directory C:\WAS\SEMS_MOBILE\webapps\240125 has finished in 49 ms
2월 20, 2024 11:38:03 오전 org.apache.catalina.startup.HostConfig deployDirectory
정보: Deploying web application directory C:\WAS\SEMS_MOBILE\webapps\240129
2월 20, 2024 11:38:03 오전 org.apache.catalina.startup.HostConfig deployDirectory
정보: Deployment of web application directory C:\WAS\SEMS_MOBILE\webapps\240129 has finished in 46 ms
2월 20, 2024 11:38:03 오전 org.apache.catalina.startup.HostConfig deployDirectory
정보: Deploying web application directory C:\WAS\SEMS_MOBILE\webapps\240201
2월 20, 2024 11:38:03 오전 org.apache.catalina.startup.HostConfig deployDirectory
정보: Deployment of web application directory C:\WAS\SEMS_MOBILE\webapps\240201 has finished in 50 ms
2월 20, 2024 11:38:03 오전 org.apache.catalina.startup.HostConfig deployDirectory
정보: Deploying web application directory C:\WAS\SEMS_MOBILE\webapps\2402124-2
2월 20, 2024 11:38:03 오전 org.apache.catalina.startup.HostConfig deployDirectory
정보: Deployment of web application directory C:\WAS\SEMS_MOBILE\webapps\2402124-2 has finished in 45 ms
2월 20, 2024 11:38:03 오전 org.apache.catalina.startup.HostConfig deployDirectory
정보: Deploying web application directory C:\WAS\SEMS_MOBILE\webapps\240214
2월 20, 2024 11:38:04 오전 org.apache.catalina.startup.HostConfig deployDirectory
정보: Deployment of web application directory C:\WAS\SEMS_MOBILE\webapps\240214 has finished in 88 ms
2월 20, 2024 11:38:04 오전 org.apache.catalina.startup.HostConfig deployDirectory
정보: Deploying web application directory C:\WAS\SEMS_MOBILE\webapps\240215
2월 20, 2024 11:38:04 오전 org.apache.catalina.startup.HostConfig deployDirectory
정보: Deployment of web application directory C:\WAS\SEMS_MOBILE\webapps\240215 has finished in 51 ms
2월 20, 2024 11:38:04 오전 org.apache.catalina.startup.HostConfig deployDirectory
정보: Deploying web application directory C:\WAS\SEMS_MOBILE\webapps\240220
2월 20, 2024 11:38:04 오전 org.apache.catalina.startup.HostConfig deployDirectory
정보: Deployment of web application directory C:\WAS\SEMS_MOBILE\webapps\240220 has finished in 49 ms
2월 20, 2024 11:38:04 오전 org.apache.catalina.startup.HostConfig deployDirectory
정보: Deploying web application directory C:\WAS\SEMS_MOBILE\webapps\docs
2월 20, 2024 11:38:04 오전 org.apache.catalina.startup.HostConfig deployDirectory
정보: Deployment of web application directory C:\WAS\SEMS_MOBILE\webapps\docs has finished in 61 ms
2월 20, 2024 11:38:04 오전 org.apache.catalina.startup.HostConfig deployDirectory
정보: Deploying web application directory C:\WAS\SEMS_MOBILE\webapps\examples
2월 20, 2024 11:38:05 오전 org.apache.catalina.startup.HostConfig deployDirectory
정보: Deployment of web application directory C:\WAS\SEMS_MOBILE\webapps\examples has finished in 1,321 ms
2월 20, 2024 11:38:05 오전 org.apache.catalina.startup.HostConfig deployDirectory
정보: Deploying web application directory C:\WAS\SEMS_MOBILE\webapps\host-manager
2월 20, 2024 11:38:05 오전 org.apache.catalina.startup.HostConfig deployDirectory
정보: Deployment of web application directory C:\WAS\SEMS_MOBILE\webapps\host-manager has finished in 80 ms
2월 20, 2024 11:38:05 오전 org.apache.catalina.startup.HostConfig deployDirectory
정보: Deploying web application directory C:\WAS\SEMS_MOBILE\webapps\manager
2월 20, 2024 11:38:05 오전 org.apache.catalina.startup.HostConfig deployDirectory
정보: Deployment of web application directory C:\WAS\SEMS_MOBILE\webapps\manager has finished in 111 ms
2월 20, 2024 11:38:05 오전 org.apache.coyote.AbstractProtocol start
정보: Starting ProtocolHandler ["http-apr-9092"]
2월 20, 2024 11:38:05 오전 org.apache.coyote.AbstractProtocol start
정보: Starting ProtocolHandler ["http-bio-8443"]
2월 20, 2024 11:38:05 오전 org.apache.coyote.AbstractProtocol start
정보: Starting ProtocolHandler ["ajp-apr-9100"]
2월 20, 2024 11:38:05 오전 org.apache.catalina.startup.Catalina start
정보: Server startup in 13153 ms
2월 20, 2024 1:49:30 오후 org.apache.catalina.startup.HostConfig deployDirectory
정보: Deploying web application directory C:\WAS\SEMS_MOBILE\webapps\새 폴더
2월 20, 2024 1:49:30 오후 org.apache.catalina.startup.HostConfig deployDirectory
정보: Deployment of web application directory C:\WAS\SEMS_MOBILE\webapps\새 폴더 has finished in 60 ms
2월 20, 2024 1:49:40 오후 org.apache.catalina.startup.HostConfig undeploy
정보: Undeploying context []
2월 20, 2024 1:49:40 오후 org.apache.catalina.loader.WebappClassLoaderBase clearReferencesJdbc
심각: The web application [] registered the JDBC driver [org.mariadb.jdbc.Driver] but failed to unregister it when the web application was stopped. To prevent a memory leak, the JDBC Driver has been forcibly unregistered.
2월 20, 2024 1:49:40 오후 org.apache.catalina.loader.WebappClassLoaderBase clearReferencesJdbc
심각: The web application [] registered the JDBC driver [net.sf.log4jdbc.DriverSpy] but failed to unregister it when the web application was stopped. To prevent a memory leak, the JDBC Driver has been forcibly unregistered.
2월 20, 2024 1:49:42 오후 org.apache.catalina.startup.HostConfig undeploy
정보: Undeploying context [/새 폴더]
2월 20, 2024 1:49:42 오후 org.apache.catalina.startup.HostConfig deployDirectory
정보: Deploying web application directory C:\WAS\SEMS_MOBILE\webapps\240220-2
2월 20, 2024 1:49:42 오후 org.apache.catalina.startup.HostConfig deployDirectory
정보: Deployment of web application directory C:\WAS\SEMS_MOBILE\webapps\240220-2 has finished in 60 ms
2월 20, 2024 1:49:52 오후 org.apache.catalina.startup.HostConfig deployWAR
정보: Deploying web application archive C:\WAS\SEMS_MOBILE\webapps\ROOT.war
2월 20, 2024 1:50:02 오후 org.apache.coyote.AbstractProtocol pause
정보: Pausing ProtocolHandler ["http-apr-9092"]
2월 20, 2024 1:50:02 오후 org.apache.coyote.AbstractProtocol pause
정보: Pausing ProtocolHandler ["http-bio-8443"]
2월 20, 2024 1:50:02 오후 org.apache.coyote.AbstractProtocol pause
정보: Pausing ProtocolHandler ["ajp-apr-9100"]
2월 20, 2024 1:50:02 오후 org.apache.catalina.core.StandardService stopInternal
정보: Stopping service Catalina
2월 20, 2024 1:50:02 오후 org.apache.catalina.startup.HostConfig deployWARs
심각: Error waiting for multi-thread deployment of WAR files to complete
java.lang.InterruptedException
	at java.util.concurrent.FutureTask.awaitDone(FutureTask.java:404)
	at java.util.concurrent.FutureTask.get(FutureTask.java:191)
	at org.apache.catalina.startup.HostConfig.deployWARs(HostConfig.java:832)
	at org.apache.catalina.startup.HostConfig.deployApps(HostConfig.java:495)
	at org.apache.catalina.startup.HostConfig.check(HostConfig.java:1757)
	at org.apache.catalina.startup.HostConfig.lifecycleEvent(HostConfig.java:333)
	at org.apache.catalina.util.LifecycleSupport.fireLifecycleEvent(LifecycleSupport.java:117)
	at org.apache.catalina.util.LifecycleBase.fireLifecycleEvent(LifecycleBase.java:90)
	at org.apache.catalina.core.ContainerBase.backgroundProcess(ContainerBase.java:1371)
	at org.apache.catalina.core.ContainerBase$ContainerBackgroundProcessor.processChildren(ContainerBase.java:1543)
	at org.apache.catalina.core.ContainerBase$ContainerBackgroundProcessor.processChildren(ContainerBase.java:1553)
	at org.apache.catalina.core.ContainerBase$ContainerBackgroundProcessor.run(ContainerBase.java:1521)
	at java.lang.Thread.run(Thread.java:748)

2월 20, 2024 1:50:12 오후 org.apache.catalina.startup.TldConfig execute
정보: At least one JAR was scanned for TLDs yet contained no TLDs. Enable debug logging for this logger for a complete list of JARs that were scanned but no TLDs were found in them. Skipping unneeded JARs during scanning can improve startup time and JSP compilation time.
2월 20, 2024 1:50:18 오후 org.apache.catalina.startup.HostConfig deployWAR
정보: Deployment of web application archive C:\WAS\SEMS_MOBILE\webapps\ROOT.war has finished in 25,738 ms
2월 20, 2024 1:50:18 오후 org.apache.coyote.AbstractProtocol stop
정보: Stopping ProtocolHandler ["http-apr-9092"]
2월 20, 2024 1:50:18 오후 org.apache.coyote.AbstractProtocol stop
정보: Stopping ProtocolHandler ["http-bio-8443"]
2월 20, 2024 1:50:18 오후 org.apache.coyote.AbstractProtocol stop
정보: Stopping ProtocolHandler ["ajp-apr-9100"]

2024-02-20 13:50:19 Commons Daemon procrun stderr initialized
2월 20, 2024 1:50:20 오후 org.apache.catalina.startup.VersionLoggerListener log
정보: Server version:        Apache Tomcat/7.0.69
2월 20, 2024 1:50:20 오후 org.apache.catalina.startup.VersionLoggerListener log
정보: Server built:          Apr 11 2016 07:57:09 UTC
2월 20, 2024 1:50:20 오후 org.apache.catalina.startup.VersionLoggerListener log
정보: Server number:         7.0.69.0
2월 20, 2024 1:50:20 오후 org.apache.catalina.startup.VersionLoggerListener log
정보: OS Name:               Windows Server 2012 R2
2월 20, 2024 1:50:20 오후 org.apache.catalina.startup.VersionLoggerListener log
정보: OS Version:            6.3
2월 20, 2024 1:50:20 오후 org.apache.catalina.startup.VersionLoggerListener log
정보: Architecture:          amd64
2월 20, 2024 1:50:20 오후 org.apache.catalina.startup.VersionLoggerListener log
정보: Java Home:             C:\Program Files\Java\openjdk-1.8.0\jre
2월 20, 2024 1:50:20 오후 org.apache.catalina.startup.VersionLoggerListener log
정보: JVM Version:           1.8.0_201-1-ojdkbuild-b09
2월 20, 2024 1:50:20 오후 org.apache.catalina.startup.VersionLoggerListener log
정보: JVM Vendor:            Oracle Corporation
2월 20, 2024 1:50:20 오후 org.apache.catalina.startup.VersionLoggerListener log
정보: CATALINA_BASE:         C:\WAS\SEMS_MOBILE
2월 20, 2024 1:50:20 오후 org.apache.catalina.startup.VersionLoggerListener log
정보: CATALINA_HOME:         C:\WAS\SEMS_MOBILE
2월 20, 2024 1:50:20 오후 org.apache.catalina.startup.VersionLoggerListener log
정보: Command line argument: -Dcatalina.home=C:\WAS\SEMS_MOBILE
2월 20, 2024 1:50:20 오후 org.apache.catalina.startup.VersionLoggerListener log
정보: Command line argument: -Dcatalina.base=C:\WAS\SEMS_MOBILE
2월 20, 2024 1:50:20 오후 org.apache.catalina.startup.VersionLoggerListener log
정보: Command line argument: -Djava.endorsed.dirs=C:\WAS\SEMS_MOBILE\endorsed
2월 20, 2024 1:50:20 오후 org.apache.catalina.startup.VersionLoggerListener log
정보: Command line argument: -Djava.io.tmpdir=C:\WAS\SEMS_MOBILE\temp
2월 20, 2024 1:50:20 오후 org.apache.catalina.startup.VersionLoggerListener log
정보: Command line argument: -Djava.util.logging.manager=org.apache.juli.ClassLoaderLogManager
2월 20, 2024 1:50:20 오후 org.apache.catalina.startup.VersionLoggerListener log
정보: Command line argument: -Djava.util.logging.config.file=C:\WAS\SEMS_MOBILE\conf\logging.properties
2월 20, 2024 1:50:20 오후 org.apache.catalina.startup.VersionLoggerListener log
정보: Command line argument: exit
2월 20, 2024 1:50:20 오후 org.apache.catalina.startup.VersionLoggerListener log
정보: Command line argument: -Xms128m
2월 20, 2024 1:50:20 오후 org.apache.catalina.startup.VersionLoggerListener log
정보: Command line argument: -Xmx256m
2월 20, 2024 1:50:20 오후 org.apache.catalina.core.AprLifecycleListener lifecycleEvent
정보: Loaded APR based Apache Tomcat Native library 1.1.33 using APR version 1.5.1.
2월 20, 2024 1:50:20 오후 org.apache.catalina.core.AprLifecycleListener lifecycleEvent
정보: APR capabilities: IPv6 [true], sendfile [true], accept filters [false], random [true].
2월 20, 2024 1:50:22 오후 org.apache.catalina.core.AprLifecycleListener initializeSSL
정보: OpenSSL successfully initialized (OpenSSL 1.0.1m 19 Mar 2015)
2월 20, 2024 1:50:22 오후 org.apache.coyote.AbstractProtocol init
정보: Initializing ProtocolHandler ["http-apr-9092"]
2월 20, 2024 1:50:22 오후 org.apache.coyote.AbstractProtocol init
정보: Initializing ProtocolHandler ["http-bio-8443"]
2월 20, 2024 1:50:22 오후 org.apache.coyote.AbstractProtocol init
정보: Initializing ProtocolHandler ["ajp-apr-9100"]
2월 20, 2024 1:50:22 오후 org.apache.catalina.startup.Catalina load
정보: Initialization processed in 2539 ms
2월 20, 2024 1:50:22 오후 org.apache.catalina.core.StandardService startInternal
정보: Starting service Catalina
2월 20, 2024 1:50:22 오후 org.apache.catalina.core.StandardEngine startInternal
정보: Starting Servlet Engine: Apache Tomcat/7.0.69
2월 20, 2024 1:50:22 오후 org.apache.catalina.startup.HostConfig deployWAR
정보: Deploying web application archive C:\WAS\SEMS_MOBILE\webapps\ROOT.war
2월 20, 2024 1:50:25 오후 org.apache.catalina.startup.TldConfig execute
정보: At least one JAR was scanned for TLDs yet contained no TLDs. Enable debug logging for this logger for a complete list of JARs that were scanned but no TLDs were found in them. Skipping unneeded JARs during scanning can improve startup time and JSP compilation time.
2월 20, 2024 1:50:32 오후 org.apache.catalina.startup.HostConfig deployWAR
정보: Deployment of web application archive C:\WAS\SEMS_MOBILE\webapps\ROOT.war has finished in 10,084 ms
2월 20, 2024 1:50:32 오후 org.apache.catalina.startup.HostConfig deployDirectory
정보: Deploying web application directory C:\WAS\SEMS_MOBILE\webapps\231212
2월 20, 2024 1:50:32 오후 org.apache.catalina.startup.HostConfig deployDirectory
정보: Deployment of web application directory C:\WAS\SEMS_MOBILE\webapps\231212 has finished in 60 ms
2월 20, 2024 1:50:32 오후 org.apache.catalina.startup.HostConfig deployDirectory
정보: Deploying web application directory C:\WAS\SEMS_MOBILE\webapps\231213
2월 20, 2024 1:50:33 오후 org.apache.catalina.startup.HostConfig deployDirectory
정보: Deployment of web application directory C:\WAS\SEMS_MOBILE\webapps\231213 has finished in 53 ms
2월 20, 2024 1:50:33 오후 org.apache.catalina.startup.HostConfig deployDirectory
정보: Deploying web application directory C:\WAS\SEMS_MOBILE\webapps\231226
2월 20, 2024 1:50:33 오후 org.apache.catalina.startup.HostConfig deployDirectory
정보: Deployment of web application directory C:\WAS\SEMS_MOBILE\webapps\231226 has finished in 50 ms
2월 20, 2024 1:50:33 오후 org.apache.catalina.startup.HostConfig deployDirectory
정보: Deploying web application directory C:\WAS\SEMS_MOBILE\webapps\240125
2월 20, 2024 1:50:33 오후 org.apache.catalina.startup.HostConfig deployDirectory
정보: Deployment of web application directory C:\WAS\SEMS_MOBILE\webapps\240125 has finished in 52 ms
2월 20, 2024 1:50:33 오후 org.apache.catalina.startup.HostConfig deployDirectory
정보: Deploying web application directory C:\WAS\SEMS_MOBILE\webapps\240129
2월 20, 2024 1:50:33 오후 org.apache.catalina.startup.HostConfig deployDirectory
정보: Deployment of web application directory C:\WAS\SEMS_MOBILE\webapps\240129 has finished in 50 ms
2월 20, 2024 1:50:33 오후 org.apache.catalina.startup.HostConfig deployDirectory
정보: Deploying web application directory C:\WAS\SEMS_MOBILE\webapps\240201
2월 20, 2024 1:50:33 오후 org.apache.catalina.startup.HostConfig deployDirectory
정보: Deployment of web application directory C:\WAS\SEMS_MOBILE\webapps\240201 has finished in 49 ms
2월 20, 2024 1:50:33 오후 org.apache.catalina.startup.HostConfig deployDirectory
정보: Deploying web application directory C:\WAS\SEMS_MOBILE\webapps\2402124-2
2월 20, 2024 1:50:33 오후 org.apache.catalina.startup.HostConfig deployDirectory
정보: Deployment of web application directory C:\WAS\SEMS_MOBILE\webapps\2402124-2 has finished in 49 ms
2월 20, 2024 1:50:33 오후 org.apache.catalina.startup.HostConfig deployDirectory
정보: Deploying web application directory C:\WAS\SEMS_MOBILE\webapps\240214
2월 20, 2024 1:50:33 오후 org.apache.catalina.startup.HostConfig deployDirectory
정보: Deployment of web application directory C:\WAS\SEMS_MOBILE\webapps\240214 has finished in 71 ms
2월 20, 2024 1:50:33 오후 org.apache.catalina.startup.HostConfig deployDirectory
정보: Deploying web application directory C:\WAS\SEMS_MOBILE\webapps\240215
2월 20, 2024 1:50:33 오후 org.apache.catalina.startup.HostConfig deployDirectory
정보: Deployment of web application directory C:\WAS\SEMS_MOBILE\webapps\240215 has finished in 49 ms
2월 20, 2024 1:50:33 오후 org.apache.catalina.startup.HostConfig deployDirectory
정보: Deploying web application directory C:\WAS\SEMS_MOBILE\webapps\240220
2월 20, 2024 1:50:33 오후 org.apache.catalina.startup.HostConfig deployDirectory
정보: Deployment of web application directory C:\WAS\SEMS_MOBILE\webapps\240220 has finished in 48 ms
2월 20, 2024 1:50:33 오후 org.apache.catalina.startup.HostConfig deployDirectory
정보: Deploying web application directory C:\WAS\SEMS_MOBILE\webapps\240220-2
2월 20, 2024 1:50:33 오후 org.apache.catalina.startup.HostConfig deployDirectory
정보: Deployment of web application directory C:\WAS\SEMS_MOBILE\webapps\240220-2 has finished in 50 ms
2월 20, 2024 1:50:33 오후 org.apache.catalina.startup.HostConfig deployDirectory
정보: Deploying web application directory C:\WAS\SEMS_MOBILE\webapps\docs
2월 20, 2024 1:50:33 오후 org.apache.catalina.startup.HostConfig deployDirectory
정보: Deployment of web application directory C:\WAS\SEMS_MOBILE\webapps\docs has finished in 52 ms
2월 20, 2024 1:50:33 오후 org.apache.catalina.startup.HostConfig deployDirectory
정보: Deploying web application directory C:\WAS\SEMS_MOBILE\webapps\examples
2월 20, 2024 1:50:33 오후 org.apache.catalina.startup.HostConfig deployDirectory
정보: Deployment of web application directory C:\WAS\SEMS_MOBILE\webapps\examples has finished in 241 ms
2월 20, 2024 1:50:33 오후 org.apache.catalina.startup.HostConfig deployDirectory
정보: Deploying web application directory C:\WAS\SEMS_MOBILE\webapps\host-manager
2월 20, 2024 1:50:33 오후 org.apache.catalina.startup.HostConfig deployDirectory
정보: Deployment of web application directory C:\WAS\SEMS_MOBILE\webapps\host-manager has finished in 97 ms
2월 20, 2024 1:50:33 오후 org.apache.catalina.startup.HostConfig deployDirectory
정보: Deploying web application directory C:\WAS\SEMS_MOBILE\webapps\manager
2월 20, 2024 1:50:33 오후 org.apache.catalina.startup.HostConfig deployDirectory
정보: Deployment of web application directory C:\WAS\SEMS_MOBILE\webapps\manager has finished in 64 ms
2월 20, 2024 1:50:33 오후 org.apache.coyote.AbstractProtocol start
정보: Starting ProtocolHandler ["http-apr-9092"]
2월 20, 2024 1:50:33 오후 org.apache.coyote.AbstractProtocol start
정보: Starting ProtocolHandler ["http-bio-8443"]
2월 20, 2024 1:50:34 오후 org.apache.coyote.AbstractProtocol start
정보: Starting ProtocolHandler ["ajp-apr-9100"]
2월 20, 2024 1:50:34 오후 org.apache.catalina.startup.Catalina start
정보: Server startup in 11273 ms
2월 20, 2024 2:41:46 오후 org.apache.catalina.startup.HostConfig undeploy
정보: Undeploying context []
2월 20, 2024 2:41:46 오후 org.apache.catalina.loader.WebappClassLoaderBase clearReferencesJdbc
심각: The web application [] registered the JDBC driver [org.mariadb.jdbc.Driver] but failed to unregister it when the web application was stopped. To prevent a memory leak, the JDBC Driver has been forcibly unregistered.
2월 20, 2024 2:41:46 오후 org.apache.catalina.loader.WebappClassLoaderBase clearReferencesJdbc
심각: The web application [] registered the JDBC driver [net.sf.log4jdbc.DriverSpy] but failed to unregister it when the web application was stopped. To prevent a memory leak, the JDBC Driver has been forcibly unregistered.
2월 20, 2024 2:41:57 오후 org.apache.catalina.startup.HostConfig deployWAR
정보: Deploying web application archive C:\WAS\SEMS_MOBILE\webapps\ROOT.war
2월 20, 2024 2:42:04 오후 org.apache.coyote.AbstractProtocol pause
정보: Pausing ProtocolHandler ["http-apr-9092"]
2월 20, 2024 2:42:04 오후 org.apache.coyote.AbstractProtocol pause
정보: Pausing ProtocolHandler ["http-bio-8443"]
2월 20, 2024 2:42:04 오후 org.apache.coyote.AbstractProtocol pause
정보: Pausing ProtocolHandler ["ajp-apr-9100"]
2월 20, 2024 2:42:04 오후 org.apache.catalina.core.StandardService stopInternal
정보: Stopping service Catalina
2월 20, 2024 2:42:04 오후 org.apache.catalina.startup.HostConfig deployWARs
심각: Error waiting for multi-thread deployment of WAR files to complete
java.lang.InterruptedException
	at java.util.concurrent.FutureTask.awaitDone(FutureTask.java:404)
	at java.util.concurrent.FutureTask.get(FutureTask.java:191)
	at org.apache.catalina.startup.HostConfig.deployWARs(HostConfig.java:832)
	at org.apache.catalina.startup.HostConfig.deployApps(HostConfig.java:495)
	at org.apache.catalina.startup.HostConfig.check(HostConfig.java:1757)
	at org.apache.catalina.startup.HostConfig.lifecycleEvent(HostConfig.java:333)
	at org.apache.catalina.util.LifecycleSupport.fireLifecycleEvent(LifecycleSupport.java:117)
	at org.apache.catalina.util.LifecycleBase.fireLifecycleEvent(LifecycleBase.java:90)
	at org.apache.catalina.core.ContainerBase.backgroundProcess(ContainerBase.java:1371)
	at org.apache.catalina.core.ContainerBase$ContainerBackgroundProcessor.processChildren(ContainerBase.java:1543)
	at org.apache.catalina.core.ContainerBase$ContainerBackgroundProcessor.processChildren(ContainerBase.java:1553)
	at org.apache.catalina.core.ContainerBase$ContainerBackgroundProcessor.run(ContainerBase.java:1521)
	at java.lang.Thread.run(Thread.java:748)

2월 20, 2024 2:42:13 오후 org.apache.catalina.startup.TldConfig execute
정보: At least one JAR was scanned for TLDs yet contained no TLDs. Enable debug logging for this logger for a complete list of JARs that were scanned but no TLDs were found in them. Skipping unneeded JARs during scanning can improve startup time and JSP compilation time.
2월 20, 2024 2:42:19 오후 org.apache.catalina.startup.HostConfig deployWAR
정보: Deployment of web application archive C:\WAS\SEMS_MOBILE\webapps\ROOT.war has finished in 21,980 ms
2월 20, 2024 2:42:19 오후 org.apache.coyote.AbstractProtocol stop
정보: Stopping ProtocolHandler ["http-apr-9092"]
2월 20, 2024 2:42:19 오후 org.apache.coyote.AbstractProtocol stop
정보: Stopping ProtocolHandler ["http-bio-8443"]
2월 20, 2024 2:42:19 오후 org.apache.coyote.AbstractProtocol stop
정보: Stopping ProtocolHandler ["ajp-apr-9100"]

2024-02-20 14:42:21 Commons Daemon procrun stderr initialized
2월 20, 2024 2:42:22 오후 org.apache.catalina.startup.VersionLoggerListener log
정보: Server version:        Apache Tomcat/7.0.69
2월 20, 2024 2:42:22 오후 org.apache.catalina.startup.VersionLoggerListener log
정보: Server built:          Apr 11 2016 07:57:09 UTC
2월 20, 2024 2:42:22 오후 org.apache.catalina.startup.VersionLoggerListener log
정보: Server number:         7.0.69.0
2월 20, 2024 2:42:22 오후 org.apache.catalina.startup.VersionLoggerListener log
정보: OS Name:               Windows Server 2012 R2
2월 20, 2024 2:42:22 오후 org.apache.catalina.startup.VersionLoggerListener log
정보: OS Version:            6.3
2월 20, 2024 2:42:22 오후 org.apache.catalina.startup.VersionLoggerListener log
정보: Architecture:          amd64
2월 20, 2024 2:42:22 오후 org.apache.catalina.startup.VersionLoggerListener log
정보: Java Home:             C:\Program Files\Java\openjdk-1.8.0\jre
2월 20, 2024 2:42:22 오후 org.apache.catalina.startup.VersionLoggerListener log
정보: JVM Version:           1.8.0_201-1-ojdkbuild-b09
2월 20, 2024 2:42:22 오후 org.apache.catalina.startup.VersionLoggerListener log
정보: JVM Vendor:            Oracle Corporation
2월 20, 2024 2:42:22 오후 org.apache.catalina.startup.VersionLoggerListener log
정보: CATALINA_BASE:         C:\WAS\SEMS_MOBILE
2월 20, 2024 2:42:22 오후 org.apache.catalina.startup.VersionLoggerListener log
정보: CATALINA_HOME:         C:\WAS\SEMS_MOBILE
2월 20, 2024 2:42:22 오후 org.apache.catalina.startup.VersionLoggerListener log
정보: Command line argument: -Dcatalina.home=C:\WAS\SEMS_MOBILE
2월 20, 2024 2:42:22 오후 org.apache.catalina.startup.VersionLoggerListener log
정보: Command line argument: -Dcatalina.base=C:\WAS\SEMS_MOBILE
2월 20, 2024 2:42:22 오후 org.apache.catalina.startup.VersionLoggerListener log
정보: Command line argument: -Djava.endorsed.dirs=C:\WAS\SEMS_MOBILE\endorsed
2월 20, 2024 2:42:23 오후 org.apache.catalina.startup.VersionLoggerListener log
정보: Command line argument: -Djava.io.tmpdir=C:\WAS\SEMS_MOBILE\temp
2월 20, 2024 2:42:23 오후 org.apache.catalina.startup.VersionLoggerListener log
정보: Command line argument: -Djava.util.logging.manager=org.apache.juli.ClassLoaderLogManager
2월 20, 2024 2:42:23 오후 org.apache.catalina.startup.VersionLoggerListener log
정보: Command line argument: -Djava.util.logging.config.file=C:\WAS\SEMS_MOBILE\conf\logging.properties
2월 20, 2024 2:42:23 오후 org.apache.catalina.startup.VersionLoggerListener log
정보: Command line argument: exit
2월 20, 2024 2:42:23 오후 org.apache.catalina.startup.VersionLoggerListener log
정보: Command line argument: -Xms128m
2월 20, 2024 2:42:23 오후 org.apache.catalina.startup.VersionLoggerListener log
정보: Command line argument: -Xmx256m
2월 20, 2024 2:42:23 오후 org.apache.catalina.core.AprLifecycleListener lifecycleEvent
정보: Loaded APR based Apache Tomcat Native library 1.1.33 using APR version 1.5.1.
2월 20, 2024 2:42:23 오후 org.apache.catalina.core.AprLifecycleListener lifecycleEvent
정보: APR capabilities: IPv6 [true], sendfile [true], accept filters [false], random [true].
2월 20, 2024 2:42:24 오후 org.apache.catalina.core.AprLifecycleListener initializeSSL
정보: OpenSSL successfully initialized (OpenSSL 1.0.1m 19 Mar 2015)
2월 20, 2024 2:42:24 오후 org.apache.coyote.AbstractProtocol init
정보: Initializing ProtocolHandler ["http-apr-9092"]
2월 20, 2024 2:42:24 오후 org.apache.coyote.AbstractProtocol init
정보: Initializing ProtocolHandler ["http-bio-8443"]
2월 20, 2024 2:42:24 오후 org.apache.coyote.AbstractProtocol init
정보: Initializing ProtocolHandler ["ajp-apr-9100"]
2월 20, 2024 2:42:24 오후 org.apache.catalina.startup.Catalina load
정보: Initialization processed in 2527 ms
2월 20, 2024 2:42:24 오후 org.apache.catalina.core.StandardService startInternal
정보: Starting service Catalina
2월 20, 2024 2:42:24 오후 org.apache.catalina.core.StandardEngine startInternal
정보: Starting Servlet Engine: Apache Tomcat/7.0.69
2월 20, 2024 2:42:24 오후 org.apache.catalina.startup.HostConfig deployWAR
정보: Deploying web application archive C:\WAS\SEMS_MOBILE\webapps\ROOT.war
2월 20, 2024 2:42:27 오후 org.apache.catalina.startup.TldConfig execute
정보: At least one JAR was scanned for TLDs yet contained no TLDs. Enable debug logging for this logger for a complete list of JARs that were scanned but no TLDs were found in them. Skipping unneeded JARs during scanning can improve startup time and JSP compilation time.
2월 20, 2024 2:42:35 오후 org.apache.catalina.startup.HostConfig deployWAR
정보: Deployment of web application archive C:\WAS\SEMS_MOBILE\webapps\ROOT.war has finished in 10,483 ms
2월 20, 2024 2:42:35 오후 org.apache.catalina.startup.HostConfig deployDirectory
정보: Deploying web application directory C:\WAS\SEMS_MOBILE\webapps\231212
2월 20, 2024 2:42:35 오후 org.apache.catalina.startup.HostConfig deployDirectory
정보: Deployment of web application directory C:\WAS\SEMS_MOBILE\webapps\231212 has finished in 50 ms
2월 20, 2024 2:42:35 오후 org.apache.catalina.startup.HostConfig deployDirectory
정보: Deploying web application directory C:\WAS\SEMS_MOBILE\webapps\231213
2월 20, 2024 2:42:35 오후 org.apache.catalina.startup.HostConfig deployDirectory
정보: Deployment of web application directory C:\WAS\SEMS_MOBILE\webapps\231213 has finished in 44 ms
2월 20, 2024 2:42:35 오후 org.apache.catalina.startup.HostConfig deployDirectory
정보: Deploying web application directory C:\WAS\SEMS_MOBILE\webapps\231226
2월 20, 2024 2:42:35 오후 org.apache.catalina.startup.HostConfig deployDirectory
정보: Deployment of web application directory C:\WAS\SEMS_MOBILE\webapps\231226 has finished in 42 ms
2월 20, 2024 2:42:35 오후 org.apache.catalina.startup.HostConfig deployDirectory
정보: Deploying web application directory C:\WAS\SEMS_MOBILE\webapps\240125
2월 20, 2024 2:42:35 오후 org.apache.catalina.startup.HostConfig deployDirectory
정보: Deployment of web application directory C:\WAS\SEMS_MOBILE\webapps\240125 has finished in 41 ms
2월 20, 2024 2:42:35 오후 org.apache.catalina.startup.HostConfig deployDirectory
정보: Deploying web application directory C:\WAS\SEMS_MOBILE\webapps\240129
2월 20, 2024 2:42:35 오후 org.apache.catalina.startup.HostConfig deployDirectory
정보: Deployment of web application directory C:\WAS\SEMS_MOBILE\webapps\240129 has finished in 43 ms
2월 20, 2024 2:42:35 오후 org.apache.catalina.startup.HostConfig deployDirectory
정보: Deploying web application directory C:\WAS\SEMS_MOBILE\webapps\240201
2월 20, 2024 2:42:35 오후 org.apache.catalina.startup.HostConfig deployDirectory
정보: Deployment of web application directory C:\WAS\SEMS_MOBILE\webapps\240201 has finished in 45 ms
2월 20, 2024 2:42:35 오후 org.apache.catalina.startup.HostConfig deployDirectory
정보: Deploying web application directory C:\WAS\SEMS_MOBILE\webapps\2402124-2
2월 20, 2024 2:42:35 오후 org.apache.catalina.startup.HostConfig deployDirectory
정보: Deployment of web application directory C:\WAS\SEMS_MOBILE\webapps\2402124-2 has finished in 44 ms
2월 20, 2024 2:42:35 오후 org.apache.catalina.startup.HostConfig deployDirectory
정보: Deploying web application directory C:\WAS\SEMS_MOBILE\webapps\240214
2월 20, 2024 2:42:35 오후 org.apache.catalina.startup.HostConfig deployDirectory
정보: Deployment of web application directory C:\WAS\SEMS_MOBILE\webapps\240214 has finished in 80 ms
2월 20, 2024 2:42:35 오후 org.apache.catalina.startup.HostConfig deployDirectory
정보: Deploying web application directory C:\WAS\SEMS_MOBILE\webapps\240215
2월 20, 2024 2:42:35 오후 org.apache.catalina.startup.HostConfig deployDirectory
정보: Deployment of web application directory C:\WAS\SEMS_MOBILE\webapps\240215 has finished in 44 ms
2월 20, 2024 2:42:35 오후 org.apache.catalina.startup.HostConfig deployDirectory
정보: Deploying web application directory C:\WAS\SEMS_MOBILE\webapps\240220
2월 20, 2024 2:42:35 오후 org.apache.catalina.startup.HostConfig deployDirectory
정보: Deployment of web application directory C:\WAS\SEMS_MOBILE\webapps\240220 has finished in 45 ms
2월 20, 2024 2:42:35 오후 org.apache.catalina.startup.HostConfig deployDirectory
정보: Deploying web application directory C:\WAS\SEMS_MOBILE\webapps\240220-2
2월 20, 2024 2:42:35 오후 org.apache.catalina.startup.HostConfig deployDirectory
정보: Deployment of web application directory C:\WAS\SEMS_MOBILE\webapps\240220-2 has finished in 41 ms
2월 20, 2024 2:42:35 오후 org.apache.catalina.startup.HostConfig deployDirectory
정보: Deploying web application directory C:\WAS\SEMS_MOBILE\webapps\docs
2월 20, 2024 2:42:35 오후 org.apache.catalina.startup.HostConfig deployDirectory
정보: Deployment of web application directory C:\WAS\SEMS_MOBILE\webapps\docs has finished in 41 ms
2월 20, 2024 2:42:35 오후 org.apache.catalina.startup.HostConfig deployDirectory
정보: Deploying web application directory C:\WAS\SEMS_MOBILE\webapps\examples
2월 20, 2024 2:42:36 오후 org.apache.catalina.startup.HostConfig deployDirectory
정보: Deployment of web application directory C:\WAS\SEMS_MOBILE\webapps\examples has finished in 237 ms
2월 20, 2024 2:42:36 오후 org.apache.catalina.startup.HostConfig deployDirectory
정보: Deploying web application directory C:\WAS\SEMS_MOBILE\webapps\host-manager
2월 20, 2024 2:42:36 오후 org.apache.catalina.startup.HostConfig deployDirectory
정보: Deployment of web application directory C:\WAS\SEMS_MOBILE\webapps\host-manager has finished in 51 ms
2월 20, 2024 2:42:36 오후 org.apache.catalina.startup.HostConfig deployDirectory
정보: Deploying web application directory C:\WAS\SEMS_MOBILE\webapps\manager
2월 20, 2024 2:42:36 오후 org.apache.catalina.startup.HostConfig deployDirectory
정보: Deployment of web application directory C:\WAS\SEMS_MOBILE\webapps\manager has finished in 54 ms
2월 20, 2024 2:42:36 오후 org.apache.coyote.AbstractProtocol start
정보: Starting ProtocolHandler ["http-apr-9092"]
2월 20, 2024 2:42:36 오후 org.apache.coyote.AbstractProtocol start
정보: Starting ProtocolHandler ["http-bio-8443"]
2월 20, 2024 2:42:36 오후 org.apache.coyote.AbstractProtocol start
정보: Starting ProtocolHandler ["ajp-apr-9100"]
2월 20, 2024 2:42:36 오후 org.apache.catalina.startup.Catalina start
정보: Server startup in 11495 ms
2월 20, 2024 3:57:02 오후 org.apache.coyote.AbstractProtocol pause
정보: Pausing ProtocolHandler ["http-apr-9092"]
2월 20, 2024 3:57:02 오후 org.apache.coyote.AbstractProtocol pause
정보: Pausing ProtocolHandler ["http-bio-8443"]
2월 20, 2024 3:57:02 오후 org.apache.coyote.AbstractProtocol pause
정보: Pausing ProtocolHandler ["ajp-apr-9100"]
2월 20, 2024 3:57:02 오후 org.apache.catalina.core.StandardService stopInternal
정보: Stopping service Catalina
2월 20, 2024 3:57:02 오후 org.apache.catalina.loader.WebappClassLoaderBase clearReferencesJdbc
심각: The web application [] registered the JDBC driver [org.mariadb.jdbc.Driver] but failed to unregister it when the web application was stopped. To prevent a memory leak, the JDBC Driver has been forcibly unregistered.
2월 20, 2024 3:57:02 오후 org.apache.catalina.loader.WebappClassLoaderBase clearReferencesJdbc
심각: The web application [] registered the JDBC driver [net.sf.log4jdbc.DriverSpy] but failed to unregister it when the web application was stopped. To prevent a memory leak, the JDBC Driver has been forcibly unregistered.
2월 20, 2024 3:57:02 오후 org.apache.coyote.AbstractProtocol stop
정보: Stopping ProtocolHandler ["http-apr-9092"]
2월 20, 2024 3:57:02 오후 org.apache.coyote.AbstractProtocol stop
정보: Stopping ProtocolHandler ["http-bio-8443"]
2월 20, 2024 3:57:02 오후 org.apache.coyote.AbstractProtocol stop
정보: Stopping ProtocolHandler ["ajp-apr-9100"]

2024-02-20 15:57:04 Commons Daemon procrun stderr initialized
2월 20, 2024 3:57:05 오후 org.apache.catalina.startup.VersionLoggerListener log
정보: Server version:        Apache Tomcat/7.0.69
2월 20, 2024 3:57:05 오후 org.apache.catalina.startup.VersionLoggerListener log
정보: Server built:          Apr 11 2016 07:57:09 UTC
2월 20, 2024 3:57:05 오후 org.apache.catalina.startup.VersionLoggerListener log
정보: Server number:         7.0.69.0
2월 20, 2024 3:57:05 오후 org.apache.catalina.startup.VersionLoggerListener log
정보: OS Name:               Windows Server 2012 R2
2월 20, 2024 3:57:05 오후 org.apache.catalina.startup.VersionLoggerListener log
정보: OS Version:            6.3
2월 20, 2024 3:57:05 오후 org.apache.catalina.startup.VersionLoggerListener log
정보: Architecture:          amd64
2월 20, 2024 3:57:05 오후 org.apache.catalina.startup.VersionLoggerListener log
정보: Java Home:             C:\Program Files\Java\openjdk-1.8.0\jre
2월 20, 2024 3:57:05 오후 org.apache.catalina.startup.VersionLoggerListener log
정보: JVM Version:           1.8.0_201-1-ojdkbuild-b09
2월 20, 2024 3:57:05 오후 org.apache.catalina.startup.VersionLoggerListener log
정보: JVM Vendor:            Oracle Corporation
2월 20, 2024 3:57:05 오후 org.apache.catalina.startup.VersionLoggerListener log
정보: CATALINA_BASE:         C:\WAS\SEMS_MOBILE
2월 20, 2024 3:57:05 오후 org.apache.catalina.startup.VersionLoggerListener log
정보: CATALINA_HOME:         C:\WAS\SEMS_MOBILE
2월 20, 2024 3:57:05 오후 org.apache.catalina.startup.VersionLoggerListener log
정보: Command line argument: -Dcatalina.home=C:\WAS\SEMS_MOBILE
2월 20, 2024 3:57:05 오후 org.apache.catalina.startup.VersionLoggerListener log
정보: Command line argument: -Dcatalina.base=C:\WAS\SEMS_MOBILE
2월 20, 2024 3:57:05 오후 org.apache.catalina.startup.VersionLoggerListener log
정보: Command line argument: -Djava.endorsed.dirs=C:\WAS\SEMS_MOBILE\endorsed
2월 20, 2024 3:57:05 오후 org.apache.catalina.startup.VersionLoggerListener log
정보: Command line argument: -Djava.io.tmpdir=C:\WAS\SEMS_MOBILE\temp
2월 20, 2024 3:57:05 오후 org.apache.catalina.startup.VersionLoggerListener log
정보: Command line argument: -Djava.util.logging.manager=org.apache.juli.ClassLoaderLogManager
2월 20, 2024 3:57:05 오후 org.apache.catalina.startup.VersionLoggerListener log
정보: Command line argument: -Djava.util.logging.config.file=C:\WAS\SEMS_MOBILE\conf\logging.properties
2월 20, 2024 3:57:05 오후 org.apache.catalina.startup.VersionLoggerListener log
정보: Command line argument: exit
2월 20, 2024 3:57:05 오후 org.apache.catalina.startup.VersionLoggerListener log
정보: Command line argument: -Xms128m
2월 20, 2024 3:57:05 오후 org.apache.catalina.startup.VersionLoggerListener log
정보: Command line argument: -Xmx256m
2월 20, 2024 3:57:05 오후 org.apache.catalina.core.AprLifecycleListener lifecycleEvent
정보: Loaded APR based Apache Tomcat Native library 1.1.33 using APR version 1.5.1.
2월 20, 2024 3:57:05 오후 org.apache.catalina.core.AprLifecycleListener lifecycleEvent
정보: APR capabilities: IPv6 [true], sendfile [true], accept filters [false], random [true].
2월 20, 2024 3:57:07 오후 org.apache.catalina.core.AprLifecycleListener initializeSSL
정보: OpenSSL successfully initialized (OpenSSL 1.0.1m 19 Mar 2015)
2월 20, 2024 3:57:07 오후 org.apache.coyote.AbstractProtocol init
정보: Initializing ProtocolHandler ["http-apr-9092"]
2월 20, 2024 3:57:07 오후 org.apache.coyote.AbstractProtocol init
정보: Initializing ProtocolHandler ["http-bio-8443"]
2월 20, 2024 3:57:07 오후 org.apache.coyote.AbstractProtocol init
정보: Initializing ProtocolHandler ["ajp-apr-9100"]
2월 20, 2024 3:57:07 오후 org.apache.catalina.startup.Catalina load
정보: Initialization processed in 2568 ms
2월 20, 2024 3:57:07 오후 org.apache.catalina.core.StandardService startInternal
정보: Starting service Catalina
2월 20, 2024 3:57:07 오후 org.apache.catalina.core.StandardEngine startInternal
정보: Starting Servlet Engine: Apache Tomcat/7.0.69
2월 20, 2024 3:57:07 오후 org.apache.catalina.startup.HostConfig deployWAR
정보: Deploying web application archive C:\WAS\SEMS_MOBILE\webapps\ROOT.war
2월 20, 2024 3:57:10 오후 org.apache.catalina.startup.TldConfig execute
정보: At least one JAR was scanned for TLDs yet contained no TLDs. Enable debug logging for this logger for a complete list of JARs that were scanned but no TLDs were found in them. Skipping unneeded JARs during scanning can improve startup time and JSP compilation time.
2월 20, 2024 3:57:18 오후 org.apache.catalina.startup.HostConfig deployWAR
정보: Deployment of web application archive C:\WAS\SEMS_MOBILE\webapps\ROOT.war has finished in 10,396 ms
2월 20, 2024 3:57:18 오후 org.apache.catalina.startup.HostConfig deployDirectory
정보: Deploying web application directory C:\WAS\SEMS_MOBILE\webapps\231212
2월 20, 2024 3:57:18 오후 org.apache.catalina.startup.HostConfig deployDirectory
정보: Deployment of web application directory C:\WAS\SEMS_MOBILE\webapps\231212 has finished in 58 ms
2월 20, 2024 3:57:18 오후 org.apache.catalina.startup.HostConfig deployDirectory
정보: Deploying web application directory C:\WAS\SEMS_MOBILE\webapps\231213
2월 20, 2024 3:57:18 오후 org.apache.catalina.startup.HostConfig deployDirectory
정보: Deployment of web application directory C:\WAS\SEMS_MOBILE\webapps\231213 has finished in 51 ms
2월 20, 2024 3:57:18 오후 org.apache.catalina.startup.HostConfig deployDirectory
정보: Deploying web application directory C:\WAS\SEMS_MOBILE\webapps\231226
2월 20, 2024 3:57:18 오후 org.apache.catalina.startup.HostConfig deployDirectory
정보: Deployment of web application directory C:\WAS\SEMS_MOBILE\webapps\231226 has finished in 44 ms
2월 20, 2024 3:57:18 오후 org.apache.catalina.startup.HostConfig deployDirectory
정보: Deploying web application directory C:\WAS\SEMS_MOBILE\webapps\240125
2월 20, 2024 3:57:18 오후 org.apache.catalina.startup.HostConfig deployDirectory
정보: Deployment of web application directory C:\WAS\SEMS_MOBILE\webapps\240125 has finished in 45 ms
2월 20, 2024 3:57:18 오후 org.apache.catalina.startup.HostConfig deployDirectory
정보: Deploying web application directory C:\WAS\SEMS_MOBILE\webapps\240129
2월 20, 2024 3:57:18 오후 org.apache.catalina.startup.HostConfig deployDirectory
정보: Deployment of web application directory C:\WAS\SEMS_MOBILE\webapps\240129 has finished in 40 ms
2월 20, 2024 3:57:18 오후 org.apache.catalina.startup.HostConfig deployDirectory
정보: Deploying web application directory C:\WAS\SEMS_MOBILE\webapps\240201
2월 20, 2024 3:57:18 오후 org.apache.catalina.startup.HostConfig deployDirectory
정보: Deployment of web application directory C:\WAS\SEMS_MOBILE\webapps\240201 has finished in 49 ms
2월 20, 2024 3:57:18 오후 org.apache.catalina.startup.HostConfig deployDirectory
정보: Deploying web application directory C:\WAS\SEMS_MOBILE\webapps\2402124-2
2월 20, 2024 3:57:18 오후 org.apache.catalina.startup.HostConfig deployDirectory
정보: Deployment of web application directory C:\WAS\SEMS_MOBILE\webapps\2402124-2 has finished in 86 ms
2월 20, 2024 3:57:18 오후 org.apache.catalina.startup.HostConfig deployDirectory
정보: Deploying web application directory C:\WAS\SEMS_MOBILE\webapps\240214
2월 20, 2024 3:57:18 오후 org.apache.catalina.startup.HostConfig deployDirectory
정보: Deployment of web application directory C:\WAS\SEMS_MOBILE\webapps\240214 has finished in 44 ms
2월 20, 2024 3:57:18 오후 org.apache.catalina.startup.HostConfig deployDirectory
정보: Deploying web application directory C:\WAS\SEMS_MOBILE\webapps\240215
2월 20, 2024 3:57:18 오후 org.apache.catalina.startup.HostConfig deployDirectory
정보: Deployment of web application directory C:\WAS\SEMS_MOBILE\webapps\240215 has finished in 42 ms
2월 20, 2024 3:57:18 오후 org.apache.catalina.startup.HostConfig deployDirectory
정보: Deploying web application directory C:\WAS\SEMS_MOBILE\webapps\240220
2월 20, 2024 3:57:18 오후 org.apache.catalina.startup.HostConfig deployDirectory
정보: Deployment of web application directory C:\WAS\SEMS_MOBILE\webapps\240220 has finished in 41 ms
2월 20, 2024 3:57:18 오후 org.apache.catalina.startup.HostConfig deployDirectory
정보: Deploying web application directory C:\WAS\SEMS_MOBILE\webapps\240220-2
2월 20, 2024 3:57:18 오후 org.apache.catalina.startup.HostConfig deployDirectory
정보: Deployment of web application directory C:\WAS\SEMS_MOBILE\webapps\240220-2 has finished in 39 ms
2월 20, 2024 3:57:18 오후 org.apache.catalina.startup.HostConfig deployDirectory
정보: Deploying web application directory C:\WAS\SEMS_MOBILE\webapps\docs
2월 20, 2024 3:57:18 오후 org.apache.catalina.startup.HostConfig deployDirectory
정보: Deployment of web application directory C:\WAS\SEMS_MOBILE\webapps\docs has finished in 40 ms
2월 20, 2024 3:57:18 오후 org.apache.catalina.startup.HostConfig deployDirectory
정보: Deploying web application directory C:\WAS\SEMS_MOBILE\webapps\examples
2월 20, 2024 3:57:19 오후 org.apache.catalina.startup.HostConfig deployDirectory
정보: Deployment of web application directory C:\WAS\SEMS_MOBILE\webapps\examples has finished in 249 ms
2월 20, 2024 3:57:19 오후 org.apache.catalina.startup.HostConfig deployDirectory
정보: Deploying web application directory C:\WAS\SEMS_MOBILE\webapps\host-manager
2월 20, 2024 3:57:19 오후 org.apache.catalina.startup.HostConfig deployDirectory
정보: Deployment of web application directory C:\WAS\SEMS_MOBILE\webapps\host-manager has finished in 63 ms
2월 20, 2024 3:57:19 오후 org.apache.catalina.startup.HostConfig deployDirectory
정보: Deploying web application directory C:\WAS\SEMS_MOBILE\webapps\manager
2월 20, 2024 3:57:19 오후 org.apache.catalina.startup.HostConfig deployDirectory
정보: Deployment of web application directory C:\WAS\SEMS_MOBILE\webapps\manager has finished in 60 ms
2월 20, 2024 3:57:19 오후 org.apache.coyote.AbstractProtocol start
정보: Starting ProtocolHandler ["http-apr-9092"]
2월 20, 2024 3:57:19 오후 org.apache.coyote.AbstractProtocol start
정보: Starting ProtocolHandler ["http-bio-8443"]
2월 20, 2024 3:57:19 오후 org.apache.coyote.AbstractProtocol start
정보: Starting ProtocolHandler ["ajp-apr-9100"]
2월 20, 2024 3:57:19 오후 org.apache.catalina.startup.Catalina start
정보: Server startup in 11459 ms
2월 20, 2024 4:32:01 오후 org.apache.catalina.startup.HostConfig undeploy
정보: Undeploying context []
2월 20, 2024 4:32:01 오후 org.apache.catalina.loader.WebappClassLoaderBase clearReferencesJdbc
심각: The web application [] registered the JDBC driver [org.mariadb.jdbc.Driver] but failed to unregister it when the web application was stopped. To prevent a memory leak, the JDBC Driver has been forcibly unregistered.
2월 20, 2024 4:32:01 오후 org.apache.catalina.loader.WebappClassLoaderBase clearReferencesJdbc
심각: The web application [] registered the JDBC driver [net.sf.log4jdbc.DriverSpy] but failed to unregister it when the web application was stopped. To prevent a memory leak, the JDBC Driver has been forcibly unregistered.
2월 20, 2024 4:32:11 오후 org.apache.catalina.startup.HostConfig deployWAR
정보: Deploying web application archive C:\WAS\SEMS_MOBILE\webapps\ROOT.war
2월 20, 2024 4:32:11 오후 org.apache.catalina.startup.ContextConfig beforeStart
심각: Exception fixing docBase for context []
java.util.zip.ZipException: error in opening zip file
	at java.util.zip.ZipFile.open(Native Method)
	at java.util.zip.ZipFile.<init>(ZipFile.java:225)
	at java.util.zip.ZipFile.<init>(ZipFile.java:155)
	at java.util.jar.JarFile.<init>(JarFile.java:166)
	at java.util.jar.JarFile.<init>(JarFile.java:103)
	at sun.net.www.protocol.jar.URLJarFile.<init>(URLJarFile.java:93)
	at sun.net.www.protocol.jar.URLJarFile.getJarFile(URLJarFile.java:69)
	at sun.net.www.protocol.jar.JarFileFactory.get(JarFileFactory.java:109)
	at sun.net.www.protocol.jar.JarURLConnection.connect(JarURLConnection.java:122)
	at sun.net.www.protocol.jar.JarURLConnection.getJarFile(JarURLConnection.java:89)
	at org.apache.catalina.startup.ExpandWar.expand(ExpandWar.java:111)
	at org.apache.catalina.startup.ContextConfig.fixDocBase(ContextConfig.java:736)
	at org.apache.catalina.startup.ContextConfig.beforeStart(ContextConfig.java:861)
	at org.apache.catalina.startup.ContextConfig.lifecycleEvent(ContextConfig.java:389)
	at org.apache.catalina.util.LifecycleSupport.fireLifecycleEvent(LifecycleSupport.java:117)
	at org.apache.catalina.util.LifecycleBase.fireLifecycleEvent(LifecycleBase.java:90)
	at org.apache.catalina.util.LifecycleBase.setStateInternal(LifecycleBase.java:394)
	at org.apache.catalina.util.LifecycleBase.start(LifecycleBase.java:144)
	at org.apache.catalina.core.ContainerBase.addChildInternal(ContainerBase.java:899)
	at org.apache.catalina.core.ContainerBase.addChild(ContainerBase.java:875)
	at org.apache.catalina.core.StandardHost.addChild(StandardHost.java:652)
	at org.apache.catalina.startup.HostConfig.deployWAR(HostConfig.java:1092)
	at org.apache.catalina.startup.HostConfig$DeployWar.run(HostConfig.java:1984)
	at java.util.concurrent.Executors$RunnableAdapter.call(Executors.java:511)
	at java.util.concurrent.FutureTask.run(FutureTask.java:266)
	at java.util.concurrent.ThreadPoolExecutor.runWorker(ThreadPoolExecutor.java:1149)
	at java.util.concurrent.ThreadPoolExecutor$Worker.run(ThreadPoolExecutor.java:624)
	at java.lang.Thread.run(Thread.java:748)

2월 20, 2024 4:32:11 오후 org.apache.catalina.core.StandardContext resourcesStart
심각: Error starting static Resources
java.lang.IllegalArgumentException: Invalid or unreadable WAR file : error in opening zip file
	at org.apache.naming.resources.WARDirContext.setDocBase(WARDirContext.java:136)
	at org.apache.catalina.core.StandardContext.resourcesStart(StandardContext.java:5197)
	at org.apache.catalina.core.StandardContext.startInternal(StandardContext.java:5386)
	at org.apache.catalina.util.LifecycleBase.start(LifecycleBase.java:147)
	at org.apache.catalina.core.ContainerBase.addChildInternal(ContainerBase.java:899)
	at org.apache.catalina.core.ContainerBase.addChild(ContainerBase.java:875)
	at org.apache.catalina.core.StandardHost.addChild(StandardHost.java:652)
	at org.apache.catalina.startup.HostConfig.deployWAR(HostConfig.java:1092)
	at org.apache.catalina.startup.HostConfig$DeployWar.run(HostConfig.java:1984)
	at java.util.concurrent.Executors$RunnableAdapter.call(Executors.java:511)
	at java.util.concurrent.FutureTask.run(FutureTask.java:266)
	at java.util.concurrent.ThreadPoolExecutor.runWorker(ThreadPoolExecutor.java:1149)
	at java.util.concurrent.ThreadPoolExecutor$Worker.run(ThreadPoolExecutor.java:624)
	at java.lang.Thread.run(Thread.java:748)

2월 20, 2024 4:32:11 오후 org.apache.catalina.core.ContainerBase addChildInternal
심각: ContainerBase.addChild: start: 
org.apache.catalina.LifecycleException: Failed to start component [StandardEngine[Catalina].StandardHost[localhost].StandardContext[]]
	at org.apache.catalina.util.LifecycleBase.start(LifecycleBase.java:153)
	at org.apache.catalina.core.ContainerBase.addChildInternal(ContainerBase.java:899)
	at org.apache.catalina.core.ContainerBase.addChild(ContainerBase.java:875)
	at org.apache.catalina.core.StandardHost.addChild(StandardHost.java:652)
	at org.apache.catalina.startup.HostConfig.deployWAR(HostConfig.java:1092)
	at org.apache.catalina.startup.HostConfig$DeployWar.run(HostConfig.java:1984)
	at java.util.concurrent.Executors$RunnableAdapter.call(Executors.java:511)
	at java.util.concurrent.FutureTask.run(FutureTask.java:266)
	at java.util.concurrent.ThreadPoolExecutor.runWorker(ThreadPoolExecutor.java:1149)
	at java.util.concurrent.ThreadPoolExecutor$Worker.run(ThreadPoolExecutor.java:624)
	at java.lang.Thread.run(Thread.java:748)
Caused by: org.apache.catalina.LifecycleException: Error in resourceStart()
	at org.apache.catalina.core.StandardContext.startInternal(StandardContext.java:5387)
	at org.apache.catalina.util.LifecycleBase.start(LifecycleBase.java:147)
	... 10 more

2월 20, 2024 4:32:11 오후 org.apache.catalina.startup.HostConfig deployWAR
심각: Error deploying web application archive C:\WAS\SEMS_MOBILE\webapps\ROOT.war
java.lang.IllegalStateException: ContainerBase.addChild: start: org.apache.catalina.LifecycleException: Failed to start component [StandardEngine[Catalina].StandardHost[localhost].StandardContext[]]
	at org.apache.catalina.core.ContainerBase.addChildInternal(ContainerBase.java:903)
	at org.apache.catalina.core.ContainerBase.addChild(ContainerBase.java:875)
	at org.apache.catalina.core.StandardHost.addChild(StandardHost.java:652)
	at org.apache.catalina.startup.HostConfig.deployWAR(HostConfig.java:1092)
	at org.apache.catalina.startup.HostConfig$DeployWar.run(HostConfig.java:1984)
	at java.util.concurrent.Executors$RunnableAdapter.call(Executors.java:511)
	at java.util.concurrent.FutureTask.run(FutureTask.java:266)
	at java.util.concurrent.ThreadPoolExecutor.runWorker(ThreadPoolExecutor.java:1149)
	at java.util.concurrent.ThreadPoolExecutor$Worker.run(ThreadPoolExecutor.java:624)
	at java.lang.Thread.run(Thread.java:748)

2월 20, 2024 4:32:11 오후 org.apache.catalina.startup.HostConfig deployWAR
정보: Deployment of web application archive C:\WAS\SEMS_MOBILE\webapps\ROOT.war has finished in 18 ms
2월 20, 2024 4:32:21 오후 org.apache.catalina.startup.HostConfig undeploy
정보: Undeploying context []
2월 20, 2024 4:32:21 오후 org.apache.catalina.startup.HostConfig deployWAR
정보: Deploying web application archive C:\WAS\SEMS_MOBILE\webapps\ROOT.war
2월 20, 2024 4:32:31 오후 org.apache.coyote.AbstractProtocol pause
정보: Pausing ProtocolHandler ["http-apr-9092"]
2월 20, 2024 4:32:31 오후 org.apache.coyote.AbstractProtocol pause
정보: Pausing ProtocolHandler ["http-bio-8443"]
2월 20, 2024 4:32:31 오후 org.apache.coyote.AbstractProtocol pause
정보: Pausing ProtocolHandler ["ajp-apr-9100"]
2월 20, 2024 4:32:31 오후 org.apache.catalina.core.StandardService stopInternal
정보: Stopping service Catalina
2월 20, 2024 4:32:31 오후 org.apache.catalina.startup.HostConfig deployWARs
심각: Error waiting for multi-thread deployment of WAR files to complete
java.lang.InterruptedException
	at java.util.concurrent.FutureTask.awaitDone(FutureTask.java:404)
	at java.util.concurrent.FutureTask.get(FutureTask.java:191)
	at org.apache.catalina.startup.HostConfig.deployWARs(HostConfig.java:832)
	at org.apache.catalina.startup.HostConfig.deployApps(HostConfig.java:495)
	at org.apache.catalina.startup.HostConfig.check(HostConfig.java:1757)
	at org.apache.catalina.startup.HostConfig.lifecycleEvent(HostConfig.java:333)
	at org.apache.catalina.util.LifecycleSupport.fireLifecycleEvent(LifecycleSupport.java:117)
	at org.apache.catalina.util.LifecycleBase.fireLifecycleEvent(LifecycleBase.java:90)
	at org.apache.catalina.core.ContainerBase.backgroundProcess(ContainerBase.java:1371)
	at org.apache.catalina.core.ContainerBase$ContainerBackgroundProcessor.processChildren(ContainerBase.java:1543)
	at org.apache.catalina.core.ContainerBase$ContainerBackgroundProcessor.processChildren(ContainerBase.java:1553)
	at org.apache.catalina.core.ContainerBase$ContainerBackgroundProcessor.run(ContainerBase.java:1521)
	at java.lang.Thread.run(Thread.java:748)

2월 20, 2024 4:32:39 오후 org.apache.catalina.startup.TldConfig execute
정보: At least one JAR was scanned for TLDs yet contained no TLDs. Enable debug logging for this logger for a complete list of JARs that were scanned but no TLDs were found in them. Skipping unneeded JARs during scanning can improve startup time and JSP compilation time.
2월 20, 2024 4:32:45 오후 org.apache.catalina.startup.HostConfig deployWAR
정보: Deployment of web application archive C:\WAS\SEMS_MOBILE\webapps\ROOT.war has finished in 23,886 ms
2월 20, 2024 4:32:45 오후 org.apache.coyote.AbstractProtocol stop
정보: Stopping ProtocolHandler ["http-apr-9092"]
2월 20, 2024 4:32:46 오후 org.apache.coyote.AbstractProtocol stop
정보: Stopping ProtocolHandler ["http-bio-8443"]
2월 20, 2024 4:32:46 오후 org.apache.coyote.AbstractProtocol stop
정보: Stopping ProtocolHandler ["ajp-apr-9100"]

2024-02-20 16:32:53 Commons Daemon procrun stderr initialized
2월 20, 2024 4:32:54 오후 org.apache.catalina.startup.VersionLoggerListener log
정보: Server version:        Apache Tomcat/7.0.69
2월 20, 2024 4:32:54 오후 org.apache.catalina.startup.VersionLoggerListener log
정보: Server built:          Apr 11 2016 07:57:09 UTC
2월 20, 2024 4:32:54 오후 org.apache.catalina.startup.VersionLoggerListener log
정보: Server number:         7.0.69.0
2월 20, 2024 4:32:54 오후 org.apache.catalina.startup.VersionLoggerListener log
정보: OS Name:               Windows Server 2012 R2
2월 20, 2024 4:32:54 오후 org.apache.catalina.startup.VersionLoggerListener log
정보: OS Version:            6.3
2월 20, 2024 4:32:54 오후 org.apache.catalina.startup.VersionLoggerListener log
정보: Architecture:          amd64
2월 20, 2024 4:32:54 오후 org.apache.catalina.startup.VersionLoggerListener log
정보: Java Home:             C:\Program Files\Java\openjdk-1.8.0\jre
2월 20, 2024 4:32:54 오후 org.apache.catalina.startup.VersionLoggerListener log
정보: JVM Version:           1.8.0_201-1-ojdkbuild-b09
2월 20, 2024 4:32:54 오후 org.apache.catalina.startup.VersionLoggerListener log
정보: JVM Vendor:            Oracle Corporation
2월 20, 2024 4:32:54 오후 org.apache.catalina.startup.VersionLoggerListener log
정보: CATALINA_BASE:         C:\WAS\SEMS_MOBILE
2월 20, 2024 4:32:54 오후 org.apache.catalina.startup.VersionLoggerListener log
정보: CATALINA_HOME:         C:\WAS\SEMS_MOBILE
2월 20, 2024 4:32:54 오후 org.apache.catalina.startup.VersionLoggerListener log
정보: Command line argument: -Dcatalina.home=C:\WAS\SEMS_MOBILE
2월 20, 2024 4:32:54 오후 org.apache.catalina.startup.VersionLoggerListener log
정보: Command line argument: -Dcatalina.base=C:\WAS\SEMS_MOBILE
2월 20, 2024 4:32:54 오후 org.apache.catalina.startup.VersionLoggerListener log
정보: Command line argument: -Djava.endorsed.dirs=C:\WAS\SEMS_MOBILE\endorsed
2월 20, 2024 4:32:54 오후 org.apache.catalina.startup.VersionLoggerListener log
정보: Command line argument: -Djava.io.tmpdir=C:\WAS\SEMS_MOBILE\temp
2월 20, 2024 4:32:54 오후 org.apache.catalina.startup.VersionLoggerListener log
정보: Command line argument: -Djava.util.logging.manager=org.apache.juli.ClassLoaderLogManager
2월 20, 2024 4:32:54 오후 org.apache.catalina.startup.VersionLoggerListener log
정보: Command line argument: -Djava.util.logging.config.file=C:\WAS\SEMS_MOBILE\conf\logging.properties
2월 20, 2024 4:32:54 오후 org.apache.catalina.startup.VersionLoggerListener log
정보: Command line argument: exit
2월 20, 2024 4:32:54 오후 org.apache.catalina.startup.VersionLoggerListener log
정보: Command line argument: -Xms128m
2월 20, 2024 4:32:54 오후 org.apache.catalina.startup.VersionLoggerListener log
정보: Command line argument: -Xmx256m
2월 20, 2024 4:32:54 오후 org.apache.catalina.core.AprLifecycleListener lifecycleEvent
정보: Loaded APR based Apache Tomcat Native library 1.1.33 using APR version 1.5.1.
2월 20, 2024 4:32:54 오후 org.apache.catalina.core.AprLifecycleListener lifecycleEvent
정보: APR capabilities: IPv6 [true], sendfile [true], accept filters [false], random [true].
2월 20, 2024 4:32:56 오후 org.apache.catalina.core.AprLifecycleListener initializeSSL
정보: OpenSSL successfully initialized (OpenSSL 1.0.1m 19 Mar 2015)
2월 20, 2024 4:32:56 오후 org.apache.coyote.AbstractProtocol init
정보: Initializing ProtocolHandler ["http-apr-9092"]
2월 20, 2024 4:32:56 오후 org.apache.coyote.AbstractProtocol init
정보: Initializing ProtocolHandler ["http-bio-8443"]
2월 20, 2024 4:32:56 오후 org.apache.coyote.AbstractProtocol init
정보: Initializing ProtocolHandler ["ajp-apr-9100"]
2월 20, 2024 4:32:56 오후 org.apache.catalina.startup.Catalina load
정보: Initialization processed in 2568 ms
2월 20, 2024 4:32:56 오후 org.apache.catalina.core.StandardService startInternal
정보: Starting service Catalina
2월 20, 2024 4:32:56 오후 org.apache.catalina.core.StandardEngine startInternal
정보: Starting Servlet Engine: Apache Tomcat/7.0.69
2월 20, 2024 4:32:56 오후 org.apache.catalina.startup.HostConfig deployWAR
정보: Deploying web application archive C:\WAS\SEMS_MOBILE\webapps\ROOT.war
2월 20, 2024 4:33:00 오후 org.apache.catalina.startup.TldConfig execute
정보: At least one JAR was scanned for TLDs yet contained no TLDs. Enable debug logging for this logger for a complete list of JARs that were scanned but no TLDs were found in them. Skipping unneeded JARs during scanning can improve startup time and JSP compilation time.
2월 20, 2024 4:33:07 오후 org.apache.catalina.startup.HostConfig deployWAR
정보: Deployment of web application archive C:\WAS\SEMS_MOBILE\webapps\ROOT.war has finished in 10,772 ms
2월 20, 2024 4:33:07 오후 org.apache.catalina.startup.HostConfig deployDirectory
정보: Deploying web application directory C:\WAS\SEMS_MOBILE\webapps\231212
2월 20, 2024 4:33:07 오후 org.apache.catalina.startup.HostConfig deployDirectory
정보: Deployment of web application directory C:\WAS\SEMS_MOBILE\webapps\231212 has finished in 58 ms
2월 20, 2024 4:33:07 오후 org.apache.catalina.startup.HostConfig deployDirectory
정보: Deploying web application directory C:\WAS\SEMS_MOBILE\webapps\231213
2월 20, 2024 4:33:07 오후 org.apache.catalina.startup.HostConfig deployDirectory
정보: Deployment of web application directory C:\WAS\SEMS_MOBILE\webapps\231213 has finished in 53 ms
2월 20, 2024 4:33:07 오후 org.apache.catalina.startup.HostConfig deployDirectory
정보: Deploying web application directory C:\WAS\SEMS_MOBILE\webapps\231226
2월 20, 2024 4:33:07 오후 org.apache.catalina.startup.HostConfig deployDirectory
정보: Deployment of web application directory C:\WAS\SEMS_MOBILE\webapps\231226 has finished in 53 ms
2월 20, 2024 4:33:07 오후 org.apache.catalina.startup.HostConfig deployDirectory
정보: Deploying web application directory C:\WAS\SEMS_MOBILE\webapps\240125
2월 20, 2024 4:33:07 오후 org.apache.catalina.startup.HostConfig deployDirectory
정보: Deployment of web application directory C:\WAS\SEMS_MOBILE\webapps\240125 has finished in 53 ms
2월 20, 2024 4:33:07 오후 org.apache.catalina.startup.HostConfig deployDirectory
정보: Deploying web application directory C:\WAS\SEMS_MOBILE\webapps\240129
2월 20, 2024 4:33:07 오후 org.apache.catalina.startup.HostConfig deployDirectory
정보: Deployment of web application directory C:\WAS\SEMS_MOBILE\webapps\240129 has finished in 60 ms
2월 20, 2024 4:33:07 오후 org.apache.catalina.startup.HostConfig deployDirectory
정보: Deploying web application directory C:\WAS\SEMS_MOBILE\webapps\240201
2월 20, 2024 4:33:07 오후 org.apache.catalina.startup.HostConfig deployDirectory
정보: Deployment of web application directory C:\WAS\SEMS_MOBILE\webapps\240201 has finished in 49 ms
2월 20, 2024 4:33:07 오후 org.apache.catalina.startup.HostConfig deployDirectory
정보: Deploying web application directory C:\WAS\SEMS_MOBILE\webapps\2402124-2
2월 20, 2024 4:33:08 오후 org.apache.catalina.startup.HostConfig deployDirectory
정보: Deployment of web application directory C:\WAS\SEMS_MOBILE\webapps\2402124-2 has finished in 50 ms
2월 20, 2024 4:33:08 오후 org.apache.catalina.startup.HostConfig deployDirectory
정보: Deploying web application directory C:\WAS\SEMS_MOBILE\webapps\240214
2월 20, 2024 4:33:08 오후 org.apache.catalina.startup.HostConfig deployDirectory
정보: Deployment of web application directory C:\WAS\SEMS_MOBILE\webapps\240214 has finished in 86 ms
2월 20, 2024 4:33:08 오후 org.apache.catalina.startup.HostConfig deployDirectory
정보: Deploying web application directory C:\WAS\SEMS_MOBILE\webapps\240215
2월 20, 2024 4:33:08 오후 org.apache.catalina.startup.HostConfig deployDirectory
정보: Deployment of web application directory C:\WAS\SEMS_MOBILE\webapps\240215 has finished in 49 ms
2월 20, 2024 4:33:08 오후 org.apache.catalina.startup.HostConfig deployDirectory
정보: Deploying web application directory C:\WAS\SEMS_MOBILE\webapps\240220
2월 20, 2024 4:33:08 오후 org.apache.catalina.startup.HostConfig deployDirectory
정보: Deployment of web application directory C:\WAS\SEMS_MOBILE\webapps\240220 has finished in 48 ms
2월 20, 2024 4:33:08 오후 org.apache.catalina.startup.HostConfig deployDirectory
정보: Deploying web application directory C:\WAS\SEMS_MOBILE\webapps\240220-2
2월 20, 2024 4:33:08 오후 org.apache.catalina.startup.HostConfig deployDirectory
정보: Deployment of web application directory C:\WAS\SEMS_MOBILE\webapps\240220-2 has finished in 47 ms
2월 20, 2024 4:33:08 오후 org.apache.catalina.startup.HostConfig deployDirectory
정보: Deploying web application directory C:\WAS\SEMS_MOBILE\webapps\docs
2월 20, 2024 4:33:08 오후 org.apache.catalina.startup.HostConfig deployDirectory
정보: Deployment of web application directory C:\WAS\SEMS_MOBILE\webapps\docs has finished in 52 ms
2월 20, 2024 4:33:08 오후 org.apache.catalina.startup.HostConfig deployDirectory
정보: Deploying web application directory C:\WAS\SEMS_MOBILE\webapps\examples
2월 20, 2024 4:33:08 오후 org.apache.catalina.startup.HostConfig deployDirectory
정보: Deployment of web application directory C:\WAS\SEMS_MOBILE\webapps\examples has finished in 275 ms
2월 20, 2024 4:33:08 오후 org.apache.catalina.startup.HostConfig deployDirectory
정보: Deploying web application directory C:\WAS\SEMS_MOBILE\webapps\host-manager
2월 20, 2024 4:33:08 오후 org.apache.catalina.startup.HostConfig deployDirectory
정보: Deployment of web application directory C:\WAS\SEMS_MOBILE\webapps\host-manager has finished in 60 ms
2월 20, 2024 4:33:08 오후 org.apache.catalina.startup.HostConfig deployDirectory
정보: Deploying web application directory C:\WAS\SEMS_MOBILE\webapps\manager
2월 20, 2024 4:33:08 오후 org.apache.catalina.startup.HostConfig deployDirectory
정보: Deployment of web application directory C:\WAS\SEMS_MOBILE\webapps\manager has finished in 63 ms
2월 20, 2024 4:33:08 오후 org.apache.coyote.AbstractProtocol start
정보: Starting ProtocolHandler ["http-apr-9092"]
2월 20, 2024 4:33:08 오후 org.apache.coyote.AbstractProtocol start
정보: Starting ProtocolHandler ["http-bio-8443"]
2월 20, 2024 4:33:08 오후 org.apache.coyote.AbstractProtocol start
정보: Starting ProtocolHandler ["ajp-apr-9100"]
2월 20, 2024 4:33:08 오후 org.apache.catalina.startup.Catalina start
정보: Server startup in 12110 ms
2월 20, 2024 4:35:23 오후 org.apache.coyote.AbstractProtocol pause
정보: Pausing ProtocolHandler ["http-apr-9092"]
2월 20, 2024 4:35:23 오후 org.apache.coyote.AbstractProtocol pause
정보: Pausing ProtocolHandler ["http-bio-8443"]
2월 20, 2024 4:35:23 오후 org.apache.coyote.AbstractProtocol pause
정보: Pausing ProtocolHandler ["ajp-apr-9100"]
2월 20, 2024 4:35:23 오후 org.apache.catalina.core.StandardService stopInternal
정보: Stopping service Catalina
2월 20, 2024 4:35:23 오후 org.apache.catalina.loader.WebappClassLoaderBase clearReferencesJdbc
심각: The web application [] registered the JDBC driver [org.mariadb.jdbc.Driver] but failed to unregister it when the web application was stopped. To prevent a memory leak, the JDBC Driver has been forcibly unregistered.
2월 20, 2024 4:35:23 오후 org.apache.catalina.loader.WebappClassLoaderBase clearReferencesJdbc
심각: The web application [] registered the JDBC driver [net.sf.log4jdbc.DriverSpy] but failed to unregister it when the web application was stopped. To prevent a memory leak, the JDBC Driver has been forcibly unregistered.
2월 20, 2024 4:35:23 오후 org.apache.coyote.AbstractProtocol stop
정보: Stopping ProtocolHandler ["http-apr-9092"]
2월 20, 2024 4:35:23 오후 org.apache.coyote.AbstractProtocol stop
정보: Stopping ProtocolHandler ["http-bio-8443"]
2월 20, 2024 4:35:23 오후 org.apache.coyote.AbstractProtocol stop
정보: Stopping ProtocolHandler ["ajp-apr-9100"]

2024-02-20 16:35:25 Commons Daemon procrun stderr initialized
2월 20, 2024 4:35:26 오후 org.apache.catalina.startup.VersionLoggerListener log
정보: Server version:        Apache Tomcat/7.0.69
2월 20, 2024 4:35:26 오후 org.apache.catalina.startup.VersionLoggerListener log
정보: Server built:          Apr 11 2016 07:57:09 UTC
2월 20, 2024 4:35:26 오후 org.apache.catalina.startup.VersionLoggerListener log
정보: Server number:         7.0.69.0
2월 20, 2024 4:35:26 오후 org.apache.catalina.startup.VersionLoggerListener log
정보: OS Name:               Windows Server 2012 R2
2월 20, 2024 4:35:26 오후 org.apache.catalina.startup.VersionLoggerListener log
정보: OS Version:            6.3
2월 20, 2024 4:35:26 오후 org.apache.catalina.startup.VersionLoggerListener log
정보: Architecture:          amd64
2월 20, 2024 4:35:26 오후 org.apache.catalina.startup.VersionLoggerListener log
정보: Java Home:             C:\Program Files\Java\openjdk-1.8.0\jre
2월 20, 2024 4:35:26 오후 org.apache.catalina.startup.VersionLoggerListener log
정보: JVM Version:           1.8.0_201-1-ojdkbuild-b09
2월 20, 2024 4:35:26 오후 org.apache.catalina.startup.VersionLoggerListener log
정보: JVM Vendor:            Oracle Corporation
2월 20, 2024 4:35:26 오후 org.apache.catalina.startup.VersionLoggerListener log
정보: CATALINA_BASE:         C:\WAS\SEMS_MOBILE
2월 20, 2024 4:35:26 오후 org.apache.catalina.startup.VersionLoggerListener log
정보: CATALINA_HOME:         C:\WAS\SEMS_MOBILE
2월 20, 2024 4:35:26 오후 org.apache.catalina.startup.VersionLoggerListener log
정보: Command line argument: -Dcatalina.home=C:\WAS\SEMS_MOBILE
2월 20, 2024 4:35:26 오후 org.apache.catalina.startup.VersionLoggerListener log
정보: Command line argument: -Dcatalina.base=C:\WAS\SEMS_MOBILE
2월 20, 2024 4:35:26 오후 org.apache.catalina.startup.VersionLoggerListener log
정보: Command line argument: -Djava.endorsed.dirs=C:\WAS\SEMS_MOBILE\endorsed
2월 20, 2024 4:35:26 오후 org.apache.catalina.startup.VersionLoggerListener log
정보: Command line argument: -Djava.io.tmpdir=C:\WAS\SEMS_MOBILE\temp
2월 20, 2024 4:35:26 오후 org.apache.catalina.startup.VersionLoggerListener log
정보: Command line argument: -Djava.util.logging.manager=org.apache.juli.ClassLoaderLogManager
2월 20, 2024 4:35:26 오후 org.apache.catalina.startup.VersionLoggerListener log
정보: Command line argument: -Djava.util.logging.config.file=C:\WAS\SEMS_MOBILE\conf\logging.properties
2월 20, 2024 4:35:26 오후 org.apache.catalina.startup.VersionLoggerListener log
정보: Command line argument: exit
2월 20, 2024 4:35:26 오후 org.apache.catalina.startup.VersionLoggerListener log
정보: Command line argument: -Xms128m
2월 20, 2024 4:35:26 오후 org.apache.catalina.startup.VersionLoggerListener log
정보: Command line argument: -Xmx256m
2월 20, 2024 4:35:26 오후 org.apache.catalina.core.AprLifecycleListener lifecycleEvent
정보: Loaded APR based Apache Tomcat Native library 1.1.33 using APR version 1.5.1.
2월 20, 2024 4:35:26 오후 org.apache.catalina.core.AprLifecycleListener lifecycleEvent
정보: APR capabilities: IPv6 [true], sendfile [true], accept filters [false], random [true].
2월 20, 2024 4:35:27 오후 org.apache.catalina.core.AprLifecycleListener initializeSSL
정보: OpenSSL successfully initialized (OpenSSL 1.0.1m 19 Mar 2015)
2월 20, 2024 4:35:27 오후 org.apache.coyote.AbstractProtocol init
정보: Initializing ProtocolHandler ["http-apr-9092"]
2월 20, 2024 4:35:27 오후 org.apache.coyote.AbstractProtocol init
정보: Initializing ProtocolHandler ["http-bio-8443"]
2월 20, 2024 4:35:28 오후 org.apache.coyote.AbstractProtocol init
정보: Initializing ProtocolHandler ["ajp-apr-9100"]
2월 20, 2024 4:35:28 오후 org.apache.catalina.startup.Catalina load
정보: Initialization processed in 2538 ms
2월 20, 2024 4:35:28 오후 org.apache.catalina.core.StandardService startInternal
정보: Starting service Catalina
2월 20, 2024 4:35:28 오후 org.apache.catalina.core.StandardEngine startInternal
정보: Starting Servlet Engine: Apache Tomcat/7.0.69
2월 20, 2024 4:35:28 오후 org.apache.catalina.startup.HostConfig deployWAR
정보: Deploying web application archive C:\WAS\SEMS_MOBILE\webapps\ROOT.war
2월 20, 2024 4:35:31 오후 org.apache.catalina.startup.TldConfig execute
정보: At least one JAR was scanned for TLDs yet contained no TLDs. Enable debug logging for this logger for a complete list of JARs that were scanned but no TLDs were found in them. Skipping unneeded JARs during scanning can improve startup time and JSP compilation time.
2월 20, 2024 4:35:39 오후 org.apache.catalina.startup.HostConfig deployWAR
정보: Deployment of web application archive C:\WAS\SEMS_MOBILE\webapps\ROOT.war has finished in 11,078 ms
2월 20, 2024 4:35:39 오후 org.apache.catalina.startup.HostConfig deployDirectory
정보: Deploying web application directory C:\WAS\SEMS_MOBILE\webapps\231212
2월 20, 2024 4:35:39 오후 org.apache.catalina.startup.HostConfig deployDirectory
정보: Deployment of web application directory C:\WAS\SEMS_MOBILE\webapps\231212 has finished in 62 ms
2월 20, 2024 4:35:39 오후 org.apache.catalina.startup.HostConfig deployDirectory
정보: Deploying web application directory C:\WAS\SEMS_MOBILE\webapps\231213
2월 20, 2024 4:35:39 오후 org.apache.catalina.startup.HostConfig deployDirectory
정보: Deployment of web application directory C:\WAS\SEMS_MOBILE\webapps\231213 has finished in 52 ms
2월 20, 2024 4:35:39 오후 org.apache.catalina.startup.HostConfig deployDirectory
정보: Deploying web application directory C:\WAS\SEMS_MOBILE\webapps\231226
2월 20, 2024 4:35:39 오후 org.apache.catalina.startup.HostConfig deployDirectory
정보: Deployment of web application directory C:\WAS\SEMS_MOBILE\webapps\231226 has finished in 53 ms
2월 20, 2024 4:35:39 오후 org.apache.catalina.startup.HostConfig deployDirectory
정보: Deploying web application directory C:\WAS\SEMS_MOBILE\webapps\240125
2월 20, 2024 4:35:39 오후 org.apache.catalina.startup.HostConfig deployDirectory
정보: Deployment of web application directory C:\WAS\SEMS_MOBILE\webapps\240125 has finished in 51 ms
2월 20, 2024 4:35:39 오후 org.apache.catalina.startup.HostConfig deployDirectory
정보: Deploying web application directory C:\WAS\SEMS_MOBILE\webapps\240129
2월 20, 2024 4:35:39 오후 org.apache.catalina.startup.HostConfig deployDirectory
정보: Deployment of web application directory C:\WAS\SEMS_MOBILE\webapps\240129 has finished in 51 ms
2월 20, 2024 4:35:39 오후 org.apache.catalina.startup.HostConfig deployDirectory
정보: Deploying web application directory C:\WAS\SEMS_MOBILE\webapps\240201
2월 20, 2024 4:35:39 오후 org.apache.catalina.startup.HostConfig deployDirectory
정보: Deployment of web application directory C:\WAS\SEMS_MOBILE\webapps\240201 has finished in 51 ms
2월 20, 2024 4:35:39 오후 org.apache.catalina.startup.HostConfig deployDirectory
정보: Deploying web application directory C:\WAS\SEMS_MOBILE\webapps\2402124-2
2월 20, 2024 4:35:39 오후 org.apache.catalina.startup.HostConfig deployDirectory
정보: Deployment of web application directory C:\WAS\SEMS_MOBILE\webapps\2402124-2 has finished in 52 ms
2월 20, 2024 4:35:39 오후 org.apache.catalina.startup.HostConfig deployDirectory
정보: Deploying web application directory C:\WAS\SEMS_MOBILE\webapps\240214
2월 20, 2024 4:35:39 오후 org.apache.catalina.startup.HostConfig deployDirectory
정보: Deployment of web application directory C:\WAS\SEMS_MOBILE\webapps\240214 has finished in 73 ms
2월 20, 2024 4:35:39 오후 org.apache.catalina.startup.HostConfig deployDirectory
정보: Deploying web application directory C:\WAS\SEMS_MOBILE\webapps\240215
2월 20, 2024 4:35:40 오후 org.apache.catalina.startup.HostConfig deployDirectory
정보: Deployment of web application directory C:\WAS\SEMS_MOBILE\webapps\240215 has finished in 51 ms
2월 20, 2024 4:35:40 오후 org.apache.catalina.startup.HostConfig deployDirectory
정보: Deploying web application directory C:\WAS\SEMS_MOBILE\webapps\240220
2월 20, 2024 4:35:40 오후 org.apache.catalina.startup.HostConfig deployDirectory
정보: Deployment of web application directory C:\WAS\SEMS_MOBILE\webapps\240220 has finished in 48 ms
2월 20, 2024 4:35:40 오후 org.apache.catalina.startup.HostConfig deployDirectory
정보: Deploying web application directory C:\WAS\SEMS_MOBILE\webapps\240220-2
2월 20, 2024 4:35:40 오후 org.apache.catalina.startup.HostConfig deployDirectory
정보: Deployment of web application directory C:\WAS\SEMS_MOBILE\webapps\240220-2 has finished in 47 ms
2월 20, 2024 4:35:40 오후 org.apache.catalina.startup.HostConfig deployDirectory
정보: Deploying web application directory C:\WAS\SEMS_MOBILE\webapps\docs
2월 20, 2024 4:35:40 오후 org.apache.catalina.startup.HostConfig deployDirectory
정보: Deployment of web application directory C:\WAS\SEMS_MOBILE\webapps\docs has finished in 50 ms
2월 20, 2024 4:35:40 오후 org.apache.catalina.startup.HostConfig deployDirectory
정보: Deploying web application directory C:\WAS\SEMS_MOBILE\webapps\examples
2월 20, 2024 4:35:40 오후 org.apache.catalina.startup.HostConfig deployDirectory
정보: Deployment of web application directory C:\WAS\SEMS_MOBILE\webapps\examples has finished in 270 ms
2월 20, 2024 4:35:40 오후 org.apache.catalina.startup.HostConfig deployDirectory
정보: Deploying web application directory C:\WAS\SEMS_MOBILE\webapps\host-manager
2월 20, 2024 4:35:40 오후 org.apache.catalina.startup.HostConfig deployDirectory
정보: Deployment of web application directory C:\WAS\SEMS_MOBILE\webapps\host-manager has finished in 82 ms
2월 20, 2024 4:35:40 오후 org.apache.catalina.startup.HostConfig deployDirectory
정보: Deploying web application directory C:\WAS\SEMS_MOBILE\webapps\manager
2월 20, 2024 4:35:40 오후 org.apache.catalina.startup.HostConfig deployDirectory
정보: Deployment of web application directory C:\WAS\SEMS_MOBILE\webapps\manager has finished in 65 ms
2월 20, 2024 4:35:40 오후 org.apache.coyote.AbstractProtocol start
정보: Starting ProtocolHandler ["http-apr-9092"]
2월 20, 2024 4:35:40 오후 org.apache.coyote.AbstractProtocol start
정보: Starting ProtocolHandler ["http-bio-8443"]
2월 20, 2024 4:35:40 오후 org.apache.coyote.AbstractProtocol start
정보: Starting ProtocolHandler ["ajp-apr-9100"]
2월 20, 2024 4:35:40 오후 org.apache.catalina.startup.Catalina start
정보: Server startup in 12259 ms
2월 21, 2024 4:19:30 오후 org.apache.catalina.startup.HostConfig undeploy
정보: Undeploying context [/231226]
2월 21, 2024 4:19:30 오후 org.apache.catalina.startup.HostConfig undeploy
정보: Undeploying context [/231212]
2월 21, 2024 4:19:31 오후 org.apache.catalina.startup.HostConfig undeploy
정보: Undeploying context [/231213]
2월 21, 2024 4:19:31 오후 org.apache.catalina.startup.HostConfig undeploy
정보: Undeploying context [/240129]
2월 21, 2024 4:19:32 오후 org.apache.catalina.startup.HostConfig undeploy
정보: Undeploying context [/240214]
2월 21, 2024 4:19:32 오후 org.apache.catalina.startup.HostConfig undeploy
정보: Undeploying context [/240201]
2월 21, 2024 4:19:33 오후 org.apache.catalina.startup.HostConfig undeploy
정보: Undeploying context [/240125]
2월 22, 2024 1:54:31 오후 org.apache.coyote.AbstractProtocol pause
정보: Pausing ProtocolHandler ["http-apr-9092"]
2월 22, 2024 1:54:31 오후 org.apache.coyote.AbstractProtocol pause
정보: Pausing ProtocolHandler ["http-bio-8443"]
2월 22, 2024 1:54:31 오후 org.apache.coyote.AbstractProtocol pause
정보: Pausing ProtocolHandler ["ajp-apr-9100"]
2월 22, 2024 1:54:31 오후 org.apache.catalina.core.StandardService stopInternal
정보: Stopping service Catalina
2월 22, 2024 1:54:31 오후 org.apache.catalina.loader.WebappClassLoaderBase clearReferencesJdbc
심각: The web application [] registered the JDBC driver [org.mariadb.jdbc.Driver] but failed to unregister it when the web application was stopped. To prevent a memory leak, the JDBC Driver has been forcibly unregistered.
2월 22, 2024 1:54:31 오후 org.apache.catalina.loader.WebappClassLoaderBase clearReferencesJdbc
심각: The web application [] registered the JDBC driver [net.sf.log4jdbc.DriverSpy] but failed to unregister it when the web application was stopped. To prevent a memory leak, the JDBC Driver has been forcibly unregistered.
2월 22, 2024 1:54:31 오후 org.apache.coyote.AbstractProtocol stop
정보: Stopping ProtocolHandler ["http-apr-9092"]
2월 22, 2024 1:54:31 오후 org.apache.coyote.AbstractProtocol stop
정보: Stopping ProtocolHandler ["http-bio-8443"]
2월 22, 2024 1:54:31 오후 org.apache.coyote.AbstractProtocol stop
정보: Stopping ProtocolHandler ["ajp-apr-9100"]
