
2024-02-22 13:54:33 Commons Daemon procrun stdout initialized

2024-02-22 13:55:11 Commons Daemon procrun stdout initialized

2024-02-22 13:57:05 Commons Daemon procrun stdout initialized

2024-02-22 14:03:00 Commons Daemon procrun stdout initialized

2024-02-22 14:06:04 Commons Daemon procrun stdout initialized

2024-02-22 14:06:47 Commons Daemon procrun stdout initialized

2024-02-22 14:21:33 Commons Daemon procrun stdout initialized
##########Session ID 689581BE4C618041F312A77E9C50CFFC destroyed at Thu Feb 22 14:24:48 KST 2024 Session Counts:  -1
ERROR 14:24:48.176 [ContainerBackgroundProcessor[StandardEngine[Catalina]]] sems.cm.ctrl.HttpSessionCheckingListener[sessionDestroyed:31] - ##########Session ID 689581BE4C618041F312A77E9C50CFFC destroyed at Thu Feb 22 14:24:48 KST 2024 -1

2024-02-22 14:28:23 Commons Daemon procrun stdout initialized

2024-02-22 14:28:50 Commons Daemon procrun stdout initialized

2024-02-22 14:31:04 Commons Daemon procrun stdout initialized

2024-02-22 14:33:02 Commons Daemon procrun stdout initialized

2024-02-22 14:45:59 Commons Daemon procrun stdout initialized

2024-02-22 14:50:03 Commons Daemon procrun stdout initialized

2024-02-22 14:54:51 Commons Daemon procrun stdout initialized

2024-02-22 14:58:55 Commons Daemon procrun stdout initialized

2024-02-22 15:07:17 Commons Daemon procrun stdout initialized

2024-02-22 15:11:58 Commons Daemon procrun stdout initialized

2024-02-22 15:34:21 Commons Daemon procrun stdout initialized

2024-02-22 15:37:08 Commons Daemon procrun stdout initialized

2024-02-22 15:38:16 Commons Daemon procrun stdout initialized

2024-02-22 15:39:32 Commons Daemon procrun stdout initialized

2024-02-22 15:41:38 Commons Daemon procrun stdout initialized

2024-02-22 15:42:40 Commons Daemon procrun stdout initialized

2024-02-22 15:51:27 Commons Daemon procrun stdout initialized

2024-02-22 15:55:34 Commons Daemon procrun stdout initialized

2024-02-22 15:59:16 Commons Daemon procrun stdout initialized

2024-02-22 16:02:37 Commons Daemon procrun stdout initialized

2024-02-22 16:05:30 Commons Daemon procrun stdout initialized

2024-02-22 16:07:11 Commons Daemon procrun stdout initialized

2024-02-22 16:08:56 Commons Daemon procrun stdout initialized

2024-02-22 16:11:15 Commons Daemon procrun stdout initialized

2024-02-22 16:11:59 Commons Daemon procrun stdout initialized

2024-02-22 16:22:53 Commons Daemon procrun stdout initialized

2024-02-22 16:23:11 Commons Daemon procrun stdout initialized

2024-02-22 16:25:04 Commons Daemon procrun stdout initialized

2024-02-22 16:26:28 Commons Daemon procrun stdout initialized

2024-02-22 16:27:59 Commons Daemon procrun stdout initialized

2024-02-22 16:29:08 Commons Daemon procrun stdout initialized

2024-02-22 16:36:14 Commons Daemon procrun stdout initialized

2024-02-22 16:37:49 Commons Daemon procrun stdout initialized
##########Session ID 516E09D298D25D312CB8C8823751087D destroyed at Thu Feb 22 16:41:04 KST 2024 Session Counts:  -1
ERROR 16:41:04.844 [ContainerBackgroundProcessor[StandardEngine[Catalina]]] sems.cm.ctrl.HttpSessionCheckingListener[sessionDestroyed:31] - ##########Session ID 516E09D298D25D312CB8C8823751087D destroyed at Thu Feb 22 16:41:04 KST 2024 -1

2024-02-22 16:41:31 Commons Daemon procrun stdout initialized

2024-02-22 16:42:48 Commons Daemon procrun stdout initialized

2024-02-22 16:43:53 Commons Daemon procrun stdout initialized

2024-02-22 16:49:21 Commons Daemon procrun stdout initialized

2024-02-22 16:55:03 Commons Daemon procrun stdout initialized

2024-02-22 17:13:42 Commons Daemon procrun stdout initialized

2024-02-22 17:14:50 Commons Daemon procrun stdout initialized

2024-02-22 17:24:52 Commons Daemon procrun stdout initialized
##########Session ID 09179C5E37B0E0DAA7D14A344CCBAB15 destroyed at Thu Feb 22 17:32:07 KST 2024 Session Counts:  -1
ERROR 17:32:07.070 [ContainerBackgroundProcessor[StandardEngine[Catalina]]] sems.cm.ctrl.HttpSessionCheckingListener[sessionDestroyed:31] - ##########Session ID 09179C5E37B0E0DAA7D14A344CCBAB15 destroyed at Thu Feb 22 17:32:07 KST 2024 -1

2024-02-22 18:03:06 Commons Daemon procrun stdout initialized

2024-02-22 18:17:41 Commons Daemon procrun stdout initialized

2024-02-22 18:21:10 Commons Daemon procrun stdout initialized

2024-02-22 18:22:54 Commons Daemon procrun stdout initialized

2024-02-22 19:01:12 Commons Daemon procrun stdout initialized
##########Session ID B8C54DC2AB53F924F0C2834A93371C1B destroyed at Thu Feb 22 20:47:34 KST 2024 Session Counts:  2
ERROR 20:47:34.187 [ContainerBackgroundProcessor[StandardEngine[Catalina]]] sems.cm.ctrl.HttpSessionCheckingListener[sessionDestroyed:31] - ##########Session ID B8C54DC2AB53F924F0C2834A93371C1B destroyed at Thu Feb 22 20:47:34 KST 2024 2
##########Session ID 1D8BEE03BA963971F300037FFFFE96BB destroyed at Thu Feb 22 20:50:34 KST 2024 Session Counts:  1
ERROR 20:50:34.253 [ContainerBackgroundProcessor[StandardEngine[Catalina]]] sems.cm.ctrl.HttpSessionCheckingListener[sessionDestroyed:31] - ##########Session ID 1D8BEE03BA963971F300037FFFFE96BB destroyed at Thu Feb 22 20:50:34 KST 2024 1
##########Session ID 673853AE1DAF01BC9F7ABEEC011C5845 destroyed at Thu Feb 22 20:52:34 KST 2024 Session Counts:  0
ERROR 20:52:34.294 [ContainerBackgroundProcessor[StandardEngine[Catalina]]] sems.cm.ctrl.HttpSessionCheckingListener[sessionDestroyed:31] - ##########Session ID 673853AE1DAF01BC9F7ABEEC011C5845 destroyed at Thu Feb 22 20:52:34 KST 2024 0
##########Session ID 46C9709B08F66201A700F1B6EC28E550 destroyed at Thu Feb 22 21:13:34 KST 2024 Session Counts:  0
ERROR 21:13:34.786 [ContainerBackgroundProcessor[StandardEngine[Catalina]]] sems.cm.ctrl.HttpSessionCheckingListener[sessionDestroyed:31] - ##########Session ID 46C9709B08F66201A700F1B6EC28E550 destroyed at Thu Feb 22 21:13:34 KST 2024 0
##########Session ID FD271AF09E561F3DBA99056710BEDA6F destroyed at Thu Feb 22 21:29:35 KST 2024 Session Counts:  -1
ERROR 21:29:35.154 [ContainerBackgroundProcessor[StandardEngine[Catalina]]] sems.cm.ctrl.HttpSessionCheckingListener[sessionDestroyed:31] - ##########Session ID FD271AF09E561F3DBA99056710BEDA6F destroyed at Thu Feb 22 21:29:35 KST 2024 -1
##########Session ID 2765D08EBD2CF341EF1BA71700C07550 destroyed at Thu Feb 22 21:29:35 KST 2024 Session Counts:  -2
ERROR 21:29:35.155 [ContainerBackgroundProcessor[StandardEngine[Catalina]]] sems.cm.ctrl.HttpSessionCheckingListener[sessionDestroyed:31] - ##########Session ID 2765D08EBD2CF341EF1BA71700C07550 destroyed at Thu Feb 22 21:29:35 KST 2024 -2
##########Session ID BBE30E8DBC1A7146DEA9C1C29514579F destroyed at Thu Feb 22 22:02:35 KST 2024 Session Counts:  -3
ERROR 22:02:35.905 [ContainerBackgroundProcessor[StandardEngine[Catalina]]] sems.cm.ctrl.HttpSessionCheckingListener[sessionDestroyed:31] - ##########Session ID BBE30E8DBC1A7146DEA9C1C29514579F destroyed at Thu Feb 22 22:02:35 KST 2024 -3
##########Session ID 2F793AE1C7C7667A855573EDE8391223 destroyed at Thu Feb 22 22:02:35 KST 2024 Session Counts:  -4
ERROR 22:02:35.906 [ContainerBackgroundProcessor[StandardEngine[Catalina]]] sems.cm.ctrl.HttpSessionCheckingListener[sessionDestroyed:31] - ##########Session ID 2F793AE1C7C7667A855573EDE8391223 destroyed at Thu Feb 22 22:02:35 KST 2024 -4
##########Session ID 3F96E85C9DD523D661B431EA663D8A0E destroyed at Thu Feb 22 23:02:37 KST 2024 Session Counts:  -5
ERROR 23:02:37.295 [ContainerBackgroundProcessor[StandardEngine[Catalina]]] sems.cm.ctrl.HttpSessionCheckingListener[sessionDestroyed:31] - ##########Session ID 3F96E85C9DD523D661B431EA663D8A0E destroyed at Thu Feb 22 23:02:37 KST 2024 -5
##########Session ID 042ED98A45A636C5F5626E73CCA6DA04 destroyed at Fri Feb 23 00:13:38 KST 2024 Session Counts:  -6
ERROR 00:13:38.924 [ContainerBackgroundProcessor[StandardEngine[Catalina]]] sems.cm.ctrl.HttpSessionCheckingListener[sessionDestroyed:31] - ##########Session ID 042ED98A45A636C5F5626E73CCA6DA04 destroyed at Fri Feb 23 00:13:38 KST 2024 -6
##########Session ID 1CAB175AC095E06AC8294F7CF4F8D9C6 created at Fri Feb 23 07:07:13 KST 2024 Session Counts: -5
ERROR 07:07:13.855 [http-bio-12443-exec-1] sems.cm.ctrl.HttpSessionCheckingListener[sessionCreated:24] - ##########Session ID 1CAB175AC095E06AC8294F7CF4F8D9C6 created at Fri Feb 23 07:07:13 KST 2024 -5
##########Session ID 1CAB175AC095E06AC8294F7CF4F8D9C6 destroyed at Fri Feb 23 10:10:52 KST 2024 Session Counts:  -4
ERROR 10:10:52.528 [ContainerBackgroundProcessor[StandardEngine[Catalina]]] sems.cm.ctrl.HttpSessionCheckingListener[sessionDestroyed:31] - ##########Session ID 1CAB175AC095E06AC8294F7CF4F8D9C6 destroyed at Fri Feb 23 10:10:52 KST 2024 -4
##########Session ID 577A2B00B8113F958EDF15B0E521753F destroyed at Fri Feb 23 12:30:55 KST 2024 Session Counts:  -4
ERROR 12:30:55.622 [ContainerBackgroundProcessor[StandardEngine[Catalina]]] sems.cm.ctrl.HttpSessionCheckingListener[sessionDestroyed:31] - ##########Session ID 577A2B00B8113F958EDF15B0E521753F destroyed at Fri Feb 23 12:30:55 KST 2024 -4
##########Session ID 19E6B2026FA577DC8114E90B3FE163CE destroyed at Fri Feb 23 13:05:56 KST 2024 Session Counts:  -5
ERROR 13:05:56.397 [ContainerBackgroundProcessor[StandardEngine[Catalina]]] sems.cm.ctrl.HttpSessionCheckingListener[sessionDestroyed:31] - ##########Session ID 19E6B2026FA577DC8114E90B3FE163CE destroyed at Fri Feb 23 13:05:56 KST 2024 -5
##########Session ID 7EA0AB55CF8791A25928C19254A96002 destroyed at Fri Feb 23 14:28:58 KST 2024 Session Counts:  -6
ERROR 14:28:58.243 [ContainerBackgroundProcessor[StandardEngine[Catalina]]] sems.cm.ctrl.HttpSessionCheckingListener[sessionDestroyed:31] - ##########Session ID 7EA0AB55CF8791A25928C19254A96002 destroyed at Fri Feb 23 14:28:58 KST 2024 -6
##########Session ID 769E8EF771FA7CAB76A27FB7ED27D34E destroyed at Fri Feb 23 19:51:05 KST 2024 Session Counts:  -5
ERROR 19:51:05.408 [ContainerBackgroundProcessor[StandardEngine[Catalina]]] sems.cm.ctrl.HttpSessionCheckingListener[sessionDestroyed:31] - ##########Session ID 769E8EF771FA7CAB76A27FB7ED27D34E destroyed at Fri Feb 23 19:51:05 KST 2024 -5
##########Session ID 81F5DC00D67F43F70B7F34B42A89C817 destroyed at Fri Feb 23 20:36:06 KST 2024 Session Counts:  -6
ERROR 20:36:06.407 [ContainerBackgroundProcessor[StandardEngine[Catalina]]] sems.cm.ctrl.HttpSessionCheckingListener[sessionDestroyed:31] - ##########Session ID 81F5DC00D67F43F70B7F34B42A89C817 destroyed at Fri Feb 23 20:36:06 KST 2024 -6
##########Session ID 6D29F57BE1C9E238F533EA64B3A660B7 destroyed at Sun Feb 25 14:59:04 KST 2024 Session Counts:  -4
ERROR 14:59:04.271 [ContainerBackgroundProcessor[StandardEngine[Catalina]]] sems.cm.ctrl.HttpSessionCheckingListener[sessionDestroyed:31] - ##########Session ID 6D29F57BE1C9E238F533EA64B3A660B7 destroyed at Sun Feb 25 14:59:04 KST 2024 -4
##########Session ID CC1DFB8FC6F12D9C4D9C05364CEA6D69 destroyed at Sun Feb 25 15:45:05 KST 2024 Session Counts:  -5
ERROR 15:45:05.315 [ContainerBackgroundProcessor[StandardEngine[Catalina]]] sems.cm.ctrl.HttpSessionCheckingListener[sessionDestroyed:31] - ##########Session ID CC1DFB8FC6F12D9C4D9C05364CEA6D69 destroyed at Sun Feb 25 15:45:05 KST 2024 -5
##########Session ID 338698A35107772D7034E1B1BA7E2204 destroyed at Sun Feb 25 18:49:09 KST 2024 Session Counts:  -6
ERROR 18:49:09.589 [ContainerBackgroundProcessor[StandardEngine[Catalina]]] sems.cm.ctrl.HttpSessionCheckingListener[sessionDestroyed:31] - ##########Session ID 338698A35107772D7034E1B1BA7E2204 destroyed at Sun Feb 25 18:49:09 KST 2024 -6
##########Session ID C569AED4358990EB332916823D5E20AB destroyed at Sun Feb 25 22:09:14 KST 2024 Session Counts:  -3
ERROR 22:09:14.242 [ContainerBackgroundProcessor[StandardEngine[Catalina]]] sems.cm.ctrl.HttpSessionCheckingListener[sessionDestroyed:31] - ##########Session ID C569AED4358990EB332916823D5E20AB destroyed at Sun Feb 25 22:09:14 KST 2024 -3
##########Session ID 53024B40C8FBE4D8A6783180F217EFA1 destroyed at Sun Feb 25 22:10:14 KST 2024 Session Counts:  -4
ERROR 22:10:14.264 [ContainerBackgroundProcessor[StandardEngine[Catalina]]] sems.cm.ctrl.HttpSessionCheckingListener[sessionDestroyed:31] - ##########Session ID 53024B40C8FBE4D8A6783180F217EFA1 destroyed at Sun Feb 25 22:10:14 KST 2024 -4
##########Session ID 2DD4717A76661134B545D5F882489B17 destroyed at Sun Feb 25 22:11:14 KST 2024 Session Counts:  -5
ERROR 22:11:14.288 [ContainerBackgroundProcessor[StandardEngine[Catalina]]] sems.cm.ctrl.HttpSessionCheckingListener[sessionDestroyed:31] - ##########Session ID 2DD4717A76661134B545D5F882489B17 destroyed at Sun Feb 25 22:11:14 KST 2024 -5
##########Session ID 27E3FA42804A161C5C790D2457BC0470 destroyed at Sun Feb 25 22:11:14 KST 2024 Session Counts:  -6
ERROR 22:11:14.288 [ContainerBackgroundProcessor[StandardEngine[Catalina]]] sems.cm.ctrl.HttpSessionCheckingListener[sessionDestroyed:31] - ##########Session ID 27E3FA42804A161C5C790D2457BC0470 destroyed at Sun Feb 25 22:11:14 KST 2024 -6
##########Session ID FB900AFE92F521CBE322C9B51B06D94E destroyed at Mon Feb 26 03:55:22 KST 2024 Session Counts:  -3
ERROR 03:55:22.267 [ContainerBackgroundProcessor[StandardEngine[Catalina]]] sems.cm.ctrl.HttpSessionCheckingListener[sessionDestroyed:31] - ##########Session ID FB900AFE92F521CBE322C9B51B06D94E destroyed at Mon Feb 26 03:55:22 KST 2024 -3
##########Session ID 5EE92EFBF22BDFA90EC4733206FA18D5 destroyed at Mon Feb 26 03:56:22 KST 2024 Session Counts:  -4
ERROR 03:56:22.292 [ContainerBackgroundProcessor[StandardEngine[Catalina]]] sems.cm.ctrl.HttpSessionCheckingListener[sessionDestroyed:31] - ##########Session ID 5EE92EFBF22BDFA90EC4733206FA18D5 destroyed at Mon Feb 26 03:56:22 KST 2024 -4
##########Session ID 75ECE4CC4BD418742FAE2914985B9C1C destroyed at Mon Feb 26 04:12:22 KST 2024 Session Counts:  -5
ERROR 04:12:22.661 [ContainerBackgroundProcessor[StandardEngine[Catalina]]] sems.cm.ctrl.HttpSessionCheckingListener[sessionDestroyed:31] - ##########Session ID 75ECE4CC4BD418742FAE2914985B9C1C destroyed at Mon Feb 26 04:12:22 KST 2024 -5
##########Session ID 15C223E26885EA21476A9B2E9E26A9EF destroyed at Mon Feb 26 04:16:22 KST 2024 Session Counts:  -6
ERROR 04:16:22.754 [ContainerBackgroundProcessor[StandardEngine[Catalina]]] sems.cm.ctrl.HttpSessionCheckingListener[sessionDestroyed:31] - ##########Session ID 15C223E26885EA21476A9B2E9E26A9EF destroyed at Mon Feb 26 04:16:22 KST 2024 -6
##########Session ID 8ACBE3A689021B7C0816EBFB7CD8391C destroyed at Mon Feb 26 12:52:34 KST 2024 Session Counts:  -3
ERROR 12:52:34.759 [ContainerBackgroundProcessor[StandardEngine[Catalina]]] sems.cm.ctrl.HttpSessionCheckingListener[sessionDestroyed:31] - ##########Session ID 8ACBE3A689021B7C0816EBFB7CD8391C destroyed at Mon Feb 26 12:52:34 KST 2024 -3
##########Session ID 400EFAC8C533CBAD4453C84BABDAC007 created at Mon Feb 26 14:24:53 KST 2024 Session Counts: 0
ERROR 14:24:53.574 [http-bio-12443-exec-8] sems.cm.ctrl.HttpSessionCheckingListener[sessionCreated:24] - ##########Session ID 400EFAC8C533CBAD4453C84BABDAC007 created at Mon Feb 26 14:24:53 KST 2024 0
##########Session ID B4F742F486CE448A3298FBA0E658D97F destroyed at Mon Feb 26 14:40:37 KST 2024 Session Counts:  1
ERROR 14:40:37.254 [ContainerBackgroundProcessor[StandardEngine[Catalina]]] sems.cm.ctrl.HttpSessionCheckingListener[sessionDestroyed:31] - ##########Session ID B4F742F486CE448A3298FBA0E658D97F destroyed at Mon Feb 26 14:40:37 KST 2024 1
##########Session ID 18070A054B4DDFDF81F113E4063B7866 destroyed at Mon Feb 26 19:09:33 KST 2024 Session Counts:  6
ERROR 19:09:33.986 [ContainerBackgroundProcessor[StandardEngine[Catalina]]] sems.cm.ctrl.HttpSessionCheckingListener[sessionDestroyed:31] - ##########Session ID 18070A054B4DDFDF81F113E4063B7866 destroyed at Mon Feb 26 19:09:33 KST 2024 6
##########Session ID 972007AF78105AA8DF1AE81C9311CB17 destroyed at Mon Feb 26 19:10:34 KST 2024 Session Counts:  5
ERROR 19:10:34.012 [ContainerBackgroundProcessor[StandardEngine[Catalina]]] sems.cm.ctrl.HttpSessionCheckingListener[sessionDestroyed:31] - ##########Session ID 972007AF78105AA8DF1AE81C9311CB17 destroyed at Mon Feb 26 19:10:34 KST 2024 5
##########Session ID A63CF783774717722A5C7323ADB66A74 destroyed at Mon Feb 26 19:10:34 KST 2024 Session Counts:  4
ERROR 19:10:34.012 [ContainerBackgroundProcessor[StandardEngine[Catalina]]] sems.cm.ctrl.HttpSessionCheckingListener[sessionDestroyed:31] - ##########Session ID A63CF783774717722A5C7323ADB66A74 destroyed at Mon Feb 26 19:10:34 KST 2024 4
##########Session ID 6A7ADBA30BFBBA0426A242C4A5D4C623 destroyed at Mon Feb 26 19:10:34 KST 2024 Session Counts:  3
ERROR 19:10:34.012 [ContainerBackgroundProcessor[StandardEngine[Catalina]]] sems.cm.ctrl.HttpSessionCheckingListener[sessionDestroyed:31] - ##########Session ID 6A7ADBA30BFBBA0426A242C4A5D4C623 destroyed at Mon Feb 26 19:10:34 KST 2024 3
##########Session ID 5C5F7D55C7BA02116425D9D2EEB6DB53 destroyed at Mon Feb 26 19:10:34 KST 2024 Session Counts:  2
ERROR 19:10:34.012 [ContainerBackgroundProcessor[StandardEngine[Catalina]]] sems.cm.ctrl.HttpSessionCheckingListener[sessionDestroyed:31] - ##########Session ID 5C5F7D55C7BA02116425D9D2EEB6DB53 destroyed at Mon Feb 26 19:10:34 KST 2024 2
##########Session ID 1933BB7F23990025D8B356CFB7039757 destroyed at Mon Feb 26 19:11:34 KST 2024 Session Counts:  1
ERROR 19:11:34.041 [ContainerBackgroundProcessor[StandardEngine[Catalina]]] sems.cm.ctrl.HttpSessionCheckingListener[sessionDestroyed:31] - ##########Session ID 1933BB7F23990025D8B356CFB7039757 destroyed at Mon Feb 26 19:11:34 KST 2024 1
##########Session ID EE80C06E7E5862F171AE46C82E1D540D destroyed at Mon Feb 26 19:11:34 KST 2024 Session Counts:  0
ERROR 19:11:34.041 [ContainerBackgroundProcessor[StandardEngine[Catalina]]] sems.cm.ctrl.HttpSessionCheckingListener[sessionDestroyed:31] - ##########Session ID EE80C06E7E5862F171AE46C82E1D540D destroyed at Mon Feb 26 19:11:34 KST 2024 0
##########Session ID 58C90FD44B5CC9833B443DF90A43514F destroyed at Tue Feb 27 02:21:44 KST 2024 Session Counts:  0
ERROR 02:21:44.665 [ContainerBackgroundProcessor[StandardEngine[Catalina]]] sems.cm.ctrl.HttpSessionCheckingListener[sessionDestroyed:31] - ##########Session ID 58C90FD44B5CC9833B443DF90A43514F destroyed at Tue Feb 27 02:21:44 KST 2024 0
##########Session ID ECB46635213B77E43CA3865290951549 created at Tue Feb 27 10:33:04 KST 2024 Session Counts: 5
ERROR 10:33:04.585 [http-bio-12443-exec-61] sems.cm.ctrl.HttpSessionCheckingListener[sessionCreated:24] - ##########Session ID ECB46635213B77E43CA3865290951549 created at Tue Feb 27 10:33:04 KST 2024 5
##########Session ID 5311F4CB317BCB4989A193207FB046C3 destroyed at Tue Feb 27 11:18:59 KST 2024 Session Counts:  4
ERROR 11:18:59.059 [ContainerBackgroundProcessor[StandardEngine[Catalina]]] sems.cm.ctrl.HttpSessionCheckingListener[sessionDestroyed:31] - ##########Session ID 5311F4CB317BCB4989A193207FB046C3 destroyed at Tue Feb 27 11:18:59 KST 2024 4
##########Session ID BCABF1BB71E06653DBE2B6AD472E018F destroyed at Tue Feb 27 11:35:59 KST 2024 Session Counts:  7
ERROR 11:35:59.518 [ContainerBackgroundProcessor[StandardEngine[Catalina]]] sems.cm.ctrl.HttpSessionCheckingListener[sessionDestroyed:31] - ##########Session ID BCABF1BB71E06653DBE2B6AD472E018F destroyed at Tue Feb 27 11:35:59 KST 2024 7
##########Session ID FAC98DAB73A3CA1DA6195652BD726DDE destroyed at Tue Feb 27 13:33:02 KST 2024 Session Counts:  8
ERROR 13:33:02.648 [ContainerBackgroundProcessor[StandardEngine[Catalina]]] sems.cm.ctrl.HttpSessionCheckingListener[sessionDestroyed:31] - ##########Session ID FAC98DAB73A3CA1DA6195652BD726DDE destroyed at Tue Feb 27 13:33:02 KST 2024 8
##########Session ID 53970114DD05572869D038EB35CA4592 destroyed at Tue Feb 27 13:34:02 KST 2024 Session Counts:  7
ERROR 13:34:02.675 [ContainerBackgroundProcessor[StandardEngine[Catalina]]] sems.cm.ctrl.HttpSessionCheckingListener[sessionDestroyed:31] - ##########Session ID 53970114DD05572869D038EB35CA4592 destroyed at Tue Feb 27 13:34:02 KST 2024 7
##########Session ID ECB46635213B77E43CA3865290951549 destroyed at Tue Feb 27 13:34:02 KST 2024 Session Counts:  6
ERROR 13:34:02.675 [ContainerBackgroundProcessor[StandardEngine[Catalina]]] sems.cm.ctrl.HttpSessionCheckingListener[sessionDestroyed:31] - ##########Session ID ECB46635213B77E43CA3865290951549 destroyed at Tue Feb 27 13:34:02 KST 2024 6
##########Session ID 4C066B07E1DEFBD61E837BD884655538 destroyed at Tue Feb 27 14:20:03 KST 2024 Session Counts:  8
ERROR 14:20:03.897 [ContainerBackgroundProcessor[StandardEngine[Catalina]]] sems.cm.ctrl.HttpSessionCheckingListener[sessionDestroyed:31] - ##########Session ID 4C066B07E1DEFBD61E837BD884655538 destroyed at Tue Feb 27 14:20:03 KST 2024 8
##########Session ID F7A968086E2CBD99C5E36E179EBC8006 destroyed at Tue Feb 27 14:33:04 KST 2024 Session Counts:  10
ERROR 14:33:04.245 [ContainerBackgroundProcessor[StandardEngine[Catalina]]] sems.cm.ctrl.HttpSessionCheckingListener[sessionDestroyed:31] - ##########Session ID F7A968086E2CBD99C5E36E179EBC8006 destroyed at Tue Feb 27 14:33:04 KST 2024 10
##########Session ID 25E00B1E824A6E9177E80FA53A4B4398 destroyed at Tue Feb 27 14:36:04 KST 2024 Session Counts:  9
ERROR 14:36:04.326 [ContainerBackgroundProcessor[StandardEngine[Catalina]]] sems.cm.ctrl.HttpSessionCheckingListener[sessionDestroyed:31] - ##########Session ID 25E00B1E824A6E9177E80FA53A4B4398 destroyed at Tue Feb 27 14:36:04 KST 2024 9
##########Session ID 50178E338AFE38C6CD790F528A2B824D destroyed at Tue Feb 27 14:36:04 KST 2024 Session Counts:  8
ERROR 14:36:04.326 [ContainerBackgroundProcessor[StandardEngine[Catalina]]] sems.cm.ctrl.HttpSessionCheckingListener[sessionDestroyed:31] - ##########Session ID 50178E338AFE38C6CD790F528A2B824D destroyed at Tue Feb 27 14:36:04 KST 2024 8
##########Session ID A338358A7FD82AA48FEBD99DB60331C2 destroyed at Tue Feb 27 14:38:04 KST 2024 Session Counts:  7
ERROR 14:38:04.383 [ContainerBackgroundProcessor[StandardEngine[Catalina]]] sems.cm.ctrl.HttpSessionCheckingListener[sessionDestroyed:31] - ##########Session ID A338358A7FD82AA48FEBD99DB60331C2 destroyed at Tue Feb 27 14:38:04 KST 2024 7
##########Session ID A8DFD8C84EDD044A175066D28297F0D2 destroyed at Tue Feb 27 14:39:04 KST 2024 Session Counts:  6
ERROR 14:39:04.410 [ContainerBackgroundProcessor[StandardEngine[Catalina]]] sems.cm.ctrl.HttpSessionCheckingListener[sessionDestroyed:31] - ##########Session ID A8DFD8C84EDD044A175066D28297F0D2 destroyed at Tue Feb 27 14:39:04 KST 2024 6
##########Session ID 56A097401FB39B4231E8F5B4E080CB05 destroyed at Tue Feb 27 17:12:08 KST 2024 Session Counts:  16
ERROR 17:12:08.460 [ContainerBackgroundProcessor[StandardEngine[Catalina]]] sems.cm.ctrl.HttpSessionCheckingListener[sessionDestroyed:31] - ##########Session ID 56A097401FB39B4231E8F5B4E080CB05 destroyed at Tue Feb 27 17:12:08 KST 2024 16
##########Session ID 3CD097FA434B1DEC5BE821D7518A6662 destroyed at Tue Feb 27 17:13:08 KST 2024 Session Counts:  15
ERROR 17:13:08.487 [ContainerBackgroundProcessor[StandardEngine[Catalina]]] sems.cm.ctrl.HttpSessionCheckingListener[sessionDestroyed:31] - ##########Session ID 3CD097FA434B1DEC5BE821D7518A6662 destroyed at Tue Feb 27 17:13:08 KST 2024 15
##########Session ID 139465CDFE8B712AC2575CC0AA4045E2 destroyed at Tue Feb 27 17:18:08 KST 2024 Session Counts:  14
ERROR 17:18:08.619 [ContainerBackgroundProcessor[StandardEngine[Catalina]]] sems.cm.ctrl.HttpSessionCheckingListener[sessionDestroyed:31] - ##########Session ID 139465CDFE8B712AC2575CC0AA4045E2 destroyed at Tue Feb 27 17:18:08 KST 2024 14
##########Session ID 888B851AD34B3DBA134BA26640819BF6 destroyed at Tue Feb 27 17:23:08 KST 2024 Session Counts:  13
ERROR 17:23:08.750 [ContainerBackgroundProcessor[StandardEngine[Catalina]]] sems.cm.ctrl.HttpSessionCheckingListener[sessionDestroyed:31] - ##########Session ID 888B851AD34B3DBA134BA26640819BF6 destroyed at Tue Feb 27 17:23:08 KST 2024 13
##########Session ID EA6D6AD2D99AB322BF13B52A821585F8 destroyed at Tue Feb 27 17:25:08 KST 2024 Session Counts:  12
ERROR 17:25:08.804 [ContainerBackgroundProcessor[StandardEngine[Catalina]]] sems.cm.ctrl.HttpSessionCheckingListener[sessionDestroyed:31] - ##########Session ID EA6D6AD2D99AB322BF13B52A821585F8 destroyed at Tue Feb 27 17:25:08 KST 2024 12
##########Session ID 40BB44B4C81D5AF5ED60B340783C66CF destroyed at Tue Feb 27 17:25:08 KST 2024 Session Counts:  11
ERROR 17:25:08.804 [ContainerBackgroundProcessor[StandardEngine[Catalina]]] sems.cm.ctrl.HttpSessionCheckingListener[sessionDestroyed:31] - ##########Session ID 40BB44B4C81D5AF5ED60B340783C66CF destroyed at Tue Feb 27 17:25:08 KST 2024 11
##########Session ID 0145A8532228E75DABD1906E94705446 destroyed at Tue Feb 27 19:10:11 KST 2024 Session Counts:  10
ERROR 19:10:11.615 [ContainerBackgroundProcessor[StandardEngine[Catalina]]] sems.cm.ctrl.HttpSessionCheckingListener[sessionDestroyed:31] - ##########Session ID 0145A8532228E75DABD1906E94705446 destroyed at Tue Feb 27 19:10:11 KST 2024 10
##########Session ID 2CBD7F393D8D0B0167CE4954245F7251 destroyed at Tue Feb 27 19:12:11 KST 2024 Session Counts:  9
ERROR 19:12:11.668 [ContainerBackgroundProcessor[StandardEngine[Catalina]]] sems.cm.ctrl.HttpSessionCheckingListener[sessionDestroyed:31] - ##########Session ID 2CBD7F393D8D0B0167CE4954245F7251 destroyed at Tue Feb 27 19:12:11 KST 2024 9
##########Session ID D4223F8DAF49507FEE809D5CB06A0DAA destroyed at Tue Feb 27 19:13:11 KST 2024 Session Counts:  8
ERROR 19:13:11.696 [ContainerBackgroundProcessor[StandardEngine[Catalina]]] sems.cm.ctrl.HttpSessionCheckingListener[sessionDestroyed:31] - ##########Session ID D4223F8DAF49507FEE809D5CB06A0DAA destroyed at Tue Feb 27 19:13:11 KST 2024 8
##########Session ID FBBD14418CB3D1C83F3DE7F01399413A destroyed at Tue Feb 27 19:13:11 KST 2024 Session Counts:  7
ERROR 19:13:11.696 [ContainerBackgroundProcessor[StandardEngine[Catalina]]] sems.cm.ctrl.HttpSessionCheckingListener[sessionDestroyed:31] - ##########Session ID FBBD14418CB3D1C83F3DE7F01399413A destroyed at Tue Feb 27 19:13:11 KST 2024 7
##########Session ID C605B2A36F9064EA80931E1735AA3C27 destroyed at Tue Feb 27 19:14:11 KST 2024 Session Counts:  6
ERROR 19:14:11.725 [ContainerBackgroundProcessor[StandardEngine[Catalina]]] sems.cm.ctrl.HttpSessionCheckingListener[sessionDestroyed:31] - ##########Session ID C605B2A36F9064EA80931E1735AA3C27 destroyed at Tue Feb 27 19:14:11 KST 2024 6
##########Session ID C9C02B6D08205756E901625985D004F4 destroyed at Tue Feb 27 19:15:11 KST 2024 Session Counts:  5
ERROR 19:15:11.751 [ContainerBackgroundProcessor[StandardEngine[Catalina]]] sems.cm.ctrl.HttpSessionCheckingListener[sessionDestroyed:31] - ##########Session ID C9C02B6D08205756E901625985D004F4 destroyed at Tue Feb 27 19:15:11 KST 2024 5
##########Session ID 5DDACE715C419D3239652B00742FE67A destroyed at Tue Feb 27 19:15:11 KST 2024 Session Counts:  4
ERROR 19:15:11.751 [ContainerBackgroundProcessor[StandardEngine[Catalina]]] sems.cm.ctrl.HttpSessionCheckingListener[sessionDestroyed:31] - ##########Session ID 5DDACE715C419D3239652B00742FE67A destroyed at Tue Feb 27 19:15:11 KST 2024 4
##########Session ID E42E549BC85A174C1C591D30C71747E2 destroyed at Tue Feb 27 19:19:11 KST 2024 Session Counts:  3
ERROR 19:19:11.858 [ContainerBackgroundProcessor[StandardEngine[Catalina]]] sems.cm.ctrl.HttpSessionCheckingListener[sessionDestroyed:31] - ##########Session ID E42E549BC85A174C1C591D30C71747E2 destroyed at Tue Feb 27 19:19:11 KST 2024 3
##########Session ID 321C1222A69F486CB2AAC41384B65ABD destroyed at Tue Feb 27 19:24:11 KST 2024 Session Counts:  2
ERROR 19:24:11.989 [ContainerBackgroundProcessor[StandardEngine[Catalina]]] sems.cm.ctrl.HttpSessionCheckingListener[sessionDestroyed:31] - ##########Session ID 321C1222A69F486CB2AAC41384B65ABD destroyed at Tue Feb 27 19:24:11 KST 2024 2
##########Session ID 69F6C2F27F307D90051538FB0E6C6403 destroyed at Tue Feb 27 19:42:12 KST 2024 Session Counts:  1
ERROR 19:42:12.470 [ContainerBackgroundProcessor[StandardEngine[Catalina]]] sems.cm.ctrl.HttpSessionCheckingListener[sessionDestroyed:31] - ##########Session ID 69F6C2F27F307D90051538FB0E6C6403 destroyed at Tue Feb 27 19:42:12 KST 2024 1
##########Session ID 4C53E94F3A5E5DC0F37A45FF32EE316A destroyed at Tue Feb 27 20:35:13 KST 2024 Session Counts:  0
ERROR 20:35:13.835 [ContainerBackgroundProcessor[StandardEngine[Catalina]]] sems.cm.ctrl.HttpSessionCheckingListener[sessionDestroyed:31] - ##########Session ID 4C53E94F3A5E5DC0F37A45FF32EE316A destroyed at Tue Feb 27 20:35:13 KST 2024 0
##########Session ID F63204D73325DD7C663E0825E8565D3F destroyed at Wed Feb 28 12:28:39 KST 2024 Session Counts:  1
ERROR 12:28:39.494 [ContainerBackgroundProcessor[StandardEngine[Catalina]]] sems.cm.ctrl.HttpSessionCheckingListener[sessionDestroyed:31] - ##########Session ID F63204D73325DD7C663E0825E8565D3F destroyed at Wed Feb 28 12:28:39 KST 2024 1
