
2023-10-26 15:18:27 Commons Daemon procrun stdout initialized
##########Session ID BAD6CA2F5896792CCD04BFF57243106E created at Thu Oct 26 15:30:31 KST 2023
##########Session ID D8F9B51E6B849565F4D5988673D3AD19 created at Fri Oct 27 08:47:15 KST 2023
##########Session ID 39308DDE0B7037254F38AF56A5AD822A destroyed at Fri Oct 27 16:08:47 KST 2023
##########Session ID 678FA29E99A537ABF1D861A75391623A destroyed at Fri Oct 27 16:08:47 KST 2023
##########Session ID B1AC0577B8667C750C1F31073DEDC293 destroyed at Fri Oct 27 16:28:47 KST 2023
##########Session ID 5B6EA547BE41746E0390C646CF79D6E1 destroyed at Fri Oct 27 16:54:48 KST 2023
##########Session ID 1C340EA9DAE37FD4283630653B92B8BC destroyed at Fri Oct 27 16:54:48 KST 2023
##########Session ID AC12C05A92BC9BA9C59844E97DBF1790 destroyed at Fri Oct 27 17:06:48 KST 2023
##########Session ID E291B1FFB299E289540A28075B1C3F17 created at Fri Oct 27 18:37:11 KST 2023
##########Session ID 4E59EDD4D1ECC1A0DC01740F0D728394 destroyed at Fri Oct 27 18:51:51 KST 2023
##########Session ID AE1EB0BA4504D73DDEC3E3BC43B2FD91 destroyed at Fri Oct 27 18:53:51 KST 2023
##########Session ID A4D4C307684900DC18D4E362405CE84B destroyed at Fri Oct 27 19:10:51 KST 2023
##########Session ID 2DC5ECC0AD807E5F104CCF49CC3116EF destroyed at Fri Oct 27 19:11:51 KST 2023
##########Session ID B1BAC8BEF562296521064D9FF24311ED destroyed at Sat Oct 28 06:42:09 KST 2023
##########Session ID 6957D989BFB07A490195C28573649A0A destroyed at Sat Oct 28 06:42:09 KST 2023
##########Session ID 81A96148E83D00C595E3B4D8CE329745 destroyed at Sat Oct 28 08:25:11 KST 2023
##########Session ID B209EF9D9F75216D898B5CC8A1922F77 destroyed at Sat Oct 28 08:25:11 KST 2023
##########Session ID D8F9B51E6B849565F4D5988673D3AD19 destroyed at Sat Oct 28 08:48:12 KST 2023
##########Session ID 1AA1D474EE95766A3C96F8E9A87F7110 destroyed at Sat Oct 28 13:24:19 KST 2023
##########Session ID C38DA495AF1BA28A353A38EBF690659D destroyed at Sat Oct 28 13:24:19 KST 2023
##########Session ID 0182AEF4EA570625C693A57D167FC4C5 created at Sat Oct 28 15:38:16 KST 2023
##########Session ID B8810E4CA41309E471F3BFFF4AAF7FB6 created at Sat Oct 28 15:38:18 KST 2023
##########Session ID F890779B3E610E9B45FC6630610B7229 destroyed at Sat Oct 28 18:29:27 KST 2023
##########Session ID E291B1FFB299E289540A28075B1C3F17 destroyed at Sat Oct 28 18:37:27 KST 2023
##########Session ID 2E117591BCA73A5BE525A222A744E0BC destroyed at Sat Oct 28 20:11:29 KST 2023
##########Session ID 7A74FB5544C62984928EAFD01A54DE89 destroyed at Sat Oct 28 20:11:29 KST 2023
##########Session ID 93A2509608E1EA01B8191D4CD13B8CB6 destroyed at Sat Oct 28 23:42:35 KST 2023
##########Session ID 435BE0920DA7D6E890BBAE30390EF978 destroyed at Sat Oct 28 23:42:35 KST 2023
##########Session ID 8C5B8423118CAC643569E9A754DE12DF created at Sun Oct 29 03:07:46 KST 2023
##########Session ID FEBFEA7CD9FC355D9A0ACB069DD4D334 destroyed at Sun Oct 29 06:19:45 KST 2023
##########Session ID 15972D747FA6698A32C53AA2DF78138D destroyed at Sun Oct 29 06:19:45 KST 2023
##########Session ID 8E81D5EE9EC506FED61C4EF632200A45 destroyed at Sun Oct 29 08:49:49 KST 2023
##########Session ID D0BA5E323542A57E7B5F65E09C92EE64 destroyed at Sun Oct 29 08:49:49 KST 2023
##########Session ID F544F46BFD74E102E330ED0EEA081FB6 destroyed at Sun Oct 29 12:57:55 KST 2023
##########Session ID FAE9CAB48BE99F0292D49BE9AFD232E8 destroyed at Sun Oct 29 12:57:55 KST 2023
##########Session ID FC8F6EBFD28644856513D9DAE82E60B9 destroyed at Sun Oct 29 14:19:57 KST 2023
##########Session ID 2EAC1230D1FF31D6962544222F37AAEC destroyed at Sun Oct 29 14:19:57 KST 2023
##########Session ID 0182AEF4EA570625C693A57D167FC4C5 destroyed at Sun Oct 29 15:38:59 KST 2023
##########Session ID B8810E4CA41309E471F3BFFF4AAF7FB6 destroyed at Sun Oct 29 15:38:59 KST 2023
##########Session ID 51C6CF304DC7E1835788A76CDCD27AEE destroyed at Sun Oct 29 16:42:01 KST 2023
##########Session ID 35CF2475BD8E87CD2A7D029A5595C40B destroyed at Sun Oct 29 16:42:01 KST 2023
##########Session ID 222D35CF1872CC2217A4B2AD7DA465A6 created at Sun Oct 29 18:37:03 KST 2023
##########Session ID 8C5B8423118CAC643569E9A754DE12DF destroyed at Mon Oct 30 03:08:16 KST 2023
##########Session ID 19B385510739F5E13CE788BFE0D82DCA created at Mon Oct 30 03:17:16 KST 2023
##########Session ID 50F8ECB7DF23D4280DE4B494AA07E135 destroyed at Mon Oct 30 03:57:17 KST 2023
##########Session ID 28BC06CBE7F44B69E51EA1EB2177C033 destroyed at Mon Oct 30 03:57:17 KST 2023
##########Session ID 7C22EC21E8D5C0F9078D6AEF0ABD0023 destroyed at Mon Oct 30 04:10:18 KST 2023
##########Session ID BAEBC7140619EE5A74F61F9A2BAEF5CB destroyed at Mon Oct 30 04:10:18 KST 2023
##########Session ID E7A68BB35E098C27B9CEBA18E3FCB953 destroyed at Mon Oct 30 05:40:20 KST 2023
##########Session ID 0DE9D7263296C6C684AE366AAA126991 destroyed at Mon Oct 30 05:40:20 KST 2023
