
2023-08-08 15:49:11 Commons Daemon procrun stdout initialized
##########Session ID 6581FBEEE620893FA5B7367CDA71278B created at Tue Aug 08 16:01:03 KST 2023
##########Session ID 18BF42B69FCB19FA015B75DF91B92FA0 created at Tue Aug 08 16:01:08 KST 2023

2023-08-08 16:26:27 Commons Daemon procrun stdout initialized
##########Session ID 5109D269F4A6A785662FBFDED16D2C16 created at Tue Aug 08 16:30:05 KST 2023 Session Counts: 4
ERROR 16:30:05.892 [http-bio-8443-exec-27] sems.cm.ctrl.HttpSessionCheckingListener[sessionCreated:24] - ##########Session ID 5109D269F4A6A785662FBFDED16D2C16 created at Tue Aug 08 16:30:05 KST 2023 4
##########Session ID A28D7019D90A4E4C570679DF2F0F5B8D created at Tue Aug 08 16:30:06 KST 2023 Session Counts: 5
ERROR 16:30:06.047 [http-bio-8443-exec-22] sems.cm.ctrl.HttpSessionCheckingListener[sessionCreated:24] - ##########Session ID A28D7019D90A4E4C570679DF2F0F5B8D created at Tue Aug 08 16:30:06 KST 2023 5
##########Session ID 62E10936BA6340303011DD6B6654CD1A created at Tue Aug 08 16:44:51 KST 2023 Session Counts: 80
ERROR 16:44:51.038 [http-bio-8443-exec-81] sems.cm.ctrl.HttpSessionCheckingListener[sessionCreated:24] - ##########Session ID 62E10936BA6340303011DD6B6654CD1A created at Tue Aug 08 16:44:51 KST 2023 80

2023-08-08 16:46:05 Commons Daemon procrun stdout initialized

2023-08-08 16:52:50 Commons Daemon procrun stdout initialized
##########Session ID C54205BD11C6A169E9905AE164862498 created at Tue Aug 08 16:59:44 KST 2023 Session Counts: 11
ERROR 16:59:44.537 [http-bio-8443-exec-32] sems.cm.ctrl.HttpSessionCheckingListener[sessionCreated:24] - ##########Session ID C54205BD11C6A169E9905AE164862498 created at Tue Aug 08 16:59:44 KST 2023 11
##########Session ID 1E573B9EF178A535C4D9F907940688E6 created at Tue Aug 08 17:02:55 KST 2023 Session Counts: 45
ERROR 17:02:55.368 [http-bio-8443-exec-50] sems.cm.ctrl.HttpSessionCheckingListener[sessionCreated:24] - ##########Session ID 1E573B9EF178A535C4D9F907940688E6 created at Tue Aug 08 17:02:55 KST 2023 45
##########Session ID 43062FA9665DF7A6A0451C3681EB0644 created at Tue Aug 08 19:14:57 KST 2023 Session Counts: 91
ERROR 19:14:57.852 [http-bio-8443-exec-21] sems.cm.ctrl.HttpSessionCheckingListener[sessionCreated:24] - ##########Session ID 43062FA9665DF7A6A0451C3681EB0644 created at Tue Aug 08 19:14:57 KST 2023 91
##########Session ID 139573D74D04E00AECAFFE51AB598413 created at Wed Aug 09 02:23:25 KST 2023 Session Counts: 93
ERROR 02:23:25.279 [http-bio-8443-exec-80] sems.cm.ctrl.HttpSessionCheckingListener[sessionCreated:24] - ##########Session ID 139573D74D04E00AECAFFE51AB598413 created at Wed Aug 09 02:23:25 KST 2023 93
##########Session ID 381289928D8B0042A21E2E3C4A5B6896 created at Wed Aug 09 02:23:26 KST 2023 Session Counts: 94
ERROR 02:23:26.634 [http-bio-8443-exec-47] sems.cm.ctrl.HttpSessionCheckingListener[sessionCreated:24] - ##########Session ID 381289928D8B0042A21E2E3C4A5B6896 created at Wed Aug 09 02:23:26 KST 2023 94
