
2023-08-28 13:38:30 Commons Daemon procrun stderr initialized
8월 28, 2023 1:38:32 오후 org.apache.catalina.startup.VersionLoggerListener log
정보: Server version:        Apache Tomcat/7.0.69
8월 28, 2023 1:38:32 오후 org.apache.catalina.startup.VersionLoggerListener log
정보: Server built:          Apr 11 2016 07:57:09 UTC
8월 28, 2023 1:38:32 오후 org.apache.catalina.startup.VersionLoggerListener log
정보: Server number:         7.0.69.0
8월 28, 2023 1:38:32 오후 org.apache.catalina.startup.VersionLoggerListener log
정보: OS Name:               Windows Server 2012 R2
8월 28, 2023 1:38:32 오후 org.apache.catalina.startup.VersionLoggerListener log
정보: OS Version:            6.3
8월 28, 2023 1:38:32 오후 org.apache.catalina.startup.VersionLoggerListener log
정보: Architecture:          amd64
8월 28, 2023 1:38:32 오후 org.apache.catalina.startup.VersionLoggerListener log
정보: Java Home:             C:\Program Files\Java\openjdk-1.8.0\jre
8월 28, 2023 1:38:32 오후 org.apache.catalina.startup.VersionLoggerListener log
정보: JVM Version:           1.8.0_201-1-ojdkbuild-b09
8월 28, 2023 1:38:32 오후 org.apache.catalina.startup.VersionLoggerListener log
정보: JVM Vendor:            Oracle Corporation
8월 28, 2023 1:38:32 오후 org.apache.catalina.startup.VersionLoggerListener log
정보: CATALINA_BASE:         C:\WAS\SEMS_MOBILE
8월 28, 2023 1:38:32 오후 org.apache.catalina.startup.VersionLoggerListener log
정보: CATALINA_HOME:         C:\WAS\SEMS_MOBILE
8월 28, 2023 1:38:32 오후 org.apache.catalina.startup.VersionLoggerListener log
정보: Command line argument: -Dcatalina.home=C:\WAS\SEMS_MOBILE
8월 28, 2023 1:38:32 오후 org.apache.catalina.startup.VersionLoggerListener log
정보: Command line argument: -Dcatalina.base=C:\WAS\SEMS_MOBILE
8월 28, 2023 1:38:32 오후 org.apache.catalina.startup.VersionLoggerListener log
정보: Command line argument: -Djava.endorsed.dirs=C:\WAS\SEMS_MOBILE\endorsed
8월 28, 2023 1:38:32 오후 org.apache.catalina.startup.VersionLoggerListener log
정보: Command line argument: -Djava.io.tmpdir=C:\WAS\SEMS_MOBILE\temp
8월 28, 2023 1:38:32 오후 org.apache.catalina.startup.VersionLoggerListener log
정보: Command line argument: -Djava.util.logging.manager=org.apache.juli.ClassLoaderLogManager
8월 28, 2023 1:38:32 오후 org.apache.catalina.startup.VersionLoggerListener log
정보: Command line argument: -Djava.util.logging.config.file=C:\WAS\SEMS_MOBILE\conf\logging.properties
8월 28, 2023 1:38:32 오후 org.apache.catalina.startup.VersionLoggerListener log
정보: Command line argument: exit
8월 28, 2023 1:38:32 오후 org.apache.catalina.startup.VersionLoggerListener log
정보: Command line argument: -Xms128m
8월 28, 2023 1:38:32 오후 org.apache.catalina.startup.VersionLoggerListener log
정보: Command line argument: -Xmx256m
8월 28, 2023 1:38:32 오후 org.apache.catalina.core.AprLifecycleListener lifecycleEvent
정보: Loaded APR based Apache Tomcat Native library 1.1.33 using APR version 1.5.1.
8월 28, 2023 1:38:32 오후 org.apache.catalina.core.AprLifecycleListener lifecycleEvent
정보: APR capabilities: IPv6 [true], sendfile [true], accept filters [false], random [true].
8월 28, 2023 1:38:33 오후 org.apache.catalina.core.AprLifecycleListener initializeSSL
정보: OpenSSL successfully initialized (OpenSSL 1.0.1m 19 Mar 2015)
8월 28, 2023 1:38:33 오후 org.apache.coyote.AbstractProtocol init
정보: Initializing ProtocolHandler ["http-apr-9092"]
8월 28, 2023 1:38:33 오후 org.apache.coyote.AbstractProtocol init
정보: Initializing ProtocolHandler ["http-bio-8443"]
8월 28, 2023 1:38:33 오후 org.apache.coyote.AbstractProtocol init
정보: Initializing ProtocolHandler ["ajp-apr-9100"]
8월 28, 2023 1:38:33 오후 org.apache.catalina.startup.Catalina load
정보: Initialization processed in 2505 ms
8월 28, 2023 1:38:33 오후 org.apache.catalina.core.StandardService startInternal
정보: Starting service Catalina
8월 28, 2023 1:38:33 오후 org.apache.catalina.core.StandardEngine startInternal
정보: Starting Servlet Engine: Apache Tomcat/7.0.69
8월 28, 2023 1:38:34 오후 org.apache.catalina.startup.HostConfig deployWAR
정보: Deploying web application archive C:\WAS\SEMS_MOBILE\webapps\ROOT.war
8월 28, 2023 1:38:37 오후 org.apache.catalina.startup.TldConfig execute
정보: At least one JAR was scanned for TLDs yet contained no TLDs. Enable debug logging for this logger for a complete list of JARs that were scanned but no TLDs were found in them. Skipping unneeded JARs during scanning can improve startup time and JSP compilation time.
8월 28, 2023 1:38:44 오후 org.apache.catalina.startup.HostConfig deployWAR
정보: Deployment of web application archive C:\WAS\SEMS_MOBILE\webapps\ROOT.war has finished in 10,385 ms
8월 28, 2023 1:38:44 오후 org.apache.catalina.startup.HostConfig deployDirectory
정보: Deploying web application directory C:\WAS\SEMS_MOBILE\webapps\230808
8월 28, 2023 1:38:44 오후 org.apache.catalina.startup.HostConfig deployDirectory
정보: Deployment of web application directory C:\WAS\SEMS_MOBILE\webapps\230808 has finished in 58 ms
8월 28, 2023 1:38:44 오후 org.apache.catalina.startup.HostConfig deployDirectory
정보: Deploying web application directory C:\WAS\SEMS_MOBILE\webapps\230818
8월 28, 2023 1:38:44 오후 org.apache.catalina.startup.HostConfig deployDirectory
정보: Deployment of web application directory C:\WAS\SEMS_MOBILE\webapps\230818 has finished in 65 ms
8월 28, 2023 1:38:44 오후 org.apache.catalina.startup.HostConfig deployDirectory
정보: Deploying web application directory C:\WAS\SEMS_MOBILE\webapps\230828
8월 28, 2023 1:38:44 오후 org.apache.catalina.startup.HostConfig deployDirectory
정보: Deployment of web application directory C:\WAS\SEMS_MOBILE\webapps\230828 has finished in 51 ms
8월 28, 2023 1:38:44 오후 org.apache.catalina.startup.HostConfig deployDirectory
정보: Deploying web application directory C:\WAS\SEMS_MOBILE\webapps\230828-2
8월 28, 2023 1:38:44 오후 org.apache.catalina.startup.HostConfig deployDirectory
정보: Deployment of web application directory C:\WAS\SEMS_MOBILE\webapps\230828-2 has finished in 48 ms
8월 28, 2023 1:38:44 오후 org.apache.catalina.startup.HostConfig deployDirectory
정보: Deploying web application directory C:\WAS\SEMS_MOBILE\webapps\docs
8월 28, 2023 1:38:44 오후 org.apache.catalina.startup.HostConfig deployDirectory
정보: Deployment of web application directory C:\WAS\SEMS_MOBILE\webapps\docs has finished in 46 ms
8월 28, 2023 1:38:44 오후 org.apache.catalina.startup.HostConfig deployDirectory
정보: Deploying web application directory C:\WAS\SEMS_MOBILE\webapps\examples
8월 28, 2023 1:38:44 오후 org.apache.catalina.startup.HostConfig deployDirectory
정보: Deployment of web application directory C:\WAS\SEMS_MOBILE\webapps\examples has finished in 252 ms
8월 28, 2023 1:38:44 오후 org.apache.catalina.startup.HostConfig deployDirectory
정보: Deploying web application directory C:\WAS\SEMS_MOBILE\webapps\host-manager
8월 28, 2023 1:38:45 오후 org.apache.catalina.startup.HostConfig deployDirectory
정보: Deployment of web application directory C:\WAS\SEMS_MOBILE\webapps\host-manager has finished in 65 ms
8월 28, 2023 1:38:45 오후 org.apache.catalina.startup.HostConfig deployDirectory
정보: Deploying web application directory C:\WAS\SEMS_MOBILE\webapps\manager
8월 28, 2023 1:38:45 오후 org.apache.catalina.startup.HostConfig deployDirectory
정보: Deployment of web application directory C:\WAS\SEMS_MOBILE\webapps\manager has finished in 74 ms
8월 28, 2023 1:38:45 오후 org.apache.coyote.AbstractProtocol start
정보: Starting ProtocolHandler ["http-apr-9092"]
8월 28, 2023 1:38:45 오후 org.apache.coyote.AbstractProtocol start
정보: Starting ProtocolHandler ["http-bio-8443"]
8월 28, 2023 1:38:45 오후 org.apache.coyote.AbstractProtocol start
정보: Starting ProtocolHandler ["ajp-apr-9100"]
8월 28, 2023 1:38:45 오후 org.apache.catalina.startup.Catalina start
정보: Server startup in 11158 ms
8월 30, 2023 12:11:25 오후 org.apache.catalina.startup.HostConfig undeploy
정보: Undeploying context []
8월 30, 2023 12:11:25 오후 org.apache.catalina.loader.WebappClassLoaderBase clearReferencesJdbc
심각: The web application [] registered the JDBC driver [org.mariadb.jdbc.Driver] but failed to unregister it when the web application was stopped. To prevent a memory leak, the JDBC Driver has been forcibly unregistered.
8월 30, 2023 12:11:25 오후 org.apache.catalina.loader.WebappClassLoaderBase clearReferencesJdbc
심각: The web application [] registered the JDBC driver [net.sf.log4jdbc.DriverSpy] but failed to unregister it when the web application was stopped. To prevent a memory leak, the JDBC Driver has been forcibly unregistered.
8월 30, 2023 12:11:25 오후 org.apache.catalina.loader.WebappClassLoaderBase clearReferencesThreads
심각: The web application [] appears to have started a thread named [java-sdk-http-connection-reaper] but has failed to stop it. This is very likely to create a memory leak.
8월 30, 2023 12:11:26 오후 org.apache.catalina.startup.HostConfig deployDirectory
정보: Deploying web application directory C:\WAS\SEMS_MOBILE\webapps\230830
8월 30, 2023 12:11:26 오후 org.apache.catalina.startup.HostConfig deployDirectory
정보: Deployment of web application directory C:\WAS\SEMS_MOBILE\webapps\230830 has finished in 75 ms
8월 30, 2023 12:11:36 오후 org.apache.catalina.startup.HostConfig deployWAR
정보: Deploying web application archive C:\WAS\SEMS_MOBILE\webapps\ROOT.war
8월 30, 2023 12:11:51 오후 org.apache.catalina.startup.TldConfig execute
정보: At least one JAR was scanned for TLDs yet contained no TLDs. Enable debug logging for this logger for a complete list of JARs that were scanned but no TLDs were found in them. Skipping unneeded JARs during scanning can improve startup time and JSP compilation time.
8월 30, 2023 12:11:56 오후 org.apache.catalina.startup.HostConfig deployWAR
정보: Deployment of web application archive C:\WAS\SEMS_MOBILE\webapps\ROOT.war has finished in 20,055 ms
8월 31, 2023 3:08:23 오후 org.apache.coyote.http11.AbstractHttp11Processor process
정보: Error parsing HTTP request header
 Note: further occurrences of HTTP header parsing errors will be logged at DEBUG level.
java.lang.IllegalArgumentException: Invalid character (CR or LF) found in method name
	at org.apache.coyote.http11.InternalInputBuffer.parseRequestLine(InternalInputBuffer.java:131)
	at org.apache.coyote.http11.AbstractHttp11Processor.process(AbstractHttp11Processor.java:992)
	at org.apache.coyote.AbstractProtocol$AbstractConnectionHandler.process(AbstractProtocol.java:625)
	at org.apache.tomcat.util.net.JIoEndpoint$SocketProcessor.run(JIoEndpoint.java:316)
	at java.util.concurrent.ThreadPoolExecutor.runWorker(ThreadPoolExecutor.java:1149)
	at java.util.concurrent.ThreadPoolExecutor$Worker.run(ThreadPoolExecutor.java:624)
	at org.apache.tomcat.util.threads.TaskThread$WrappingRunnable.run(TaskThread.java:61)
	at java.lang.Thread.run(Thread.java:748)

9월 01, 2023 1:14:33 오전 org.apache.catalina.realm.LockOutRealm authenticate
경고: An attempt was made to authenticate the locked user "root"
9월 02, 2023 4:32:33 오후 org.apache.catalina.realm.LockOutRealm authenticate
경고: An attempt was made to authenticate the locked user "root"
9월 04, 2023 7:44:24 오전 org.apache.catalina.realm.LockOutRealm authenticate
경고: An attempt was made to authenticate the locked user "root"
9월 05, 2023 10:10:32 오후 org.apache.catalina.realm.LockOutRealm authenticate
경고: An attempt was made to authenticate the locked user "root"
9월 06, 2023 6:15:37 오후 org.apache.catalina.startup.HostConfig deployDirectory
정보: Deploying web application directory C:\WAS\SEMS_MOBILE\webapps\230906
9월 06, 2023 6:15:37 오후 org.apache.catalina.startup.HostConfig deployDirectory
정보: Deployment of web application directory C:\WAS\SEMS_MOBILE\webapps\230906 has finished in 53 ms
9월 06, 2023 6:15:47 오후 org.apache.catalina.startup.HostConfig undeploy
정보: Undeploying context []
9월 06, 2023 6:15:47 오후 org.apache.catalina.loader.WebappClassLoaderBase clearReferencesJdbc
심각: The web application [] registered the JDBC driver [org.mariadb.jdbc.Driver] but failed to unregister it when the web application was stopped. To prevent a memory leak, the JDBC Driver has been forcibly unregistered.
9월 06, 2023 6:15:47 오후 org.apache.catalina.loader.WebappClassLoaderBase clearReferencesJdbc
심각: The web application [] registered the JDBC driver [net.sf.log4jdbc.DriverSpy] but failed to unregister it when the web application was stopped. To prevent a memory leak, the JDBC Driver has been forcibly unregistered.
9월 06, 2023 6:16:00 오후 org.apache.catalina.startup.HostConfig deployWAR
정보: Deploying web application archive C:\WAS\SEMS_MOBILE\webapps\ROOT.war
9월 06, 2023 6:16:17 오후 org.apache.catalina.startup.TldConfig execute
정보: At least one JAR was scanned for TLDs yet contained no TLDs. Enable debug logging for this logger for a complete list of JARs that were scanned but no TLDs were found in them. Skipping unneeded JARs during scanning can improve startup time and JSP compilation time.
9월 06, 2023 6:16:22 오후 org.apache.catalina.startup.HostConfig deployWAR
정보: Deployment of web application archive C:\WAS\SEMS_MOBILE\webapps\ROOT.war has finished in 21,488 ms
9월 06, 2023 6:25:23 오후 org.apache.catalina.startup.HostConfig undeploy
정보: Undeploying context []
9월 06, 2023 6:25:23 오후 org.apache.catalina.loader.WebappClassLoaderBase clearReferencesJdbc
심각: The web application [] registered the JDBC driver [org.mariadb.jdbc.Driver] but failed to unregister it when the web application was stopped. To prevent a memory leak, the JDBC Driver has been forcibly unregistered.
9월 06, 2023 6:25:23 오후 org.apache.catalina.loader.WebappClassLoaderBase clearReferencesJdbc
심각: The web application [] registered the JDBC driver [net.sf.log4jdbc.DriverSpy] but failed to unregister it when the web application was stopped. To prevent a memory leak, the JDBC Driver has been forcibly unregistered.
9월 06, 2023 6:25:23 오후 org.apache.catalina.loader.WebappClassLoaderBase clearReferencesThreads
심각: The web application [] appears to have started a thread named [java-sdk-http-connection-reaper] but has failed to stop it. This is very likely to create a memory leak.
9월 06, 2023 6:25:35 오후 org.apache.catalina.startup.HostConfig deployWAR
정보: Deploying web application archive C:\WAS\SEMS_MOBILE\webapps\ROOT.war
9월 06, 2023 6:25:52 오후 org.apache.catalina.startup.TldConfig execute
정보: At least one JAR was scanned for TLDs yet contained no TLDs. Enable debug logging for this logger for a complete list of JARs that were scanned but no TLDs were found in them. Skipping unneeded JARs during scanning can improve startup time and JSP compilation time.
9월 06, 2023 6:25:57 오후 org.apache.catalina.startup.HostConfig deployWAR
정보: Deployment of web application archive C:\WAS\SEMS_MOBILE\webapps\ROOT.war has finished in 21,704 ms
9월 07, 2023 5:54:36 오후 org.apache.coyote.http11.AbstractHttp11Processor process
정보: Error parsing HTTP request header
 Note: further occurrences of HTTP header parsing errors will be logged at DEBUG level.
java.lang.IllegalArgumentException: Invalid character (CR or LF) found in method name
	at org.apache.coyote.http11.InternalInputBuffer.parseRequestLine(InternalInputBuffer.java:131)
	at org.apache.coyote.http11.AbstractHttp11Processor.process(AbstractHttp11Processor.java:992)
	at org.apache.coyote.AbstractProtocol$AbstractConnectionHandler.process(AbstractProtocol.java:625)
	at org.apache.tomcat.util.net.JIoEndpoint$SocketProcessor.run(JIoEndpoint.java:316)
	at java.util.concurrent.ThreadPoolExecutor.runWorker(ThreadPoolExecutor.java:1149)
	at java.util.concurrent.ThreadPoolExecutor$Worker.run(ThreadPoolExecutor.java:624)
	at org.apache.tomcat.util.threads.TaskThread$WrappingRunnable.run(TaskThread.java:61)
	at java.lang.Thread.run(Thread.java:748)

9월 07, 2023 11:56:52 오후 org.apache.catalina.realm.LockOutRealm authenticate
경고: An attempt was made to authenticate the locked user "root"
9월 08, 2023 7:19:38 오후 org.apache.catalina.realm.LockOutRealm authenticate
경고: An attempt was made to authenticate the locked user "root"
9월 09, 2023 2:21:56 오후 org.apache.catalina.realm.LockOutRealm authenticate
경고: An attempt was made to authenticate the locked user "root"
9월 10, 2023 9:39:35 오전 org.apache.catalina.realm.LockOutRealm authenticate
경고: An attempt was made to authenticate the locked user "root"
9월 11, 2023 5:12:41 오전 org.apache.catalina.realm.LockOutRealm authenticate
경고: An attempt was made to authenticate the locked user "root"
9월 12, 2023 11:28:24 오전 org.apache.catalina.startup.HostConfig undeploy
정보: Undeploying context []
9월 12, 2023 11:28:24 오전 org.apache.catalina.loader.WebappClassLoaderBase clearReferencesJdbc
심각: The web application [] registered the JDBC driver [org.mariadb.jdbc.Driver] but failed to unregister it when the web application was stopped. To prevent a memory leak, the JDBC Driver has been forcibly unregistered.
9월 12, 2023 11:28:24 오전 org.apache.catalina.loader.WebappClassLoaderBase clearReferencesJdbc
심각: The web application [] registered the JDBC driver [net.sf.log4jdbc.DriverSpy] but failed to unregister it when the web application was stopped. To prevent a memory leak, the JDBC Driver has been forcibly unregistered.
9월 12, 2023 11:28:24 오전 org.apache.catalina.loader.WebappClassLoaderBase clearReferencesThreads
심각: The web application [] appears to have started a thread named [java-sdk-http-connection-reaper] but has failed to stop it. This is very likely to create a memory leak.
9월 12, 2023 11:28:35 오전 org.apache.catalina.startup.HostConfig deployWAR
정보: Deploying web application archive C:\WAS\SEMS_MOBILE\webapps\ROOT.war
9월 12, 2023 11:28:51 오전 org.apache.catalina.startup.TldConfig execute
정보: At least one JAR was scanned for TLDs yet contained no TLDs. Enable debug logging for this logger for a complete list of JARs that were scanned but no TLDs were found in them. Skipping unneeded JARs during scanning can improve startup time and JSP compilation time.
9월 12, 2023 11:28:57 오전 org.apache.catalina.startup.HostConfig deployWAR
정보: Deployment of web application archive C:\WAS\SEMS_MOBILE\webapps\ROOT.war has finished in 21,771 ms
9월 12, 2023 8:59:27 오후 org.apache.catalina.realm.LockOutRealm authenticate
경고: An attempt was made to authenticate the locked user "root"
9월 14, 2023 12:11:20 오후 org.apache.catalina.realm.LockOutRealm authenticate
경고: An attempt was made to authenticate the locked user "root"
9월 16, 2023 3:41:41 오전 org.apache.catalina.realm.LockOutRealm authenticate
경고: An attempt was made to authenticate the locked user "root"
9월 17, 2023 6:57:00 오후 org.apache.catalina.realm.LockOutRealm authenticate
경고: An attempt was made to authenticate the locked user "root"
9월 19, 2023 9:45:44 오전 org.apache.catalina.realm.LockOutRealm authenticate
경고: An attempt was made to authenticate the locked user "root"
9월 21, 2023 1:07:27 오전 org.apache.catalina.realm.LockOutRealm authenticate
경고: An attempt was made to authenticate the locked user "root"
9월 21, 2023 11:54:21 오전 org.apache.coyote.http11.AbstractHttp11Processor process
정보: Error parsing HTTP request header
 Note: further occurrences of HTTP header parsing errors will be logged at DEBUG level.
java.lang.IllegalArgumentException: Invalid character (CR or LF) found in method name
	at org.apache.coyote.http11.InternalInputBuffer.parseRequestLine(InternalInputBuffer.java:131)
	at org.apache.coyote.http11.AbstractHttp11Processor.process(AbstractHttp11Processor.java:992)
	at org.apache.coyote.AbstractProtocol$AbstractConnectionHandler.process(AbstractProtocol.java:625)
	at org.apache.tomcat.util.net.JIoEndpoint$SocketProcessor.run(JIoEndpoint.java:316)
	at java.util.concurrent.ThreadPoolExecutor.runWorker(ThreadPoolExecutor.java:1149)
	at java.util.concurrent.ThreadPoolExecutor$Worker.run(ThreadPoolExecutor.java:624)
	at org.apache.tomcat.util.threads.TaskThread$WrappingRunnable.run(TaskThread.java:61)
	at java.lang.Thread.run(Thread.java:748)

9월 22, 2023 4:29:40 오후 org.apache.catalina.realm.LockOutRealm authenticate
경고: An attempt was made to authenticate the locked user "root"
9월 24, 2023 7:57:31 오전 org.apache.catalina.realm.LockOutRealm authenticate
경고: An attempt was made to authenticate the locked user "root"
9월 25, 2023 11:07:59 오후 org.apache.catalina.realm.LockOutRealm authenticate
경고: An attempt was made to authenticate the locked user "root"
9월 26, 2023 3:50:18 오후 org.apache.catalina.startup.HostConfig undeploy
정보: Undeploying context [/230828]
9월 26, 2023 3:50:19 오후 org.apache.catalina.startup.HostConfig undeploy
정보: Undeploying context [/230818]
9월 26, 2023 3:50:19 오후 org.apache.catalina.startup.HostConfig undeploy
정보: Undeploying context [/230808]
9월 26, 2023 3:50:20 오후 org.apache.catalina.startup.HostConfig undeploy
정보: Undeploying context [/230828-2]
9월 27, 2023 2:03:31 오후 org.apache.catalina.realm.LockOutRealm authenticate
경고: An attempt was made to authenticate the locked user "root"
9월 29, 2023 5:59:17 오전 org.apache.catalina.realm.LockOutRealm authenticate
경고: An attempt was made to authenticate the locked user "root"
9월 29, 2023 6:39:11 오후 org.apache.coyote.http11.AbstractHttp11Processor process
정보: Error parsing HTTP request header
 Note: further occurrences of HTTP header parsing errors will be logged at DEBUG level.
java.lang.IllegalArgumentException: Invalid character (CR or LF) found in method name
	at org.apache.coyote.http11.InternalInputBuffer.parseRequestLine(InternalInputBuffer.java:131)
	at org.apache.coyote.http11.AbstractHttp11Processor.process(AbstractHttp11Processor.java:992)
	at org.apache.coyote.AbstractProtocol$AbstractConnectionHandler.process(AbstractProtocol.java:625)
	at org.apache.tomcat.util.net.JIoEndpoint$SocketProcessor.run(JIoEndpoint.java:316)
	at java.util.concurrent.ThreadPoolExecutor.runWorker(ThreadPoolExecutor.java:1149)
	at java.util.concurrent.ThreadPoolExecutor$Worker.run(ThreadPoolExecutor.java:624)
	at org.apache.tomcat.util.threads.TaskThread$WrappingRunnable.run(TaskThread.java:61)
	at java.lang.Thread.run(Thread.java:748)

9월 30, 2023 9:54:25 오후 org.apache.catalina.realm.LockOutRealm authenticate
경고: An attempt was made to authenticate the locked user "root"
10월 02, 2023 12:55:26 오후 org.apache.catalina.realm.LockOutRealm authenticate
경고: An attempt was made to authenticate the locked user "root"
10월 04, 2023 3:54:26 오전 org.apache.catalina.realm.LockOutRealm authenticate
경고: An attempt was made to authenticate the locked user "root"
10월 05, 2023 6:19:30 오후 org.apache.catalina.realm.LockOutRealm authenticate
경고: An attempt was made to authenticate the locked user "root"
10월 07, 2023 9:35:13 오전 org.apache.catalina.realm.LockOutRealm authenticate
경고: An attempt was made to authenticate the locked user "root"
10월 09, 2023 12:07:53 오전 org.apache.catalina.realm.LockOutRealm authenticate
경고: An attempt was made to authenticate the locked user "root"
10월 10, 2023 3:42:03 오후 org.apache.catalina.realm.LockOutRealm authenticate
경고: An attempt was made to authenticate the locked user "root"
10월 12, 2023 6:43:22 오전 org.apache.catalina.realm.LockOutRealm authenticate
경고: An attempt was made to authenticate the locked user "root"
10월 13, 2023 9:39:43 오후 org.apache.catalina.realm.LockOutRealm authenticate
경고: An attempt was made to authenticate the locked user "root"
10월 15, 2023 1:21:34 오후 org.apache.catalina.realm.LockOutRealm authenticate
경고: An attempt was made to authenticate the locked user "root"
10월 18, 2023 1:55:20 오후 org.apache.catalina.startup.HostConfig deployDirectory
정보: Deploying web application directory C:\WAS\SEMS_MOBILE\webapps\새 폴더
10월 18, 2023 1:55:20 오후 org.apache.catalina.startup.HostConfig deployDirectory
정보: Deployment of web application directory C:\WAS\SEMS_MOBILE\webapps\새 폴더 has finished in 70 ms
10월 18, 2023 1:55:31 오후 org.apache.catalina.startup.HostConfig undeploy
정보: Undeploying context []
10월 18, 2023 1:55:31 오후 org.apache.catalina.loader.WebappClassLoaderBase clearReferencesJdbc
심각: The web application [] registered the JDBC driver [org.mariadb.jdbc.Driver] but failed to unregister it when the web application was stopped. To prevent a memory leak, the JDBC Driver has been forcibly unregistered.
10월 18, 2023 1:55:31 오후 org.apache.catalina.loader.WebappClassLoaderBase clearReferencesJdbc
심각: The web application [] registered the JDBC driver [net.sf.log4jdbc.DriverSpy] but failed to unregister it when the web application was stopped. To prevent a memory leak, the JDBC Driver has been forcibly unregistered.
10월 18, 2023 1:55:32 오후 org.apache.catalina.startup.HostConfig undeploy
정보: Undeploying context [/새 폴더]
10월 18, 2023 1:55:33 오후 org.apache.catalina.startup.HostConfig undeploy
정보: Undeploying context [/230830]
10월 18, 2023 1:55:33 오후 org.apache.catalina.startup.HostConfig deployDirectory
정보: Deploying web application directory C:\WAS\SEMS_MOBILE\webapps\231018
10월 18, 2023 1:55:33 오후 org.apache.catalina.startup.HostConfig deployDirectory
정보: Deployment of web application directory C:\WAS\SEMS_MOBILE\webapps\231018 has finished in 42 ms
10월 18, 2023 1:55:43 오후 org.apache.catalina.startup.HostConfig deployWAR
정보: Deploying web application archive C:\WAS\SEMS_MOBILE\webapps\ROOT.war
10월 18, 2023 1:55:55 오후 org.apache.catalina.startup.TldConfig execute
정보: At least one JAR was scanned for TLDs yet contained no TLDs. Enable debug logging for this logger for a complete list of JARs that were scanned but no TLDs were found in them. Skipping unneeded JARs during scanning can improve startup time and JSP compilation time.
10월 18, 2023 1:56:00 오후 org.apache.catalina.startup.HostConfig deployWAR
정보: Deployment of web application archive C:\WAS\SEMS_MOBILE\webapps\ROOT.war has finished in 16,975 ms
10월 18, 2023 2:04:00 오후 org.apache.catalina.startup.HostConfig deployDirectory
정보: Deploying web application directory C:\WAS\SEMS_MOBILE\webapps\231018_2
10월 18, 2023 2:04:00 오후 org.apache.catalina.startup.HostConfig deployDirectory
정보: Deployment of web application directory C:\WAS\SEMS_MOBILE\webapps\231018_2 has finished in 45 ms
10월 18, 2023 2:04:11 오후 org.apache.catalina.startup.HostConfig undeploy
정보: Undeploying context []
10월 18, 2023 2:04:11 오후 org.apache.catalina.loader.WebappClassLoaderBase clearReferencesJdbc
심각: The web application [] registered the JDBC driver [org.mariadb.jdbc.Driver] but failed to unregister it when the web application was stopped. To prevent a memory leak, the JDBC Driver has been forcibly unregistered.
10월 18, 2023 2:04:11 오후 org.apache.catalina.loader.WebappClassLoaderBase clearReferencesJdbc
심각: The web application [] registered the JDBC driver [net.sf.log4jdbc.DriverSpy] but failed to unregister it when the web application was stopped. To prevent a memory leak, the JDBC Driver has been forcibly unregistered.
10월 18, 2023 2:04:21 오후 org.apache.catalina.startup.HostConfig deployWAR
정보: Deploying web application archive C:\WAS\SEMS_MOBILE\webapps\ROOT.war
10월 18, 2023 2:04:38 오후 org.apache.catalina.startup.TldConfig execute
정보: At least one JAR was scanned for TLDs yet contained no TLDs. Enable debug logging for this logger for a complete list of JARs that were scanned but no TLDs were found in them. Skipping unneeded JARs during scanning can improve startup time and JSP compilation time.
10월 18, 2023 2:04:43 오후 org.apache.catalina.startup.HostConfig deployWAR
정보: Deployment of web application archive C:\WAS\SEMS_MOBILE\webapps\ROOT.war has finished in 21,383 ms
10월 18, 2023 2:06:53 오후 org.apache.catalina.startup.HostConfig undeploy
정보: Undeploying context []
10월 18, 2023 2:06:53 오후 org.apache.catalina.loader.WebappClassLoaderBase clearReferencesJdbc
심각: The web application [] registered the JDBC driver [org.mariadb.jdbc.Driver] but failed to unregister it when the web application was stopped. To prevent a memory leak, the JDBC Driver has been forcibly unregistered.
10월 18, 2023 2:06:53 오후 org.apache.catalina.loader.WebappClassLoaderBase clearReferencesJdbc
심각: The web application [] registered the JDBC driver [net.sf.log4jdbc.DriverSpy] but failed to unregister it when the web application was stopped. To prevent a memory leak, the JDBC Driver has been forcibly unregistered.
10월 18, 2023 2:07:04 오후 org.apache.catalina.startup.HostConfig deployWAR
정보: Deploying web application archive C:\WAS\SEMS_MOBILE\webapps\ROOT.war
10월 18, 2023 2:07:21 오후 org.apache.catalina.startup.TldConfig execute
정보: At least one JAR was scanned for TLDs yet contained no TLDs. Enable debug logging for this logger for a complete list of JARs that were scanned but no TLDs were found in them. Skipping unneeded JARs during scanning can improve startup time and JSP compilation time.
10월 18, 2023 2:07:26 오후 org.apache.catalina.startup.HostConfig deployWAR
정보: Deployment of web application archive C:\WAS\SEMS_MOBILE\webapps\ROOT.war has finished in 21,700 ms
10월 19, 2023 2:15:34 오전 org.apache.catalina.realm.LockOutRealm authenticate
경고: An attempt was made to authenticate the locked user "root"
10월 19, 2023 10:09:21 오전 org.apache.catalina.startup.HostConfig undeploy
정보: Undeploying context []
10월 19, 2023 10:09:21 오전 org.apache.catalina.loader.WebappClassLoaderBase clearReferencesJdbc
심각: The web application [] registered the JDBC driver [org.mariadb.jdbc.Driver] but failed to unregister it when the web application was stopped. To prevent a memory leak, the JDBC Driver has been forcibly unregistered.
10월 19, 2023 10:09:21 오전 org.apache.catalina.loader.WebappClassLoaderBase clearReferencesJdbc
심각: The web application [] registered the JDBC driver [net.sf.log4jdbc.DriverSpy] but failed to unregister it when the web application was stopped. To prevent a memory leak, the JDBC Driver has been forcibly unregistered.
10월 19, 2023 10:09:32 오전 org.apache.catalina.startup.HostConfig deployWAR
정보: Deploying web application archive C:\WAS\SEMS_MOBILE\webapps\ROOT.war
10월 19, 2023 10:09:48 오전 org.apache.catalina.startup.TldConfig execute
정보: At least one JAR was scanned for TLDs yet contained no TLDs. Enable debug logging for this logger for a complete list of JARs that were scanned but no TLDs were found in them. Skipping unneeded JARs during scanning can improve startup time and JSP compilation time.
10월 19, 2023 10:09:53 오전 org.apache.catalina.startup.HostConfig deployWAR
정보: Deployment of web application archive C:\WAS\SEMS_MOBILE\webapps\ROOT.war has finished in 21,467 ms
10월 19, 2023 10:13:54 오전 org.apache.catalina.startup.HostConfig undeploy
정보: Undeploying context []
10월 19, 2023 10:13:54 오전 org.apache.catalina.loader.WebappClassLoaderBase clearReferencesJdbc
심각: The web application [] registered the JDBC driver [org.mariadb.jdbc.Driver] but failed to unregister it when the web application was stopped. To prevent a memory leak, the JDBC Driver has been forcibly unregistered.
10월 19, 2023 10:13:54 오전 org.apache.catalina.loader.WebappClassLoaderBase clearReferencesJdbc
심각: The web application [] registered the JDBC driver [net.sf.log4jdbc.DriverSpy] but failed to unregister it when the web application was stopped. To prevent a memory leak, the JDBC Driver has been forcibly unregistered.
10월 19, 2023 10:14:05 오전 org.apache.catalina.startup.HostConfig deployWAR
정보: Deploying web application archive C:\WAS\SEMS_MOBILE\webapps\ROOT.war
10월 19, 2023 10:14:18 오전 org.apache.catalina.startup.TldConfig execute
정보: At least one JAR was scanned for TLDs yet contained no TLDs. Enable debug logging for this logger for a complete list of JARs that were scanned but no TLDs were found in them. Skipping unneeded JARs during scanning can improve startup time and JSP compilation time.
10월 19, 2023 10:14:24 오전 org.apache.catalina.startup.HostConfig deployWAR
정보: Deployment of web application archive C:\WAS\SEMS_MOBILE\webapps\ROOT.war has finished in 19,064 ms
10월 19, 2023 9:20:29 오후 org.apache.catalina.realm.LockOutRealm authenticate
경고: An attempt was made to authenticate the locked user "root"
10월 21, 2023 2:28:34 오전 org.apache.catalina.realm.LockOutRealm authenticate
경고: An attempt was made to authenticate the locked user "root"
10월 21, 2023 9:21:15 오후 org.apache.catalina.realm.LockOutRealm authenticate
경고: An attempt was made to authenticate the locked user "tomcat"
10월 21, 2023 9:21:46 오후 org.apache.catalina.realm.LockOutRealm authenticate
경고: An attempt was made to authenticate the locked user "tomcat"
10월 21, 2023 9:22:17 오후 org.apache.catalina.realm.LockOutRealm authenticate
경고: An attempt was made to authenticate the locked user "tomcat"
10월 21, 2023 9:22:49 오후 org.apache.catalina.realm.LockOutRealm authenticate
경고: An attempt was made to authenticate the locked user "tomcat"
10월 21, 2023 9:23:20 오후 org.apache.catalina.realm.LockOutRealm authenticate
경고: An attempt was made to authenticate the locked user "tomcat"
10월 21, 2023 9:23:51 오후 org.apache.catalina.realm.LockOutRealm authenticate
경고: An attempt was made to authenticate the locked user "tomcat"
10월 21, 2023 9:24:23 오후 org.apache.catalina.realm.LockOutRealm authenticate
경고: An attempt was made to authenticate the locked user "tomcat"
10월 21, 2023 9:24:54 오후 org.apache.catalina.realm.LockOutRealm authenticate
경고: An attempt was made to authenticate the locked user "tomcat"
10월 21, 2023 9:25:26 오후 org.apache.catalina.realm.LockOutRealm authenticate
경고: An attempt was made to authenticate the locked user "tomcat"
10월 21, 2023 9:25:57 오후 org.apache.catalina.realm.LockOutRealm authenticate
경고: An attempt was made to authenticate the locked user "tomcat"
10월 21, 2023 9:26:28 오후 org.apache.catalina.realm.LockOutRealm authenticate
경고: An attempt was made to authenticate the locked user "tomcat"
10월 21, 2023 9:30:49 오후 org.apache.catalina.realm.LockOutRealm authenticate
경고: An attempt was made to authenticate the locked user "tomcat"
10월 21, 2023 9:38:48 오후 org.apache.catalina.realm.LockOutRealm authenticate
경고: An attempt was made to authenticate the locked user "tomcat"
10월 21, 2023 9:39:20 오후 org.apache.catalina.realm.LockOutRealm authenticate
경고: An attempt was made to authenticate the locked user "tomcat"
10월 21, 2023 9:39:51 오후 org.apache.catalina.realm.LockOutRealm authenticate
경고: An attempt was made to authenticate the locked user "tomcat"
10월 21, 2023 9:40:22 오후 org.apache.catalina.realm.LockOutRealm authenticate
경고: An attempt was made to authenticate the locked user "tomcat"
10월 21, 2023 9:40:54 오후 org.apache.catalina.realm.LockOutRealm authenticate
경고: An attempt was made to authenticate the locked user "tomcat"
10월 21, 2023 9:41:25 오후 org.apache.catalina.realm.LockOutRealm authenticate
경고: An attempt was made to authenticate the locked user "tomcat"
10월 21, 2023 9:41:57 오후 org.apache.catalina.realm.LockOutRealm authenticate
경고: An attempt was made to authenticate the locked user "tomcat"
10월 21, 2023 9:42:28 오후 org.apache.catalina.realm.LockOutRealm authenticate
경고: An attempt was made to authenticate the locked user "tomcat"
10월 21, 2023 9:42:59 오후 org.apache.catalina.realm.LockOutRealm authenticate
경고: An attempt was made to authenticate the locked user "tomcat"
10월 21, 2023 9:43:31 오후 org.apache.catalina.realm.LockOutRealm authenticate
경고: An attempt was made to authenticate the locked user "tomcat"
10월 21, 2023 9:44:02 오후 org.apache.catalina.realm.LockOutRealm authenticate
경고: An attempt was made to authenticate the locked user "tomcat"
10월 21, 2023 9:44:34 오후 org.apache.catalina.realm.LockOutRealm authenticate
경고: An attempt was made to authenticate the locked user "tomcat"
10월 21, 2023 9:45:05 오후 org.apache.catalina.realm.LockOutRealm authenticate
경고: An attempt was made to authenticate the locked user "tomcat"
10월 21, 2023 9:45:36 오후 org.apache.catalina.realm.LockOutRealm authenticate
경고: An attempt was made to authenticate the locked user "tomcat"
10월 21, 2023 9:46:08 오후 org.apache.catalina.realm.LockOutRealm authenticate
경고: An attempt was made to authenticate the locked user "tomcat"
10월 21, 2023 9:49:15 오후 org.apache.catalina.realm.LockOutRealm authenticate
경고: An attempt was made to authenticate the locked user "admin"
10월 21, 2023 9:49:46 오후 org.apache.catalina.realm.LockOutRealm authenticate
경고: An attempt was made to authenticate the locked user "admin"
10월 21, 2023 9:50:17 오후 org.apache.catalina.realm.LockOutRealm authenticate
경고: An attempt was made to authenticate the locked user "admin"
10월 21, 2023 9:50:48 오후 org.apache.catalina.realm.LockOutRealm authenticate
경고: An attempt was made to authenticate the locked user "admin"
10월 21, 2023 9:51:19 오후 org.apache.catalina.realm.LockOutRealm authenticate
경고: An attempt was made to authenticate the locked user "admin"
10월 21, 2023 9:51:50 오후 org.apache.catalina.realm.LockOutRealm authenticate
경고: An attempt was made to authenticate the locked user "admin"
10월 21, 2023 9:52:21 오후 org.apache.catalina.realm.LockOutRealm authenticate
경고: An attempt was made to authenticate the locked user "admin"
10월 21, 2023 9:52:53 오후 org.apache.catalina.realm.LockOutRealm authenticate
경고: An attempt was made to authenticate the locked user "admin"
10월 21, 2023 9:53:24 오후 org.apache.catalina.realm.LockOutRealm authenticate
경고: An attempt was made to authenticate the locked user "admin"
10월 21, 2023 9:53:55 오후 org.apache.catalina.realm.LockOutRealm authenticate
경고: An attempt was made to authenticate the locked user "admin"
10월 21, 2023 9:54:26 오후 org.apache.catalina.realm.LockOutRealm authenticate
경고: An attempt was made to authenticate the locked user "admin"
10월 21, 2023 9:54:57 오후 org.apache.catalina.realm.LockOutRealm authenticate
경고: An attempt was made to authenticate the locked user "admin"
10월 21, 2023 9:55:28 오후 org.apache.catalina.realm.LockOutRealm authenticate
경고: An attempt was made to authenticate the locked user "admin"
10월 21, 2023 9:55:59 오후 org.apache.catalina.realm.LockOutRealm authenticate
경고: An attempt was made to authenticate the locked user "admin"
10월 21, 2023 9:56:30 오후 org.apache.catalina.realm.LockOutRealm authenticate
경고: An attempt was made to authenticate the locked user "admin"
10월 21, 2023 9:57:02 오후 org.apache.catalina.realm.LockOutRealm authenticate
경고: An attempt was made to authenticate the locked user "admin"
10월 21, 2023 9:57:34 오후 org.apache.catalina.realm.LockOutRealm authenticate
경고: An attempt was made to authenticate the locked user "admin"
10월 21, 2023 9:58:05 오후 org.apache.catalina.realm.LockOutRealm authenticate
경고: An attempt was made to authenticate the locked user "admin"
10월 21, 2023 9:58:37 오후 org.apache.catalina.realm.LockOutRealm authenticate
경고: An attempt was made to authenticate the locked user "admin"
10월 21, 2023 9:59:08 오후 org.apache.catalina.realm.LockOutRealm authenticate
경고: An attempt was made to authenticate the locked user "admin"
10월 21, 2023 9:59:39 오후 org.apache.catalina.realm.LockOutRealm authenticate
경고: An attempt was made to authenticate the locked user "admin"
10월 21, 2023 10:00:11 오후 org.apache.catalina.realm.LockOutRealm authenticate
경고: An attempt was made to authenticate the locked user "admin"
10월 21, 2023 10:00:42 오후 org.apache.catalina.realm.LockOutRealm authenticate
경고: An attempt was made to authenticate the locked user "admin"
10월 21, 2023 10:01:13 오후 org.apache.catalina.realm.LockOutRealm authenticate
경고: An attempt was made to authenticate the locked user "admin"
10월 21, 2023 10:01:45 오후 org.apache.catalina.realm.LockOutRealm authenticate
경고: An attempt was made to authenticate the locked user "admin"
10월 21, 2023 10:02:16 오후 org.apache.catalina.realm.LockOutRealm authenticate
경고: An attempt was made to authenticate the locked user "admin"
10월 21, 2023 10:02:48 오후 org.apache.catalina.realm.LockOutRealm authenticate
경고: An attempt was made to authenticate the locked user "admin"
10월 21, 2023 10:03:20 오후 org.apache.catalina.realm.LockOutRealm authenticate
경고: An attempt was made to authenticate the locked user "admin"
10월 21, 2023 10:03:51 오후 org.apache.catalina.realm.LockOutRealm authenticate
경고: An attempt was made to authenticate the locked user "admin"
10월 21, 2023 10:04:23 오후 org.apache.catalina.realm.LockOutRealm authenticate
경고: An attempt was made to authenticate the locked user "admin"
10월 21, 2023 10:04:54 오후 org.apache.catalina.realm.LockOutRealm authenticate
경고: An attempt was made to authenticate the locked user "admin"
10월 21, 2023 10:05:26 오후 org.apache.catalina.realm.LockOutRealm authenticate
경고: An attempt was made to authenticate the locked user "admin"
10월 21, 2023 10:08:02 오후 org.apache.catalina.realm.LockOutRealm authenticate
경고: An attempt was made to authenticate the locked user "root"
10월 21, 2023 10:08:33 오후 org.apache.catalina.realm.LockOutRealm authenticate
경고: An attempt was made to authenticate the locked user "root"
10월 21, 2023 10:09:04 오후 org.apache.catalina.realm.LockOutRealm authenticate
경고: An attempt was made to authenticate the locked user "root"
10월 21, 2023 10:09:35 오후 org.apache.catalina.realm.LockOutRealm authenticate
경고: An attempt was made to authenticate the locked user "root"
10월 21, 2023 10:10:06 오후 org.apache.catalina.realm.LockOutRealm authenticate
경고: An attempt was made to authenticate the locked user "root"
10월 21, 2023 10:10:38 오후 org.apache.catalina.realm.LockOutRealm authenticate
경고: An attempt was made to authenticate the locked user "root"
10월 21, 2023 10:11:09 오후 org.apache.catalina.realm.LockOutRealm authenticate
경고: An attempt was made to authenticate the locked user "root"
10월 21, 2023 10:11:40 오후 org.apache.catalina.realm.LockOutRealm authenticate
경고: An attempt was made to authenticate the locked user "root"
10월 21, 2023 10:12:11 오후 org.apache.catalina.realm.LockOutRealm authenticate
경고: An attempt was made to authenticate the locked user "root"
10월 21, 2023 10:12:43 오후 org.apache.catalina.realm.LockOutRealm authenticate
경고: An attempt was made to authenticate the locked user "root"
10월 21, 2023 10:13:14 오후 org.apache.catalina.realm.LockOutRealm authenticate
경고: An attempt was made to authenticate the locked user "root"
10월 21, 2023 10:13:45 오후 org.apache.catalina.realm.LockOutRealm authenticate
경고: An attempt was made to authenticate the locked user "root"
10월 21, 2023 10:14:16 오후 org.apache.catalina.realm.LockOutRealm authenticate
경고: An attempt was made to authenticate the locked user "root"
10월 21, 2023 10:14:47 오후 org.apache.catalina.realm.LockOutRealm authenticate
경고: An attempt was made to authenticate the locked user "root"
10월 21, 2023 10:15:19 오후 org.apache.catalina.realm.LockOutRealm authenticate
경고: An attempt was made to authenticate the locked user "root"
10월 21, 2023 10:15:50 오후 org.apache.catalina.realm.LockOutRealm authenticate
경고: An attempt was made to authenticate the locked user "root"
10월 21, 2023 10:16:21 오후 org.apache.catalina.realm.LockOutRealm authenticate
경고: An attempt was made to authenticate the locked user "root"
10월 21, 2023 10:16:52 오후 org.apache.catalina.realm.LockOutRealm authenticate
경고: An attempt was made to authenticate the locked user "root"
10월 21, 2023 10:17:23 오후 org.apache.catalina.realm.LockOutRealm authenticate
경고: An attempt was made to authenticate the locked user "root"
10월 21, 2023 10:17:54 오후 org.apache.catalina.realm.LockOutRealm authenticate
경고: An attempt was made to authenticate the locked user "root"
10월 21, 2023 10:18:26 오후 org.apache.catalina.realm.LockOutRealm authenticate
경고: An attempt was made to authenticate the locked user "root"
10월 21, 2023 10:18:57 오후 org.apache.catalina.realm.LockOutRealm authenticate
경고: An attempt was made to authenticate the locked user "root"
10월 21, 2023 10:19:28 오후 org.apache.catalina.realm.LockOutRealm authenticate
경고: An attempt was made to authenticate the locked user "root"
10월 21, 2023 10:20:00 오후 org.apache.catalina.realm.LockOutRealm authenticate
경고: An attempt was made to authenticate the locked user "root"
10월 21, 2023 10:20:31 오후 org.apache.catalina.realm.LockOutRealm authenticate
경고: An attempt was made to authenticate the locked user "root"
10월 21, 2023 10:21:03 오후 org.apache.catalina.realm.LockOutRealm authenticate
경고: An attempt was made to authenticate the locked user "root"
10월 21, 2023 10:21:35 오후 org.apache.catalina.realm.LockOutRealm authenticate
경고: An attempt was made to authenticate the locked user "root"
10월 21, 2023 10:22:06 오후 org.apache.catalina.realm.LockOutRealm authenticate
경고: An attempt was made to authenticate the locked user "root"
10월 21, 2023 10:22:37 오후 org.apache.catalina.realm.LockOutRealm authenticate
경고: An attempt was made to authenticate the locked user "root"
10월 21, 2023 10:23:08 오후 org.apache.catalina.realm.LockOutRealm authenticate
경고: An attempt was made to authenticate the locked user "root"
10월 21, 2023 10:23:40 오후 org.apache.catalina.realm.LockOutRealm authenticate
경고: An attempt was made to authenticate the locked user "root"
10월 21, 2023 10:24:12 오후 org.apache.catalina.realm.LockOutRealm authenticate
경고: An attempt was made to authenticate the locked user "root"
10월 21, 2023 10:24:42 오후 org.apache.catalina.realm.LockOutRealm authenticate
경고: An attempt was made to authenticate the locked user "root"
10월 21, 2023 10:27:18 오후 org.apache.catalina.realm.LockOutRealm authenticate
경고: An attempt was made to authenticate the locked user "manager"
10월 21, 2023 10:27:49 오후 org.apache.catalina.realm.LockOutRealm authenticate
경고: An attempt was made to authenticate the locked user "manager"
10월 21, 2023 10:28:20 오후 org.apache.catalina.realm.LockOutRealm authenticate
경고: An attempt was made to authenticate the locked user "manager"
10월 21, 2023 10:28:51 오후 org.apache.catalina.realm.LockOutRealm authenticate
경고: An attempt was made to authenticate the locked user "manager"
10월 21, 2023 10:29:22 오후 org.apache.catalina.realm.LockOutRealm authenticate
경고: An attempt was made to authenticate the locked user "manager"
10월 21, 2023 10:29:54 오후 org.apache.catalina.realm.LockOutRealm authenticate
경고: An attempt was made to authenticate the locked user "manager"
10월 21, 2023 10:30:25 오후 org.apache.catalina.realm.LockOutRealm authenticate
경고: An attempt was made to authenticate the locked user "manager"
10월 21, 2023 10:30:56 오후 org.apache.catalina.realm.LockOutRealm authenticate
경고: An attempt was made to authenticate the locked user "manager"
10월 21, 2023 10:31:28 오후 org.apache.catalina.realm.LockOutRealm authenticate
경고: An attempt was made to authenticate the locked user "manager"
10월 21, 2023 10:32:00 오후 org.apache.catalina.realm.LockOutRealm authenticate
경고: An attempt was made to authenticate the locked user "manager"
10월 21, 2023 10:32:32 오후 org.apache.catalina.realm.LockOutRealm authenticate
경고: An attempt was made to authenticate the locked user "manager"
10월 21, 2023 10:33:03 오후 org.apache.catalina.realm.LockOutRealm authenticate
경고: An attempt was made to authenticate the locked user "manager"
10월 21, 2023 10:33:34 오후 org.apache.catalina.realm.LockOutRealm authenticate
경고: An attempt was made to authenticate the locked user "manager"
10월 21, 2023 10:34:06 오후 org.apache.catalina.realm.LockOutRealm authenticate
경고: An attempt was made to authenticate the locked user "manager"
10월 21, 2023 10:34:37 오후 org.apache.catalina.realm.LockOutRealm authenticate
경고: An attempt was made to authenticate the locked user "manager"
10월 21, 2023 10:35:08 오후 org.apache.catalina.realm.LockOutRealm authenticate
경고: An attempt was made to authenticate the locked user "manager"
10월 21, 2023 10:35:39 오후 org.apache.catalina.realm.LockOutRealm authenticate
경고: An attempt was made to authenticate the locked user "manager"
10월 21, 2023 10:36:10 오후 org.apache.catalina.realm.LockOutRealm authenticate
경고: An attempt was made to authenticate the locked user "manager"
10월 21, 2023 10:36:41 오후 org.apache.catalina.realm.LockOutRealm authenticate
경고: An attempt was made to authenticate the locked user "manager"
10월 21, 2023 10:37:12 오후 org.apache.catalina.realm.LockOutRealm authenticate
경고: An attempt was made to authenticate the locked user "manager"
10월 21, 2023 10:37:43 오후 org.apache.catalina.realm.LockOutRealm authenticate
경고: An attempt was made to authenticate the locked user "manager"
10월 21, 2023 10:38:15 오후 org.apache.catalina.realm.LockOutRealm authenticate
경고: An attempt was made to authenticate the locked user "manager"
10월 21, 2023 10:38:45 오후 org.apache.catalina.realm.LockOutRealm authenticate
경고: An attempt was made to authenticate the locked user "manager"
10월 21, 2023 10:39:16 오후 org.apache.catalina.realm.LockOutRealm authenticate
경고: An attempt was made to authenticate the locked user "manager"
10월 21, 2023 10:39:47 오후 org.apache.catalina.realm.LockOutRealm authenticate
경고: An attempt was made to authenticate the locked user "manager"
10월 21, 2023 10:40:18 오후 org.apache.catalina.realm.LockOutRealm authenticate
경고: An attempt was made to authenticate the locked user "manager"
10월 21, 2023 10:40:49 오후 org.apache.catalina.realm.LockOutRealm authenticate
경고: An attempt was made to authenticate the locked user "manager"
10월 21, 2023 10:41:20 오후 org.apache.catalina.realm.LockOutRealm authenticate
경고: An attempt was made to authenticate the locked user "manager"
10월 21, 2023 10:41:52 오후 org.apache.catalina.realm.LockOutRealm authenticate
경고: An attempt was made to authenticate the locked user "manager"
10월 21, 2023 10:42:24 오후 org.apache.catalina.realm.LockOutRealm authenticate
경고: An attempt was made to authenticate the locked user "manager"
10월 21, 2023 10:42:55 오후 org.apache.catalina.realm.LockOutRealm authenticate
경고: An attempt was made to authenticate the locked user "manager"
10월 21, 2023 10:43:27 오후 org.apache.catalina.realm.LockOutRealm authenticate
경고: An attempt was made to authenticate the locked user "manager"
10월 21, 2023 10:43:59 오후 org.apache.catalina.realm.LockOutRealm authenticate
경고: An attempt was made to authenticate the locked user "manager"
10월 21, 2023 10:46:50 오후 org.apache.catalina.realm.LockOutRealm authenticate
경고: An attempt was made to authenticate the locked user "manager"
10월 21, 2023 10:47:09 오후 org.apache.catalina.realm.LockOutRealm authenticate
경고: An attempt was made to authenticate the locked user "both"
10월 21, 2023 10:47:40 오후 org.apache.catalina.realm.LockOutRealm authenticate
경고: An attempt was made to authenticate the locked user "both"
10월 21, 2023 10:48:11 오후 org.apache.catalina.realm.LockOutRealm authenticate
경고: An attempt was made to authenticate the locked user "both"
10월 21, 2023 10:48:42 오후 org.apache.catalina.realm.LockOutRealm authenticate
경고: An attempt was made to authenticate the locked user "both"
10월 21, 2023 10:49:13 오후 org.apache.catalina.realm.LockOutRealm authenticate
경고: An attempt was made to authenticate the locked user "both"
10월 21, 2023 10:49:44 오후 org.apache.catalina.realm.LockOutRealm authenticate
경고: An attempt was made to authenticate the locked user "both"
10월 21, 2023 10:50:15 오후 org.apache.catalina.realm.LockOutRealm authenticate
경고: An attempt was made to authenticate the locked user "both"
10월 21, 2023 10:50:46 오후 org.apache.catalina.realm.LockOutRealm authenticate
경고: An attempt was made to authenticate the locked user "both"
10월 21, 2023 10:51:17 오후 org.apache.catalina.realm.LockOutRealm authenticate
경고: An attempt was made to authenticate the locked user "both"
10월 21, 2023 10:51:48 오후 org.apache.catalina.realm.LockOutRealm authenticate
경고: An attempt was made to authenticate the locked user "both"
10월 21, 2023 10:52:19 오후 org.apache.catalina.realm.LockOutRealm authenticate
경고: An attempt was made to authenticate the locked user "both"
10월 21, 2023 10:52:49 오후 org.apache.catalina.realm.LockOutRealm authenticate
경고: An attempt was made to authenticate the locked user "both"
10월 21, 2023 10:53:20 오후 org.apache.catalina.realm.LockOutRealm authenticate
경고: An attempt was made to authenticate the locked user "both"
10월 21, 2023 10:53:51 오후 org.apache.catalina.realm.LockOutRealm authenticate
경고: An attempt was made to authenticate the locked user "both"
10월 21, 2023 10:54:22 오후 org.apache.catalina.realm.LockOutRealm authenticate
경고: An attempt was made to authenticate the locked user "both"
10월 21, 2023 10:54:53 오후 org.apache.catalina.realm.LockOutRealm authenticate
경고: An attempt was made to authenticate the locked user "both"
10월 21, 2023 10:55:24 오후 org.apache.catalina.realm.LockOutRealm authenticate
경고: An attempt was made to authenticate the locked user "both"
10월 21, 2023 10:55:55 오후 org.apache.catalina.realm.LockOutRealm authenticate
경고: An attempt was made to authenticate the locked user "both"
10월 21, 2023 10:56:26 오후 org.apache.catalina.realm.LockOutRealm authenticate
경고: An attempt was made to authenticate the locked user "both"
10월 21, 2023 10:56:57 오후 org.apache.catalina.realm.LockOutRealm authenticate
경고: An attempt was made to authenticate the locked user "both"
10월 21, 2023 10:57:29 오후 org.apache.catalina.realm.LockOutRealm authenticate
경고: An attempt was made to authenticate the locked user "both"
10월 21, 2023 10:58:00 오후 org.apache.catalina.realm.LockOutRealm authenticate
경고: An attempt was made to authenticate the locked user "both"
10월 21, 2023 10:58:32 오후 org.apache.catalina.realm.LockOutRealm authenticate
경고: An attempt was made to authenticate the locked user "both"
10월 21, 2023 10:59:03 오후 org.apache.catalina.realm.LockOutRealm authenticate
경고: An attempt was made to authenticate the locked user "both"
10월 21, 2023 10:59:34 오후 org.apache.catalina.realm.LockOutRealm authenticate
경고: An attempt was made to authenticate the locked user "both"
10월 21, 2023 11:00:05 오후 org.apache.catalina.realm.LockOutRealm authenticate
경고: An attempt was made to authenticate the locked user "both"
10월 21, 2023 11:00:36 오후 org.apache.catalina.realm.LockOutRealm authenticate
경고: An attempt was made to authenticate the locked user "both"
10월 21, 2023 11:01:08 오후 org.apache.catalina.realm.LockOutRealm authenticate
경고: An attempt was made to authenticate the locked user "both"
10월 21, 2023 11:01:39 오후 org.apache.catalina.realm.LockOutRealm authenticate
경고: An attempt was made to authenticate the locked user "both"
10월 21, 2023 11:02:11 오후 org.apache.catalina.realm.LockOutRealm authenticate
경고: An attempt was made to authenticate the locked user "both"
10월 21, 2023 11:02:42 오후 org.apache.catalina.realm.LockOutRealm authenticate
경고: An attempt was made to authenticate the locked user "both"
10월 21, 2023 11:03:15 오후 org.apache.catalina.realm.LockOutRealm authenticate
경고: An attempt was made to authenticate the locked user "both"
10월 22, 2023 4:50:33 오후 org.apache.catalina.realm.LockOutRealm authenticate
경고: An attempt was made to authenticate the locked user "admin"
10월 22, 2023 4:50:33 오후 org.apache.catalina.realm.LockOutRealm authenticate
경고: An attempt was made to authenticate the locked user "admin"
10월 22, 2023 4:50:35 오후 org.apache.catalina.realm.LockOutRealm authenticate
경고: An attempt was made to authenticate the locked user "tomcat"
10월 22, 2023 4:50:35 오후 org.apache.catalina.realm.LockOutRealm authenticate
경고: An attempt was made to authenticate the locked user "root"
10월 22, 2023 4:50:36 오후 org.apache.catalina.realm.LockOutRealm authenticate
경고: An attempt was made to authenticate the locked user "root"
10월 23, 2023 4:43:03 오후 org.apache.coyote.AbstractProtocol pause
정보: Pausing ProtocolHandler ["http-apr-9092"]
10월 23, 2023 4:43:03 오후 org.apache.coyote.AbstractProtocol pause
정보: Pausing ProtocolHandler ["http-bio-8443"]
10월 23, 2023 4:43:03 오후 org.apache.coyote.AbstractProtocol pause
정보: Pausing ProtocolHandler ["ajp-apr-9100"]
10월 23, 2023 4:43:03 오후 org.apache.catalina.core.StandardService stopInternal
정보: Stopping service Catalina
10월 23, 2023 4:43:03 오후 org.apache.catalina.loader.WebappClassLoaderBase clearReferencesJdbc
심각: The web application [] registered the JDBC driver [org.mariadb.jdbc.Driver] but failed to unregister it when the web application was stopped. To prevent a memory leak, the JDBC Driver has been forcibly unregistered.
10월 23, 2023 4:43:03 오후 org.apache.catalina.loader.WebappClassLoaderBase clearReferencesJdbc
심각: The web application [] registered the JDBC driver [net.sf.log4jdbc.DriverSpy] but failed to unregister it when the web application was stopped. To prevent a memory leak, the JDBC Driver has been forcibly unregistered.
10월 23, 2023 4:43:03 오후 org.apache.coyote.AbstractProtocol stop
정보: Stopping ProtocolHandler ["http-apr-9092"]
10월 23, 2023 4:43:03 오후 org.apache.coyote.AbstractProtocol stop
정보: Stopping ProtocolHandler ["http-bio-8443"]
10월 23, 2023 4:43:03 오후 org.apache.coyote.AbstractProtocol stop
정보: Stopping ProtocolHandler ["ajp-apr-9100"]
